[INFO] Scanning for projects...
[WARNING] 
[WARNING] Some problems were encountered while building the effective model for com.google.code.gson:gson:jar:2.8.3-SNAPSHOT
[WARNING] 'build.plugins.plugin.version' for org.apache.maven.plugins:maven-jar-plugin is missing. @ com.google.code.gson:gson:[unknown-version], /tmp/v1/gson/pom.xml, line 46, column 15
[WARNING] 
[WARNING] It is highly recommended to fix these problems because they threaten the stability of your build.
[WARNING] 
[WARNING] For this reason, future Maven versions might no longer support building such malformed projects.
[WARNING] 
[INFO] 
[INFO] ---------------------< com.google.code.gson:gson >----------------------
[INFO] Building Gson 2.8.3-SNAPSHOT
[INFO] --------------------------------[ jar ]---------------------------------
[INFO] 
[INFO] --- maven-clean-plugin:2.5:clean (default-clean) @ gson ---
[INFO] Deleting /tmp/v1/gson/target
[INFO] 
[INFO] --- maven-enforcer-plugin:1.0:enforce (enforce-maven) @ gson ---
[INFO] 
[INFO] --- maven-resources-plugin:2.6:resources (default-resources) @ gson ---
[INFO] Using 'UTF-8' encoding to copy filtered resources.
[INFO] skip non existing resourceDirectory /tmp/v1/gson/src/main/resources
[INFO] 
[INFO] --- maven-compiler-plugin:3.7.0:compile (default-compile) @ gson ---
[INFO] Changes detected - recompiling the module!
[INFO] Compiling 67 source files to /tmp/v1/gson/target/classes
[INFO] 
[INFO] --- bnd-maven-plugin:3.1.0:bnd-process (default) @ gson ---
[WARNING] Export com.google.gson,  has 1,  private references [com.google.gson.internal], 
[INFO] 
[INFO] --- maven-resources-plugin:2.6:testResources (default-testResources) @ gson ---
[INFO] Using 'UTF-8' encoding to copy filtered resources.
[INFO] skip non existing resourceDirectory /tmp/v1/gson/src/test/resources
[INFO] 
[INFO] --- maven-compiler-plugin:3.7.0:testCompile (default-testCompile) @ gson ---
[INFO] Changes detected - recompiling the module!
[INFO] Compiling 97 source files to /tmp/v1/gson/target/test-classes
[INFO] /tmp/v1/gson/src/test/java/com/google/gson/common/MoreAsserts.java: Some input files use or override a deprecated API.
[INFO] /tmp/v1/gson/src/test/java/com/google/gson/common/MoreAsserts.java: Recompile with -Xlint:deprecation for details.
[INFO] 
[INFO] --- maven-surefire-plugin:2.12.4:test (default-test) @ gson ---
[INFO] Tests are skipped.
[INFO] 
[INFO] --- diff-jjoules:0.0.1-SNAPSHOT:instrument (default-cli) @ gson ---
[INFO] Running on:
[INFO] /tmp/v1/gson
[INFO] /tmp/v2/gson/
[INFO] Enable JUnit4 mode
[INFO] Configuration{pathToFirstVersion='/tmp/v1/gson', pathToSecondVersion='/tmp/v2/gson/', pathToTestListAsCSV='/tmp/v1/gson/testsThatExecuteTheChange.csv', classpath=[/home/spino/.m2/repository/junit/junit/4.12/junit-4.12.jar, /home/spino/.m2/repository/org/hamcrest/hamcrest-core/1.3/hamcrest-core-1.3.jar], junit4=true}
[INFO] com.google.gson.DefaultDateTypeAdapterTest:[testDatePattern, testParsingDatesFormattedWithUsLocale, testNullValue, testFormattingInFr, testUnexpectedToken, testFormattingInEnUs, testDateDeserializationISO8601, testInvalidDatePattern, testDateSerialization]
com.google.gson.functional.DefaultTypeAdaptersTest:[testTimestampSerialization, testDateSerializationInCollection, testNullSerialization, testDefaultDateDeserializationUsingBuilder, testDateSerializationWithPattern, testSqlDateSerialization, testDefaultJavaSqlTimestampDeserialization, testDateSerializationWithPatternNotOverridenByTypeAdapter, testDefaultDateDeserialization, testDateDeserializationWithPattern]
[INFO] Instrument version before commit...
[INFO] Run on /tmp/v1/gson
[INFO] Running in NOCLASSPATH mode (doc: http://spoon.gforge.inria.fr/launcher.html).
[INFO] fr.davidson.diff.jjoules.instrumentation.process.junit4.JJoulesProcessor
Processing com.google.gson.functional.DefaultTypeAdaptersTest#testNullSerialization
Processing com.google.gson.functional.DefaultTypeAdaptersTest#testDefaultDateDeserialization
Processing com.google.gson.functional.DefaultTypeAdaptersTest#testDefaultJavaSqlTimestampDeserialization
Processing com.google.gson.functional.DefaultTypeAdaptersTest#testDefaultDateDeserializationUsingBuilder
Processing com.google.gson.functional.DefaultTypeAdaptersTest#testDateSerializationWithPattern
Processing com.google.gson.functional.DefaultTypeAdaptersTest#testDateDeserializationWithPattern
Processing com.google.gson.functional.DefaultTypeAdaptersTest#testDateSerializationWithPatternNotOverridenByTypeAdapter
Processing com.google.gson.functional.DefaultTypeAdaptersTest#testDateSerializationInCollection
Processing com.google.gson.functional.DefaultTypeAdaptersTest#testTimestampSerialization
Processing com.google.gson.functional.DefaultTypeAdaptersTest#testSqlDateSerialization
Processing com.google.gson.DefaultDateTypeAdapterTest#testFormattingInEnUs
Processing com.google.gson.DefaultDateTypeAdapterTest#testFormattingInFr
Processing com.google.gson.DefaultDateTypeAdapterTest#testParsingDatesFormattedWithUsLocale
Processing com.google.gson.DefaultDateTypeAdapterTest#testDateDeserializationISO8601
Processing com.google.gson.DefaultDateTypeAdapterTest#testDateSerialization
Processing com.google.gson.DefaultDateTypeAdapterTest#testDatePattern
Processing com.google.gson.DefaultDateTypeAdapterTest#testInvalidDatePattern
Processing com.google.gson.DefaultDateTypeAdapterTest#testNullValue
Processing com.google.gson.DefaultDateTypeAdapterTest#testUnexpectedToken
[INFO] Printing com.google.gson.functional.DefaultTypeAdaptersTest to /tmp/v1/gson/src/test/java//com/google/gson/functional/DefaultTypeAdaptersTest.java
[INFO] Printing com.google.gson.DefaultDateTypeAdapterTest to /tmp/v1/gson/src/test/java//com/google/gson/DefaultDateTypeAdapterTest.java
[INFO] Injecting JUnit-Jjoules in /tmp/v1/gson/pom.xml
[INFO] Output new POM file in /tmp/v1/gson/pom.xml
[INFO] Instrument version after commit...
[INFO] Run on /tmp/v2/gson/
[INFO] Running in NOCLASSPATH mode (doc: http://spoon.gforge.inria.fr/launcher.html).
[INFO] fr.davidson.diff.jjoules.instrumentation.process.junit4.JJoulesProcessor
Processing com.google.gson.functional.DefaultTypeAdaptersTest#testNullSerialization
Processing com.google.gson.functional.DefaultTypeAdaptersTest#testDefaultDateDeserialization
Processing com.google.gson.functional.DefaultTypeAdaptersTest#testDefaultJavaSqlTimestampDeserialization
Processing com.google.gson.functional.DefaultTypeAdaptersTest#testDefaultDateDeserializationUsingBuilder
Processing com.google.gson.functional.DefaultTypeAdaptersTest#testDateSerializationWithPattern
Processing com.google.gson.functional.DefaultTypeAdaptersTest#testDateDeserializationWithPattern
Processing com.google.gson.functional.DefaultTypeAdaptersTest#testDateSerializationWithPatternNotOverridenByTypeAdapter
Processing com.google.gson.functional.DefaultTypeAdaptersTest#testDateSerializationInCollection
Processing com.google.gson.functional.DefaultTypeAdaptersTest#testTimestampSerialization
Processing com.google.gson.functional.DefaultTypeAdaptersTest#testSqlDateSerialization
Processing com.google.gson.DefaultDateTypeAdapterTest#testFormattingInEnUs
Processing com.google.gson.DefaultDateTypeAdapterTest#testFormattingInFr
Processing com.google.gson.DefaultDateTypeAdapterTest#testParsingDatesFormattedWithUsLocale
Processing com.google.gson.DefaultDateTypeAdapterTest#testDateDeserializationISO8601
Processing com.google.gson.DefaultDateTypeAdapterTest#testDateSerialization
Processing com.google.gson.DefaultDateTypeAdapterTest#testDatePattern
Processing com.google.gson.DefaultDateTypeAdapterTest#testInvalidDatePattern
Processing com.google.gson.DefaultDateTypeAdapterTest#testNullValue
Processing com.google.gson.DefaultDateTypeAdapterTest#testUnexpectedToken
[INFO] Printing com.google.gson.functional.DefaultTypeAdaptersTest to /tmp/v2/gson//src/test/java//com/google/gson/functional/DefaultTypeAdaptersTest.java
[INFO] Printing com.google.gson.functional.DefaultTypeAdaptersTest to /tmp/v2/gson//src/test/java//com/google/gson/functional/DefaultTypeAdaptersTest.java
[INFO] Printing com.google.gson.DefaultDateTypeAdapterTest to /tmp/v2/gson//src/test/java//com/google/gson/DefaultDateTypeAdapterTest.java
[INFO] Printing com.google.gson.DefaultDateTypeAdapterTest to /tmp/v2/gson//src/test/java//com/google/gson/DefaultDateTypeAdapterTest.java
[INFO] Injecting JUnit-Jjoules in /tmp/v2/gson//pom.xml
[INFO] Output new POM file in /tmp/v2/gson//pom.xml
[INFO] ------------------------------------------------------------------------
[INFO] BUILD SUCCESS
[INFO] ------------------------------------------------------------------------
[INFO] Total time:  30.345 s
[INFO] Finished at: 2021-04-19T23:35:20+02:00
[INFO] ------------------------------------------------------------------------
