[INFO] Scanning for projects...
[INFO] 
[INFO] -----------------------< commons-io:commons-io >------------------------
[INFO] Building Apache Commons IO 2.5-SNAPSHOT
[INFO] --------------------------------[ jar ]---------------------------------
[INFO] 
[INFO] --- maven-clean-plugin:2.6.1:clean (default-clean) @ commons-io ---
[INFO] Deleting /tmp/v1/target
[INFO] 
[INFO] --- maven-enforcer-plugin:1.3.1:enforce (enforce-maven-3) @ commons-io ---
[INFO] 
[INFO] --- build-helper-maven-plugin:1.8:parse-version (parse-version) @ commons-io ---
[INFO] 
[INFO] --- maven-antrun-plugin:1.7:run (javadoc.resources) @ commons-io ---
[INFO] Executing tasks

main:
     [copy] Copying 2 files to /tmp/v1/target/apidocs/META-INF
[INFO] Executed tasks
[INFO] 
[INFO] --- maven-remote-resources-plugin:1.5:process (default) @ commons-io ---
[INFO] 
[INFO] --- buildnumber-maven-plugin:1.3:create (default) @ commons-io ---
[INFO] Executing: /bin/sh -c cd /tmp/v1 && svn --non-interactive info
[INFO] Working directory: /tmp/v1
[INFO] Storing buildNumber: ?????? at timestamp: 1610542373468
[INFO] Executing: /bin/sh -c cd /tmp/v1 && svn --non-interactive info
[INFO] Working directory: /tmp/v1
[INFO] Storing buildScmBranch: UNKNOWN_BRANCH
[INFO] 
[INFO] --- maven-resources-plugin:2.7:resources (default-resources) @ commons-io ---
[INFO] Using 'iso-8859-1' encoding to copy filtered resources.
[INFO] skip non existing resourceDirectory /tmp/v1/src/main/resources
[INFO] Copying 2 resources to META-INF
[INFO] 
[INFO] --- maven-compiler-plugin:3.2:compile (default-compile) @ commons-io ---
[INFO] Changes detected - recompiling the module!
[INFO] Compiling 110 source files to /tmp/v1/target/classes
[INFO] /tmp/v1/src/main/java/org/apache/commons/io/input/ClassLoaderObjectInputStream.java: Some input files use or override a deprecated API.
[INFO] /tmp/v1/src/main/java/org/apache/commons/io/input/ClassLoaderObjectInputStream.java: Recompile with -Xlint:deprecation for details.
[INFO] 
[INFO] --- maven-bundle-plugin:2.5.3:manifest (bundle-manifest) @ commons-io ---
[INFO] 
[INFO] --- animal-sniffer-maven-plugin:1.13:check (checkAPIcompatibility) @ commons-io ---
[INFO] Signature checking is skipped.
[INFO] 
[INFO] --- maven-resources-plugin:2.7:testResources (default-testResources) @ commons-io ---
[INFO] Using 'iso-8859-1' encoding to copy filtered resources.
[INFO] Copying 15 resources
[INFO] Copying 2 resources to META-INF
[INFO] 
[INFO] --- maven-compiler-plugin:3.2:testCompile (default-testCompile) @ commons-io ---
[INFO] Changes detected - recompiling the module!
[INFO] Compiling 101 source files to /tmp/v1/target/test-classes
[INFO] 
[INFO] --- maven-surefire-plugin:2.18:test (default-test) @ commons-io ---
[INFO] Tests are skipped.
[INFO] 
[INFO] --- maven-dependency-plugin:2.8:build-classpath (default-cli) @ commons-io ---
[INFO] Skipped writing classpath file '/tmp/v1/classpath'.  No changes found.
[INFO] 
[INFO] --- diff-jjoules:0.0.1-SNAPSHOT:instrument (default-cli) @ commons-io ---
[INFO] Running on:
[INFO] /tmp/v1
[INFO] /tmp/v2/
[INFO] Enable JUnit4 mode
[INFO] Configuration{pathToFirstVersion='/tmp/v1', pathToSecondVersion='/tmp/v2/', pathToTestListAsCSV='/tmp/v1/testsThatExecuteTheChange.csv', classpath=[/home/spino/.m2/repository/junit/junit/4.12/junit-4.12.jar, /home/spino/.m2/repository/org/hamcrest/hamcrest-core/1.3/hamcrest-core-1.3.jar], junit4=true}
[INFO] org.apache.commons.io.input.ReversedLinesFileReaderTestSimple:[testUnsupportedEncodingBig5, testUnsupportedEncodingUTF16]
org.apache.commons.io.input.ReversedLinesFileReaderTestParamBlockSize:[testUTF16LEFile, testUnsupportedEncodingBig5, testUTF16BEFile, testShiftJISFile, testUnsupportedEncodingUTF16]
org.apache.commons.io.input.ReversedLinesFileReaderTestParamFile:[testDataIntegrityWithBufferedReader]
[INFO] Instrument version before commit...
[INFO] Run on /tmp/v1
[INFO] Running in NOCLASSPATH mode (doc: http://spoon.gforge.inria.fr/launcher.html).
[INFO] fr.davidson.diff.jjoules.process.junit4.JJoulesProcessor
Processing org.apache.commons.io.input.ReversedLinesFileReaderTestParamBlockSize#testUTF16BEFile
Processing org.apache.commons.io.input.ReversedLinesFileReaderTestParamBlockSize#testUTF16LEFile
Processing org.apache.commons.io.input.ReversedLinesFileReaderTestParamBlockSize#testShiftJISFile
Processing org.apache.commons.io.input.ReversedLinesFileReaderTestParamBlockSize#testUnsupportedEncodingUTF16
Processing org.apache.commons.io.input.ReversedLinesFileReaderTestParamBlockSize#testUnsupportedEncodingBig5
Processing org.apache.commons.io.input.ReversedLinesFileReaderTestParamFile#testDataIntegrityWithBufferedReader
Processing org.apache.commons.io.input.ReversedLinesFileReaderTestSimple#testUnsupportedEncodingUTF16
Processing org.apache.commons.io.input.ReversedLinesFileReaderTestSimple#testUnsupportedEncodingBig5
[INFO] Printing org.apache.commons.io.input.ReversedLinesFileReaderTestParamFile to /tmp/v1/src/test/java//org/apache/commons/io/input/ReversedLinesFileReaderTestParamFile.java
[INFO] Printing org.apache.commons.io.input.ReversedLinesFileReaderTestParamBlockSize to /tmp/v1/src/test/java//org/apache/commons/io/input/ReversedLinesFileReaderTestParamBlockSize.java
[INFO] Printing org.apache.commons.io.input.ReversedLinesFileReaderTestSimple to /tmp/v1/src/test/java//org/apache/commons/io/input/ReversedLinesFileReaderTestSimple.java
[INFO] Injecting JUnit-Jjoules in /tmp/v1/pom.xml
[INFO] Output new POM file in /tmp/v1/pom.xml
[INFO] Instrument version after commit...
[INFO] Run on /tmp/v2/
[INFO] Running in NOCLASSPATH mode (doc: http://spoon.gforge.inria.fr/launcher.html).
[INFO] fr.davidson.diff.jjoules.process.junit4.JJoulesProcessor
Processing org.apache.commons.io.input.ReversedLinesFileReaderTestParamBlockSize#testUTF16BEFile
Processing org.apache.commons.io.input.ReversedLinesFileReaderTestParamBlockSize#testUTF16LEFile
Processing org.apache.commons.io.input.ReversedLinesFileReaderTestParamBlockSize#testShiftJISFile
Processing org.apache.commons.io.input.ReversedLinesFileReaderTestParamBlockSize#testUnsupportedEncodingUTF16
Processing org.apache.commons.io.input.ReversedLinesFileReaderTestParamBlockSize#testUnsupportedEncodingBig5
Processing org.apache.commons.io.input.ReversedLinesFileReaderTestParamFile#testDataIntegrityWithBufferedReader
Processing org.apache.commons.io.input.ReversedLinesFileReaderTestSimple#testUnsupportedEncodingUTF16
Processing org.apache.commons.io.input.ReversedLinesFileReaderTestSimple#testUnsupportedEncodingBig5
[INFO] Printing org.apache.commons.io.input.ReversedLinesFileReaderTestParamFile to /tmp/v2//src/test/java//org/apache/commons/io/input/ReversedLinesFileReaderTestParamFile.java
[INFO] Printing org.apache.commons.io.input.ReversedLinesFileReaderTestParamFile to /tmp/v2//src/test/java//org/apache/commons/io/input/ReversedLinesFileReaderTestParamFile.java
[INFO] Printing org.apache.commons.io.input.ReversedLinesFileReaderTestParamBlockSize to /tmp/v2//src/test/java//org/apache/commons/io/input/ReversedLinesFileReaderTestParamBlockSize.java
[INFO] Printing org.apache.commons.io.input.ReversedLinesFileReaderTestParamBlockSize to /tmp/v2//src/test/java//org/apache/commons/io/input/ReversedLinesFileReaderTestParamBlockSize.java
[INFO] Printing org.apache.commons.io.input.ReversedLinesFileReaderTestSimple to /tmp/v2//src/test/java//org/apache/commons/io/input/ReversedLinesFileReaderTestSimple.java
[INFO] Printing org.apache.commons.io.input.ReversedLinesFileReaderTestSimple to /tmp/v2//src/test/java//org/apache/commons/io/input/ReversedLinesFileReaderTestSimple.java
[INFO] Injecting JUnit-Jjoules in /tmp/v2//pom.xml
[INFO] Output new POM file in /tmp/v2//pom.xml
[INFO] ------------------------------------------------------------------------
[INFO] BUILD SUCCESS
[INFO] ------------------------------------------------------------------------
[INFO] Total time:  12.715 s
[INFO] Finished at: 2021-01-13T13:53:04+01:00
[INFO] ------------------------------------------------------------------------
