[INFO] Scanning for projects...
[INFO] 
[INFO] ---------------------< com.google.code.gson:gson >----------------------
[INFO] Building Gson 1.8-SNAPSHOT
[INFO] --------------------------------[ jar ]---------------------------------
[INFO] 
[INFO] --- maven-dependency-plugin:2.8:build-classpath (default-cli) @ gson ---
[INFO] Wrote classpath file '/tmp/v1/gson/classpath'.
[INFO] 
[INFO] --- diff-jjoules:0.0.1-SNAPSHOT:class-instrument (default-cli) @ gson ---
[INFO] Running on:
[INFO] /tmp/v1/gson
[INFO] /tmp/v2/gson/
[INFO] Enable JUnit4 mode
[INFO] Configuration{pathToFirstVersion='/tmp/v1/gson', pathToSecondVersion='/tmp/v2/gson/', pathToTestListAsCSV='/tmp/v1/gson/testsThatExecuteTheChange.csv', nbDuplication=-1, shouldRandomize=false, timeOfExecutionToReachInMs=8000, numberOfMethodToProcess=15}
[INFO] Instrument version before commit...
[INFO] Run on /tmp/v1/gson
[INFO] Running in NOCLASSPATH mode (doc: http://spoon.gforge.inria.fr/launcher.html).
[INFO] fr.davidson.diff.jjoules.class_instrumentation.process.JJoulesProcessor
[INFO] Processing com.google.gson.functional.CircularReferenceTest#testCircularSerialization
[INFO] Printing com.google.gson.functional.CircularReferenceTest_testCircularSerialization to /tmp/v1/gson/src/test/java//com/google/gson/functional/CircularReferenceTest_testCircularSerialization.java
[INFO] Printed com.google.gson.functional.CircularReferenceTest#testCircularSerialization with 470 duplication in 125 ms
[INFO] 1/15
[INFO] Processing com.google.gson.functional.CircularReferenceTest#testSelfReferenceArrayFieldSerialization
[INFO] Printing com.google.gson.functional.CircularReferenceTest_testSelfReferenceArrayFieldSerialization to /tmp/v1/gson/src/test/java//com/google/gson/functional/CircularReferenceTest_testSelfReferenceArrayFieldSerialization.java
[INFO] Printed com.google.gson.functional.CircularReferenceTest#testSelfReferenceArrayFieldSerialization with 1142 duplication in 124 ms
[INFO] 2/15
[INFO] Processing com.google.gson.functional.CircularReferenceTest#testSelfReferenceCustomHandlerSerialization
[INFO] Printing com.google.gson.functional.CircularReferenceTest_testSelfReferenceCustomHandlerSerialization to /tmp/v1/gson/src/test/java//com/google/gson/functional/CircularReferenceTest_testSelfReferenceCustomHandlerSerialization.java
[WARNING] Cannot load class: 1 with class loader ClassRealm[plugin>fr.davidson:diff-jjoules:0.0.1-SNAPSHOT, parent: sun.misc.Launcher$AppClassLoader@1b6d3586]
[INFO] Printed com.google.gson.functional.CircularReferenceTest#testSelfReferenceCustomHandlerSerialization with 275 duplication in 136 ms
[INFO] 3/15
[INFO] Processing com.google.gson.functional.ConcurrencyTest#testMultiThreadSerialization
[INFO] Printing com.google.gson.functional.ConcurrencyTest_testMultiThreadSerialization to /tmp/v1/gson/src/test/java//com/google/gson/functional/ConcurrencyTest_testMultiThreadSerialization.java
[WARNING] Cannot load class: 1 with class loader ClassRealm[plugin>fr.davidson:diff-jjoules:0.0.1-SNAPSHOT, parent: sun.misc.Launcher$AppClassLoader@1b6d3586]
[INFO] Printed com.google.gson.functional.ConcurrencyTest#testMultiThreadSerialization with 258 duplication in 115 ms
[INFO] 4/15
[INFO] Processing com.google.gson.functional.EnumTest#testEnumSubclass
[INFO] Printing com.google.gson.functional.EnumTest_testEnumSubclass to /tmp/v1/gson/src/test/java//com/google/gson/functional/EnumTest_testEnumSubclass.java
[WARNING] Cannot load class: 3 with class loader ClassRealm[plugin>fr.davidson:diff-jjoules:0.0.1-SNAPSHOT, parent: sun.misc.Launcher$AppClassLoader@1b6d3586]
[INFO] Printed com.google.gson.functional.EnumTest#testEnumSubclass with 571 duplication in 131 ms
[INFO] 5/15
[INFO] Processing com.google.gson.functional.InterfaceTest#testSerializingInterfaceObjectField
[INFO] Printing com.google.gson.functional.InterfaceTest_testSerializingInterfaceObjectField to /tmp/v1/gson/src/test/java//com/google/gson/functional/InterfaceTest_testSerializingInterfaceObjectField.java
[INFO] Printed com.google.gson.functional.InterfaceTest#testSerializingInterfaceObjectField with 1000 duplication in 43 ms
[INFO] 6/15
[INFO] Processing com.google.gson.functional.MapAsArrayTypeAdapterTest#testSerializeComplexMapWithTypeAdapter
[INFO] Printing com.google.gson.functional.MapAsArrayTypeAdapterTest_testSerializeComplexMapWithTypeAdapter to /tmp/v1/gson/src/test/java//com/google/gson/functional/MapAsArrayTypeAdapterTest_testSerializeComplexMapWithTypeAdapter.java
[WARNING] Cannot load class: 1 with class loader ClassRealm[plugin>fr.davidson:diff-jjoules:0.0.1-SNAPSHOT, parent: sun.misc.Launcher$AppClassLoader@1b6d3586]
[WARNING] Cannot load class: 2 with class loader ClassRealm[plugin>fr.davidson:diff-jjoules:0.0.1-SNAPSHOT, parent: sun.misc.Launcher$AppClassLoader@1b6d3586]
[WARNING] Cannot load class: 3 with class loader ClassRealm[plugin>fr.davidson:diff-jjoules:0.0.1-SNAPSHOT, parent: sun.misc.Launcher$AppClassLoader@1b6d3586]
[INFO] Printed com.google.gson.functional.MapAsArrayTypeAdapterTest#testSerializeComplexMapWithTypeAdapter with 1142 duplication in 124 ms
[INFO] 7/15
[INFO] Processing com.google.gson.functional.ObjectTest#testArrayOfObjectsAsFields
[INFO] Printing com.google.gson.functional.ObjectTest_testArrayOfObjectsAsFields to /tmp/v1/gson/src/test/java//com/google/gson/functional/ObjectTest_testArrayOfObjectsAsFields.java
[INFO] Printed com.google.gson.functional.ObjectTest#testArrayOfObjectsAsFields with 800 duplication in 172 ms
[INFO] 8/15
[INFO] Processing com.google.gson.functional.ObjectTest#testSingletonLists
[INFO] Printing com.google.gson.functional.ObjectTest_testSingletonLists to /tmp/v1/gson/src/test/java//com/google/gson/functional/ObjectTest_testSingletonLists.java
[INFO] Printed com.google.gson.functional.ObjectTest#testSingletonLists with 533 duplication in 127 ms
[INFO] 9/15
[INFO] Processing com.google.gson.functional.ParameterizedTypesTest#testTypesWithMultipleParametersSerialization
[INFO] Printing com.google.gson.functional.ParameterizedTypesTest_testTypesWithMultipleParametersSerialization to /tmp/v1/gson/src/test/java//com/google/gson/functional/ParameterizedTypesTest_testTypesWithMultipleParametersSerialization.java
[WARNING] Cannot load class: 3 with class loader ClassRealm[plugin>fr.davidson:diff-jjoules:0.0.1-SNAPSHOT, parent: sun.misc.Launcher$AppClassLoader@1b6d3586]
[INFO] Printed com.google.gson.functional.ParameterizedTypesTest#testTypesWithMultipleParametersSerialization with 571 duplication in 229 ms
[INFO] 10/15
[INFO] Processing com.google.gson.functional.ParameterizedTypesTest#testVariableTypeFieldsAndGenericArraysDeserialization
[INFO] Printing com.google.gson.functional.ParameterizedTypesTest_testVariableTypeFieldsAndGenericArraysDeserialization to /tmp/v1/gson/src/test/java//com/google/gson/functional/ParameterizedTypesTest_testVariableTypeFieldsAndGenericArraysDeserialization.java
[WARNING] Cannot load class: 12 with class loader ClassRealm[plugin>fr.davidson:diff-jjoules:0.0.1-SNAPSHOT, parent: sun.misc.Launcher$AppClassLoader@1b6d3586]
[INFO] Printed com.google.gson.functional.ParameterizedTypesTest#testVariableTypeFieldsAndGenericArraysDeserialization with 800 duplication in 181 ms
[INFO] 11/15
[INFO] Processing com.google.gson.functional.SecurityTest#testNonExecutableJsonSerialization
[INFO] Printing com.google.gson.functional.SecurityTest_testNonExecutableJsonSerialization to /tmp/v1/gson/src/test/java//com/google/gson/functional/SecurityTest_testNonExecutableJsonSerialization.java
[INFO] Printed com.google.gson.functional.SecurityTest#testNonExecutableJsonSerialization with 1142 duplication in 24 ms
[INFO] 12/15
[INFO] Processing com.google.gson.functional.VersioningTest#testVersionedUntilSerialization
[INFO] Printing com.google.gson.functional.VersioningTest_testVersionedUntilSerialization to /tmp/v1/gson/src/test/java//com/google/gson/functional/VersioningTest_testVersionedUntilSerialization.java
[INFO] Printed com.google.gson.functional.VersioningTest#testVersionedUntilSerialization with 1000 duplication in 46 ms
[INFO] 13/15
[INFO] Processing com.google.gson.DefaultInetAddressTypeAdapterTest#testInetAddressSerializationAndDeserialization
[INFO] Printing com.google.gson.DefaultInetAddressTypeAdapterTest_testInetAddressSerializationAndDeserialization to /tmp/v1/gson/src/test/java//com/google/gson/DefaultInetAddressTypeAdapterTest_testInetAddressSerializationAndDeserialization.java
[INFO] Printed com.google.gson.DefaultInetAddressTypeAdapterTest#testInetAddressSerializationAndDeserialization with 533 duplication in 19 ms
[INFO] 14/15
[INFO] Processing com.google.gson.MixedStreamTest#testWriteMixedStreamed
[INFO] Printing com.google.gson.MixedStreamTest_testWriteMixedStreamed to /tmp/v1/gson/src/test/java//com/google/gson/MixedStreamTest_testWriteMixedStreamed.java
[INFO] Printed com.google.gson.MixedStreamTest#testWriteMixedStreamed with 727 duplication in 62 ms
[INFO] 15/15
[INFO] Processing Done...
[INFO] Injecting JUnit-Jjoules in /tmp/v1/gson/pom.xml
[INFO] Output new POM file in /tmp/v1/gson/pom.xml
[INFO] Instrument version after commit...
[INFO] Run on /tmp/v2/gson/
[INFO] Running in NOCLASSPATH mode (doc: http://spoon.gforge.inria.fr/launcher.html).
[INFO] fr.davidson.diff.jjoules.class_instrumentation.process.JJoulesProcessor
[INFO] Processing com.google.gson.functional.CircularReferenceTest#testCircularSerialization
[INFO] Printing com.google.gson.functional.CircularReferenceTest_testCircularSerialization to /tmp/v2/gson//src/test/java//com/google/gson/functional/CircularReferenceTest_testCircularSerialization.java
[INFO] Printed com.google.gson.functional.CircularReferenceTest#testCircularSerialization with 470 duplication in 31 ms
[INFO] 1/15
[INFO] Processing com.google.gson.functional.CircularReferenceTest#testSelfReferenceArrayFieldSerialization
[INFO] Printing com.google.gson.functional.CircularReferenceTest_testSelfReferenceArrayFieldSerialization to /tmp/v2/gson//src/test/java//com/google/gson/functional/CircularReferenceTest_testSelfReferenceArrayFieldSerialization.java
[INFO] Printed com.google.gson.functional.CircularReferenceTest#testSelfReferenceArrayFieldSerialization with 1142 duplication in 44 ms
[INFO] 2/15
[INFO] Processing com.google.gson.functional.CircularReferenceTest#testSelfReferenceCustomHandlerSerialization
[INFO] Printing com.google.gson.functional.CircularReferenceTest_testSelfReferenceCustomHandlerSerialization to /tmp/v2/gson//src/test/java//com/google/gson/functional/CircularReferenceTest_testSelfReferenceCustomHandlerSerialization.java
[WARNING] Cannot load class: 1 with class loader ClassRealm[plugin>fr.davidson:diff-jjoules:0.0.1-SNAPSHOT, parent: sun.misc.Launcher$AppClassLoader@1b6d3586]
[INFO] Printed com.google.gson.functional.CircularReferenceTest#testSelfReferenceCustomHandlerSerialization with 275 duplication in 50 ms
[INFO] 3/15
[INFO] Processing com.google.gson.functional.ConcurrencyTest#testMultiThreadSerialization
[INFO] Printing com.google.gson.functional.ConcurrencyTest_testMultiThreadSerialization to /tmp/v2/gson//src/test/java//com/google/gson/functional/ConcurrencyTest_testMultiThreadSerialization.java
[WARNING] Cannot load class: 1 with class loader ClassRealm[plugin>fr.davidson:diff-jjoules:0.0.1-SNAPSHOT, parent: sun.misc.Launcher$AppClassLoader@1b6d3586]
[INFO] Printed com.google.gson.functional.ConcurrencyTest#testMultiThreadSerialization with 258 duplication in 29 ms
[INFO] 4/15
[INFO] Processing com.google.gson.functional.EnumTest#testEnumSubclass
[INFO] Printing com.google.gson.functional.EnumTest_testEnumSubclass to /tmp/v2/gson//src/test/java//com/google/gson/functional/EnumTest_testEnumSubclass.java
[WARNING] Cannot load class: 3 with class loader ClassRealm[plugin>fr.davidson:diff-jjoules:0.0.1-SNAPSHOT, parent: sun.misc.Launcher$AppClassLoader@1b6d3586]
[INFO] Printed com.google.gson.functional.EnumTest#testEnumSubclass with 571 duplication in 79 ms
[INFO] 5/15
[INFO] Processing com.google.gson.functional.InterfaceTest#testSerializingInterfaceObjectField
[INFO] Printing com.google.gson.functional.InterfaceTest_testSerializingInterfaceObjectField to /tmp/v2/gson//src/test/java//com/google/gson/functional/InterfaceTest_testSerializingInterfaceObjectField.java
[INFO] Printed com.google.gson.functional.InterfaceTest#testSerializingInterfaceObjectField with 1000 duplication in 37 ms
[INFO] 6/15
[INFO] Processing com.google.gson.functional.MapAsArrayTypeAdapterTest#testSerializeComplexMapWithTypeAdapter
[INFO] Printing com.google.gson.functional.MapAsArrayTypeAdapterTest_testSerializeComplexMapWithTypeAdapter to /tmp/v2/gson//src/test/java//com/google/gson/functional/MapAsArrayTypeAdapterTest_testSerializeComplexMapWithTypeAdapter.java
[WARNING] Cannot load class: 1 with class loader ClassRealm[plugin>fr.davidson:diff-jjoules:0.0.1-SNAPSHOT, parent: sun.misc.Launcher$AppClassLoader@1b6d3586]
[WARNING] Cannot load class: 2 with class loader ClassRealm[plugin>fr.davidson:diff-jjoules:0.0.1-SNAPSHOT, parent: sun.misc.Launcher$AppClassLoader@1b6d3586]
[WARNING] Cannot load class: 3 with class loader ClassRealm[plugin>fr.davidson:diff-jjoules:0.0.1-SNAPSHOT, parent: sun.misc.Launcher$AppClassLoader@1b6d3586]
[INFO] Printed com.google.gson.functional.MapAsArrayTypeAdapterTest#testSerializeComplexMapWithTypeAdapter with 1142 duplication in 116 ms
[INFO] 7/15
[INFO] Processing com.google.gson.functional.ObjectTest#testArrayOfObjectsAsFields
[INFO] Printing com.google.gson.functional.ObjectTest_testArrayOfObjectsAsFields to /tmp/v2/gson//src/test/java//com/google/gson/functional/ObjectTest_testArrayOfObjectsAsFields.java
[INFO] Printed com.google.gson.functional.ObjectTest#testArrayOfObjectsAsFields with 800 duplication in 137 ms
[INFO] 8/15
[INFO] Processing com.google.gson.functional.ObjectTest#testSingletonLists
[INFO] Printing com.google.gson.functional.ObjectTest_testSingletonLists to /tmp/v2/gson//src/test/java//com/google/gson/functional/ObjectTest_testSingletonLists.java
[INFO] Printed com.google.gson.functional.ObjectTest#testSingletonLists with 533 duplication in 93 ms
[INFO] 9/15
[INFO] Processing com.google.gson.functional.ParameterizedTypesTest#testTypesWithMultipleParametersSerialization
[INFO] Printing com.google.gson.functional.ParameterizedTypesTest_testTypesWithMultipleParametersSerialization to /tmp/v2/gson//src/test/java//com/google/gson/functional/ParameterizedTypesTest_testTypesWithMultipleParametersSerialization.java
[WARNING] Cannot load class: 3 with class loader ClassRealm[plugin>fr.davidson:diff-jjoules:0.0.1-SNAPSHOT, parent: sun.misc.Launcher$AppClassLoader@1b6d3586]
[INFO] Printed com.google.gson.functional.ParameterizedTypesTest#testTypesWithMultipleParametersSerialization with 571 duplication in 166 ms
[INFO] 10/15
[INFO] Processing com.google.gson.functional.ParameterizedTypesTest#testVariableTypeFieldsAndGenericArraysDeserialization
[INFO] Printing com.google.gson.functional.ParameterizedTypesTest_testVariableTypeFieldsAndGenericArraysDeserialization to /tmp/v2/gson//src/test/java//com/google/gson/functional/ParameterizedTypesTest_testVariableTypeFieldsAndGenericArraysDeserialization.java
[WARNING] Cannot load class: 12 with class loader ClassRealm[plugin>fr.davidson:diff-jjoules:0.0.1-SNAPSHOT, parent: sun.misc.Launcher$AppClassLoader@1b6d3586]
[INFO] Printed com.google.gson.functional.ParameterizedTypesTest#testVariableTypeFieldsAndGenericArraysDeserialization with 800 duplication in 161 ms
[INFO] 11/15
[INFO] Processing com.google.gson.functional.SecurityTest#testNonExecutableJsonSerialization
[INFO] Printing com.google.gson.functional.SecurityTest_testNonExecutableJsonSerialization to /tmp/v2/gson//src/test/java//com/google/gson/functional/SecurityTest_testNonExecutableJsonSerialization.java
[INFO] Printed com.google.gson.functional.SecurityTest#testNonExecutableJsonSerialization with 1142 duplication in 24 ms
[INFO] 12/15
[INFO] Processing com.google.gson.functional.VersioningTest#testVersionedUntilSerialization
[INFO] Printing com.google.gson.functional.VersioningTest_testVersionedUntilSerialization to /tmp/v2/gson//src/test/java//com/google/gson/functional/VersioningTest_testVersionedUntilSerialization.java
[INFO] Printed com.google.gson.functional.VersioningTest#testVersionedUntilSerialization with 1000 duplication in 41 ms
[INFO] 13/15
[INFO] Processing com.google.gson.DefaultInetAddressTypeAdapterTest#testInetAddressSerializationAndDeserialization
[INFO] Printing com.google.gson.DefaultInetAddressTypeAdapterTest_testInetAddressSerializationAndDeserialization to /tmp/v2/gson//src/test/java//com/google/gson/DefaultInetAddressTypeAdapterTest_testInetAddressSerializationAndDeserialization.java
[INFO] Printed com.google.gson.DefaultInetAddressTypeAdapterTest#testInetAddressSerializationAndDeserialization with 533 duplication in 13 ms
[INFO] 14/15
[INFO] Processing com.google.gson.MixedStreamTest#testWriteMixedStreamed
[INFO] Printing com.google.gson.MixedStreamTest_testWriteMixedStreamed to /tmp/v2/gson//src/test/java//com/google/gson/MixedStreamTest_testWriteMixedStreamed.java
[INFO] Printed com.google.gson.MixedStreamTest#testWriteMixedStreamed with 727 duplication in 43 ms
[INFO] 15/15
[INFO] Processing Done...
[INFO] Injecting JUnit-Jjoules in /tmp/v2/gson//pom.xml
[INFO] Output new POM file in /tmp/v2/gson//pom.xml
[INFO] ------------------------------------------------------------------------
[INFO] BUILD SUCCESS
[INFO] ------------------------------------------------------------------------
[INFO] Total time:  22.535 s
[INFO] Finished at: 2021-02-08T11:25:38+01:00
[INFO] ------------------------------------------------------------------------
