[INFO] Scanning for projects...
[INFO] 
[INFO] -----------------------< commons-io:commons-io >------------------------
[INFO] Building Apache Commons IO 2.7-SNAPSHOT
[INFO] --------------------------------[ jar ]---------------------------------
[INFO] 
[INFO] --- maven-clean-plugin:3.1.0:clean (default-clean) @ commons-io ---
[INFO] Deleting /tmp/v1/target
[INFO] 
[INFO] --- maven-enforcer-plugin:3.0.0-M2:enforce (enforce-maven-version) @ commons-io ---
[INFO] 
[INFO] --- maven-enforcer-plugin:3.0.0-M2:enforce (enforce-maven-3) @ commons-io ---
[INFO] 
[INFO] --- apache-rat-plugin:0.13:check (rat-check) @ commons-io ---
[INFO] RAT will not execute since it is configured to be skipped via system property 'rat.skip'.
[INFO] 
[INFO] --- build-helper-maven-plugin:3.0.0:parse-version (parse-version) @ commons-io ---
[INFO] 
[INFO] --- maven-antrun-plugin:1.8:run (javadoc.resources) @ commons-io ---
[INFO] Executing tasks

main:
     [copy] Copying 2 files to /tmp/v1/target/apidocs/META-INF
[INFO] Executed tasks
[INFO] 
[INFO] --- maven-remote-resources-plugin:1.5:process (process-resource-bundles) @ commons-io ---
[INFO] 
[INFO] --- buildnumber-maven-plugin:1.4:create (default) @ commons-io ---
[INFO] Executing: /bin/sh -c cd '/tmp/v1' && 'git' 'rev-parse' '--verify' 'HEAD'
[INFO] Working directory: /tmp/v1
[INFO] Storing buildNumber: 93a62774063f2ad3bab43920445abf088cbd1ad1 at timestamp: 1610470833093
[INFO] Storing buildScmBranch: master
[INFO] 
[INFO] --- maven-resources-plugin:3.1.0:resources (default-resources) @ commons-io ---
[INFO] Using 'iso-8859-1' encoding to copy filtered resources.
[INFO] skip non existing resourceDirectory /tmp/v1/src/main/resources
[INFO] Copying 2 resources to META-INF
[INFO] 
[INFO] --- maven-compiler-plugin:3.8.0:compile (default-compile) @ commons-io ---
[INFO] Changes detected - recompiling the module!
[INFO] Compiling 143 source files to /tmp/v1/target/classes
[INFO] /tmp/v1/src/main/java/org/apache/commons/io/input/ClassLoaderObjectInputStream.java: Some input files use or override a deprecated API.
[INFO] /tmp/v1/src/main/java/org/apache/commons/io/input/ClassLoaderObjectInputStream.java: Recompile with -Xlint:deprecation for details.
[INFO] /tmp/v1/src/main/java/org/apache/commons/io/IOExceptionList.java: /tmp/v1/src/main/java/org/apache/commons/io/IOExceptionList.java uses unchecked or unsafe operations.
[INFO] /tmp/v1/src/main/java/org/apache/commons/io/IOExceptionList.java: Recompile with -Xlint:unchecked for details.
[INFO] 
[INFO] --- maven-bundle-plugin:4.1.0:manifest (bundle-manifest) @ commons-io ---
[INFO] 
[INFO] --- animal-sniffer-maven-plugin:1.17:check (checkAPIcompatibility) @ commons-io ---
[INFO] Signature checking is skipped.
[INFO] 
[INFO] --- maven-resources-plugin:3.1.0:testResources (default-testResources) @ commons-io ---
[INFO] Using 'iso-8859-1' encoding to copy filtered resources.
[INFO] Copying 20 resources
[INFO] Copying 2 resources to META-INF
[INFO] 
[INFO] --- maven-compiler-plugin:3.8.0:testCompile (default-testCompile) @ commons-io ---
[INFO] Changes detected - recompiling the module!
[INFO] Compiling 140 source files to /tmp/v1/target/test-classes
[INFO] /tmp/v1/src/test/java/org/apache/commons/io/FileSystemUtilsTestCase.java: Some input files use or override a deprecated API.
[INFO] /tmp/v1/src/test/java/org/apache/commons/io/FileSystemUtilsTestCase.java: Recompile with -Xlint:deprecation for details.
[INFO] 
[INFO] --- jacoco-maven-plugin:0.8.4:prepare-agent (prepare-agent) @ commons-io ---
[INFO] Skipping JaCoCo execution because property jacoco.skip is set.
[INFO] argLine set to empty
[INFO] 
[INFO] --- maven-surefire-plugin:2.22.2:test (default-test) @ commons-io ---
[INFO] Tests are skipped.
[INFO] 
[INFO] --- maven-dependency-plugin:3.1.1:build-classpath (default-cli) @ commons-io ---
[INFO] Wrote classpath file '/tmp/v1/classpath'.
[INFO] 
[INFO] --- diff-jjoules:0.0.1-SNAPSHOT:instrument (default-cli) @ commons-io ---
[INFO] Running on:
[INFO] /tmp/v1
[INFO] /tmp/v2/
[INFO] Enable JUnit4 mode
[INFO] Configuration{pathToFirstVersion='/tmp/v1', pathToSecondVersion='/tmp/v2/', pathToTestListAsCSV='/tmp/v1/testsThatExecuteTheChange.csv', classpath=[/home/spino/.m2/repository/junit/junit/4.12/junit-4.12.jar, /home/spino/.m2/repository/org/hamcrest/hamcrest-core/1.3/hamcrest-core-1.3.jar, /home/spino/.m2/repository/org/mockito/mockito-core/3.0.0/mockito-core-3.0.0.jar, /home/spino/.m2/repository/net/bytebuddy/byte-buddy/1.9.10/byte-buddy-1.9.10.jar, /home/spino/.m2/repository/net/bytebuddy/byte-buddy-agent/1.9.10/byte-buddy-agent-1.9.10.jar, /home/spino/.m2/repository/org/objenesis/objenesis/2.6/objenesis-2.6.jar, /home/spino/.m2/repository/com/google/jimfs/jimfs/1.1/jimfs-1.1.jar, /home/spino/.m2/repository/com/google/guava/guava/18.0/guava-18.0.jar, /home/spino/.m2/repository/org/apache/commons/commons-lang3/3.9/commons-lang3-3.9.jar], junit4=true}
[INFO] org.apache.commons.io.input.XmlStreamReaderUtilitiesTest:[testCalculateHttpEncoding, testCalculateRawEncodingAdditonalUTF32, testCalculateRawEncodingStandard, testCalculateHttpEncodingUtf32, testCalculateRawEncodingStandardUtf32, testCalculateRawEncodingAdditonalUTF16, testCalculateRawEncodingNoBOM]
org.apache.commons.io.input.XmlStreamReaderTest:[testRawNoBomUtf32BE, testRawNoBomUtf16BE, testRawNoBomIso8859_1, testHttpContent, testLowerCaseEncodingWithTurkishLocale_IO_557, testRawNoBomUsAscii, testRawContent, testRawBomUtf32, testRawBomUtf16, testRawNoBomUtf32LE, testRawBomUtf8, testRawNoBomCp1047, testHttp, testRawNoBomUtf8, testRawNoBomUtf16LE, testEncodingAttributeXML]
org.apache.commons.io.input.BOMInputStreamTest:[testReadWithMultipleBOM, testReadXmlWithBOMUtf32Be, testReadXmlWithBOMUtf32Le]
[INFO] Instrument version before commit...
[INFO] Run on /tmp/v1
[INFO] Running in NOCLASSPATH mode (doc: http://spoon.gforge.inria.fr/launcher.html).
[INFO] fr.davidson.diff.jjoules.process.junit4.JJoulesProcessor
Processing org.apache.commons.io.input.BOMInputStreamTest#testReadWithMultipleBOM
Processing org.apache.commons.io.input.BOMInputStreamTest#testReadXmlWithBOMUtf32Be
Processing org.apache.commons.io.input.BOMInputStreamTest#testReadXmlWithBOMUtf32Le
Processing org.apache.commons.io.input.XmlStreamReaderTest#testRawNoBomUsAscii
Processing org.apache.commons.io.input.XmlStreamReaderTest#testRawNoBomUtf8
Processing org.apache.commons.io.input.XmlStreamReaderTest#testRawNoBomUtf16BE
Processing org.apache.commons.io.input.XmlStreamReaderTest#testRawNoBomUtf16LE
Processing org.apache.commons.io.input.XmlStreamReaderTest#testRawNoBomUtf32BE
Processing org.apache.commons.io.input.XmlStreamReaderTest#testRawNoBomUtf32LE
Processing org.apache.commons.io.input.XmlStreamReaderTest#testRawNoBomIso8859_1
Processing org.apache.commons.io.input.XmlStreamReaderTest#testRawNoBomCp1047
Processing org.apache.commons.io.input.XmlStreamReaderTest#testRawBomUtf8
Processing org.apache.commons.io.input.XmlStreamReaderTest#testRawBomUtf16
Processing org.apache.commons.io.input.XmlStreamReaderTest#testRawBomUtf32
Processing org.apache.commons.io.input.XmlStreamReaderTest#testHttp
Processing org.apache.commons.io.input.XmlStreamReaderTest#testLowerCaseEncodingWithTurkishLocale_IO_557
Processing org.apache.commons.io.input.XmlStreamReaderTest#testRawContent
Processing org.apache.commons.io.input.XmlStreamReaderTest#testHttpContent
Processing org.apache.commons.io.input.XmlStreamReaderTest#testEncodingAttributeXML
Processing org.apache.commons.io.input.XmlStreamReaderUtilitiesTest#testCalculateRawEncodingNoBOM
Processing org.apache.commons.io.input.XmlStreamReaderUtilitiesTest#testCalculateRawEncodingStandard
Processing org.apache.commons.io.input.XmlStreamReaderUtilitiesTest#testCalculateRawEncodingStandardUtf32
Processing org.apache.commons.io.input.XmlStreamReaderUtilitiesTest#testCalculateRawEncodingStandard
Processing org.apache.commons.io.input.XmlStreamReaderUtilitiesTest#testCalculateRawEncodingAdditonalUTF16
Processing org.apache.commons.io.input.XmlStreamReaderUtilitiesTest#testCalculateRawEncodingAdditonalUTF32
Processing org.apache.commons.io.input.XmlStreamReaderUtilitiesTest#testCalculateHttpEncoding
Processing org.apache.commons.io.input.XmlStreamReaderUtilitiesTest#testCalculateHttpEncodingUtf32
[INFO] Printing org.apache.commons.io.input.XmlStreamReaderUtilitiesTest to /tmp/v1/src/test/java//org/apache/commons/io/input/XmlStreamReaderUtilitiesTest.java
[INFO] Printing org.apache.commons.io.input.BOMInputStreamTest to /tmp/v1/src/test/java//org/apache/commons/io/input/BOMInputStreamTest.java
[INFO] Printing org.apache.commons.io.input.XmlStreamReaderTest to /tmp/v1/src/test/java//org/apache/commons/io/input/XmlStreamReaderTest.java
[INFO] Injecting JUnit-Jjoules in /tmp/v1/pom.xml
[INFO] Output new POM file in /tmp/v1/pom.xml
[INFO] Instrument version after commit...
[INFO] Run on /tmp/v2/
[INFO] Running in NOCLASSPATH mode (doc: http://spoon.gforge.inria.fr/launcher.html).
[INFO] fr.davidson.diff.jjoules.process.junit4.JJoulesProcessor
Processing org.apache.commons.io.input.BOMInputStreamTest#testReadWithMultipleBOM
Processing org.apache.commons.io.input.BOMInputStreamTest#testReadXmlWithBOMUtf32Be
Processing org.apache.commons.io.input.BOMInputStreamTest#testReadXmlWithBOMUtf32Le
Processing org.apache.commons.io.input.XmlStreamReaderTest#testRawNoBomUsAscii
Processing org.apache.commons.io.input.XmlStreamReaderTest#testRawNoBomUtf8
Processing org.apache.commons.io.input.XmlStreamReaderTest#testRawNoBomUtf16BE
Processing org.apache.commons.io.input.XmlStreamReaderTest#testRawNoBomUtf16LE
Processing org.apache.commons.io.input.XmlStreamReaderTest#testRawNoBomUtf32BE
Processing org.apache.commons.io.input.XmlStreamReaderTest#testRawNoBomUtf32LE
Processing org.apache.commons.io.input.XmlStreamReaderTest#testRawNoBomIso8859_1
Processing org.apache.commons.io.input.XmlStreamReaderTest#testRawNoBomCp1047
Processing org.apache.commons.io.input.XmlStreamReaderTest#testRawBomUtf8
Processing org.apache.commons.io.input.XmlStreamReaderTest#testRawBomUtf16
Processing org.apache.commons.io.input.XmlStreamReaderTest#testRawBomUtf32
Processing org.apache.commons.io.input.XmlStreamReaderTest#testHttp
Processing org.apache.commons.io.input.XmlStreamReaderTest#testLowerCaseEncodingWithTurkishLocale_IO_557
Processing org.apache.commons.io.input.XmlStreamReaderTest#testRawContent
Processing org.apache.commons.io.input.XmlStreamReaderTest#testHttpContent
Processing org.apache.commons.io.input.XmlStreamReaderTest#testEncodingAttributeXML
Processing org.apache.commons.io.input.XmlStreamReaderUtilitiesTest#testCalculateRawEncodingNoBOM
Processing org.apache.commons.io.input.XmlStreamReaderUtilitiesTest#testCalculateRawEncodingStandard
Processing org.apache.commons.io.input.XmlStreamReaderUtilitiesTest#testCalculateRawEncodingStandardUtf32
Processing org.apache.commons.io.input.XmlStreamReaderUtilitiesTest#testCalculateRawEncodingStandard
Processing org.apache.commons.io.input.XmlStreamReaderUtilitiesTest#testCalculateRawEncodingAdditonalUTF16
Processing org.apache.commons.io.input.XmlStreamReaderUtilitiesTest#testCalculateRawEncodingAdditonalUTF32
Processing org.apache.commons.io.input.XmlStreamReaderUtilitiesTest#testCalculateHttpEncoding
Processing org.apache.commons.io.input.XmlStreamReaderUtilitiesTest#testCalculateHttpEncodingUtf32
[INFO] Printing org.apache.commons.io.input.XmlStreamReaderUtilitiesTest to /tmp/v2//src/test/java//org/apache/commons/io/input/XmlStreamReaderUtilitiesTest.java
[INFO] Printing org.apache.commons.io.input.XmlStreamReaderUtilitiesTest to /tmp/v2//src/test/java//org/apache/commons/io/input/XmlStreamReaderUtilitiesTest.java
[INFO] Printing org.apache.commons.io.input.BOMInputStreamTest to /tmp/v2//src/test/java//org/apache/commons/io/input/BOMInputStreamTest.java
[INFO] Printing org.apache.commons.io.input.BOMInputStreamTest to /tmp/v2//src/test/java//org/apache/commons/io/input/BOMInputStreamTest.java
[INFO] Printing org.apache.commons.io.input.XmlStreamReaderTest to /tmp/v2//src/test/java//org/apache/commons/io/input/XmlStreamReaderTest.java
[INFO] Printing org.apache.commons.io.input.XmlStreamReaderTest to /tmp/v2//src/test/java//org/apache/commons/io/input/XmlStreamReaderTest.java
[INFO] Injecting JUnit-Jjoules in /tmp/v2//pom.xml
[INFO] Output new POM file in /tmp/v2//pom.xml
[INFO] ------------------------------------------------------------------------
[INFO] BUILD SUCCESS
[INFO] ------------------------------------------------------------------------
[INFO] Total time:  15.734 s
[INFO] Finished at: 2021-01-12T18:00:46+01:00
[INFO] ------------------------------------------------------------------------
