[INFO] Scanning for projects...
[INFO] 
[INFO] ---------------------< com.google.code.gson:gson >----------------------
[INFO] Building Gson 2.6.3-SNAPSHOT
[INFO] --------------------------------[ jar ]---------------------------------
[INFO] 
[INFO] --- maven-clean-plugin:2.5:clean (default-clean) @ gson ---
[INFO] Deleting /tmp/v1/gson/target
[INFO] 
[INFO] --- maven-enforcer-plugin:1.0:enforce (enforce-maven) @ gson ---
[INFO] 
[INFO] --- maven-resources-plugin:2.6:resources (default-resources) @ gson ---
[INFO] Using 'UTF-8' encoding to copy filtered resources.
[INFO] skip non existing resourceDirectory /tmp/v1/gson/src/main/resources
[INFO] 
[INFO] --- maven-compiler-plugin:3.0:compile (default-compile) @ gson ---
[INFO] Changes detected - recompiling the module!
[INFO] Compiling 67 source files to /tmp/v1/gson/target/classes
[WARNING] /tmp/v1/gson/src/main/java/com/google/gson/internal/ConstructorConstructor.java: /tmp/v1/gson/src/main/java/com/google/gson/internal/ConstructorConstructor.java uses or overrides a deprecated API.
[WARNING] /tmp/v1/gson/src/main/java/com/google/gson/internal/ConstructorConstructor.java: Recompile with -Xlint:deprecation for details.
[INFO] 
[INFO] --- bnd-maven-plugin:3.1.0:bnd-process (default) @ gson ---
[INFO] 
[INFO] --- maven-resources-plugin:2.6:testResources (default-testResources) @ gson ---
[INFO] Using 'UTF-8' encoding to copy filtered resources.
[INFO] skip non existing resourceDirectory /tmp/v1/gson/src/test/resources
[INFO] 
[INFO] --- maven-compiler-plugin:3.0:testCompile (default-testCompile) @ gson ---
[INFO] Changes detected - recompiling the module!
[INFO] Compiling 93 source files to /tmp/v1/gson/target/test-classes
[WARNING] /tmp/v1/gson/src/test/java/com/google/gson/functional/MapAsArrayTypeAdapterTest.java: Some input files use or override a deprecated API.
[WARNING] /tmp/v1/gson/src/test/java/com/google/gson/functional/MapAsArrayTypeAdapterTest.java: Recompile with -Xlint:deprecation for details.
[INFO] 
[INFO] --- maven-surefire-plugin:2.12.4:test (default-test) @ gson ---
[INFO] Tests are skipped.
[INFO] 
[INFO] --- maven-dependency-plugin:2.8:build-classpath (default-cli) @ gson ---
[INFO] Skipped writing classpath file '/tmp/v1/gson/classpath'.  No changes found.
[INFO] 
[INFO] --- diff-jjoules:0.0.1-SNAPSHOT:class-instrument (default-cli) @ gson ---
[INFO] Running on:
[INFO] /tmp/v1/gson
[INFO] /tmp/v2/gson/
[INFO] Enable JUnit4 mode
[INFO] Configuration{pathToFirstVersion='/tmp/v1/gson', pathToSecondVersion='/tmp/v2/gson/', pathToTestListAsCSV='/tmp/v1/gson/testsThatExecuteTheChange.csv'}
[INFO] com.google.gson.functional.CollectionTest:[testRawCollectionSerialization, testWildcardCollectionField, testCollectionOfBagOfPrimitivesSerialization]
com.google.gson.functional.ParameterizedTypesTest:[testTypesWithMultipleParametersSerialization]
com.google.gson.functional.CustomTypeAdaptersTest:[testCustomSerializerInvokedForPrimitives]
com.google.gson.functional.EscapingTest:[testGsonDoubleDeserialization, testGsonAcceptsEscapedAndNonEscapedJsonDeserialization, testEscapingObjectFields]
com.google.gson.functional.TypeVariableTest:[testBasicTypeVariables, testAdvancedTypeVariables, testTypeVariablesViaTypeParameter]
com.google.gson.functional.UncategorizedTest:[testGsonInstanceReusableForSerializationAndDeserialization, testStaticFieldsAreNotSerialized]
com.google.gson.functional.DelegateTypeAdapterTest:[testDelegateInvoked]
com.google.gson.functional.ReadersWritersTest:[testWriterForSerialization, testReadWriteTwoObjects]
com.google.gson.functional.InheritanceTest:[testSubClassSerialization]
com.google.gson.functional.PrettyPrintingTest:[testPrettyPrintArrayOfObjects, testPrettyPrintList]
com.google.gson.functional.JsonTreeTest:[testToJsonTreeObjectType, testToJsonTree, testJsonTreeToString, testJsonTreeNull]
com.google.gson.functional.ObjectTest:[testArrayOfObjectsAsFields, testBagOfPrimitivesSerialization, testBagOfPrimitiveWrappersSerialization, testNullFieldsSerialization, testArrayOfArraysSerialization, testArrayOfObjectsSerialization, testNestedSerialization]
com.google.gson.functional.ArrayTest:[testObjectArrayWithNonPrimitivesSerialization]
com.google.gson.functional.SecurityTest:[testNonExecutableJsonSerialization]
com.google.gson.functional.VersioningTest:[testVersionedGsonWithUnversionedClassesSerialization]
com.google.gson.internal.bind.JsonTreeWriterTest:[testStrictNansAndInfinities, testLenientNansAndInfinities]
com.google.gson.functional.MapTest:[testWriteMapsWithEmptyStringKey]
com.google.gson.functional.MapAsArrayTypeAdapterTest:[testSerializeComplexMapWithTypeAdapter]
com.google.gson.functional.PrimitiveTest:[testPrimitiveBooleanAutoboxedInASingleElementArraySerialization, testPrimitiveBooleanAutoboxedSerialization]
com.google.gson.functional.PrintFormattingTest:[testCompactFormattingLeavesNoWhiteSpace]
com.google.gson.JsonParserTest:[testReadWriteTwoObjects]
com.google.gson.OverrideCoreTypeAdaptersTest:[testOverrideWrapperBooleanAdapter, testOverridePrimitiveBooleanAdapter]
com.google.gson.stream.JsonWriterTest:[testDoubles, testPrettyPrintObject, testPrettyPrintArray, testTopLevelValueTypes]
com.google.gson.functional.DefaultTypeAdaptersTest:[testNullSerialization]
[INFO] Instrument version before commit...
[INFO] Run on /tmp/v1/gson
[INFO] Running in NOCLASSPATH mode (doc: http://spoon.gforge.inria.fr/launcher.html).
[INFO] fr.davidson.diff.jjoules.class_instrumentation.process.JJoulesProcessor
Processing com.google.gson.functional.ArrayTest#testObjectArrayWithNonPrimitivesSerialization
Processing com.google.gson.functional.CollectionTest#testCollectionOfBagOfPrimitivesSerialization
Processing com.google.gson.functional.CollectionTest#testRawCollectionSerialization
Processing com.google.gson.functional.CollectionTest#testWildcardCollectionField
Processing com.google.gson.functional.CustomTypeAdaptersTest#testCustomSerializerInvokedForPrimitives
Processing com.google.gson.functional.DefaultTypeAdaptersTest#testNullSerialization
Processing com.google.gson.functional.DelegateTypeAdapterTest#testDelegateInvoked
Processing com.google.gson.functional.EscapingTest#testEscapingObjectFields
Processing com.google.gson.functional.EscapingTest#testGsonAcceptsEscapedAndNonEscapedJsonDeserialization
Processing com.google.gson.functional.EscapingTest#testGsonDoubleDeserialization
Processing com.google.gson.functional.InheritanceTest#testSubClassSerialization
Processing com.google.gson.functional.JsonTreeTest#testToJsonTree
Processing com.google.gson.functional.JsonTreeTest#testToJsonTreeObjectType
Processing com.google.gson.functional.JsonTreeTest#testJsonTreeToString
Processing com.google.gson.functional.JsonTreeTest#testJsonTreeNull
Processing com.google.gson.functional.MapAsArrayTypeAdapterTest#testSerializeComplexMapWithTypeAdapter
Processing com.google.gson.functional.MapTest#testWriteMapsWithEmptyStringKey
Processing com.google.gson.functional.ObjectTest#testBagOfPrimitivesSerialization
Processing com.google.gson.functional.ObjectTest#testBagOfPrimitiveWrappersSerialization
Processing com.google.gson.functional.ObjectTest#testNestedSerialization
Processing com.google.gson.functional.ObjectTest#testNullFieldsSerialization
Processing com.google.gson.functional.ObjectTest#testArrayOfObjectsSerialization
Processing com.google.gson.functional.ObjectTest#testArrayOfArraysSerialization
Processing com.google.gson.functional.ObjectTest#testArrayOfObjectsAsFields
Processing com.google.gson.functional.ParameterizedTypesTest#testTypesWithMultipleParametersSerialization
Processing com.google.gson.functional.PrettyPrintingTest#testPrettyPrintList
Processing com.google.gson.functional.PrettyPrintingTest#testPrettyPrintArrayOfObjects
Processing com.google.gson.functional.PrimitiveTest#testPrimitiveBooleanAutoboxedSerialization
Processing com.google.gson.functional.PrimitiveTest#testPrimitiveBooleanAutoboxedInASingleElementArraySerialization
Processing com.google.gson.functional.PrintFormattingTest#testCompactFormattingLeavesNoWhiteSpace
Processing com.google.gson.functional.ReadersWritersTest#testWriterForSerialization
Processing com.google.gson.functional.ReadersWritersTest#testReadWriteTwoObjects
Processing com.google.gson.functional.SecurityTest#testNonExecutableJsonSerialization
Processing com.google.gson.functional.TypeVariableTest#testAdvancedTypeVariables
Processing com.google.gson.functional.TypeVariableTest#testTypeVariablesViaTypeParameter
Processing com.google.gson.functional.TypeVariableTest#testBasicTypeVariables
Processing com.google.gson.functional.UncategorizedTest#testStaticFieldsAreNotSerialized
Processing com.google.gson.functional.UncategorizedTest#testGsonInstanceReusableForSerializationAndDeserialization
Processing com.google.gson.functional.VersioningTest#testVersionedGsonWithUnversionedClassesSerialization
Processing com.google.gson.internal.bind.JsonTreeWriterTest#testLenientNansAndInfinities
Processing com.google.gson.internal.bind.JsonTreeWriterTest#testStrictNansAndInfinities
Processing com.google.gson.stream.JsonWriterTest#testTopLevelValueTypes
Processing com.google.gson.stream.JsonWriterTest#testDoubles
Processing com.google.gson.stream.JsonWriterTest#testPrettyPrintObject
Processing com.google.gson.stream.JsonWriterTest#testPrettyPrintArray
Processing com.google.gson.JsonParserTest#testReadWriteTwoObjects
Processing com.google.gson.OverrideCoreTypeAdaptersTest#testOverrideWrapperBooleanAdapter
Processing com.google.gson.OverrideCoreTypeAdaptersTest#testOverridePrimitiveBooleanAdapter
[INFO] Processing Done...
[INFO] Printing com.google.gson.functional.CollectionTest_testWildcardCollectionField to /tmp/v1/gson/src/test/java//com/google/gson/functional/CollectionTest_testWildcardCollectionField.java
[INFO] Printing com.google.gson.functional.MapTest_testWriteMapsWithEmptyStringKey to /tmp/v1/gson/src/test/java//com/google/gson/functional/MapTest_testWriteMapsWithEmptyStringKey.java
[INFO] Printing com.google.gson.functional.TypeVariableTest_testTypeVariablesViaTypeParameter to /tmp/v1/gson/src/test/java//com/google/gson/functional/TypeVariableTest_testTypeVariablesViaTypeParameter.java
[INFO] Printing com.google.gson.functional.ObjectTest_testNullFieldsSerialization to /tmp/v1/gson/src/test/java//com/google/gson/functional/ObjectTest_testNullFieldsSerialization.java
[INFO] Printing com.google.gson.functional.CollectionTest_testRawCollectionSerialization to /tmp/v1/gson/src/test/java//com/google/gson/functional/CollectionTest_testRawCollectionSerialization.java
[INFO] Printing com.google.gson.functional.ObjectTest_testNestedSerialization to /tmp/v1/gson/src/test/java//com/google/gson/functional/ObjectTest_testNestedSerialization.java
[INFO] Printing com.google.gson.functional.ObjectTest_testArrayOfArraysSerialization to /tmp/v1/gson/src/test/java//com/google/gson/functional/ObjectTest_testArrayOfArraysSerialization.java
[INFO] Printing com.google.gson.functional.TypeVariableTest_testBasicTypeVariables to /tmp/v1/gson/src/test/java//com/google/gson/functional/TypeVariableTest_testBasicTypeVariables.java
[INFO] Printing com.google.gson.functional.ObjectTest_testArrayOfObjectsSerialization to /tmp/v1/gson/src/test/java//com/google/gson/functional/ObjectTest_testArrayOfObjectsSerialization.java
[INFO] Printing com.google.gson.functional.PrettyPrintingTest_testPrettyPrintArrayOfObjects to /tmp/v1/gson/src/test/java//com/google/gson/functional/PrettyPrintingTest_testPrettyPrintArrayOfObjects.java
[INFO] Printing com.google.gson.functional.PrimitiveTest_testPrimitiveBooleanAutoboxedSerialization to /tmp/v1/gson/src/test/java//com/google/gson/functional/PrimitiveTest_testPrimitiveBooleanAutoboxedSerialization.java
[INFO] Printing com.google.gson.functional.CollectionTest_testCollectionOfBagOfPrimitivesSerialization to /tmp/v1/gson/src/test/java//com/google/gson/functional/CollectionTest_testCollectionOfBagOfPrimitivesSerialization.java
[INFO] Printing com.google.gson.functional.InheritanceTest_testSubClassSerialization to /tmp/v1/gson/src/test/java//com/google/gson/functional/InheritanceTest_testSubClassSerialization.java
[INFO] Printing com.google.gson.functional.PrintFormattingTest_testCompactFormattingLeavesNoWhiteSpace to /tmp/v1/gson/src/test/java//com/google/gson/functional/PrintFormattingTest_testCompactFormattingLeavesNoWhiteSpace.java
[INFO] Printing com.google.gson.functional.EscapingTest_testEscapingObjectFields to /tmp/v1/gson/src/test/java//com/google/gson/functional/EscapingTest_testEscapingObjectFields.java
[INFO] Printing com.google.gson.functional.ObjectTest_testBagOfPrimitiveWrappersSerialization to /tmp/v1/gson/src/test/java//com/google/gson/functional/ObjectTest_testBagOfPrimitiveWrappersSerialization.java
[INFO] Printing com.google.gson.functional.ParameterizedTypesTest_testTypesWithMultipleParametersSerialization to /tmp/v1/gson/src/test/java//com/google/gson/functional/ParameterizedTypesTest_testTypesWithMultipleParametersSerialization.java
[INFO] Printing com.google.gson.functional.SecurityTest_testNonExecutableJsonSerialization to /tmp/v1/gson/src/test/java//com/google/gson/functional/SecurityTest_testNonExecutableJsonSerialization.java
[INFO] Printing com.google.gson.functional.JsonTreeTest_testToJsonTreeObjectType to /tmp/v1/gson/src/test/java//com/google/gson/functional/JsonTreeTest_testToJsonTreeObjectType.java
[INFO] Printing com.google.gson.functional.CustomTypeAdaptersTest_testCustomSerializerInvokedForPrimitives to /tmp/v1/gson/src/test/java//com/google/gson/functional/CustomTypeAdaptersTest_testCustomSerializerInvokedForPrimitives.java
[INFO] Printing com.google.gson.functional.JsonTreeTest_testToJsonTree to /tmp/v1/gson/src/test/java//com/google/gson/functional/JsonTreeTest_testToJsonTree.java
[INFO] Printing com.google.gson.functional.JsonTreeTest_testJsonTreeToString to /tmp/v1/gson/src/test/java//com/google/gson/functional/JsonTreeTest_testJsonTreeToString.java
[INFO] Printing com.google.gson.internal.bind.JsonTreeWriterTest_testLenientNansAndInfinities to /tmp/v1/gson/src/test/java//com/google/gson/internal/bind/JsonTreeWriterTest_testLenientNansAndInfinities.java
[INFO] Printing com.google.gson.stream.JsonWriterTest_testDoubles to /tmp/v1/gson/src/test/java//com/google/gson/stream/JsonWriterTest_testDoubles.java
[INFO] Printing com.google.gson.functional.EscapingTest_testGsonAcceptsEscapedAndNonEscapedJsonDeserialization to /tmp/v1/gson/src/test/java//com/google/gson/functional/EscapingTest_testGsonAcceptsEscapedAndNonEscapedJsonDeserialization.java
[INFO] Printing com.google.gson.functional.ReadersWritersTest_testReadWriteTwoObjects to /tmp/v1/gson/src/test/java//com/google/gson/functional/ReadersWritersTest_testReadWriteTwoObjects.java
[INFO] Printing com.google.gson.stream.JsonWriterTest_testTopLevelValueTypes to /tmp/v1/gson/src/test/java//com/google/gson/stream/JsonWriterTest_testTopLevelValueTypes.java
[INFO] Printing com.google.gson.functional.ObjectTest_testArrayOfObjectsAsFields to /tmp/v1/gson/src/test/java//com/google/gson/functional/ObjectTest_testArrayOfObjectsAsFields.java
[INFO] Printing com.google.gson.functional.UncategorizedTest_testGsonInstanceReusableForSerializationAndDeserialization to /tmp/v1/gson/src/test/java//com/google/gson/functional/UncategorizedTest_testGsonInstanceReusableForSerializationAndDeserialization.java
[INFO] Printing com.google.gson.OverrideCoreTypeAdaptersTest_testOverrideWrapperBooleanAdapter to /tmp/v1/gson/src/test/java//com/google/gson/OverrideCoreTypeAdaptersTest_testOverrideWrapperBooleanAdapter.java
[INFO] Printing com.google.gson.functional.DefaultTypeAdaptersTest_testNullSerialization to /tmp/v1/gson/src/test/java//com/google/gson/functional/DefaultTypeAdaptersTest_testNullSerialization.java
[INFO] Printing com.google.gson.stream.JsonWriterTest_testPrettyPrintArray to /tmp/v1/gson/src/test/java//com/google/gson/stream/JsonWriterTest_testPrettyPrintArray.java
[INFO] Printing com.google.gson.functional.ObjectTest_testBagOfPrimitivesSerialization to /tmp/v1/gson/src/test/java//com/google/gson/functional/ObjectTest_testBagOfPrimitivesSerialization.java
[INFO] Printing com.google.gson.functional.ArrayTest_testObjectArrayWithNonPrimitivesSerialization to /tmp/v1/gson/src/test/java//com/google/gson/functional/ArrayTest_testObjectArrayWithNonPrimitivesSerialization.java
[INFO] Printing com.google.gson.stream.JsonWriterTest_testPrettyPrintObject to /tmp/v1/gson/src/test/java//com/google/gson/stream/JsonWriterTest_testPrettyPrintObject.java
[INFO] Printing com.google.gson.functional.MapAsArrayTypeAdapterTest_testSerializeComplexMapWithTypeAdapter to /tmp/v1/gson/src/test/java//com/google/gson/functional/MapAsArrayTypeAdapterTest_testSerializeComplexMapWithTypeAdapter.java
[INFO] Printing com.google.gson.functional.JsonTreeTest_testJsonTreeNull to /tmp/v1/gson/src/test/java//com/google/gson/functional/JsonTreeTest_testJsonTreeNull.java
[INFO] Printing com.google.gson.functional.PrimitiveTest_testPrimitiveBooleanAutoboxedInASingleElementArraySerialization to /tmp/v1/gson/src/test/java//com/google/gson/functional/PrimitiveTest_testPrimitiveBooleanAutoboxedInASingleElementArraySerialization.java
[INFO] Printing com.google.gson.functional.UncategorizedTest_testStaticFieldsAreNotSerialized to /tmp/v1/gson/src/test/java//com/google/gson/functional/UncategorizedTest_testStaticFieldsAreNotSerialized.java
[INFO] Printing com.google.gson.JsonParserTest_testReadWriteTwoObjects to /tmp/v1/gson/src/test/java//com/google/gson/JsonParserTest_testReadWriteTwoObjects.java
[INFO] Printing com.google.gson.functional.VersioningTest_testVersionedGsonWithUnversionedClassesSerialization to /tmp/v1/gson/src/test/java//com/google/gson/functional/VersioningTest_testVersionedGsonWithUnversionedClassesSerialization.java
[INFO] Printing com.google.gson.OverrideCoreTypeAdaptersTest_testOverridePrimitiveBooleanAdapter to /tmp/v1/gson/src/test/java//com/google/gson/OverrideCoreTypeAdaptersTest_testOverridePrimitiveBooleanAdapter.java
[INFO] Printing com.google.gson.functional.ReadersWritersTest_testWriterForSerialization to /tmp/v1/gson/src/test/java//com/google/gson/functional/ReadersWritersTest_testWriterForSerialization.java
[INFO] Printing com.google.gson.internal.bind.JsonTreeWriterTest_testStrictNansAndInfinities to /tmp/v1/gson/src/test/java//com/google/gson/internal/bind/JsonTreeWriterTest_testStrictNansAndInfinities.java
[INFO] Printing com.google.gson.functional.DelegateTypeAdapterTest_testDelegateInvoked to /tmp/v1/gson/src/test/java//com/google/gson/functional/DelegateTypeAdapterTest_testDelegateInvoked.java
[INFO] Printing com.google.gson.functional.EscapingTest_testGsonDoubleDeserialization to /tmp/v1/gson/src/test/java//com/google/gson/functional/EscapingTest_testGsonDoubleDeserialization.java
[INFO] Printing com.google.gson.functional.PrettyPrintingTest_testPrettyPrintList to /tmp/v1/gson/src/test/java//com/google/gson/functional/PrettyPrintingTest_testPrettyPrintList.java
[INFO] Printing com.google.gson.functional.TypeVariableTest_testAdvancedTypeVariables to /tmp/v1/gson/src/test/java//com/google/gson/functional/TypeVariableTest_testAdvancedTypeVariables.java
[INFO] Injecting JUnit-Jjoules in /tmp/v1/gson/pom.xml
[INFO] Output new POM file in /tmp/v1/gson/pom.xml
[INFO] Instrument version after commit...
[INFO] Run on /tmp/v2/gson/
[INFO] Running in NOCLASSPATH mode (doc: http://spoon.gforge.inria.fr/launcher.html).
[INFO] fr.davidson.diff.jjoules.class_instrumentation.process.JJoulesProcessor
Processing com.google.gson.functional.ArrayTest#testObjectArrayWithNonPrimitivesSerialization
Processing com.google.gson.functional.CollectionTest#testCollectionOfBagOfPrimitivesSerialization
Processing com.google.gson.functional.CollectionTest#testRawCollectionSerialization
Processing com.google.gson.functional.CollectionTest#testWildcardCollectionField
Processing com.google.gson.functional.CustomTypeAdaptersTest#testCustomSerializerInvokedForPrimitives
Processing com.google.gson.functional.DefaultTypeAdaptersTest#testNullSerialization
Processing com.google.gson.functional.DelegateTypeAdapterTest#testDelegateInvoked
Processing com.google.gson.functional.EscapingTest#testEscapingObjectFields
Processing com.google.gson.functional.EscapingTest#testGsonAcceptsEscapedAndNonEscapedJsonDeserialization
Processing com.google.gson.functional.EscapingTest#testGsonDoubleDeserialization
Processing com.google.gson.functional.InheritanceTest#testSubClassSerialization
Processing com.google.gson.functional.JsonTreeTest#testToJsonTree
Processing com.google.gson.functional.JsonTreeTest#testToJsonTreeObjectType
Processing com.google.gson.functional.JsonTreeTest#testJsonTreeToString
Processing com.google.gson.functional.JsonTreeTest#testJsonTreeNull
Processing com.google.gson.functional.MapAsArrayTypeAdapterTest#testSerializeComplexMapWithTypeAdapter
Processing com.google.gson.functional.MapTest#testWriteMapsWithEmptyStringKey
Processing com.google.gson.functional.ObjectTest#testBagOfPrimitivesSerialization
Processing com.google.gson.functional.ObjectTest#testBagOfPrimitiveWrappersSerialization
Processing com.google.gson.functional.ObjectTest#testNestedSerialization
Processing com.google.gson.functional.ObjectTest#testNullFieldsSerialization
Processing com.google.gson.functional.ObjectTest#testArrayOfObjectsSerialization
Processing com.google.gson.functional.ObjectTest#testArrayOfArraysSerialization
Processing com.google.gson.functional.ObjectTest#testArrayOfObjectsAsFields
Processing com.google.gson.functional.ParameterizedTypesTest#testTypesWithMultipleParametersSerialization
Processing com.google.gson.functional.PrettyPrintingTest#testPrettyPrintList
Processing com.google.gson.functional.PrettyPrintingTest#testPrettyPrintArrayOfObjects
Processing com.google.gson.functional.PrimitiveTest#testPrimitiveBooleanAutoboxedSerialization
Processing com.google.gson.functional.PrimitiveTest#testPrimitiveBooleanAutoboxedInASingleElementArraySerialization
Processing com.google.gson.functional.PrintFormattingTest#testCompactFormattingLeavesNoWhiteSpace
Processing com.google.gson.functional.ReadersWritersTest#testWriterForSerialization
Processing com.google.gson.functional.ReadersWritersTest#testReadWriteTwoObjects
Processing com.google.gson.functional.SecurityTest#testNonExecutableJsonSerialization
Processing com.google.gson.functional.TypeVariableTest#testAdvancedTypeVariables
Processing com.google.gson.functional.TypeVariableTest#testTypeVariablesViaTypeParameter
Processing com.google.gson.functional.TypeVariableTest#testBasicTypeVariables
Processing com.google.gson.functional.UncategorizedTest#testStaticFieldsAreNotSerialized
Processing com.google.gson.functional.UncategorizedTest#testGsonInstanceReusableForSerializationAndDeserialization
Processing com.google.gson.functional.VersioningTest#testVersionedGsonWithUnversionedClassesSerialization
Processing com.google.gson.internal.bind.JsonTreeWriterTest#testLenientNansAndInfinities
Processing com.google.gson.internal.bind.JsonTreeWriterTest#testStrictNansAndInfinities
Processing com.google.gson.stream.JsonWriterTest#testTopLevelValueTypes
Processing com.google.gson.stream.JsonWriterTest#testDoubles
Processing com.google.gson.stream.JsonWriterTest#testPrettyPrintObject
Processing com.google.gson.stream.JsonWriterTest#testPrettyPrintArray
Processing com.google.gson.JsonParserTest#testReadWriteTwoObjects
Processing com.google.gson.OverrideCoreTypeAdaptersTest#testOverrideWrapperBooleanAdapter
Processing com.google.gson.OverrideCoreTypeAdaptersTest#testOverridePrimitiveBooleanAdapter
[INFO] Processing Done...
[INFO] Printing com.google.gson.functional.CollectionTest_testWildcardCollectionField to /tmp/v2/gson//src/test/java//com/google/gson/functional/CollectionTest_testWildcardCollectionField.java
[INFO] Printing com.google.gson.functional.MapTest_testWriteMapsWithEmptyStringKey to /tmp/v2/gson//src/test/java//com/google/gson/functional/MapTest_testWriteMapsWithEmptyStringKey.java
[INFO] Printing com.google.gson.functional.TypeVariableTest_testTypeVariablesViaTypeParameter to /tmp/v2/gson//src/test/java//com/google/gson/functional/TypeVariableTest_testTypeVariablesViaTypeParameter.java
[INFO] Printing com.google.gson.functional.ObjectTest_testNullFieldsSerialization to /tmp/v2/gson//src/test/java//com/google/gson/functional/ObjectTest_testNullFieldsSerialization.java
[INFO] Printing com.google.gson.functional.CollectionTest_testRawCollectionSerialization to /tmp/v2/gson//src/test/java//com/google/gson/functional/CollectionTest_testRawCollectionSerialization.java
[INFO] Printing com.google.gson.functional.ObjectTest_testNestedSerialization to /tmp/v2/gson//src/test/java//com/google/gson/functional/ObjectTest_testNestedSerialization.java
[INFO] Printing com.google.gson.functional.ObjectTest_testArrayOfArraysSerialization to /tmp/v2/gson//src/test/java//com/google/gson/functional/ObjectTest_testArrayOfArraysSerialization.java
[INFO] Printing com.google.gson.functional.TypeVariableTest_testBasicTypeVariables to /tmp/v2/gson//src/test/java//com/google/gson/functional/TypeVariableTest_testBasicTypeVariables.java
[INFO] Printing com.google.gson.functional.ObjectTest_testArrayOfObjectsSerialization to /tmp/v2/gson//src/test/java//com/google/gson/functional/ObjectTest_testArrayOfObjectsSerialization.java
[INFO] Printing com.google.gson.functional.PrettyPrintingTest_testPrettyPrintArrayOfObjects to /tmp/v2/gson//src/test/java//com/google/gson/functional/PrettyPrintingTest_testPrettyPrintArrayOfObjects.java
[INFO] Printing com.google.gson.functional.PrimitiveTest_testPrimitiveBooleanAutoboxedSerialization to /tmp/v2/gson//src/test/java//com/google/gson/functional/PrimitiveTest_testPrimitiveBooleanAutoboxedSerialization.java
[INFO] Printing com.google.gson.functional.CollectionTest_testCollectionOfBagOfPrimitivesSerialization to /tmp/v2/gson//src/test/java//com/google/gson/functional/CollectionTest_testCollectionOfBagOfPrimitivesSerialization.java
[INFO] Printing com.google.gson.functional.InheritanceTest_testSubClassSerialization to /tmp/v2/gson//src/test/java//com/google/gson/functional/InheritanceTest_testSubClassSerialization.java
[INFO] Printing com.google.gson.functional.PrintFormattingTest_testCompactFormattingLeavesNoWhiteSpace to /tmp/v2/gson//src/test/java//com/google/gson/functional/PrintFormattingTest_testCompactFormattingLeavesNoWhiteSpace.java
[INFO] Printing com.google.gson.functional.EscapingTest_testEscapingObjectFields to /tmp/v2/gson//src/test/java//com/google/gson/functional/EscapingTest_testEscapingObjectFields.java
[INFO] Printing com.google.gson.functional.ObjectTest_testBagOfPrimitiveWrappersSerialization to /tmp/v2/gson//src/test/java//com/google/gson/functional/ObjectTest_testBagOfPrimitiveWrappersSerialization.java
[INFO] Printing com.google.gson.functional.ParameterizedTypesTest_testTypesWithMultipleParametersSerialization to /tmp/v2/gson//src/test/java//com/google/gson/functional/ParameterizedTypesTest_testTypesWithMultipleParametersSerialization.java
[INFO] Printing com.google.gson.functional.SecurityTest_testNonExecutableJsonSerialization to /tmp/v2/gson//src/test/java//com/google/gson/functional/SecurityTest_testNonExecutableJsonSerialization.java
[INFO] Printing com.google.gson.functional.JsonTreeTest_testToJsonTreeObjectType to /tmp/v2/gson//src/test/java//com/google/gson/functional/JsonTreeTest_testToJsonTreeObjectType.java
[INFO] Printing com.google.gson.functional.CustomTypeAdaptersTest_testCustomSerializerInvokedForPrimitives to /tmp/v2/gson//src/test/java//com/google/gson/functional/CustomTypeAdaptersTest_testCustomSerializerInvokedForPrimitives.java
[INFO] Printing com.google.gson.functional.JsonTreeTest_testToJsonTree to /tmp/v2/gson//src/test/java//com/google/gson/functional/JsonTreeTest_testToJsonTree.java
[INFO] Printing com.google.gson.functional.JsonTreeTest_testJsonTreeToString to /tmp/v2/gson//src/test/java//com/google/gson/functional/JsonTreeTest_testJsonTreeToString.java
[INFO] Printing com.google.gson.internal.bind.JsonTreeWriterTest_testLenientNansAndInfinities to /tmp/v2/gson//src/test/java//com/google/gson/internal/bind/JsonTreeWriterTest_testLenientNansAndInfinities.java
[INFO] Printing com.google.gson.stream.JsonWriterTest_testDoubles to /tmp/v2/gson//src/test/java//com/google/gson/stream/JsonWriterTest_testDoubles.java
[INFO] Printing com.google.gson.functional.EscapingTest_testGsonAcceptsEscapedAndNonEscapedJsonDeserialization to /tmp/v2/gson//src/test/java//com/google/gson/functional/EscapingTest_testGsonAcceptsEscapedAndNonEscapedJsonDeserialization.java
[INFO] Printing com.google.gson.functional.ReadersWritersTest_testReadWriteTwoObjects to /tmp/v2/gson//src/test/java//com/google/gson/functional/ReadersWritersTest_testReadWriteTwoObjects.java
[INFO] Printing com.google.gson.stream.JsonWriterTest_testTopLevelValueTypes to /tmp/v2/gson//src/test/java//com/google/gson/stream/JsonWriterTest_testTopLevelValueTypes.java
[INFO] Printing com.google.gson.functional.ObjectTest_testArrayOfObjectsAsFields to /tmp/v2/gson//src/test/java//com/google/gson/functional/ObjectTest_testArrayOfObjectsAsFields.java
[INFO] Printing com.google.gson.functional.UncategorizedTest_testGsonInstanceReusableForSerializationAndDeserialization to /tmp/v2/gson//src/test/java//com/google/gson/functional/UncategorizedTest_testGsonInstanceReusableForSerializationAndDeserialization.java
[INFO] Printing com.google.gson.OverrideCoreTypeAdaptersTest_testOverrideWrapperBooleanAdapter to /tmp/v2/gson//src/test/java//com/google/gson/OverrideCoreTypeAdaptersTest_testOverrideWrapperBooleanAdapter.java
[INFO] Printing com.google.gson.functional.DefaultTypeAdaptersTest_testNullSerialization to /tmp/v2/gson//src/test/java//com/google/gson/functional/DefaultTypeAdaptersTest_testNullSerialization.java
[INFO] Printing com.google.gson.stream.JsonWriterTest_testPrettyPrintArray to /tmp/v2/gson//src/test/java//com/google/gson/stream/JsonWriterTest_testPrettyPrintArray.java
[INFO] Printing com.google.gson.functional.ObjectTest_testBagOfPrimitivesSerialization to /tmp/v2/gson//src/test/java//com/google/gson/functional/ObjectTest_testBagOfPrimitivesSerialization.java
[INFO] Printing com.google.gson.functional.ArrayTest_testObjectArrayWithNonPrimitivesSerialization to /tmp/v2/gson//src/test/java//com/google/gson/functional/ArrayTest_testObjectArrayWithNonPrimitivesSerialization.java
[INFO] Printing com.google.gson.stream.JsonWriterTest_testPrettyPrintObject to /tmp/v2/gson//src/test/java//com/google/gson/stream/JsonWriterTest_testPrettyPrintObject.java
[INFO] Printing com.google.gson.functional.MapAsArrayTypeAdapterTest_testSerializeComplexMapWithTypeAdapter to /tmp/v2/gson//src/test/java//com/google/gson/functional/MapAsArrayTypeAdapterTest_testSerializeComplexMapWithTypeAdapter.java
[INFO] Printing com.google.gson.functional.JsonTreeTest_testJsonTreeNull to /tmp/v2/gson//src/test/java//com/google/gson/functional/JsonTreeTest_testJsonTreeNull.java
[INFO] Printing com.google.gson.functional.PrimitiveTest_testPrimitiveBooleanAutoboxedInASingleElementArraySerialization to /tmp/v2/gson//src/test/java//com/google/gson/functional/PrimitiveTest_testPrimitiveBooleanAutoboxedInASingleElementArraySerialization.java
[INFO] Printing com.google.gson.functional.UncategorizedTest_testStaticFieldsAreNotSerialized to /tmp/v2/gson//src/test/java//com/google/gson/functional/UncategorizedTest_testStaticFieldsAreNotSerialized.java
[INFO] Printing com.google.gson.JsonParserTest_testReadWriteTwoObjects to /tmp/v2/gson//src/test/java//com/google/gson/JsonParserTest_testReadWriteTwoObjects.java
[INFO] Printing com.google.gson.functional.VersioningTest_testVersionedGsonWithUnversionedClassesSerialization to /tmp/v2/gson//src/test/java//com/google/gson/functional/VersioningTest_testVersionedGsonWithUnversionedClassesSerialization.java
[INFO] Printing com.google.gson.OverrideCoreTypeAdaptersTest_testOverridePrimitiveBooleanAdapter to /tmp/v2/gson//src/test/java//com/google/gson/OverrideCoreTypeAdaptersTest_testOverridePrimitiveBooleanAdapter.java
[INFO] Printing com.google.gson.functional.ReadersWritersTest_testWriterForSerialization to /tmp/v2/gson//src/test/java//com/google/gson/functional/ReadersWritersTest_testWriterForSerialization.java
[INFO] Printing com.google.gson.internal.bind.JsonTreeWriterTest_testStrictNansAndInfinities to /tmp/v2/gson//src/test/java//com/google/gson/internal/bind/JsonTreeWriterTest_testStrictNansAndInfinities.java
[INFO] Printing com.google.gson.functional.DelegateTypeAdapterTest_testDelegateInvoked to /tmp/v2/gson//src/test/java//com/google/gson/functional/DelegateTypeAdapterTest_testDelegateInvoked.java
[INFO] Printing com.google.gson.functional.EscapingTest_testGsonDoubleDeserialization to /tmp/v2/gson//src/test/java//com/google/gson/functional/EscapingTest_testGsonDoubleDeserialization.java
[INFO] Printing com.google.gson.functional.PrettyPrintingTest_testPrettyPrintList to /tmp/v2/gson//src/test/java//com/google/gson/functional/PrettyPrintingTest_testPrettyPrintList.java
[INFO] Printing com.google.gson.functional.TypeVariableTest_testAdvancedTypeVariables to /tmp/v2/gson//src/test/java//com/google/gson/functional/TypeVariableTest_testAdvancedTypeVariables.java
[INFO] Injecting JUnit-Jjoules in /tmp/v2/gson//pom.xml
[INFO] Output new POM file in /tmp/v2/gson//pom.xml
[INFO] ------------------------------------------------------------------------
[INFO] BUILD SUCCESS
[INFO] ------------------------------------------------------------------------
[INFO] Total time:  23.927 s
[INFO] Finished at: 2021-01-20T23:57:05+01:00
[INFO] ------------------------------------------------------------------------
