[INFO] Scanning for projects...
[INFO] 
[INFO] ---------------------< com.google.code.gson:gson >----------------------
[INFO] Building Gson 2.2-SNAPSHOT
[INFO] --------------------------------[ jar ]---------------------------------
[INFO] 
[INFO] --- maven-clean-plugin:2.5:clean (default-clean) @ gson ---
[INFO] Deleting /tmp/v1/gson/target
[INFO] 
[INFO] --- cobertura-maven-plugin:2.4:clean (clean) @ gson ---
[INFO] 
[INFO] --- maven-enforcer-plugin:1.0-beta-1:enforce (enforce-maven) @ gson ---
[INFO] 
[INFO] --- maven-resources-plugin:2.6:resources (default-resources) @ gson ---
[INFO] Using 'UTF-8' encoding to copy filtered resources.
[INFO] skip non existing resourceDirectory /tmp/v1/gson/src/main/resources
[INFO] 
[INFO] --- maven-compiler-plugin:2.3.2:compile (default-compile) @ gson ---
[INFO] Compiling 64 source files to /tmp/v1/gson/target/classes
[INFO] 
[INFO] --- maven-resources-plugin:2.6:testResources (default-testResources) @ gson ---
[INFO] Using 'UTF-8' encoding to copy filtered resources.
[INFO] skip non existing resourceDirectory /tmp/v1/gson/src/test/resources
[INFO] 
[INFO] --- maven-compiler-plugin:2.3.2:testCompile (default-testCompile) @ gson ---
[INFO] Compiling 74 source files to /tmp/v1/gson/target/test-classes
[INFO] 
[INFO] --- maven-surefire-plugin:2.12.4:test (default-test) @ gson ---
[INFO] Tests are skipped.
[INFO] 
[INFO] --- maven-dependency-plugin:2.8:build-classpath (default-cli) @ gson ---
[INFO] Skipped writing classpath file '/tmp/v1/gson/classpath'.  No changes found.
[INFO] 
[INFO] --- diff-jjoules:0.0.1-SNAPSHOT:instrument (default-cli) @ gson ---
[INFO] Running on:
[INFO] /tmp/v1/gson
[INFO] /tmp/v2/gson/
[INFO] Enable JUnit4 mode
[INFO] Configuration{pathToFirstVersion='/tmp/v1/gson', pathToSecondVersion='/tmp/v2/gson/', pathToTestListAsCSV='/tmp/v1/gson/testsThatExecuteTheChange.csv', classpath=[/home/spino/.m2/repository/junit/junit/3.8.2/junit-3.8.2.jar], junit4=true}
[INFO] com.google.gson.functional.CollectionTest:[testRawCollectionOfBagOfPrimitivesNotAllowed]
com.google.gson.internal.bind.JsonElementReaderTest:[testObject, testNestedObjects, testSkipValue]
com.google.gson.functional.ParameterizedTypesTest:[testParameterizedTypeWithCustomSerializer, testParameterizedTypesWithCustomDeserializer]
com.google.gson.functional.NullObjectAndFieldTest:[testCustomSerializationOfNulls, testCustomTypeAdapterPassesNullDesrialization]
com.google.gson.functional.UncategorizedTest:[testReturningDerivedClassesDuringDeserialization]
com.google.gson.functional.CustomSerializerTest:[testSubClassSerializerInvokedForBaseClassFieldsHoldingSubClassInstances, testBaseClassSerializerInvokedForBaseClassFieldsHoldingSubClassInstances, testBaseClassSerializerInvokedForBaseClassFields, testSubClassSerializerInvokedForBaseClassFieldsHoldingArrayOfSubClassInstances]
com.google.gson.functional.InheritanceTest:[testClassWithBaseFieldSerialization, testBaseSerializedAsBaseWhenSpecifiedWithExplicitType, testClassWithBaseCollectionFieldSerialization, testClassWithBaseArrayFieldSerialization, testBaseSerializedAsSubWhenSpecifiedWithExplicitType, testBaseSerializedAsSub]
com.google.gson.functional.JsonTreeTest:[testToJsonTreeObjectType, testToJsonTree, testJsonTreeToString, testJsonTreeNull]
com.google.gson.functional.StreamingTypeAdaptersTest:[testFromJsonTree]
com.google.gson.functional.MoreSpecificTypeSerializationTest:[testMapOfSubclassFields, testMapOfParameterizedSubclassFields]
com.google.gson.internal.bind.JsonTreeWriterTest:[testSerializeNullsTrue, testObject, testNestedObject]
com.google.gson.functional.JsonParserTest:[testBadFieldTypeForCustomDeserializerCustomTree, testBadTypeForDeserializingCustomTree, testChangingCustomTreeAndDeserializing, testDeserializingCustomTree, testBadFieldTypeForDeserializingCustomTree]
com.google.gson.JsonParserTest:[testParseString, testParseReader, testReadWriteTwoObjects]
com.google.gson.functional.PrintFormattingTest:[testJsonObjectWithNullValues, testJsonObjectWithNullValuesSerialized]
com.google.gson.functional.CustomTypeAdaptersTest:[testCustomTypeAdapterDoesNotAppliesToSubClasses, testCustomTypeAdapterAppliesToSubClassesSerializedAsBaseClass, testCustomSerializers, testCustomDeserializers, testEnsureCustomSerializerNotInvokedForNullValues]
com.google.gson.ObjectTypeAdapterTest:[testDeserializeNullValue, testDeserialize]
com.google.gson.DefaultMapJsonSerializerTest:[testNonEmptyMapSerialization]
com.google.gson.functional.ReadersWritersTest:[testReadWriteTwoObjects]
com.google.gson.functional.TypeHierarchyAdapterTest:[testTypeHierarchy]
com.google.gson.functional.CustomDeserializerTest:[testJsonTypeFieldBasedDeserialization, testCustomDeserializerReturnsNullForArrayElements, testDefaultConstructorNotCalledOnField, testDefaultConstructorNotCalledOnObject, testCustomDeserializerReturnsNullForTopLevelObject, testCustomDeserializerReturnsNull, testCustomDeserializerReturnsNullForArrayElementsForArrayField]
com.google.gson.functional.ExclusionStrategyFunctionalTest:[testExclusionStrategyWithMode, testExclusionStrategyDeserialization]
com.google.gson.JsonObjectTest:[testAddingAndRemovingObjectProperties, testEqualsNonEmptyObject, testPropertyWithQuotes, testAddingNullPropertyValue, testWritePropertyWithEmptyStringName, testAddingCharacterProperties, testAddingBooleanProperties, testReadPropertyWithEmptyStringName, testAddingStringProperties, testAddingNullOrEmptyPropertyName]
com.google.gson.functional.CircularReferenceTest:[testSelfReferenceCustomHandlerSerialization]
com.google.gson.functional.MapTest:[testInterfaceTypeMapWithSerializer, testMapNamePromotionWithJsonElementReader]
com.google.gson.functional.MapAsArrayTypeAdapterTest:[testMultipleEnableComplexKeyRegistrationHasNoEffect, testSerializeComplexMapWithTypeAdapter, testMapWithTypeVariableSerialization]
com.google.gson.functional.DefaultTypeAdaptersTest:[testJsonObjectDeerialization, testJsonObjectSerialization]
[INFO] Instrument version before commit...
[INFO] Run on /tmp/v1/gson
[INFO] Running in NOCLASSPATH mode (doc: http://spoon.gforge.inria.fr/launcher.html).
[INFO] fr.davidson.diff.jjoules.process.junit4.JJoulesProcessor
Processing com.google.gson.functional.CircularReferenceTest#testSelfReferenceCustomHandlerSerialization
Processing com.google.gson.functional.CollectionTest#testRawCollectionOfBagOfPrimitivesNotAllowed
Processing com.google.gson.functional.CustomDeserializerTest#testDefaultConstructorNotCalledOnObject
Processing com.google.gson.functional.CustomDeserializerTest#testDefaultConstructorNotCalledOnField
Processing com.google.gson.functional.CustomDeserializerTest#testJsonTypeFieldBasedDeserialization
Processing com.google.gson.functional.CustomDeserializerTest#testCustomDeserializerReturnsNullForTopLevelObject
Processing com.google.gson.functional.CustomDeserializerTest#testCustomDeserializerReturnsNull
Processing com.google.gson.functional.CustomDeserializerTest#testCustomDeserializerReturnsNullForArrayElements
Processing com.google.gson.functional.CustomDeserializerTest#testCustomDeserializerReturnsNullForArrayElementsForArrayField
Processing com.google.gson.functional.CustomSerializerTest#testBaseClassSerializerInvokedForBaseClassFields
Processing com.google.gson.functional.CustomSerializerTest#testSubClassSerializerInvokedForBaseClassFieldsHoldingSubClassInstances
Processing com.google.gson.functional.CustomSerializerTest#testSubClassSerializerInvokedForBaseClassFieldsHoldingArrayOfSubClassInstances
Processing com.google.gson.functional.CustomSerializerTest#testBaseClassSerializerInvokedForBaseClassFieldsHoldingSubClassInstances
Processing com.google.gson.functional.CustomTypeAdaptersTest#testCustomSerializers
Processing com.google.gson.functional.CustomTypeAdaptersTest#testCustomDeserializers
Processing com.google.gson.functional.CustomTypeAdaptersTest#testCustomTypeAdapterDoesNotAppliesToSubClasses
Processing com.google.gson.functional.CustomTypeAdaptersTest#testCustomTypeAdapterAppliesToSubClassesSerializedAsBaseClass
Processing com.google.gson.functional.CustomTypeAdaptersTest#testEnsureCustomSerializerNotInvokedForNullValues
Processing com.google.gson.functional.DefaultTypeAdaptersTest#testJsonObjectSerialization
Processing com.google.gson.functional.DefaultTypeAdaptersTest#testJsonObjectDeerialization
Processing com.google.gson.functional.ExclusionStrategyFunctionalTest#testExclusionStrategyDeserialization
Processing com.google.gson.functional.ExclusionStrategyFunctionalTest#testExclusionStrategyWithMode
Processing com.google.gson.functional.InheritanceTest#testClassWithBaseFieldSerialization
Processing com.google.gson.functional.InheritanceTest#testClassWithBaseArrayFieldSerialization
Processing com.google.gson.functional.InheritanceTest#testClassWithBaseCollectionFieldSerialization
Processing com.google.gson.functional.InheritanceTest#testBaseSerializedAsSub
Processing com.google.gson.functional.InheritanceTest#testBaseSerializedAsBaseWhenSpecifiedWithExplicitType
Processing com.google.gson.functional.InheritanceTest#testBaseSerializedAsSubWhenSpecifiedWithExplicitType
Processing com.google.gson.functional.JsonParserTest#testDeserializingCustomTree
Processing com.google.gson.functional.JsonParserTest#testBadTypeForDeserializingCustomTree
Processing com.google.gson.functional.JsonParserTest#testBadFieldTypeForCustomDeserializerCustomTree
Processing com.google.gson.functional.JsonParserTest#testBadFieldTypeForDeserializingCustomTree
Processing com.google.gson.functional.JsonParserTest#testChangingCustomTreeAndDeserializing
Processing com.google.gson.functional.JsonTreeTest#testToJsonTree
Processing com.google.gson.functional.JsonTreeTest#testToJsonTreeObjectType
Processing com.google.gson.functional.JsonTreeTest#testJsonTreeToString
Processing com.google.gson.functional.JsonTreeTest#testJsonTreeNull
Processing com.google.gson.functional.MapAsArrayTypeAdapterTest#testSerializeComplexMapWithTypeAdapter
Processing com.google.gson.functional.MapAsArrayTypeAdapterTest#testMultipleEnableComplexKeyRegistrationHasNoEffect
Processing com.google.gson.functional.MapAsArrayTypeAdapterTest#testMapWithTypeVariableSerialization
Processing com.google.gson.functional.MapTest#testInterfaceTypeMapWithSerializer
Processing com.google.gson.functional.MapTest#testMapNamePromotionWithJsonElementReader
Processing com.google.gson.functional.MoreSpecificTypeSerializationTest#testMapOfSubclassFields
Processing com.google.gson.functional.MoreSpecificTypeSerializationTest#testMapOfParameterizedSubclassFields
Processing com.google.gson.functional.NullObjectAndFieldTest#testCustomSerializationOfNulls
Processing com.google.gson.functional.NullObjectAndFieldTest#testCustomTypeAdapterPassesNullDesrialization
Processing com.google.gson.functional.ParameterizedTypesTest#testParameterizedTypeWithCustomSerializer
Processing com.google.gson.functional.ParameterizedTypesTest#testParameterizedTypesWithCustomDeserializer
Processing com.google.gson.functional.PrintFormattingTest#testJsonObjectWithNullValues
Processing com.google.gson.functional.PrintFormattingTest#testJsonObjectWithNullValuesSerialized
Processing com.google.gson.functional.ReadersWritersTest#testReadWriteTwoObjects
Processing com.google.gson.functional.StreamingTypeAdaptersTest#testFromJsonTree
Processing com.google.gson.functional.TypeHierarchyAdapterTest#testTypeHierarchy
Processing com.google.gson.functional.UncategorizedTest#testReturningDerivedClassesDuringDeserialization
Processing com.google.gson.internal.bind.JsonElementReaderTest#testObject
Processing com.google.gson.internal.bind.JsonElementReaderTest#testNestedObjects
Processing com.google.gson.internal.bind.JsonElementReaderTest#testSkipValue
Processing com.google.gson.internal.bind.JsonTreeWriterTest#testObject
Processing com.google.gson.internal.bind.JsonTreeWriterTest#testNestedObject
Processing com.google.gson.internal.bind.JsonTreeWriterTest#testSerializeNullsTrue
Processing com.google.gson.DefaultMapJsonSerializerTest#testNonEmptyMapSerialization
Processing com.google.gson.JsonObjectTest#testAddingAndRemovingObjectProperties
Processing com.google.gson.JsonObjectTest#testAddingNullPropertyValue
Processing com.google.gson.JsonObjectTest#testAddingNullOrEmptyPropertyName
Processing com.google.gson.JsonObjectTest#testAddingBooleanProperties
Processing com.google.gson.JsonObjectTest#testAddingStringProperties
Processing com.google.gson.JsonObjectTest#testAddingCharacterProperties
Processing com.google.gson.JsonObjectTest#testPropertyWithQuotes
Processing com.google.gson.JsonObjectTest#testWritePropertyWithEmptyStringName
Processing com.google.gson.JsonObjectTest#testReadPropertyWithEmptyStringName
Processing com.google.gson.JsonObjectTest#testEqualsNonEmptyObject
Processing com.google.gson.JsonParserTest#testParseString
Processing com.google.gson.JsonParserTest#testParseReader
Processing com.google.gson.JsonParserTest#testReadWriteTwoObjects
Processing com.google.gson.ObjectTypeAdapterTest#testDeserialize
Processing com.google.gson.ObjectTypeAdapterTest#testDeserializeNullValue
[INFO] Printing com.google.gson.functional.CustomSerializerTest to /tmp/v1/gson/src/test/java//com/google/gson/functional/CustomSerializerTest.java
[INFO] Printing com.google.gson.functional.ReadersWritersTest to /tmp/v1/gson/src/test/java//com/google/gson/functional/ReadersWritersTest.java
[INFO] Printing com.google.gson.functional.CustomTypeAdaptersTest to /tmp/v1/gson/src/test/java//com/google/gson/functional/CustomTypeAdaptersTest.java
[INFO] Printing com.google.gson.functional.PrintFormattingTest to /tmp/v1/gson/src/test/java//com/google/gson/functional/PrintFormattingTest.java
[INFO] Printing com.google.gson.functional.CustomDeserializerTest to /tmp/v1/gson/src/test/java//com/google/gson/functional/CustomDeserializerTest.java
[INFO] Printing com.google.gson.functional.InheritanceTest to /tmp/v1/gson/src/test/java//com/google/gson/functional/InheritanceTest.java
[INFO] Printing com.google.gson.functional.StreamingTypeAdaptersTest to /tmp/v1/gson/src/test/java//com/google/gson/functional/StreamingTypeAdaptersTest.java
[INFO] Printing com.google.gson.internal.bind.JsonTreeWriterTest to /tmp/v1/gson/src/test/java//com/google/gson/internal/bind/JsonTreeWriterTest.java
[INFO] Printing com.google.gson.functional.NullObjectAndFieldTest to /tmp/v1/gson/src/test/java//com/google/gson/functional/NullObjectAndFieldTest.java
[INFO] Printing com.google.gson.ObjectTypeAdapterTest to /tmp/v1/gson/src/test/java//com/google/gson/ObjectTypeAdapterTest.java
[INFO] Printing com.google.gson.functional.UncategorizedTest to /tmp/v1/gson/src/test/java//com/google/gson/functional/UncategorizedTest.java
[INFO] Printing com.google.gson.functional.TypeHierarchyAdapterTest to /tmp/v1/gson/src/test/java//com/google/gson/functional/TypeHierarchyAdapterTest.java
[INFO] Printing com.google.gson.functional.ParameterizedTypesTest to /tmp/v1/gson/src/test/java//com/google/gson/functional/ParameterizedTypesTest.java
[INFO] Printing com.google.gson.functional.JsonParserTest to /tmp/v1/gson/src/test/java//com/google/gson/functional/JsonParserTest.java
[INFO] Printing com.google.gson.JsonParserTest to /tmp/v1/gson/src/test/java//com/google/gson/JsonParserTest.java
[INFO] Printing com.google.gson.internal.bind.JsonElementReaderTest to /tmp/v1/gson/src/test/java//com/google/gson/internal/bind/JsonElementReaderTest.java
[INFO] Printing com.google.gson.functional.DefaultTypeAdaptersTest to /tmp/v1/gson/src/test/java//com/google/gson/functional/DefaultTypeAdaptersTest.java
[INFO] Printing com.google.gson.functional.CircularReferenceTest to /tmp/v1/gson/src/test/java//com/google/gson/functional/CircularReferenceTest.java
[INFO] Printing com.google.gson.functional.ExclusionStrategyFunctionalTest to /tmp/v1/gson/src/test/java//com/google/gson/functional/ExclusionStrategyFunctionalTest.java
[INFO] Printing com.google.gson.functional.JsonTreeTest to /tmp/v1/gson/src/test/java//com/google/gson/functional/JsonTreeTest.java
[INFO] Printing com.google.gson.functional.MoreSpecificTypeSerializationTest to /tmp/v1/gson/src/test/java//com/google/gson/functional/MoreSpecificTypeSerializationTest.java
[INFO] Printing com.google.gson.JsonObjectTest to /tmp/v1/gson/src/test/java//com/google/gson/JsonObjectTest.java
[INFO] Printing com.google.gson.functional.MapTest to /tmp/v1/gson/src/test/java//com/google/gson/functional/MapTest.java
[INFO] Printing com.google.gson.DefaultMapJsonSerializerTest to /tmp/v1/gson/src/test/java//com/google/gson/DefaultMapJsonSerializerTest.java
[INFO] Printing com.google.gson.functional.CollectionTest to /tmp/v1/gson/src/test/java//com/google/gson/functional/CollectionTest.java
[INFO] Printing com.google.gson.functional.MapAsArrayTypeAdapterTest to /tmp/v1/gson/src/test/java//com/google/gson/functional/MapAsArrayTypeAdapterTest.java
[INFO] Injecting JUnit-Jjoules in /tmp/v1/gson/pom.xml
[INFO] Output new POM file in /tmp/v1/gson/pom.xml
[INFO] Instrument version after commit...
[INFO] Run on /tmp/v2/gson/
[INFO] Running in NOCLASSPATH mode (doc: http://spoon.gforge.inria.fr/launcher.html).
[INFO] fr.davidson.diff.jjoules.process.junit4.JJoulesProcessor
Processing com.google.gson.functional.CircularReferenceTest#testSelfReferenceCustomHandlerSerialization
Processing com.google.gson.functional.CollectionTest#testRawCollectionOfBagOfPrimitivesNotAllowed
Processing com.google.gson.functional.CustomDeserializerTest#testDefaultConstructorNotCalledOnObject
Processing com.google.gson.functional.CustomDeserializerTest#testDefaultConstructorNotCalledOnField
Processing com.google.gson.functional.CustomDeserializerTest#testJsonTypeFieldBasedDeserialization
Processing com.google.gson.functional.CustomDeserializerTest#testCustomDeserializerReturnsNullForTopLevelObject
Processing com.google.gson.functional.CustomDeserializerTest#testCustomDeserializerReturnsNull
Processing com.google.gson.functional.CustomDeserializerTest#testCustomDeserializerReturnsNullForArrayElements
Processing com.google.gson.functional.CustomDeserializerTest#testCustomDeserializerReturnsNullForArrayElementsForArrayField
Processing com.google.gson.functional.CustomSerializerTest#testBaseClassSerializerInvokedForBaseClassFields
Processing com.google.gson.functional.CustomSerializerTest#testSubClassSerializerInvokedForBaseClassFieldsHoldingSubClassInstances
Processing com.google.gson.functional.CustomSerializerTest#testSubClassSerializerInvokedForBaseClassFieldsHoldingArrayOfSubClassInstances
Processing com.google.gson.functional.CustomSerializerTest#testBaseClassSerializerInvokedForBaseClassFieldsHoldingSubClassInstances
Processing com.google.gson.functional.CustomTypeAdaptersTest#testCustomSerializers
Processing com.google.gson.functional.CustomTypeAdaptersTest#testCustomDeserializers
Processing com.google.gson.functional.CustomTypeAdaptersTest#testCustomTypeAdapterDoesNotAppliesToSubClasses
Processing com.google.gson.functional.CustomTypeAdaptersTest#testCustomTypeAdapterAppliesToSubClassesSerializedAsBaseClass
Processing com.google.gson.functional.CustomTypeAdaptersTest#testEnsureCustomSerializerNotInvokedForNullValues
Processing com.google.gson.functional.DefaultTypeAdaptersTest#testJsonObjectSerialization
Processing com.google.gson.functional.DefaultTypeAdaptersTest#testJsonObjectDeerialization
Processing com.google.gson.functional.ExclusionStrategyFunctionalTest#testExclusionStrategyDeserialization
Processing com.google.gson.functional.ExclusionStrategyFunctionalTest#testExclusionStrategyWithMode
Processing com.google.gson.functional.InheritanceTest#testClassWithBaseFieldSerialization
Processing com.google.gson.functional.InheritanceTest#testClassWithBaseArrayFieldSerialization
Processing com.google.gson.functional.InheritanceTest#testClassWithBaseCollectionFieldSerialization
Processing com.google.gson.functional.InheritanceTest#testBaseSerializedAsSub
Processing com.google.gson.functional.InheritanceTest#testBaseSerializedAsBaseWhenSpecifiedWithExplicitType
Processing com.google.gson.functional.InheritanceTest#testBaseSerializedAsSubWhenSpecifiedWithExplicitType
Processing com.google.gson.functional.JsonParserTest#testDeserializingCustomTree
Processing com.google.gson.functional.JsonParserTest#testBadTypeForDeserializingCustomTree
Processing com.google.gson.functional.JsonParserTest#testBadFieldTypeForCustomDeserializerCustomTree
Processing com.google.gson.functional.JsonParserTest#testBadFieldTypeForDeserializingCustomTree
Processing com.google.gson.functional.JsonParserTest#testChangingCustomTreeAndDeserializing
Processing com.google.gson.functional.JsonTreeTest#testToJsonTree
Processing com.google.gson.functional.JsonTreeTest#testToJsonTreeObjectType
Processing com.google.gson.functional.JsonTreeTest#testJsonTreeToString
Processing com.google.gson.functional.JsonTreeTest#testJsonTreeNull
Processing com.google.gson.functional.MapAsArrayTypeAdapterTest#testSerializeComplexMapWithTypeAdapter
Processing com.google.gson.functional.MapAsArrayTypeAdapterTest#testMultipleEnableComplexKeyRegistrationHasNoEffect
Processing com.google.gson.functional.MapAsArrayTypeAdapterTest#testMapWithTypeVariableSerialization
Processing com.google.gson.functional.MapTest#testInterfaceTypeMapWithSerializer
Processing com.google.gson.functional.MapTest#testMapNamePromotionWithJsonElementReader
Processing com.google.gson.functional.MoreSpecificTypeSerializationTest#testMapOfSubclassFields
Processing com.google.gson.functional.MoreSpecificTypeSerializationTest#testMapOfParameterizedSubclassFields
Processing com.google.gson.functional.NullObjectAndFieldTest#testCustomSerializationOfNulls
Processing com.google.gson.functional.NullObjectAndFieldTest#testCustomTypeAdapterPassesNullDesrialization
Processing com.google.gson.functional.ParameterizedTypesTest#testParameterizedTypeWithCustomSerializer
Processing com.google.gson.functional.ParameterizedTypesTest#testParameterizedTypesWithCustomDeserializer
Processing com.google.gson.functional.PrintFormattingTest#testJsonObjectWithNullValues
Processing com.google.gson.functional.PrintFormattingTest#testJsonObjectWithNullValuesSerialized
Processing com.google.gson.functional.ReadersWritersTest#testReadWriteTwoObjects
Processing com.google.gson.functional.StreamingTypeAdaptersTest#testFromJsonTree
Processing com.google.gson.functional.TypeHierarchyAdapterTest#testTypeHierarchy
Processing com.google.gson.functional.UncategorizedTest#testReturningDerivedClassesDuringDeserialization
Processing com.google.gson.internal.bind.JsonElementReaderTest#testObject
Processing com.google.gson.internal.bind.JsonElementReaderTest#testNestedObjects
Processing com.google.gson.internal.bind.JsonElementReaderTest#testSkipValue
Processing com.google.gson.internal.bind.JsonTreeWriterTest#testObject
Processing com.google.gson.internal.bind.JsonTreeWriterTest#testNestedObject
Processing com.google.gson.internal.bind.JsonTreeWriterTest#testSerializeNullsTrue
Processing com.google.gson.DefaultMapJsonSerializerTest#testNonEmptyMapSerialization
Processing com.google.gson.JsonObjectTest#testAddingAndRemovingObjectProperties
Processing com.google.gson.JsonObjectTest#testAddingNullPropertyValue
Processing com.google.gson.JsonObjectTest#testAddingNullOrEmptyPropertyName
Processing com.google.gson.JsonObjectTest#testAddingBooleanProperties
Processing com.google.gson.JsonObjectTest#testAddingStringProperties
Processing com.google.gson.JsonObjectTest#testAddingCharacterProperties
Processing com.google.gson.JsonObjectTest#testPropertyWithQuotes
Processing com.google.gson.JsonObjectTest#testWritePropertyWithEmptyStringName
Processing com.google.gson.JsonObjectTest#testReadPropertyWithEmptyStringName
Processing com.google.gson.JsonObjectTest#testEqualsNonEmptyObject
Processing com.google.gson.JsonParserTest#testParseString
Processing com.google.gson.JsonParserTest#testParseReader
Processing com.google.gson.JsonParserTest#testReadWriteTwoObjects
Processing com.google.gson.ObjectTypeAdapterTest#testDeserialize
Processing com.google.gson.ObjectTypeAdapterTest#testDeserializeNullValue
[INFO] Printing com.google.gson.functional.CustomSerializerTest to /tmp/v2/gson//src/test/java//com/google/gson/functional/CustomSerializerTest.java
[INFO] Printing com.google.gson.functional.CustomSerializerTest to /tmp/v2/gson//src/test/java//com/google/gson/functional/CustomSerializerTest.java
[INFO] Printing com.google.gson.functional.ReadersWritersTest to /tmp/v2/gson//src/test/java//com/google/gson/functional/ReadersWritersTest.java
[INFO] Printing com.google.gson.functional.CustomTypeAdaptersTest to /tmp/v2/gson//src/test/java//com/google/gson/functional/CustomTypeAdaptersTest.java
[INFO] Printing com.google.gson.functional.PrintFormattingTest to /tmp/v2/gson//src/test/java//com/google/gson/functional/PrintFormattingTest.java
[INFO] Printing com.google.gson.functional.CustomTypeAdaptersTest to /tmp/v2/gson//src/test/java//com/google/gson/functional/CustomTypeAdaptersTest.java
[INFO] Printing com.google.gson.functional.PrintFormattingTest to /tmp/v2/gson//src/test/java//com/google/gson/functional/PrintFormattingTest.java
[INFO] Printing com.google.gson.functional.CustomDeserializerTest to /tmp/v2/gson//src/test/java//com/google/gson/functional/CustomDeserializerTest.java
[INFO] Printing com.google.gson.functional.CustomDeserializerTest to /tmp/v2/gson//src/test/java//com/google/gson/functional/CustomDeserializerTest.java
[INFO] Printing com.google.gson.functional.InheritanceTest to /tmp/v2/gson//src/test/java//com/google/gson/functional/InheritanceTest.java
[INFO] Printing com.google.gson.functional.StreamingTypeAdaptersTest to /tmp/v2/gson//src/test/java//com/google/gson/functional/StreamingTypeAdaptersTest.java
[INFO] Printing com.google.gson.functional.InheritanceTest to /tmp/v2/gson//src/test/java//com/google/gson/functional/InheritanceTest.java
[INFO] Printing com.google.gson.internal.bind.JsonTreeWriterTest to /tmp/v2/gson//src/test/java//com/google/gson/internal/bind/JsonTreeWriterTest.java
[INFO] Printing com.google.gson.internal.bind.JsonTreeWriterTest to /tmp/v2/gson//src/test/java//com/google/gson/internal/bind/JsonTreeWriterTest.java
[INFO] Printing com.google.gson.functional.NullObjectAndFieldTest to /tmp/v2/gson//src/test/java//com/google/gson/functional/NullObjectAndFieldTest.java
[INFO] Printing com.google.gson.ObjectTypeAdapterTest to /tmp/v2/gson//src/test/java//com/google/gson/ObjectTypeAdapterTest.java
[INFO] Printing com.google.gson.functional.NullObjectAndFieldTest to /tmp/v2/gson//src/test/java//com/google/gson/functional/NullObjectAndFieldTest.java
[INFO] Printing com.google.gson.ObjectTypeAdapterTest to /tmp/v2/gson//src/test/java//com/google/gson/ObjectTypeAdapterTest.java
[INFO] Printing com.google.gson.functional.UncategorizedTest to /tmp/v2/gson//src/test/java//com/google/gson/functional/UncategorizedTest.java
[INFO] Printing com.google.gson.functional.TypeHierarchyAdapterTest to /tmp/v2/gson//src/test/java//com/google/gson/functional/TypeHierarchyAdapterTest.java
[INFO] Printing com.google.gson.functional.ParameterizedTypesTest to /tmp/v2/gson//src/test/java//com/google/gson/functional/ParameterizedTypesTest.java
[INFO] Printing com.google.gson.functional.ParameterizedTypesTest to /tmp/v2/gson//src/test/java//com/google/gson/functional/ParameterizedTypesTest.java
[INFO] Printing com.google.gson.functional.JsonParserTest to /tmp/v2/gson//src/test/java//com/google/gson/functional/JsonParserTest.java
[INFO] Printing com.google.gson.JsonParserTest to /tmp/v2/gson//src/test/java//com/google/gson/JsonParserTest.java
[INFO] Printing com.google.gson.functional.JsonParserTest to /tmp/v2/gson//src/test/java//com/google/gson/functional/JsonParserTest.java
[INFO] Printing com.google.gson.JsonParserTest to /tmp/v2/gson//src/test/java//com/google/gson/JsonParserTest.java
[INFO] Printing com.google.gson.internal.bind.JsonElementReaderTest to /tmp/v2/gson//src/test/java//com/google/gson/internal/bind/JsonElementReaderTest.java
[INFO] Printing com.google.gson.internal.bind.JsonElementReaderTest to /tmp/v2/gson//src/test/java//com/google/gson/internal/bind/JsonElementReaderTest.java
[INFO] Printing com.google.gson.functional.DefaultTypeAdaptersTest to /tmp/v2/gson//src/test/java//com/google/gson/functional/DefaultTypeAdaptersTest.java
[INFO] Printing com.google.gson.functional.DefaultTypeAdaptersTest to /tmp/v2/gson//src/test/java//com/google/gson/functional/DefaultTypeAdaptersTest.java
[INFO] Printing com.google.gson.functional.CircularReferenceTest to /tmp/v2/gson//src/test/java//com/google/gson/functional/CircularReferenceTest.java
[INFO] Printing com.google.gson.functional.ExclusionStrategyFunctionalTest to /tmp/v2/gson//src/test/java//com/google/gson/functional/ExclusionStrategyFunctionalTest.java
[INFO] Printing com.google.gson.functional.JsonTreeTest to /tmp/v2/gson//src/test/java//com/google/gson/functional/JsonTreeTest.java
[INFO] Printing com.google.gson.functional.MoreSpecificTypeSerializationTest to /tmp/v2/gson//src/test/java//com/google/gson/functional/MoreSpecificTypeSerializationTest.java
[INFO] Printing com.google.gson.JsonObjectTest to /tmp/v2/gson//src/test/java//com/google/gson/JsonObjectTest.java
[INFO] Printing com.google.gson.functional.ExclusionStrategyFunctionalTest to /tmp/v2/gson//src/test/java//com/google/gson/functional/ExclusionStrategyFunctionalTest.java
[INFO] Printing com.google.gson.functional.JsonTreeTest to /tmp/v2/gson//src/test/java//com/google/gson/functional/JsonTreeTest.java
[INFO] Printing com.google.gson.functional.MoreSpecificTypeSerializationTest to /tmp/v2/gson//src/test/java//com/google/gson/functional/MoreSpecificTypeSerializationTest.java
[INFO] Printing com.google.gson.JsonObjectTest to /tmp/v2/gson//src/test/java//com/google/gson/JsonObjectTest.java
[INFO] Printing com.google.gson.functional.MapTest to /tmp/v2/gson//src/test/java//com/google/gson/functional/MapTest.java
[INFO] Printing com.google.gson.functional.MapTest to /tmp/v2/gson//src/test/java//com/google/gson/functional/MapTest.java
[INFO] Printing com.google.gson.DefaultMapJsonSerializerTest to /tmp/v2/gson//src/test/java//com/google/gson/DefaultMapJsonSerializerTest.java
[INFO] Printing com.google.gson.functional.CollectionTest to /tmp/v2/gson//src/test/java//com/google/gson/functional/CollectionTest.java
[INFO] Printing com.google.gson.functional.MapAsArrayTypeAdapterTest to /tmp/v2/gson//src/test/java//com/google/gson/functional/MapAsArrayTypeAdapterTest.java
[INFO] Printing com.google.gson.functional.MapAsArrayTypeAdapterTest to /tmp/v2/gson//src/test/java//com/google/gson/functional/MapAsArrayTypeAdapterTest.java
[INFO] Injecting JUnit-Jjoules in /tmp/v2/gson//pom.xml
[INFO] Output new POM file in /tmp/v2/gson//pom.xml
[INFO] ------------------------------------------------------------------------
[INFO] BUILD SUCCESS
[INFO] ------------------------------------------------------------------------
[INFO] Total time:  13.400 s
[INFO] Finished at: 2021-01-05T19:38:29+01:00
[INFO] ------------------------------------------------------------------------
