[INFO] Scanning for projects...
[INFO] 
[INFO] ---------------------< com.google.code.gson:gson >----------------------
[INFO] Building Gson 2.0-SNAPSHOT
[INFO] --------------------------------[ jar ]---------------------------------
[INFO] 
[INFO] --- maven-clean-plugin:2.5:clean (default-clean) @ gson ---
[INFO] Deleting /tmp/v1/gson/target
[INFO] 
[INFO] --- cobertura-maven-plugin:2.4:clean (clean) @ gson ---
[INFO] 
[INFO] --- maven-enforcer-plugin:1.0-beta-1:enforce (enforce-maven) @ gson ---
[INFO] 
[INFO] --- maven-resources-plugin:2.6:resources (default-resources) @ gson ---
[INFO] Using 'UTF-8' encoding to copy filtered resources.
[INFO] skip non existing resourceDirectory /tmp/v1/gson/src/main/resources
[INFO] 
[INFO] --- maven-compiler-plugin:2.3.2:compile (default-compile) @ gson ---
[INFO] Compiling 93 source files to /tmp/v1/gson/target/classes
[INFO] 
[INFO] --- maven-resources-plugin:2.6:testResources (default-testResources) @ gson ---
[INFO] Using 'UTF-8' encoding to copy filtered resources.
[INFO] skip non existing resourceDirectory /tmp/v1/gson/src/test/resources
[INFO] 
[INFO] --- maven-compiler-plugin:2.3.2:testCompile (default-testCompile) @ gson ---
[INFO] Compiling 85 source files to /tmp/v1/gson/target/test-classes
[INFO] 
[INFO] --- maven-surefire-plugin:2.12.4:test (default-test) @ gson ---
[INFO] Tests are skipped.
[INFO] 
[INFO] --- maven-dependency-plugin:2.8:build-classpath (default-cli) @ gson ---
[INFO] Skipped writing classpath file '/tmp/v1/gson/classpath'.  No changes found.
[INFO] 
[INFO] --- diff-jjoules:0.0.1-SNAPSHOT:instrument (default-cli) @ gson ---
[INFO] Running on:
[INFO] /tmp/v1/gson
[INFO] /tmp/v2/gson/
[INFO] Enable JUnit4 mode
[INFO] Configuration{pathToFirstVersion='/tmp/v1/gson', pathToSecondVersion='/tmp/v2/gson/', pathToTestListAsCSV='/tmp/v1/gson/testsThatExecuteTheChange.csv', classpath=[/home/spino/.m2/repository/junit/junit/3.8.2/junit-3.8.2.jar], junit4=true}
[INFO] com.google.gson.functional.ParameterizedTypesTest:[testParameterizedTypeWithCustomSerializer]
com.google.gson.functional.CustomTypeAdaptersTest:[testCustomTypeAdapterDoesNotAppliesToSubClasses, testCustomAdapterInvokedForCollectionElementSerializationWithType, testCustomTypeAdapterAppliesToSubClassesSerializedAsBaseClass, testCustomAdapterInvokedForMapElementSerialization, testCustomSerializers, testCustomAdapterInvokedForMapElementSerializationWithType, testCustomNestedSerializers, testCustomByteArraySerializer, testCustomAdapterInvokedForCollectionElementSerialization, testEnsureCustomSerializerNotInvokedForNullValues]
com.google.gson.functional.NullObjectAndFieldTest:[testTopLevelNullObjectSerialization, testCustomTypeAdapterPassesNullSerialization, testCustomSerializationOfNulls]
com.google.gson.functional.ReadersWritersTest:[testTopLevelNullObjectSerializationWithWriterAndSerializeNulls]
com.google.gson.functional.EnumTest:[testEnumSubclassWithRegisteredTypeAdapter]
com.google.gson.functional.TypeHierarchyAdapterTest:[testRegisterSuperTypeFirst, testTypeHierarchy]
com.google.gson.functional.CustomSerializerTest:[testSerializerReturnsNull, testSubClassSerializerInvokedForBaseClassFieldsHoldingSubClassInstances, testBaseClassSerializerInvokedForBaseClassFieldsHoldingSubClassInstances, testBaseClassSerializerInvokedForBaseClassFields, testSubClassSerializerInvokedForBaseClassFieldsHoldingArrayOfSubClassInstances]
com.google.gson.JsonObjectTest:[testPropertyWithQuotes, testWritePropertyWithEmptyStringName]
com.google.gson.functional.JsonTreeTest:[testJsonTreeToString]
com.google.gson.functional.ObjectTest:[testJsonObjectSerialization]
com.google.gson.functional.MapTest:[testInterfaceTypeMapWithSerializer, testCustomSerializerForSpecificMapType]
com.google.gson.functional.MapAsArrayTypeAdapterTest:[testMultipleEnableComplexKeyRegistrationHasNoEffect, testSerializeComplexMapWithTypeAdapter, testMapWithTypeVariableSerialization]
com.google.gson.functional.PrintFormattingTest:[testJsonObjectWithNullValues, testJsonObjectWithNullValuesSerialized]
com.google.gson.JsonParserTest:[testParseMixedArray]
com.google.gson.internal.bind.JsonElementWriterTest:[testSerializeNullsTrue, testArray, testObject, testNestedObject, testNestedArray, testSerializeNullsFalse, testLenientNansAndInfinities]
com.google.gson.JsonDeserializerExceptionWrapperTest:[testWrappedExceptionPropagation]
com.google.gson.GsonTypeAdapterTest:[testTypeAdapterThrowsException, testTypeAdapterProperlyConvertsTypes]
com.google.gson.JsonPrimitiveTest:[testValidJsonOnToString, testEqualsIntegerAndBigInteger]
com.google.gson.functional.DefaultTypeAdaptersTest:[testDateSerializationWithPattern, testTimestampSerialization, testSqlDateSerialization, testDateSerializationWithPatternNotOverridenByTypeAdapter, testDateSerializationInCollection, testDateDeserializationWithPattern]
[INFO] Instrument version before commit...
[INFO] Run on /tmp/v1/gson
[INFO] Running in NOCLASSPATH mode (doc: http://spoon.gforge.inria.fr/launcher.html).
[INFO] fr.davidson.diff.jjoules.process.junit4.JJoulesProcessor
Processing com.google.gson.functional.CustomSerializerTest#testBaseClassSerializerInvokedForBaseClassFields
Processing com.google.gson.functional.CustomSerializerTest#testSubClassSerializerInvokedForBaseClassFieldsHoldingSubClassInstances
Processing com.google.gson.functional.CustomSerializerTest#testSubClassSerializerInvokedForBaseClassFieldsHoldingArrayOfSubClassInstances
Processing com.google.gson.functional.CustomSerializerTest#testBaseClassSerializerInvokedForBaseClassFieldsHoldingSubClassInstances
Processing com.google.gson.functional.CustomSerializerTest#testSerializerReturnsNull
Processing com.google.gson.functional.CustomTypeAdaptersTest#testCustomSerializers
Processing com.google.gson.functional.CustomTypeAdaptersTest#testCustomNestedSerializers
Processing com.google.gson.functional.CustomTypeAdaptersTest#testCustomTypeAdapterDoesNotAppliesToSubClasses
Processing com.google.gson.functional.CustomTypeAdaptersTest#testCustomTypeAdapterAppliesToSubClassesSerializedAsBaseClass
Processing com.google.gson.functional.CustomTypeAdaptersTest#testCustomByteArraySerializer
Processing com.google.gson.functional.CustomTypeAdaptersTest#testCustomAdapterInvokedForCollectionElementSerializationWithType
Processing com.google.gson.functional.CustomTypeAdaptersTest#testCustomAdapterInvokedForCollectionElementSerialization
Processing com.google.gson.functional.CustomTypeAdaptersTest#testCustomAdapterInvokedForMapElementSerializationWithType
Processing com.google.gson.functional.CustomTypeAdaptersTest#testCustomAdapterInvokedForMapElementSerialization
Processing com.google.gson.functional.CustomTypeAdaptersTest#testEnsureCustomSerializerNotInvokedForNullValues
Processing com.google.gson.functional.DefaultTypeAdaptersTest#testDateSerializationWithPattern
Processing com.google.gson.functional.DefaultTypeAdaptersTest#testDateDeserializationWithPattern
Processing com.google.gson.functional.DefaultTypeAdaptersTest#testDateSerializationWithPatternNotOverridenByTypeAdapter
Processing com.google.gson.functional.DefaultTypeAdaptersTest#testDateSerializationInCollection
Processing com.google.gson.functional.DefaultTypeAdaptersTest#testTimestampSerialization
Processing com.google.gson.functional.DefaultTypeAdaptersTest#testSqlDateSerialization
Processing com.google.gson.functional.EnumTest#testEnumSubclassWithRegisteredTypeAdapter
Processing com.google.gson.functional.JsonTreeTest#testJsonTreeToString
Processing com.google.gson.functional.MapAsArrayTypeAdapterTest#testSerializeComplexMapWithTypeAdapter
Processing com.google.gson.functional.MapAsArrayTypeAdapterTest#testMultipleEnableComplexKeyRegistrationHasNoEffect
Processing com.google.gson.functional.MapAsArrayTypeAdapterTest#testMapWithTypeVariableSerialization
Processing com.google.gson.functional.MapTest#testCustomSerializerForSpecificMapType
Processing com.google.gson.functional.MapTest#testInterfaceTypeMapWithSerializer
Processing com.google.gson.functional.NullObjectAndFieldTest#testTopLevelNullObjectSerialization
Processing com.google.gson.functional.NullObjectAndFieldTest#testCustomSerializationOfNulls
Processing com.google.gson.functional.NullObjectAndFieldTest#testCustomTypeAdapterPassesNullSerialization
Processing com.google.gson.functional.ObjectTest#testJsonObjectSerialization
Processing com.google.gson.functional.ParameterizedTypesTest#testParameterizedTypeWithCustomSerializer
Processing com.google.gson.functional.PrintFormattingTest#testJsonObjectWithNullValues
Processing com.google.gson.functional.PrintFormattingTest#testJsonObjectWithNullValuesSerialized
Processing com.google.gson.functional.ReadersWritersTest#testTopLevelNullObjectSerializationWithWriterAndSerializeNulls
Processing com.google.gson.functional.TypeHierarchyAdapterTest#testTypeHierarchy
Processing com.google.gson.functional.TypeHierarchyAdapterTest#testRegisterSuperTypeFirst
Processing com.google.gson.internal.bind.JsonElementWriterTest#testArray
Processing com.google.gson.internal.bind.JsonElementWriterTest#testNestedArray
Processing com.google.gson.internal.bind.JsonElementWriterTest#testObject
Processing com.google.gson.internal.bind.JsonElementWriterTest#testNestedObject
Processing com.google.gson.internal.bind.JsonElementWriterTest#testSerializeNullsFalse
Processing com.google.gson.internal.bind.JsonElementWriterTest#testSerializeNullsTrue
Processing com.google.gson.internal.bind.JsonElementWriterTest#testLenientNansAndInfinities
Processing com.google.gson.GsonTypeAdapterTest#testTypeAdapterThrowsException
Processing com.google.gson.GsonTypeAdapterTest#testTypeAdapterProperlyConvertsTypes
Processing com.google.gson.JsonDeserializerExceptionWrapperTest#testWrappedExceptionPropagation
Processing com.google.gson.JsonObjectTest#testPropertyWithQuotes
Processing com.google.gson.JsonObjectTest#testWritePropertyWithEmptyStringName
Processing com.google.gson.JsonParserTest#testParseMixedArray
Processing com.google.gson.JsonPrimitiveTest#testValidJsonOnToString
Processing com.google.gson.JsonPrimitiveTest#testEqualsIntegerAndBigInteger
[INFO] Printing com.google.gson.functional.TypeHierarchyAdapterTest to /tmp/v1/gson/src/test/java//com/google/gson/functional/TypeHierarchyAdapterTest.java
[INFO] Printing com.google.gson.functional.CustomSerializerTest to /tmp/v1/gson/src/test/java//com/google/gson/functional/CustomSerializerTest.java
[INFO] Printing com.google.gson.functional.ParameterizedTypesTest to /tmp/v1/gson/src/test/java//com/google/gson/functional/ParameterizedTypesTest.java
[INFO] Printing com.google.gson.functional.ReadersWritersTest to /tmp/v1/gson/src/test/java//com/google/gson/functional/ReadersWritersTest.java
[INFO] Printing com.google.gson.internal.bind.JsonElementWriterTest to /tmp/v1/gson/src/test/java//com/google/gson/internal/bind/JsonElementWriterTest.java
[INFO] Printing com.google.gson.JsonDeserializerExceptionWrapperTest to /tmp/v1/gson/src/test/java//com/google/gson/JsonDeserializerExceptionWrapperTest.java
[INFO] Printing com.google.gson.functional.CustomTypeAdaptersTest to /tmp/v1/gson/src/test/java//com/google/gson/functional/CustomTypeAdaptersTest.java
[INFO] Printing com.google.gson.functional.PrintFormattingTest to /tmp/v1/gson/src/test/java//com/google/gson/functional/PrintFormattingTest.java
[INFO] Printing com.google.gson.JsonParserTest to /tmp/v1/gson/src/test/java//com/google/gson/JsonParserTest.java
[INFO] Printing com.google.gson.functional.DefaultTypeAdaptersTest to /tmp/v1/gson/src/test/java//com/google/gson/functional/DefaultTypeAdaptersTest.java
[INFO] Printing com.google.gson.GsonTypeAdapterTest to /tmp/v1/gson/src/test/java//com/google/gson/GsonTypeAdapterTest.java
[INFO] Printing com.google.gson.functional.JsonTreeTest to /tmp/v1/gson/src/test/java//com/google/gson/functional/JsonTreeTest.java
[INFO] Printing com.google.gson.JsonObjectTest to /tmp/v1/gson/src/test/java//com/google/gson/JsonObjectTest.java
[INFO] Printing com.google.gson.functional.MapTest to /tmp/v1/gson/src/test/java//com/google/gson/functional/MapTest.java
[INFO] Printing com.google.gson.functional.EnumTest to /tmp/v1/gson/src/test/java//com/google/gson/functional/EnumTest.java
[INFO] Printing com.google.gson.JsonPrimitiveTest to /tmp/v1/gson/src/test/java//com/google/gson/JsonPrimitiveTest.java
[INFO] Printing com.google.gson.functional.ObjectTest to /tmp/v1/gson/src/test/java//com/google/gson/functional/ObjectTest.java
[INFO] Printing com.google.gson.functional.NullObjectAndFieldTest to /tmp/v1/gson/src/test/java//com/google/gson/functional/NullObjectAndFieldTest.java
[INFO] Printing com.google.gson.functional.MapAsArrayTypeAdapterTest to /tmp/v1/gson/src/test/java//com/google/gson/functional/MapAsArrayTypeAdapterTest.java
[INFO] Injecting JUnit-Jjoules in /tmp/v1/gson/pom.xml
[INFO] Output new POM file in /tmp/v1/gson/pom.xml
[INFO] Instrument version after commit...
[INFO] Run on /tmp/v2/gson/
[INFO] Running in NOCLASSPATH mode (doc: http://spoon.gforge.inria.fr/launcher.html).
[INFO] fr.davidson.diff.jjoules.process.junit4.JJoulesProcessor
Processing com.google.gson.functional.CustomSerializerTest#testBaseClassSerializerInvokedForBaseClassFields
Processing com.google.gson.functional.CustomSerializerTest#testSubClassSerializerInvokedForBaseClassFieldsHoldingSubClassInstances
Processing com.google.gson.functional.CustomSerializerTest#testSubClassSerializerInvokedForBaseClassFieldsHoldingArrayOfSubClassInstances
Processing com.google.gson.functional.CustomSerializerTest#testBaseClassSerializerInvokedForBaseClassFieldsHoldingSubClassInstances
Processing com.google.gson.functional.CustomSerializerTest#testSerializerReturnsNull
Processing com.google.gson.functional.CustomTypeAdaptersTest#testCustomSerializers
Processing com.google.gson.functional.CustomTypeAdaptersTest#testCustomNestedSerializers
Processing com.google.gson.functional.CustomTypeAdaptersTest#testCustomTypeAdapterDoesNotAppliesToSubClasses
Processing com.google.gson.functional.CustomTypeAdaptersTest#testCustomTypeAdapterAppliesToSubClassesSerializedAsBaseClass
Processing com.google.gson.functional.CustomTypeAdaptersTest#testCustomByteArraySerializer
Processing com.google.gson.functional.CustomTypeAdaptersTest#testCustomAdapterInvokedForCollectionElementSerializationWithType
Processing com.google.gson.functional.CustomTypeAdaptersTest#testCustomAdapterInvokedForCollectionElementSerialization
Processing com.google.gson.functional.CustomTypeAdaptersTest#testCustomAdapterInvokedForMapElementSerializationWithType
Processing com.google.gson.functional.CustomTypeAdaptersTest#testCustomAdapterInvokedForMapElementSerialization
Processing com.google.gson.functional.CustomTypeAdaptersTest#testEnsureCustomSerializerNotInvokedForNullValues
Processing com.google.gson.functional.DefaultTypeAdaptersTest#testDateSerializationWithPattern
Processing com.google.gson.functional.DefaultTypeAdaptersTest#testDateDeserializationWithPattern
Processing com.google.gson.functional.DefaultTypeAdaptersTest#testDateSerializationWithPatternNotOverridenByTypeAdapter
Processing com.google.gson.functional.DefaultTypeAdaptersTest#testDateSerializationInCollection
Processing com.google.gson.functional.DefaultTypeAdaptersTest#testTimestampSerialization
Processing com.google.gson.functional.DefaultTypeAdaptersTest#testSqlDateSerialization
Processing com.google.gson.functional.EnumTest#testEnumSubclassWithRegisteredTypeAdapter
Processing com.google.gson.functional.JsonTreeTest#testJsonTreeToString
Processing com.google.gson.functional.MapAsArrayTypeAdapterTest#testSerializeComplexMapWithTypeAdapter
Processing com.google.gson.functional.MapAsArrayTypeAdapterTest#testMultipleEnableComplexKeyRegistrationHasNoEffect
Processing com.google.gson.functional.MapAsArrayTypeAdapterTest#testMapWithTypeVariableSerialization
Processing com.google.gson.functional.MapTest#testCustomSerializerForSpecificMapType
Processing com.google.gson.functional.MapTest#testInterfaceTypeMapWithSerializer
Processing com.google.gson.functional.NullObjectAndFieldTest#testTopLevelNullObjectSerialization
Processing com.google.gson.functional.NullObjectAndFieldTest#testCustomSerializationOfNulls
Processing com.google.gson.functional.NullObjectAndFieldTest#testCustomTypeAdapterPassesNullSerialization
Processing com.google.gson.functional.ObjectTest#testJsonObjectSerialization
Processing com.google.gson.functional.ParameterizedTypesTest#testParameterizedTypeWithCustomSerializer
Processing com.google.gson.functional.PrintFormattingTest#testJsonObjectWithNullValues
Processing com.google.gson.functional.PrintFormattingTest#testJsonObjectWithNullValuesSerialized
Processing com.google.gson.functional.ReadersWritersTest#testTopLevelNullObjectSerializationWithWriterAndSerializeNulls
Processing com.google.gson.functional.TypeHierarchyAdapterTest#testTypeHierarchy
Processing com.google.gson.functional.TypeHierarchyAdapterTest#testRegisterSuperTypeFirst
Processing com.google.gson.internal.bind.JsonElementWriterTest#testArray
Processing com.google.gson.internal.bind.JsonElementWriterTest#testNestedArray
Processing com.google.gson.internal.bind.JsonElementWriterTest#testObject
Processing com.google.gson.internal.bind.JsonElementWriterTest#testNestedObject
Processing com.google.gson.internal.bind.JsonElementWriterTest#testSerializeNullsFalse
Processing com.google.gson.internal.bind.JsonElementWriterTest#testSerializeNullsTrue
Processing com.google.gson.internal.bind.JsonElementWriterTest#testLenientNansAndInfinities
Processing com.google.gson.GsonTypeAdapterTest#testTypeAdapterThrowsException
Processing com.google.gson.GsonTypeAdapterTest#testTypeAdapterProperlyConvertsTypes
Processing com.google.gson.JsonDeserializerExceptionWrapperTest#testWrappedExceptionPropagation
Processing com.google.gson.JsonObjectTest#testPropertyWithQuotes
Processing com.google.gson.JsonObjectTest#testWritePropertyWithEmptyStringName
Processing com.google.gson.JsonParserTest#testParseMixedArray
Processing com.google.gson.JsonPrimitiveTest#testValidJsonOnToString
Processing com.google.gson.JsonPrimitiveTest#testEqualsIntegerAndBigInteger
[INFO] Printing com.google.gson.functional.CustomSerializerTest to /tmp/v2/gson//src/test/java//com/google/gson/functional/CustomSerializerTest.java
[INFO] Printing com.google.gson.functional.CustomSerializerTest to /tmp/v2/gson//src/test/java//com/google/gson/functional/CustomSerializerTest.java
[INFO] Printing com.google.gson.functional.ReadersWritersTest to /tmp/v2/gson//src/test/java//com/google/gson/functional/ReadersWritersTest.java
[INFO] Printing com.google.gson.internal.bind.JsonElementWriterTest to /tmp/v2/gson//src/test/java//com/google/gson/internal/bind/JsonElementWriterTest.java
[INFO] Printing com.google.gson.functional.ReadersWritersTest to /tmp/v2/gson//src/test/java//com/google/gson/functional/ReadersWritersTest.java
[INFO] Printing com.google.gson.internal.bind.JsonElementWriterTest to /tmp/v2/gson//src/test/java//com/google/gson/internal/bind/JsonElementWriterTest.java
[INFO] Printing com.google.gson.functional.CustomTypeAdaptersTest to /tmp/v2/gson//src/test/java//com/google/gson/functional/CustomTypeAdaptersTest.java
[INFO] Printing com.google.gson.functional.PrintFormattingTest to /tmp/v2/gson//src/test/java//com/google/gson/functional/PrintFormattingTest.java
[INFO] Printing com.google.gson.functional.CustomTypeAdaptersTest to /tmp/v2/gson//src/test/java//com/google/gson/functional/CustomTypeAdaptersTest.java
[INFO] Printing com.google.gson.functional.PrintFormattingTest to /tmp/v2/gson//src/test/java//com/google/gson/functional/PrintFormattingTest.java
[INFO] Printing com.google.gson.GsonTypeAdapterTest to /tmp/v2/gson//src/test/java//com/google/gson/GsonTypeAdapterTest.java
[INFO] Printing com.google.gson.GsonTypeAdapterTest to /tmp/v2/gson//src/test/java//com/google/gson/GsonTypeAdapterTest.java
[INFO] Printing com.google.gson.functional.NullObjectAndFieldTest to /tmp/v2/gson//src/test/java//com/google/gson/functional/NullObjectAndFieldTest.java
[INFO] Printing com.google.gson.functional.NullObjectAndFieldTest to /tmp/v2/gson//src/test/java//com/google/gson/functional/NullObjectAndFieldTest.java
[INFO] Printing com.google.gson.functional.TypeHierarchyAdapterTest to /tmp/v2/gson//src/test/java//com/google/gson/functional/TypeHierarchyAdapterTest.java
[INFO] Printing com.google.gson.functional.TypeHierarchyAdapterTest to /tmp/v2/gson//src/test/java//com/google/gson/functional/TypeHierarchyAdapterTest.java
[INFO] Printing com.google.gson.functional.ParameterizedTypesTest to /tmp/v2/gson//src/test/java//com/google/gson/functional/ParameterizedTypesTest.java
[INFO] Printing com.google.gson.JsonDeserializerExceptionWrapperTest to /tmp/v2/gson//src/test/java//com/google/gson/JsonDeserializerExceptionWrapperTest.java
[INFO] Printing com.google.gson.JsonParserTest to /tmp/v2/gson//src/test/java//com/google/gson/JsonParserTest.java
[INFO] Printing com.google.gson.functional.DefaultTypeAdaptersTest to /tmp/v2/gson//src/test/java//com/google/gson/functional/DefaultTypeAdaptersTest.java
[INFO] Printing com.google.gson.functional.DefaultTypeAdaptersTest to /tmp/v2/gson//src/test/java//com/google/gson/functional/DefaultTypeAdaptersTest.java
[INFO] Printing com.google.gson.functional.JsonTreeTest to /tmp/v2/gson//src/test/java//com/google/gson/functional/JsonTreeTest.java
[INFO] Printing com.google.gson.JsonObjectTest to /tmp/v2/gson//src/test/java//com/google/gson/JsonObjectTest.java
[INFO] Printing com.google.gson.JsonObjectTest to /tmp/v2/gson//src/test/java//com/google/gson/JsonObjectTest.java
[INFO] Printing com.google.gson.functional.MapTest to /tmp/v2/gson//src/test/java//com/google/gson/functional/MapTest.java
[INFO] Printing com.google.gson.functional.MapTest to /tmp/v2/gson//src/test/java//com/google/gson/functional/MapTest.java
[INFO] Printing com.google.gson.functional.EnumTest to /tmp/v2/gson//src/test/java//com/google/gson/functional/EnumTest.java
[INFO] Printing com.google.gson.JsonPrimitiveTest to /tmp/v2/gson//src/test/java//com/google/gson/JsonPrimitiveTest.java
[INFO] Printing com.google.gson.JsonPrimitiveTest to /tmp/v2/gson//src/test/java//com/google/gson/JsonPrimitiveTest.java
[INFO] Printing com.google.gson.functional.ObjectTest to /tmp/v2/gson//src/test/java//com/google/gson/functional/ObjectTest.java
[INFO] Printing com.google.gson.functional.ObjectTest to /tmp/v2/gson//src/test/java//com/google/gson/functional/ObjectTest.java
[INFO] Printing com.google.gson.functional.MapAsArrayTypeAdapterTest to /tmp/v2/gson//src/test/java//com/google/gson/functional/MapAsArrayTypeAdapterTest.java
[INFO] Printing com.google.gson.functional.MapAsArrayTypeAdapterTest to /tmp/v2/gson//src/test/java//com/google/gson/functional/MapAsArrayTypeAdapterTest.java
[INFO] Injecting JUnit-Jjoules in /tmp/v2/gson//pom.xml
[INFO] Output new POM file in /tmp/v2/gson//pom.xml
[INFO] ------------------------------------------------------------------------
[INFO] BUILD SUCCESS
[INFO] ------------------------------------------------------------------------
[INFO] Total time:  12.245 s
[INFO] Finished at: 2021-01-06T17:11:57+01:00
[INFO] ------------------------------------------------------------------------
