[INFO] Scanning for projects...
[WARNING] 
[WARNING] Some problems were encountered while building the effective model for com.google.code.gson:gson:jar:1.3b3
[WARNING] 'build.plugins.plugin.version' for org.apache.maven.plugins:maven-compiler-plugin is missing. @ line 53, column 15
[WARNING] 'build.plugins.plugin.version' for org.codehaus.mojo:cobertura-maven-plugin is missing. @ line 182, column 15
[WARNING] 'build.plugins.plugin.version' for org.apache.maven.plugins:maven-jar-plugin is missing. @ line 61, column 16
[WARNING] 'build.plugins.plugin.version' for org.apache.maven.plugins:maven-jxr-plugin is missing. @ line 145, column 15
[WARNING] 'build.plugins.plugin.version' for org.apache.maven.plugins:maven-pmd-plugin is missing. @ line 149, column 15
[WARNING] 'build.plugins.plugin.version' for org.codehaus.mojo:taglist-maven-plugin is missing. @ line 170, column 15
[WARNING] 'build.plugins.plugin.version' for org.apache.maven.plugins:maven-checkstyle-plugin is missing. @ line 162, column 15
[WARNING] 'build.plugins.plugin.version' for org.apache.maven.plugins:maven-source-plugin is missing. @ line 73, column 16
[WARNING] 'build.plugins.plugin.version' for org.apache.maven.plugins:maven-javadoc-plugin is missing. @ line 87, column 16
[WARNING] 'build.plugins.plugin.version' for org.apache.maven.plugins:maven-eclipse-plugin is missing. @ line 107, column 16
[WARNING] The expression ${version} is deprecated. Please use ${project.version} instead.
[WARNING] 
[WARNING] It is highly recommended to fix these problems because they threaten the stability of your build.
[WARNING] 
[WARNING] For this reason, future Maven versions might no longer support building such malformed projects.
[WARNING] 
[INFO] 
[INFO] ---------------------< com.google.code.gson:gson >----------------------
[INFO] Building Gson 1.3b3
[INFO] --------------------------------[ jar ]---------------------------------
[INFO] 
[INFO] --- maven-clean-plugin:2.5:clean (default-clean) @ gson ---
[INFO] Deleting /tmp/v1/gson/target
[INFO] 
[INFO] --- cobertura-maven-plugin:2.7:clean (clean) @ gson ---
[INFO] 
[INFO] --- maven-resources-plugin:2.6:resources (default-resources) @ gson ---
[WARNING] Using platform encoding (UTF-8 actually) to copy filtered resources, i.e. build is platform dependent!
[INFO] Copying 1 resource
[INFO] 
[INFO] --- maven-compiler-plugin:3.1:compile (default-compile) @ gson ---
[INFO] Changes detected - recompiling the module!
[WARNING] File encoding has not been set, using platform encoding UTF-8, i.e. build is platform dependent!
[INFO] Compiling 85 source files to /tmp/v1/gson/target/classes
[WARNING] /tmp/v1/gson/src/main/java/com/google/gson/JsonParserImpl.java: /tmp/v1/gson/src/main/java/com/google/gson/JsonParserImpl.java uses unchecked or unsafe operations.
[WARNING] /tmp/v1/gson/src/main/java/com/google/gson/JsonParserImpl.java: Recompile with -Xlint:unchecked for details.
[INFO] 
[INFO] --- maven-resources-plugin:2.6:testResources (default-testResources) @ gson ---
[WARNING] Using platform encoding (UTF-8 actually) to copy filtered resources, i.e. build is platform dependent!
[INFO] skip non existing resourceDirectory /tmp/v1/gson/src/test/resources
[INFO] 
[INFO] --- maven-compiler-plugin:3.1:testCompile (default-testCompile) @ gson ---
[INFO] Changes detected - recompiling the module!
[WARNING] File encoding has not been set, using platform encoding UTF-8, i.e. build is platform dependent!
[INFO] Compiling 66 source files to /tmp/v1/gson/target/test-classes
[INFO] 
[INFO] --- maven-surefire-plugin:2.12.4:test (default-test) @ gson ---
[INFO] Tests are skipped.
[INFO] 
[INFO] --- maven-dependency-plugin:2.8:build-classpath (default-cli) @ gson ---
[INFO] Skipped writing classpath file '/tmp/v1/gson/classpath'.  No changes found.
[INFO] 
[INFO] --- diff-jjoules:0.0.1-SNAPSHOT:instrument (default-cli) @ gson ---
[INFO] Running on:
[INFO] /tmp/v1/gson
[INFO] /tmp/v2/gson/
[INFO] Enable JUnit4 mode
[INFO] Configuration{pathToFirstVersion='/tmp/v1/gson', pathToSecondVersion='/tmp/v2/gson/', pathToTestListAsCSV='/tmp/v1/gson/testsThatExecuteTheChange.csv', classpath=[/home/spino/.m2/repository/junit/junit/3.8.2/junit-3.8.2.jar], junit4=true}
[INFO] com.google.gson.functional.CollectionTest:[testWildcardCollectionField, testSetDeserialization]
com.google.gson.functional.ParameterizedTypesTest:[testParameterizedTypeWithReaderDeserialization, testParameterizedTypeDeserialization, testParameterizedTypeGenericArraysDeserialization, testVariableTypeFieldsAndGenericArraysDeserialization, testVariableTypeDeserialization, testDeepParameterizedTypeDeserialization, testParameterizedTypeWithVariableTypeDeserialization, testVariableTypeArrayDeserialization, testTypesWithMultipleParametersDeserialization]
com.google.gson.functional.ExposeFieldsTest:[testExposedInterfaceFieldDeserialization, testExposeAnnotationDeserialization]
com.google.gson.functional.CustomTypeAdaptersTest:[testCustomNestedDeserializers, testCustomDeserializerForLong]
com.google.gson.functional.EscapingTest:[testEscapingQuotesInStringArray, testEscapingObjectFields]
com.google.gson.functional.NullObjectAndFieldTest:[testNullWrappedPrimitiveMemberDeserialization, testExplicitDeserializationOfNulls]
com.google.gson.functional.NamingPolicyTest:[testGsonWithNonDefaultFieldNamingPolicyDeserialiation, testGsonWithSerializedNameFieldNamingPolicyDeserialization]
com.google.gson.functional.EnumTest:[testEnumFieldDeserialization]
com.google.gson.functional.ReadersWritersTest:[testReaderForDeserialization]
com.google.gson.functional.CustomDeserializerTest:[testDefaultConstructorNotCalledOnField]
com.google.gson.functional.ObjectTest:[testNullArraysDeserialization, testArrayOfArraysDeserialization, testSubInterfacesOfCollectionDeserialization, testNullObjectFieldsDeserialization, testInheritenceDeserialization, testNestedDeserialization, testNullPrimitiveFieldsDeserialization, testJsonInMixedQuotesDeserialization, testArrayOfObjectsDeserialization, testObjectFieldNamesWithoutQuotesDeserialization, testClassWithTransientFieldsDeserializationTransientFieldsPassedInJsonAreIgnored, testInnerClassDeserialization, testNullFieldsDeserialization, testPrimitiveArrayInAnObjectDeserialization, testStringFieldWithNumberValueDeserialization, testBagOfPrimitiveWrappersDeserialization, testEmptyCollectionInAnObjectDeserialization, testDirectedAcyclicGraphDeserialization, testClassWithEnumFieldDeserialization, testBagOfPrimitivesDeserialization, testClassWithTransientFieldsDeserialization, testJsonInSingleQuotesDeserialization, testPrivateNoArgConstructorDeserialization]
com.google.gson.functional.ArrayTest:[testTopLevelArrayOfIntsDeserialization, testArrayOfPrimitivesWithCustomTypeAdapter, testArrayOfStringsDeserialization, testArrayOfCollectionDeserialization, testNullsInArrayDeserialization, testEmptyArrayDeserialization]
com.google.gson.functional.SecurityTest:[testNonExecutableJsonDeserialization, testJsonWithNonExectuableTokenWithRegularGsonDeserialization, testJsonWithNonExectuableTokenWithConfiguredGsonDeserialization]
com.google.gson.functional.VersioningTest:[testVersionedClassesDeserialization, testVersionedGsonMixingSinceAndUntilDeserialization, testVersionedUntilDeserialization, testVersionedGsonWithUnversionedClassesDeserialization]
com.google.gson.functional.ConcurrencyTest:[testSingleThreadDeserialization, testMultiThreadDeserialization]
com.google.gson.functional.JsonParserTest:[testBadFieldTypeForCustomDeserializerCustomTree, testBadTypeForDeserializingCustomTree, testChangingCustomTreeAndDeserializing, testDeserializingCustomTree, testBadFieldTypeForDeserializingCustomTree]
com.google.gson.functional.DefaultTypeAdaptersTest:[testUrlNullDeserialization, testBigIntegerFieldDeserialization, testBigDecimalFieldDeserialization]
[INFO] Instrument version before commit...
[INFO] Run on /tmp/v1/gson
[INFO] Running in NOCLASSPATH mode (doc: http://spoon.gforge.inria.fr/launcher.html).
[INFO] fr.davidson.diff.jjoules.process.junit4.JJoulesProcessor
Processing com.google.gson.functional.ArrayTest#testTopLevelArrayOfIntsDeserialization
Processing com.google.gson.functional.ArrayTest#testEmptyArrayDeserialization
Processing com.google.gson.functional.ArrayTest#testNullsInArrayDeserialization
Processing com.google.gson.functional.ArrayTest#testArrayOfStringsDeserialization
Processing com.google.gson.functional.ArrayTest#testArrayOfCollectionDeserialization
Processing com.google.gson.functional.ArrayTest#testArrayOfPrimitivesWithCustomTypeAdapter
Processing com.google.gson.functional.CollectionTest#testWildcardCollectionField
Processing com.google.gson.functional.CollectionTest#testSetDeserialization
Processing com.google.gson.functional.ConcurrencyTest#testSingleThreadDeserialization
Processing com.google.gson.functional.ConcurrencyTest#testMultiThreadDeserialization
Processing com.google.gson.functional.CustomDeserializerTest#testDefaultConstructorNotCalledOnField
Processing com.google.gson.functional.CustomTypeAdaptersTest#testCustomNestedDeserializers
Processing com.google.gson.functional.CustomTypeAdaptersTest#testCustomDeserializerForLong
Processing com.google.gson.functional.DefaultTypeAdaptersTest#testUrlNullDeserialization
Processing com.google.gson.functional.DefaultTypeAdaptersTest#testBigDecimalFieldDeserialization
Processing com.google.gson.functional.DefaultTypeAdaptersTest#testBigIntegerFieldDeserialization
Processing com.google.gson.functional.EnumTest#testEnumFieldDeserialization
Processing com.google.gson.functional.EscapingTest#testEscapingQuotesInStringArray
Processing com.google.gson.functional.EscapingTest#testEscapingObjectFields
Processing com.google.gson.functional.ExposeFieldsTest#testExposeAnnotationDeserialization
Processing com.google.gson.functional.ExposeFieldsTest#testExposedInterfaceFieldDeserialization
Processing com.google.gson.functional.JsonParserTest#testDeserializingCustomTree
Processing com.google.gson.functional.JsonParserTest#testBadTypeForDeserializingCustomTree
Processing com.google.gson.functional.JsonParserTest#testBadFieldTypeForCustomDeserializerCustomTree
Processing com.google.gson.functional.JsonParserTest#testBadFieldTypeForDeserializingCustomTree
Processing com.google.gson.functional.JsonParserTest#testChangingCustomTreeAndDeserializing
Processing com.google.gson.functional.NamingPolicyTest#testGsonWithNonDefaultFieldNamingPolicyDeserialiation
Processing com.google.gson.functional.NamingPolicyTest#testGsonWithSerializedNameFieldNamingPolicyDeserialization
Processing com.google.gson.functional.NullObjectAndFieldTest#testExplicitDeserializationOfNulls
Processing com.google.gson.functional.NullObjectAndFieldTest#testNullWrappedPrimitiveMemberDeserialization
Processing com.google.gson.functional.ObjectTest#testJsonInSingleQuotesDeserialization
Processing com.google.gson.functional.ObjectTest#testJsonInMixedQuotesDeserialization
Processing com.google.gson.functional.ObjectTest#testBagOfPrimitivesDeserialization
Processing com.google.gson.functional.ObjectTest#testBagOfPrimitiveWrappersDeserialization
Processing com.google.gson.functional.ObjectTest#testDirectedAcyclicGraphDeserialization
Processing com.google.gson.functional.ObjectTest#testClassWithTransientFieldsDeserialization
Processing com.google.gson.functional.ObjectTest#testClassWithTransientFieldsDeserializationTransientFieldsPassedInJsonAreIgnored
Processing com.google.gson.functional.ObjectTest#testNestedDeserialization
Processing com.google.gson.functional.ObjectTest#testInheritenceDeserialization
Processing com.google.gson.functional.ObjectTest#testNullFieldsDeserialization
Processing com.google.gson.functional.ObjectTest#testArrayOfObjectsDeserialization
Processing com.google.gson.functional.ObjectTest#testArrayOfArraysDeserialization
Processing com.google.gson.functional.ObjectTest#testClassWithEnumFieldDeserialization
Processing com.google.gson.functional.ObjectTest#testSubInterfacesOfCollectionDeserialization
Processing com.google.gson.functional.ObjectTest#testNullArraysDeserialization
Processing com.google.gson.functional.ObjectTest#testNullObjectFieldsDeserialization
Processing com.google.gson.functional.ObjectTest#testEmptyCollectionInAnObjectDeserialization
Processing com.google.gson.functional.ObjectTest#testPrimitiveArrayInAnObjectDeserialization
Processing com.google.gson.functional.ObjectTest#testNullPrimitiveFieldsDeserialization
Processing com.google.gson.functional.ObjectTest#testPrivateNoArgConstructorDeserialization
Processing com.google.gson.functional.ObjectTest#testInnerClassDeserialization
Processing com.google.gson.functional.ObjectTest#testObjectFieldNamesWithoutQuotesDeserialization
Processing com.google.gson.functional.ObjectTest#testStringFieldWithNumberValueDeserialization
Processing com.google.gson.functional.ParameterizedTypesTest#testParameterizedTypeDeserialization
Processing com.google.gson.functional.ParameterizedTypesTest#testTypesWithMultipleParametersDeserialization
Processing com.google.gson.functional.ParameterizedTypesTest#testParameterizedTypeWithReaderDeserialization
Processing com.google.gson.functional.ParameterizedTypesTest#testVariableTypeFieldsAndGenericArraysDeserialization
Processing com.google.gson.functional.ParameterizedTypesTest#testVariableTypeDeserialization
Processing com.google.gson.functional.ParameterizedTypesTest#testVariableTypeArrayDeserialization
Processing com.google.gson.functional.ParameterizedTypesTest#testParameterizedTypeWithVariableTypeDeserialization
Processing com.google.gson.functional.ParameterizedTypesTest#testParameterizedTypeGenericArraysDeserialization
Processing com.google.gson.functional.ParameterizedTypesTest#testDeepParameterizedTypeDeserialization
Processing com.google.gson.functional.ReadersWritersTest#testReaderForDeserialization
Processing com.google.gson.functional.SecurityTest#testNonExecutableJsonDeserialization
Processing com.google.gson.functional.SecurityTest#testJsonWithNonExectuableTokenWithRegularGsonDeserialization
Processing com.google.gson.functional.SecurityTest#testJsonWithNonExectuableTokenWithConfiguredGsonDeserialization
Processing com.google.gson.functional.VersioningTest#testVersionedUntilDeserialization
Processing com.google.gson.functional.VersioningTest#testVersionedClassesDeserialization
Processing com.google.gson.functional.VersioningTest#testVersionedGsonWithUnversionedClassesDeserialization
Processing com.google.gson.functional.VersioningTest#testVersionedGsonMixingSinceAndUntilDeserialization
[INFO] Printing com.google.gson.functional.ParameterizedTypesTest to /tmp/v1/gson/src/test/java//com/google/gson/functional/ParameterizedTypesTest.java
[INFO] Printing com.google.gson.functional.ReadersWritersTest to /tmp/v1/gson/src/test/java//com/google/gson/functional/ReadersWritersTest.java
[INFO] Printing com.google.gson.functional.SecurityTest to /tmp/v1/gson/src/test/java//com/google/gson/functional/SecurityTest.java
[INFO] Printing com.google.gson.functional.CustomTypeAdaptersTest to /tmp/v1/gson/src/test/java//com/google/gson/functional/CustomTypeAdaptersTest.java
[INFO] Printing com.google.gson.functional.JsonParserTest to /tmp/v1/gson/src/test/java//com/google/gson/functional/JsonParserTest.java
[INFO] Printing com.google.gson.functional.ConcurrencyTest to /tmp/v1/gson/src/test/java//com/google/gson/functional/ConcurrencyTest.java
[INFO] Printing com.google.gson.functional.CustomDeserializerTest to /tmp/v1/gson/src/test/java//com/google/gson/functional/CustomDeserializerTest.java
[INFO] Printing com.google.gson.functional.NamingPolicyTest to /tmp/v1/gson/src/test/java//com/google/gson/functional/NamingPolicyTest.java
[INFO] Printing com.google.gson.functional.DefaultTypeAdaptersTest to /tmp/v1/gson/src/test/java//com/google/gson/functional/DefaultTypeAdaptersTest.java
[INFO] Printing com.google.gson.functional.ArrayTest to /tmp/v1/gson/src/test/java//com/google/gson/functional/ArrayTest.java
[INFO] Printing com.google.gson.functional.VersioningTest to /tmp/v1/gson/src/test/java//com/google/gson/functional/VersioningTest.java
[INFO] Printing com.google.gson.functional.EnumTest to /tmp/v1/gson/src/test/java//com/google/gson/functional/EnumTest.java
[INFO] Printing com.google.gson.functional.ExposeFieldsTest to /tmp/v1/gson/src/test/java//com/google/gson/functional/ExposeFieldsTest.java
[INFO] Printing com.google.gson.functional.ObjectTest to /tmp/v1/gson/src/test/java//com/google/gson/functional/ObjectTest.java
[INFO] Printing com.google.gson.functional.NullObjectAndFieldTest to /tmp/v1/gson/src/test/java//com/google/gson/functional/NullObjectAndFieldTest.java
[INFO] Printing com.google.gson.functional.EscapingTest to /tmp/v1/gson/src/test/java//com/google/gson/functional/EscapingTest.java
[INFO] Printing com.google.gson.functional.CollectionTest to /tmp/v1/gson/src/test/java//com/google/gson/functional/CollectionTest.java
[INFO] Injecting JUnit-Jjoules in /tmp/v1/gson/pom.xml
[INFO] Output new POM file in /tmp/v1/gson/pom.xml
[INFO] Instrument version after commit...
[INFO] Run on /tmp/v2/gson/
[INFO] Running in NOCLASSPATH mode (doc: http://spoon.gforge.inria.fr/launcher.html).
[INFO] fr.davidson.diff.jjoules.process.junit4.JJoulesProcessor
Processing com.google.gson.functional.ArrayTest#testTopLevelArrayOfIntsDeserialization
Processing com.google.gson.functional.ArrayTest#testEmptyArrayDeserialization
Processing com.google.gson.functional.ArrayTest#testNullsInArrayDeserialization
Processing com.google.gson.functional.ArrayTest#testArrayOfStringsDeserialization
Processing com.google.gson.functional.ArrayTest#testArrayOfCollectionDeserialization
Processing com.google.gson.functional.ArrayTest#testArrayOfPrimitivesWithCustomTypeAdapter
Processing com.google.gson.functional.CollectionTest#testWildcardCollectionField
Processing com.google.gson.functional.CollectionTest#testSetDeserialization
Processing com.google.gson.functional.ConcurrencyTest#testSingleThreadDeserialization
Processing com.google.gson.functional.ConcurrencyTest#testMultiThreadDeserialization
Processing com.google.gson.functional.CustomDeserializerTest#testDefaultConstructorNotCalledOnField
Processing com.google.gson.functional.CustomTypeAdaptersTest#testCustomNestedDeserializers
Processing com.google.gson.functional.CustomTypeAdaptersTest#testCustomDeserializerForLong
Processing com.google.gson.functional.DefaultTypeAdaptersTest#testUrlNullDeserialization
Processing com.google.gson.functional.DefaultTypeAdaptersTest#testBigDecimalFieldDeserialization
Processing com.google.gson.functional.DefaultTypeAdaptersTest#testBigIntegerFieldDeserialization
Processing com.google.gson.functional.EnumTest#testEnumFieldDeserialization
Processing com.google.gson.functional.EscapingTest#testEscapingQuotesInStringArray
Processing com.google.gson.functional.EscapingTest#testEscapingObjectFields
Processing com.google.gson.functional.ExposeFieldsTest#testExposeAnnotationDeserialization
Processing com.google.gson.functional.ExposeFieldsTest#testExposedInterfaceFieldDeserialization
Processing com.google.gson.functional.JsonParserTest#testDeserializingCustomTree
Processing com.google.gson.functional.JsonParserTest#testBadTypeForDeserializingCustomTree
Processing com.google.gson.functional.JsonParserTest#testBadFieldTypeForCustomDeserializerCustomTree
Processing com.google.gson.functional.JsonParserTest#testBadFieldTypeForDeserializingCustomTree
Processing com.google.gson.functional.JsonParserTest#testChangingCustomTreeAndDeserializing
Processing com.google.gson.functional.NamingPolicyTest#testGsonWithNonDefaultFieldNamingPolicyDeserialiation
Processing com.google.gson.functional.NamingPolicyTest#testGsonWithSerializedNameFieldNamingPolicyDeserialization
Processing com.google.gson.functional.NullObjectAndFieldTest#testExplicitDeserializationOfNulls
Processing com.google.gson.functional.NullObjectAndFieldTest#testNullWrappedPrimitiveMemberDeserialization
Processing com.google.gson.functional.ObjectTest#testJsonInSingleQuotesDeserialization
Processing com.google.gson.functional.ObjectTest#testJsonInMixedQuotesDeserialization
Processing com.google.gson.functional.ObjectTest#testBagOfPrimitivesDeserialization
Processing com.google.gson.functional.ObjectTest#testBagOfPrimitiveWrappersDeserialization
Processing com.google.gson.functional.ObjectTest#testDirectedAcyclicGraphDeserialization
Processing com.google.gson.functional.ObjectTest#testClassWithTransientFieldsDeserialization
Processing com.google.gson.functional.ObjectTest#testClassWithTransientFieldsDeserializationTransientFieldsPassedInJsonAreIgnored
Processing com.google.gson.functional.ObjectTest#testNestedDeserialization
Processing com.google.gson.functional.ObjectTest#testInheritenceDeserialization
Processing com.google.gson.functional.ObjectTest#testNullFieldsDeserialization
Processing com.google.gson.functional.ObjectTest#testArrayOfObjectsDeserialization
Processing com.google.gson.functional.ObjectTest#testArrayOfArraysDeserialization
Processing com.google.gson.functional.ObjectTest#testClassWithEnumFieldDeserialization
Processing com.google.gson.functional.ObjectTest#testSubInterfacesOfCollectionDeserialization
Processing com.google.gson.functional.ObjectTest#testNullArraysDeserialization
Processing com.google.gson.functional.ObjectTest#testNullObjectFieldsDeserialization
Processing com.google.gson.functional.ObjectTest#testEmptyCollectionInAnObjectDeserialization
Processing com.google.gson.functional.ObjectTest#testPrimitiveArrayInAnObjectDeserialization
Processing com.google.gson.functional.ObjectTest#testNullPrimitiveFieldsDeserialization
Processing com.google.gson.functional.ObjectTest#testPrivateNoArgConstructorDeserialization
Processing com.google.gson.functional.ObjectTest#testInnerClassDeserialization
Processing com.google.gson.functional.ObjectTest#testObjectFieldNamesWithoutQuotesDeserialization
Processing com.google.gson.functional.ObjectTest#testStringFieldWithNumberValueDeserialization
Processing com.google.gson.functional.ParameterizedTypesTest#testParameterizedTypeDeserialization
Processing com.google.gson.functional.ParameterizedTypesTest#testTypesWithMultipleParametersDeserialization
Processing com.google.gson.functional.ParameterizedTypesTest#testParameterizedTypeWithReaderDeserialization
Processing com.google.gson.functional.ParameterizedTypesTest#testVariableTypeFieldsAndGenericArraysDeserialization
Processing com.google.gson.functional.ParameterizedTypesTest#testVariableTypeDeserialization
Processing com.google.gson.functional.ParameterizedTypesTest#testVariableTypeArrayDeserialization
Processing com.google.gson.functional.ParameterizedTypesTest#testParameterizedTypeWithVariableTypeDeserialization
Processing com.google.gson.functional.ParameterizedTypesTest#testParameterizedTypeGenericArraysDeserialization
Processing com.google.gson.functional.ParameterizedTypesTest#testDeepParameterizedTypeDeserialization
Processing com.google.gson.functional.ReadersWritersTest#testReaderForDeserialization
Processing com.google.gson.functional.SecurityTest#testNonExecutableJsonDeserialization
Processing com.google.gson.functional.SecurityTest#testJsonWithNonExectuableTokenWithRegularGsonDeserialization
Processing com.google.gson.functional.SecurityTest#testJsonWithNonExectuableTokenWithConfiguredGsonDeserialization
Processing com.google.gson.functional.VersioningTest#testVersionedUntilDeserialization
Processing com.google.gson.functional.VersioningTest#testVersionedClassesDeserialization
Processing com.google.gson.functional.VersioningTest#testVersionedGsonWithUnversionedClassesDeserialization
Processing com.google.gson.functional.VersioningTest#testVersionedGsonMixingSinceAndUntilDeserialization
[INFO] Printing com.google.gson.functional.ReadersWritersTest to /tmp/v2/gson//src/test/java//com/google/gson/functional/ReadersWritersTest.java
[INFO] Printing com.google.gson.functional.CustomTypeAdaptersTest to /tmp/v2/gson//src/test/java//com/google/gson/functional/CustomTypeAdaptersTest.java
[INFO] Printing com.google.gson.functional.CustomTypeAdaptersTest to /tmp/v2/gson//src/test/java//com/google/gson/functional/CustomTypeAdaptersTest.java
[INFO] Printing com.google.gson.functional.CustomDeserializerTest to /tmp/v2/gson//src/test/java//com/google/gson/functional/CustomDeserializerTest.java
[INFO] Printing com.google.gson.functional.NamingPolicyTest to /tmp/v2/gson//src/test/java//com/google/gson/functional/NamingPolicyTest.java
[INFO] Printing com.google.gson.functional.NamingPolicyTest to /tmp/v2/gson//src/test/java//com/google/gson/functional/NamingPolicyTest.java
[INFO] Printing com.google.gson.functional.VersioningTest to /tmp/v2/gson//src/test/java//com/google/gson/functional/VersioningTest.java
[INFO] Printing com.google.gson.functional.VersioningTest to /tmp/v2/gson//src/test/java//com/google/gson/functional/VersioningTest.java
[INFO] Printing com.google.gson.functional.NullObjectAndFieldTest to /tmp/v2/gson//src/test/java//com/google/gson/functional/NullObjectAndFieldTest.java
[INFO] Printing com.google.gson.functional.NullObjectAndFieldTest to /tmp/v2/gson//src/test/java//com/google/gson/functional/NullObjectAndFieldTest.java
[INFO] Printing com.google.gson.functional.ParameterizedTypesTest to /tmp/v2/gson//src/test/java//com/google/gson/functional/ParameterizedTypesTest.java
[INFO] Printing com.google.gson.functional.ParameterizedTypesTest to /tmp/v2/gson//src/test/java//com/google/gson/functional/ParameterizedTypesTest.java
[INFO] Printing com.google.gson.functional.SecurityTest to /tmp/v2/gson//src/test/java//com/google/gson/functional/SecurityTest.java
[INFO] Printing com.google.gson.functional.SecurityTest to /tmp/v2/gson//src/test/java//com/google/gson/functional/SecurityTest.java
[INFO] Printing com.google.gson.functional.JsonParserTest to /tmp/v2/gson//src/test/java//com/google/gson/functional/JsonParserTest.java
[INFO] Printing com.google.gson.functional.JsonParserTest to /tmp/v2/gson//src/test/java//com/google/gson/functional/JsonParserTest.java
[INFO] Printing com.google.gson.functional.ConcurrencyTest to /tmp/v2/gson//src/test/java//com/google/gson/functional/ConcurrencyTest.java
[INFO] Printing com.google.gson.functional.ConcurrencyTest to /tmp/v2/gson//src/test/java//com/google/gson/functional/ConcurrencyTest.java
[INFO] Printing com.google.gson.functional.DefaultTypeAdaptersTest to /tmp/v2/gson//src/test/java//com/google/gson/functional/DefaultTypeAdaptersTest.java
[INFO] Printing com.google.gson.functional.DefaultTypeAdaptersTest to /tmp/v2/gson//src/test/java//com/google/gson/functional/DefaultTypeAdaptersTest.java
[INFO] Printing com.google.gson.functional.ArrayTest to /tmp/v2/gson//src/test/java//com/google/gson/functional/ArrayTest.java
[INFO] Printing com.google.gson.functional.ArrayTest to /tmp/v2/gson//src/test/java//com/google/gson/functional/ArrayTest.java
[INFO] Printing com.google.gson.functional.EnumTest to /tmp/v2/gson//src/test/java//com/google/gson/functional/EnumTest.java
[INFO] Printing com.google.gson.functional.ExposeFieldsTest to /tmp/v2/gson//src/test/java//com/google/gson/functional/ExposeFieldsTest.java
[INFO] Printing com.google.gson.functional.ExposeFieldsTest to /tmp/v2/gson//src/test/java//com/google/gson/functional/ExposeFieldsTest.java
[INFO] Printing com.google.gson.functional.ObjectTest to /tmp/v2/gson//src/test/java//com/google/gson/functional/ObjectTest.java
[INFO] Printing com.google.gson.functional.ObjectTest to /tmp/v2/gson//src/test/java//com/google/gson/functional/ObjectTest.java
[INFO] Printing com.google.gson.functional.EscapingTest to /tmp/v2/gson//src/test/java//com/google/gson/functional/EscapingTest.java
[INFO] Printing com.google.gson.functional.EscapingTest to /tmp/v2/gson//src/test/java//com/google/gson/functional/EscapingTest.java
[INFO] Printing com.google.gson.functional.CollectionTest to /tmp/v2/gson//src/test/java//com/google/gson/functional/CollectionTest.java
[INFO] Printing com.google.gson.functional.CollectionTest to /tmp/v2/gson//src/test/java//com/google/gson/functional/CollectionTest.java
[INFO] Injecting JUnit-Jjoules in /tmp/v2/gson//pom.xml
[INFO] Output new POM file in /tmp/v2/gson//pom.xml
[INFO] ------------------------------------------------------------------------
[INFO] BUILD SUCCESS
[INFO] ------------------------------------------------------------------------
[INFO] Total time:  10.304 s
[INFO] Finished at: 2021-01-10T09:33:32+01:00
[INFO] ------------------------------------------------------------------------
