[INFO] Scanning for projects...
[WARNING] 
[WARNING] Some problems were encountered while building the effective model for com.google.code.gson:gson:jar:2.8.2-SNAPSHOT
[WARNING] 'build.plugins.plugin.version' for org.apache.maven.plugins:maven-jar-plugin is missing. @ com.google.code.gson:gson:[unknown-version], /tmp/v1/gson/pom.xml, line 46, column 15
[WARNING] 
[WARNING] It is highly recommended to fix these problems because they threaten the stability of your build.
[WARNING] 
[WARNING] For this reason, future Maven versions might no longer support building such malformed projects.
[WARNING] 
[INFO] 
[INFO] ---------------------< com.google.code.gson:gson >----------------------
[INFO] Building Gson 2.8.2-SNAPSHOT
[INFO] --------------------------------[ jar ]---------------------------------
[INFO] 
[INFO] --- maven-clean-plugin:2.5:clean (default-clean) @ gson ---
[INFO] Deleting /tmp/v1/gson/target
[INFO] 
[INFO] --- maven-enforcer-plugin:1.0:enforce (enforce-maven) @ gson ---
[INFO] 
[INFO] --- maven-resources-plugin:2.6:resources (default-resources) @ gson ---
[INFO] Using 'UTF-8' encoding to copy filtered resources.
[INFO] skip non existing resourceDirectory /tmp/v1/gson/src/main/resources
[INFO] 
[INFO] --- maven-compiler-plugin:3.0:compile (default-compile) @ gson ---
[INFO] Changes detected - recompiling the module!
[INFO] Compiling 67 source files to /tmp/v1/gson/target/classes
[WARNING] /tmp/v1/gson/src/main/java/com/google/gson/internal/ConstructorConstructor.java: /tmp/v1/gson/src/main/java/com/google/gson/internal/ConstructorConstructor.java uses or overrides a deprecated API.
[WARNING] /tmp/v1/gson/src/main/java/com/google/gson/internal/ConstructorConstructor.java: Recompile with -Xlint:deprecation for details.
[INFO] 
[INFO] --- bnd-maven-plugin:3.1.0:bnd-process (default) @ gson ---
[WARNING] Export com.google.gson,  has 1,  private references [com.google.gson.internal], 
[INFO] 
[INFO] --- maven-resources-plugin:2.6:testResources (default-testResources) @ gson ---
[INFO] Using 'UTF-8' encoding to copy filtered resources.
[INFO] skip non existing resourceDirectory /tmp/v1/gson/src/test/resources
[INFO] 
[INFO] --- maven-compiler-plugin:3.0:testCompile (default-testCompile) @ gson ---
[INFO] Changes detected - recompiling the module!
[INFO] Compiling 97 source files to /tmp/v1/gson/target/test-classes
[WARNING] /tmp/v1/gson/src/test/java/com/google/gson/common/MoreAsserts.java: Some input files use or override a deprecated API.
[WARNING] /tmp/v1/gson/src/test/java/com/google/gson/common/MoreAsserts.java: Recompile with -Xlint:deprecation for details.
[INFO] 
[INFO] --- maven-surefire-plugin:2.12.4:test (default-test) @ gson ---
[INFO] Tests are skipped.
[INFO] 
[INFO] --- maven-dependency-plugin:2.8:build-classpath (default-cli) @ gson ---
[INFO] Skipped writing classpath file '/tmp/v1/gson/classpath'.  No changes found.
[INFO] 
[INFO] --- diff-jjoules:0.0.1-SNAPSHOT:class-instrument (default-cli) @ gson ---
[INFO] Running on:
[INFO] /tmp/v1/gson
[INFO] /tmp/v2/gson/
[INFO] Enable JUnit4 mode
[INFO] Configuration{pathToFirstVersion='/tmp/v1/gson', pathToSecondVersion='/tmp/v2/gson/', pathToTestListAsCSV='/tmp/v1/gson/testsThatExecuteTheChange.csv'}
[INFO] com.google.gson.DefaultDateTypeAdapterTest:[testDatePattern, testFormatUsesDefaultTimezone, testFormattingInFr, testFormattingInEnUs, testDateDeserializationISO8601, testDateSerialization]
com.google.gson.functional.DefaultTypeAdaptersTest:[testDateSerializationWithPattern, testTimestampSerialization, testSqlDateSerialization, testDateSerializationWithPatternNotOverridenByTypeAdapter, testDateSerializationInCollection, testDateDeserializationWithPattern]
[INFO] Instrument version before commit...
[INFO] Run on /tmp/v1/gson
[INFO] Running in NOCLASSPATH mode (doc: http://spoon.gforge.inria.fr/launcher.html).
[INFO] fr.davidson.diff.jjoules.class_instrumentation.process.JJoulesProcessor
Processing com.google.gson.functional.DefaultTypeAdaptersTest#testDateSerializationWithPattern
Processing com.google.gson.functional.DefaultTypeAdaptersTest#testDateDeserializationWithPattern
Processing com.google.gson.functional.DefaultTypeAdaptersTest#testDateSerializationWithPatternNotOverridenByTypeAdapter
Processing com.google.gson.functional.DefaultTypeAdaptersTest#testDateSerializationInCollection
Processing com.google.gson.functional.DefaultTypeAdaptersTest#testTimestampSerialization
Processing com.google.gson.functional.DefaultTypeAdaptersTest#testSqlDateSerialization
Processing com.google.gson.DefaultDateTypeAdapterTest#testFormattingInEnUs
Processing com.google.gson.DefaultDateTypeAdapterTest#testFormattingInFr
Processing com.google.gson.DefaultDateTypeAdapterTest#testFormatUsesDefaultTimezone
Processing com.google.gson.DefaultDateTypeAdapterTest#testDateDeserializationISO8601
Processing com.google.gson.DefaultDateTypeAdapterTest#testDateSerialization
Processing com.google.gson.DefaultDateTypeAdapterTest#testDatePattern
[INFO] Processing Done...
[INFO] Printing com.google.gson.DefaultDateTypeAdapterTest_testDateSerialization to /tmp/v1/gson/src/test/java//com/google/gson/DefaultDateTypeAdapterTest_testDateSerialization.java
[INFO] Printing com.google.gson.DefaultDateTypeAdapterTest_testFormattingInEnUs to /tmp/v1/gson/src/test/java//com/google/gson/DefaultDateTypeAdapterTest_testFormattingInEnUs.java
[INFO] Printing com.google.gson.functional.DefaultTypeAdaptersTest_testSqlDateSerialization to /tmp/v1/gson/src/test/java//com/google/gson/functional/DefaultTypeAdaptersTest_testSqlDateSerialization.java
[INFO] Printing com.google.gson.DefaultDateTypeAdapterTest_testDatePattern to /tmp/v1/gson/src/test/java//com/google/gson/DefaultDateTypeAdapterTest_testDatePattern.java
[INFO] Printing com.google.gson.functional.DefaultTypeAdaptersTest_testDateSerializationWithPatternNotOverridenByTypeAdapter to /tmp/v1/gson/src/test/java//com/google/gson/functional/DefaultTypeAdaptersTest_testDateSerializationWithPatternNotOverridenByTypeAdapter.java
[INFO] Printing com.google.gson.DefaultDateTypeAdapterTest_testFormattingInFr to /tmp/v1/gson/src/test/java//com/google/gson/DefaultDateTypeAdapterTest_testFormattingInFr.java
[INFO] Printing com.google.gson.DefaultDateTypeAdapterTest_testDateDeserializationISO8601 to /tmp/v1/gson/src/test/java//com/google/gson/DefaultDateTypeAdapterTest_testDateDeserializationISO8601.java
[INFO] Printing com.google.gson.functional.DefaultTypeAdaptersTest_testDateSerializationInCollection to /tmp/v1/gson/src/test/java//com/google/gson/functional/DefaultTypeAdaptersTest_testDateSerializationInCollection.java
[INFO] Printing com.google.gson.functional.DefaultTypeAdaptersTest_testDateDeserializationWithPattern to /tmp/v1/gson/src/test/java//com/google/gson/functional/DefaultTypeAdaptersTest_testDateDeserializationWithPattern.java
[INFO] Printing com.google.gson.functional.DefaultTypeAdaptersTest_testTimestampSerialization to /tmp/v1/gson/src/test/java//com/google/gson/functional/DefaultTypeAdaptersTest_testTimestampSerialization.java
[INFO] Printing com.google.gson.functional.DefaultTypeAdaptersTest_testDateSerializationWithPattern to /tmp/v1/gson/src/test/java//com/google/gson/functional/DefaultTypeAdaptersTest_testDateSerializationWithPattern.java
[INFO] Printing com.google.gson.DefaultDateTypeAdapterTest_testFormatUsesDefaultTimezone to /tmp/v1/gson/src/test/java//com/google/gson/DefaultDateTypeAdapterTest_testFormatUsesDefaultTimezone.java
[INFO] Injecting JUnit-Jjoules in /tmp/v1/gson/pom.xml
[INFO] Output new POM file in /tmp/v1/gson/pom.xml
[INFO] Instrument version after commit...
[INFO] Run on /tmp/v2/gson/
[INFO] Running in NOCLASSPATH mode (doc: http://spoon.gforge.inria.fr/launcher.html).
[INFO] fr.davidson.diff.jjoules.class_instrumentation.process.JJoulesProcessor
Processing com.google.gson.functional.DefaultTypeAdaptersTest#testDateSerializationWithPattern
Processing com.google.gson.functional.DefaultTypeAdaptersTest#testDateDeserializationWithPattern
Processing com.google.gson.functional.DefaultTypeAdaptersTest#testDateSerializationWithPatternNotOverridenByTypeAdapter
Processing com.google.gson.functional.DefaultTypeAdaptersTest#testDateSerializationInCollection
Processing com.google.gson.functional.DefaultTypeAdaptersTest#testTimestampSerialization
Processing com.google.gson.functional.DefaultTypeAdaptersTest#testSqlDateSerialization
Processing com.google.gson.DefaultDateTypeAdapterTest#testFormattingInEnUs
Processing com.google.gson.DefaultDateTypeAdapterTest#testFormattingInFr
Processing com.google.gson.DefaultDateTypeAdapterTest#testFormatUsesDefaultTimezone
Processing com.google.gson.DefaultDateTypeAdapterTest#testDateDeserializationISO8601
Processing com.google.gson.DefaultDateTypeAdapterTest#testDateSerialization
Processing com.google.gson.DefaultDateTypeAdapterTest#testDatePattern
[INFO] Processing Done...
[INFO] Printing com.google.gson.DefaultDateTypeAdapterTest_testDateSerialization to /tmp/v2/gson//src/test/java//com/google/gson/DefaultDateTypeAdapterTest_testDateSerialization.java
[INFO] Printing com.google.gson.DefaultDateTypeAdapterTest_testFormattingInEnUs to /tmp/v2/gson//src/test/java//com/google/gson/DefaultDateTypeAdapterTest_testFormattingInEnUs.java
[INFO] Printing com.google.gson.functional.DefaultTypeAdaptersTest_testSqlDateSerialization to /tmp/v2/gson//src/test/java//com/google/gson/functional/DefaultTypeAdaptersTest_testSqlDateSerialization.java
[INFO] Printing com.google.gson.DefaultDateTypeAdapterTest_testDatePattern to /tmp/v2/gson//src/test/java//com/google/gson/DefaultDateTypeAdapterTest_testDatePattern.java
[INFO] Printing com.google.gson.functional.DefaultTypeAdaptersTest_testDateSerializationWithPatternNotOverridenByTypeAdapter to /tmp/v2/gson//src/test/java//com/google/gson/functional/DefaultTypeAdaptersTest_testDateSerializationWithPatternNotOverridenByTypeAdapter.java
[INFO] Printing com.google.gson.DefaultDateTypeAdapterTest_testFormattingInFr to /tmp/v2/gson//src/test/java//com/google/gson/DefaultDateTypeAdapterTest_testFormattingInFr.java
[INFO] Printing com.google.gson.DefaultDateTypeAdapterTest_testDateDeserializationISO8601 to /tmp/v2/gson//src/test/java//com/google/gson/DefaultDateTypeAdapterTest_testDateDeserializationISO8601.java
[INFO] Printing com.google.gson.functional.DefaultTypeAdaptersTest_testDateSerializationInCollection to /tmp/v2/gson//src/test/java//com/google/gson/functional/DefaultTypeAdaptersTest_testDateSerializationInCollection.java
[INFO] Printing com.google.gson.functional.DefaultTypeAdaptersTest_testDateDeserializationWithPattern to /tmp/v2/gson//src/test/java//com/google/gson/functional/DefaultTypeAdaptersTest_testDateDeserializationWithPattern.java
[INFO] Printing com.google.gson.functional.DefaultTypeAdaptersTest_testTimestampSerialization to /tmp/v2/gson//src/test/java//com/google/gson/functional/DefaultTypeAdaptersTest_testTimestampSerialization.java
[INFO] Printing com.google.gson.functional.DefaultTypeAdaptersTest_testDateSerializationWithPattern to /tmp/v2/gson//src/test/java//com/google/gson/functional/DefaultTypeAdaptersTest_testDateSerializationWithPattern.java
[INFO] Printing com.google.gson.DefaultDateTypeAdapterTest_testFormatUsesDefaultTimezone to /tmp/v2/gson//src/test/java//com/google/gson/DefaultDateTypeAdapterTest_testFormatUsesDefaultTimezone.java
[INFO] Injecting JUnit-Jjoules in /tmp/v2/gson//pom.xml
[INFO] Output new POM file in /tmp/v2/gson//pom.xml
[INFO] ------------------------------------------------------------------------
[INFO] BUILD SUCCESS
[INFO] ------------------------------------------------------------------------
[INFO] Total time:  19.158 s
[INFO] Finished at: 2021-01-20T03:03:50+01:00
[INFO] ------------------------------------------------------------------------
