[INFO] Scanning for projects...
[INFO] 
[INFO] ---------------------< com.google.code.gson:gson >----------------------
[INFO] Building Gson 2.2.3-SNAPSHOT
[INFO] --------------------------------[ jar ]---------------------------------
[INFO] 
[INFO] --- maven-clean-plugin:2.5:clean (default-clean) @ gson ---
[INFO] Deleting /tmp/v1/gson/target
[INFO] 
[INFO] --- maven-enforcer-plugin:1.0:enforce (enforce-maven) @ gson ---
[INFO] 
[INFO] --- maven-resources-plugin:2.6:resources (default-resources) @ gson ---
[INFO] Using 'UTF-8' encoding to copy filtered resources.
[INFO] skip non existing resourceDirectory /tmp/v1/gson/src/main/resources
[INFO] 
[INFO] --- maven-compiler-plugin:2.5.1:compile (default-compile) @ gson ---
[INFO] Compiling 65 source files to /tmp/v1/gson/target/classes
[INFO] 
[INFO] --- maven-resources-plugin:2.6:testResources (default-testResources) @ gson ---
[INFO] Using 'UTF-8' encoding to copy filtered resources.
[INFO] skip non existing resourceDirectory /tmp/v1/gson/src/test/resources
[INFO] 
[INFO] --- maven-compiler-plugin:2.5.1:testCompile (default-testCompile) @ gson ---
[INFO] Compiling 79 source files to /tmp/v1/gson/target/test-classes
[INFO] 
[INFO] --- maven-surefire-plugin:2.12.4:test (default-test) @ gson ---
[INFO] Tests are skipped.
[INFO] 
[INFO] --- maven-dependency-plugin:2.8:build-classpath (default-cli) @ gson ---
[INFO] Skipped writing classpath file '/tmp/v1/gson/classpath'.  No changes found.
[INFO] 
[INFO] --- diff-jjoules:0.0.1-SNAPSHOT:instrument (default-cli) @ gson ---
[INFO] Running on:
[INFO] /tmp/v1/gson
[INFO] /tmp/v2/gson/
[INFO] Enable JUnit4 mode
[INFO] Configuration{pathToFirstVersion='/tmp/v1/gson', pathToSecondVersion='/tmp/v2/gson/', pathToTestListAsCSV='/tmp/v1/gson/testsThatExecuteTheChange.csv', classpath=[/home/spino/.m2/repository/junit/junit/3.8.2/junit-3.8.2.jar], junit4=true}
[INFO] com.google.gson.functional.CollectionTest:[testWildcardCollectionField, testSetDeserialization, testSetSerialization]
com.google.gson.internal.bind.JsonElementReaderTest:[testObject, testNestedObjects, testSkipValue]
com.google.gson.functional.ParameterizedTypesTest:[testParameterizedTypeWithCustomSerializer, testParameterizedTypesWithWriterSerialization, testParameterizedTypesSerialization, testParameterizedTypesWithCustomDeserializer]
com.google.gson.functional.InterfaceTest:[testSerializingInterfaceObjectField, testSerializingObjectImplementingInterface]
com.google.gson.functional.ExposeFieldsTest:[testExposeAnnotationSerialization, testNullExposeFieldSerialization, testExposedInterfaceFieldDeserialization, testArrayWithOneNullExposeFieldObjectSerialization, testExposeAnnotationDeserialization, testExposedInterfaceFieldSerialization]
com.google.gson.functional.NullObjectAndFieldTest:[testCustomSerializationOfNulls, testCustomTypeAdapterPassesNullDesrialization]
com.google.gson.functional.UncategorizedTest:[testReturningDerivedClassesDuringDeserialization]
com.google.gson.functional.InheritanceTest:[testSubClassSerialization, testClassWithBaseFieldSerialization, testSubInterfacesOfCollectionDeserialization, testSubInterfacesOfCollectionSerialization, testBaseSerializedAsBaseWhenSpecifiedWithExplicitType, testSubClassDeserialization, testClassWithBaseCollectionFieldSerialization, testClassWithBaseArrayFieldSerialization, testBaseSerializedAsSubWhenSpecifiedWithExplicitType, testBaseSerializedAsSub]
com.google.gson.functional.PrettyPrintingTest:[testEmptyMapField]
com.google.gson.functional.CustomSerializerTest:[testSubClassSerializerInvokedForBaseClassFieldsHoldingSubClassInstances, testBaseClassSerializerInvokedForBaseClassFieldsHoldingSubClassInstances, testBaseClassSerializerInvokedForBaseClassFields, testSubClassSerializerInvokedForBaseClassFieldsHoldingArrayOfSubClassInstances]
com.google.gson.functional.InstanceCreatorTest:[testInstanceCreatorReturnsSubTypeForField]
com.google.gson.functional.JsonTreeTest:[testToJsonTreeObjectType, testToJsonTree, testJsonTreeToString, testJsonTreeNull]
com.google.gson.functional.ObjectTest:[testInnerClassSerialization, testBagOfPrimitiveWrappersSerialization, testDateAsMapObjectField, testBagOfPrimitiveWrappersDeserialization]
com.google.gson.functional.StreamingTypeAdaptersTest:[testFromJsonTree, testSerializeRecursive, testDeserializeMap]
com.google.gson.functional.MoreSpecificTypeSerializationTest:[testMapOfSubclassFields, testListOfSubclassFields, testSubclassFields, testListOfParameterizedSubclassFields, testMapOfParameterizedSubclassFields, testParameterizedSubclassFields]
com.google.gson.internal.bind.JsonTreeWriterTest:[testSerializeNullsTrue, testObject, testNestedObject]
com.google.gson.functional.JsonParserTest:[testBadFieldTypeForCustomDeserializerCustomTree, testBadTypeForDeserializingCustomTree, testChangingCustomTreeAndDeserializing, testExtraCommasInMaps, testDeserializingCustomTree, testBadFieldTypeForDeserializingCustomTree]
com.google.gson.functional.FieldExclusionTest:[testDefaultNestedStaticClassIncluded, testDefaultInnerClassExclusion]
com.google.gson.JsonParserTest:[testParseString, testParseReader, testReadWriteTwoObjects]
com.google.gson.functional.PrintFormattingTest:[testJsonObjectWithNullValues, testJsonObjectWithNullValuesSerialized]
com.google.gson.functional.CustomTypeAdaptersTest:[testCustomTypeAdapterDoesNotAppliesToSubClasses, testCustomTypeAdapterAppliesToSubClassesSerializedAsBaseClass, testCustomSerializers, testCustomAdapterInvokedForMapElementSerializationWithType, testCustomDeserializers, testCustomAdapterInvokedForMapElementDeserialization, testEnsureCustomSerializerNotInvokedForNullValues, testEnsureCustomDeserializerNotInvokedForNullValues]
com.google.gson.ObjectTypeAdapterTest:[testSerialize]
com.google.gson.JsonArrayTest:[testEqualsNonEmptyArray]
com.google.gson.functional.NamingPolicyTest:[testGsonWithLowerCaseDashPolicyDeserialiation, testComplexFieldNameStrategy, testGsonWithNonDefaultFieldNamingPolicyDeserialiation, testGsonWithUpperCamelCaseSpacesPolicySerialiation, testGsonWithNonDefaultFieldNamingPolicySerialization, testGsonDuplicateNameUsingSerializedNameFieldNamingPolicySerialization, testGsonWithLowerCaseDashPolicySerialization, testGsonWithLowerCaseUnderscorePolicySerialization, testGsonWithLowerCaseUnderscorePolicyDeserialiation, testDeprecatedNamingStrategy, testGsonWithUpperCamelCaseSpacesPolicyDeserialiation]
com.google.gson.JavaSerializationTest:[testMapIsSerializable]
com.google.gson.DefaultMapJsonSerializerTest:[testNonEmptyMapSerialization, testEmptyMapSerialization]
com.google.gson.functional.TypeVariableTest:[testAdvancedTypeVariables, testTypeVariablesViaTypeParameter]
com.google.gson.functional.ReadersWritersTest:[testReadWriteTwoObjects, testTypeMismatchThrowsJsonSyntaxExceptionForStrings, testTypeMismatchThrowsJsonSyntaxExceptionForReaders]
com.google.gson.functional.TypeHierarchyAdapterTest:[testTypeHierarchy]
com.google.gson.functional.CustomDeserializerTest:[testCustomDeserializerReturnsNullForArrayElements, testJsonTypeFieldBasedDeserialization, testDefaultConstructorNotCalledOnObject, testCustomDeserializerReturnsNullForTopLevelObject, testDefaultConstructorNotCalledOnField, testCustomDeserializerReturnsNull, testCustomDeserializerReturnsNullForArrayElementsForArrayField]
com.google.gson.functional.ExclusionStrategyFunctionalTest:[testExclusionStrategyWithMode, testExclusionStrategyDeserialization]
com.google.gson.JsonObjectTest:[testDeepCopy, testEqualsNonEmptyObject, testPropertyWithQuotes, testAddingNullPropertyValue, testWritePropertyWithEmptyStringName, testAddingCharacterProperties, testAddingBooleanProperties, testReadPropertyWithEmptyStringName, testEqualsOnEmptyObject, testAddingStringProperties, testAddingNullOrEmptyPropertyName]
com.google.gson.functional.CircularReferenceTest:[testSelfReferenceCustomHandlerSerialization]
com.google.gson.functional.RawSerializationTest:[testParameterizedObject, testCollectionOfObjects, testThreeLevelParameterizedObject, testTwoLevelParameterizedObject]
com.google.gson.functional.MapTest:[testMapSerializationWithNullValueButSerializeNulls, testGeneralMapField, testMapSerializationWithNullValuesSerialized, testMapDeserializationWithIntegerKeys, testMapSerializationWithNullKey, testMapDeserializationWithNullKey, testMapSerialization, testMapDeserializationWithNullValue, testInterfaceTypeMap, testMapSerializationEmpty, testMapSerializationWithNullValue, testMapSerializationWithIntegerKeys, testMapDeserialization, testMapDeserializationEmpty, testMapSerializationWithNullValues]
com.google.gson.functional.MapAsArrayTypeAdapterTest:[testTwoTypesCollapseToOneDeserialize, testMultipleEnableComplexKeyRegistrationHasNoEffect, testMapWithTypeVariableDeserialization, testSerializeComplexMapWithTypeAdapter, testMapWithTypeVariableSerialization]
com.google.gson.functional.PrimitiveTest:[testMoreSpecificSerialization]
com.google.gson.functional.DefaultTypeAdaptersTest:[testBigDecimalFieldSerialization, testBadValueForBigDecimalDeserialization, testBigIntegerFieldSerialization, testJsonObjectSerialization, testBigIntegerFieldDeserialization, testBigDecimalFieldDeserialization, testNullSerialization]
[INFO] Instrument version before commit...
[INFO] Run on /tmp/v1/gson
[INFO] Running in NOCLASSPATH mode (doc: http://spoon.gforge.inria.fr/launcher.html).
[INFO] fr.davidson.diff.jjoules.process.junit4.JJoulesProcessor
Processing com.google.gson.functional.CircularReferenceTest#testSelfReferenceCustomHandlerSerialization
Processing com.google.gson.functional.CollectionTest#testWildcardCollectionField
Processing com.google.gson.functional.CollectionTest#testSetSerialization
Processing com.google.gson.functional.CollectionTest#testSetDeserialization
Processing com.google.gson.functional.CustomDeserializerTest#testDefaultConstructorNotCalledOnObject
Processing com.google.gson.functional.CustomDeserializerTest#testDefaultConstructorNotCalledOnField
Processing com.google.gson.functional.CustomDeserializerTest#testJsonTypeFieldBasedDeserialization
Processing com.google.gson.functional.CustomDeserializerTest#testCustomDeserializerReturnsNullForTopLevelObject
Processing com.google.gson.functional.CustomDeserializerTest#testCustomDeserializerReturnsNull
Processing com.google.gson.functional.CustomDeserializerTest#testCustomDeserializerReturnsNullForArrayElements
Processing com.google.gson.functional.CustomDeserializerTest#testCustomDeserializerReturnsNullForArrayElementsForArrayField
Processing com.google.gson.functional.CustomSerializerTest#testBaseClassSerializerInvokedForBaseClassFields
Processing com.google.gson.functional.CustomSerializerTest#testSubClassSerializerInvokedForBaseClassFieldsHoldingSubClassInstances
Processing com.google.gson.functional.CustomSerializerTest#testSubClassSerializerInvokedForBaseClassFieldsHoldingArrayOfSubClassInstances
Processing com.google.gson.functional.CustomSerializerTest#testBaseClassSerializerInvokedForBaseClassFieldsHoldingSubClassInstances
Processing com.google.gson.functional.CustomTypeAdaptersTest#testCustomSerializers
Processing com.google.gson.functional.CustomTypeAdaptersTest#testCustomDeserializers
Processing com.google.gson.functional.CustomTypeAdaptersTest#testCustomTypeAdapterDoesNotAppliesToSubClasses
Processing com.google.gson.functional.CustomTypeAdaptersTest#testCustomTypeAdapterAppliesToSubClassesSerializedAsBaseClass
Processing com.google.gson.functional.CustomTypeAdaptersTest#testCustomAdapterInvokedForMapElementSerializationWithType
Processing com.google.gson.functional.CustomTypeAdaptersTest#testCustomAdapterInvokedForMapElementDeserialization
Processing com.google.gson.functional.CustomTypeAdaptersTest#testEnsureCustomSerializerNotInvokedForNullValues
Processing com.google.gson.functional.CustomTypeAdaptersTest#testEnsureCustomDeserializerNotInvokedForNullValues
Processing com.google.gson.functional.DefaultTypeAdaptersTest#testNullSerialization
Processing com.google.gson.functional.DefaultTypeAdaptersTest#testBigDecimalFieldSerialization
Processing com.google.gson.functional.DefaultTypeAdaptersTest#testBigDecimalFieldDeserialization
Processing com.google.gson.functional.DefaultTypeAdaptersTest#testBadValueForBigDecimalDeserialization
Processing com.google.gson.functional.DefaultTypeAdaptersTest#testBigIntegerFieldSerialization
Processing com.google.gson.functional.DefaultTypeAdaptersTest#testBigIntegerFieldDeserialization
Processing com.google.gson.functional.DefaultTypeAdaptersTest#testJsonObjectSerialization
Processing com.google.gson.functional.ExclusionStrategyFunctionalTest#testExclusionStrategyDeserialization
Processing com.google.gson.functional.ExclusionStrategyFunctionalTest#testExclusionStrategyWithMode
Processing com.google.gson.functional.ExposeFieldsTest#testNullExposeFieldSerialization
Processing com.google.gson.functional.ExposeFieldsTest#testArrayWithOneNullExposeFieldObjectSerialization
Processing com.google.gson.functional.ExposeFieldsTest#testExposeAnnotationSerialization
Processing com.google.gson.functional.ExposeFieldsTest#testExposeAnnotationDeserialization
Processing com.google.gson.functional.ExposeFieldsTest#testExposedInterfaceFieldSerialization
Processing com.google.gson.functional.ExposeFieldsTest#testExposedInterfaceFieldDeserialization
Processing com.google.gson.functional.FieldExclusionTest#testDefaultInnerClassExclusion
Processing com.google.gson.functional.FieldExclusionTest#testDefaultNestedStaticClassIncluded
Processing com.google.gson.functional.InheritanceTest#testSubClassSerialization
Processing com.google.gson.functional.InheritanceTest#testSubClassDeserialization
Processing com.google.gson.functional.InheritanceTest#testClassWithBaseFieldSerialization
Processing com.google.gson.functional.InheritanceTest#testClassWithBaseArrayFieldSerialization
Processing com.google.gson.functional.InheritanceTest#testClassWithBaseCollectionFieldSerialization
Processing com.google.gson.functional.InheritanceTest#testBaseSerializedAsSub
Processing com.google.gson.functional.InheritanceTest#testBaseSerializedAsBaseWhenSpecifiedWithExplicitType
Processing com.google.gson.functional.InheritanceTest#testBaseSerializedAsSubWhenSpecifiedWithExplicitType
Processing com.google.gson.functional.InheritanceTest#testSubInterfacesOfCollectionSerialization
Processing com.google.gson.functional.InheritanceTest#testSubInterfacesOfCollectionDeserialization
Processing com.google.gson.functional.InstanceCreatorTest#testInstanceCreatorReturnsSubTypeForField
Processing com.google.gson.functional.InterfaceTest#testSerializingObjectImplementingInterface
Processing com.google.gson.functional.InterfaceTest#testSerializingInterfaceObjectField
Processing com.google.gson.functional.JsonParserTest#testDeserializingCustomTree
Processing com.google.gson.functional.JsonParserTest#testBadTypeForDeserializingCustomTree
Processing com.google.gson.functional.JsonParserTest#testBadFieldTypeForCustomDeserializerCustomTree
Processing com.google.gson.functional.JsonParserTest#testBadFieldTypeForDeserializingCustomTree
Processing com.google.gson.functional.JsonParserTest#testChangingCustomTreeAndDeserializing
Processing com.google.gson.functional.JsonParserTest#testExtraCommasInMaps
Processing com.google.gson.functional.JsonTreeTest#testToJsonTree
Processing com.google.gson.functional.JsonTreeTest#testToJsonTreeObjectType
Processing com.google.gson.functional.JsonTreeTest#testJsonTreeToString
Processing com.google.gson.functional.JsonTreeTest#testJsonTreeNull
Processing com.google.gson.functional.MapAsArrayTypeAdapterTest#testSerializeComplexMapWithTypeAdapter
Processing com.google.gson.functional.MapAsArrayTypeAdapterTest#testTwoTypesCollapseToOneDeserialize
Processing com.google.gson.functional.MapAsArrayTypeAdapterTest#testMultipleEnableComplexKeyRegistrationHasNoEffect
Processing com.google.gson.functional.MapAsArrayTypeAdapterTest#testMapWithTypeVariableSerialization
Processing com.google.gson.functional.MapAsArrayTypeAdapterTest#testMapWithTypeVariableDeserialization
Processing com.google.gson.functional.MapTest#testMapSerialization
Processing com.google.gson.functional.MapTest#testMapDeserialization
Processing com.google.gson.functional.MapTest#testMapSerializationEmpty
Processing com.google.gson.functional.MapTest#testMapDeserializationEmpty
Processing com.google.gson.functional.MapTest#testMapSerializationWithNullValue
Processing com.google.gson.functional.MapTest#testMapDeserializationWithNullValue
Processing com.google.gson.functional.MapTest#testMapSerializationWithNullValueButSerializeNulls
Processing com.google.gson.functional.MapTest#testMapSerializationWithNullKey
Processing com.google.gson.functional.MapTest#testMapDeserializationWithNullKey
Processing com.google.gson.functional.MapTest#testMapSerializationWithIntegerKeys
Processing com.google.gson.functional.MapTest#testMapDeserializationWithIntegerKeys
Processing com.google.gson.functional.MapTest#testMapSerializationWithNullValues
Processing com.google.gson.functional.MapTest#testMapSerializationWithNullValuesSerialized
Processing com.google.gson.functional.MapTest#testInterfaceTypeMap
Processing com.google.gson.functional.MapTest#testGeneralMapField
Processing com.google.gson.functional.MoreSpecificTypeSerializationTest#testSubclassFields
Processing com.google.gson.functional.MoreSpecificTypeSerializationTest#testListOfSubclassFields
Processing com.google.gson.functional.MoreSpecificTypeSerializationTest#testMapOfSubclassFields
Processing com.google.gson.functional.MoreSpecificTypeSerializationTest#testParameterizedSubclassFields
Processing com.google.gson.functional.MoreSpecificTypeSerializationTest#testListOfParameterizedSubclassFields
Processing com.google.gson.functional.MoreSpecificTypeSerializationTest#testMapOfParameterizedSubclassFields
Processing com.google.gson.functional.NamingPolicyTest#testGsonWithNonDefaultFieldNamingPolicySerialization
Processing com.google.gson.functional.NamingPolicyTest#testGsonWithNonDefaultFieldNamingPolicyDeserialiation
Processing com.google.gson.functional.NamingPolicyTest#testGsonWithLowerCaseDashPolicySerialization
Processing com.google.gson.functional.NamingPolicyTest#testGsonWithLowerCaseDashPolicyDeserialiation
Processing com.google.gson.functional.NamingPolicyTest#testGsonWithLowerCaseUnderscorePolicySerialization
Processing com.google.gson.functional.NamingPolicyTest#testGsonWithLowerCaseUnderscorePolicyDeserialiation
Processing com.google.gson.functional.NamingPolicyTest#testGsonDuplicateNameUsingSerializedNameFieldNamingPolicySerialization
Processing com.google.gson.functional.NamingPolicyTest#testGsonWithUpperCamelCaseSpacesPolicySerialiation
Processing com.google.gson.functional.NamingPolicyTest#testGsonWithUpperCamelCaseSpacesPolicyDeserialiation
Processing com.google.gson.functional.NamingPolicyTest#testDeprecatedNamingStrategy
Processing com.google.gson.functional.NamingPolicyTest#testComplexFieldNameStrategy
Processing com.google.gson.functional.NullObjectAndFieldTest#testCustomSerializationOfNulls
Processing com.google.gson.functional.NullObjectAndFieldTest#testCustomTypeAdapterPassesNullDesrialization
Processing com.google.gson.functional.ObjectTest#testBagOfPrimitiveWrappersSerialization
Processing com.google.gson.functional.ObjectTest#testBagOfPrimitiveWrappersDeserialization
Processing com.google.gson.functional.ObjectTest#testInnerClassSerialization
Processing com.google.gson.functional.ObjectTest#testDateAsMapObjectField
Processing com.google.gson.functional.ParameterizedTypesTest#testParameterizedTypesSerialization
Processing com.google.gson.functional.ParameterizedTypesTest#testParameterizedTypeWithCustomSerializer
Processing com.google.gson.functional.ParameterizedTypesTest#testParameterizedTypesWithCustomDeserializer
Processing com.google.gson.functional.ParameterizedTypesTest#testParameterizedTypesWithWriterSerialization
Processing com.google.gson.functional.PrettyPrintingTest#testEmptyMapField
Processing com.google.gson.functional.PrimitiveTest#testMoreSpecificSerialization
Processing com.google.gson.functional.PrintFormattingTest#testJsonObjectWithNullValues
Processing com.google.gson.functional.PrintFormattingTest#testJsonObjectWithNullValuesSerialized
Processing com.google.gson.functional.RawSerializationTest#testCollectionOfObjects
Processing com.google.gson.functional.RawSerializationTest#testParameterizedObject
Processing com.google.gson.functional.RawSerializationTest#testTwoLevelParameterizedObject
Processing com.google.gson.functional.RawSerializationTest#testThreeLevelParameterizedObject
Processing com.google.gson.functional.ReadersWritersTest#testReadWriteTwoObjects
Processing com.google.gson.functional.ReadersWritersTest#testTypeMismatchThrowsJsonSyntaxExceptionForStrings
Processing com.google.gson.functional.ReadersWritersTest#testTypeMismatchThrowsJsonSyntaxExceptionForReaders
Processing com.google.gson.functional.StreamingTypeAdaptersTest#testDeserializeMap
Processing com.google.gson.functional.StreamingTypeAdaptersTest#testSerializeRecursive
Processing com.google.gson.functional.StreamingTypeAdaptersTest#testFromJsonTree
Processing com.google.gson.functional.TypeHierarchyAdapterTest#testTypeHierarchy
Processing com.google.gson.functional.TypeVariableTest#testAdvancedTypeVariables
Processing com.google.gson.functional.TypeVariableTest#testTypeVariablesViaTypeParameter
Processing com.google.gson.functional.UncategorizedTest#testReturningDerivedClassesDuringDeserialization
Processing com.google.gson.internal.bind.JsonElementReaderTest#testObject
Processing com.google.gson.internal.bind.JsonElementReaderTest#testNestedObjects
Processing com.google.gson.internal.bind.JsonElementReaderTest#testSkipValue
Processing com.google.gson.internal.bind.JsonTreeWriterTest#testObject
Processing com.google.gson.internal.bind.JsonTreeWriterTest#testNestedObject
Processing com.google.gson.internal.bind.JsonTreeWriterTest#testSerializeNullsTrue
Processing com.google.gson.DefaultMapJsonSerializerTest#testEmptyMapSerialization
Processing com.google.gson.DefaultMapJsonSerializerTest#testNonEmptyMapSerialization
Processing com.google.gson.JavaSerializationTest#testMapIsSerializable
Processing com.google.gson.JsonArrayTest#testEqualsNonEmptyArray
Processing com.google.gson.JsonObjectTest#testAddingNullPropertyValue
Processing com.google.gson.JsonObjectTest#testAddingNullOrEmptyPropertyName
Processing com.google.gson.JsonObjectTest#testAddingBooleanProperties
Processing com.google.gson.JsonObjectTest#testAddingStringProperties
Processing com.google.gson.JsonObjectTest#testAddingCharacterProperties
Processing com.google.gson.JsonObjectTest#testPropertyWithQuotes
Processing com.google.gson.JsonObjectTest#testWritePropertyWithEmptyStringName
Processing com.google.gson.JsonObjectTest#testReadPropertyWithEmptyStringName
Processing com.google.gson.JsonObjectTest#testEqualsOnEmptyObject
Processing com.google.gson.JsonObjectTest#testEqualsNonEmptyObject
Processing com.google.gson.JsonObjectTest#testDeepCopy
Processing com.google.gson.JsonParserTest#testParseString
Processing com.google.gson.JsonParserTest#testParseReader
Processing com.google.gson.JsonParserTest#testReadWriteTwoObjects
Processing com.google.gson.ObjectTypeAdapterTest#testSerialize
[INFO] Printing com.google.gson.functional.CustomSerializerTest to /tmp/v1/gson/src/test/java//com/google/gson/functional/CustomSerializerTest.java
[INFO] Printing com.google.gson.functional.PrimitiveTest to /tmp/v1/gson/src/test/java//com/google/gson/functional/PrimitiveTest.java
[INFO] Printing com.google.gson.functional.ReadersWritersTest to /tmp/v1/gson/src/test/java//com/google/gson/functional/ReadersWritersTest.java
[INFO] Printing com.google.gson.functional.InstanceCreatorTest to /tmp/v1/gson/src/test/java//com/google/gson/functional/InstanceCreatorTest.java
[INFO] Printing com.google.gson.functional.CustomTypeAdaptersTest to /tmp/v1/gson/src/test/java//com/google/gson/functional/CustomTypeAdaptersTest.java
[INFO] Printing com.google.gson.functional.PrintFormattingTest to /tmp/v1/gson/src/test/java//com/google/gson/functional/PrintFormattingTest.java
[INFO] Printing com.google.gson.functional.FieldExclusionTest to /tmp/v1/gson/src/test/java//com/google/gson/functional/FieldExclusionTest.java
[INFO] Printing com.google.gson.functional.CustomDeserializerTest to /tmp/v1/gson/src/test/java//com/google/gson/functional/CustomDeserializerTest.java
[INFO] Printing com.google.gson.functional.NamingPolicyTest to /tmp/v1/gson/src/test/java//com/google/gson/functional/NamingPolicyTest.java
[INFO] Printing com.google.gson.JsonArrayTest to /tmp/v1/gson/src/test/java//com/google/gson/JsonArrayTest.java
[INFO] Printing com.google.gson.JavaSerializationTest to /tmp/v1/gson/src/test/java//com/google/gson/JavaSerializationTest.java
[INFO] Printing com.google.gson.functional.RawSerializationTest to /tmp/v1/gson/src/test/java//com/google/gson/functional/RawSerializationTest.java
[INFO] Printing com.google.gson.functional.InheritanceTest to /tmp/v1/gson/src/test/java//com/google/gson/functional/InheritanceTest.java
[INFO] Printing com.google.gson.functional.StreamingTypeAdaptersTest to /tmp/v1/gson/src/test/java//com/google/gson/functional/StreamingTypeAdaptersTest.java
[INFO] Printing com.google.gson.internal.bind.JsonTreeWriterTest to /tmp/v1/gson/src/test/java//com/google/gson/internal/bind/JsonTreeWriterTest.java
[INFO] Printing com.google.gson.functional.NullObjectAndFieldTest to /tmp/v1/gson/src/test/java//com/google/gson/functional/NullObjectAndFieldTest.java
[INFO] Printing com.google.gson.ObjectTypeAdapterTest to /tmp/v1/gson/src/test/java//com/google/gson/ObjectTypeAdapterTest.java
[INFO] Printing com.google.gson.functional.UncategorizedTest to /tmp/v1/gson/src/test/java//com/google/gson/functional/UncategorizedTest.java
[INFO] Printing com.google.gson.functional.TypeHierarchyAdapterTest to /tmp/v1/gson/src/test/java//com/google/gson/functional/TypeHierarchyAdapterTest.java
[INFO] Printing com.google.gson.functional.ParameterizedTypesTest to /tmp/v1/gson/src/test/java//com/google/gson/functional/ParameterizedTypesTest.java
[INFO] Printing com.google.gson.functional.JsonParserTest to /tmp/v1/gson/src/test/java//com/google/gson/functional/JsonParserTest.java
[INFO] Printing com.google.gson.JsonParserTest to /tmp/v1/gson/src/test/java//com/google/gson/JsonParserTest.java
[INFO] Printing com.google.gson.internal.bind.JsonElementReaderTest to /tmp/v1/gson/src/test/java//com/google/gson/internal/bind/JsonElementReaderTest.java
[INFO] Printing com.google.gson.functional.DefaultTypeAdaptersTest to /tmp/v1/gson/src/test/java//com/google/gson/functional/DefaultTypeAdaptersTest.java
[INFO] Printing com.google.gson.functional.InterfaceTest to /tmp/v1/gson/src/test/java//com/google/gson/functional/InterfaceTest.java
[INFO] Printing com.google.gson.functional.CircularReferenceTest to /tmp/v1/gson/src/test/java//com/google/gson/functional/CircularReferenceTest.java
[INFO] Printing com.google.gson.functional.ExclusionStrategyFunctionalTest to /tmp/v1/gson/src/test/java//com/google/gson/functional/ExclusionStrategyFunctionalTest.java
[INFO] Printing com.google.gson.functional.JsonTreeTest to /tmp/v1/gson/src/test/java//com/google/gson/functional/JsonTreeTest.java
[INFO] Printing com.google.gson.functional.MoreSpecificTypeSerializationTest to /tmp/v1/gson/src/test/java//com/google/gson/functional/MoreSpecificTypeSerializationTest.java
[INFO] Printing com.google.gson.JsonObjectTest to /tmp/v1/gson/src/test/java//com/google/gson/JsonObjectTest.java
[INFO] Printing com.google.gson.functional.TypeVariableTest to /tmp/v1/gson/src/test/java//com/google/gson/functional/TypeVariableTest.java
[INFO] Printing com.google.gson.functional.MapTest to /tmp/v1/gson/src/test/java//com/google/gson/functional/MapTest.java
[INFO] Printing com.google.gson.functional.ExposeFieldsTest to /tmp/v1/gson/src/test/java//com/google/gson/functional/ExposeFieldsTest.java
[INFO] Printing com.google.gson.functional.ObjectTest to /tmp/v1/gson/src/test/java//com/google/gson/functional/ObjectTest.java
[INFO] Printing com.google.gson.DefaultMapJsonSerializerTest to /tmp/v1/gson/src/test/java//com/google/gson/DefaultMapJsonSerializerTest.java
[INFO] Printing com.google.gson.functional.PrettyPrintingTest to /tmp/v1/gson/src/test/java//com/google/gson/functional/PrettyPrintingTest.java
[INFO] Printing com.google.gson.functional.CollectionTest to /tmp/v1/gson/src/test/java//com/google/gson/functional/CollectionTest.java
[INFO] Printing com.google.gson.functional.MapAsArrayTypeAdapterTest to /tmp/v1/gson/src/test/java//com/google/gson/functional/MapAsArrayTypeAdapterTest.java
[INFO] Injecting JUnit-Jjoules in /tmp/v1/gson/pom.xml
[INFO] Output new POM file in /tmp/v1/gson/pom.xml
[INFO] Instrument version after commit...
[INFO] Run on /tmp/v2/gson/
[INFO] Running in NOCLASSPATH mode (doc: http://spoon.gforge.inria.fr/launcher.html).
[INFO] fr.davidson.diff.jjoules.process.junit4.JJoulesProcessor
Processing com.google.gson.functional.CircularReferenceTest#testSelfReferenceCustomHandlerSerialization
Processing com.google.gson.functional.CollectionTest#testWildcardCollectionField
Processing com.google.gson.functional.CollectionTest#testSetSerialization
Processing com.google.gson.functional.CollectionTest#testSetDeserialization
Processing com.google.gson.functional.CustomDeserializerTest#testDefaultConstructorNotCalledOnObject
Processing com.google.gson.functional.CustomDeserializerTest#testDefaultConstructorNotCalledOnField
Processing com.google.gson.functional.CustomDeserializerTest#testJsonTypeFieldBasedDeserialization
Processing com.google.gson.functional.CustomDeserializerTest#testCustomDeserializerReturnsNullForTopLevelObject
Processing com.google.gson.functional.CustomDeserializerTest#testCustomDeserializerReturnsNull
Processing com.google.gson.functional.CustomDeserializerTest#testCustomDeserializerReturnsNullForArrayElements
Processing com.google.gson.functional.CustomDeserializerTest#testCustomDeserializerReturnsNullForArrayElementsForArrayField
Processing com.google.gson.functional.CustomSerializerTest#testBaseClassSerializerInvokedForBaseClassFields
Processing com.google.gson.functional.CustomSerializerTest#testSubClassSerializerInvokedForBaseClassFieldsHoldingSubClassInstances
Processing com.google.gson.functional.CustomSerializerTest#testSubClassSerializerInvokedForBaseClassFieldsHoldingArrayOfSubClassInstances
Processing com.google.gson.functional.CustomSerializerTest#testBaseClassSerializerInvokedForBaseClassFieldsHoldingSubClassInstances
Processing com.google.gson.functional.CustomTypeAdaptersTest#testCustomSerializers
Processing com.google.gson.functional.CustomTypeAdaptersTest#testCustomDeserializers
Processing com.google.gson.functional.CustomTypeAdaptersTest#testCustomTypeAdapterDoesNotAppliesToSubClasses
Processing com.google.gson.functional.CustomTypeAdaptersTest#testCustomTypeAdapterAppliesToSubClassesSerializedAsBaseClass
Processing com.google.gson.functional.CustomTypeAdaptersTest#testCustomAdapterInvokedForMapElementSerializationWithType
Processing com.google.gson.functional.CustomTypeAdaptersTest#testCustomAdapterInvokedForMapElementDeserialization
Processing com.google.gson.functional.CustomTypeAdaptersTest#testEnsureCustomSerializerNotInvokedForNullValues
Processing com.google.gson.functional.CustomTypeAdaptersTest#testEnsureCustomDeserializerNotInvokedForNullValues
Processing com.google.gson.functional.DefaultTypeAdaptersTest#testNullSerialization
Processing com.google.gson.functional.DefaultTypeAdaptersTest#testBigDecimalFieldSerialization
Processing com.google.gson.functional.DefaultTypeAdaptersTest#testBigDecimalFieldDeserialization
Processing com.google.gson.functional.DefaultTypeAdaptersTest#testBadValueForBigDecimalDeserialization
Processing com.google.gson.functional.DefaultTypeAdaptersTest#testBigIntegerFieldSerialization
Processing com.google.gson.functional.DefaultTypeAdaptersTest#testBigIntegerFieldDeserialization
Processing com.google.gson.functional.DefaultTypeAdaptersTest#testJsonObjectSerialization
Processing com.google.gson.functional.ExclusionStrategyFunctionalTest#testExclusionStrategyDeserialization
Processing com.google.gson.functional.ExclusionStrategyFunctionalTest#testExclusionStrategyWithMode
Processing com.google.gson.functional.ExposeFieldsTest#testNullExposeFieldSerialization
Processing com.google.gson.functional.ExposeFieldsTest#testArrayWithOneNullExposeFieldObjectSerialization
Processing com.google.gson.functional.ExposeFieldsTest#testExposeAnnotationSerialization
Processing com.google.gson.functional.ExposeFieldsTest#testExposeAnnotationDeserialization
Processing com.google.gson.functional.ExposeFieldsTest#testExposedInterfaceFieldSerialization
Processing com.google.gson.functional.ExposeFieldsTest#testExposedInterfaceFieldDeserialization
Processing com.google.gson.functional.FieldExclusionTest#testDefaultInnerClassExclusion
Processing com.google.gson.functional.FieldExclusionTest#testDefaultNestedStaticClassIncluded
Processing com.google.gson.functional.InheritanceTest#testSubClassSerialization
Processing com.google.gson.functional.InheritanceTest#testSubClassDeserialization
Processing com.google.gson.functional.InheritanceTest#testClassWithBaseFieldSerialization
Processing com.google.gson.functional.InheritanceTest#testClassWithBaseArrayFieldSerialization
Processing com.google.gson.functional.InheritanceTest#testClassWithBaseCollectionFieldSerialization
Processing com.google.gson.functional.InheritanceTest#testBaseSerializedAsSub
Processing com.google.gson.functional.InheritanceTest#testBaseSerializedAsBaseWhenSpecifiedWithExplicitType
Processing com.google.gson.functional.InheritanceTest#testBaseSerializedAsSubWhenSpecifiedWithExplicitType
Processing com.google.gson.functional.InheritanceTest#testSubInterfacesOfCollectionSerialization
Processing com.google.gson.functional.InheritanceTest#testSubInterfacesOfCollectionDeserialization
Processing com.google.gson.functional.InstanceCreatorTest#testInstanceCreatorReturnsSubTypeForField
Processing com.google.gson.functional.InterfaceTest#testSerializingObjectImplementingInterface
Processing com.google.gson.functional.InterfaceTest#testSerializingInterfaceObjectField
Processing com.google.gson.functional.JsonParserTest#testDeserializingCustomTree
Processing com.google.gson.functional.JsonParserTest#testBadTypeForDeserializingCustomTree
Processing com.google.gson.functional.JsonParserTest#testBadFieldTypeForCustomDeserializerCustomTree
Processing com.google.gson.functional.JsonParserTest#testBadFieldTypeForDeserializingCustomTree
Processing com.google.gson.functional.JsonParserTest#testChangingCustomTreeAndDeserializing
Processing com.google.gson.functional.JsonParserTest#testExtraCommasInMaps
Processing com.google.gson.functional.JsonTreeTest#testToJsonTree
Processing com.google.gson.functional.JsonTreeTest#testToJsonTreeObjectType
Processing com.google.gson.functional.JsonTreeTest#testJsonTreeToString
Processing com.google.gson.functional.JsonTreeTest#testJsonTreeNull
Processing com.google.gson.functional.MapAsArrayTypeAdapterTest#testSerializeComplexMapWithTypeAdapter
Processing com.google.gson.functional.MapAsArrayTypeAdapterTest#testTwoTypesCollapseToOneDeserialize
Processing com.google.gson.functional.MapAsArrayTypeAdapterTest#testMultipleEnableComplexKeyRegistrationHasNoEffect
Processing com.google.gson.functional.MapAsArrayTypeAdapterTest#testMapWithTypeVariableSerialization
Processing com.google.gson.functional.MapAsArrayTypeAdapterTest#testMapWithTypeVariableDeserialization
Processing com.google.gson.functional.MapTest#testMapSerialization
Processing com.google.gson.functional.MapTest#testMapDeserialization
Processing com.google.gson.functional.MapTest#testMapSerializationEmpty
Processing com.google.gson.functional.MapTest#testMapDeserializationEmpty
Processing com.google.gson.functional.MapTest#testMapSerializationWithNullValue
Processing com.google.gson.functional.MapTest#testMapDeserializationWithNullValue
Processing com.google.gson.functional.MapTest#testMapSerializationWithNullValueButSerializeNulls
Processing com.google.gson.functional.MapTest#testMapSerializationWithNullKey
Processing com.google.gson.functional.MapTest#testMapDeserializationWithNullKey
Processing com.google.gson.functional.MapTest#testMapSerializationWithIntegerKeys
Processing com.google.gson.functional.MapTest#testMapDeserializationWithIntegerKeys
Processing com.google.gson.functional.MapTest#testMapSerializationWithNullValues
Processing com.google.gson.functional.MapTest#testMapSerializationWithNullValuesSerialized
Processing com.google.gson.functional.MapTest#testInterfaceTypeMap
Processing com.google.gson.functional.MapTest#testGeneralMapField
Processing com.google.gson.functional.MoreSpecificTypeSerializationTest#testSubclassFields
Processing com.google.gson.functional.MoreSpecificTypeSerializationTest#testListOfSubclassFields
Processing com.google.gson.functional.MoreSpecificTypeSerializationTest#testMapOfSubclassFields
Processing com.google.gson.functional.MoreSpecificTypeSerializationTest#testParameterizedSubclassFields
Processing com.google.gson.functional.MoreSpecificTypeSerializationTest#testListOfParameterizedSubclassFields
Processing com.google.gson.functional.MoreSpecificTypeSerializationTest#testMapOfParameterizedSubclassFields
Processing com.google.gson.functional.NamingPolicyTest#testGsonWithNonDefaultFieldNamingPolicySerialization
Processing com.google.gson.functional.NamingPolicyTest#testGsonWithNonDefaultFieldNamingPolicyDeserialiation
Processing com.google.gson.functional.NamingPolicyTest#testGsonWithLowerCaseDashPolicySerialization
Processing com.google.gson.functional.NamingPolicyTest#testGsonWithLowerCaseDashPolicyDeserialiation
Processing com.google.gson.functional.NamingPolicyTest#testGsonWithLowerCaseUnderscorePolicySerialization
Processing com.google.gson.functional.NamingPolicyTest#testGsonWithLowerCaseUnderscorePolicyDeserialiation
Processing com.google.gson.functional.NamingPolicyTest#testGsonDuplicateNameUsingSerializedNameFieldNamingPolicySerialization
Processing com.google.gson.functional.NamingPolicyTest#testGsonWithUpperCamelCaseSpacesPolicySerialiation
Processing com.google.gson.functional.NamingPolicyTest#testGsonWithUpperCamelCaseSpacesPolicyDeserialiation
Processing com.google.gson.functional.NamingPolicyTest#testDeprecatedNamingStrategy
Processing com.google.gson.functional.NamingPolicyTest#testComplexFieldNameStrategy
Processing com.google.gson.functional.NullObjectAndFieldTest#testCustomSerializationOfNulls
Processing com.google.gson.functional.NullObjectAndFieldTest#testCustomTypeAdapterPassesNullDesrialization
Processing com.google.gson.functional.ObjectTest#testBagOfPrimitiveWrappersSerialization
Processing com.google.gson.functional.ObjectTest#testBagOfPrimitiveWrappersDeserialization
Processing com.google.gson.functional.ObjectTest#testInnerClassSerialization
Processing com.google.gson.functional.ObjectTest#testDateAsMapObjectField
Processing com.google.gson.functional.ParameterizedTypesTest#testParameterizedTypesSerialization
Processing com.google.gson.functional.ParameterizedTypesTest#testParameterizedTypeWithCustomSerializer
Processing com.google.gson.functional.ParameterizedTypesTest#testParameterizedTypesWithCustomDeserializer
Processing com.google.gson.functional.ParameterizedTypesTest#testParameterizedTypesWithWriterSerialization
Processing com.google.gson.functional.PrettyPrintingTest#testEmptyMapField
Processing com.google.gson.functional.PrimitiveTest#testMoreSpecificSerialization
Processing com.google.gson.functional.PrintFormattingTest#testJsonObjectWithNullValues
Processing com.google.gson.functional.PrintFormattingTest#testJsonObjectWithNullValuesSerialized
Processing com.google.gson.functional.RawSerializationTest#testCollectionOfObjects
Processing com.google.gson.functional.RawSerializationTest#testParameterizedObject
Processing com.google.gson.functional.RawSerializationTest#testTwoLevelParameterizedObject
Processing com.google.gson.functional.RawSerializationTest#testThreeLevelParameterizedObject
Processing com.google.gson.functional.ReadersWritersTest#testReadWriteTwoObjects
Processing com.google.gson.functional.ReadersWritersTest#testTypeMismatchThrowsJsonSyntaxExceptionForStrings
Processing com.google.gson.functional.ReadersWritersTest#testTypeMismatchThrowsJsonSyntaxExceptionForReaders
Processing com.google.gson.functional.StreamingTypeAdaptersTest#testDeserializeMap
Processing com.google.gson.functional.StreamingTypeAdaptersTest#testSerializeRecursive
Processing com.google.gson.functional.StreamingTypeAdaptersTest#testFromJsonTree
Processing com.google.gson.functional.TypeHierarchyAdapterTest#testTypeHierarchy
Processing com.google.gson.functional.TypeVariableTest#testAdvancedTypeVariables
Processing com.google.gson.functional.TypeVariableTest#testTypeVariablesViaTypeParameter
Processing com.google.gson.functional.UncategorizedTest#testReturningDerivedClassesDuringDeserialization
Processing com.google.gson.internal.bind.JsonElementReaderTest#testObject
Processing com.google.gson.internal.bind.JsonElementReaderTest#testNestedObjects
Processing com.google.gson.internal.bind.JsonElementReaderTest#testSkipValue
Processing com.google.gson.internal.bind.JsonTreeWriterTest#testObject
Processing com.google.gson.internal.bind.JsonTreeWriterTest#testNestedObject
Processing com.google.gson.internal.bind.JsonTreeWriterTest#testSerializeNullsTrue
Processing com.google.gson.DefaultMapJsonSerializerTest#testEmptyMapSerialization
Processing com.google.gson.DefaultMapJsonSerializerTest#testNonEmptyMapSerialization
Processing com.google.gson.JavaSerializationTest#testMapIsSerializable
Processing com.google.gson.JsonArrayTest#testEqualsNonEmptyArray
Processing com.google.gson.JsonObjectTest#testAddingNullPropertyValue
Processing com.google.gson.JsonObjectTest#testAddingNullOrEmptyPropertyName
Processing com.google.gson.JsonObjectTest#testAddingBooleanProperties
Processing com.google.gson.JsonObjectTest#testAddingStringProperties
Processing com.google.gson.JsonObjectTest#testAddingCharacterProperties
Processing com.google.gson.JsonObjectTest#testPropertyWithQuotes
Processing com.google.gson.JsonObjectTest#testWritePropertyWithEmptyStringName
Processing com.google.gson.JsonObjectTest#testReadPropertyWithEmptyStringName
Processing com.google.gson.JsonObjectTest#testEqualsOnEmptyObject
Processing com.google.gson.JsonObjectTest#testEqualsNonEmptyObject
Processing com.google.gson.JsonObjectTest#testDeepCopy
Processing com.google.gson.JsonParserTest#testParseString
Processing com.google.gson.JsonParserTest#testParseReader
Processing com.google.gson.JsonParserTest#testReadWriteTwoObjects
Processing com.google.gson.ObjectTypeAdapterTest#testSerialize
[INFO] Printing com.google.gson.functional.InstanceCreatorTest to /tmp/v2/gson//src/test/java//com/google/gson/functional/InstanceCreatorTest.java
[INFO] Printing com.google.gson.functional.CustomTypeAdaptersTest to /tmp/v2/gson//src/test/java//com/google/gson/functional/CustomTypeAdaptersTest.java
[INFO] Printing com.google.gson.functional.CustomTypeAdaptersTest to /tmp/v2/gson//src/test/java//com/google/gson/functional/CustomTypeAdaptersTest.java
[INFO] Printing com.google.gson.functional.FieldExclusionTest to /tmp/v2/gson//src/test/java//com/google/gson/functional/FieldExclusionTest.java
[INFO] Printing com.google.gson.functional.FieldExclusionTest to /tmp/v2/gson//src/test/java//com/google/gson/functional/FieldExclusionTest.java
[INFO] Printing com.google.gson.JsonArrayTest to /tmp/v2/gson//src/test/java//com/google/gson/JsonArrayTest.java
[INFO] Printing com.google.gson.JavaSerializationTest to /tmp/v2/gson//src/test/java//com/google/gson/JavaSerializationTest.java
[INFO] Printing com.google.gson.functional.RawSerializationTest to /tmp/v2/gson//src/test/java//com/google/gson/functional/RawSerializationTest.java
[INFO] Printing com.google.gson.functional.RawSerializationTest to /tmp/v2/gson//src/test/java//com/google/gson/functional/RawSerializationTest.java
[INFO] Printing com.google.gson.functional.StreamingTypeAdaptersTest to /tmp/v2/gson//src/test/java//com/google/gson/functional/StreamingTypeAdaptersTest.java
[INFO] Printing com.google.gson.functional.StreamingTypeAdaptersTest to /tmp/v2/gson//src/test/java//com/google/gson/functional/StreamingTypeAdaptersTest.java
[INFO] Printing com.google.gson.functional.NullObjectAndFieldTest to /tmp/v2/gson//src/test/java//com/google/gson/functional/NullObjectAndFieldTest.java
[INFO] Printing com.google.gson.ObjectTypeAdapterTest to /tmp/v2/gson//src/test/java//com/google/gson/ObjectTypeAdapterTest.java
[INFO] Printing com.google.gson.functional.NullObjectAndFieldTest to /tmp/v2/gson//src/test/java//com/google/gson/functional/NullObjectAndFieldTest.java
[INFO] Printing com.google.gson.functional.UncategorizedTest to /tmp/v2/gson//src/test/java//com/google/gson/functional/UncategorizedTest.java
[INFO] Printing com.google.gson.functional.TypeHierarchyAdapterTest to /tmp/v2/gson//src/test/java//com/google/gson/functional/TypeHierarchyAdapterTest.java
[INFO] Printing com.google.gson.functional.ParameterizedTypesTest to /tmp/v2/gson//src/test/java//com/google/gson/functional/ParameterizedTypesTest.java
[INFO] Printing com.google.gson.functional.ParameterizedTypesTest to /tmp/v2/gson//src/test/java//com/google/gson/functional/ParameterizedTypesTest.java
[INFO] Printing com.google.gson.functional.DefaultTypeAdaptersTest to /tmp/v2/gson//src/test/java//com/google/gson/functional/DefaultTypeAdaptersTest.java
[INFO] Printing com.google.gson.functional.DefaultTypeAdaptersTest to /tmp/v2/gson//src/test/java//com/google/gson/functional/DefaultTypeAdaptersTest.java
[INFO] Printing com.google.gson.functional.InterfaceTest to /tmp/v2/gson//src/test/java//com/google/gson/functional/InterfaceTest.java
[INFO] Printing com.google.gson.functional.InterfaceTest to /tmp/v2/gson//src/test/java//com/google/gson/functional/InterfaceTest.java
[INFO] Printing com.google.gson.functional.CircularReferenceTest to /tmp/v2/gson//src/test/java//com/google/gson/functional/CircularReferenceTest.java
[INFO] Printing com.google.gson.functional.ExclusionStrategyFunctionalTest to /tmp/v2/gson//src/test/java//com/google/gson/functional/ExclusionStrategyFunctionalTest.java
[INFO] Printing com.google.gson.functional.JsonTreeTest to /tmp/v2/gson//src/test/java//com/google/gson/functional/JsonTreeTest.java
[INFO] Printing com.google.gson.JsonObjectTest to /tmp/v2/gson//src/test/java//com/google/gson/JsonObjectTest.java
[INFO] Printing com.google.gson.functional.ExclusionStrategyFunctionalTest to /tmp/v2/gson//src/test/java//com/google/gson/functional/ExclusionStrategyFunctionalTest.java
[INFO] Printing com.google.gson.functional.JsonTreeTest to /tmp/v2/gson//src/test/java//com/google/gson/functional/JsonTreeTest.java
[INFO] Printing com.google.gson.JsonObjectTest to /tmp/v2/gson//src/test/java//com/google/gson/JsonObjectTest.java
[INFO] Printing com.google.gson.functional.ExposeFieldsTest to /tmp/v2/gson//src/test/java//com/google/gson/functional/ExposeFieldsTest.java
[INFO] Printing com.google.gson.functional.ExposeFieldsTest to /tmp/v2/gson//src/test/java//com/google/gson/functional/ExposeFieldsTest.java
[INFO] Printing com.google.gson.DefaultMapJsonSerializerTest to /tmp/v2/gson//src/test/java//com/google/gson/DefaultMapJsonSerializerTest.java
[INFO] Printing com.google.gson.DefaultMapJsonSerializerTest to /tmp/v2/gson//src/test/java//com/google/gson/DefaultMapJsonSerializerTest.java
[INFO] Printing com.google.gson.functional.CollectionTest to /tmp/v2/gson//src/test/java//com/google/gson/functional/CollectionTest.java
[INFO] Printing com.google.gson.functional.CollectionTest to /tmp/v2/gson//src/test/java//com/google/gson/functional/CollectionTest.java
[INFO] Printing com.google.gson.functional.MapAsArrayTypeAdapterTest to /tmp/v2/gson//src/test/java//com/google/gson/functional/MapAsArrayTypeAdapterTest.java
[INFO] Printing com.google.gson.functional.MapAsArrayTypeAdapterTest to /tmp/v2/gson//src/test/java//com/google/gson/functional/MapAsArrayTypeAdapterTest.java
[INFO] Printing com.google.gson.functional.CustomSerializerTest to /tmp/v2/gson//src/test/java//com/google/gson/functional/CustomSerializerTest.java
[INFO] Printing com.google.gson.functional.PrimitiveTest to /tmp/v2/gson//src/test/java//com/google/gson/functional/PrimitiveTest.java
[INFO] Printing com.google.gson.functional.CustomSerializerTest to /tmp/v2/gson//src/test/java//com/google/gson/functional/CustomSerializerTest.java
[INFO] Printing com.google.gson.functional.ReadersWritersTest to /tmp/v2/gson//src/test/java//com/google/gson/functional/ReadersWritersTest.java
[INFO] Printing com.google.gson.functional.ReadersWritersTest to /tmp/v2/gson//src/test/java//com/google/gson/functional/ReadersWritersTest.java
[INFO] Printing com.google.gson.functional.PrintFormattingTest to /tmp/v2/gson//src/test/java//com/google/gson/functional/PrintFormattingTest.java
[INFO] Printing com.google.gson.functional.PrintFormattingTest to /tmp/v2/gson//src/test/java//com/google/gson/functional/PrintFormattingTest.java
[INFO] Printing com.google.gson.functional.CustomDeserializerTest to /tmp/v2/gson//src/test/java//com/google/gson/functional/CustomDeserializerTest.java
[INFO] Printing com.google.gson.functional.CustomDeserializerTest to /tmp/v2/gson//src/test/java//com/google/gson/functional/CustomDeserializerTest.java
[INFO] Printing com.google.gson.functional.NamingPolicyTest to /tmp/v2/gson//src/test/java//com/google/gson/functional/NamingPolicyTest.java
[INFO] Printing com.google.gson.functional.NamingPolicyTest to /tmp/v2/gson//src/test/java//com/google/gson/functional/NamingPolicyTest.java
[INFO] Printing com.google.gson.functional.InheritanceTest to /tmp/v2/gson//src/test/java//com/google/gson/functional/InheritanceTest.java
[INFO] Printing com.google.gson.functional.InheritanceTest to /tmp/v2/gson//src/test/java//com/google/gson/functional/InheritanceTest.java
[INFO] Printing com.google.gson.internal.bind.JsonTreeWriterTest to /tmp/v2/gson//src/test/java//com/google/gson/internal/bind/JsonTreeWriterTest.java
[INFO] Printing com.google.gson.internal.bind.JsonTreeWriterTest to /tmp/v2/gson//src/test/java//com/google/gson/internal/bind/JsonTreeWriterTest.java
[INFO] Printing com.google.gson.functional.JsonParserTest to /tmp/v2/gson//src/test/java//com/google/gson/functional/JsonParserTest.java
[INFO] Printing com.google.gson.JsonParserTest to /tmp/v2/gson//src/test/java//com/google/gson/JsonParserTest.java
[INFO] Printing com.google.gson.functional.JsonParserTest to /tmp/v2/gson//src/test/java//com/google/gson/functional/JsonParserTest.java
[INFO] Printing com.google.gson.JsonParserTest to /tmp/v2/gson//src/test/java//com/google/gson/JsonParserTest.java
[INFO] Printing com.google.gson.internal.bind.JsonElementReaderTest to /tmp/v2/gson//src/test/java//com/google/gson/internal/bind/JsonElementReaderTest.java
[INFO] Printing com.google.gson.internal.bind.JsonElementReaderTest to /tmp/v2/gson//src/test/java//com/google/gson/internal/bind/JsonElementReaderTest.java
[INFO] Printing com.google.gson.functional.MoreSpecificTypeSerializationTest to /tmp/v2/gson//src/test/java//com/google/gson/functional/MoreSpecificTypeSerializationTest.java
[INFO] Printing com.google.gson.functional.MoreSpecificTypeSerializationTest to /tmp/v2/gson//src/test/java//com/google/gson/functional/MoreSpecificTypeSerializationTest.java
[INFO] Printing com.google.gson.functional.TypeVariableTest to /tmp/v2/gson//src/test/java//com/google/gson/functional/TypeVariableTest.java
[INFO] Printing com.google.gson.functional.TypeVariableTest to /tmp/v2/gson//src/test/java//com/google/gson/functional/TypeVariableTest.java
[INFO] Printing com.google.gson.functional.MapTest to /tmp/v2/gson//src/test/java//com/google/gson/functional/MapTest.java
[INFO] Printing com.google.gson.functional.MapTest to /tmp/v2/gson//src/test/java//com/google/gson/functional/MapTest.java
[INFO] Printing com.google.gson.functional.ObjectTest to /tmp/v2/gson//src/test/java//com/google/gson/functional/ObjectTest.java
[INFO] Printing com.google.gson.functional.ObjectTest to /tmp/v2/gson//src/test/java//com/google/gson/functional/ObjectTest.java
[INFO] Printing com.google.gson.functional.PrettyPrintingTest to /tmp/v2/gson//src/test/java//com/google/gson/functional/PrettyPrintingTest.java
[INFO] Injecting JUnit-Jjoules in /tmp/v2/gson//pom.xml
[INFO] Output new POM file in /tmp/v2/gson//pom.xml
[INFO] ------------------------------------------------------------------------
[INFO] BUILD SUCCESS
[INFO] ------------------------------------------------------------------------
[INFO] Total time:  14.569 s
[INFO] Finished at: 2021-01-05T10:40:37+01:00
[INFO] ------------------------------------------------------------------------
