[INFO] Scanning for projects...
[INFO] 
[INFO] ---------------------< com.google.code.gson:gson >----------------------
[INFO] Building Gson 1.8-SNAPSHOT
[INFO] --------------------------------[ jar ]---------------------------------
[INFO] 
[INFO] --- maven-dependency-plugin:2.8:build-classpath (default-cli) @ gson ---
[INFO] Wrote classpath file '/tmp/v1/gson/classpath'.
[INFO] 
[INFO] --- diff-jjoules:0.0.1-SNAPSHOT:class-instrument (default-cli) @ gson ---
[INFO] Running on:
[INFO] /tmp/v1/gson
[INFO] /tmp/v2/gson/
[INFO] Enable JUnit4 mode
[INFO] Configuration{pathToFirstVersion='/tmp/v1/gson', pathToSecondVersion='/tmp/v2/gson/', pathToTestListAsCSV='/tmp/v1/gson/testsThatExecuteTheChange.csv', nbDuplication=-1, shouldRandomize=false, timeOfExecutionToReachInMs=1000, numberOfMethodToProcess=10}
[INFO] com.google.gson.functional.CollectionTest:[testNullsInListSerialization, testTopLevelCollectionOfIntegersSerialization, testWildcardPrimitiveCollectionSerilaization, testQueueSerialization, testSetSerialization, testCollectionOfStringsSerialization, testRawCollectionSerialization, testWildcardCollectionField, testRawCollectionOfIntegersSerialization, testCollectionOfObjectWithNullSerialization, testFieldIsArrayList, testCollectionOfObjectSerialization, testLinkedListSerialization, testCollectionOfBagOfPrimitivesSerialization]
com.google.gson.functional.InternationalizationTest:[testStringsWithUnicodeChineseCharactersSerialization]
com.google.gson.functional.ParameterizedTypesTest:[testVariableTypeFieldsAndGenericArraysSerialization, testParameterizedTypeWithCustomSerializer, testTypesWithMultipleParametersSerialization, testParameterizedTypeGenericArraysDeserialization, testVariableTypeFieldsAndGenericArraysDeserialization, testVariableTypeDeserialization, testParameterizedTypesWithWriterSerialization, testParameterizedTypeGenericArraysSerialization, testDeepParameterizedTypeSerialization, testParameterizedTypeWithVariableTypeDeserialization, testParameterizedTypesSerialization, testVariableTypeArrayDeserialization]
com.google.gson.functional.InterfaceTest:[testSerializingInterfaceObjectField, testSerializingObjectImplementingInterface]
com.google.gson.functional.ExposeFieldsTest:[testExposeAnnotationSerialization, testNullExposeFieldSerialization, testNoExposedFieldSerialization, testArrayWithOneNullExposeFieldObjectSerialization, testExposedInterfaceFieldSerialization]
com.google.gson.functional.NullObjectAndFieldTest:[testExplicitSerializationOfNulls, testExplicitSerializationOfNullStringMembers, testTopLevelNullObjectSerialization, testCustomTypeAdapterPassesNullSerialization, testCustomSerializationOfNulls, testPrintPrintingArraysWithNulls, testPrintPrintingObjectWithNulls, testNullWrappedPrimitiveMemberSerialization, testExplicitSerializationOfNullArrayMembers, testExplicitSerializationOfNullCollectionMembers]
com.google.gson.functional.EscapingTest:[testEscapingQuotesInStringArray, testGsonDoubleDeserialization, testEscapeAllHtmlCharacters, testGsonAcceptsEscapedAndNonEscapedJsonDeserialization, testEscapingObjectFields]
com.google.gson.functional.UncategorizedTest:[testGsonInstanceReusableForSerializationAndDeserialization, testStaticFieldsAreNotSerialized, testObjectEqualButNotSameSerialization]
com.google.gson.DefaultInetAddressTypeAdapterTest:[testInetAddressSerializationAndDeserialization]
com.google.gson.functional.InheritanceTest:[testSubClassSerialization, testClassWithBaseFieldSerialization, testSubInterfacesOfCollectionSerialization, testBaseSerializedAsBaseWhenSpecifiedWithExplicitType, testBaseSerializedAsBaseWhenSpecifiedWithExplicitTypeForToJsonMethod, testBaseSerializedAsSubWhenSpecifiedWithExplicitTypeForToJsonMethod, testBaseSerializedAsSubForToJsonMethod, testClassWithBaseCollectionFieldSerialization, testClassWithBaseArrayFieldSerialization, testBaseSerializedAsSubWhenSpecifiedWithExplicitType, testBaseSerializedAsSub]
com.google.gson.functional.CustomSerializerTest:[testSerializerReturnsNull, testSubClassSerializerInvokedForBaseClassFieldsHoldingSubClassInstances, testBaseClassSerializerInvokedForBaseClassFieldsHoldingSubClassInstances, testBaseClassSerializerInvokedForBaseClassFields, testSubClassSerializerInvokedForBaseClassFieldsHoldingArrayOfSubClassInstances]
com.google.gson.functional.PrettyPrintingTest:[testEmptyMapField, testPrettyPrintArrayOfObjects, testPrettyPrintArrayOfPrimitiveArrays, testPrettyPrintList, testMultipleArrays, testPrettyPrintListOfPrimitiveArrays, testMap, testPrettyPrintArrayOfPrimitives]
com.google.gson.functional.JsonTreeTest:[testToJsonTreeObjectType, testToJsonTree, testJsonTreeToString]
com.google.gson.functional.ObjectTest:[testSingletonLists, testInnerClassSerialization, testAnonymousLocalClassesSerialization, testBagOfPrimitivesSerialization, testNullFieldsSerialization, testStringFieldWithEmptyValueSerialization, testClassWithObjectFieldSerialization, testArrayOfArraysSerialization, testClassWithTransientFieldsSerialization, testClassWithNoFieldsSerialization, testEmptyCollectionInAnObjectSerialization, testPrimitiveArrayFieldSerialization, testArrayOfObjectsAsFields, testBagOfPrimitiveWrappersSerialization, testArrayOfObjectsSerialization, testNestedSerialization]
com.google.gson.functional.PrimitiveCharacterTest:[testPrimitiveCharacterAutoboxedSerialization]
com.google.gson.functional.SecurityTest:[testNonExecutableJsonSerialization, testJsonWithNonExectuableTokenSerialization]
com.google.gson.functional.VersioningTest:[testVersionedClassesSerialization, testIgnoreLaterVersionClassSerialization, testVersionedGsonMixingSinceAndUntilSerialization, testVersionedUntilSerialization, testVersionedGsonWithUnversionedClassesSerialization]
com.google.gson.functional.MoreSpecificTypeSerializationTest:[testMapOfSubclassFields, testListOfSubclassFields, testListOfParameterizedSubclassFields, testSubclassFields, testMapOfParameterizedSubclassFields, testParameterizedSubclassFields]
com.google.gson.functional.ConcurrencyTest:[testSingleThreadSerialization, testMultiThreadSerialization]
com.google.gson.functional.FieldExclusionTest:[testDefaultInnerClassExclusion, testDefaultNestedStaticClassIncluded, testInnerClassExclusion]
com.google.gson.JsonParserTest:[testReadWriteTwoObjects]
com.google.gson.functional.PrintFormattingTest:[testCompactFormattingLeavesNoWhiteSpace]
com.google.gson.internal.bind.JsonElementWriterTest:[testArray, testObject, testNestedObject, testNestedArray]
com.google.gson.GsonTypeAdapterTest:[testTypeAdapterDoesNotAffectNonAdaptedTypes, testTypeAdapterThrowsException, testTypeAdapterProperlyConvertsTypes]
com.google.gson.FunctionWithInternalDependenciesTest:[testAnonymousLocalClassesSerialization]
com.google.gson.MixedStreamTest:[testWriteLenient, testWriteDoesNotMutateState, testWriteClosed, testWriteMixedStreamed, testWriteHtmlSafe, testWriteInvalidState]
com.google.gson.functional.StringTest:[testStringValueAsSingleElementArraySerialization, testStringValueSerialization, testEscapedCtrlNInStringSerialization, testEscapingQuotesInStringSerialization, testSingleQuoteInStringSerialization, testEscapedCtrlRInStringSerialization, testAssignmentCharSerialization, testEscapedBackslashInStringSerialization, testJavascriptKeywordsInStringSerialization]
com.google.gson.functional.CustomTypeAdaptersTest:[testCustomTypeAdapterDoesNotAppliesToSubClasses, testCustomAdapterInvokedForCollectionElementSerializationWithType, testCustomTypeAdapterAppliesToSubClassesSerializedAsBaseClass, testCustomAdapterInvokedForMapElementSerialization, testCustomSerializers, testCustomAdapterInvokedForMapElementSerializationWithType, testCustomNestedSerializers, testCustomByteArraySerializer, testCustomAdapterInvokedForCollectionElementSerialization, testEnsureCustomSerializerNotInvokedForNullValues]
com.google.gson.functional.NamingPolicyTest:[testComplexFieldNameStrategy, testGsonWithSerializedNameFieldNamingPolicySerialization, testGsonWithUpperCamelCaseSpacesPolicySerialiation, testGsonWithNonDefaultFieldNamingPolicySerialization, testGsonWithLowerCaseDashPolicySerialization, testGsonWithLowerCaseUnderscorePolicySerialization, testDeprecatedNamingStrategy]
com.google.gson.DefaultMapJsonSerializerTest:[testNonEmptyMapSerialization, testEmptyMapSerialization, testEmptyMapNoTypeSerialization]
com.google.gson.functional.TypeVariableTest:[testBasicTypeVariables, testAdvancedTypeVariables, testTypeVariablesViaTypeParameter]
com.google.gson.functional.ReadersWritersTest:[testWriterForSerialization, testReadWriteTwoStrings, testReadWriteTwoObjects]
com.google.gson.functional.EnumTest:[testTopLevelEnumSerialization, testEnumSubclass, testEnumSubclassAsParameterizedType, testEnumSubclassWithRegisteredTypeAdapter, testCollectionOfEnumsSerialization, testClassWithEnumFieldSerialization]
com.google.gson.functional.TypeHierarchyAdapterTest:[testRegisterSuperTypeFirst, testTypeHierarchy]
com.google.gson.functional.CustomDeserializerTest:[testDefaultConstructorNotCalledOnObject, testDefaultConstructorNotCalledOnField]
com.google.gson.functional.ExclusionStrategyFunctionalTest:[testExclusionStrategyWithMode, testExclusionStrategySerialization]
com.google.gson.functional.ArrayTest:[testNullsInArrayWithSerializeNullPropertySetSerialization, testEmptyArraySerialization, testMultiDimenstionalObjectArraysSerialization, testMultidimenstionalArraysSerialization, testArrayOfPrimitivesAsObjectsSerialization, testSingleStringArraySerialization, testMixingTypesInObjectArraySerialization, testArrayOfCollectionSerialization, testNullsInArraySerialization, testObjectArrayWithNonPrimitivesSerialization, testArrayOfStringsSerialization, testTopLevelArrayOfIntsSerialization, testSingleNullInArraySerialization, testArrayOfNullSerialization]
com.google.gson.functional.CircularReferenceTest:[testSelfReferenceArrayFieldSerialization, testCircularSerialization, testSelfReferenceSerialization, testDirectedAcyclicGraphSerialization, testSelfReferenceCustomHandlerSerialization]
com.google.gson.functional.RawSerializationTest:[testParameterizedObject, testCollectionOfObjects, testThreeLevelParameterizedObject, testCollectionOfPrimitives, testTwoLevelParameterizedObject]
com.google.gson.functional.MapTest:[testMapSubclassSerialization, testMapSerializationEmpty, testInterfaceTypeMap, testWriteMapsWithEmptyStringKey, testInterfaceTypeMapWithSerializer, testMapSerializationWithNullValueButSerializeNulls, testMapSerializationWithNullValue, testGeneralMapField, testRawMapSerialization, testMapSerializationWithNullValuesSerialized, testMapSerializationWithIntegerKeys, testMapOfMapSerialization, testMapSerializationWithNullKey, testMapSerializationWithNullValues, testMapSerializationWithWildcardValues, testCustomSerializerForSpecificMapType, testMapWithQuotes, testParameterizedMapSubclassSerialization, testMapSerialization, testSerializeMaps]
com.google.gson.functional.MapAsArrayTypeAdapterTest:[testMultipleEnableComplexKeyRegistrationHasNoEffect, testSerializeComplexMapWithTypeAdapter, testMapWithTypeVariableSerialization]
com.google.gson.functional.PrimitiveTest:[testNegativeInfinitySerializationNotSupportedByDefault, testByteSerialization, testDoubleInfinitySerialization, testBigDecimalInASingleElementArraySerialization, testMoreSpecificSerialization, testFloatNaNSerializationNotSupportedByDefault, testBigDecimalSerialization, testPrimitiveDoubleAutoboxedInASingleElementArraySerialization, testNumberSerialization, testFloatInfinitySerialization, testDoubleNaNSerialization, testLongAsStringSerialization, testPrimitiveIntegerAutoboxedSerialization, testNegativeInfinityFloatSerialization, testNegativeInfinityFloatSerializationNotSupportedByDefault, testBigIntegerInASingleElementArraySerialization, testPrimitiveIntegerAutoboxedInASingleElementArraySerialization, testHtmlCharacterSerialization, testReallyLongValuesSerialization, testPrimitiveBooleanAutoboxedSerialization, testFloatInfinitySerializationNotSupportedByDefault, testNegativeInfinitySerialization, testFloatNaNSerialization, testPrimitiveLongAutoboxedInASingleElementArraySerialization, testPrimitiveBooleanAutoboxedInASingleElementArraySerialization, testPrimitiveLongAutoboxedSerialization, testDoubleInfinitySerializationNotSupportedByDefault, testQuotedStringSerializationAndDeserialization, testSmallValueForBigIntegerSerialization, testPrimitiveDoubleAutoboxedSerialization, testBigIntegerSerialization, testSmallValueForBigDecimalSerialization, testBigDecimalPreservePrecisionSerialization, testDoubleNaNSerializationNotSupportedByDefault, testShortSerialization]
com.google.gson.functional.DefaultTypeAdaptersTest:[testDefaultDateSerialization, testStringBufferSerialization, testDefaultJavaSqlDateSerialization, testDateSerializationInCollection, testBitSetDeserialization, testDateSerializationWithPattern, testUrlNullSerialization, testLocaleSerializationWithLanguageCountryVariant, testBigDecimalFieldSerialization, testLocaleSerializationWithLanguageCountry, testBitSetSerialization, testUrlSerialization, testPropertiesSerialization, testUuidSerialization, testDateDeserializationWithPattern, testUriSerialization, testLocaleSerializationWithLanguage, testDefaultCalendarSerialization, testTimestampSerialization, testDefaultDateSerializationUsingBuilder, testDefaultJavaSqlTimestampSerialization, testDefaultGregorianCalendarSerialization, testBigIntegerFieldSerialization, testSetSerialization, testDefaultDateDeserializationUsingBuilder, testTreeSetSerialization, testSqlDateSerialization, testStringBuilderSerialization, testDefaultJavaSqlTimeSerialization, testDateSerializationWithPatternNotOverridenByTypeAdapter]
[INFO] Instrument version before commit...
[INFO] Run on /tmp/v1/gson
[INFO] Running in NOCLASSPATH mode (doc: http://spoon.gforge.inria.fr/launcher.html).
[INFO] fr.davidson.diff.jjoules.class_instrumentation.process.JJoulesProcessor
[INFO] Processing com.google.gson.functional.ArrayTest#testTopLevelArrayOfIntsSerialization
[INFO] Printing com.google.gson.functional.ArrayTest_testTopLevelArrayOfIntsSerialization to /tmp/v1/gson/src/test/java//com/google/gson/functional/ArrayTest_testTopLevelArrayOfIntsSerialization.java
[INFO] Printed com.google.gson.functional.ArrayTest#testTopLevelArrayOfIntsSerialization with 1500 duplication in 92 ms
[INFO] 1/10
[INFO] Processing com.google.gson.functional.ArrayTest#testEmptyArraySerialization
[INFO] Printing com.google.gson.functional.ArrayTest_testEmptyArraySerialization to /tmp/v1/gson/src/test/java//com/google/gson/functional/ArrayTest_testEmptyArraySerialization.java
[INFO] Printed com.google.gson.functional.ArrayTest#testEmptyArraySerialization with 1500 duplication in 54 ms
[INFO] 2/10
[INFO] Processing com.google.gson.functional.ArrayTest#testNullsInArraySerialization
[INFO] Printing com.google.gson.functional.ArrayTest_testNullsInArraySerialization to /tmp/v1/gson/src/test/java//com/google/gson/functional/ArrayTest_testNullsInArraySerialization.java
[INFO] Printed com.google.gson.functional.ArrayTest#testNullsInArraySerialization with 1500 duplication in 86 ms
[INFO] 3/10
[INFO] Processing com.google.gson.functional.ArrayTest#testSingleNullInArraySerialization
[INFO] Printing com.google.gson.functional.ArrayTest_testSingleNullInArraySerialization to /tmp/v1/gson/src/test/java//com/google/gson/functional/ArrayTest_testSingleNullInArraySerialization.java
[INFO] Printed com.google.gson.functional.ArrayTest#testSingleNullInArraySerialization with 1500 duplication in 92 ms
[INFO] 4/10
[INFO] Processing com.google.gson.functional.ArrayTest#testNullsInArrayWithSerializeNullPropertySetSerialization
[INFO] Printing com.google.gson.functional.ArrayTest_testNullsInArrayWithSerializeNullPropertySetSerialization to /tmp/v1/gson/src/test/java//com/google/gson/functional/ArrayTest_testNullsInArrayWithSerializeNullPropertySetSerialization.java
[INFO] Printed com.google.gson.functional.ArrayTest#testNullsInArrayWithSerializeNullPropertySetSerialization with 1500 duplication in 84 ms
[INFO] 5/10
[INFO] Processing com.google.gson.functional.ArrayTest#testArrayOfStringsSerialization
[INFO] Printing com.google.gson.functional.ArrayTest_testArrayOfStringsSerialization to /tmp/v1/gson/src/test/java//com/google/gson/functional/ArrayTest_testArrayOfStringsSerialization.java
[INFO] Printed com.google.gson.functional.ArrayTest#testArrayOfStringsSerialization with 1500 duplication in 47 ms
[INFO] 6/10
[INFO] Processing com.google.gson.functional.ArrayTest#testSingleStringArraySerialization
[INFO] Printing com.google.gson.functional.ArrayTest_testSingleStringArraySerialization to /tmp/v1/gson/src/test/java//com/google/gson/functional/ArrayTest_testSingleStringArraySerialization.java
[INFO] Printed com.google.gson.functional.ArrayTest#testSingleStringArraySerialization with 1500 duplication in 44 ms
[INFO] 7/10
[INFO] Processing com.google.gson.functional.ArrayTest#testArrayOfCollectionSerialization
[INFO] Printing com.google.gson.functional.ArrayTest_testArrayOfCollectionSerialization to /tmp/v1/gson/src/test/java//com/google/gson/functional/ArrayTest_testArrayOfCollectionSerialization.java
[WARNING] Cannot load class: 1 with class loader ClassRealm[plugin>fr.davidson:diff-jjoules:0.0.1-SNAPSHOT, parent: sun.misc.Launcher$AppClassLoader@1b6d3586]
[INFO] Printed com.google.gson.functional.ArrayTest#testArrayOfCollectionSerialization with 1500 duplication in 68 ms
[INFO] 8/10
[INFO] Processing com.google.gson.functional.ArrayTest#testArrayOfPrimitivesAsObjectsSerialization
[INFO] Printing com.google.gson.functional.ArrayTest_testArrayOfPrimitivesAsObjectsSerialization to /tmp/v1/gson/src/test/java//com/google/gson/functional/ArrayTest_testArrayOfPrimitivesAsObjectsSerialization.java
[INFO] Printed com.google.gson.functional.ArrayTest#testArrayOfPrimitivesAsObjectsSerialization with 750 duplication in 27 ms
[INFO] 9/10
[INFO] Processing com.google.gson.functional.ArrayTest#testObjectArrayWithNonPrimitivesSerialization
[INFO] Printing com.google.gson.functional.ArrayTest_testObjectArrayWithNonPrimitivesSerialization to /tmp/v1/gson/src/test/java//com/google/gson/functional/ArrayTest_testObjectArrayWithNonPrimitivesSerialization.java
[INFO] Printed com.google.gson.functional.ArrayTest#testObjectArrayWithNonPrimitivesSerialization with 750 duplication in 70 ms
[INFO] 10/10
[INFO] Processing com.google.gson.functional.ArrayTest#testArrayOfNullSerialization
[INFO] Printing com.google.gson.functional.ArrayTest_testArrayOfNullSerialization to /tmp/v1/gson/src/test/java//com/google/gson/functional/ArrayTest_testArrayOfNullSerialization.java
[INFO] Printed com.google.gson.functional.ArrayTest#testArrayOfNullSerialization with 1500 duplication in 32 ms
[INFO] 11/10
[INFO] Processing Done...
[INFO] Injecting JUnit-Jjoules in /tmp/v1/gson/pom.xml
[INFO] Output new POM file in /tmp/v1/gson/pom.xml
[INFO] Instrument version after commit...
[INFO] Run on /tmp/v2/gson/
[INFO] Running in NOCLASSPATH mode (doc: http://spoon.gforge.inria.fr/launcher.html).
[INFO] fr.davidson.diff.jjoules.class_instrumentation.process.JJoulesProcessor
[INFO] Processing com.google.gson.functional.ArrayTest#testTopLevelArrayOfIntsSerialization
[INFO] Printing com.google.gson.functional.ArrayTest_testTopLevelArrayOfIntsSerialization to /tmp/v2/gson//src/test/java//com/google/gson/functional/ArrayTest_testTopLevelArrayOfIntsSerialization.java
[INFO] Printed com.google.gson.functional.ArrayTest#testTopLevelArrayOfIntsSerialization with 1500 duplication in 30 ms
[INFO] 1/10
[INFO] Processing com.google.gson.functional.ArrayTest#testEmptyArraySerialization
[INFO] Printing com.google.gson.functional.ArrayTest_testEmptyArraySerialization to /tmp/v2/gson//src/test/java//com/google/gson/functional/ArrayTest_testEmptyArraySerialization.java
[INFO] Printed com.google.gson.functional.ArrayTest#testEmptyArraySerialization with 1500 duplication in 16 ms
[INFO] 2/10
[INFO] Processing com.google.gson.functional.ArrayTest#testNullsInArraySerialization
[INFO] Printing com.google.gson.functional.ArrayTest_testNullsInArraySerialization to /tmp/v2/gson//src/test/java//com/google/gson/functional/ArrayTest_testNullsInArraySerialization.java
[INFO] Printed com.google.gson.functional.ArrayTest#testNullsInArraySerialization with 1500 duplication in 44 ms
[INFO] 3/10
[INFO] Processing com.google.gson.functional.ArrayTest#testSingleNullInArraySerialization
[INFO] Printing com.google.gson.functional.ArrayTest_testSingleNullInArraySerialization to /tmp/v2/gson//src/test/java//com/google/gson/functional/ArrayTest_testSingleNullInArraySerialization.java
[INFO] Printed com.google.gson.functional.ArrayTest#testSingleNullInArraySerialization with 1500 duplication in 63 ms
[INFO] 4/10
[INFO] Processing com.google.gson.functional.ArrayTest#testNullsInArrayWithSerializeNullPropertySetSerialization
[INFO] Printing com.google.gson.functional.ArrayTest_testNullsInArrayWithSerializeNullPropertySetSerialization to /tmp/v2/gson//src/test/java//com/google/gson/functional/ArrayTest_testNullsInArrayWithSerializeNullPropertySetSerialization.java
[INFO] Printed com.google.gson.functional.ArrayTest#testNullsInArrayWithSerializeNullPropertySetSerialization with 1500 duplication in 32 ms
[INFO] 5/10
[INFO] Processing com.google.gson.functional.ArrayTest#testArrayOfStringsSerialization
[INFO] Printing com.google.gson.functional.ArrayTest_testArrayOfStringsSerialization to /tmp/v2/gson//src/test/java//com/google/gson/functional/ArrayTest_testArrayOfStringsSerialization.java
[INFO] Printed com.google.gson.functional.ArrayTest#testArrayOfStringsSerialization with 1500 duplication in 24 ms
[INFO] 6/10
[INFO] Processing com.google.gson.functional.ArrayTest#testSingleStringArraySerialization
[INFO] Printing com.google.gson.functional.ArrayTest_testSingleStringArraySerialization to /tmp/v2/gson//src/test/java//com/google/gson/functional/ArrayTest_testSingleStringArraySerialization.java
[INFO] Printed com.google.gson.functional.ArrayTest#testSingleStringArraySerialization with 1500 duplication in 21 ms
[INFO] 7/10
[INFO] Processing com.google.gson.functional.ArrayTest#testArrayOfCollectionSerialization
[INFO] Printing com.google.gson.functional.ArrayTest_testArrayOfCollectionSerialization to /tmp/v2/gson//src/test/java//com/google/gson/functional/ArrayTest_testArrayOfCollectionSerialization.java
[WARNING] Cannot load class: 1 with class loader ClassRealm[plugin>fr.davidson:diff-jjoules:0.0.1-SNAPSHOT, parent: sun.misc.Launcher$AppClassLoader@1b6d3586]
[INFO] Printed com.google.gson.functional.ArrayTest#testArrayOfCollectionSerialization with 1500 duplication in 65 ms
[INFO] 8/10
[INFO] Processing com.google.gson.functional.ArrayTest#testArrayOfPrimitivesAsObjectsSerialization
[INFO] Printing com.google.gson.functional.ArrayTest_testArrayOfPrimitivesAsObjectsSerialization to /tmp/v2/gson//src/test/java//com/google/gson/functional/ArrayTest_testArrayOfPrimitivesAsObjectsSerialization.java
[INFO] Printed com.google.gson.functional.ArrayTest#testArrayOfPrimitivesAsObjectsSerialization with 750 duplication in 22 ms
[INFO] 9/10
[INFO] Processing com.google.gson.functional.ArrayTest#testObjectArrayWithNonPrimitivesSerialization
[INFO] Printing com.google.gson.functional.ArrayTest_testObjectArrayWithNonPrimitivesSerialization to /tmp/v2/gson//src/test/java//com/google/gson/functional/ArrayTest_testObjectArrayWithNonPrimitivesSerialization.java
[INFO] Printed com.google.gson.functional.ArrayTest#testObjectArrayWithNonPrimitivesSerialization with 750 duplication in 59 ms
[INFO] 10/10
[INFO] Processing com.google.gson.functional.ArrayTest#testArrayOfNullSerialization
[INFO] Printing com.google.gson.functional.ArrayTest_testArrayOfNullSerialization to /tmp/v2/gson//src/test/java//com/google/gson/functional/ArrayTest_testArrayOfNullSerialization.java
[INFO] Printed com.google.gson.functional.ArrayTest#testArrayOfNullSerialization with 1500 duplication in 23 ms
[INFO] 11/10
[INFO] Processing Done...
[INFO] Injecting JUnit-Jjoules in /tmp/v2/gson//pom.xml
[INFO] Output new POM file in /tmp/v2/gson//pom.xml
[INFO] ------------------------------------------------------------------------
[INFO] BUILD SUCCESS
[INFO] ------------------------------------------------------------------------
[INFO] Total time:  20.493 s
[INFO] Finished at: 2021-02-04T19:54:19+01:00
[INFO] ------------------------------------------------------------------------
