[INFO] Scanning for projects...
[INFO] ------------------------------------------------------------------------
[INFO] Reactor Build Order:
[INFO] 
[INFO] Gson                                                               [jar]
[INFO] Gson Parent                                                        [pom]
[INFO] 
[INFO] ---------------------< com.google.code.gson:gson >----------------------
[INFO] Building Gson 2.6-SNAPSHOT                                         [1/2]
[INFO] --------------------------------[ jar ]---------------------------------
[INFO] 
[INFO] --- maven-clean-plugin:2.5:clean (default-clean) @ gson ---
[INFO] Deleting /tmp/v1/gson/target
[INFO] 
[INFO] --- maven-enforcer-plugin:1.2:enforce (enforce-maven) @ gson ---
[INFO] 
[INFO] --- maven-resources-plugin:2.6:resources (default-resources) @ gson ---
[INFO] Using 'UTF-8' encoding to copy filtered resources.
[INFO] skip non existing resourceDirectory /tmp/v1/gson/src/main/resources
[INFO] 
[INFO] --- maven-compiler-plugin:3.3:compile (default-compile) @ gson ---
[INFO] Changes detected - recompiling the module!
[INFO] Compiling 67 source files to /tmp/v1/gson/target/classes
[INFO] /tmp/v1/gson/src/main/java/com/google/gson/internal/ConstructorConstructor.java: /tmp/v1/gson/src/main/java/com/google/gson/internal/ConstructorConstructor.java uses or overrides a deprecated API.
[INFO] /tmp/v1/gson/src/main/java/com/google/gson/internal/ConstructorConstructor.java: Recompile with -Xlint:deprecation for details.
[INFO] 
[INFO] --- maven-resources-plugin:2.6:testResources (default-testResources) @ gson ---
[INFO] Using 'UTF-8' encoding to copy filtered resources.
[INFO] skip non existing resourceDirectory /tmp/v1/gson/src/test/resources
[INFO] 
[INFO] --- maven-compiler-plugin:3.3:testCompile (default-testCompile) @ gson ---
[INFO] Changes detected - recompiling the module!
[INFO] Compiling 90 source files to /tmp/v1/gson/target/test-classes
[INFO] /tmp/v1/gson/src/test/java/com/google/gson/functional/MapAsArrayTypeAdapterTest.java: Some input files use or override a deprecated API.
[INFO] /tmp/v1/gson/src/test/java/com/google/gson/functional/MapAsArrayTypeAdapterTest.java: Recompile with -Xlint:deprecation for details.
[INFO] 
[INFO] --- maven-surefire-plugin:2.12.4:test (default-test) @ gson ---
[INFO] Tests are skipped.
[INFO] 
[INFO] --- maven-dependency-plugin:2.8:build-classpath (default-cli) @ gson ---
[INFO] Wrote classpath file '/tmp/v1/gson/classpath'.
[INFO] 
[INFO] --- diff-jjoules:0.0.1-SNAPSHOT:instrument (default-cli) @ gson ---
[INFO] Running on:
[INFO] /tmp/v1/gson
[INFO] /tmp/v2//gson
[INFO] Configuration{pathToFirstVersion='/tmp/v1/gson', pathToSecondVersion='/tmp/v2//gson', pathToTestListAsCSV='/tmp/v1/gson/testsThatExecuteTheChange.csv', classpath=[/home/spino/.m2/repository/junit/junit/3.8.2/junit-3.8.2.jar], junit4=false}
[INFO] com.google.gson.functional.CollectionTest:[testWildcardPrimitiveCollectionDeserilaization, testNullsInListDeserialization, testStack, testVector, testCollectionOfStringsDeserialization, testPriorityQueue, testLinkedListDeserialization, testWildcardCollectionField, testRawCollectionOfBagOfPrimitivesNotAllowed, testRawCollectionDeserializationNotAlllowed, testQueueDeserialization, testSetDeserialization, testUserCollectionTypeAdapter, testFieldIsArrayList, testTopLevelCollectionOfIntegersDeserialization, testTopLevelListOfIntegerCollectionsDeserialization]
com.google.gson.functional.ParameterizedTypesTest:[testParameterizedTypeWithReaderDeserialization, testParameterizedTypeDeserialization, testParameterizedTypeWithCustomSerializer, testParameterizedTypeGenericArraysDeserialization, testVariableTypeDeserialization, testVariableTypeFieldsAndGenericArraysDeserialization, testDeepParameterizedTypeDeserialization, testParameterizedTypeWithVariableTypeDeserialization, testVariableTypeArrayDeserialization, testParameterizedTypesWithCustomDeserializer, testTypesWithMultipleParametersDeserialization]
com.google.gson.DefaultInetAddressTypeAdapterTest:[testInetAddressSerializationAndDeserialization]
com.google.gson.functional.UncategorizedTest:[testTrailingWhitespace, testInvalidJsonDeserializationFails, testGsonInstanceReusableForSerializationAndDeserialization, testReturningDerivedClassesDuringDeserialization]
com.google.gson.functional.DelegateTypeAdapterTest:[testDelegateInvoked, testDelegateInvokedOnStrings]
com.google.gson.functional.CustomSerializerTest:[testSerializerReturnsNull, testSubClassSerializerInvokedForBaseClassFieldsHoldingSubClassInstances, testBaseClassSerializerInvokedForBaseClassFieldsHoldingSubClassInstances, testBaseClassSerializerInvokedForBaseClassFields, testSubClassSerializerInvokedForBaseClassFieldsHoldingArrayOfSubClassInstances]
com.google.gson.functional.InstanceCreatorTest:[testInstanceCreatorReturnsBaseType, testInstanceCreatorForCollectionType, testInstanceCreatorReturnsSubTypeForTopLevelObject, testInstanceCreatorReturnsSubTypeForField, testInstanceCreatorForParametrizedType]
com.google.gson.functional.ObjectTest:[testSingletonLists, testNullArraysDeserialization, testArrayOfArraysDeserialization, testNullPrimitiveFieldsDeserialization, testObjectFieldNamesWithoutQuotesDeserialization, testTruncatedDeserialization, testStringFieldWithNumberValueDeserialization, testAnonymousLocalClassesCustomSerialization, testBagOfPrimitiveWrappersDeserialization, testJsonObjectSerialization, testClassWithTransientFieldsDeserialization, testPrivateNoArgConstructorDeserialization, testEmptyStringDeserialization, testNullObjectFieldsDeserialization, testNestedDeserialization, testClassWithNoFieldsDeserialization, testJsonInMixedQuotesDeserialization, testArrayOfObjectsDeserialization, testClassWithTransientFieldsDeserializationTransientFieldsPassedInJsonAreIgnored, testInnerClassDeserialization, testNullFieldsDeserialization, testPrimitiveArrayInAnObjectDeserialization, testStringFieldWithEmptyValueDeserialization, testEmptyCollectionInAnObjectDeserialization, testBagOfPrimitivesDeserialization, testJsonInSingleQuotesDeserialization]
com.google.gson.functional.StreamingTypeAdaptersTest:[testNullSafe, testSerializeWithCustomTypeAdapter, testDeserializeWithCustomTypeAdapter]
com.google.gson.functional.SecurityTest:[testNonExecutableJsonDeserialization, testJsonWithNonExectuableTokenWithRegularGsonDeserialization, testNonExecutableJsonSerialization, testJsonWithNonExectuableTokenSerialization, testJsonWithNonExectuableTokenWithConfiguredGsonDeserialization]
com.google.gson.functional.PrimitiveCharacterTest:[testPrimitiveCharacterAutoboxedDeserialization]
com.google.gson.JsonParserTest:[testReadWriteTwoObjects]
com.google.gson.functional.JsonAdapterAnnotationOnClassesTest:[testSuperclassTypeAdapterNotInvoked, testJsonAdapterInvoked, testIncorrectTypeAdapterFails, testRegisteredAdapterOverridesJsonAdapter, testRegisteredDeserializerOverridesJsonAdapter, testRegisteredSerializerOverridesJsonAdapter, testJsonAdapterFactoryInvoked]
com.google.gson.functional.StringTest:[testEscapingQuotesInStringDeserialization, testEscapingQuotesInStringSerialization, testEscapedCtrlRInStringDeserialization, testSingleQuoteInStringSerialization, testJavascriptKeywordsInStringDeserialization, testStringValueDeserialization, testEscapedBackslashInStringDeserialization, testStringWithEscapedSlashDeserialization, testSingleQuoteInStringDeserialization, testAssignmentCharDeserialization, testEscapedCtrlNInStringDeserialization]
com.google.gson.functional.RuntimeTypeAdapterFactoryFunctionalTest:[testSubclassesAutomaticallySerialzed]
com.google.gson.DefaultMapJsonSerializerTest:[testNonEmptyMapSerialization]
com.google.gson.JavaSerializationTest:[testNumberIsSerializable, testMapIsSerializable, testListIsSerializable]
com.google.gson.functional.FieldNamingTest:[testLowerCaseWithDashes, testUpperCamelCaseWithSpaces, testUpperCamelCase, testIdentity, testLowerCaseWithUnderscores]
com.google.gson.functional.CustomDeserializerTest:[testCustomDeserializerReturnsNullForArrayElements, testJsonTypeFieldBasedDeserialization, testDefaultConstructorNotCalledOnObject, testDefaultConstructorNotCalledOnField, testCustomDeserializerReturnsNullForTopLevelObject, testCustomDeserializerReturnsNull, testCustomDeserializerReturnsNullForArrayElementsForArrayField]
com.google.gson.JsonObjectTest:[testPropertyWithQuotes, testWritePropertyWithEmptyStringName]
com.google.gson.functional.ExclusionStrategyFunctionalTest:[testExclusionStrategyWithMode, testExcludeTopLevelClassSerialization, testExclusionStrategySerialization, testExcludeTopLevelClassSerializationDoesNotImpactDeserialization, testExclusionStrategySerializationDoesNotImpactDeserialization, testExcludeTopLevelClassDeserialization, testExclusionStrategySerializationDoesNotImpactSerialization, testExclusionStrategyDeserialization, testExcludeTopLevelClassDeserializationDoesNotImpactSerialization]
com.google.gson.functional.TypeAdapterPrecedenceTest:[testStreamingHierarchicalFollowedByNonstreaming, testStreamingHierarchicalFollowedByNonstreamingHierarchical, testNonstreamingHierarchicalFollowedByNonstreaming, testNonstreamingFollowedByNonstreaming, testStreamingFollowedByStreaming, testSerializeNonstreamingTypeAdapterFollowedByStreamingTypeAdapter, testStreamingFollowedByNonstreaming, testStreamingFollowedByNonstreamingHierarchical]
com.google.gson.functional.MapAsArrayTypeAdapterTest:[testTwoTypesCollapseToOneDeserialize, testMultipleEnableComplexKeyRegistrationHasNoEffect, testSerializeComplexMapWithTypeAdapter, testMapWithTypeVariableDeserialization, testMapWithTypeVariableSerialization]
com.google.gson.functional.TreeTypeAdaptersTest:[testDeserializeId]
com.google.gson.functional.InternationalizationTest:[testStringsWithRawChineseCharactersDeserialization, testStringsWithUnicodeChineseCharactersDeserialization, testStringsWithUnicodeChineseCharactersEscapedDeserialization]
com.google.gson.functional.ExposeFieldsTest:[testExposedInterfaceFieldDeserialization, testNoExposedFieldDeserialization, testExposeAnnotationDeserialization]
com.google.gson.functional.NullObjectAndFieldTest:[testExplicitSerializationOfNulls, testCustomSerializationOfNulls, testAbsentJsonElementsAreSetToNull, testPrintPrintingObjectWithNulls, testNullWrappedPrimitiveMemberSerialization, testExplicitSerializationOfNullArrayMembers, testExplicitDeserializationOfNulls, testExplicitSerializationOfNullCollectionMembers, testExplicitSerializationOfNullStringMembers, testExplicitNullSetsFieldToNullDuringDeserialization, testTopLevelNullObjectSerialization, testCustomTypeAdapterPassesNullSerialization, testPrintPrintingArraysWithNulls, testNullWrappedPrimitiveMemberDeserialization, testCustomTypeAdapterPassesNullDesrialization, testTopLevelNullObjectDeserialization]
com.google.gson.functional.EscapingTest:[testEscapingQuotesInStringArray, testGsonDoubleDeserialization, testGsonAcceptsEscapedAndNonEscapedJsonDeserialization, testEscapingObjectFields]
com.google.gson.CommentsTest:[testParseComments]
com.google.gson.functional.InheritanceTest:[testSubInterfacesOfCollectionDeserialization, testSubClassDeserialization]
com.google.gson.functional.JsonAdapterAnnotationOnFieldsTest:[testFieldAnnotationTakesPrecedenceOverClassAnnotation, testClassAnnotationAdapterFactoryTakesPrecedenceOverDefault, testRegisteredTypeAdapterTakesPrecedenceOverClassAnnotationAdapter, testFieldAnnotationTakesPrecedenceOverRegisteredTypeAdapter, testClassAnnotationAdapterTakesPrecedenceOverDefault, testJsonAdapterInvokedOnlyForAnnotatedFields]
com.google.gson.functional.VersioningTest:[testVersionedClassesDeserialization, testVersionedClassesSerialization, testIgnoreLaterVersionClassSerialization, testVersionedGsonMixingSinceAndUntilDeserialization, testVersionedGsonMixingSinceAndUntilSerialization, testVersionedUntilSerialization, testVersionedUntilDeserialization, testIgnoreLaterVersionClassDeserialization, testVersionedGsonWithUnversionedClassesDeserialization, testVersionedGsonWithUnversionedClassesSerialization]
com.google.gson.LongSerializationPolicyTest:[testStringLongSerializationIntegration, testDefaultLongSerializationIntegration]
com.google.gson.functional.ConcurrencyTest:[testSingleThreadDeserialization, testMultiThreadDeserialization]
com.google.gson.functional.JsonParserTest:[testExtraCommasInMaps, testExtraCommasInArrays, testParseInvalidJson]
com.google.gson.functional.FieldExclusionTest:[testDefaultNestedStaticClassIncluded, testDefaultInnerClassExclusion, testInnerClassExclusion]
com.google.gson.OverrideCoreTypeAdaptersTest:[testOverrideStringAdapter, testOverrideWrapperBooleanAdapter, testOverridePrimitiveBooleanAdapter]
com.google.gson.functional.PrintFormattingTest:[testJsonObjectWithNullValuesSerialized]
com.google.gson.GsonTypeAdapterTest:[testDefaultTypeAdapterThrowsParseException, testTypeAdapterDoesNotAffectNonAdaptedTypes, testDeserializerForAbstractClass, testTypeAdapterThrowsException, testTypeAdapterProperlyConvertsTypes]
com.google.gson.functional.LeniencyTest:[testLenientFromJson]
com.google.gson.functional.SerializedNameTest:[testMultipleNamesDeserializedCorrectly, testMultipleNamesInTheSameString]
com.google.gson.MixedStreamTest:[testWriteLenient, testWriteDoesNotMutateState, testReadMixedStreamed, testReaderDoesNotMutateState, testReadClosed, testWriteClosed, testWriteMixedStreamed, testWriteHtmlSafe, testWriteNulls, testReadNulls, testReadInvalidState, testWriteInvalidState]
com.google.gson.functional.CustomTypeAdaptersTest:[testCustomTypeAdapterDoesNotAppliesToSubClasses, testCustomTypeAdapterAppliesToSubClassesSerializedAsBaseClass, testCustomAdapterInvokedForCollectionElementDeserialization, testCustomAdapterInvokedForMapElementSerializationWithType, testRegisterHierarchyAdapterForDate, testCustomDeserializers, testCustomNestedDeserializers, testEnsureCustomSerializerNotInvokedForNullValues, testEnsureCustomDeserializerNotInvokedForNullValues, testCustomAdapterInvokedForCollectionElementSerializationWithType, testCustomAdapterInvokedForMapElementSerialization, testCustomSerializers, testCustomByteArraySerializer, testCustomNestedSerializers, testCustomSerializerInvokedForPrimitives, testCustomAdapterInvokedForCollectionElementSerialization, testCustomAdapterInvokedForMapElementDeserialization, testCustomDeserializerInvokedForPrimitives, testCustomByteArrayDeserializerAndInstanceCreator]
com.google.gson.functional.NamingPolicyTest:[testGsonWithNonDefaultFieldNamingPolicyDeserialiation, testGsonWithLowerCaseUnderscorePolicySerialization, testGsonWithLowerCaseDashPolicyDeserialiation, testComplexFieldNameStrategy, testGsonWithSerializedNameFieldNamingPolicySerialization, testGsonWithUpperCamelCaseSpacesPolicySerialiation, testGsonWithNonDefaultFieldNamingPolicySerialization, testGsonDuplicateNameUsingSerializedNameFieldNamingPolicySerialization, testGsonWithLowerCaseDashPolicySerialization, testGsonWithLowerCaseUnderscorePolicyDeserialiation, testDeprecatedNamingStrategy, testAtSignInSerializedName, testGsonWithSerializedNameFieldNamingPolicyDeserialization, testGsonWithUpperCamelCaseSpacesPolicyDeserialiation]
com.google.gson.functional.TypeVariableTest:[testBasicTypeVariables, testAdvancedTypeVariables, testTypeVariablesViaTypeParameter]
com.google.gson.functional.ReadersWritersTest:[testTopLevelNullObjectDeserializationWithReaderAndSerializeNulls, testTopLevelNullObjectDeserializationWithReader, testTopLevelNullObjectSerializationWithWriterAndSerializeNulls, testReadWriteTwoStrings, testReadWriteTwoObjects, testTypeMismatchThrowsJsonSyntaxExceptionForStrings, testTypeMismatchThrowsJsonSyntaxExceptionForReaders, testReaderForDeserialization]
com.google.gson.functional.EnumTest:[testTopLevelEnumDeserialization, testEnumSubclass, testClassWithEnumFieldDeserialization, testEnumSet, testCollectionOfEnumsDeserialization, testEnumSubclassAsParameterizedType, testEnumSubclassWithRegisteredTypeAdapter, testEnumCaseMapping]
com.google.gson.functional.TypeHierarchyAdapterTest:[testRegisterSuperTypeFirst, testRegisterSubTypeFirstAllowed, testTypeHierarchy]
com.google.gson.GsonBuilderTest:[testTransientFieldExclusion, testCreatingMoreThanOnce, testExcludeFieldsWithModifiers]
com.google.gson.functional.ArrayTest:[testInvalidArrayDeserialization, testNullsInArrayWithSerializeNullPropertySetSerialization, testArrayOfNullDeserialization, testArrayElementsAreArrays, testArrayOfPrimitivesAsObjectsDeserialization, testMultidimenstionalArraysDeserialization, testSingleNullInArrayDeserialization, testEmptyArrayDeserialization, testTopLevelArrayOfIntsDeserialization, testArrayOfStringsDeserialization, testSingleStringArrayDeserialization, testArrayOfCollectionDeserialization, testNullsInArrayDeserialization]
com.google.gson.functional.CircularReferenceTest:[testDirectedAcyclicGraphDeserialization, testSelfReferenceCustomHandlerSerialization]
com.google.gson.functional.MapTest:[testInterfaceTypeMapWithSerializer, testMapSerializationWithNullValueButSerializeNulls, testNumberKeyDeserialization, testGeneralMapField, testMapStandardSubclassDeserialization, testMapSerializationWithNullValuesSerialized, testMapDeserializationWithWildcardValues, testMapDeserializationWithIntegerKeys, testReadMapsWithEmptyStringKey, testConcurrentNavigableMap, testMapDeserializationWithNullKey, testComplexKeysDeserialization, testMapOfMapDeserialization, testStringKeyDeserialization, testConcurrentHashMap, testMapDeserializationWithNullValue, testInterfaceTypeMap, testMapDeserializationWithDuplicateKeys, testSortedMap, testDeerializeMapOfMaps, testMapSubclassDeserialization, testConcurrentMap, testMapDeserialization, testMapDeserializationEmpty, testCustomSerializerForSpecificMapType, testHashMapDeserialization, testConcurrentSkipListMap, testBooleanKeyDeserialization, testSerializeMaps]
com.google.gson.functional.JavaUtilTest:[testProperties, testCurrency]
com.google.gson.functional.PrimitiveTest:[testDeserializingDecimalPointValueZeroSucceeds, testByteDeserialization, testDeserializeJsonArrayAsDoublePrimitive, testDoubleInfinitySerialization, testPrimitiveIntegerAutoboxedDeserialization, testDeserializeJsonObjectAsInteger, testBooleanDeserialization, testFloatInfinitySerialization, testDeserializeJsonArrayAsBooleanWrapper, testNumberDeserialization, testDeserializeJsonArrayAsShortWrapper, testLongAsStringSerialization, testBigDecimalDeserialization, testDoubleArrayDeserialization, testBigDecimalPreservePrecisionDeserialization, testPrimitiveClassLiteral, testDeserializeJsonArrayAsByteWrapper, testLargeDoubleDeserialization, testNegativeInfinitySerialization, testBigDecimalInfinityDeserializationNotSupported, testDeserializeJsonArrayAsLongWrapper, testDoubleInfinityDeserialization, testBigDecimalNaNDeserializationNotSupported, testSmallValueForBigIntegerDeserialization, testDoubleNoFractAsStringRepresentationDeserialization, testBigDecimalAsStringRepresentationDeserialization, testDeserializeJsonObjectAsDoubleWrapper, testDeserializeJsonObjectAsBigInteger, testUnquotedStringDeserializationFails, testFloatNaNDeserialization, testQuotedStringSerializationAndDeserialization, testDeserializeJsonObjectAsBooleanPrimitive, testDeserializeJsonObjectAsBytePrimitive, testDeserializeJsonObjectAsShortPrimitive, testDeserializeJsonArrayAsNumber, testDoubleAsStringRepresentationDeserialization, testDoubleNaNDeserialization, testDeserializeJsonObjectAsLongPrimitive, testStringsAsBooleans, testDeserializingBigIntegerAsLong, testDeserializingBigIntegerAsInteger, testNegativeInfinityDeserialization, testLongAsStringDeserialization, testDeserializeJsonArrayAsBigDecimal, testDeserializingNonZeroDecimalPointValuesAsIntegerFails, testFloatInfinityDeserialization, testMoreSpecificSerialization, testDeserializePrimitiveWrapperAsObjectField, testBigDecimalNoFractAsStringRepresentationDeserialization, testBigDecimalNegativeInfinityDeserializationNotSupported, testDeserializeJsonObjectAsBigDecimal, testDeserializingBigIntegerAsBigDecimal, testDoubleNaNSerialization, testNegativeInfinityFloatSerialization, testPrimitiveLongAutoboxedDeserialization, testHtmlCharacterSerialization, testBadValueForBigIntegerDeserialization, testDeserializingBigDecimalAsIntegerFails, testDeserializingBigDecimalAsBigIntegerFails, testReallyLongValuesDeserialization, testFloatNaNSerialization, testNegativeInfinityFloatDeserialization, testDeserializingBigDecimalAsDouble, testBigIntegerDeserialization, testValueVeryCloseToZeroIsZero, testDeserializeJsonObjectAsFloatPrimitive, testDeserializeJsonObjectAsNumber, testDeserializingBigDecimalAsFloat, testPrimitiveDoubleAutoboxedDeserialization, testDeserializeJsonArrayAsFloatWrapper, testSmallValueForBigDecimalDeserialization, testDeserializeJsonArrayAsBigInteger, testDeserializeJsonArrayAsInt]
com.google.gson.functional.ThrowableFunctionalTest:[testExceptionWithCause, testErrornWithCause, testErrorWithoutCause, testExceptionWithoutCause]
com.google.gson.functional.JavaUtilConcurrentAtomicTest:[testAtomicLongArray, testAtomicIntegerArray, testAtomicLongWithStringSerializationPolicy, testAtomicInteger, testAtomicBoolean, testAtomicLongArrayWithStringSerializationPolicy, testAtomicLong]
com.google.gson.functional.DefaultTypeAdaptersTest:[testClassSerialization, testStringBuilderDeserialization, testOverrideBigDecimalTypeAdapter, testTreeSetDeserialization, testJsonPrimitiveDeserialization, testBadValueForBigDecimalDeserialization, testDateSerializationInCollection, testStringBufferDeserialization, testNullSerialization, testPropertiesDeserialization, testBitSetDeserialization, testLocaleDeserializationWithLanguageCountry, testJsonObjectDeserialization, testDateSerializationWithPattern, testUrlDeserialization, testUuidDeserialization, testDefaultJavaSqlTimestampDeserialization, testDefaultJavaSqlDateDeserialization, testBitSetSerialization, testJsonElementTypeMismatch, testLocaleDeserializationWithLanguage, testUrlNullDeserialization, testBigIntegerFieldDeserialization, testDefaultDateDeserialization, testDateDeserializationWithPattern, testJsonArrayDeserialization, testDefaultCalendarSerialization, testTimestampSerialization, testOverrideBigIntegerTypeAdapter, testDefaultGregorianCalendarDeserialization, testClassDeserialization, testDefaultDateSerializationUsingBuilder, testDefaultJavaSqlTimeDeserialization, testDefaultGregorianCalendarSerialization, testDefaultCalendarDeserialization, testSetSerialization, testBigDecimalFieldDeserialization, testDefaultDateDeserializationUsingBuilder, testLocaleDeserializationWithLanguageCountryVariant, testSqlDateSerialization, testJsonNullDeserialization, testDateSerializationWithPatternNotOverridenByTypeAdapter, testUriDeserialization]
[INFO] Instrument version before commit...
[INFO] Run on /tmp/v1/gson
[INFO] Running in NOCLASSPATH mode (doc: http://spoon.gforge.inria.fr/launcher.html).
[INFO] fr.davidson.diff.jjoules.process.junit5.JJoulesProcessor
[INFO] Injecting JUnit-Jjoules in /tmp/v1/gson/pom.xml
[INFO] Output new POM file in /tmp/v1/gson/pom.xml
[INFO] Instrument version after commit...
[INFO] Run on /tmp/v2//gson
[INFO] Running in NOCLASSPATH mode (doc: http://spoon.gforge.inria.fr/launcher.html).
[INFO] fr.davidson.diff.jjoules.process.junit5.JJoulesProcessor
[INFO] Injecting JUnit-Jjoules in /tmp/v2//gson/pom.xml
[INFO] Output new POM file in /tmp/v2//gson/pom.xml
[INFO] 
[INFO] ------------------< com.google.code.gson:gson-parent >------------------
[INFO] Building Gson Parent 2.6-SNAPSHOT                                  [2/2]
[INFO] --------------------------------[ pom ]---------------------------------
[INFO] 
[INFO] --- maven-clean-plugin:2.5:clean (default-clean) @ gson-parent ---
[INFO] 
[INFO] --- maven-enforcer-plugin:1.2:enforce (enforce-maven) @ gson-parent ---
[INFO] 
[INFO] --- maven-dependency-plugin:2.8:build-classpath (default-cli) @ gson-parent ---
[INFO] Wrote classpath file '/tmp/v1/classpath'.
[INFO] 
[INFO] --- diff-jjoules:0.0.1-SNAPSHOT:instrument (default-cli) @ gson-parent ---
[INFO] Running on:
[INFO] /tmp/v1
[INFO] /tmp/v2/
[INFO] Configuration{pathToFirstVersion='/tmp/v1', pathToSecondVersion='/tmp/v2/', pathToTestListAsCSV='/tmp/v1/testsThatExecuteTheChange.csv', classpath=[/home/spino/.m2/repository/junit/junit/3.8.2/junit-3.8.2.jar], junit4=false}
java.lang.RuntimeException: java.io.FileNotFoundException: /tmp/v1/testsThatExecuteTheChange.csv (No such file or directory)
	at fr.davidson.diff.jjoules.util.CSVReader.readFile(CSVReader.java:29)
	at fr.davidson.diff.jjoules.Main.main(Main.java:38)
	at fr.davidson.diff.jjoules.mojo.DiffJJoulesMojo.execute(DiffJJoulesMojo.java:59)
	at org.apache.maven.plugin.DefaultBuildPluginManager.executeMojo(DefaultBuildPluginManager.java:137)
	at org.apache.maven.lifecycle.internal.MojoExecutor.execute(MojoExecutor.java:210)
	at org.apache.maven.lifecycle.internal.MojoExecutor.execute(MojoExecutor.java:156)
	at org.apache.maven.lifecycle.internal.MojoExecutor.execute(MojoExecutor.java:148)
	at org.apache.maven.lifecycle.internal.LifecycleModuleBuilder.buildProject(LifecycleModuleBuilder.java:117)
	at org.apache.maven.lifecycle.internal.LifecycleModuleBuilder.buildProject(LifecycleModuleBuilder.java:81)
	at org.apache.maven.lifecycle.internal.builder.singlethreaded.SingleThreadedBuilder.build(SingleThreadedBuilder.java:56)
	at org.apache.maven.lifecycle.internal.LifecycleStarter.execute(LifecycleStarter.java:128)
	at org.apache.maven.DefaultMaven.doExecute(DefaultMaven.java:305)
	at org.apache.maven.DefaultMaven.doExecute(DefaultMaven.java:192)
	at org.apache.maven.DefaultMaven.execute(DefaultMaven.java:105)
	at org.apache.maven.cli.MavenCli.execute(MavenCli.java:956)
	at org.apache.maven.cli.MavenCli.doMain(MavenCli.java:288)
	at org.apache.maven.cli.MavenCli.main(MavenCli.java:192)
	at java.base/jdk.internal.reflect.NativeMethodAccessorImpl.invoke0(Native Method)
	at java.base/jdk.internal.reflect.NativeMethodAccessorImpl.invoke(NativeMethodAccessorImpl.java:62)
	at java.base/jdk.internal.reflect.DelegatingMethodAccessorImpl.invoke(DelegatingMethodAccessorImpl.java:43)
	at java.base/java.lang.reflect.Method.invoke(Method.java:566)
	at org.codehaus.plexus.classworlds.launcher.Launcher.launchEnhanced(Launcher.java:289)
	at org.codehaus.plexus.classworlds.launcher.Launcher.launch(Launcher.java:229)
	at org.codehaus.plexus.classworlds.launcher.Launcher.mainWithExitCode(Launcher.java:415)
	at org.codehaus.plexus.classworlds.launcher.Launcher.main(Launcher.java:356)
Caused by: java.io.FileNotFoundException: /tmp/v1/testsThatExecuteTheChange.csv (No such file or directory)
	at java.base/java.io.FileInputStream.open0(Native Method)
	at java.base/java.io.FileInputStream.open(FileInputStream.java:219)
	at java.base/java.io.FileInputStream.<init>(FileInputStream.java:157)
	at java.base/java.io.FileInputStream.<init>(FileInputStream.java:112)
	at java.base/java.io.FileReader.<init>(FileReader.java:60)
	at fr.davidson.diff.jjoules.util.CSVReader.readFile(CSVReader.java:19)
	... 24 more
[INFO] ------------------------------------------------------------------------
[INFO] Reactor Summary for Gson Parent 2.6-SNAPSHOT:
[INFO] 
[INFO] Gson ............................................... SUCCESS [ 10.794 s]
[INFO] Gson Parent ........................................ SUCCESS [  0.009 s]
[INFO] ------------------------------------------------------------------------
[INFO] BUILD SUCCESS
[INFO] ------------------------------------------------------------------------
[INFO] Total time:  11.219 s
[INFO] Finished at: 2020-12-30T01:17:31+01:00
[INFO] ------------------------------------------------------------------------
