[INFO] Scanning for projects...
[WARNING] 
[WARNING] Some problems were encountered while building the effective model for com.google.code.gson:gson:jar:2.8.6-SNAPSHOT
[WARNING] 'build.plugins.plugin.version' for org.apache.maven.plugins:maven-jar-plugin is missing. @ com.google.code.gson:gson:[unknown-version], /tmp/v1/gson/pom.xml, line 46, column 15
[WARNING] 
[WARNING] It is highly recommended to fix these problems because they threaten the stability of your build.
[WARNING] 
[WARNING] For this reason, future Maven versions might no longer support building such malformed projects.
[WARNING] 
[INFO] 
[INFO] ---------------------< com.google.code.gson:gson >----------------------
[INFO] Building Gson 2.8.6-SNAPSHOT
[INFO] --------------------------------[ jar ]---------------------------------
[INFO] 
[INFO] --- maven-clean-plugin:2.5:clean (default-clean) @ gson ---
[INFO] Deleting /tmp/v1/gson/target
[INFO] 
[INFO] --- maven-enforcer-plugin:1.0:enforce (enforce-maven) @ gson ---
[INFO] 
[INFO] --- templating-maven-plugin:1.0.0:filter-sources (filtering-java-templates) @ gson ---
[INFO] Coping files with filtering to temporary directory.
[INFO] Using 'UTF-8' encoding to copy filtered resources.
[INFO] Copying 1 resource
[INFO] Copied 1 files to output directory: /tmp/v1/gson/target/generated-sources/java-templates
[INFO] Source directory: /tmp/v1/gson/target/generated-sources/java-templates added.
[INFO] 
[INFO] --- maven-resources-plugin:2.6:resources (default-resources) @ gson ---
[INFO] Using 'UTF-8' encoding to copy filtered resources.
[INFO] skip non existing resourceDirectory /tmp/v1/gson/src/main/resources
[INFO] 
[INFO] --- maven-compiler-plugin:3.8.0:compile (default-compile) @ gson ---
[INFO] Changes detected - recompiling the module!
[INFO] Compiling 73 source files to /tmp/v1/gson/target/classes
[INFO] /tmp/v1/gson/src/main/java/com/google/gson/internal/ConstructorConstructor.java: Some input files use or override a deprecated API.
[INFO] /tmp/v1/gson/src/main/java/com/google/gson/internal/ConstructorConstructor.java: Recompile with -Xlint:deprecation for details.
[INFO] 
[INFO] --- maven-compiler-plugin:3.8.0:compile (base-compile) @ gson ---
[INFO] Changes detected - recompiling the module!
[INFO] Compiling 73 source files to /tmp/v1/gson/target/classes
[INFO] /tmp/v1/gson/src/main/java/com/google/gson/JsonArray.java: Some input files use or override a deprecated API.
[INFO] /tmp/v1/gson/src/main/java/com/google/gson/JsonArray.java: Recompile with -Xlint:deprecation for details.
[INFO] 
[INFO] --- bnd-maven-plugin:4.0.0:bnd-process (default) @ gson ---
[WARNING] /tmp/v1/gson/bnd.bnd [0:0]: Export com.google.gson,  has 1,  private references [com.google.gson.internal], 
[INFO] 
[INFO] --- maven-resources-plugin:2.6:testResources (default-testResources) @ gson ---
[INFO] Using 'UTF-8' encoding to copy filtered resources.
[INFO] skip non existing resourceDirectory /tmp/v1/gson/src/test/resources
[INFO] 
[INFO] --- maven-compiler-plugin:3.8.0:testCompile (default-testCompile) @ gson ---
[INFO] Changes detected - recompiling the module!
[INFO] Compiling 101 source files to /tmp/v1/gson/target/test-classes
[INFO] /tmp/v1/gson/src/test/java/com/google/gson/common/MoreAsserts.java: Some input files use or override a deprecated API.
[INFO] /tmp/v1/gson/src/test/java/com/google/gson/common/MoreAsserts.java: Recompile with -Xlint:deprecation for details.
[INFO] 
[INFO] --- maven-surefire-plugin:2.12.4:test (default-test) @ gson ---
[INFO] Tests are skipped.
[INFO] 
[INFO] --- maven-dependency-plugin:2.8:build-classpath (default-cli) @ gson ---
[INFO] Skipped writing classpath file '/tmp/v1/gson/classpath'.  No changes found.
[INFO] 
[INFO] --- diff-jjoules:0.0.1-SNAPSHOT:class-instrument (default-cli) @ gson ---
[INFO] Running on:
[INFO] /tmp/v1/gson
[INFO] /tmp/v2/gson/
[INFO] Enable JUnit4 mode
[INFO] Configuration{pathToFirstVersion='/tmp/v1/gson', pathToSecondVersion='/tmp/v2/gson/', pathToTestListAsCSV='/tmp/v1/gson/testsThatExecuteTheChange.csv'}
[INFO] com.google.gson.internal.bind.JsonElementReaderTest:[testBooleans]
com.google.gson.functional.JsonArrayTest:[testSameAddition, testBooleanPrimitiveAddition]
com.google.gson.stream.JsonReaderPathTest:[path]
com.google.gson.JsonParserTest:[testReadWriteTwoObjects]
com.google.gson.functional.ReadersWritersTest:[testReadWriteTwoObjects]
com.google.gson.JsonPrimitiveTest:[testBoolean]
com.google.gson.JsonObjectTest:[testWritePropertyWithEmptyStringName, testAddingBooleanProperties, testReadPropertyWithEmptyStringName]
com.google.gson.functional.DefaultTypeAdaptersTest:[testJsonPrimitiveSerialization]
com.google.gson.functional.JsonTreeTest:[testJsonTreeToString]
[INFO] Instrument version before commit...
[INFO] Run on /tmp/v1/gson
[INFO] Running in NOCLASSPATH mode (doc: http://spoon.gforge.inria.fr/launcher.html).
[INFO] fr.davidson.diff.jjoules.class_instrumentation.process.JJoulesProcessor
Processing com.google.gson.functional.DefaultTypeAdaptersTest#testJsonPrimitiveSerialization
Processing com.google.gson.functional.JsonArrayTest#testBooleanPrimitiveAddition
Processing com.google.gson.functional.JsonArrayTest#testSameAddition
Processing com.google.gson.functional.JsonTreeTest#testJsonTreeToString
Processing com.google.gson.functional.ReadersWritersTest#testReadWriteTwoObjects
Processing com.google.gson.internal.bind.JsonElementReaderTest#testBooleans
Processing com.google.gson.stream.JsonReaderPathTest#path
Processing com.google.gson.JsonObjectTest#testAddingBooleanProperties
Processing com.google.gson.JsonObjectTest#testWritePropertyWithEmptyStringName
Processing com.google.gson.JsonObjectTest#testReadPropertyWithEmptyStringName
Processing com.google.gson.JsonParserTest#testReadWriteTwoObjects
Processing com.google.gson.JsonPrimitiveTest#testBoolean
[INFO] Processing Done...
[INFO] Printing com.google.gson.functional.ReadersWritersTest_testReadWriteTwoObjects to /tmp/v1/gson/src/test/java//com/google/gson/functional/ReadersWritersTest_testReadWriteTwoObjects.java
[INFO] Printing com.google.gson.JsonObjectTest_testAddingBooleanProperties to /tmp/v1/gson/src/test/java//com/google/gson/JsonObjectTest_testAddingBooleanProperties.java
[INFO] Printing com.google.gson.stream.JsonReaderPathTest_path to /tmp/v1/gson/src/test/java//com/google/gson/stream/JsonReaderPathTest_path.java
[INFO] Printing com.google.gson.JsonParserTest_testReadWriteTwoObjects to /tmp/v1/gson/src/test/java//com/google/gson/JsonParserTest_testReadWriteTwoObjects.java
[INFO] Printing com.google.gson.JsonPrimitiveTest_testBoolean to /tmp/v1/gson/src/test/java//com/google/gson/JsonPrimitiveTest_testBoolean.java
[INFO] Printing com.google.gson.functional.JsonTreeTest_testJsonTreeToString to /tmp/v1/gson/src/test/java//com/google/gson/functional/JsonTreeTest_testJsonTreeToString.java
[INFO] Printing com.google.gson.JsonObjectTest_testReadPropertyWithEmptyStringName to /tmp/v1/gson/src/test/java//com/google/gson/JsonObjectTest_testReadPropertyWithEmptyStringName.java
[INFO] Printing com.google.gson.internal.bind.JsonElementReaderTest_testBooleans to /tmp/v1/gson/src/test/java//com/google/gson/internal/bind/JsonElementReaderTest_testBooleans.java
[INFO] Printing com.google.gson.functional.JsonArrayTest_testBooleanPrimitiveAddition to /tmp/v1/gson/src/test/java//com/google/gson/functional/JsonArrayTest_testBooleanPrimitiveAddition.java
[INFO] Printing com.google.gson.functional.JsonArrayTest_testSameAddition to /tmp/v1/gson/src/test/java//com/google/gson/functional/JsonArrayTest_testSameAddition.java
[INFO] Printing com.google.gson.JsonObjectTest_testWritePropertyWithEmptyStringName to /tmp/v1/gson/src/test/java//com/google/gson/JsonObjectTest_testWritePropertyWithEmptyStringName.java
[INFO] Printing com.google.gson.functional.DefaultTypeAdaptersTest_testJsonPrimitiveSerialization to /tmp/v1/gson/src/test/java//com/google/gson/functional/DefaultTypeAdaptersTest_testJsonPrimitiveSerialization.java
[INFO] Injecting JUnit-Jjoules in /tmp/v1/gson/pom.xml
[INFO] Output new POM file in /tmp/v1/gson/pom.xml
[INFO] Instrument version after commit...
[INFO] Run on /tmp/v2/gson/
[INFO] Running in NOCLASSPATH mode (doc: http://spoon.gforge.inria.fr/launcher.html).
[INFO] fr.davidson.diff.jjoules.class_instrumentation.process.JJoulesProcessor
Processing com.google.gson.functional.DefaultTypeAdaptersTest#testJsonPrimitiveSerialization
Processing com.google.gson.functional.JsonArrayTest#testBooleanPrimitiveAddition
Processing com.google.gson.functional.JsonArrayTest#testSameAddition
Processing com.google.gson.functional.JsonTreeTest#testJsonTreeToString
Processing com.google.gson.functional.ReadersWritersTest#testReadWriteTwoObjects
Processing com.google.gson.internal.bind.JsonElementReaderTest#testBooleans
Processing com.google.gson.stream.JsonReaderPathTest#path
Processing com.google.gson.JsonObjectTest#testAddingBooleanProperties
Processing com.google.gson.JsonObjectTest#testWritePropertyWithEmptyStringName
Processing com.google.gson.JsonObjectTest#testReadPropertyWithEmptyStringName
Processing com.google.gson.JsonParserTest#testReadWriteTwoObjects
Processing com.google.gson.JsonPrimitiveTest#testBoolean
[INFO] Processing Done...
[INFO] Printing com.google.gson.functional.ReadersWritersTest_testReadWriteTwoObjects to /tmp/v2/gson//src/test/java//com/google/gson/functional/ReadersWritersTest_testReadWriteTwoObjects.java
[INFO] Printing com.google.gson.JsonObjectTest_testAddingBooleanProperties to /tmp/v2/gson//src/test/java//com/google/gson/JsonObjectTest_testAddingBooleanProperties.java
[INFO] Printing com.google.gson.stream.JsonReaderPathTest_path to /tmp/v2/gson//src/test/java//com/google/gson/stream/JsonReaderPathTest_path.java
[INFO] Printing com.google.gson.JsonParserTest_testReadWriteTwoObjects to /tmp/v2/gson//src/test/java//com/google/gson/JsonParserTest_testReadWriteTwoObjects.java
[INFO] Printing com.google.gson.JsonPrimitiveTest_testBoolean to /tmp/v2/gson//src/test/java//com/google/gson/JsonPrimitiveTest_testBoolean.java
[INFO] Printing com.google.gson.functional.JsonTreeTest_testJsonTreeToString to /tmp/v2/gson//src/test/java//com/google/gson/functional/JsonTreeTest_testJsonTreeToString.java
[INFO] Printing com.google.gson.JsonObjectTest_testReadPropertyWithEmptyStringName to /tmp/v2/gson//src/test/java//com/google/gson/JsonObjectTest_testReadPropertyWithEmptyStringName.java
[INFO] Printing com.google.gson.internal.bind.JsonElementReaderTest_testBooleans to /tmp/v2/gson//src/test/java//com/google/gson/internal/bind/JsonElementReaderTest_testBooleans.java
[INFO] Printing com.google.gson.functional.JsonArrayTest_testBooleanPrimitiveAddition to /tmp/v2/gson//src/test/java//com/google/gson/functional/JsonArrayTest_testBooleanPrimitiveAddition.java
[INFO] Printing com.google.gson.functional.JsonArrayTest_testSameAddition to /tmp/v2/gson//src/test/java//com/google/gson/functional/JsonArrayTest_testSameAddition.java
[INFO] Printing com.google.gson.JsonObjectTest_testWritePropertyWithEmptyStringName to /tmp/v2/gson//src/test/java//com/google/gson/JsonObjectTest_testWritePropertyWithEmptyStringName.java
[INFO] Printing com.google.gson.functional.DefaultTypeAdaptersTest_testJsonPrimitiveSerialization to /tmp/v2/gson//src/test/java//com/google/gson/functional/DefaultTypeAdaptersTest_testJsonPrimitiveSerialization.java
[INFO] Injecting JUnit-Jjoules in /tmp/v2/gson//pom.xml
[INFO] Output new POM file in /tmp/v2/gson//pom.xml
[INFO] ------------------------------------------------------------------------
[INFO] BUILD SUCCESS
[INFO] ------------------------------------------------------------------------
[INFO] Total time:  29.718 s
[INFO] Finished at: 2021-01-19T22:34:30+01:00
[INFO] ------------------------------------------------------------------------
