[INFO] Scanning for projects...
[INFO] 
[INFO] -----------------------< commons-io:commons-io >------------------------
[INFO] Building Apache Commons IO 2.6-SNAPSHOT
[INFO] --------------------------------[ jar ]---------------------------------
[INFO] 
[INFO] --- maven-clean-plugin:3.0.0:clean (default-clean) @ commons-io ---
[INFO] Deleting /tmp/v1/target
[INFO] 
[INFO] --- maven-enforcer-plugin:1.4.1:enforce (enforce-maven-3) @ commons-io ---
[INFO] 
[INFO] --- build-helper-maven-plugin:1.10:parse-version (parse-version) @ commons-io ---
[INFO] 
[INFO] --- maven-antrun-plugin:1.8:run (javadoc.resources) @ commons-io ---
[INFO] Executing tasks

main:
     [copy] Copying 2 files to /tmp/v1/target/apidocs/META-INF
[INFO] Executed tasks
[INFO] 
[INFO] --- maven-remote-resources-plugin:1.5:process (default) @ commons-io ---
[INFO] 
[INFO] --- buildnumber-maven-plugin:1.4:create (default) @ commons-io ---
[INFO] Executing: /bin/sh -c cd '/tmp/v1' && 'git' 'rev-parse' '--verify' 'HEAD'
[INFO] Working directory: /tmp/v1
[INFO] Storing buildNumber: a7bd568249f9ec20b69b2a700da6a0648e93a842 at timestamp: 1610513145283
[INFO] Storing buildScmBranch: master
[INFO] 
[INFO] --- maven-resources-plugin:2.7:resources (default-resources) @ commons-io ---
[INFO] Using 'iso-8859-1' encoding to copy filtered resources.
[INFO] skip non existing resourceDirectory /tmp/v1/src/main/resources
[INFO] Copying 2 resources to META-INF
[INFO] 
[INFO] --- maven-compiler-plugin:3.5.1:compile (default-compile) @ commons-io ---
[INFO] Changes detected - recompiling the module!
[INFO] Compiling 118 source files to /tmp/v1/target/classes
[INFO] /tmp/v1/src/main/java/org/apache/commons/io/input/ClassLoaderObjectInputStream.java: Some input files use or override a deprecated API.
[INFO] /tmp/v1/src/main/java/org/apache/commons/io/input/ClassLoaderObjectInputStream.java: Recompile with -Xlint:deprecation for details.
[INFO] 
[INFO] --- maven-bundle-plugin:3.0.1:manifest (bundle-manifest) @ commons-io ---
[INFO] 
[INFO] --- animal-sniffer-maven-plugin:1.15:check (checkAPIcompatibility) @ commons-io ---
[INFO] Signature checking is skipped.
[INFO] 
[INFO] --- maven-resources-plugin:2.7:testResources (default-testResources) @ commons-io ---
[INFO] Using 'iso-8859-1' encoding to copy filtered resources.
[INFO] Copying 19 resources
[INFO] Copying 2 resources to META-INF
[INFO] 
[INFO] --- maven-compiler-plugin:3.5.1:testCompile (default-testCompile) @ commons-io ---
[INFO] Changes detected - recompiling the module!
[INFO] Compiling 115 source files to /tmp/v1/target/test-classes
[INFO] /tmp/v1/src/test/java/org/apache/commons/io/filefilter/FileFilterTestCase.java: Some input files use or override a deprecated API.
[INFO] /tmp/v1/src/test/java/org/apache/commons/io/filefilter/FileFilterTestCase.java: Recompile with -Xlint:deprecation for details.
[INFO] 
[INFO] --- maven-surefire-plugin:2.19.1:test (default-test) @ commons-io ---
[INFO] Tests are skipped.
[INFO] 
[INFO] --- maven-dependency-plugin:2.8:build-classpath (default-cli) @ commons-io ---
[INFO] Skipped writing classpath file '/tmp/v1/classpath'.  No changes found.
[INFO] 
[INFO] --- diff-jjoules:0.0.1-SNAPSHOT:instrument (default-cli) @ commons-io ---
[INFO] Running on:
[INFO] /tmp/v1
[INFO] /tmp/v2/
[INFO] Enable JUnit4 mode
[INFO] Configuration{pathToFirstVersion='/tmp/v1', pathToSecondVersion='/tmp/v2/', pathToTestListAsCSV='/tmp/v1/testsThatExecuteTheChange.csv', classpath=[/home/spino/.m2/repository/junit/junit/4.12/junit-4.12.jar, /home/spino/.m2/repository/org/hamcrest/hamcrest-core/1.3/hamcrest-core-1.3.jar], junit4=true}
[INFO] org.apache.commons.io.HexDumpTest:[testDump]
org.apache.commons.io.IOUtilsCopyTestCase:[testCopy_readerToOutputStream, testCopy_readerToWriter_nullIn, testCopy_readerToOutputStream_Encoding_nullEncoding, testCopy_inputStreamToWriter_Encoding, testCopy_readerToWriter, testCopy_inputStreamToWriter_Encoding_nullEncoding, testCopy_inputStreamToWriter, testCopy_inputStreamToWriter_Encoding_nullIn, testCopy_readerToOutputStream_Encoding, testCopy_inputStreamToWriter_nullIn, testCopy_inputStreamToOutputStream, testCopy_readerToOutputStream_Encoding_nullIn, testCopy_readerToOutputStream_nullIn, testCopy_inputStreamToOutputStreamWithBufferSize, testCopy_inputStreamToOutputStream_nullIn]
org.apache.commons.io.IOUtilsTestCase:[testToByteArray_URL, testToByteArray_InputStream, testToByteArray_Reader, testCopy_ByteArray_OutputStream, testToBufferedInputStreamWithBufferSize_InputStream, testToByteArray_URI, testToByteArray_URLConnection, testToInputStream_String, testCopy_ByteArray_Writer, testToString_ByteArray, testToInputStream_CharSequence, testToBufferedInputStream_InputStream]
org.apache.commons.io.input.BoundedInputStreamTest:[testReadArray]
org.apache.commons.io.output.ProxyWriterTest:[exceptions_in_write_string, exceptions_in_flush, exceptions_in_close, exceptions_in_write_char_array, exceptions_in_append_char, exceptions_in_write_string_offset, exceptions_in_append_charSequence, exceptions_in_write_offset_char_array, exceptions_in_append_charSequence_offset, exceptions_in_write_int]
org.apache.commons.io.CopyUtilsTest:[copy_stringToWriter, testCopy_readerToOutputStream, copy_byteArrayToWriter, copy_stringToOutputStream, testCopy_inputStreamToOutputStream, copy_inputStreamToWriter, copy_byteArrayToOutputStream, copy_readerToWriter]
org.apache.commons.io.FileUtilsTestCase:[testCopyFileToOutputStream, testReadFileToByteArray]
org.apache.commons.io.output.ByteArrayOutputStreamTestCase:[testToInputStreamWithReset, testStream, testToInputStream]
org.apache.commons.io.FilenameUtilsTestCase:[testGetPrefix, testGetFullPathNoEndSeparator, testGetPath, testGetFullPath, testNormalizeNoEndSeparator, testGetPathNoEndSeparator, testNormalize]
org.apache.commons.io.output.TaggedOutputStreamTest:[testNormalStream]
org.apache.commons.io.output.ChunkedOutputStreamTest:[write_four_chunks, defaultConstructor, negative_chunksize_not_permitted]
org.apache.commons.io.IOUtilsWriteTestCase:[testWrite_charArrayToOutputStream, testWriteLines_OutputStream_nullSeparator, testWrite_charSequenceToOutputStream_nullEncoding, testWriteLines_Writer_nullData, testWrite_charSequenceToWriter, testWrite_byteArrayToWriter_Encoding_nullData, testWrite_stringToOutputStream_nullData, testWrite_byteArrayToWriter_Encoding, testWrite_stringToWriter_Encoding_nullData, testWrite_charSequenceToOutputStream_Encoding, testWriteLines_OutputStream, testWrite_byteArrayToWriter_Encoding_nullEncoding, testWrite_stringToOutputStream_nullEncoding, testWrite_stringToWriter, testWriteLines_OutputStream_Encoding, testWrite_charArrayToOutputStream_Encoding, testWrite_charArrayToWriter, testWrite_charSequenceToWriter_Encoding_nullData, testWrite_charSequenceToOutputStream, testWriteLines_Writer, testWriteLines_Writer_nullSeparator, testWriteLines_OutputStream_Encoding_nullSeparator, testWrite_byteArrayToWriter, testWrite_byteArrayToOutputStream_nullData, testWriteLines_OutputStream_Encoding_nullEncoding, testWrite_charArrayToOutputStream_Encoding_nullData, testWrite_charArrayToWriter_Encoding_nullData, testWrite_byteArrayToOutputStream, testWrite_stringToOutputStream_Encoding, testWrite_charSequenceToOutputStream_nullData, testWrite_charSequenceToOutputStream_Encoding_nullData, testWrite_stringToOutputStream_Encoding_nullData, testWriteLines_OutputStream_nullData, testWrite_charArrayToOutputStream_nullData, testWrite_charArrayToOutputStream_nullEncoding, testWriteLines_OutputStream_Encoding_nullData, testWrite_byteArrayToWriter_nullData, testWrite_stringToOutputStream]
org.apache.commons.io.DemuxTestCase:[testOutputStream]
org.apache.commons.io.output.ChunkedWriterTest:[write_two_chunks_default_constructor, write_four_chunks, negative_chunksize_not_permitted]
org.apache.commons.io.output.DeferredFileOutputStreamTest:["initialBufferSize = {0}", testTempFileError]
[INFO] Instrument version before commit...
[INFO] Run on /tmp/v1
[INFO] Running in NOCLASSPATH mode (doc: http://spoon.gforge.inria.fr/launcher.html).
[INFO] fr.davidson.diff.jjoules.process.junit4.JJoulesProcessor
Processing org.apache.commons.io.input.BoundedInputStreamTest#testReadArray
Processing org.apache.commons.io.output.ByteArrayOutputStreamTestCase#testToInputStream
Processing org.apache.commons.io.output.ByteArrayOutputStreamTestCase#testToInputStreamWithReset
Processing org.apache.commons.io.output.ByteArrayOutputStreamTestCase#testStream
Processing org.apache.commons.io.output.ChunkedOutputStreamTest#write_four_chunks
Processing org.apache.commons.io.output.ChunkedOutputStreamTest#negative_chunksize_not_permitted
Processing org.apache.commons.io.output.ChunkedOutputStreamTest#defaultConstructor
Processing org.apache.commons.io.output.ChunkedWriterTest#write_four_chunks
Processing org.apache.commons.io.output.ChunkedWriterTest#write_two_chunks_default_constructor
Processing org.apache.commons.io.output.ChunkedWriterTest#negative_chunksize_not_permitted
Processing org.apache.commons.io.output.DeferredFileOutputStreamTest#testTempFileError
Processing org.apache.commons.io.output.ProxyWriterTest#exceptions_in_append_char
Processing org.apache.commons.io.output.ProxyWriterTest#exceptions_in_append_charSequence
Processing org.apache.commons.io.output.ProxyWriterTest#exceptions_in_append_charSequence_offset
Processing org.apache.commons.io.output.ProxyWriterTest#exceptions_in_write_int
Processing org.apache.commons.io.output.ProxyWriterTest#exceptions_in_write_char_array
Processing org.apache.commons.io.output.ProxyWriterTest#exceptions_in_write_offset_char_array
Processing org.apache.commons.io.output.ProxyWriterTest#exceptions_in_write_string
Processing org.apache.commons.io.output.ProxyWriterTest#exceptions_in_write_string_offset
Processing org.apache.commons.io.output.ProxyWriterTest#exceptions_in_flush
Processing org.apache.commons.io.output.ProxyWriterTest#exceptions_in_close
Processing org.apache.commons.io.output.TaggedOutputStreamTest#testNormalStream
Processing org.apache.commons.io.CopyUtilsTest#copy_byteArrayToOutputStream
Processing org.apache.commons.io.CopyUtilsTest#copy_byteArrayToWriter
Processing org.apache.commons.io.CopyUtilsTest#testCopy_inputStreamToOutputStream
Processing org.apache.commons.io.CopyUtilsTest#copy_inputStreamToWriter
Processing org.apache.commons.io.CopyUtilsTest#testCopy_readerToOutputStream
Processing org.apache.commons.io.CopyUtilsTest#copy_readerToWriter
Processing org.apache.commons.io.CopyUtilsTest#copy_stringToOutputStream
Processing org.apache.commons.io.CopyUtilsTest#copy_stringToWriter
Processing org.apache.commons.io.DemuxTestCase#testOutputStream
Processing org.apache.commons.io.FileUtilsTestCase#testCopyFileToOutputStream
Processing org.apache.commons.io.FileUtilsTestCase#testReadFileToByteArray
Processing org.apache.commons.io.FilenameUtilsTestCase#testNormalize
Processing org.apache.commons.io.FilenameUtilsTestCase#testNormalizeNoEndSeparator
Processing org.apache.commons.io.FilenameUtilsTestCase#testGetPrefix
Processing org.apache.commons.io.FilenameUtilsTestCase#testGetPath
Processing org.apache.commons.io.FilenameUtilsTestCase#testGetPathNoEndSeparator
Processing org.apache.commons.io.FilenameUtilsTestCase#testGetFullPath
Processing org.apache.commons.io.FilenameUtilsTestCase#testGetFullPathNoEndSeparator
Processing org.apache.commons.io.HexDumpTest#testDump
Processing org.apache.commons.io.IOUtilsCopyTestCase#testCopy_inputStreamToOutputStream
Processing org.apache.commons.io.IOUtilsCopyTestCase#testCopy_inputStreamToOutputStreamWithBufferSize
Processing org.apache.commons.io.IOUtilsCopyTestCase#testCopy_inputStreamToOutputStreamWithBufferSize
Processing org.apache.commons.io.IOUtilsCopyTestCase#testCopy_inputStreamToOutputStream_nullIn
Processing org.apache.commons.io.IOUtilsCopyTestCase#testCopy_inputStreamToWriter
Processing org.apache.commons.io.IOUtilsCopyTestCase#testCopy_inputStreamToWriter_nullIn
Processing org.apache.commons.io.IOUtilsCopyTestCase#testCopy_inputStreamToWriter_Encoding
Processing org.apache.commons.io.IOUtilsCopyTestCase#testCopy_inputStreamToWriter_Encoding_nullIn
Processing org.apache.commons.io.IOUtilsCopyTestCase#testCopy_inputStreamToWriter_Encoding_nullEncoding
Processing org.apache.commons.io.IOUtilsCopyTestCase#testCopy_readerToOutputStream
Processing org.apache.commons.io.IOUtilsCopyTestCase#testCopy_readerToOutputStream_nullIn
Processing org.apache.commons.io.IOUtilsCopyTestCase#testCopy_readerToOutputStream_Encoding
Processing org.apache.commons.io.IOUtilsCopyTestCase#testCopy_readerToOutputStream_Encoding_nullIn
Processing org.apache.commons.io.IOUtilsCopyTestCase#testCopy_readerToOutputStream_Encoding_nullEncoding
Processing org.apache.commons.io.IOUtilsCopyTestCase#testCopy_readerToWriter
Processing org.apache.commons.io.IOUtilsCopyTestCase#testCopy_readerToWriter_nullIn
Processing org.apache.commons.io.IOUtilsTestCase#testCopy_ByteArray_OutputStream
Processing org.apache.commons.io.IOUtilsTestCase#testCopy_ByteArray_Writer
Processing org.apache.commons.io.IOUtilsTestCase#testToBufferedInputStream_InputStream
Processing org.apache.commons.io.IOUtilsTestCase#testToBufferedInputStreamWithBufferSize_InputStream
Processing org.apache.commons.io.IOUtilsTestCase#testToByteArray_InputStream
Processing org.apache.commons.io.IOUtilsTestCase#testToByteArray_Reader
Processing org.apache.commons.io.IOUtilsTestCase#testToByteArray_URI
Processing org.apache.commons.io.IOUtilsTestCase#testToByteArray_URL
Processing org.apache.commons.io.IOUtilsTestCase#testToByteArray_URLConnection
Processing org.apache.commons.io.IOUtilsTestCase#testToInputStream_CharSequence
Processing org.apache.commons.io.IOUtilsTestCase#testToInputStream_String
Processing org.apache.commons.io.IOUtilsTestCase#testToString_ByteArray
Processing org.apache.commons.io.IOUtilsWriteTestCase#testWrite_byteArrayToOutputStream
Processing org.apache.commons.io.IOUtilsWriteTestCase#testWrite_byteArrayToOutputStream_nullData
Processing org.apache.commons.io.IOUtilsWriteTestCase#testWrite_byteArrayToWriter
Processing org.apache.commons.io.IOUtilsWriteTestCase#testWrite_byteArrayToWriter_nullData
Processing org.apache.commons.io.IOUtilsWriteTestCase#testWrite_byteArrayToWriter_Encoding
Processing org.apache.commons.io.IOUtilsWriteTestCase#testWrite_byteArrayToWriter_Encoding_nullData
Processing org.apache.commons.io.IOUtilsWriteTestCase#testWrite_byteArrayToWriter_Encoding_nullEncoding
Processing org.apache.commons.io.IOUtilsWriteTestCase#testWrite_charSequenceToOutputStream
Processing org.apache.commons.io.IOUtilsWriteTestCase#testWrite_charSequenceToOutputStream_nullData
Processing org.apache.commons.io.IOUtilsWriteTestCase#testWrite_charSequenceToOutputStream_Encoding
Processing org.apache.commons.io.IOUtilsWriteTestCase#testWrite_charSequenceToOutputStream_Encoding_nullData
Processing org.apache.commons.io.IOUtilsWriteTestCase#testWrite_charSequenceToOutputStream_nullEncoding
Processing org.apache.commons.io.IOUtilsWriteTestCase#testWrite_charSequenceToWriter
Processing org.apache.commons.io.IOUtilsWriteTestCase#testWrite_charSequenceToWriter_Encoding_nullData
Processing org.apache.commons.io.IOUtilsWriteTestCase#testWrite_stringToOutputStream
Processing org.apache.commons.io.IOUtilsWriteTestCase#testWrite_stringToOutputStream_nullData
Processing org.apache.commons.io.IOUtilsWriteTestCase#testWrite_stringToOutputStream_Encoding
Processing org.apache.commons.io.IOUtilsWriteTestCase#testWrite_stringToOutputStream_Encoding_nullData
Processing org.apache.commons.io.IOUtilsWriteTestCase#testWrite_stringToOutputStream_nullEncoding
Processing org.apache.commons.io.IOUtilsWriteTestCase#testWrite_stringToWriter
Processing org.apache.commons.io.IOUtilsWriteTestCase#testWrite_stringToWriter_Encoding_nullData
Processing org.apache.commons.io.IOUtilsWriteTestCase#testWrite_charArrayToOutputStream
Processing org.apache.commons.io.IOUtilsWriteTestCase#testWrite_charArrayToOutputStream_nullData
Processing org.apache.commons.io.IOUtilsWriteTestCase#testWrite_charArrayToOutputStream_Encoding
Processing org.apache.commons.io.IOUtilsWriteTestCase#testWrite_charArrayToOutputStream_Encoding_nullData
Processing org.apache.commons.io.IOUtilsWriteTestCase#testWrite_charArrayToOutputStream_nullEncoding
Processing org.apache.commons.io.IOUtilsWriteTestCase#testWrite_charArrayToWriter
Processing org.apache.commons.io.IOUtilsWriteTestCase#testWrite_charArrayToWriter_Encoding_nullData
Processing org.apache.commons.io.IOUtilsWriteTestCase#testWriteLines_OutputStream
Processing org.apache.commons.io.IOUtilsWriteTestCase#testWriteLines_OutputStream_nullData
Processing org.apache.commons.io.IOUtilsWriteTestCase#testWriteLines_OutputStream_nullSeparator
Processing org.apache.commons.io.IOUtilsWriteTestCase#testWriteLines_OutputStream_Encoding
Processing org.apache.commons.io.IOUtilsWriteTestCase#testWriteLines_OutputStream_Encoding_nullData
Processing org.apache.commons.io.IOUtilsWriteTestCase#testWriteLines_OutputStream_Encoding_nullSeparator
Processing org.apache.commons.io.IOUtilsWriteTestCase#testWriteLines_OutputStream_Encoding_nullEncoding
Processing org.apache.commons.io.IOUtilsWriteTestCase#testWriteLines_Writer
Processing org.apache.commons.io.IOUtilsWriteTestCase#testWriteLines_Writer_nullData
Processing org.apache.commons.io.IOUtilsWriteTestCase#testWriteLines_Writer_nullSeparator
[INFO] Printing org.apache.commons.io.output.DeferredFileOutputStreamTest to /tmp/v1/src/test/java//org/apache/commons/io/output/DeferredFileOutputStreamTest.java
[INFO] Printing org.apache.commons.io.CopyUtilsTest to /tmp/v1/src/test/java//org/apache/commons/io/CopyUtilsTest.java
[INFO] Printing org.apache.commons.io.output.ChunkedOutputStreamTest to /tmp/v1/src/test/java//org/apache/commons/io/output/ChunkedOutputStreamTest.java
[INFO] Printing org.apache.commons.io.FileUtilsTestCase to /tmp/v1/src/test/java//org/apache/commons/io/FileUtilsTestCase.java
[INFO] Printing org.apache.commons.io.IOUtilsTestCase to /tmp/v1/src/test/java//org/apache/commons/io/IOUtilsTestCase.java
[INFO] Printing org.apache.commons.io.IOUtilsWriteTestCase to /tmp/v1/src/test/java//org/apache/commons/io/IOUtilsWriteTestCase.java
[INFO] Printing org.apache.commons.io.input.BoundedInputStreamTest to /tmp/v1/src/test/java//org/apache/commons/io/input/BoundedInputStreamTest.java
[INFO] Printing org.apache.commons.io.output.ChunkedWriterTest to /tmp/v1/src/test/java//org/apache/commons/io/output/ChunkedWriterTest.java
[INFO] Printing org.apache.commons.io.DemuxTestCase to /tmp/v1/src/test/java//org/apache/commons/io/DemuxTestCase.java
[INFO] Printing org.apache.commons.io.output.ProxyWriterTest to /tmp/v1/src/test/java//org/apache/commons/io/output/ProxyWriterTest.java
[INFO] Printing org.apache.commons.io.output.TaggedOutputStreamTest to /tmp/v1/src/test/java//org/apache/commons/io/output/TaggedOutputStreamTest.java
[INFO] Printing org.apache.commons.io.output.ByteArrayOutputStreamTestCase to /tmp/v1/src/test/java//org/apache/commons/io/output/ByteArrayOutputStreamTestCase.java
[INFO] Printing org.apache.commons.io.HexDumpTest to /tmp/v1/src/test/java//org/apache/commons/io/HexDumpTest.java
[INFO] Printing org.apache.commons.io.FilenameUtilsTestCase to /tmp/v1/src/test/java//org/apache/commons/io/FilenameUtilsTestCase.java
[INFO] Printing org.apache.commons.io.IOUtilsCopyTestCase to /tmp/v1/src/test/java//org/apache/commons/io/IOUtilsCopyTestCase.java
[INFO] Injecting JUnit-Jjoules in /tmp/v1/pom.xml
[INFO] Output new POM file in /tmp/v1/pom.xml
[INFO] Instrument version after commit...
[INFO] Run on /tmp/v2/
[INFO] Running in NOCLASSPATH mode (doc: http://spoon.gforge.inria.fr/launcher.html).
[INFO] fr.davidson.diff.jjoules.process.junit4.JJoulesProcessor
Processing org.apache.commons.io.input.BoundedInputStreamTest#testReadArray
Processing org.apache.commons.io.output.ByteArrayOutputStreamTestCase#testToInputStream
Processing org.apache.commons.io.output.ByteArrayOutputStreamTestCase#testToInputStreamWithReset
Processing org.apache.commons.io.output.ByteArrayOutputStreamTestCase#testStream
Processing org.apache.commons.io.output.ChunkedOutputStreamTest#write_four_chunks
Processing org.apache.commons.io.output.ChunkedOutputStreamTest#negative_chunksize_not_permitted
Processing org.apache.commons.io.output.ChunkedOutputStreamTest#defaultConstructor
Processing org.apache.commons.io.output.ChunkedWriterTest#write_four_chunks
Processing org.apache.commons.io.output.ChunkedWriterTest#write_two_chunks_default_constructor
Processing org.apache.commons.io.output.ChunkedWriterTest#negative_chunksize_not_permitted
Processing org.apache.commons.io.output.DeferredFileOutputStreamTest#testTempFileError
Processing org.apache.commons.io.output.ProxyWriterTest#exceptions_in_append_char
Processing org.apache.commons.io.output.ProxyWriterTest#exceptions_in_append_charSequence
Processing org.apache.commons.io.output.ProxyWriterTest#exceptions_in_append_charSequence_offset
Processing org.apache.commons.io.output.ProxyWriterTest#exceptions_in_write_int
Processing org.apache.commons.io.output.ProxyWriterTest#exceptions_in_write_char_array
Processing org.apache.commons.io.output.ProxyWriterTest#exceptions_in_write_offset_char_array
Processing org.apache.commons.io.output.ProxyWriterTest#exceptions_in_write_string
Processing org.apache.commons.io.output.ProxyWriterTest#exceptions_in_write_string_offset
Processing org.apache.commons.io.output.ProxyWriterTest#exceptions_in_flush
Processing org.apache.commons.io.output.ProxyWriterTest#exceptions_in_close
Processing org.apache.commons.io.output.TaggedOutputStreamTest#testNormalStream
Processing org.apache.commons.io.CopyUtilsTest#copy_byteArrayToOutputStream
Processing org.apache.commons.io.CopyUtilsTest#copy_byteArrayToWriter
Processing org.apache.commons.io.CopyUtilsTest#testCopy_inputStreamToOutputStream
Processing org.apache.commons.io.CopyUtilsTest#copy_inputStreamToWriter
Processing org.apache.commons.io.CopyUtilsTest#testCopy_readerToOutputStream
Processing org.apache.commons.io.CopyUtilsTest#copy_readerToWriter
Processing org.apache.commons.io.CopyUtilsTest#copy_stringToOutputStream
Processing org.apache.commons.io.CopyUtilsTest#copy_stringToWriter
Processing org.apache.commons.io.DemuxTestCase#testOutputStream
Processing org.apache.commons.io.FileUtilsTestCase#testCopyFileToOutputStream
Processing org.apache.commons.io.FileUtilsTestCase#testReadFileToByteArray
Processing org.apache.commons.io.FilenameUtilsTestCase#testNormalize
Processing org.apache.commons.io.FilenameUtilsTestCase#testNormalizeNoEndSeparator
Processing org.apache.commons.io.FilenameUtilsTestCase#testGetPrefix
Processing org.apache.commons.io.FilenameUtilsTestCase#testGetPath
Processing org.apache.commons.io.FilenameUtilsTestCase#testGetPathNoEndSeparator
Processing org.apache.commons.io.FilenameUtilsTestCase#testGetFullPath
Processing org.apache.commons.io.FilenameUtilsTestCase#testGetFullPathNoEndSeparator
Processing org.apache.commons.io.HexDumpTest#testDump
Processing org.apache.commons.io.IOUtilsCopyTestCase#testCopy_inputStreamToOutputStream
Processing org.apache.commons.io.IOUtilsCopyTestCase#testCopy_inputStreamToOutputStreamWithBufferSize
Processing org.apache.commons.io.IOUtilsCopyTestCase#testCopy_inputStreamToOutputStreamWithBufferSize
Processing org.apache.commons.io.IOUtilsCopyTestCase#testCopy_inputStreamToOutputStream_nullIn
Processing org.apache.commons.io.IOUtilsCopyTestCase#testCopy_inputStreamToWriter
Processing org.apache.commons.io.IOUtilsCopyTestCase#testCopy_inputStreamToWriter_nullIn
Processing org.apache.commons.io.IOUtilsCopyTestCase#testCopy_inputStreamToWriter_Encoding
Processing org.apache.commons.io.IOUtilsCopyTestCase#testCopy_inputStreamToWriter_Encoding_nullIn
Processing org.apache.commons.io.IOUtilsCopyTestCase#testCopy_inputStreamToWriter_Encoding_nullEncoding
Processing org.apache.commons.io.IOUtilsCopyTestCase#testCopy_readerToOutputStream
Processing org.apache.commons.io.IOUtilsCopyTestCase#testCopy_readerToOutputStream_nullIn
Processing org.apache.commons.io.IOUtilsCopyTestCase#testCopy_readerToOutputStream_Encoding
Processing org.apache.commons.io.IOUtilsCopyTestCase#testCopy_readerToOutputStream_Encoding_nullIn
Processing org.apache.commons.io.IOUtilsCopyTestCase#testCopy_readerToOutputStream_Encoding_nullEncoding
Processing org.apache.commons.io.IOUtilsCopyTestCase#testCopy_readerToWriter
Processing org.apache.commons.io.IOUtilsCopyTestCase#testCopy_readerToWriter_nullIn
Processing org.apache.commons.io.IOUtilsTestCase#testCopy_ByteArray_OutputStream
Processing org.apache.commons.io.IOUtilsTestCase#testCopy_ByteArray_Writer
Processing org.apache.commons.io.IOUtilsTestCase#testToBufferedInputStream_InputStream
Processing org.apache.commons.io.IOUtilsTestCase#testToBufferedInputStreamWithBufferSize_InputStream
Processing org.apache.commons.io.IOUtilsTestCase#testToByteArray_InputStream
Processing org.apache.commons.io.IOUtilsTestCase#testToByteArray_Reader
Processing org.apache.commons.io.IOUtilsTestCase#testToByteArray_URI
Processing org.apache.commons.io.IOUtilsTestCase#testToByteArray_URL
Processing org.apache.commons.io.IOUtilsTestCase#testToByteArray_URLConnection
Processing org.apache.commons.io.IOUtilsTestCase#testToInputStream_CharSequence
Processing org.apache.commons.io.IOUtilsTestCase#testToInputStream_String
Processing org.apache.commons.io.IOUtilsTestCase#testToString_ByteArray
Processing org.apache.commons.io.IOUtilsWriteTestCase#testWrite_byteArrayToOutputStream
Processing org.apache.commons.io.IOUtilsWriteTestCase#testWrite_byteArrayToOutputStream_nullData
Processing org.apache.commons.io.IOUtilsWriteTestCase#testWrite_byteArrayToWriter
Processing org.apache.commons.io.IOUtilsWriteTestCase#testWrite_byteArrayToWriter_nullData
Processing org.apache.commons.io.IOUtilsWriteTestCase#testWrite_byteArrayToWriter_Encoding
Processing org.apache.commons.io.IOUtilsWriteTestCase#testWrite_byteArrayToWriter_Encoding_nullData
Processing org.apache.commons.io.IOUtilsWriteTestCase#testWrite_byteArrayToWriter_Encoding_nullEncoding
Processing org.apache.commons.io.IOUtilsWriteTestCase#testWrite_charSequenceToOutputStream
Processing org.apache.commons.io.IOUtilsWriteTestCase#testWrite_charSequenceToOutputStream_nullData
Processing org.apache.commons.io.IOUtilsWriteTestCase#testWrite_charSequenceToOutputStream_Encoding
Processing org.apache.commons.io.IOUtilsWriteTestCase#testWrite_charSequenceToOutputStream_Encoding_nullData
Processing org.apache.commons.io.IOUtilsWriteTestCase#testWrite_charSequenceToOutputStream_nullEncoding
Processing org.apache.commons.io.IOUtilsWriteTestCase#testWrite_charSequenceToWriter
Processing org.apache.commons.io.IOUtilsWriteTestCase#testWrite_charSequenceToWriter_Encoding_nullData
Processing org.apache.commons.io.IOUtilsWriteTestCase#testWrite_stringToOutputStream
Processing org.apache.commons.io.IOUtilsWriteTestCase#testWrite_stringToOutputStream_nullData
Processing org.apache.commons.io.IOUtilsWriteTestCase#testWrite_stringToOutputStream_Encoding
Processing org.apache.commons.io.IOUtilsWriteTestCase#testWrite_stringToOutputStream_Encoding_nullData
Processing org.apache.commons.io.IOUtilsWriteTestCase#testWrite_stringToOutputStream_nullEncoding
Processing org.apache.commons.io.IOUtilsWriteTestCase#testWrite_stringToWriter
Processing org.apache.commons.io.IOUtilsWriteTestCase#testWrite_stringToWriter_Encoding_nullData
Processing org.apache.commons.io.IOUtilsWriteTestCase#testWrite_charArrayToOutputStream
Processing org.apache.commons.io.IOUtilsWriteTestCase#testWrite_charArrayToOutputStream_nullData
Processing org.apache.commons.io.IOUtilsWriteTestCase#testWrite_charArrayToOutputStream_Encoding
Processing org.apache.commons.io.IOUtilsWriteTestCase#testWrite_charArrayToOutputStream_Encoding_nullData
Processing org.apache.commons.io.IOUtilsWriteTestCase#testWrite_charArrayToOutputStream_nullEncoding
Processing org.apache.commons.io.IOUtilsWriteTestCase#testWrite_charArrayToWriter
Processing org.apache.commons.io.IOUtilsWriteTestCase#testWrite_charArrayToWriter_Encoding_nullData
Processing org.apache.commons.io.IOUtilsWriteTestCase#testWriteLines_OutputStream
Processing org.apache.commons.io.IOUtilsWriteTestCase#testWriteLines_OutputStream_nullData
Processing org.apache.commons.io.IOUtilsWriteTestCase#testWriteLines_OutputStream_nullSeparator
Processing org.apache.commons.io.IOUtilsWriteTestCase#testWriteLines_OutputStream_Encoding
Processing org.apache.commons.io.IOUtilsWriteTestCase#testWriteLines_OutputStream_Encoding_nullData
Processing org.apache.commons.io.IOUtilsWriteTestCase#testWriteLines_OutputStream_Encoding_nullSeparator
Processing org.apache.commons.io.IOUtilsWriteTestCase#testWriteLines_OutputStream_Encoding_nullEncoding
Processing org.apache.commons.io.IOUtilsWriteTestCase#testWriteLines_Writer
Processing org.apache.commons.io.IOUtilsWriteTestCase#testWriteLines_Writer_nullData
Processing org.apache.commons.io.IOUtilsWriteTestCase#testWriteLines_Writer_nullSeparator
[INFO] Printing org.apache.commons.io.CopyUtilsTest to /tmp/v2//src/test/java//org/apache/commons/io/CopyUtilsTest.java
[INFO] Printing org.apache.commons.io.CopyUtilsTest to /tmp/v2//src/test/java//org/apache/commons/io/CopyUtilsTest.java
[INFO] Printing org.apache.commons.io.output.ChunkedOutputStreamTest to /tmp/v2//src/test/java//org/apache/commons/io/output/ChunkedOutputStreamTest.java
[INFO] Printing org.apache.commons.io.output.ChunkedOutputStreamTest to /tmp/v2//src/test/java//org/apache/commons/io/output/ChunkedOutputStreamTest.java
[INFO] Printing org.apache.commons.io.output.ChunkedWriterTest to /tmp/v2//src/test/java//org/apache/commons/io/output/ChunkedWriterTest.java
[INFO] Printing org.apache.commons.io.output.ChunkedWriterTest to /tmp/v2//src/test/java//org/apache/commons/io/output/ChunkedWriterTest.java
[INFO] Printing org.apache.commons.io.output.ByteArrayOutputStreamTestCase to /tmp/v2//src/test/java//org/apache/commons/io/output/ByteArrayOutputStreamTestCase.java
[INFO] Printing org.apache.commons.io.output.ByteArrayOutputStreamTestCase to /tmp/v2//src/test/java//org/apache/commons/io/output/ByteArrayOutputStreamTestCase.java
[INFO] Printing org.apache.commons.io.FilenameUtilsTestCase to /tmp/v2//src/test/java//org/apache/commons/io/FilenameUtilsTestCase.java
[INFO] Printing org.apache.commons.io.IOUtilsCopyTestCase to /tmp/v2//src/test/java//org/apache/commons/io/IOUtilsCopyTestCase.java
[INFO] Printing org.apache.commons.io.FilenameUtilsTestCase to /tmp/v2//src/test/java//org/apache/commons/io/FilenameUtilsTestCase.java
[INFO] Printing org.apache.commons.io.IOUtilsCopyTestCase to /tmp/v2//src/test/java//org/apache/commons/io/IOUtilsCopyTestCase.java
[INFO] Printing org.apache.commons.io.output.DeferredFileOutputStreamTest to /tmp/v2//src/test/java//org/apache/commons/io/output/DeferredFileOutputStreamTest.java
[INFO] Printing org.apache.commons.io.output.DeferredFileOutputStreamTest to /tmp/v2//src/test/java//org/apache/commons/io/output/DeferredFileOutputStreamTest.java
[INFO] Printing org.apache.commons.io.FileUtilsTestCase to /tmp/v2//src/test/java//org/apache/commons/io/FileUtilsTestCase.java
[INFO] Printing org.apache.commons.io.IOUtilsTestCase to /tmp/v2//src/test/java//org/apache/commons/io/IOUtilsTestCase.java
[INFO] Printing org.apache.commons.io.IOUtilsWriteTestCase to /tmp/v2//src/test/java//org/apache/commons/io/IOUtilsWriteTestCase.java
[INFO] Printing org.apache.commons.io.FileUtilsTestCase to /tmp/v2//src/test/java//org/apache/commons/io/FileUtilsTestCase.java
[INFO] Printing org.apache.commons.io.IOUtilsTestCase to /tmp/v2//src/test/java//org/apache/commons/io/IOUtilsTestCase.java
[INFO] Printing org.apache.commons.io.IOUtilsWriteTestCase to /tmp/v2//src/test/java//org/apache/commons/io/IOUtilsWriteTestCase.java
[INFO] Printing org.apache.commons.io.input.BoundedInputStreamTest to /tmp/v2//src/test/java//org/apache/commons/io/input/BoundedInputStreamTest.java
[INFO] Printing org.apache.commons.io.DemuxTestCase to /tmp/v2//src/test/java//org/apache/commons/io/DemuxTestCase.java
[INFO] Printing org.apache.commons.io.output.ProxyWriterTest to /tmp/v2//src/test/java//org/apache/commons/io/output/ProxyWriterTest.java
[INFO] Printing org.apache.commons.io.output.TaggedOutputStreamTest to /tmp/v2//src/test/java//org/apache/commons/io/output/TaggedOutputStreamTest.java
[INFO] Printing org.apache.commons.io.output.ProxyWriterTest to /tmp/v2//src/test/java//org/apache/commons/io/output/ProxyWriterTest.java
[INFO] Printing org.apache.commons.io.HexDumpTest to /tmp/v2//src/test/java//org/apache/commons/io/HexDumpTest.java
[INFO] Injecting JUnit-Jjoules in /tmp/v2//pom.xml
[INFO] Output new POM file in /tmp/v2//pom.xml
[INFO] ------------------------------------------------------------------------
[INFO] BUILD SUCCESS
[INFO] ------------------------------------------------------------------------
[INFO] Total time:  15.593 s
[INFO] Finished at: 2021-01-13T05:45:59+01:00
[INFO] ------------------------------------------------------------------------
