[INFO] Scanning for projects...
[INFO] 
[INFO] ---------------------< com.google.code.gson:gson >----------------------
[INFO] Building Gson 1.8-SNAPSHOT
[INFO] --------------------------------[ jar ]---------------------------------
[INFO] 
[INFO] --- maven-clean-plugin:2.5:clean (default-clean) @ gson ---
[INFO] Deleting /tmp/v1/gson/target
[INFO] 
[INFO] --- cobertura-maven-plugin:2.4:clean (clean) @ gson ---
[INFO] 
[INFO] --- maven-enforcer-plugin:1.0-beta-1:enforce (enforce-maven) @ gson ---
[INFO] 
[INFO] --- maven-resources-plugin:2.6:resources (default-resources) @ gson ---
[INFO] Using 'UTF-8' encoding to copy filtered resources.
[INFO] skip non existing resourceDirectory /tmp/v1/gson/src/main/resources
[INFO] 
[INFO] --- maven-compiler-plugin:2.3.2:compile (default-compile) @ gson ---
[INFO] Compiling 96 source files to /tmp/v1/gson/target/classes
[INFO] 
[INFO] --- maven-resources-plugin:2.6:testResources (default-testResources) @ gson ---
[INFO] Using 'UTF-8' encoding to copy filtered resources.
[INFO] skip non existing resourceDirectory /tmp/v1/gson/src/test/resources
[INFO] 
[INFO] --- maven-compiler-plugin:2.3.2:testCompile (default-testCompile) @ gson ---
[INFO] Compiling 86 source files to /tmp/v1/gson/target/test-classes
[INFO] 
[INFO] --- maven-surefire-plugin:2.12.4:test (default-test) @ gson ---
[INFO] Tests are skipped.
[INFO] 
[INFO] --- maven-dependency-plugin:2.8:build-classpath (default-cli) @ gson ---
[INFO] Skipped writing classpath file '/tmp/v1/gson/classpath'.  No changes found.
[INFO] 
[INFO] --- diff-jjoules:0.0.1-SNAPSHOT:instrument (default-cli) @ gson ---
[INFO] Running on:
[INFO] /tmp/v1/gson
[INFO] /tmp/v2/gson/
[INFO] Enable JUnit4 mode
[INFO] Configuration{pathToFirstVersion='/tmp/v1/gson', pathToSecondVersion='/tmp/v2/gson/', pathToTestListAsCSV='/tmp/v1/gson/testsThatExecuteTheChange.csv', classpath=[/home/spino/.m2/repository/junit/junit/3.8.2/junit-3.8.2.jar], junit4=true}
[INFO] com.google.gson.functional.CollectionTest:[testCollectionOfObjectWithNullSerialization, testFieldIsArrayList, testSetSerialization, testCollectionOfStringsSerialization, testCollectionOfObjectSerialization, testCollectionOfBagOfPrimitivesSerialization, testLinkedListSerialization]
com.google.gson.functional.ParameterizedTypesTest:[testParameterizedTypeWithReaderDeserialization, testVariableTypeFieldsAndGenericArraysSerialization, testTypesWithMultipleParametersSerialization, testParameterizedTypeGenericArraysSerialization, testParameterizedTypeWithVariableTypeDeserialization, testVariableTypeArrayDeserialization, testParameterizedTypeWithCustomSerializer, testParameterizedTypeDeserialization, testParameterizedTypeGenericArraysDeserialization, testVariableTypeDeserialization, testVariableTypeFieldsAndGenericArraysDeserialization, testDeepParameterizedTypeSerialization, testParameterizedTypesWithCustomDeserializer]
com.google.gson.functional.ExposeFieldsTest:[testNoExposedFieldSerialization]
com.google.gson.functional.NullObjectAndFieldTest:[testExplicitSerializationOfNulls, testCustomSerializationOfNulls, testPrintPrintingObjectWithNulls, testNullWrappedPrimitiveMemberSerialization, testExplicitSerializationOfNullArrayMembers, testExplicitDeserializationOfNulls, testExplicitSerializationOfNullCollectionMembers, testExplicitSerializationOfNullStringMembers, testTopLevelNullObjectSerialization, testExplicitNullSetsFieldToNullDuringDeserialization, testCustomTypeAdapterPassesNullSerialization, testPrintPrintingArraysWithNulls, testNullWrappedPrimitiveMemberDeserialization, testCustomTypeAdapterPassesNullDesrialization, testTopLevelNullObjectDeserialization]
com.google.gson.functional.EscapingTest:[testGsonDoubleDeserialization, testEscapeAllHtmlCharacters, testGsonAcceptsEscapedAndNonEscapedJsonDeserialization, testEscapingObjectFields]
com.google.gson.functional.UncategorizedTest:[testGsonInstanceReusableForSerializationAndDeserialization, testStaticFieldsAreNotSerialized, testReturningDerivedClassesDuringDeserialization, testObjectEqualButNotSameSerialization]
com.google.gson.DefaultInetAddressTypeAdapterTest:[testInetAddressSerializationAndDeserialization]
com.google.gson.CommentsTest:[testParseComments]
com.google.gson.functional.CustomSerializerTest:[testSerializerReturnsNull, testSubClassSerializerInvokedForBaseClassFieldsHoldingSubClassInstances, testBaseClassSerializerInvokedForBaseClassFieldsHoldingSubClassInstances, testBaseClassSerializerInvokedForBaseClassFields, testSubClassSerializerInvokedForBaseClassFieldsHoldingArrayOfSubClassInstances]
com.google.gson.functional.InheritanceTest:[testBaseSerializedAsBaseWhenSpecifiedWithExplicitType, testBaseSerializedAsSubWhenSpecifiedWithExplicitTypeForToJsonMethod, testBaseSerializedAsBaseWhenSpecifiedWithExplicitTypeForToJsonMethod, testBaseSerializedAsSubForToJsonMethod, testBaseSerializedAsSubWhenSpecifiedWithExplicitType, testBaseSerializedAsSub]
com.google.gson.functional.PrettyPrintingTest:[testEmptyMapField, testPrettyPrintArrayOfObjects, testPrettyPrintList, testMap]
com.google.gson.functional.InstanceCreatorTest:[testInstanceCreatorReturnsBaseType, testInstanceCreatorReturnsSubTypeForField, testInstanceCreatorReturnsSubTypeForTopLevelObject]
com.google.gson.functional.JsonTreeTest:[testToJsonTreeObjectType, testToJsonTree]
com.google.gson.functional.ObjectTest:[testSingletonLists, testBagOfPrimitivesSerialization, testNullFieldsSerialization, testStringFieldWithEmptyValueSerialization, testClassWithObjectFieldSerialization, testArrayOfArraysSerialization, testInnerClassDeserialization, testClassWithTransientFieldsSerialization, testClassWithNoFieldsSerialization, testEmptyCollectionInAnObjectSerialization, testPrimitiveArrayFieldSerialization, testArrayOfObjectsAsFields, testJsonObjectSerialization, testArrayOfObjectsSerialization, testNestedSerialization]
com.google.gson.functional.SecurityTest:[testJsonWithNonExectuableTokenWithRegularGsonDeserialization, testNonExecutableJsonDeserialization, testNonExecutableJsonSerialization, testJsonWithNonExectuableTokenWithConfiguredGsonDeserialization, testJsonWithNonExectuableTokenSerialization]
com.google.gson.functional.VersioningTest:[testVersionedClassesSerialization, testVersionedClassesDeserialization, testIgnoreLaterVersionClassSerialization, testVersionedGsonMixingSinceAndUntilDeserialization, testVersionedUntilSerialization, testVersionedGsonMixingSinceAndUntilSerialization, testVersionedUntilDeserialization, testIgnoreLaterVersionClassDeserialization, testVersionedGsonWithUnversionedClassesDeserialization, testVersionedGsonWithUnversionedClassesSerialization]
com.google.gson.internal.bind.MiniGsonTest:[testSerializeWithCustomTypeAdapter, testSerializeRecursive, testDeserializeWithCustomTypeAdapter, testDeserializeNullField, testDeserializeNullObject, testDeserialize]
com.google.gson.functional.ConcurrencyTest:[testSingleThreadSerialization, testMultiThreadSerialization]
com.google.gson.functional.FieldExclusionTest:[testDefaultInnerClassExclusion, testDefaultNestedStaticClassIncluded, testInnerClassExclusion]
com.google.gson.JsonParserTest:[testReadWriteTwoObjects]
com.google.gson.functional.PrintFormattingTest:[testJsonObjectWithNullValuesSerialized, testCompactFormattingLeavesNoWhiteSpace]
com.google.gson.GsonTypeAdapterTest:[testTypeAdapterThrowsException, testTypeAdapterProperlyConvertsTypes]
com.google.gson.functional.SystemOnlyTypeAdaptersTest:[testSerializeDefault]
com.google.gson.FunctionWithInternalDependenciesTest:[testAnonymousLocalClassesSerialization]
com.google.gson.MixedStreamTest:[testWriteLenient, testWriteDoesNotMutateState, testReaderDoesNotMutateState, testReadMixedStreamed, testReadClosed, testWriteClosed, testWriteMixedStreamed, testWriteHtmlSafe, testWriteNulls, testReadNulls, testWriteInvalidState, testReadInvalidState]
com.google.gson.functional.CustomTypeAdaptersTest:[testCustomTypeAdapterDoesNotAppliesToSubClasses, testCustomTypeAdapterAppliesToSubClassesSerializedAsBaseClass, testCustomAdapterInvokedForCollectionElementDeserialization, testCustomAdapterInvokedForMapElementSerializationWithType, testCustomDeserializers, testCustomNestedDeserializers, testEnsureCustomSerializerNotInvokedForNullValues, testEnsureCustomDeserializerNotInvokedForNullValues, testCustomAdapterInvokedForCollectionElementSerializationWithType, testCustomAdapterInvokedForMapElementSerialization, testCustomSerializers, testCustomSerializerForLong, testCustomNestedSerializers, testCustomByteArraySerializer, testCustomAdapterInvokedForMapElementDeserialization, testCustomAdapterInvokedForCollectionElementSerialization, testCustomByteArrayDeserializerAndInstanceCreator, testCustomDeserializerForLong]
com.google.gson.functional.NamingPolicyTest:[testGsonWithNonDefaultFieldNamingPolicyDeserialiation, testGsonWithLowerCaseUnderscorePolicySerialization, testGsonWithLowerCaseDashPolicyDeserialiation, testComplexFieldNameStrategy, testGsonWithUpperCamelCaseSpacesPolicySerialiation, testGsonWithSerializedNameFieldNamingPolicySerialization, testGsonWithNonDefaultFieldNamingPolicySerialization, testGsonWithLowerCaseDashPolicySerialization, testGsonDuplicateNameUsingSerializedNameFieldNamingPolicySerialization, testGsonWithLowerCaseUnderscorePolicyDeserialiation, testDeprecatedNamingStrategy, testGsonWithSerializedNameFieldNamingPolicyDeserialization, testGsonWithUpperCamelCaseSpacesPolicyDeserialiation]
com.google.gson.DefaultMapJsonSerializerTest:[testNonEmptyMapSerialization]
com.google.gson.functional.TypeVariableTest:[testBasicTypeVariables, testAdvancedTypeVariables, testTypeVariablesViaTypeParameter]
com.google.gson.functional.ReadersWritersTest:[testTopLevelNullObjectDeserializationWithReaderAndSerializeNulls, testTopLevelNullObjectSerializationWithWriterAndSerializeNulls, testReadWriteTwoStrings, testWriterForSerialization, testReadWriteTwoObjects]
com.google.gson.functional.EnumTest:[testEnumSubclassAsParameterizedType, testEnumSubclassWithRegisteredTypeAdapter, testCollectionOfEnumsSerialization, testClassWithEnumFieldSerialization]
com.google.gson.functional.TypeHierarchyAdapterTest:[testRegisterSuperTypeFirst, testTypeHierarchy]
com.google.gson.functional.CustomDeserializerTest:[testCustomDeserializerReturnsNullForTopLevelPrimitives, testCustomDeserializerReturnsNullForArrayElements, testJsonTypeFieldBasedDeserialization, testCustomDeserializerReturnsNullForTopLevelObject, testDefaultConstructorNotCalledOnObject, testDefaultConstructorNotCalledOnField, testCustomDeserializerReturnsNull, testCustomDeserializerReturnsNullForPrimitiveFields, testCustomDeserializerReturnsNullForArrayElementsForArrayField]
com.google.gson.functional.ExclusionStrategyFunctionalTest:[testExclusionStrategyWithMode, testExclusionStrategySerialization, testExclusionStrategyDeserialization]
com.google.gson.JsonObjectTest:[testPropertyWithQuotes, testWritePropertyWithEmptyStringName]
com.google.gson.GsonBuilderTest:[testCreatingMoreThanOnce]
com.google.gson.functional.ArrayTest:[testMixingTypesInObjectArraySerialization, testNullsInArrayWithSerializeNullPropertySetSerialization, testArrayOfPrimitivesWithCustomTypeAdapter, testObjectArrayWithNonPrimitivesSerialization, testMultiDimenstionalObjectArraysSerialization, testSingleNullInArraySerialization, testArrayOfPrimitivesAsObjectsSerialization, testArrayOfNullSerialization]
com.google.gson.functional.CircularReferenceTest:[testSelfReferenceArrayFieldSerialization, testCircularSerialization, testSelfReferenceSerialization, testDirectedAcyclicGraphSerialization, testSelfReferenceCustomHandlerSerialization]
com.google.gson.functional.MapTest:[testInterfaceTypeMap, testMapSubclassSerialization, testWriteMapsWithEmptyStringKey, testMapSerializationWithNullValueButSerializeNulls, testInterfaceTypeMapWithSerializer, testGeneralMapField, testMapSerializationWithNullValuesSerialized, testRawMapSerialization, testMapOfMapSerialization, testMapSubclassDeserialization, testMapSerializationWithNullValues, testCustomSerializerForSpecificMapType, testMapWithQuotes, testParameterizedMapSubclassSerialization, testSerializeMaps]
com.google.gson.functional.MapAsArrayTypeAdapterTest:[testTwoTypesCollapseToOneSerialize, testTwoTypesCollapseToOneDeserialize, testMultipleEnableComplexKeyRegistrationHasNoEffect, testMapWithTypeVariableDeserialization, testSerializeComplexMapWithTypeAdapter, testMapWithTypeVariableSerialization]
com.google.gson.functional.PrimitiveTest:[testLongAsStringSerialization, testNegativeInfinityFloatSerialization, testDoubleInfinitySerialization, testMoreSpecificSerialization, testOverridingDefaultPrimitiveSerialization, testNegativeInfinitySerialization, testLongAsStringDeserialization, testFloatInfinitySerialization, testDoubleNaNSerialization, testFloatNaNSerialization]
com.google.gson.functional.DefaultTypeAdaptersTest:[testDefaultCalendarSerialization, testDefaultDateSerialization, testTimestampSerialization, testStringBufferSerialization, testDefaultGregorianCalendarDeserialization, testDefaultDateSerializationUsingBuilder, testDefaultGregorianCalendarSerialization, testDefaultCalendarDeserialization, testDateSerializationInCollection, testSetSerialization, testDefaultDateDeserializationUsingBuilder, testTreeSetSerialization, testBitSetDeserialization, testDateSerializationWithPattern, testUrlNullSerialization, testSqlDateSerialization, testStringBuilderSerialization, testBitSetSerialization, testDateSerializationWithPatternNotOverridenByTypeAdapter, testPropertiesSerialization, testDateDeserializationWithPattern, testUriSerialization]
[INFO] Instrument version before commit...
[INFO] Run on /tmp/v1/gson
[INFO] Running in NOCLASSPATH mode (doc: http://spoon.gforge.inria.fr/launcher.html).
[INFO] fr.davidson.diff.jjoules.process.junit4.JJoulesProcessor
Processing com.google.gson.functional.ArrayTest#testSingleNullInArraySerialization
Processing com.google.gson.functional.ArrayTest#testNullsInArrayWithSerializeNullPropertySetSerialization
Processing com.google.gson.functional.ArrayTest#testArrayOfPrimitivesWithCustomTypeAdapter
Processing com.google.gson.functional.ArrayTest#testArrayOfPrimitivesAsObjectsSerialization
Processing com.google.gson.functional.ArrayTest#testObjectArrayWithNonPrimitivesSerialization
Processing com.google.gson.functional.ArrayTest#testArrayOfNullSerialization
Processing com.google.gson.functional.ArrayTest#testMultiDimenstionalObjectArraysSerialization
Processing com.google.gson.functional.ArrayTest#testMixingTypesInObjectArraySerialization
Processing com.google.gson.functional.CircularReferenceTest#testCircularSerialization
Processing com.google.gson.functional.CircularReferenceTest#testSelfReferenceSerialization
Processing com.google.gson.functional.CircularReferenceTest#testSelfReferenceArrayFieldSerialization
Processing com.google.gson.functional.CircularReferenceTest#testSelfReferenceCustomHandlerSerialization
Processing com.google.gson.functional.CircularReferenceTest#testDirectedAcyclicGraphSerialization
Processing com.google.gson.functional.CollectionTest#testLinkedListSerialization
Processing com.google.gson.functional.CollectionTest#testCollectionOfObjectSerialization
Processing com.google.gson.functional.CollectionTest#testCollectionOfObjectWithNullSerialization
Processing com.google.gson.functional.CollectionTest#testCollectionOfStringsSerialization
Processing com.google.gson.functional.CollectionTest#testCollectionOfBagOfPrimitivesSerialization
Processing com.google.gson.functional.CollectionTest#testFieldIsArrayList
Processing com.google.gson.functional.CollectionTest#testSetSerialization
Processing com.google.gson.functional.ConcurrencyTest#testSingleThreadSerialization
Processing com.google.gson.functional.ConcurrencyTest#testMultiThreadSerialization
Processing com.google.gson.functional.CustomDeserializerTest#testDefaultConstructorNotCalledOnObject
Processing com.google.gson.functional.CustomDeserializerTest#testDefaultConstructorNotCalledOnField
Processing com.google.gson.functional.CustomDeserializerTest#testJsonTypeFieldBasedDeserialization
Processing com.google.gson.functional.CustomDeserializerTest#testCustomDeserializerReturnsNullForTopLevelObject
Processing com.google.gson.functional.CustomDeserializerTest#testCustomDeserializerReturnsNull
Processing com.google.gson.functional.CustomDeserializerTest#testCustomDeserializerReturnsNullForTopLevelPrimitives
Processing com.google.gson.functional.CustomDeserializerTest#testCustomDeserializerReturnsNullForPrimitiveFields
Processing com.google.gson.functional.CustomDeserializerTest#testCustomDeserializerReturnsNullForArrayElements
Processing com.google.gson.functional.CustomDeserializerTest#testCustomDeserializerReturnsNullForArrayElementsForArrayField
Processing com.google.gson.functional.CustomSerializerTest#testBaseClassSerializerInvokedForBaseClassFields
Processing com.google.gson.functional.CustomSerializerTest#testSubClassSerializerInvokedForBaseClassFieldsHoldingSubClassInstances
Processing com.google.gson.functional.CustomSerializerTest#testSubClassSerializerInvokedForBaseClassFieldsHoldingArrayOfSubClassInstances
Processing com.google.gson.functional.CustomSerializerTest#testBaseClassSerializerInvokedForBaseClassFieldsHoldingSubClassInstances
Processing com.google.gson.functional.CustomSerializerTest#testSerializerReturnsNull
Processing com.google.gson.functional.CustomTypeAdaptersTest#testCustomSerializers
Processing com.google.gson.functional.CustomTypeAdaptersTest#testCustomDeserializers
Processing com.google.gson.functional.CustomTypeAdaptersTest#testCustomNestedSerializers
Processing com.google.gson.functional.CustomTypeAdaptersTest#testCustomNestedDeserializers
Processing com.google.gson.functional.CustomTypeAdaptersTest#testCustomTypeAdapterDoesNotAppliesToSubClasses
Processing com.google.gson.functional.CustomTypeAdaptersTest#testCustomTypeAdapterAppliesToSubClassesSerializedAsBaseClass
Processing com.google.gson.functional.CustomTypeAdaptersTest#testCustomSerializerForLong
Processing com.google.gson.functional.CustomTypeAdaptersTest#testCustomDeserializerForLong
Processing com.google.gson.functional.CustomTypeAdaptersTest#testCustomByteArraySerializer
Processing com.google.gson.functional.CustomTypeAdaptersTest#testCustomByteArrayDeserializerAndInstanceCreator
Processing com.google.gson.functional.CustomTypeAdaptersTest#testCustomAdapterInvokedForCollectionElementSerializationWithType
Processing com.google.gson.functional.CustomTypeAdaptersTest#testCustomAdapterInvokedForCollectionElementSerialization
Processing com.google.gson.functional.CustomTypeAdaptersTest#testCustomAdapterInvokedForCollectionElementDeserialization
Processing com.google.gson.functional.CustomTypeAdaptersTest#testCustomAdapterInvokedForMapElementSerializationWithType
Processing com.google.gson.functional.CustomTypeAdaptersTest#testCustomAdapterInvokedForMapElementSerialization
Processing com.google.gson.functional.CustomTypeAdaptersTest#testCustomAdapterInvokedForMapElementDeserialization
Processing com.google.gson.functional.CustomTypeAdaptersTest#testEnsureCustomSerializerNotInvokedForNullValues
Processing com.google.gson.functional.CustomTypeAdaptersTest#testEnsureCustomDeserializerNotInvokedForNullValues
Processing com.google.gson.functional.DefaultTypeAdaptersTest#testUrlNullSerialization
Processing com.google.gson.functional.DefaultTypeAdaptersTest#testUriSerialization
Processing com.google.gson.functional.DefaultTypeAdaptersTest#testSetSerialization
Processing com.google.gson.functional.DefaultTypeAdaptersTest#testBitSetSerialization
Processing com.google.gson.functional.DefaultTypeAdaptersTest#testBitSetDeserialization
Processing com.google.gson.functional.DefaultTypeAdaptersTest#testDefaultDateSerialization
Processing com.google.gson.functional.DefaultTypeAdaptersTest#testDefaultDateSerializationUsingBuilder
Processing com.google.gson.functional.DefaultTypeAdaptersTest#testDefaultDateDeserializationUsingBuilder
Processing com.google.gson.functional.DefaultTypeAdaptersTest#testDefaultCalendarSerialization
Processing com.google.gson.functional.DefaultTypeAdaptersTest#testDefaultCalendarDeserialization
Processing com.google.gson.functional.DefaultTypeAdaptersTest#testDefaultGregorianCalendarSerialization
Processing com.google.gson.functional.DefaultTypeAdaptersTest#testDefaultGregorianCalendarDeserialization
Processing com.google.gson.functional.DefaultTypeAdaptersTest#testDateSerializationWithPattern
Processing com.google.gson.functional.DefaultTypeAdaptersTest#testDateDeserializationWithPattern
Processing com.google.gson.functional.DefaultTypeAdaptersTest#testDateSerializationWithPatternNotOverridenByTypeAdapter
Processing com.google.gson.functional.DefaultTypeAdaptersTest#testDateSerializationInCollection
Processing com.google.gson.functional.DefaultTypeAdaptersTest#testTimestampSerialization
Processing com.google.gson.functional.DefaultTypeAdaptersTest#testSqlDateSerialization
Processing com.google.gson.functional.DefaultTypeAdaptersTest#testPropertiesSerialization
Processing com.google.gson.functional.DefaultTypeAdaptersTest#testTreeSetSerialization
Processing com.google.gson.functional.DefaultTypeAdaptersTest#testStringBuilderSerialization
Processing com.google.gson.functional.DefaultTypeAdaptersTest#testStringBufferSerialization
Processing com.google.gson.functional.EnumTest#testCollectionOfEnumsSerialization
Processing com.google.gson.functional.EnumTest#testClassWithEnumFieldSerialization
Processing com.google.gson.functional.EnumTest#testEnumSubclassWithRegisteredTypeAdapter
Processing com.google.gson.functional.EnumTest#testEnumSubclassAsParameterizedType
Processing com.google.gson.functional.EscapingTest#testEscapeAllHtmlCharacters
Processing com.google.gson.functional.EscapingTest#testEscapingObjectFields
Processing com.google.gson.functional.EscapingTest#testGsonAcceptsEscapedAndNonEscapedJsonDeserialization
Processing com.google.gson.functional.EscapingTest#testGsonDoubleDeserialization
Processing com.google.gson.functional.ExclusionStrategyFunctionalTest#testExclusionStrategySerialization
Processing com.google.gson.functional.ExclusionStrategyFunctionalTest#testExclusionStrategyDeserialization
Processing com.google.gson.functional.ExclusionStrategyFunctionalTest#testExclusionStrategyWithMode
Processing com.google.gson.functional.ExposeFieldsTest#testNoExposedFieldSerialization
Processing com.google.gson.functional.FieldExclusionTest#testDefaultInnerClassExclusion
Processing com.google.gson.functional.FieldExclusionTest#testInnerClassExclusion
Processing com.google.gson.functional.FieldExclusionTest#testDefaultNestedStaticClassIncluded
Processing com.google.gson.functional.InheritanceTest#testBaseSerializedAsSub
Processing com.google.gson.functional.InheritanceTest#testBaseSerializedAsSubForToJsonMethod
Processing com.google.gson.functional.InheritanceTest#testBaseSerializedAsBaseWhenSpecifiedWithExplicitType
Processing com.google.gson.functional.InheritanceTest#testBaseSerializedAsBaseWhenSpecifiedWithExplicitTypeForToJsonMethod
Processing com.google.gson.functional.InheritanceTest#testBaseSerializedAsSubWhenSpecifiedWithExplicitType
Processing com.google.gson.functional.InheritanceTest#testBaseSerializedAsSubWhenSpecifiedWithExplicitTypeForToJsonMethod
Processing com.google.gson.functional.InstanceCreatorTest#testInstanceCreatorReturnsBaseType
Processing com.google.gson.functional.InstanceCreatorTest#testInstanceCreatorReturnsSubTypeForTopLevelObject
Processing com.google.gson.functional.InstanceCreatorTest#testInstanceCreatorReturnsSubTypeForField
Processing com.google.gson.functional.JsonTreeTest#testToJsonTree
Processing com.google.gson.functional.JsonTreeTest#testToJsonTreeObjectType
Processing com.google.gson.functional.MapAsArrayTypeAdapterTest#testSerializeComplexMapWithTypeAdapter
Processing com.google.gson.functional.MapAsArrayTypeAdapterTest#testTwoTypesCollapseToOneSerialize
Processing com.google.gson.functional.MapAsArrayTypeAdapterTest#testTwoTypesCollapseToOneDeserialize
Processing com.google.gson.functional.MapAsArrayTypeAdapterTest#testMultipleEnableComplexKeyRegistrationHasNoEffect
Processing com.google.gson.functional.MapAsArrayTypeAdapterTest#testMapWithTypeVariableSerialization
Processing com.google.gson.functional.MapAsArrayTypeAdapterTest#testMapWithTypeVariableDeserialization
Processing com.google.gson.functional.MapTest#testRawMapSerialization
Processing com.google.gson.functional.MapTest#testMapSerializationWithNullValueButSerializeNulls
Processing com.google.gson.functional.MapTest#testParameterizedMapSubclassSerialization
Processing com.google.gson.functional.MapTest#testMapSubclassSerialization
Processing com.google.gson.functional.MapTest#testMapSubclassDeserialization
Processing com.google.gson.functional.MapTest#testCustomSerializerForSpecificMapType
Processing com.google.gson.functional.MapTest#testMapSerializationWithNullValues
Processing com.google.gson.functional.MapTest#testMapSerializationWithNullValuesSerialized
Processing com.google.gson.functional.MapTest#testMapOfMapSerialization
Processing com.google.gson.functional.MapTest#testMapWithQuotes
Processing com.google.gson.functional.MapTest#testWriteMapsWithEmptyStringKey
Processing com.google.gson.functional.MapTest#testSerializeMaps
Processing com.google.gson.functional.MapTest#testInterfaceTypeMap
Processing com.google.gson.functional.MapTest#testInterfaceTypeMapWithSerializer
Processing com.google.gson.functional.MapTest#testGeneralMapField
Processing com.google.gson.functional.NamingPolicyTest#testGsonWithNonDefaultFieldNamingPolicySerialization
Processing com.google.gson.functional.NamingPolicyTest#testGsonWithNonDefaultFieldNamingPolicyDeserialiation
Processing com.google.gson.functional.NamingPolicyTest#testGsonWithLowerCaseDashPolicySerialization
Processing com.google.gson.functional.NamingPolicyTest#testGsonWithLowerCaseDashPolicyDeserialiation
Processing com.google.gson.functional.NamingPolicyTest#testGsonWithLowerCaseUnderscorePolicySerialization
Processing com.google.gson.functional.NamingPolicyTest#testGsonWithLowerCaseUnderscorePolicyDeserialiation
Processing com.google.gson.functional.NamingPolicyTest#testGsonWithSerializedNameFieldNamingPolicySerialization
Processing com.google.gson.functional.NamingPolicyTest#testGsonWithSerializedNameFieldNamingPolicyDeserialization
Processing com.google.gson.functional.NamingPolicyTest#testGsonDuplicateNameUsingSerializedNameFieldNamingPolicySerialization
Processing com.google.gson.functional.NamingPolicyTest#testGsonWithUpperCamelCaseSpacesPolicySerialiation
Processing com.google.gson.functional.NamingPolicyTest#testGsonWithUpperCamelCaseSpacesPolicyDeserialiation
Processing com.google.gson.functional.NamingPolicyTest#testDeprecatedNamingStrategy
Processing com.google.gson.functional.NamingPolicyTest#testComplexFieldNameStrategy
Processing com.google.gson.functional.NullObjectAndFieldTest#testTopLevelNullObjectSerialization
Processing com.google.gson.functional.NullObjectAndFieldTest#testTopLevelNullObjectDeserialization
Processing com.google.gson.functional.NullObjectAndFieldTest#testExplicitSerializationOfNulls
Processing com.google.gson.functional.NullObjectAndFieldTest#testExplicitDeserializationOfNulls
Processing com.google.gson.functional.NullObjectAndFieldTest#testExplicitSerializationOfNullArrayMembers
Processing com.google.gson.functional.NullObjectAndFieldTest#testNullWrappedPrimitiveMemberSerialization
Processing com.google.gson.functional.NullObjectAndFieldTest#testNullWrappedPrimitiveMemberDeserialization
Processing com.google.gson.functional.NullObjectAndFieldTest#testExplicitSerializationOfNullCollectionMembers
Processing com.google.gson.functional.NullObjectAndFieldTest#testExplicitSerializationOfNullStringMembers
Processing com.google.gson.functional.NullObjectAndFieldTest#testCustomSerializationOfNulls
Processing com.google.gson.functional.NullObjectAndFieldTest#testPrintPrintingObjectWithNulls
Processing com.google.gson.functional.NullObjectAndFieldTest#testPrintPrintingArraysWithNulls
Processing com.google.gson.functional.NullObjectAndFieldTest#testExplicitNullSetsFieldToNullDuringDeserialization
Processing com.google.gson.functional.NullObjectAndFieldTest#testCustomTypeAdapterPassesNullSerialization
Processing com.google.gson.functional.NullObjectAndFieldTest#testCustomTypeAdapterPassesNullDesrialization
Processing com.google.gson.functional.ObjectTest#testBagOfPrimitivesSerialization
Processing com.google.gson.functional.ObjectTest#testClassWithTransientFieldsSerialization
Processing com.google.gson.functional.ObjectTest#testClassWithNoFieldsSerialization
Processing com.google.gson.functional.ObjectTest#testNestedSerialization
Processing com.google.gson.functional.ObjectTest#testNullFieldsSerialization
Processing com.google.gson.functional.ObjectTest#testArrayOfObjectsSerialization
Processing com.google.gson.functional.ObjectTest#testArrayOfArraysSerialization
Processing com.google.gson.functional.ObjectTest#testArrayOfObjectsAsFields
Processing com.google.gson.functional.ObjectTest#testEmptyCollectionInAnObjectSerialization
Processing com.google.gson.functional.ObjectTest#testPrimitiveArrayFieldSerialization
Processing com.google.gson.functional.ObjectTest#testClassWithObjectFieldSerialization
Processing com.google.gson.functional.ObjectTest#testInnerClassDeserialization
Processing com.google.gson.functional.ObjectTest#testStringFieldWithEmptyValueSerialization
Processing com.google.gson.functional.ObjectTest#testJsonObjectSerialization
Processing com.google.gson.functional.ObjectTest#testSingletonLists
Processing com.google.gson.functional.ParameterizedTypesTest#testParameterizedTypeDeserialization
Processing com.google.gson.functional.ParameterizedTypesTest#testTypesWithMultipleParametersSerialization
Processing com.google.gson.functional.ParameterizedTypesTest#testParameterizedTypeWithCustomSerializer
Processing com.google.gson.functional.ParameterizedTypesTest#testParameterizedTypesWithCustomDeserializer
Processing com.google.gson.functional.ParameterizedTypesTest#testParameterizedTypeWithReaderDeserialization
Processing com.google.gson.functional.ParameterizedTypesTest#testVariableTypeFieldsAndGenericArraysSerialization
Processing com.google.gson.functional.ParameterizedTypesTest#testVariableTypeFieldsAndGenericArraysDeserialization
Processing com.google.gson.functional.ParameterizedTypesTest#testVariableTypeDeserialization
Processing com.google.gson.functional.ParameterizedTypesTest#testVariableTypeArrayDeserialization
Processing com.google.gson.functional.ParameterizedTypesTest#testParameterizedTypeWithVariableTypeDeserialization
Processing com.google.gson.functional.ParameterizedTypesTest#testParameterizedTypeGenericArraysSerialization
Processing com.google.gson.functional.ParameterizedTypesTest#testParameterizedTypeGenericArraysDeserialization
Processing com.google.gson.functional.ParameterizedTypesTest#testDeepParameterizedTypeSerialization
Processing com.google.gson.functional.PrettyPrintingTest#testPrettyPrintList
Processing com.google.gson.functional.PrettyPrintingTest#testPrettyPrintArrayOfObjects
Processing com.google.gson.functional.PrettyPrintingTest#testMap
Processing com.google.gson.functional.PrettyPrintingTest#testEmptyMapField
Processing com.google.gson.functional.PrimitiveTest#testMoreSpecificSerialization
Processing com.google.gson.functional.PrimitiveTest#testOverridingDefaultPrimitiveSerialization
Processing com.google.gson.functional.PrimitiveTest#testDoubleNaNSerialization
Processing com.google.gson.functional.PrimitiveTest#testFloatNaNSerialization
Processing com.google.gson.functional.PrimitiveTest#testDoubleInfinitySerialization
Processing com.google.gson.functional.PrimitiveTest#testFloatInfinitySerialization
Processing com.google.gson.functional.PrimitiveTest#testNegativeInfinitySerialization
Processing com.google.gson.functional.PrimitiveTest#testNegativeInfinityFloatSerialization
Processing com.google.gson.functional.PrimitiveTest#testLongAsStringSerialization
Processing com.google.gson.functional.PrimitiveTest#testLongAsStringDeserialization
Processing com.google.gson.functional.PrintFormattingTest#testCompactFormattingLeavesNoWhiteSpace
Processing com.google.gson.functional.PrintFormattingTest#testJsonObjectWithNullValuesSerialized
Processing com.google.gson.functional.ReadersWritersTest#testWriterForSerialization
Processing com.google.gson.functional.ReadersWritersTest#testTopLevelNullObjectSerializationWithWriterAndSerializeNulls
Processing com.google.gson.functional.ReadersWritersTest#testTopLevelNullObjectDeserializationWithReaderAndSerializeNulls
Processing com.google.gson.functional.ReadersWritersTest#testReadWriteTwoStrings
Processing com.google.gson.functional.ReadersWritersTest#testReadWriteTwoObjects
Processing com.google.gson.functional.SecurityTest#testNonExecutableJsonSerialization
Processing com.google.gson.functional.SecurityTest#testNonExecutableJsonDeserialization
Processing com.google.gson.functional.SecurityTest#testJsonWithNonExectuableTokenSerialization
Processing com.google.gson.functional.SecurityTest#testJsonWithNonExectuableTokenWithRegularGsonDeserialization
Processing com.google.gson.functional.SecurityTest#testJsonWithNonExectuableTokenWithConfiguredGsonDeserialization
Processing com.google.gson.functional.SystemOnlyTypeAdaptersTest#testSerializeDefault
Processing com.google.gson.functional.TypeHierarchyAdapterTest#testTypeHierarchy
Processing com.google.gson.functional.TypeHierarchyAdapterTest#testRegisterSuperTypeFirst
Processing com.google.gson.functional.TypeVariableTest#testAdvancedTypeVariables
Processing com.google.gson.functional.TypeVariableTest#testTypeVariablesViaTypeParameter
Processing com.google.gson.functional.TypeVariableTest#testBasicTypeVariables
Processing com.google.gson.functional.UncategorizedTest#testObjectEqualButNotSameSerialization
Processing com.google.gson.functional.UncategorizedTest#testStaticFieldsAreNotSerialized
Processing com.google.gson.functional.UncategorizedTest#testGsonInstanceReusableForSerializationAndDeserialization
Processing com.google.gson.functional.UncategorizedTest#testReturningDerivedClassesDuringDeserialization
Processing com.google.gson.functional.VersioningTest#testVersionedUntilSerialization
Processing com.google.gson.functional.VersioningTest#testVersionedUntilDeserialization
Processing com.google.gson.functional.VersioningTest#testVersionedClassesSerialization
Processing com.google.gson.functional.VersioningTest#testVersionedClassesDeserialization
Processing com.google.gson.functional.VersioningTest#testIgnoreLaterVersionClassSerialization
Processing com.google.gson.functional.VersioningTest#testIgnoreLaterVersionClassDeserialization
Processing com.google.gson.functional.VersioningTest#testVersionedGsonWithUnversionedClassesSerialization
Processing com.google.gson.functional.VersioningTest#testVersionedGsonWithUnversionedClassesDeserialization
Processing com.google.gson.functional.VersioningTest#testVersionedGsonMixingSinceAndUntilSerialization
Processing com.google.gson.functional.VersioningTest#testVersionedGsonMixingSinceAndUntilDeserialization
Processing com.google.gson.internal.bind.MiniGsonTest#testDeserialize
Processing com.google.gson.internal.bind.MiniGsonTest#testDeserializeNullField
Processing com.google.gson.internal.bind.MiniGsonTest#testDeserializeNullObject
Processing com.google.gson.internal.bind.MiniGsonTest#testSerializeWithCustomTypeAdapter
Processing com.google.gson.internal.bind.MiniGsonTest#testDeserializeWithCustomTypeAdapter
Processing com.google.gson.internal.bind.MiniGsonTest#testSerializeRecursive
Processing com.google.gson.CommentsTest#testParseComments
Processing com.google.gson.DefaultInetAddressTypeAdapterTest#testInetAddressSerializationAndDeserialization
Processing com.google.gson.DefaultMapJsonSerializerTest#testNonEmptyMapSerialization
Processing com.google.gson.FunctionWithInternalDependenciesTest#testAnonymousLocalClassesSerialization
Processing com.google.gson.GsonBuilderTest#testCreatingMoreThanOnce
Processing com.google.gson.GsonTypeAdapterTest#testTypeAdapterThrowsException
Processing com.google.gson.GsonTypeAdapterTest#testTypeAdapterProperlyConvertsTypes
Processing com.google.gson.JsonObjectTest#testPropertyWithQuotes
Processing com.google.gson.JsonObjectTest#testWritePropertyWithEmptyStringName
Processing com.google.gson.JsonParserTest#testReadWriteTwoObjects
Processing com.google.gson.MixedStreamTest#testWriteMixedStreamed
Processing com.google.gson.MixedStreamTest#testReadMixedStreamed
Processing com.google.gson.MixedStreamTest#testReaderDoesNotMutateState
Processing com.google.gson.MixedStreamTest#testWriteDoesNotMutateState
Processing com.google.gson.MixedStreamTest#testReadInvalidState
Processing com.google.gson.MixedStreamTest#testReadClosed
Processing com.google.gson.MixedStreamTest#testWriteInvalidState
Processing com.google.gson.MixedStreamTest#testWriteClosed
Processing com.google.gson.MixedStreamTest#testWriteNulls
Processing com.google.gson.MixedStreamTest#testReadNulls
Processing com.google.gson.MixedStreamTest#testWriteHtmlSafe
Processing com.google.gson.MixedStreamTest#testWriteLenient
[INFO] Printing com.google.gson.functional.CustomSerializerTest to /tmp/v1/gson/src/test/java//com/google/gson/functional/CustomSerializerTest.java
[INFO] Printing com.google.gson.functional.PrimitiveTest to /tmp/v1/gson/src/test/java//com/google/gson/functional/PrimitiveTest.java
[INFO] Printing com.google.gson.functional.ReadersWritersTest to /tmp/v1/gson/src/test/java//com/google/gson/functional/ReadersWritersTest.java
[INFO] Printing com.google.gson.functional.InstanceCreatorTest to /tmp/v1/gson/src/test/java//com/google/gson/functional/InstanceCreatorTest.java
[INFO] Printing com.google.gson.functional.CustomTypeAdaptersTest to /tmp/v1/gson/src/test/java//com/google/gson/functional/CustomTypeAdaptersTest.java
[INFO] Printing com.google.gson.functional.PrintFormattingTest to /tmp/v1/gson/src/test/java//com/google/gson/functional/PrintFormattingTest.java
[INFO] Printing com.google.gson.CommentsTest to /tmp/v1/gson/src/test/java//com/google/gson/CommentsTest.java
[INFO] Printing com.google.gson.FunctionWithInternalDependenciesTest to /tmp/v1/gson/src/test/java//com/google/gson/FunctionWithInternalDependenciesTest.java
[INFO] Printing com.google.gson.MixedStreamTest to /tmp/v1/gson/src/test/java//com/google/gson/MixedStreamTest.java
[INFO] Printing com.google.gson.functional.FieldExclusionTest to /tmp/v1/gson/src/test/java//com/google/gson/functional/FieldExclusionTest.java
[INFO] Printing com.google.gson.functional.CustomDeserializerTest to /tmp/v1/gson/src/test/java//com/google/gson/functional/CustomDeserializerTest.java
[INFO] Printing com.google.gson.internal.bind.MiniGsonTest to /tmp/v1/gson/src/test/java//com/google/gson/internal/bind/MiniGsonTest.java
[INFO] Printing com.google.gson.functional.NamingPolicyTest to /tmp/v1/gson/src/test/java//com/google/gson/functional/NamingPolicyTest.java
[INFO] Printing com.google.gson.GsonBuilderTest to /tmp/v1/gson/src/test/java//com/google/gson/GsonBuilderTest.java
[INFO] Printing com.google.gson.functional.InheritanceTest to /tmp/v1/gson/src/test/java//com/google/gson/functional/InheritanceTest.java
[INFO] Printing com.google.gson.functional.VersioningTest to /tmp/v1/gson/src/test/java//com/google/gson/functional/VersioningTest.java
[INFO] Printing com.google.gson.GsonTypeAdapterTest to /tmp/v1/gson/src/test/java//com/google/gson/GsonTypeAdapterTest.java
[INFO] Printing com.google.gson.functional.NullObjectAndFieldTest to /tmp/v1/gson/src/test/java//com/google/gson/functional/NullObjectAndFieldTest.java
[INFO] Printing com.google.gson.functional.UncategorizedTest to /tmp/v1/gson/src/test/java//com/google/gson/functional/UncategorizedTest.java
[INFO] Printing com.google.gson.functional.TypeHierarchyAdapterTest to /tmp/v1/gson/src/test/java//com/google/gson/functional/TypeHierarchyAdapterTest.java
[INFO] Printing com.google.gson.functional.ParameterizedTypesTest to /tmp/v1/gson/src/test/java//com/google/gson/functional/ParameterizedTypesTest.java
[INFO] Printing com.google.gson.functional.SecurityTest to /tmp/v1/gson/src/test/java//com/google/gson/functional/SecurityTest.java
[INFO] Printing com.google.gson.JsonParserTest to /tmp/v1/gson/src/test/java//com/google/gson/JsonParserTest.java
[INFO] Printing com.google.gson.functional.ConcurrencyTest to /tmp/v1/gson/src/test/java//com/google/gson/functional/ConcurrencyTest.java
[INFO] Printing com.google.gson.functional.DefaultTypeAdaptersTest to /tmp/v1/gson/src/test/java//com/google/gson/functional/DefaultTypeAdaptersTest.java
[INFO] Printing com.google.gson.functional.CircularReferenceTest to /tmp/v1/gson/src/test/java//com/google/gson/functional/CircularReferenceTest.java
[INFO] Printing com.google.gson.functional.ArrayTest to /tmp/v1/gson/src/test/java//com/google/gson/functional/ArrayTest.java
[INFO] Printing com.google.gson.DefaultInetAddressTypeAdapterTest to /tmp/v1/gson/src/test/java//com/google/gson/DefaultInetAddressTypeAdapterTest.java
[INFO] Printing com.google.gson.functional.ExclusionStrategyFunctionalTest to /tmp/v1/gson/src/test/java//com/google/gson/functional/ExclusionStrategyFunctionalTest.java
[INFO] Printing com.google.gson.functional.JsonTreeTest to /tmp/v1/gson/src/test/java//com/google/gson/functional/JsonTreeTest.java
[INFO] Printing com.google.gson.functional.SystemOnlyTypeAdaptersTest to /tmp/v1/gson/src/test/java//com/google/gson/functional/SystemOnlyTypeAdaptersTest.java
[INFO] Printing com.google.gson.JsonObjectTest to /tmp/v1/gson/src/test/java//com/google/gson/JsonObjectTest.java
[INFO] Printing com.google.gson.functional.TypeVariableTest to /tmp/v1/gson/src/test/java//com/google/gson/functional/TypeVariableTest.java
[INFO] Printing com.google.gson.functional.MapTest to /tmp/v1/gson/src/test/java//com/google/gson/functional/MapTest.java
[INFO] Printing com.google.gson.functional.EnumTest to /tmp/v1/gson/src/test/java//com/google/gson/functional/EnumTest.java
[INFO] Printing com.google.gson.functional.ExposeFieldsTest to /tmp/v1/gson/src/test/java//com/google/gson/functional/ExposeFieldsTest.java
[INFO] Printing com.google.gson.functional.ObjectTest to /tmp/v1/gson/src/test/java//com/google/gson/functional/ObjectTest.java
[INFO] Printing com.google.gson.DefaultMapJsonSerializerTest to /tmp/v1/gson/src/test/java//com/google/gson/DefaultMapJsonSerializerTest.java
[INFO] Printing com.google.gson.functional.PrettyPrintingTest to /tmp/v1/gson/src/test/java//com/google/gson/functional/PrettyPrintingTest.java
[INFO] Printing com.google.gson.functional.EscapingTest to /tmp/v1/gson/src/test/java//com/google/gson/functional/EscapingTest.java
[INFO] Printing com.google.gson.functional.CollectionTest to /tmp/v1/gson/src/test/java//com/google/gson/functional/CollectionTest.java
[INFO] Printing com.google.gson.functional.MapAsArrayTypeAdapterTest to /tmp/v1/gson/src/test/java//com/google/gson/functional/MapAsArrayTypeAdapterTest.java
[INFO] Injecting JUnit-Jjoules in /tmp/v1/gson/pom.xml
[INFO] Output new POM file in /tmp/v1/gson/pom.xml
[INFO] Instrument version after commit...
[INFO] Run on /tmp/v2/gson/
[INFO] Running in NOCLASSPATH mode (doc: http://spoon.gforge.inria.fr/launcher.html).
[INFO] fr.davidson.diff.jjoules.process.junit4.JJoulesProcessor
Processing com.google.gson.functional.ArrayTest#testSingleNullInArraySerialization
Processing com.google.gson.functional.ArrayTest#testNullsInArrayWithSerializeNullPropertySetSerialization
Processing com.google.gson.functional.ArrayTest#testArrayOfPrimitivesWithCustomTypeAdapter
Processing com.google.gson.functional.ArrayTest#testArrayOfPrimitivesAsObjectsSerialization
Processing com.google.gson.functional.ArrayTest#testObjectArrayWithNonPrimitivesSerialization
Processing com.google.gson.functional.ArrayTest#testArrayOfNullSerialization
Processing com.google.gson.functional.ArrayTest#testMultiDimenstionalObjectArraysSerialization
Processing com.google.gson.functional.ArrayTest#testMixingTypesInObjectArraySerialization
Processing com.google.gson.functional.CircularReferenceTest#testCircularSerialization
Processing com.google.gson.functional.CircularReferenceTest#testSelfReferenceSerialization
Processing com.google.gson.functional.CircularReferenceTest#testSelfReferenceArrayFieldSerialization
Processing com.google.gson.functional.CircularReferenceTest#testSelfReferenceCustomHandlerSerialization
Processing com.google.gson.functional.CircularReferenceTest#testDirectedAcyclicGraphSerialization
Processing com.google.gson.functional.CollectionTest#testLinkedListSerialization
Processing com.google.gson.functional.CollectionTest#testCollectionOfObjectSerialization
Processing com.google.gson.functional.CollectionTest#testCollectionOfObjectWithNullSerialization
Processing com.google.gson.functional.CollectionTest#testCollectionOfStringsSerialization
Processing com.google.gson.functional.CollectionTest#testCollectionOfBagOfPrimitivesSerialization
Processing com.google.gson.functional.CollectionTest#testFieldIsArrayList
Processing com.google.gson.functional.CollectionTest#testSetSerialization
Processing com.google.gson.functional.ConcurrencyTest#testSingleThreadSerialization
Processing com.google.gson.functional.ConcurrencyTest#testMultiThreadSerialization
Processing com.google.gson.functional.CustomDeserializerTest#testDefaultConstructorNotCalledOnObject
Processing com.google.gson.functional.CustomDeserializerTest#testDefaultConstructorNotCalledOnField
Processing com.google.gson.functional.CustomDeserializerTest#testJsonTypeFieldBasedDeserialization
Processing com.google.gson.functional.CustomDeserializerTest#testCustomDeserializerReturnsNullForTopLevelObject
Processing com.google.gson.functional.CustomDeserializerTest#testCustomDeserializerReturnsNull
Processing com.google.gson.functional.CustomDeserializerTest#testCustomDeserializerReturnsNullForTopLevelPrimitives
Processing com.google.gson.functional.CustomDeserializerTest#testCustomDeserializerReturnsNullForPrimitiveFields
Processing com.google.gson.functional.CustomDeserializerTest#testCustomDeserializerReturnsNullForArrayElements
Processing com.google.gson.functional.CustomDeserializerTest#testCustomDeserializerReturnsNullForArrayElementsForArrayField
Processing com.google.gson.functional.CustomSerializerTest#testBaseClassSerializerInvokedForBaseClassFields
Processing com.google.gson.functional.CustomSerializerTest#testSubClassSerializerInvokedForBaseClassFieldsHoldingSubClassInstances
Processing com.google.gson.functional.CustomSerializerTest#testSubClassSerializerInvokedForBaseClassFieldsHoldingArrayOfSubClassInstances
Processing com.google.gson.functional.CustomSerializerTest#testBaseClassSerializerInvokedForBaseClassFieldsHoldingSubClassInstances
Processing com.google.gson.functional.CustomSerializerTest#testSerializerReturnsNull
Processing com.google.gson.functional.CustomTypeAdaptersTest#testCustomSerializers
Processing com.google.gson.functional.CustomTypeAdaptersTest#testCustomDeserializers
Processing com.google.gson.functional.CustomTypeAdaptersTest#testCustomNestedSerializers
Processing com.google.gson.functional.CustomTypeAdaptersTest#testCustomNestedDeserializers
Processing com.google.gson.functional.CustomTypeAdaptersTest#testCustomTypeAdapterDoesNotAppliesToSubClasses
Processing com.google.gson.functional.CustomTypeAdaptersTest#testCustomTypeAdapterAppliesToSubClassesSerializedAsBaseClass
Processing com.google.gson.functional.CustomTypeAdaptersTest#testCustomSerializerForLong
Processing com.google.gson.functional.CustomTypeAdaptersTest#testCustomDeserializerForLong
Processing com.google.gson.functional.CustomTypeAdaptersTest#testCustomByteArraySerializer
Processing com.google.gson.functional.CustomTypeAdaptersTest#testCustomByteArrayDeserializerAndInstanceCreator
Processing com.google.gson.functional.CustomTypeAdaptersTest#testCustomAdapterInvokedForCollectionElementSerializationWithType
Processing com.google.gson.functional.CustomTypeAdaptersTest#testCustomAdapterInvokedForCollectionElementSerialization
Processing com.google.gson.functional.CustomTypeAdaptersTest#testCustomAdapterInvokedForCollectionElementDeserialization
Processing com.google.gson.functional.CustomTypeAdaptersTest#testCustomAdapterInvokedForMapElementSerializationWithType
Processing com.google.gson.functional.CustomTypeAdaptersTest#testCustomAdapterInvokedForMapElementSerialization
Processing com.google.gson.functional.CustomTypeAdaptersTest#testCustomAdapterInvokedForMapElementDeserialization
Processing com.google.gson.functional.CustomTypeAdaptersTest#testEnsureCustomSerializerNotInvokedForNullValues
Processing com.google.gson.functional.CustomTypeAdaptersTest#testEnsureCustomDeserializerNotInvokedForNullValues
Processing com.google.gson.functional.DefaultTypeAdaptersTest#testUrlNullSerialization
Processing com.google.gson.functional.DefaultTypeAdaptersTest#testUriSerialization
Processing com.google.gson.functional.DefaultTypeAdaptersTest#testSetSerialization
Processing com.google.gson.functional.DefaultTypeAdaptersTest#testBitSetSerialization
Processing com.google.gson.functional.DefaultTypeAdaptersTest#testBitSetDeserialization
Processing com.google.gson.functional.DefaultTypeAdaptersTest#testDefaultDateSerialization
Processing com.google.gson.functional.DefaultTypeAdaptersTest#testDefaultDateSerializationUsingBuilder
Processing com.google.gson.functional.DefaultTypeAdaptersTest#testDefaultDateDeserializationUsingBuilder
Processing com.google.gson.functional.DefaultTypeAdaptersTest#testDefaultCalendarSerialization
Processing com.google.gson.functional.DefaultTypeAdaptersTest#testDefaultCalendarDeserialization
Processing com.google.gson.functional.DefaultTypeAdaptersTest#testDefaultGregorianCalendarSerialization
Processing com.google.gson.functional.DefaultTypeAdaptersTest#testDefaultGregorianCalendarDeserialization
Processing com.google.gson.functional.DefaultTypeAdaptersTest#testDateSerializationWithPattern
Processing com.google.gson.functional.DefaultTypeAdaptersTest#testDateDeserializationWithPattern
Processing com.google.gson.functional.DefaultTypeAdaptersTest#testDateSerializationWithPatternNotOverridenByTypeAdapter
Processing com.google.gson.functional.DefaultTypeAdaptersTest#testDateSerializationInCollection
Processing com.google.gson.functional.DefaultTypeAdaptersTest#testTimestampSerialization
Processing com.google.gson.functional.DefaultTypeAdaptersTest#testSqlDateSerialization
Processing com.google.gson.functional.DefaultTypeAdaptersTest#testPropertiesSerialization
Processing com.google.gson.functional.DefaultTypeAdaptersTest#testTreeSetSerialization
Processing com.google.gson.functional.DefaultTypeAdaptersTest#testStringBuilderSerialization
Processing com.google.gson.functional.DefaultTypeAdaptersTest#testStringBufferSerialization
Processing com.google.gson.functional.EnumTest#testCollectionOfEnumsSerialization
Processing com.google.gson.functional.EnumTest#testClassWithEnumFieldSerialization
Processing com.google.gson.functional.EnumTest#testEnumSubclassWithRegisteredTypeAdapter
Processing com.google.gson.functional.EnumTest#testEnumSubclassAsParameterizedType
Processing com.google.gson.functional.EscapingTest#testEscapeAllHtmlCharacters
Processing com.google.gson.functional.EscapingTest#testEscapingObjectFields
Processing com.google.gson.functional.EscapingTest#testGsonAcceptsEscapedAndNonEscapedJsonDeserialization
Processing com.google.gson.functional.EscapingTest#testGsonDoubleDeserialization
Processing com.google.gson.functional.ExclusionStrategyFunctionalTest#testExclusionStrategySerialization
Processing com.google.gson.functional.ExclusionStrategyFunctionalTest#testExclusionStrategyDeserialization
Processing com.google.gson.functional.ExclusionStrategyFunctionalTest#testExclusionStrategyWithMode
Processing com.google.gson.functional.ExposeFieldsTest#testNoExposedFieldSerialization
Processing com.google.gson.functional.FieldExclusionTest#testDefaultInnerClassExclusion
Processing com.google.gson.functional.FieldExclusionTest#testInnerClassExclusion
Processing com.google.gson.functional.FieldExclusionTest#testDefaultNestedStaticClassIncluded
Processing com.google.gson.functional.InheritanceTest#testBaseSerializedAsSub
Processing com.google.gson.functional.InheritanceTest#testBaseSerializedAsSubForToJsonMethod
Processing com.google.gson.functional.InheritanceTest#testBaseSerializedAsBaseWhenSpecifiedWithExplicitType
Processing com.google.gson.functional.InheritanceTest#testBaseSerializedAsBaseWhenSpecifiedWithExplicitTypeForToJsonMethod
Processing com.google.gson.functional.InheritanceTest#testBaseSerializedAsSubWhenSpecifiedWithExplicitType
Processing com.google.gson.functional.InheritanceTest#testBaseSerializedAsSubWhenSpecifiedWithExplicitTypeForToJsonMethod
Processing com.google.gson.functional.InstanceCreatorTest#testInstanceCreatorReturnsBaseType
Processing com.google.gson.functional.InstanceCreatorTest#testInstanceCreatorReturnsSubTypeForTopLevelObject
Processing com.google.gson.functional.InstanceCreatorTest#testInstanceCreatorReturnsSubTypeForField
Processing com.google.gson.functional.JsonTreeTest#testToJsonTree
Processing com.google.gson.functional.JsonTreeTest#testToJsonTreeObjectType
Processing com.google.gson.functional.MapAsArrayTypeAdapterTest#testSerializeComplexMapWithTypeAdapter
Processing com.google.gson.functional.MapAsArrayTypeAdapterTest#testTwoTypesCollapseToOneSerialize
Processing com.google.gson.functional.MapAsArrayTypeAdapterTest#testTwoTypesCollapseToOneDeserialize
Processing com.google.gson.functional.MapAsArrayTypeAdapterTest#testMultipleEnableComplexKeyRegistrationHasNoEffect
Processing com.google.gson.functional.MapAsArrayTypeAdapterTest#testMapWithTypeVariableSerialization
Processing com.google.gson.functional.MapAsArrayTypeAdapterTest#testMapWithTypeVariableDeserialization
Processing com.google.gson.functional.MapTest#testRawMapSerialization
Processing com.google.gson.functional.MapTest#testMapSerializationWithNullValueButSerializeNulls
Processing com.google.gson.functional.MapTest#testParameterizedMapSubclassSerialization
Processing com.google.gson.functional.MapTest#testMapSubclassSerialization
Processing com.google.gson.functional.MapTest#testMapSubclassDeserialization
Processing com.google.gson.functional.MapTest#testCustomSerializerForSpecificMapType
Processing com.google.gson.functional.MapTest#testMapSerializationWithNullValues
Processing com.google.gson.functional.MapTest#testMapSerializationWithNullValuesSerialized
Processing com.google.gson.functional.MapTest#testMapOfMapSerialization
Processing com.google.gson.functional.MapTest#testMapWithQuotes
Processing com.google.gson.functional.MapTest#testWriteMapsWithEmptyStringKey
Processing com.google.gson.functional.MapTest#testSerializeMaps
Processing com.google.gson.functional.MapTest#testInterfaceTypeMap
Processing com.google.gson.functional.MapTest#testInterfaceTypeMapWithSerializer
Processing com.google.gson.functional.MapTest#testGeneralMapField
Processing com.google.gson.functional.NamingPolicyTest#testGsonWithNonDefaultFieldNamingPolicySerialization
Processing com.google.gson.functional.NamingPolicyTest#testGsonWithNonDefaultFieldNamingPolicyDeserialiation
Processing com.google.gson.functional.NamingPolicyTest#testGsonWithLowerCaseDashPolicySerialization
Processing com.google.gson.functional.NamingPolicyTest#testGsonWithLowerCaseDashPolicyDeserialiation
Processing com.google.gson.functional.NamingPolicyTest#testGsonWithLowerCaseUnderscorePolicySerialization
Processing com.google.gson.functional.NamingPolicyTest#testGsonWithLowerCaseUnderscorePolicyDeserialiation
Processing com.google.gson.functional.NamingPolicyTest#testGsonWithSerializedNameFieldNamingPolicySerialization
Processing com.google.gson.functional.NamingPolicyTest#testGsonWithSerializedNameFieldNamingPolicyDeserialization
Processing com.google.gson.functional.NamingPolicyTest#testGsonDuplicateNameUsingSerializedNameFieldNamingPolicySerialization
Processing com.google.gson.functional.NamingPolicyTest#testGsonWithUpperCamelCaseSpacesPolicySerialiation
Processing com.google.gson.functional.NamingPolicyTest#testGsonWithUpperCamelCaseSpacesPolicyDeserialiation
Processing com.google.gson.functional.NamingPolicyTest#testDeprecatedNamingStrategy
Processing com.google.gson.functional.NamingPolicyTest#testComplexFieldNameStrategy
Processing com.google.gson.functional.NullObjectAndFieldTest#testTopLevelNullObjectSerialization
Processing com.google.gson.functional.NullObjectAndFieldTest#testTopLevelNullObjectDeserialization
Processing com.google.gson.functional.NullObjectAndFieldTest#testExplicitSerializationOfNulls
Processing com.google.gson.functional.NullObjectAndFieldTest#testExplicitDeserializationOfNulls
Processing com.google.gson.functional.NullObjectAndFieldTest#testExplicitSerializationOfNullArrayMembers
Processing com.google.gson.functional.NullObjectAndFieldTest#testNullWrappedPrimitiveMemberSerialization
Processing com.google.gson.functional.NullObjectAndFieldTest#testNullWrappedPrimitiveMemberDeserialization
Processing com.google.gson.functional.NullObjectAndFieldTest#testExplicitSerializationOfNullCollectionMembers
Processing com.google.gson.functional.NullObjectAndFieldTest#testExplicitSerializationOfNullStringMembers
Processing com.google.gson.functional.NullObjectAndFieldTest#testCustomSerializationOfNulls
Processing com.google.gson.functional.NullObjectAndFieldTest#testPrintPrintingObjectWithNulls
Processing com.google.gson.functional.NullObjectAndFieldTest#testPrintPrintingArraysWithNulls
Processing com.google.gson.functional.NullObjectAndFieldTest#testExplicitNullSetsFieldToNullDuringDeserialization
Processing com.google.gson.functional.NullObjectAndFieldTest#testCustomTypeAdapterPassesNullSerialization
Processing com.google.gson.functional.NullObjectAndFieldTest#testCustomTypeAdapterPassesNullDesrialization
Processing com.google.gson.functional.ObjectTest#testBagOfPrimitivesSerialization
Processing com.google.gson.functional.ObjectTest#testClassWithTransientFieldsSerialization
Processing com.google.gson.functional.ObjectTest#testClassWithNoFieldsSerialization
Processing com.google.gson.functional.ObjectTest#testNestedSerialization
Processing com.google.gson.functional.ObjectTest#testNullFieldsSerialization
Processing com.google.gson.functional.ObjectTest#testArrayOfObjectsSerialization
Processing com.google.gson.functional.ObjectTest#testArrayOfArraysSerialization
Processing com.google.gson.functional.ObjectTest#testArrayOfObjectsAsFields
Processing com.google.gson.functional.ObjectTest#testEmptyCollectionInAnObjectSerialization
Processing com.google.gson.functional.ObjectTest#testPrimitiveArrayFieldSerialization
Processing com.google.gson.functional.ObjectTest#testClassWithObjectFieldSerialization
Processing com.google.gson.functional.ObjectTest#testInnerClassDeserialization
Processing com.google.gson.functional.ObjectTest#testStringFieldWithEmptyValueSerialization
Processing com.google.gson.functional.ObjectTest#testJsonObjectSerialization
Processing com.google.gson.functional.ObjectTest#testSingletonLists
Processing com.google.gson.functional.ParameterizedTypesTest#testParameterizedTypeDeserialization
Processing com.google.gson.functional.ParameterizedTypesTest#testTypesWithMultipleParametersSerialization
Processing com.google.gson.functional.ParameterizedTypesTest#testParameterizedTypeWithCustomSerializer
Processing com.google.gson.functional.ParameterizedTypesTest#testParameterizedTypesWithCustomDeserializer
Processing com.google.gson.functional.ParameterizedTypesTest#testParameterizedTypeWithReaderDeserialization
Processing com.google.gson.functional.ParameterizedTypesTest#testVariableTypeFieldsAndGenericArraysSerialization
Processing com.google.gson.functional.ParameterizedTypesTest#testVariableTypeFieldsAndGenericArraysDeserialization
Processing com.google.gson.functional.ParameterizedTypesTest#testVariableTypeDeserialization
Processing com.google.gson.functional.ParameterizedTypesTest#testVariableTypeArrayDeserialization
Processing com.google.gson.functional.ParameterizedTypesTest#testParameterizedTypeWithVariableTypeDeserialization
Processing com.google.gson.functional.ParameterizedTypesTest#testParameterizedTypeGenericArraysSerialization
Processing com.google.gson.functional.ParameterizedTypesTest#testParameterizedTypeGenericArraysDeserialization
Processing com.google.gson.functional.ParameterizedTypesTest#testDeepParameterizedTypeSerialization
Processing com.google.gson.functional.PrettyPrintingTest#testPrettyPrintList
Processing com.google.gson.functional.PrettyPrintingTest#testPrettyPrintArrayOfObjects
Processing com.google.gson.functional.PrettyPrintingTest#testMap
Processing com.google.gson.functional.PrettyPrintingTest#testEmptyMapField
Processing com.google.gson.functional.PrimitiveTest#testMoreSpecificSerialization
Processing com.google.gson.functional.PrimitiveTest#testOverridingDefaultPrimitiveSerialization
Processing com.google.gson.functional.PrimitiveTest#testDoubleNaNSerialization
Processing com.google.gson.functional.PrimitiveTest#testFloatNaNSerialization
Processing com.google.gson.functional.PrimitiveTest#testDoubleInfinitySerialization
Processing com.google.gson.functional.PrimitiveTest#testFloatInfinitySerialization
Processing com.google.gson.functional.PrimitiveTest#testNegativeInfinitySerialization
Processing com.google.gson.functional.PrimitiveTest#testNegativeInfinityFloatSerialization
Processing com.google.gson.functional.PrimitiveTest#testLongAsStringSerialization
Processing com.google.gson.functional.PrimitiveTest#testLongAsStringDeserialization
Processing com.google.gson.functional.PrintFormattingTest#testCompactFormattingLeavesNoWhiteSpace
Processing com.google.gson.functional.PrintFormattingTest#testJsonObjectWithNullValuesSerialized
Processing com.google.gson.functional.ReadersWritersTest#testWriterForSerialization
Processing com.google.gson.functional.ReadersWritersTest#testTopLevelNullObjectSerializationWithWriterAndSerializeNulls
Processing com.google.gson.functional.ReadersWritersTest#testTopLevelNullObjectDeserializationWithReaderAndSerializeNulls
Processing com.google.gson.functional.ReadersWritersTest#testReadWriteTwoStrings
Processing com.google.gson.functional.ReadersWritersTest#testReadWriteTwoObjects
Processing com.google.gson.functional.SecurityTest#testNonExecutableJsonSerialization
Processing com.google.gson.functional.SecurityTest#testNonExecutableJsonDeserialization
Processing com.google.gson.functional.SecurityTest#testJsonWithNonExectuableTokenSerialization
Processing com.google.gson.functional.SecurityTest#testJsonWithNonExectuableTokenWithRegularGsonDeserialization
Processing com.google.gson.functional.SecurityTest#testJsonWithNonExectuableTokenWithConfiguredGsonDeserialization
Processing com.google.gson.functional.SystemOnlyTypeAdaptersTest#testSerializeDefault
Processing com.google.gson.functional.TypeHierarchyAdapterTest#testTypeHierarchy
Processing com.google.gson.functional.TypeHierarchyAdapterTest#testRegisterSuperTypeFirst
Processing com.google.gson.functional.TypeVariableTest#testAdvancedTypeVariables
Processing com.google.gson.functional.TypeVariableTest#testTypeVariablesViaTypeParameter
Processing com.google.gson.functional.TypeVariableTest#testBasicTypeVariables
Processing com.google.gson.functional.UncategorizedTest#testObjectEqualButNotSameSerialization
Processing com.google.gson.functional.UncategorizedTest#testStaticFieldsAreNotSerialized
Processing com.google.gson.functional.UncategorizedTest#testGsonInstanceReusableForSerializationAndDeserialization
Processing com.google.gson.functional.UncategorizedTest#testReturningDerivedClassesDuringDeserialization
Processing com.google.gson.functional.VersioningTest#testVersionedUntilSerialization
Processing com.google.gson.functional.VersioningTest#testVersionedUntilDeserialization
Processing com.google.gson.functional.VersioningTest#testVersionedClassesSerialization
Processing com.google.gson.functional.VersioningTest#testVersionedClassesDeserialization
Processing com.google.gson.functional.VersioningTest#testIgnoreLaterVersionClassSerialization
Processing com.google.gson.functional.VersioningTest#testIgnoreLaterVersionClassDeserialization
Processing com.google.gson.functional.VersioningTest#testVersionedGsonWithUnversionedClassesSerialization
Processing com.google.gson.functional.VersioningTest#testVersionedGsonWithUnversionedClassesDeserialization
Processing com.google.gson.functional.VersioningTest#testVersionedGsonMixingSinceAndUntilSerialization
Processing com.google.gson.functional.VersioningTest#testVersionedGsonMixingSinceAndUntilDeserialization
Processing com.google.gson.internal.bind.MiniGsonTest#testDeserialize
Processing com.google.gson.internal.bind.MiniGsonTest#testDeserializeNullField
Processing com.google.gson.internal.bind.MiniGsonTest#testDeserializeNullObject
Processing com.google.gson.internal.bind.MiniGsonTest#testSerializeWithCustomTypeAdapter
Processing com.google.gson.internal.bind.MiniGsonTest#testDeserializeWithCustomTypeAdapter
Processing com.google.gson.internal.bind.MiniGsonTest#testSerializeRecursive
Processing com.google.gson.CommentsTest#testParseComments
Processing com.google.gson.DefaultInetAddressTypeAdapterTest#testInetAddressSerializationAndDeserialization
Processing com.google.gson.DefaultMapJsonSerializerTest#testNonEmptyMapSerialization
Processing com.google.gson.FunctionWithInternalDependenciesTest#testAnonymousLocalClassesSerialization
Processing com.google.gson.GsonBuilderTest#testCreatingMoreThanOnce
Processing com.google.gson.GsonTypeAdapterTest#testTypeAdapterThrowsException
Processing com.google.gson.GsonTypeAdapterTest#testTypeAdapterProperlyConvertsTypes
Processing com.google.gson.JsonObjectTest#testPropertyWithQuotes
Processing com.google.gson.JsonObjectTest#testWritePropertyWithEmptyStringName
Processing com.google.gson.JsonParserTest#testReadWriteTwoObjects
Processing com.google.gson.MixedStreamTest#testWriteMixedStreamed
Processing com.google.gson.MixedStreamTest#testReadMixedStreamed
Processing com.google.gson.MixedStreamTest#testReaderDoesNotMutateState
Processing com.google.gson.MixedStreamTest#testWriteDoesNotMutateState
Processing com.google.gson.MixedStreamTest#testReadInvalidState
Processing com.google.gson.MixedStreamTest#testReadClosed
Processing com.google.gson.MixedStreamTest#testWriteInvalidState
Processing com.google.gson.MixedStreamTest#testWriteClosed
Processing com.google.gson.MixedStreamTest#testWriteNulls
Processing com.google.gson.MixedStreamTest#testReadNulls
Processing com.google.gson.MixedStreamTest#testWriteHtmlSafe
Processing com.google.gson.MixedStreamTest#testWriteLenient
[INFO] Printing com.google.gson.functional.InstanceCreatorTest to /tmp/v2/gson//src/test/java//com/google/gson/functional/InstanceCreatorTest.java
[INFO] Printing com.google.gson.functional.InstanceCreatorTest to /tmp/v2/gson//src/test/java//com/google/gson/functional/InstanceCreatorTest.java
[INFO] Printing com.google.gson.functional.CustomTypeAdaptersTest to /tmp/v2/gson//src/test/java//com/google/gson/functional/CustomTypeAdaptersTest.java
[INFO] Printing com.google.gson.CommentsTest to /tmp/v2/gson//src/test/java//com/google/gson/CommentsTest.java
[INFO] Printing com.google.gson.FunctionWithInternalDependenciesTest to /tmp/v2/gson//src/test/java//com/google/gson/FunctionWithInternalDependenciesTest.java
[INFO] Printing com.google.gson.functional.CustomTypeAdaptersTest to /tmp/v2/gson//src/test/java//com/google/gson/functional/CustomTypeAdaptersTest.java
[INFO] Printing com.google.gson.MixedStreamTest to /tmp/v2/gson//src/test/java//com/google/gson/MixedStreamTest.java
[INFO] Printing com.google.gson.MixedStreamTest to /tmp/v2/gson//src/test/java//com/google/gson/MixedStreamTest.java
[INFO] Printing com.google.gson.functional.FieldExclusionTest to /tmp/v2/gson//src/test/java//com/google/gson/functional/FieldExclusionTest.java
[INFO] Printing com.google.gson.functional.FieldExclusionTest to /tmp/v2/gson//src/test/java//com/google/gson/functional/FieldExclusionTest.java
[INFO] Printing com.google.gson.GsonBuilderTest to /tmp/v2/gson//src/test/java//com/google/gson/GsonBuilderTest.java
[INFO] Printing com.google.gson.functional.NullObjectAndFieldTest to /tmp/v2/gson//src/test/java//com/google/gson/functional/NullObjectAndFieldTest.java
[INFO] Printing com.google.gson.functional.NullObjectAndFieldTest to /tmp/v2/gson//src/test/java//com/google/gson/functional/NullObjectAndFieldTest.java
[INFO] Printing com.google.gson.functional.UncategorizedTest to /tmp/v2/gson//src/test/java//com/google/gson/functional/UncategorizedTest.java
[INFO] Printing com.google.gson.functional.UncategorizedTest to /tmp/v2/gson//src/test/java//com/google/gson/functional/UncategorizedTest.java
[INFO] Printing com.google.gson.functional.TypeHierarchyAdapterTest to /tmp/v2/gson//src/test/java//com/google/gson/functional/TypeHierarchyAdapterTest.java
[INFO] Printing com.google.gson.functional.TypeHierarchyAdapterTest to /tmp/v2/gson//src/test/java//com/google/gson/functional/TypeHierarchyAdapterTest.java
[INFO] Printing com.google.gson.functional.ParameterizedTypesTest to /tmp/v2/gson//src/test/java//com/google/gson/functional/ParameterizedTypesTest.java
[INFO] Printing com.google.gson.functional.ParameterizedTypesTest to /tmp/v2/gson//src/test/java//com/google/gson/functional/ParameterizedTypesTest.java
[INFO] Printing com.google.gson.functional.DefaultTypeAdaptersTest to /tmp/v2/gson//src/test/java//com/google/gson/functional/DefaultTypeAdaptersTest.java
[INFO] Printing com.google.gson.functional.DefaultTypeAdaptersTest to /tmp/v2/gson//src/test/java//com/google/gson/functional/DefaultTypeAdaptersTest.java
[INFO] Printing com.google.gson.functional.CircularReferenceTest to /tmp/v2/gson//src/test/java//com/google/gson/functional/CircularReferenceTest.java
[INFO] Printing com.google.gson.functional.CircularReferenceTest to /tmp/v2/gson//src/test/java//com/google/gson/functional/CircularReferenceTest.java
[INFO] Printing com.google.gson.functional.ExclusionStrategyFunctionalTest to /tmp/v2/gson//src/test/java//com/google/gson/functional/ExclusionStrategyFunctionalTest.java
[INFO] Printing com.google.gson.functional.JsonTreeTest to /tmp/v2/gson//src/test/java//com/google/gson/functional/JsonTreeTest.java
[INFO] Printing com.google.gson.JsonObjectTest to /tmp/v2/gson//src/test/java//com/google/gson/JsonObjectTest.java
[INFO] Printing com.google.gson.functional.ExclusionStrategyFunctionalTest to /tmp/v2/gson//src/test/java//com/google/gson/functional/ExclusionStrategyFunctionalTest.java
[INFO] Printing com.google.gson.functional.JsonTreeTest to /tmp/v2/gson//src/test/java//com/google/gson/functional/JsonTreeTest.java
[INFO] Printing com.google.gson.JsonObjectTest to /tmp/v2/gson//src/test/java//com/google/gson/JsonObjectTest.java
[INFO] Printing com.google.gson.functional.EnumTest to /tmp/v2/gson//src/test/java//com/google/gson/functional/EnumTest.java
[INFO] Printing com.google.gson.functional.ExposeFieldsTest to /tmp/v2/gson//src/test/java//com/google/gson/functional/ExposeFieldsTest.java
[INFO] Printing com.google.gson.functional.EnumTest to /tmp/v2/gson//src/test/java//com/google/gson/functional/EnumTest.java
[INFO] Printing com.google.gson.DefaultMapJsonSerializerTest to /tmp/v2/gson//src/test/java//com/google/gson/DefaultMapJsonSerializerTest.java
[INFO] Printing com.google.gson.functional.EscapingTest to /tmp/v2/gson//src/test/java//com/google/gson/functional/EscapingTest.java
[INFO] Printing com.google.gson.functional.EscapingTest to /tmp/v2/gson//src/test/java//com/google/gson/functional/EscapingTest.java
[INFO] Printing com.google.gson.functional.CollectionTest to /tmp/v2/gson//src/test/java//com/google/gson/functional/CollectionTest.java
[INFO] Printing com.google.gson.functional.CollectionTest to /tmp/v2/gson//src/test/java//com/google/gson/functional/CollectionTest.java
[INFO] Printing com.google.gson.functional.MapAsArrayTypeAdapterTest to /tmp/v2/gson//src/test/java//com/google/gson/functional/MapAsArrayTypeAdapterTest.java
[INFO] Printing com.google.gson.functional.MapAsArrayTypeAdapterTest to /tmp/v2/gson//src/test/java//com/google/gson/functional/MapAsArrayTypeAdapterTest.java
[INFO] Printing com.google.gson.functional.CustomSerializerTest to /tmp/v2/gson//src/test/java//com/google/gson/functional/CustomSerializerTest.java
[INFO] Printing com.google.gson.functional.PrimitiveTest to /tmp/v2/gson//src/test/java//com/google/gson/functional/PrimitiveTest.java
[INFO] Printing com.google.gson.functional.CustomSerializerTest to /tmp/v2/gson//src/test/java//com/google/gson/functional/CustomSerializerTest.java
[INFO] Printing com.google.gson.functional.PrimitiveTest to /tmp/v2/gson//src/test/java//com/google/gson/functional/PrimitiveTest.java
[INFO] Printing com.google.gson.functional.ReadersWritersTest to /tmp/v2/gson//src/test/java//com/google/gson/functional/ReadersWritersTest.java
[INFO] Printing com.google.gson.functional.ReadersWritersTest to /tmp/v2/gson//src/test/java//com/google/gson/functional/ReadersWritersTest.java
[INFO] Printing com.google.gson.functional.PrintFormattingTest to /tmp/v2/gson//src/test/java//com/google/gson/functional/PrintFormattingTest.java
[INFO] Printing com.google.gson.functional.PrintFormattingTest to /tmp/v2/gson//src/test/java//com/google/gson/functional/PrintFormattingTest.java
[INFO] Printing com.google.gson.functional.CustomDeserializerTest to /tmp/v2/gson//src/test/java//com/google/gson/functional/CustomDeserializerTest.java
[INFO] Printing com.google.gson.internal.bind.MiniGsonTest to /tmp/v2/gson//src/test/java//com/google/gson/internal/bind/MiniGsonTest.java
[INFO] Printing com.google.gson.functional.CustomDeserializerTest to /tmp/v2/gson//src/test/java//com/google/gson/functional/CustomDeserializerTest.java
[INFO] Printing com.google.gson.internal.bind.MiniGsonTest to /tmp/v2/gson//src/test/java//com/google/gson/internal/bind/MiniGsonTest.java
[INFO] Printing com.google.gson.functional.NamingPolicyTest to /tmp/v2/gson//src/test/java//com/google/gson/functional/NamingPolicyTest.java
[INFO] Printing com.google.gson.functional.NamingPolicyTest to /tmp/v2/gson//src/test/java//com/google/gson/functional/NamingPolicyTest.java
[INFO] Printing com.google.gson.functional.InheritanceTest to /tmp/v2/gson//src/test/java//com/google/gson/functional/InheritanceTest.java
[INFO] Printing com.google.gson.functional.VersioningTest to /tmp/v2/gson//src/test/java//com/google/gson/functional/VersioningTest.java
[INFO] Printing com.google.gson.functional.InheritanceTest to /tmp/v2/gson//src/test/java//com/google/gson/functional/InheritanceTest.java
[INFO] Printing com.google.gson.functional.VersioningTest to /tmp/v2/gson//src/test/java//com/google/gson/functional/VersioningTest.java
[INFO] Printing com.google.gson.GsonTypeAdapterTest to /tmp/v2/gson//src/test/java//com/google/gson/GsonTypeAdapterTest.java
[INFO] Printing com.google.gson.GsonTypeAdapterTest to /tmp/v2/gson//src/test/java//com/google/gson/GsonTypeAdapterTest.java
[INFO] Printing com.google.gson.functional.SecurityTest to /tmp/v2/gson//src/test/java//com/google/gson/functional/SecurityTest.java
[INFO] Printing com.google.gson.functional.SecurityTest to /tmp/v2/gson//src/test/java//com/google/gson/functional/SecurityTest.java
[INFO] Printing com.google.gson.JsonParserTest to /tmp/v2/gson//src/test/java//com/google/gson/JsonParserTest.java
[INFO] Printing com.google.gson.functional.ConcurrencyTest to /tmp/v2/gson//src/test/java//com/google/gson/functional/ConcurrencyTest.java
[INFO] Printing com.google.gson.functional.ConcurrencyTest to /tmp/v2/gson//src/test/java//com/google/gson/functional/ConcurrencyTest.java
[INFO] Printing com.google.gson.functional.ArrayTest to /tmp/v2/gson//src/test/java//com/google/gson/functional/ArrayTest.java
[INFO] Printing com.google.gson.functional.ArrayTest to /tmp/v2/gson//src/test/java//com/google/gson/functional/ArrayTest.java
[INFO] Printing com.google.gson.DefaultInetAddressTypeAdapterTest to /tmp/v2/gson//src/test/java//com/google/gson/DefaultInetAddressTypeAdapterTest.java
[INFO] Printing com.google.gson.functional.SystemOnlyTypeAdaptersTest to /tmp/v2/gson//src/test/java//com/google/gson/functional/SystemOnlyTypeAdaptersTest.java
[INFO] Printing com.google.gson.functional.TypeVariableTest to /tmp/v2/gson//src/test/java//com/google/gson/functional/TypeVariableTest.java
[INFO] Printing com.google.gson.functional.TypeVariableTest to /tmp/v2/gson//src/test/java//com/google/gson/functional/TypeVariableTest.java
[INFO] Printing com.google.gson.functional.MapTest to /tmp/v2/gson//src/test/java//com/google/gson/functional/MapTest.java
[INFO] Printing com.google.gson.functional.MapTest to /tmp/v2/gson//src/test/java//com/google/gson/functional/MapTest.java
[INFO] Printing com.google.gson.functional.ObjectTest to /tmp/v2/gson//src/test/java//com/google/gson/functional/ObjectTest.java
[INFO] Printing com.google.gson.functional.ObjectTest to /tmp/v2/gson//src/test/java//com/google/gson/functional/ObjectTest.java
[INFO] Printing com.google.gson.functional.PrettyPrintingTest to /tmp/v2/gson//src/test/java//com/google/gson/functional/PrettyPrintingTest.java
[INFO] Printing com.google.gson.functional.PrettyPrintingTest to /tmp/v2/gson//src/test/java//com/google/gson/functional/PrettyPrintingTest.java
[INFO] Injecting JUnit-Jjoules in /tmp/v2/gson//pom.xml
[INFO] Output new POM file in /tmp/v2/gson//pom.xml
[INFO] ------------------------------------------------------------------------
[INFO] BUILD SUCCESS
[INFO] ------------------------------------------------------------------------
[INFO] Total time:  14.631 s
[INFO] Finished at: 2021-01-07T23:32:50+01:00
[INFO] ------------------------------------------------------------------------
