[INFO] Scanning for projects...
[INFO] 
[INFO] -----------------------< commons-io:commons-io >------------------------
[INFO] Building Apache Commons IO 2.8.0-SNAPSHOT
[INFO] --------------------------------[ jar ]---------------------------------
[INFO] 
[INFO] --- maven-clean-plugin:3.1.0:clean (default-clean) @ commons-io ---
[INFO] Deleting /tmp/v1/target
[INFO] 
[INFO] --- maven-enforcer-plugin:3.0.0-M3:enforce (enforce-maven-version) @ commons-io ---
[INFO] 
[INFO] --- maven-enforcer-plugin:3.0.0-M3:enforce (enforce-maven-3) @ commons-io ---
[INFO] 
[INFO] --- apache-rat-plugin:0.13:check (rat-check) @ commons-io ---
[INFO] RAT will not execute since it is configured to be skipped via system property 'rat.skip'.
[INFO] 
[INFO] --- build-helper-maven-plugin:3.2.0:parse-version (parse-version) @ commons-io ---
[INFO] 
[INFO] --- maven-antrun-plugin:1.8:run (javadoc.resources) @ commons-io ---
[INFO] Executing tasks

main:
     [copy] Copying 2 files to /tmp/v1/target/apidocs/META-INF
[INFO] Executed tasks
[INFO] 
[INFO] --- maven-remote-resources-plugin:1.7.0:process (process-resource-bundles) @ commons-io ---
[INFO] Skipping remote resources execution.
[INFO] 
[INFO] --- buildnumber-maven-plugin:1.4:create (default) @ commons-io ---
[INFO] Executing: /bin/sh -c cd '/tmp/v1' && 'git' 'rev-parse' '--verify' 'HEAD'
[INFO] Working directory: /tmp/v1
[INFO] Storing buildNumber: 0c0858c4fabacb85ca6f805b856b97649f92ccd9 at timestamp: 1609099481240
[INFO] Storing buildScmBranch: master
[INFO] 
[INFO] --- maven-resources-plugin:3.1.0:resources (default-resources) @ commons-io ---
[INFO] Using 'iso-8859-1' encoding to copy filtered resources.
[INFO] skip non existing resourceDirectory /tmp/v1/src/main/resources
[INFO] Copying 2 resources to META-INF
[INFO] 
[INFO] --- maven-compiler-plugin:3.8.1:compile (default-compile) @ commons-io ---
[INFO] Changes detected - recompiling the module!
[INFO] Compiling 161 source files to /tmp/v1/target/classes
[INFO] /tmp/v1/src/main/java/org/apache/commons/io/input/ClassLoaderObjectInputStream.java: Some input files use or override a deprecated API.
[INFO] /tmp/v1/src/main/java/org/apache/commons/io/input/ClassLoaderObjectInputStream.java: Recompile with -Xlint:deprecation for details.
[INFO] /tmp/v1/src/main/java/org/apache/commons/io/IOExceptionList.java: /tmp/v1/src/main/java/org/apache/commons/io/IOExceptionList.java uses unchecked or unsafe operations.
[INFO] /tmp/v1/src/main/java/org/apache/commons/io/IOExceptionList.java: Recompile with -Xlint:unchecked for details.
[INFO] 
[INFO] --- maven-bundle-plugin:5.1.1:manifest (bundle-manifest) @ commons-io ---
[INFO] 
[INFO] --- maven-resources-plugin:3.1.0:testResources (default-testResources) @ commons-io ---
[INFO] Using 'iso-8859-1' encoding to copy filtered resources.
[INFO] Copying 50 resources
[INFO] Copying 2 resources to META-INF
[INFO] 
[INFO] --- maven-compiler-plugin:3.8.1:testCompile (default-testCompile) @ commons-io ---
[INFO] Changes detected - recompiling the module!
[INFO] Compiling 159 source files to /tmp/v1/target/test-classes
[INFO] 
[INFO] --- animal-sniffer-maven-plugin:1.19:check (checkAPIcompatibility) @ commons-io ---
[INFO] Signature checking is skipped.
[INFO] 
[INFO] --- jacoco-maven-plugin:0.8.5:prepare-agent (prepare-agent) @ commons-io ---
[INFO] Skipping JaCoCo execution because property jacoco.skip is set.
[INFO] argLine set to empty
[INFO] 
[INFO] --- maven-surefire-plugin:2.22.2:test (default-test) @ commons-io ---
[INFO] Tests are skipped.
[INFO] 
[INFO] --- maven-dependency-plugin:3.1.1:build-classpath (default-cli) @ commons-io ---
[INFO] Skipped writing classpath file '/tmp/v1/classpath'.  No changes found.
[INFO] 
[INFO] --- diff-jjoules:0.0.1-SNAPSHOT:instrument (default-cli) @ commons-io ---
[INFO] Running on:
[INFO] /tmp/v1
[INFO] /tmp/v2/
[INFO] Configuration{pathToFirstVersion='/tmp/v1', pathToSecondVersion='/tmp/v2/', pathToTestListAsCSV='/tmp/v1/testsThatExecuteTheChange.csv', classpath=[/home/spino/.m2/repository/org/junit/jupiter/junit-jupiter/5.6.2/junit-jupiter-5.6.2.jar, /home/spino/.m2/repository/org/junit/jupiter/junit-jupiter-api/5.6.2/junit-jupiter-api-5.6.2.jar, /home/spino/.m2/repository/org/apiguardian/apiguardian-api/1.1.0/apiguardian-api-1.1.0.jar, /home/spino/.m2/repository/org/opentest4j/opentest4j/1.2.0/opentest4j-1.2.0.jar, /home/spino/.m2/repository/org/junit/platform/junit-platform-commons/1.6.2/junit-platform-commons-1.6.2.jar, /home/spino/.m2/repository/org/junit/jupiter/junit-jupiter-params/5.6.2/junit-jupiter-params-5.6.2.jar, /home/spino/.m2/repository/org/junit/jupiter/junit-jupiter-engine/5.6.2/junit-jupiter-engine-5.6.2.jar, /home/spino/.m2/repository/org/junit/platform/junit-platform-engine/1.6.2/junit-platform-engine-1.6.2.jar, /home/spino/.m2/repository/org/junit-pioneer/junit-pioneer/0.9.0/junit-pioneer-0.9.0.jar, /home/spino/.m2/repository/org/mockito/mockito-core/3.4.6/mockito-core-3.4.6.jar, /home/spino/.m2/repository/net/bytebuddy/byte-buddy/1.10.13/byte-buddy-1.10.13.jar, /home/spino/.m2/repository/net/bytebuddy/byte-buddy-agent/1.10.13/byte-buddy-agent-1.10.13.jar, /home/spino/.m2/repository/org/objenesis/objenesis/2.6/objenesis-2.6.jar, /home/spino/.m2/repository/com/google/jimfs/jimfs/1.1/jimfs-1.1.jar, /home/spino/.m2/repository/com/google/guava/guava/18.0/guava-18.0.jar, /home/spino/.m2/repository/org/apache/commons/commons-lang3/3.11/commons-lang3-3.11.jar], junit4=false}
[INFO] org.apache.commons.io.FileUtilsCleanSymlinksTestCase:[testCleanDirWithASymlinkDir, testStillClearsIfGivenDirectoryIsASymlink, testCleanDirWithParentSymlinks]
org.apache.commons.io.FileUtilsCleanDirectoryTestCase:[testDeletesRegular, testThrowsOnCannotDeleteFile]
org.apache.commons.io.file.PathUtilsDeleteTest:[testDeleteDirectory1FileSize1OverrideReadOnly, testDeleteDirectory1FileSize0OverrideReadonly]
org.apache.commons.io.file.PathUtilsDeleteFileTest:[testDeleteReadOnlyFileDirectory1FileSize1]
org.apache.commons.io.FileUtilsTestCase:[testDeleteQuietlyDir, testCopyDirectoryToNonExistingDest, testForceDeleteAFile2, testForceDeleteAFile1]
org.apache.commons.io.monitor.FileAlterationObserverTestCase:[testDirectory]
[INFO] Instrument version before commit...
[INFO] Run on /tmp/v1
[INFO] Running in NOCLASSPATH mode (doc: http://spoon.gforge.inria.fr/launcher.html).
[INFO] fr.davidson.diff.jjoules.process.junit5.JJoulesProcessor
Processing org.apache.commons.io.file.PathUtilsDeleteFileTest#testDeleteReadOnlyFileDirectory1FileSize1
Processing org.apache.commons.io.file.PathUtilsDeleteTest#testDeleteDirectory1FileSize0OverrideReadonly
Processing org.apache.commons.io.file.PathUtilsDeleteTest#testDeleteDirectory1FileSize1OverrideReadOnly
Processing org.apache.commons.io.monitor.FileAlterationObserverTestCase#testDirectory
Processing org.apache.commons.io.FileUtilsCleanDirectoryTestCase#testDeletesRegular
Processing org.apache.commons.io.FileUtilsCleanDirectoryTestCase#testThrowsOnCannotDeleteFile
Processing org.apache.commons.io.FileUtilsCleanSymlinksTestCase#testCleanDirWithASymlinkDir
Processing org.apache.commons.io.FileUtilsCleanSymlinksTestCase#testCleanDirWithParentSymlinks
Processing org.apache.commons.io.FileUtilsCleanSymlinksTestCase#testStillClearsIfGivenDirectoryIsASymlink
Processing org.apache.commons.io.FileUtilsTestCase#testCopyDirectoryToNonExistingDest
Processing org.apache.commons.io.FileUtilsTestCase#testForceDeleteAFile1
Processing org.apache.commons.io.FileUtilsTestCase#testForceDeleteAFile2
Processing org.apache.commons.io.FileUtilsTestCase#testDeleteQuietlyDir
[INFO] Printing org.apache.commons.io.FileUtilsCleanDirectoryTestCase to /tmp/v1/src/test/java//org/apache/commons/io/FileUtilsCleanDirectoryTestCase.java
[INFO] Printing org.apache.commons.io.FileUtilsCleanSymlinksTestCase to /tmp/v1/src/test/java//org/apache/commons/io/FileUtilsCleanSymlinksTestCase.java
[INFO] Printing org.apache.commons.io.file.PathUtilsDeleteFileTest to /tmp/v1/src/test/java//org/apache/commons/io/file/PathUtilsDeleteFileTest.java
[INFO] Printing org.apache.commons.io.monitor.FileAlterationObserverTestCase to /tmp/v1/src/test/java//org/apache/commons/io/monitor/FileAlterationObserverTestCase.java
[INFO] Printing org.apache.commons.io.file.PathUtilsDeleteTest to /tmp/v1/src/test/java//org/apache/commons/io/file/PathUtilsDeleteTest.java
[INFO] Printing org.apache.commons.io.FileUtilsTestCase to /tmp/v1/src/test/java//org/apache/commons/io/FileUtilsTestCase.java
[INFO] Injecting JUnit-Jjoules in /tmp/v1/pom.xml
[INFO] Output new POM file in /tmp/v1/pom.xml
[INFO] Instrument version after commit...
[INFO] Run on /tmp/v2/
[INFO] Running in NOCLASSPATH mode (doc: http://spoon.gforge.inria.fr/launcher.html).
[INFO] fr.davidson.diff.jjoules.process.junit5.JJoulesProcessor
Processing org.apache.commons.io.file.PathUtilsDeleteFileTest#testDeleteReadOnlyFileDirectory1FileSize1
Processing org.apache.commons.io.file.PathUtilsDeleteTest#testDeleteDirectory1FileSize0OverrideReadonly
Processing org.apache.commons.io.file.PathUtilsDeleteTest#testDeleteDirectory1FileSize1OverrideReadOnly
Processing org.apache.commons.io.monitor.FileAlterationObserverTestCase#testDirectory
Processing org.apache.commons.io.FileUtilsCleanDirectoryTestCase#testDeletesRegular
Processing org.apache.commons.io.FileUtilsCleanDirectoryTestCase#testThrowsOnCannotDeleteFile
Processing org.apache.commons.io.FileUtilsCleanSymlinksTestCase#testCleanDirWithASymlinkDir
Processing org.apache.commons.io.FileUtilsCleanSymlinksTestCase#testCleanDirWithParentSymlinks
Processing org.apache.commons.io.FileUtilsCleanSymlinksTestCase#testStillClearsIfGivenDirectoryIsASymlink
Processing org.apache.commons.io.FileUtilsTestCase#testCopyDirectoryToNonExistingDest
Processing org.apache.commons.io.FileUtilsTestCase#testForceDeleteAFile1
Processing org.apache.commons.io.FileUtilsTestCase#testForceDeleteAFile2
Processing org.apache.commons.io.FileUtilsTestCase#testDeleteQuietlyDir
[INFO] Printing org.apache.commons.io.FileUtilsCleanDirectoryTestCase to /tmp/v2//src/test/java//org/apache/commons/io/FileUtilsCleanDirectoryTestCase.java
[INFO] Printing org.apache.commons.io.FileUtilsCleanSymlinksTestCase to /tmp/v2//src/test/java//org/apache/commons/io/FileUtilsCleanSymlinksTestCase.java
[INFO] Printing org.apache.commons.io.FileUtilsCleanDirectoryTestCase to /tmp/v2//src/test/java//org/apache/commons/io/FileUtilsCleanDirectoryTestCase.java
[INFO] Printing org.apache.commons.io.FileUtilsCleanSymlinksTestCase to /tmp/v2//src/test/java//org/apache/commons/io/FileUtilsCleanSymlinksTestCase.java
[INFO] Printing org.apache.commons.io.file.PathUtilsDeleteFileTest to /tmp/v2//src/test/java//org/apache/commons/io/file/PathUtilsDeleteFileTest.java
[INFO] Printing org.apache.commons.io.monitor.FileAlterationObserverTestCase to /tmp/v2//src/test/java//org/apache/commons/io/monitor/FileAlterationObserverTestCase.java
[INFO] Printing org.apache.commons.io.file.PathUtilsDeleteTest to /tmp/v2//src/test/java//org/apache/commons/io/file/PathUtilsDeleteTest.java
[INFO] Printing org.apache.commons.io.file.PathUtilsDeleteTest to /tmp/v2//src/test/java//org/apache/commons/io/file/PathUtilsDeleteTest.java
[INFO] Printing org.apache.commons.io.FileUtilsTestCase to /tmp/v2//src/test/java//org/apache/commons/io/FileUtilsTestCase.java
[INFO] Printing org.apache.commons.io.FileUtilsTestCase to /tmp/v2//src/test/java//org/apache/commons/io/FileUtilsTestCase.java
[INFO] Injecting JUnit-Jjoules in /tmp/v2//pom.xml
[INFO] Output new POM file in /tmp/v2//pom.xml
[INFO] ------------------------------------------------------------------------
[INFO] BUILD SUCCESS
[INFO] ------------------------------------------------------------------------
[INFO] Total time:  18.579 s
[INFO] Finished at: 2020-12-27T21:04:57+01:00
[INFO] ------------------------------------------------------------------------
