[INFO] Scanning for projects...
[WARNING] 
[WARNING] Some problems were encountered while building the effective model for com.google.code.gson:gson:jar:2.8.1-SNAPSHOT
[WARNING] 'build.plugins.plugin.version' for org.apache.maven.plugins:maven-jar-plugin is missing. @ com.google.code.gson:gson:[unknown-version], /tmp/v1/gson/pom.xml, line 46, column 15
[WARNING] 
[WARNING] It is highly recommended to fix these problems because they threaten the stability of your build.
[WARNING] 
[WARNING] For this reason, future Maven versions might no longer support building such malformed projects.
[WARNING] 
[INFO] 
[INFO] ---------------------< com.google.code.gson:gson >----------------------
[INFO] Building Gson 2.8.1-SNAPSHOT
[INFO] --------------------------------[ jar ]---------------------------------
[INFO] 
[INFO] --- maven-clean-plugin:2.5:clean (default-clean) @ gson ---
[INFO] Deleting /tmp/v1/gson/target
[INFO] 
[INFO] --- maven-enforcer-plugin:1.0:enforce (enforce-maven) @ gson ---
[INFO] 
[INFO] --- maven-resources-plugin:2.6:resources (default-resources) @ gson ---
[INFO] Using 'UTF-8' encoding to copy filtered resources.
[INFO] skip non existing resourceDirectory /tmp/v1/gson/src/main/resources
[INFO] 
[INFO] --- maven-compiler-plugin:3.0:compile (default-compile) @ gson ---
[INFO] Changes detected - recompiling the module!
[INFO] Compiling 67 source files to /tmp/v1/gson/target/classes
[WARNING] /tmp/v1/gson/src/main/java/com/google/gson/internal/ConstructorConstructor.java: /tmp/v1/gson/src/main/java/com/google/gson/internal/ConstructorConstructor.java uses or overrides a deprecated API.
[WARNING] /tmp/v1/gson/src/main/java/com/google/gson/internal/ConstructorConstructor.java: Recompile with -Xlint:deprecation for details.
[INFO] 
[INFO] --- bnd-maven-plugin:3.1.0:bnd-process (default) @ gson ---
[WARNING] Export com.google.gson,  has 1,  private references [com.google.gson.internal], 
[INFO] 
[INFO] --- maven-resources-plugin:2.6:testResources (default-testResources) @ gson ---
[INFO] Using 'UTF-8' encoding to copy filtered resources.
[INFO] skip non existing resourceDirectory /tmp/v1/gson/src/test/resources
[INFO] 
[INFO] --- maven-compiler-plugin:3.0:testCompile (default-testCompile) @ gson ---
[INFO] Changes detected - recompiling the module!
[INFO] Compiling 96 source files to /tmp/v1/gson/target/test-classes
[WARNING] /tmp/v1/gson/src/test/java/com/google/gson/common/MoreAsserts.java: Some input files use or override a deprecated API.
[WARNING] /tmp/v1/gson/src/test/java/com/google/gson/common/MoreAsserts.java: Recompile with -Xlint:deprecation for details.
[INFO] 
[INFO] --- maven-surefire-plugin:2.12.4:test (default-test) @ gson ---
[INFO] Tests are skipped.
[INFO] 
[INFO] --- maven-dependency-plugin:2.8:build-classpath (default-cli) @ gson ---
[INFO] Skipped writing classpath file '/tmp/v1/gson/classpath'.  No changes found.
[INFO] 
[INFO] --- diff-jjoules:0.0.1-SNAPSHOT:class-instrument (default-cli) @ gson ---
[INFO] Running on:
[INFO] /tmp/v1/gson
[INFO] /tmp/v2/gson/
[INFO] Enable JUnit4 mode
[INFO] Configuration{pathToFirstVersion='/tmp/v1/gson', pathToSecondVersion='/tmp/v2/gson/', pathToTestListAsCSV='/tmp/v1/gson/testsThatExecuteTheChange.csv'}
[INFO] com.google.gson.functional.NamingPolicyTest:[testGsonWithNonDefaultFieldNamingPolicyDeserialiation, testGsonWithUpperCamelCaseSpacesPolicySerialiation, testGsonWithNonDefaultFieldNamingPolicySerialization, testGsonWithUpperCamelCaseSpacesPolicyDeserialiation]
com.google.gson.functional.MapTest:[testInterfaceTypeMap, testInterfaceTypeMapWithSerializer, testGeneralMapField]
com.google.gson.functional.MapAsArrayTypeAdapterTest:[testMultipleEnableComplexKeyRegistrationHasNoEffect, testSerializeComplexMapWithTypeAdapter, testMapWithTypeVariableSerialization]
com.google.gson.functional.FieldNamingTest:[testUpperCamelCaseWithSpaces, testUpperCamelCase]
[INFO] Instrument version before commit...
[INFO] Run on /tmp/v1/gson
[INFO] Running in NOCLASSPATH mode (doc: http://spoon.gforge.inria.fr/launcher.html).
[INFO] fr.davidson.diff.jjoules.class_instrumentation.process.JJoulesProcessor
Processing com.google.gson.functional.FieldNamingTest#testUpperCamelCase
Processing com.google.gson.functional.FieldNamingTest#testUpperCamelCaseWithSpaces
Processing com.google.gson.functional.MapAsArrayTypeAdapterTest#testSerializeComplexMapWithTypeAdapter
Processing com.google.gson.functional.MapAsArrayTypeAdapterTest#testMultipleEnableComplexKeyRegistrationHasNoEffect
Processing com.google.gson.functional.MapAsArrayTypeAdapterTest#testMapWithTypeVariableSerialization
Processing com.google.gson.functional.MapTest#testInterfaceTypeMap
Processing com.google.gson.functional.MapTest#testInterfaceTypeMapWithSerializer
Processing com.google.gson.functional.MapTest#testGeneralMapField
Processing com.google.gson.functional.NamingPolicyTest#testGsonWithNonDefaultFieldNamingPolicySerialization
Processing com.google.gson.functional.NamingPolicyTest#testGsonWithNonDefaultFieldNamingPolicyDeserialiation
Processing com.google.gson.functional.NamingPolicyTest#testGsonWithUpperCamelCaseSpacesPolicySerialiation
Processing com.google.gson.functional.NamingPolicyTest#testGsonWithUpperCamelCaseSpacesPolicyDeserialiation
[INFO] Processing Done...
[INFO] Printing com.google.gson.functional.MapTest_testGeneralMapField to /tmp/v1/gson/src/test/java//com/google/gson/functional/MapTest_testGeneralMapField.java
[INFO] Printing com.google.gson.functional.MapAsArrayTypeAdapterTest_testSerializeComplexMapWithTypeAdapter to /tmp/v1/gson/src/test/java//com/google/gson/functional/MapAsArrayTypeAdapterTest_testSerializeComplexMapWithTypeAdapter.java
[INFO] Printing com.google.gson.functional.NamingPolicyTest_testGsonWithNonDefaultFieldNamingPolicySerialization to /tmp/v1/gson/src/test/java//com/google/gson/functional/NamingPolicyTest_testGsonWithNonDefaultFieldNamingPolicySerialization.java
[INFO] Printing com.google.gson.functional.MapAsArrayTypeAdapterTest_testMapWithTypeVariableSerialization to /tmp/v1/gson/src/test/java//com/google/gson/functional/MapAsArrayTypeAdapterTest_testMapWithTypeVariableSerialization.java
[INFO] Printing com.google.gson.functional.MapTest_testInterfaceTypeMapWithSerializer to /tmp/v1/gson/src/test/java//com/google/gson/functional/MapTest_testInterfaceTypeMapWithSerializer.java
[INFO] Printing com.google.gson.functional.NamingPolicyTest_testGsonWithUpperCamelCaseSpacesPolicySerialiation to /tmp/v1/gson/src/test/java//com/google/gson/functional/NamingPolicyTest_testGsonWithUpperCamelCaseSpacesPolicySerialiation.java
[INFO] Printing com.google.gson.functional.FieldNamingTest_testUpperCamelCaseWithSpaces to /tmp/v1/gson/src/test/java//com/google/gson/functional/FieldNamingTest_testUpperCamelCaseWithSpaces.java
[INFO] Printing com.google.gson.functional.MapTest_testInterfaceTypeMap to /tmp/v1/gson/src/test/java//com/google/gson/functional/MapTest_testInterfaceTypeMap.java
[INFO] Printing com.google.gson.functional.NamingPolicyTest_testGsonWithUpperCamelCaseSpacesPolicyDeserialiation to /tmp/v1/gson/src/test/java//com/google/gson/functional/NamingPolicyTest_testGsonWithUpperCamelCaseSpacesPolicyDeserialiation.java
[INFO] Printing com.google.gson.functional.FieldNamingTest_testUpperCamelCase to /tmp/v1/gson/src/test/java//com/google/gson/functional/FieldNamingTest_testUpperCamelCase.java
[INFO] Printing com.google.gson.functional.MapAsArrayTypeAdapterTest_testMultipleEnableComplexKeyRegistrationHasNoEffect to /tmp/v1/gson/src/test/java//com/google/gson/functional/MapAsArrayTypeAdapterTest_testMultipleEnableComplexKeyRegistrationHasNoEffect.java
[INFO] Printing com.google.gson.functional.NamingPolicyTest_testGsonWithNonDefaultFieldNamingPolicyDeserialiation to /tmp/v1/gson/src/test/java//com/google/gson/functional/NamingPolicyTest_testGsonWithNonDefaultFieldNamingPolicyDeserialiation.java
[INFO] Injecting JUnit-Jjoules in /tmp/v1/gson/pom.xml
[INFO] Output new POM file in /tmp/v1/gson/pom.xml
[INFO] Instrument version after commit...
[INFO] Run on /tmp/v2/gson/
[INFO] Running in NOCLASSPATH mode (doc: http://spoon.gforge.inria.fr/launcher.html).
[INFO] fr.davidson.diff.jjoules.class_instrumentation.process.JJoulesProcessor
Processing com.google.gson.functional.FieldNamingTest#testUpperCamelCase
Processing com.google.gson.functional.FieldNamingTest#testUpperCamelCaseWithSpaces
Processing com.google.gson.functional.MapAsArrayTypeAdapterTest#testSerializeComplexMapWithTypeAdapter
Processing com.google.gson.functional.MapAsArrayTypeAdapterTest#testMultipleEnableComplexKeyRegistrationHasNoEffect
Processing com.google.gson.functional.MapAsArrayTypeAdapterTest#testMapWithTypeVariableSerialization
Processing com.google.gson.functional.MapTest#testInterfaceTypeMap
Processing com.google.gson.functional.MapTest#testInterfaceTypeMapWithSerializer
Processing com.google.gson.functional.MapTest#testGeneralMapField
Processing com.google.gson.functional.NamingPolicyTest#testGsonWithNonDefaultFieldNamingPolicySerialization
Processing com.google.gson.functional.NamingPolicyTest#testGsonWithNonDefaultFieldNamingPolicyDeserialiation
Processing com.google.gson.functional.NamingPolicyTest#testGsonWithUpperCamelCaseSpacesPolicySerialiation
Processing com.google.gson.functional.NamingPolicyTest#testGsonWithUpperCamelCaseSpacesPolicyDeserialiation
[INFO] Processing Done...
[INFO] Printing com.google.gson.functional.MapTest_testGeneralMapField to /tmp/v2/gson//src/test/java//com/google/gson/functional/MapTest_testGeneralMapField.java
[INFO] Printing com.google.gson.functional.MapAsArrayTypeAdapterTest_testSerializeComplexMapWithTypeAdapter to /tmp/v2/gson//src/test/java//com/google/gson/functional/MapAsArrayTypeAdapterTest_testSerializeComplexMapWithTypeAdapter.java
[INFO] Printing com.google.gson.functional.NamingPolicyTest_testGsonWithNonDefaultFieldNamingPolicySerialization to /tmp/v2/gson//src/test/java//com/google/gson/functional/NamingPolicyTest_testGsonWithNonDefaultFieldNamingPolicySerialization.java
[INFO] Printing com.google.gson.functional.MapAsArrayTypeAdapterTest_testMapWithTypeVariableSerialization to /tmp/v2/gson//src/test/java//com/google/gson/functional/MapAsArrayTypeAdapterTest_testMapWithTypeVariableSerialization.java
[INFO] Printing com.google.gson.functional.MapTest_testInterfaceTypeMapWithSerializer to /tmp/v2/gson//src/test/java//com/google/gson/functional/MapTest_testInterfaceTypeMapWithSerializer.java
[INFO] Printing com.google.gson.functional.NamingPolicyTest_testGsonWithUpperCamelCaseSpacesPolicySerialiation to /tmp/v2/gson//src/test/java//com/google/gson/functional/NamingPolicyTest_testGsonWithUpperCamelCaseSpacesPolicySerialiation.java
[INFO] Printing com.google.gson.functional.FieldNamingTest_testUpperCamelCaseWithSpaces to /tmp/v2/gson//src/test/java//com/google/gson/functional/FieldNamingTest_testUpperCamelCaseWithSpaces.java
[INFO] Printing com.google.gson.functional.MapTest_testInterfaceTypeMap to /tmp/v2/gson//src/test/java//com/google/gson/functional/MapTest_testInterfaceTypeMap.java
[INFO] Printing com.google.gson.functional.NamingPolicyTest_testGsonWithUpperCamelCaseSpacesPolicyDeserialiation to /tmp/v2/gson//src/test/java//com/google/gson/functional/NamingPolicyTest_testGsonWithUpperCamelCaseSpacesPolicyDeserialiation.java
[INFO] Printing com.google.gson.functional.FieldNamingTest_testUpperCamelCase to /tmp/v2/gson//src/test/java//com/google/gson/functional/FieldNamingTest_testUpperCamelCase.java
[INFO] Printing com.google.gson.functional.MapAsArrayTypeAdapterTest_testMultipleEnableComplexKeyRegistrationHasNoEffect to /tmp/v2/gson//src/test/java//com/google/gson/functional/MapAsArrayTypeAdapterTest_testMultipleEnableComplexKeyRegistrationHasNoEffect.java
[INFO] Printing com.google.gson.functional.NamingPolicyTest_testGsonWithNonDefaultFieldNamingPolicyDeserialiation to /tmp/v2/gson//src/test/java//com/google/gson/functional/NamingPolicyTest_testGsonWithNonDefaultFieldNamingPolicyDeserialiation.java
[INFO] Injecting JUnit-Jjoules in /tmp/v2/gson//pom.xml
[INFO] Output new POM file in /tmp/v2/gson//pom.xml
[INFO] ------------------------------------------------------------------------
[INFO] BUILD SUCCESS
[INFO] ------------------------------------------------------------------------
[INFO] Total time:  16.450 s
[INFO] Finished at: 2021-01-20T22:28:54+01:00
[INFO] ------------------------------------------------------------------------
