[INFO] Scanning for projects...
[INFO] 
[INFO] -----------------------< commons-io:commons-io >------------------------
[INFO] Building Commons IO 2.5-SNAPSHOT
[INFO] --------------------------------[ jar ]---------------------------------
[INFO] 
[INFO] --- maven-clean-plugin:2.5:clean (default-clean) @ commons-io ---
[INFO] Deleting /tmp/v1/target
[INFO] 
[INFO] --- maven-antrun-plugin:1.7:run (javadoc.resources) @ commons-io ---
[INFO] Executing tasks

main:
     [copy] Copying 2 files to /tmp/v1/target/apidocs/META-INF
[INFO] Executed tasks
[INFO] 
[INFO] --- maven-remote-resources-plugin:1.3:process (default) @ commons-io ---
[INFO] 
[INFO] --- buildnumber-maven-plugin:1.1:create (default) @ commons-io ---
[INFO] Checking for local modifications: skipped.
[INFO] Updating project files from SCM: skipped.
[INFO] Executing: /bin/sh -c cd /tmp/v1 && svn --non-interactive info
[INFO] Working directory: /tmp/v1
[INFO] Storing buildNumber: ?????? at timestamp: 1610567085619
[INFO] Executing: /bin/sh -c cd /tmp/v1 && svn --non-interactive info
[INFO] Working directory: /tmp/v1
[INFO] Storing buildScmBranch: UNKNOWN_BRANCH
[INFO] 
[INFO] --- maven-resources-plugin:2.6:resources (default-resources) @ commons-io ---
[INFO] Using 'iso-8859-1' encoding to copy filtered resources.
[INFO] skip non existing resourceDirectory /tmp/v1/src/main/resources
[INFO] Copying 2 resources to META-INF
[INFO] 
[INFO] --- maven-compiler-plugin:2.5.1:compile (default-compile) @ commons-io ---
[INFO] Compiling 103 source files to /tmp/v1/target/classes
[INFO] 
[INFO] --- maven-bundle-plugin:2.3.7:manifest (bundle-manifest) @ commons-io ---
[INFO] 
[INFO] --- maven-resources-plugin:2.6:testResources (default-testResources) @ commons-io ---
[INFO] Using 'iso-8859-1' encoding to copy filtered resources.
[INFO] Copying 15 resources
[INFO] Copying 2 resources to META-INF
[INFO] 
[INFO] --- maven-compiler-plugin:2.5.1:testCompile (default-testCompile) @ commons-io ---
[INFO] Compiling 95 source files to /tmp/v1/target/test-classes
[INFO] 
[INFO] --- maven-surefire-plugin:2.12.3:test (default-test) @ commons-io ---
[INFO] Tests are skipped.
[INFO] 
[INFO] --- maven-dependency-plugin:2.8:build-classpath (default-cli) @ commons-io ---
[INFO] Skipped writing classpath file '/tmp/v1/classpath'.  No changes found.
[INFO] 
[INFO] --- diff-jjoules:0.0.1-SNAPSHOT:instrument (default-cli) @ commons-io ---
[INFO] Running on:
[INFO] /tmp/v1
[INFO] /tmp/v2/
[INFO] Enable JUnit4 mode
[INFO] Configuration{pathToFirstVersion='/tmp/v1', pathToSecondVersion='/tmp/v2/', pathToTestListAsCSV='/tmp/v1/testsThatExecuteTheChange.csv', classpath=[/home/spino/.m2/repository/junit/junit/4.10/junit-4.10.jar, /home/spino/.m2/repository/org/hamcrest/hamcrest-core/1.1/hamcrest-core-1.1.jar], junit4=true}
[INFO] org.apache.commons.io.input.CountingInputStreamTest:[testLargeFiles_IO84]
org.apache.commons.io.IOUtilsCopyTestCase:[testCopy_inputStreamToOutputStream_IO84, testCopy_inputStreamToOutputStream_nullOut, testCopy_inputStreamToOutputStream, testCopy_inputStreamToOutputStream_nullIn]
org.apache.commons.io.output.CountingOutputStreamTest:[testLargeFiles_IO84]
org.apache.commons.io.IOUtilsTestCase:[testByteArrayToString, testToByteArrayFromURI, testStringToInputStream, testInputStreamToByteArray, testByteArrayToWriter, testToByteArrayFromURLConnection, testByteArrayToOutputStream, testCharSequenceToInputStream, testInputStreamToBufferedInputStream, testToByteArrayFromURL]
org.apache.commons.io.input.BoundedInputStreamTest:[testReadArray]
org.apache.commons.io.FileUtilsTestCase:[testContentEquals, testChecksumCRC32, testCopyURLToFileWithTimeout, testChecksumOnNullChecksum, testChecksumDouble, testChecksum, testCopyFileToOutputStream, testCopyURLToFile]
org.apache.commons.io.output.DeferredFileOutputStreamTest:[testWriteToLarge]
[INFO] Instrument version before commit...
[INFO] Run on /tmp/v1
[INFO] Running in NOCLASSPATH mode (doc: http://spoon.gforge.inria.fr/launcher.html).
[INFO] fr.davidson.diff.jjoules.process.junit4.JJoulesProcessor
Processing org.apache.commons.io.input.BoundedInputStreamTest#testReadArray
Processing org.apache.commons.io.input.CountingInputStreamTest#testLargeFiles_IO84
Processing org.apache.commons.io.output.CountingOutputStreamTest#testLargeFiles_IO84
Processing org.apache.commons.io.output.DeferredFileOutputStreamTest#testWriteToLarge
Processing org.apache.commons.io.FileUtilsTestCase#testContentEquals
Processing org.apache.commons.io.FileUtilsTestCase#testCopyURLToFile
Processing org.apache.commons.io.FileUtilsTestCase#testCopyURLToFileWithTimeout
Processing org.apache.commons.io.FileUtilsTestCase#testCopyFileToOutputStream
Processing org.apache.commons.io.FileUtilsTestCase#testChecksumCRC32
Processing org.apache.commons.io.FileUtilsTestCase#testChecksum
Processing org.apache.commons.io.FileUtilsTestCase#testChecksumOnNullChecksum
Processing org.apache.commons.io.FileUtilsTestCase#testChecksumDouble
Processing org.apache.commons.io.IOUtilsCopyTestCase#testCopy_inputStreamToOutputStream
Processing org.apache.commons.io.IOUtilsCopyTestCase#testCopy_inputStreamToOutputStream_nullIn
Processing org.apache.commons.io.IOUtilsCopyTestCase#testCopy_inputStreamToOutputStream_nullOut
Processing org.apache.commons.io.IOUtilsCopyTestCase#testCopy_inputStreamToOutputStream_IO84
Processing org.apache.commons.io.IOUtilsTestCase#testInputStreamToByteArray
Processing org.apache.commons.io.IOUtilsTestCase#testInputStreamToBufferedInputStream
Processing org.apache.commons.io.IOUtilsTestCase#testByteArrayToWriter
Processing org.apache.commons.io.IOUtilsTestCase#testByteArrayToString
Processing org.apache.commons.io.IOUtilsTestCase#testToByteArrayFromURI
Processing org.apache.commons.io.IOUtilsTestCase#testToByteArrayFromURL
Processing org.apache.commons.io.IOUtilsTestCase#testToByteArrayFromURLConnection
Processing org.apache.commons.io.IOUtilsTestCase#testCharSequenceToInputStream
Processing org.apache.commons.io.IOUtilsTestCase#testStringToInputStream
Processing org.apache.commons.io.IOUtilsTestCase#testByteArrayToOutputStream
[INFO] Printing org.apache.commons.io.output.DeferredFileOutputStreamTest to /tmp/v1/src/test/java//org/apache/commons/io/output/DeferredFileOutputStreamTest.java
[INFO] Printing org.apache.commons.io.input.BoundedInputStreamTest to /tmp/v1/src/test/java//org/apache/commons/io/input/BoundedInputStreamTest.java
[INFO] Printing org.apache.commons.io.input.CountingInputStreamTest to /tmp/v1/src/test/java//org/apache/commons/io/input/CountingInputStreamTest.java
[INFO] Printing org.apache.commons.io.IOUtilsCopyTestCase to /tmp/v1/src/test/java//org/apache/commons/io/IOUtilsCopyTestCase.java
[INFO] Printing org.apache.commons.io.output.CountingOutputStreamTest to /tmp/v1/src/test/java//org/apache/commons/io/output/CountingOutputStreamTest.java
[INFO] Printing org.apache.commons.io.FileUtilsTestCase to /tmp/v1/src/test/java//org/apache/commons/io/FileUtilsTestCase.java
[INFO] Printing org.apache.commons.io.IOUtilsTestCase to /tmp/v1/src/test/java//org/apache/commons/io/IOUtilsTestCase.java
[INFO] Injecting JUnit-Jjoules in /tmp/v1/pom.xml
[INFO] Output new POM file in /tmp/v1/pom.xml
[INFO] Instrument version after commit...
[INFO] Run on /tmp/v2/
[INFO] Running in NOCLASSPATH mode (doc: http://spoon.gforge.inria.fr/launcher.html).
[INFO] fr.davidson.diff.jjoules.process.junit4.JJoulesProcessor
Processing org.apache.commons.io.input.BoundedInputStreamTest#testReadArray
Processing org.apache.commons.io.input.CountingInputStreamTest#testLargeFiles_IO84
Processing org.apache.commons.io.output.CountingOutputStreamTest#testLargeFiles_IO84
Processing org.apache.commons.io.output.DeferredFileOutputStreamTest#testWriteToLarge
Processing org.apache.commons.io.FileUtilsTestCase#testContentEquals
Processing org.apache.commons.io.FileUtilsTestCase#testCopyURLToFile
Processing org.apache.commons.io.FileUtilsTestCase#testCopyURLToFileWithTimeout
Processing org.apache.commons.io.FileUtilsTestCase#testCopyFileToOutputStream
Processing org.apache.commons.io.FileUtilsTestCase#testChecksumCRC32
Processing org.apache.commons.io.FileUtilsTestCase#testChecksum
Processing org.apache.commons.io.FileUtilsTestCase#testChecksumOnNullChecksum
Processing org.apache.commons.io.FileUtilsTestCase#testChecksumDouble
Processing org.apache.commons.io.IOUtilsCopyTestCase#testCopy_inputStreamToOutputStream
Processing org.apache.commons.io.IOUtilsCopyTestCase#testCopy_inputStreamToOutputStream_nullIn
Processing org.apache.commons.io.IOUtilsCopyTestCase#testCopy_inputStreamToOutputStream_nullOut
Processing org.apache.commons.io.IOUtilsCopyTestCase#testCopy_inputStreamToOutputStream_IO84
Processing org.apache.commons.io.IOUtilsTestCase#testInputStreamToByteArray
Processing org.apache.commons.io.IOUtilsTestCase#testInputStreamToBufferedInputStream
Processing org.apache.commons.io.IOUtilsTestCase#testByteArrayToWriter
Processing org.apache.commons.io.IOUtilsTestCase#testByteArrayToString
Processing org.apache.commons.io.IOUtilsTestCase#testToByteArrayFromURI
Processing org.apache.commons.io.IOUtilsTestCase#testToByteArrayFromURL
Processing org.apache.commons.io.IOUtilsTestCase#testToByteArrayFromURLConnection
Processing org.apache.commons.io.IOUtilsTestCase#testCharSequenceToInputStream
Processing org.apache.commons.io.IOUtilsTestCase#testStringToInputStream
Processing org.apache.commons.io.IOUtilsTestCase#testByteArrayToOutputStream
[INFO] Printing org.apache.commons.io.output.DeferredFileOutputStreamTest to /tmp/v2//src/test/java//org/apache/commons/io/output/DeferredFileOutputStreamTest.java
[INFO] Printing org.apache.commons.io.input.BoundedInputStreamTest to /tmp/v2//src/test/java//org/apache/commons/io/input/BoundedInputStreamTest.java
[INFO] Printing org.apache.commons.io.input.CountingInputStreamTest to /tmp/v2//src/test/java//org/apache/commons/io/input/CountingInputStreamTest.java
[INFO] Printing org.apache.commons.io.IOUtilsCopyTestCase to /tmp/v2//src/test/java//org/apache/commons/io/IOUtilsCopyTestCase.java
[INFO] Printing org.apache.commons.io.IOUtilsCopyTestCase to /tmp/v2//src/test/java//org/apache/commons/io/IOUtilsCopyTestCase.java
[INFO] Printing org.apache.commons.io.output.CountingOutputStreamTest to /tmp/v2//src/test/java//org/apache/commons/io/output/CountingOutputStreamTest.java
[INFO] Printing org.apache.commons.io.FileUtilsTestCase to /tmp/v2//src/test/java//org/apache/commons/io/FileUtilsTestCase.java
[INFO] Printing org.apache.commons.io.IOUtilsTestCase to /tmp/v2//src/test/java//org/apache/commons/io/IOUtilsTestCase.java
[INFO] Printing org.apache.commons.io.FileUtilsTestCase to /tmp/v2//src/test/java//org/apache/commons/io/FileUtilsTestCase.java
[INFO] Printing org.apache.commons.io.IOUtilsTestCase to /tmp/v2//src/test/java//org/apache/commons/io/IOUtilsTestCase.java
[INFO] Injecting JUnit-Jjoules in /tmp/v2//pom.xml
[INFO] Output new POM file in /tmp/v2//pom.xml
[INFO] ------------------------------------------------------------------------
[INFO] BUILD SUCCESS
[INFO] ------------------------------------------------------------------------
[INFO] Total time:  13.041 s
[INFO] Finished at: 2021-01-13T20:44:57+01:00
[INFO] ------------------------------------------------------------------------
