[INFO] Scanning for projects...
[INFO] 
[INFO] ---------------------< com.google.code.gson:gson >----------------------
[INFO] Building Gson 1.8-SNAPSHOT
[INFO] --------------------------------[ jar ]---------------------------------
[INFO] 
[INFO] --- maven-clean-plugin:2.5:clean (default-clean) @ gson ---
[INFO] Deleting /tmp/v1/gson/target
[INFO] 
[INFO] --- cobertura-maven-plugin:2.4:clean (clean) @ gson ---
[INFO] 
[INFO] --- maven-enforcer-plugin:1.0-beta-1:enforce (enforce-maven) @ gson ---
[INFO] 
[INFO] --- maven-resources-plugin:2.6:resources (default-resources) @ gson ---
[INFO] Using 'UTF-8' encoding to copy filtered resources.
[INFO] skip non existing resourceDirectory /tmp/v1/gson/src/main/resources
[INFO] 
[INFO] --- maven-compiler-plugin:2.3.2:compile (default-compile) @ gson ---
[INFO] Compiling 103 source files to /tmp/v1/gson/target/classes
[INFO] 
[INFO] --- maven-resources-plugin:2.6:testResources (default-testResources) @ gson ---
[INFO] Using 'UTF-8' encoding to copy filtered resources.
[INFO] skip non existing resourceDirectory /tmp/v1/gson/src/test/resources
[INFO] 
[INFO] --- maven-compiler-plugin:2.3.2:testCompile (default-testCompile) @ gson ---
[INFO] Compiling 87 source files to /tmp/v1/gson/target/test-classes
[INFO] 
[INFO] --- maven-surefire-plugin:2.12.4:test (default-test) @ gson ---
[INFO] Tests are skipped.
[INFO] 
[INFO] --- maven-dependency-plugin:2.8:build-classpath (default-cli) @ gson ---
[INFO] Skipped writing classpath file '/tmp/v1/gson/classpath'.  No changes found.
[INFO] 
[INFO] --- diff-jjoules:0.0.1-SNAPSHOT:instrument (default-cli) @ gson ---
[INFO] Running on:
[INFO] /tmp/v1/gson
[INFO] /tmp/v2/gson/
[INFO] Enable JUnit4 mode
[INFO] Configuration{pathToFirstVersion='/tmp/v1/gson', pathToSecondVersion='/tmp/v2/gson/', pathToTestListAsCSV='/tmp/v1/gson/testsThatExecuteTheChange.csv', classpath=[/home/spino/.m2/repository/junit/junit/3.8.2/junit-3.8.2.jar], junit4=true}
[INFO] com.google.gson.functional.CollectionTest:[testWildcardCollectionField, testNullsInListDeserialization, testCollectionOfStringsDeserialization, testLinkedListDeserialization]
com.google.gson.functional.InternationalizationTest:[testStringsWithRawChineseCharactersDeserialization, testStringsWithUnicodeChineseCharactersDeserialization, testStringsWithUnicodeChineseCharactersEscapedDeserialization]
com.google.gson.functional.ParameterizedTypesTest:[testParameterizedTypeWithReaderDeserialization, testParameterizedTypeDeserialization]
com.google.gson.MixedStreamTest:[testReadInvalidState]
com.google.gson.functional.StringTest:[testEscapingQuotesInStringDeserialization, testEscapingQuotesInStringSerialization, testEscapedCtrlRInStringDeserialization, testStringValueAsSingleElementArrayDeserialization, testSingleQuoteInStringSerialization, testJavascriptKeywordsInStringDeserialization, testStringValueDeserialization, testEscapedBackslashInStringDeserialization, testStringWithEscapedSlashDeserialization, testSingleQuoteInStringDeserialization, testEscapedCtrlNInStringDeserialization, testAssignmentCharDeserialization]
com.google.gson.functional.NullObjectAndFieldTest:[testTopLevelNullObjectDeserialization]
com.google.gson.functional.EscapingTest:[testEscapingQuotesInStringArray, testGsonDoubleDeserialization, testGsonAcceptsEscapedAndNonEscapedJsonDeserialization, testEscapingObjectFields]
com.google.gson.functional.NamingPolicyTest:[testGsonWithLowerCaseDashPolicyDeserialiation, testGsonWithNonDefaultFieldNamingPolicyDeserialiation, testGsonWithLowerCaseUnderscorePolicyDeserialiation, testGsonWithUpperCamelCaseSpacesPolicyDeserialiation]
com.google.gson.functional.TypeVariableTest:[testAdvancedTypeVariables, testTypeVariablesViaTypeParameter]
com.google.gson.functional.UncategorizedTest:[testGsonInstanceReusableForSerializationAndDeserialization]
com.google.gson.CommentsTest:[testParseComments]
com.google.gson.functional.ReadersWritersTest:[testReadWriteTwoStrings, testReadWriteTwoObjects, testReaderForDeserialization]
com.google.gson.functional.InheritanceTest:[testSubClassDeserialization]
com.google.gson.functional.InstanceCreatorTest:[testInstanceCreatorReturnsBaseType, testInstanceCreatorReturnsSubTypeForField, testInstanceCreatorReturnsSubTypeForTopLevelObject]
com.google.gson.functional.ObjectTest:[testNestedDeserialization, testJsonInMixedQuotesDeserialization, testObjectFieldNamesWithoutQuotesDeserialization, testArrayOfObjectsDeserialization, testBagOfPrimitivesDeserialization, testNullFieldsDeserialization, testJsonInSingleQuotesDeserialization, testStringFieldWithNumberValueDeserialization, testTruncatedDeserialization]
com.google.gson.functional.ArrayTest:[testArrayOfNullDeserialization, testArrayOfStringsDeserialization, testSingleStringArrayDeserialization, testMultidimenstionalArraysDeserialization, testNullsInArrayDeserialization]
com.google.gson.functional.SecurityTest:[testJsonWithNonExectuableTokenWithRegularGsonDeserialization, testJsonWithNonExectuableTokenWithConfiguredGsonDeserialization]
com.google.gson.internal.bind.MiniGsonTest:[testDeserialize]
com.google.gson.functional.MapTest:[testMapStandardSubclassDeserialization, testMapOfMapDeserialization, testMapDeserializationWithIntegerKeys]
com.google.gson.functional.JsonParserTest:[testBadFieldTypeForCustomDeserializerCustomTree, testChangingCustomTreeAndDeserializing, testExtraCommasInMaps, testDeserializingCustomTree, testExtraCommasInArrays]
com.google.gson.functional.PrimitiveTest:[testUnquotedStringDeserializationFails, testQuotedStringSerializationAndDeserialization]
com.google.gson.JsonParserTest:[testReadWriteTwoObjects]
com.google.gson.GsonTypeAdapterTest:[testTypeAdapterDoesNotAffectNonAdaptedTypes]
com.google.gson.functional.DefaultTypeAdaptersTest:[testTreeSetDeserialization]
[INFO] Instrument version before commit...
[INFO] Run on /tmp/v1/gson
[INFO] Running in NOCLASSPATH mode (doc: http://spoon.gforge.inria.fr/launcher.html).
[INFO] fr.davidson.diff.jjoules.process.junit4.JJoulesProcessor
Processing com.google.gson.functional.ArrayTest#testNullsInArrayDeserialization
Processing com.google.gson.functional.ArrayTest#testArrayOfStringsDeserialization
Processing com.google.gson.functional.ArrayTest#testSingleStringArrayDeserialization
Processing com.google.gson.functional.ArrayTest#testArrayOfNullDeserialization
Processing com.google.gson.functional.ArrayTest#testMultidimenstionalArraysDeserialization
Processing com.google.gson.functional.CollectionTest#testLinkedListDeserialization
Processing com.google.gson.functional.CollectionTest#testNullsInListDeserialization
Processing com.google.gson.functional.CollectionTest#testCollectionOfStringsDeserialization
Processing com.google.gson.functional.CollectionTest#testWildcardCollectionField
Processing com.google.gson.functional.DefaultTypeAdaptersTest#testTreeSetDeserialization
Processing com.google.gson.functional.EscapingTest#testEscapingQuotesInStringArray
Processing com.google.gson.functional.EscapingTest#testEscapingObjectFields
Processing com.google.gson.functional.EscapingTest#testGsonAcceptsEscapedAndNonEscapedJsonDeserialization
Processing com.google.gson.functional.EscapingTest#testGsonDoubleDeserialization
Processing com.google.gson.functional.InheritanceTest#testSubClassDeserialization
Processing com.google.gson.functional.InstanceCreatorTest#testInstanceCreatorReturnsBaseType
Processing com.google.gson.functional.InstanceCreatorTest#testInstanceCreatorReturnsSubTypeForTopLevelObject
Processing com.google.gson.functional.InstanceCreatorTest#testInstanceCreatorReturnsSubTypeForField
Processing com.google.gson.functional.InternationalizationTest#testStringsWithRawChineseCharactersDeserialization
Processing com.google.gson.functional.InternationalizationTest#testStringsWithUnicodeChineseCharactersDeserialization
Processing com.google.gson.functional.InternationalizationTest#testStringsWithUnicodeChineseCharactersEscapedDeserialization
Processing com.google.gson.functional.JsonParserTest#testDeserializingCustomTree
Processing com.google.gson.functional.JsonParserTest#testBadFieldTypeForCustomDeserializerCustomTree
Processing com.google.gson.functional.JsonParserTest#testChangingCustomTreeAndDeserializing
Processing com.google.gson.functional.JsonParserTest#testExtraCommasInArrays
Processing com.google.gson.functional.JsonParserTest#testExtraCommasInMaps
Processing com.google.gson.functional.MapTest#testMapDeserializationWithIntegerKeys
Processing com.google.gson.functional.MapTest#testMapStandardSubclassDeserialization
Processing com.google.gson.functional.MapTest#testMapOfMapDeserialization
Processing com.google.gson.functional.NamingPolicyTest#testGsonWithNonDefaultFieldNamingPolicyDeserialiation
Processing com.google.gson.functional.NamingPolicyTest#testGsonWithLowerCaseDashPolicyDeserialiation
Processing com.google.gson.functional.NamingPolicyTest#testGsonWithLowerCaseUnderscorePolicyDeserialiation
Processing com.google.gson.functional.NamingPolicyTest#testGsonWithUpperCamelCaseSpacesPolicyDeserialiation
Processing com.google.gson.functional.NullObjectAndFieldTest#testTopLevelNullObjectDeserialization
Processing com.google.gson.functional.ObjectTest#testJsonInSingleQuotesDeserialization
Processing com.google.gson.functional.ObjectTest#testJsonInMixedQuotesDeserialization
Processing com.google.gson.functional.ObjectTest#testBagOfPrimitivesDeserialization
Processing com.google.gson.functional.ObjectTest#testNestedDeserialization
Processing com.google.gson.functional.ObjectTest#testTruncatedDeserialization
Processing com.google.gson.functional.ObjectTest#testNullFieldsDeserialization
Processing com.google.gson.functional.ObjectTest#testArrayOfObjectsDeserialization
Processing com.google.gson.functional.ObjectTest#testObjectFieldNamesWithoutQuotesDeserialization
Processing com.google.gson.functional.ObjectTest#testStringFieldWithNumberValueDeserialization
Processing com.google.gson.functional.ParameterizedTypesTest#testParameterizedTypeDeserialization
Processing com.google.gson.functional.ParameterizedTypesTest#testParameterizedTypeWithReaderDeserialization
Processing com.google.gson.functional.PrimitiveTest#testQuotedStringSerializationAndDeserialization
Processing com.google.gson.functional.PrimitiveTest#testUnquotedStringDeserializationFails
Processing com.google.gson.functional.ReadersWritersTest#testReaderForDeserialization
Processing com.google.gson.functional.ReadersWritersTest#testReadWriteTwoStrings
Processing com.google.gson.functional.ReadersWritersTest#testReadWriteTwoObjects
Processing com.google.gson.functional.SecurityTest#testJsonWithNonExectuableTokenWithRegularGsonDeserialization
Processing com.google.gson.functional.SecurityTest#testJsonWithNonExectuableTokenWithConfiguredGsonDeserialization
Processing com.google.gson.functional.StringTest#testStringValueDeserialization
Processing com.google.gson.functional.StringTest#testSingleQuoteInStringSerialization
Processing com.google.gson.functional.StringTest#testEscapedCtrlNInStringDeserialization
Processing com.google.gson.functional.StringTest#testEscapedCtrlRInStringDeserialization
Processing com.google.gson.functional.StringTest#testEscapedBackslashInStringDeserialization
Processing com.google.gson.functional.StringTest#testSingleQuoteInStringDeserialization
Processing com.google.gson.functional.StringTest#testEscapingQuotesInStringSerialization
Processing com.google.gson.functional.StringTest#testEscapingQuotesInStringDeserialization
Processing com.google.gson.functional.StringTest#testStringValueAsSingleElementArrayDeserialization
Processing com.google.gson.functional.StringTest#testStringWithEscapedSlashDeserialization
Processing com.google.gson.functional.StringTest#testAssignmentCharDeserialization
Processing com.google.gson.functional.StringTest#testJavascriptKeywordsInStringDeserialization
Processing com.google.gson.functional.TypeVariableTest#testAdvancedTypeVariables
Processing com.google.gson.functional.TypeVariableTest#testTypeVariablesViaTypeParameter
Processing com.google.gson.functional.UncategorizedTest#testGsonInstanceReusableForSerializationAndDeserialization
Processing com.google.gson.internal.bind.MiniGsonTest#testDeserialize
Processing com.google.gson.CommentsTest#testParseComments
Processing com.google.gson.GsonTypeAdapterTest#testTypeAdapterDoesNotAffectNonAdaptedTypes
Processing com.google.gson.JsonParserTest#testReadWriteTwoObjects
Processing com.google.gson.MixedStreamTest#testReadInvalidState
[INFO] Printing com.google.gson.functional.ParameterizedTypesTest to /tmp/v1/gson/src/test/java//com/google/gson/functional/ParameterizedTypesTest.java
[INFO] Printing com.google.gson.functional.PrimitiveTest to /tmp/v1/gson/src/test/java//com/google/gson/functional/PrimitiveTest.java
[INFO] Printing com.google.gson.functional.ReadersWritersTest to /tmp/v1/gson/src/test/java//com/google/gson/functional/ReadersWritersTest.java
[INFO] Printing com.google.gson.functional.InstanceCreatorTest to /tmp/v1/gson/src/test/java//com/google/gson/functional/InstanceCreatorTest.java
[INFO] Printing com.google.gson.functional.SecurityTest to /tmp/v1/gson/src/test/java//com/google/gson/functional/SecurityTest.java
[INFO] Printing com.google.gson.functional.JsonParserTest to /tmp/v1/gson/src/test/java//com/google/gson/functional/JsonParserTest.java
[INFO] Printing com.google.gson.CommentsTest to /tmp/v1/gson/src/test/java//com/google/gson/CommentsTest.java
[INFO] Printing com.google.gson.JsonParserTest to /tmp/v1/gson/src/test/java//com/google/gson/JsonParserTest.java
[INFO] Printing com.google.gson.MixedStreamTest to /tmp/v1/gson/src/test/java//com/google/gson/MixedStreamTest.java
[INFO] Printing com.google.gson.internal.bind.MiniGsonTest to /tmp/v1/gson/src/test/java//com/google/gson/internal/bind/MiniGsonTest.java
[INFO] Printing com.google.gson.functional.NamingPolicyTest to /tmp/v1/gson/src/test/java//com/google/gson/functional/NamingPolicyTest.java
[INFO] Printing com.google.gson.functional.StringTest to /tmp/v1/gson/src/test/java//com/google/gson/functional/StringTest.java
[INFO] Printing com.google.gson.functional.DefaultTypeAdaptersTest to /tmp/v1/gson/src/test/java//com/google/gson/functional/DefaultTypeAdaptersTest.java
[INFO] Printing com.google.gson.functional.ArrayTest to /tmp/v1/gson/src/test/java//com/google/gson/functional/ArrayTest.java
[INFO] Printing com.google.gson.functional.InternationalizationTest to /tmp/v1/gson/src/test/java//com/google/gson/functional/InternationalizationTest.java
[INFO] Printing com.google.gson.functional.InheritanceTest to /tmp/v1/gson/src/test/java//com/google/gson/functional/InheritanceTest.java
[INFO] Printing com.google.gson.GsonTypeAdapterTest to /tmp/v1/gson/src/test/java//com/google/gson/GsonTypeAdapterTest.java
[INFO] Printing com.google.gson.functional.TypeVariableTest to /tmp/v1/gson/src/test/java//com/google/gson/functional/TypeVariableTest.java
[INFO] Printing com.google.gson.functional.MapTest to /tmp/v1/gson/src/test/java//com/google/gson/functional/MapTest.java
[INFO] Printing com.google.gson.functional.ObjectTest to /tmp/v1/gson/src/test/java//com/google/gson/functional/ObjectTest.java
[INFO] Printing com.google.gson.functional.NullObjectAndFieldTest to /tmp/v1/gson/src/test/java//com/google/gson/functional/NullObjectAndFieldTest.java
[INFO] Printing com.google.gson.functional.EscapingTest to /tmp/v1/gson/src/test/java//com/google/gson/functional/EscapingTest.java
[INFO] Printing com.google.gson.functional.UncategorizedTest to /tmp/v1/gson/src/test/java//com/google/gson/functional/UncategorizedTest.java
[INFO] Printing com.google.gson.functional.CollectionTest to /tmp/v1/gson/src/test/java//com/google/gson/functional/CollectionTest.java
[INFO] Injecting JUnit-Jjoules in /tmp/v1/gson/pom.xml
[INFO] Output new POM file in /tmp/v1/gson/pom.xml
[INFO] Instrument version after commit...
[INFO] Run on /tmp/v2/gson/
[INFO] Running in NOCLASSPATH mode (doc: http://spoon.gforge.inria.fr/launcher.html).
[INFO] fr.davidson.diff.jjoules.process.junit4.JJoulesProcessor
Processing com.google.gson.functional.ArrayTest#testNullsInArrayDeserialization
Processing com.google.gson.functional.ArrayTest#testArrayOfStringsDeserialization
Processing com.google.gson.functional.ArrayTest#testSingleStringArrayDeserialization
Processing com.google.gson.functional.ArrayTest#testArrayOfNullDeserialization
Processing com.google.gson.functional.ArrayTest#testMultidimenstionalArraysDeserialization
Processing com.google.gson.functional.CollectionTest#testLinkedListDeserialization
Processing com.google.gson.functional.CollectionTest#testNullsInListDeserialization
Processing com.google.gson.functional.CollectionTest#testCollectionOfStringsDeserialization
Processing com.google.gson.functional.CollectionTest#testWildcardCollectionField
Processing com.google.gson.functional.DefaultTypeAdaptersTest#testTreeSetDeserialization
Processing com.google.gson.functional.EscapingTest#testEscapingQuotesInStringArray
Processing com.google.gson.functional.EscapingTest#testEscapingObjectFields
Processing com.google.gson.functional.EscapingTest#testGsonAcceptsEscapedAndNonEscapedJsonDeserialization
Processing com.google.gson.functional.EscapingTest#testGsonDoubleDeserialization
Processing com.google.gson.functional.InheritanceTest#testSubClassDeserialization
Processing com.google.gson.functional.InstanceCreatorTest#testInstanceCreatorReturnsBaseType
Processing com.google.gson.functional.InstanceCreatorTest#testInstanceCreatorReturnsSubTypeForTopLevelObject
Processing com.google.gson.functional.InstanceCreatorTest#testInstanceCreatorReturnsSubTypeForField
Processing com.google.gson.functional.InternationalizationTest#testStringsWithRawChineseCharactersDeserialization
Processing com.google.gson.functional.InternationalizationTest#testStringsWithUnicodeChineseCharactersDeserialization
Processing com.google.gson.functional.InternationalizationTest#testStringsWithUnicodeChineseCharactersEscapedDeserialization
Processing com.google.gson.functional.JsonParserTest#testDeserializingCustomTree
Processing com.google.gson.functional.JsonParserTest#testBadFieldTypeForCustomDeserializerCustomTree
Processing com.google.gson.functional.JsonParserTest#testChangingCustomTreeAndDeserializing
Processing com.google.gson.functional.JsonParserTest#testExtraCommasInArrays
Processing com.google.gson.functional.JsonParserTest#testExtraCommasInMaps
Processing com.google.gson.functional.MapTest#testMapDeserializationWithIntegerKeys
Processing com.google.gson.functional.MapTest#testMapStandardSubclassDeserialization
Processing com.google.gson.functional.MapTest#testMapOfMapDeserialization
Processing com.google.gson.functional.NamingPolicyTest#testGsonWithNonDefaultFieldNamingPolicyDeserialiation
Processing com.google.gson.functional.NamingPolicyTest#testGsonWithLowerCaseDashPolicyDeserialiation
Processing com.google.gson.functional.NamingPolicyTest#testGsonWithLowerCaseUnderscorePolicyDeserialiation
Processing com.google.gson.functional.NamingPolicyTest#testGsonWithUpperCamelCaseSpacesPolicyDeserialiation
Processing com.google.gson.functional.NullObjectAndFieldTest#testTopLevelNullObjectDeserialization
Processing com.google.gson.functional.ObjectTest#testJsonInSingleQuotesDeserialization
Processing com.google.gson.functional.ObjectTest#testJsonInMixedQuotesDeserialization
Processing com.google.gson.functional.ObjectTest#testBagOfPrimitivesDeserialization
Processing com.google.gson.functional.ObjectTest#testNestedDeserialization
Processing com.google.gson.functional.ObjectTest#testTruncatedDeserialization
Processing com.google.gson.functional.ObjectTest#testNullFieldsDeserialization
Processing com.google.gson.functional.ObjectTest#testArrayOfObjectsDeserialization
Processing com.google.gson.functional.ObjectTest#testObjectFieldNamesWithoutQuotesDeserialization
Processing com.google.gson.functional.ObjectTest#testStringFieldWithNumberValueDeserialization
Processing com.google.gson.functional.ParameterizedTypesTest#testParameterizedTypeDeserialization
Processing com.google.gson.functional.ParameterizedTypesTest#testParameterizedTypeWithReaderDeserialization
Processing com.google.gson.functional.PrimitiveTest#testQuotedStringSerializationAndDeserialization
Processing com.google.gson.functional.PrimitiveTest#testUnquotedStringDeserializationFails
Processing com.google.gson.functional.ReadersWritersTest#testReaderForDeserialization
Processing com.google.gson.functional.ReadersWritersTest#testReadWriteTwoStrings
Processing com.google.gson.functional.ReadersWritersTest#testReadWriteTwoObjects
Processing com.google.gson.functional.SecurityTest#testJsonWithNonExectuableTokenWithRegularGsonDeserialization
Processing com.google.gson.functional.SecurityTest#testJsonWithNonExectuableTokenWithConfiguredGsonDeserialization
Processing com.google.gson.functional.StringTest#testStringValueDeserialization
Processing com.google.gson.functional.StringTest#testSingleQuoteInStringSerialization
Processing com.google.gson.functional.StringTest#testEscapedCtrlNInStringDeserialization
Processing com.google.gson.functional.StringTest#testEscapedCtrlRInStringDeserialization
Processing com.google.gson.functional.StringTest#testEscapedBackslashInStringDeserialization
Processing com.google.gson.functional.StringTest#testSingleQuoteInStringDeserialization
Processing com.google.gson.functional.StringTest#testEscapingQuotesInStringSerialization
Processing com.google.gson.functional.StringTest#testEscapingQuotesInStringDeserialization
Processing com.google.gson.functional.StringTest#testStringValueAsSingleElementArrayDeserialization
Processing com.google.gson.functional.StringTest#testStringWithEscapedSlashDeserialization
Processing com.google.gson.functional.StringTest#testAssignmentCharDeserialization
Processing com.google.gson.functional.StringTest#testJavascriptKeywordsInStringDeserialization
Processing com.google.gson.functional.TypeVariableTest#testAdvancedTypeVariables
Processing com.google.gson.functional.TypeVariableTest#testTypeVariablesViaTypeParameter
Processing com.google.gson.functional.UncategorizedTest#testGsonInstanceReusableForSerializationAndDeserialization
Processing com.google.gson.internal.bind.MiniGsonTest#testDeserialize
Processing com.google.gson.CommentsTest#testParseComments
Processing com.google.gson.GsonTypeAdapterTest#testTypeAdapterDoesNotAffectNonAdaptedTypes
Processing com.google.gson.JsonParserTest#testReadWriteTwoObjects
Processing com.google.gson.MixedStreamTest#testReadInvalidState
[INFO] Printing com.google.gson.functional.PrimitiveTest to /tmp/v2/gson//src/test/java//com/google/gson/functional/PrimitiveTest.java
[INFO] Printing com.google.gson.functional.PrimitiveTest to /tmp/v2/gson//src/test/java//com/google/gson/functional/PrimitiveTest.java
[INFO] Printing com.google.gson.functional.ReadersWritersTest to /tmp/v2/gson//src/test/java//com/google/gson/functional/ReadersWritersTest.java
[INFO] Printing com.google.gson.functional.ReadersWritersTest to /tmp/v2/gson//src/test/java//com/google/gson/functional/ReadersWritersTest.java
[INFO] Printing com.google.gson.functional.InstanceCreatorTest to /tmp/v2/gson//src/test/java//com/google/gson/functional/InstanceCreatorTest.java
[INFO] Printing com.google.gson.functional.InstanceCreatorTest to /tmp/v2/gson//src/test/java//com/google/gson/functional/InstanceCreatorTest.java
[INFO] Printing com.google.gson.CommentsTest to /tmp/v2/gson//src/test/java//com/google/gson/CommentsTest.java
[INFO] Printing com.google.gson.MixedStreamTest to /tmp/v2/gson//src/test/java//com/google/gson/MixedStreamTest.java
[INFO] Printing com.google.gson.internal.bind.MiniGsonTest to /tmp/v2/gson//src/test/java//com/google/gson/internal/bind/MiniGsonTest.java
[INFO] Printing com.google.gson.functional.NamingPolicyTest to /tmp/v2/gson//src/test/java//com/google/gson/functional/NamingPolicyTest.java
[INFO] Printing com.google.gson.functional.NamingPolicyTest to /tmp/v2/gson//src/test/java//com/google/gson/functional/NamingPolicyTest.java
[INFO] Printing com.google.gson.functional.InternationalizationTest to /tmp/v2/gson//src/test/java//com/google/gson/functional/InternationalizationTest.java
[INFO] Printing com.google.gson.functional.InternationalizationTest to /tmp/v2/gson//src/test/java//com/google/gson/functional/InternationalizationTest.java
[INFO] Printing com.google.gson.functional.InheritanceTest to /tmp/v2/gson//src/test/java//com/google/gson/functional/InheritanceTest.java
[INFO] Printing com.google.gson.GsonTypeAdapterTest to /tmp/v2/gson//src/test/java//com/google/gson/GsonTypeAdapterTest.java
[INFO] Printing com.google.gson.functional.NullObjectAndFieldTest to /tmp/v2/gson//src/test/java//com/google/gson/functional/NullObjectAndFieldTest.java
[INFO] Printing com.google.gson.functional.UncategorizedTest to /tmp/v2/gson//src/test/java//com/google/gson/functional/UncategorizedTest.java
[INFO] Printing com.google.gson.functional.ParameterizedTypesTest to /tmp/v2/gson//src/test/java//com/google/gson/functional/ParameterizedTypesTest.java
[INFO] Printing com.google.gson.functional.ParameterizedTypesTest to /tmp/v2/gson//src/test/java//com/google/gson/functional/ParameterizedTypesTest.java
[INFO] Printing com.google.gson.functional.SecurityTest to /tmp/v2/gson//src/test/java//com/google/gson/functional/SecurityTest.java
[INFO] Printing com.google.gson.functional.SecurityTest to /tmp/v2/gson//src/test/java//com/google/gson/functional/SecurityTest.java
[INFO] Printing com.google.gson.functional.JsonParserTest to /tmp/v2/gson//src/test/java//com/google/gson/functional/JsonParserTest.java
[INFO] Printing com.google.gson.JsonParserTest to /tmp/v2/gson//src/test/java//com/google/gson/JsonParserTest.java
[INFO] Printing com.google.gson.functional.JsonParserTest to /tmp/v2/gson//src/test/java//com/google/gson/functional/JsonParserTest.java
[INFO] Printing com.google.gson.functional.StringTest to /tmp/v2/gson//src/test/java//com/google/gson/functional/StringTest.java
[INFO] Printing com.google.gson.functional.StringTest to /tmp/v2/gson//src/test/java//com/google/gson/functional/StringTest.java
[INFO] Printing com.google.gson.functional.DefaultTypeAdaptersTest to /tmp/v2/gson//src/test/java//com/google/gson/functional/DefaultTypeAdaptersTest.java
[INFO] Printing com.google.gson.functional.ArrayTest to /tmp/v2/gson//src/test/java//com/google/gson/functional/ArrayTest.java
[INFO] Printing com.google.gson.functional.ArrayTest to /tmp/v2/gson//src/test/java//com/google/gson/functional/ArrayTest.java
[INFO] Printing com.google.gson.functional.TypeVariableTest to /tmp/v2/gson//src/test/java//com/google/gson/functional/TypeVariableTest.java
[INFO] Printing com.google.gson.functional.TypeVariableTest to /tmp/v2/gson//src/test/java//com/google/gson/functional/TypeVariableTest.java
[INFO] Printing com.google.gson.functional.MapTest to /tmp/v2/gson//src/test/java//com/google/gson/functional/MapTest.java
[INFO] Printing com.google.gson.functional.MapTest to /tmp/v2/gson//src/test/java//com/google/gson/functional/MapTest.java
[INFO] Printing com.google.gson.functional.ObjectTest to /tmp/v2/gson//src/test/java//com/google/gson/functional/ObjectTest.java
[INFO] Printing com.google.gson.functional.ObjectTest to /tmp/v2/gson//src/test/java//com/google/gson/functional/ObjectTest.java
[INFO] Printing com.google.gson.functional.EscapingTest to /tmp/v2/gson//src/test/java//com/google/gson/functional/EscapingTest.java
[INFO] Printing com.google.gson.functional.EscapingTest to /tmp/v2/gson//src/test/java//com/google/gson/functional/EscapingTest.java
[INFO] Printing com.google.gson.functional.CollectionTest to /tmp/v2/gson//src/test/java//com/google/gson/functional/CollectionTest.java
[INFO] Printing com.google.gson.functional.CollectionTest to /tmp/v2/gson//src/test/java//com/google/gson/functional/CollectionTest.java
[INFO] Injecting JUnit-Jjoules in /tmp/v2/gson//pom.xml
[INFO] Output new POM file in /tmp/v2/gson//pom.xml
[INFO] ------------------------------------------------------------------------
[INFO] BUILD SUCCESS
[INFO] ------------------------------------------------------------------------
[INFO] Total time:  11.930 s
[INFO] Finished at: 2021-01-07T10:27:25+01:00
[INFO] ------------------------------------------------------------------------
