[INFO] Scanning for projects...
[INFO] 
[INFO] -----------------------< commons-io:commons-io >------------------------
[INFO] Building Commons IO 2.4-SNAPSHOT
[INFO] --------------------------------[ jar ]---------------------------------
[INFO] 
[INFO] --- maven-clean-plugin:2.4.1:clean (default-clean) @ commons-io ---
[INFO] Deleting /tmp/v1/target
[INFO] 
[INFO] --- maven-antrun-plugin:1.7:run (javadoc.resources) @ commons-io ---
[INFO] Executing tasks

main:
     [copy] Copying 2 files to /tmp/v1/target/apidocs/META-INF
[INFO] Executed tasks
[INFO] 
[INFO] --- maven-remote-resources-plugin:1.2.1:process (default) @ commons-io ---
[INFO] 
[INFO] --- buildnumber-maven-plugin:1.0:create (default) @ commons-io ---
[INFO] Checking for local modifications: skipped.
[INFO] Updating project files from SCM: skipped.
[INFO] Executing: /bin/sh -c cd /tmp/v1 && svn --non-interactive info
[INFO] Working directory: /tmp/v1
[INFO] Storing buildNumber: ?????? at timestamp: 1610572708607
[INFO] Executing: /bin/sh -c cd /tmp/v1 && svn --non-interactive info
[INFO] Working directory: /tmp/v1
[INFO] Storing buildScmBranch: UNKNOWN_BRANCH
[INFO] 
[INFO] --- maven-resources-plugin:2.5:resources (default-resources) @ commons-io ---
[debug] execute contextualize
[INFO] Using 'iso-8859-1' encoding to copy filtered resources.
[INFO] skip non existing resourceDirectory /tmp/v1/src/main/resources
[INFO] Copying 2 resources to META-INF
[INFO] 
[INFO] --- maven-compiler-plugin:2.3.2:compile (default-compile) @ commons-io ---
[INFO] Compiling 103 source files to /tmp/v1/target/classes
[INFO] 
[INFO] --- maven-bundle-plugin:2.3.7:manifest (bundle-manifest) @ commons-io ---
[INFO] 
[INFO] --- maven-resources-plugin:2.5:testResources (default-testResources) @ commons-io ---
[debug] execute contextualize
[INFO] Using 'iso-8859-1' encoding to copy filtered resources.
[INFO] Copying 15 resources
[INFO] Copying 2 resources to META-INF
[INFO] 
[INFO] --- maven-compiler-plugin:2.3.2:testCompile (default-testCompile) @ commons-io ---
[INFO] Compiling 95 source files to /tmp/v1/target/test-classes
[INFO] 
[INFO] --- maven-surefire-plugin:2.12:test (default-test) @ commons-io ---
[INFO] Tests are skipped.
[INFO] 
[INFO] --- maven-dependency-plugin:2.8:build-classpath (default-cli) @ commons-io ---
[INFO] Skipped writing classpath file '/tmp/v1/classpath'.  No changes found.
[INFO] 
[INFO] --- diff-jjoules:0.0.1-SNAPSHOT:instrument (default-cli) @ commons-io ---
[INFO] Running on:
[INFO] /tmp/v1
[INFO] /tmp/v2/
[INFO] Enable JUnit4 mode
[INFO] Configuration{pathToFirstVersion='/tmp/v1', pathToSecondVersion='/tmp/v2/', pathToTestListAsCSV='/tmp/v1/testsThatExecuteTheChange.csv', classpath=[/home/spino/.m2/repository/junit/junit/4.10/junit-4.10.jar, /home/spino/.m2/repository/org/hamcrest/hamcrest-core/1.1/hamcrest-core-1.1.jar], junit4=true}
[INFO] org.apache.commons.io.FileUtilsTestCase:[testCopyDirectoryToNonExistingDest, testCopyDirectoryToChild, testCopyDirectoryToGrandChild, testSizeOf, testCopyDirectoryToExistingDest, testCopyDirectoryToDirectory_NonExistingDest]
org.apache.commons.io.comparator.SizeFileComparatorTest:[testCompareDirectorySizes]
[INFO] Instrument version before commit...
[INFO] Run on /tmp/v1
[INFO] Running in NOCLASSPATH mode (doc: http://spoon.gforge.inria.fr/launcher.html).
[INFO] fr.davidson.diff.jjoules.process.junit4.JJoulesProcessor
Processing org.apache.commons.io.comparator.SizeFileComparatorTest#testCompareDirectorySizes
Processing org.apache.commons.io.FileUtilsTestCase#testSizeOf
Processing org.apache.commons.io.FileUtilsTestCase#testCopyDirectoryToDirectory_NonExistingDest
Processing org.apache.commons.io.FileUtilsTestCase#testCopyDirectoryToNonExistingDest
Processing org.apache.commons.io.FileUtilsTestCase#testCopyDirectoryToExistingDest
Processing org.apache.commons.io.FileUtilsTestCase#testCopyDirectoryToChild
Processing org.apache.commons.io.FileUtilsTestCase#testCopyDirectoryToGrandChild
[INFO] Printing org.apache.commons.io.comparator.SizeFileComparatorTest to /tmp/v1/src/test/java//org/apache/commons/io/comparator/SizeFileComparatorTest.java
[INFO] Printing org.apache.commons.io.FileUtilsTestCase to /tmp/v1/src/test/java//org/apache/commons/io/FileUtilsTestCase.java
[INFO] Injecting JUnit-Jjoules in /tmp/v1/pom.xml
[INFO] Output new POM file in /tmp/v1/pom.xml
[INFO] Instrument version after commit...
[INFO] Run on /tmp/v2/
[INFO] Running in NOCLASSPATH mode (doc: http://spoon.gforge.inria.fr/launcher.html).
[INFO] fr.davidson.diff.jjoules.process.junit4.JJoulesProcessor
Processing org.apache.commons.io.comparator.SizeFileComparatorTest#testCompareDirectorySizes
Processing org.apache.commons.io.FileUtilsTestCase#testSizeOf
Processing org.apache.commons.io.FileUtilsTestCase#testCopyDirectoryToDirectory_NonExistingDest
Processing org.apache.commons.io.FileUtilsTestCase#testCopyDirectoryToNonExistingDest
Processing org.apache.commons.io.FileUtilsTestCase#testCopyDirectoryToExistingDest
Processing org.apache.commons.io.FileUtilsTestCase#testCopyDirectoryToChild
Processing org.apache.commons.io.FileUtilsTestCase#testCopyDirectoryToGrandChild
[INFO] Printing org.apache.commons.io.comparator.SizeFileComparatorTest to /tmp/v2//src/test/java//org/apache/commons/io/comparator/SizeFileComparatorTest.java
[INFO] Printing org.apache.commons.io.FileUtilsTestCase to /tmp/v2//src/test/java//org/apache/commons/io/FileUtilsTestCase.java
[INFO] Printing org.apache.commons.io.FileUtilsTestCase to /tmp/v2//src/test/java//org/apache/commons/io/FileUtilsTestCase.java
[INFO] Injecting JUnit-Jjoules in /tmp/v2//pom.xml
[INFO] Output new POM file in /tmp/v2//pom.xml
[INFO] ------------------------------------------------------------------------
[INFO] BUILD SUCCESS
[INFO] ------------------------------------------------------------------------
[INFO] Total time:  12.176 s
[INFO] Finished at: 2021-01-13T22:18:39+01:00
[INFO] ------------------------------------------------------------------------
