[INFO] Scanning for projects...
[INFO] 
[INFO] ---------------------< com.google.code.gson:gson >----------------------
[INFO] Building Gson 2.6-SNAPSHOT
[INFO] --------------------------------[ jar ]---------------------------------
[INFO] 
[INFO] --- maven-clean-plugin:2.5:clean (default-clean) @ gson ---
[INFO] Deleting /tmp/v1/gson/target
[INFO] 
[INFO] --- maven-enforcer-plugin:1.2:enforce (enforce-maven) @ gson ---
[INFO] 
[INFO] --- maven-resources-plugin:2.6:resources (default-resources) @ gson ---
[INFO] Using 'UTF-8' encoding to copy filtered resources.
[INFO] skip non existing resourceDirectory /tmp/v1/gson/src/main/resources
[INFO] 
[INFO] --- maven-compiler-plugin:3.3:compile (default-compile) @ gson ---
[INFO] Changes detected - recompiling the module!
[INFO] Compiling 67 source files to /tmp/v1/gson/target/classes
[INFO] 
[INFO] --- maven-resources-plugin:2.6:testResources (default-testResources) @ gson ---
[INFO] Using 'UTF-8' encoding to copy filtered resources.
[INFO] skip non existing resourceDirectory /tmp/v1/gson/src/test/resources
[INFO] 
[INFO] --- maven-compiler-plugin:3.3:testCompile (default-testCompile) @ gson ---
[INFO] Changes detected - recompiling the module!
[INFO] Compiling 91 source files to /tmp/v1/gson/target/test-classes
[INFO] 
[INFO] --- maven-surefire-plugin:2.12.4:test (default-test) @ gson ---
[INFO] Tests are skipped.
[INFO] 
[INFO] --- maven-dependency-plugin:2.8:build-classpath (default-cli) @ gson ---
[INFO] Wrote classpath file '/tmp/v1/gson/classpath'.
[INFO] 
[INFO] --- diff-jjoules:0.0.1-SNAPSHOT:instrument (default-cli) @ gson ---
[INFO] Running on:
[INFO] /tmp/v1/gson
[INFO] /tmp/v2/gson/
[INFO] Enable JUnit4 mode
[INFO] Configuration{pathToFirstVersion='/tmp/v1/gson', pathToSecondVersion='/tmp/v2/gson/', pathToTestListAsCSV='/tmp/v1/gson/testsThatExecuteTheChange.csv', classpath=[/home/spino/.m2/repository/junit/junit/3.8.2/junit-3.8.2.jar], junit4=true}
[INFO] com.google.gson.functional.JsonAdapterAnnotationOnFieldsTest:[testFieldAnnotationTakesPrecedenceOverClassAnnotation, testClassAnnotationAdapterFactoryTakesPrecedenceOverDefault, testFieldAnnotationTakesPrecedenceOverRegisteredTypeAdapter, testClassAnnotationAdapterTakesPrecedenceOverDefault, testJsonAdapterInvokedOnlyForAnnotatedFields]
com.google.gson.functional.RuntimeTypeAdapterFactoryFunctionalTest:[testSubclassesAutomaticallySerialzed]
com.google.gson.functional.JsonAdapterAnnotationOnClassesTest:[testJsonAdapterInvoked, testIncorrectTypeAdapterFails, testRegisteredDeserializerOverridesJsonAdapter, testRegisteredSerializerOverridesJsonAdapter, testJsonAdapterFactoryInvoked]
[INFO] Instrument version before commit...
[INFO] Run on /tmp/v1/gson
[INFO] Running in NOCLASSPATH mode (doc: http://spoon.gforge.inria.fr/launcher.html).
[INFO] fr.davidson.diff.jjoules.process.junit4.JJoulesProcessor
Processing com.google.gson.functional.JsonAdapterAnnotationOnClassesTest#testJsonAdapterInvoked
Processing com.google.gson.functional.JsonAdapterAnnotationOnClassesTest#testJsonAdapterFactoryInvoked
Processing com.google.gson.functional.JsonAdapterAnnotationOnClassesTest#testRegisteredSerializerOverridesJsonAdapter
Processing com.google.gson.functional.JsonAdapterAnnotationOnClassesTest#testRegisteredDeserializerOverridesJsonAdapter
Processing com.google.gson.functional.JsonAdapterAnnotationOnClassesTest#testIncorrectTypeAdapterFails
Processing com.google.gson.functional.JsonAdapterAnnotationOnFieldsTest#testClassAnnotationAdapterTakesPrecedenceOverDefault
Processing com.google.gson.functional.JsonAdapterAnnotationOnFieldsTest#testClassAnnotationAdapterFactoryTakesPrecedenceOverDefault
Processing com.google.gson.functional.JsonAdapterAnnotationOnFieldsTest#testFieldAnnotationTakesPrecedenceOverRegisteredTypeAdapter
Processing com.google.gson.functional.JsonAdapterAnnotationOnFieldsTest#testFieldAnnotationTakesPrecedenceOverClassAnnotation
Processing com.google.gson.functional.JsonAdapterAnnotationOnFieldsTest#testJsonAdapterInvokedOnlyForAnnotatedFields
Processing com.google.gson.functional.RuntimeTypeAdapterFactoryFunctionalTest#testSubclassesAutomaticallySerialzed
[INFO] Printing com.google.gson.functional.JsonAdapterAnnotationOnClassesTest to /tmp/v1/gson/src/test/java//com/google/gson/functional/JsonAdapterAnnotationOnClassesTest.java
[INFO] Printing com.google.gson.functional.RuntimeTypeAdapterFactoryFunctionalTest to /tmp/v1/gson/src/test/java//com/google/gson/functional/RuntimeTypeAdapterFactoryFunctionalTest.java
[INFO] Printing com.google.gson.functional.JsonAdapterAnnotationOnFieldsTest to /tmp/v1/gson/src/test/java//com/google/gson/functional/JsonAdapterAnnotationOnFieldsTest.java
[INFO] Injecting JUnit-Jjoules in /tmp/v1/gson/pom.xml
[INFO] Output new POM file in /tmp/v1/gson/pom.xml
[INFO] Instrument version after commit...
[INFO] Run on /tmp/v2/gson/
[INFO] Running in NOCLASSPATH mode (doc: http://spoon.gforge.inria.fr/launcher.html).
[INFO] fr.davidson.diff.jjoules.process.junit4.JJoulesProcessor
Processing com.google.gson.functional.JsonAdapterAnnotationOnClassesTest#testJsonAdapterInvoked
Processing com.google.gson.functional.JsonAdapterAnnotationOnClassesTest#testJsonAdapterFactoryInvoked
Processing com.google.gson.functional.JsonAdapterAnnotationOnClassesTest#testRegisteredSerializerOverridesJsonAdapter
Processing com.google.gson.functional.JsonAdapterAnnotationOnClassesTest#testRegisteredDeserializerOverridesJsonAdapter
Processing com.google.gson.functional.JsonAdapterAnnotationOnClassesTest#testIncorrectTypeAdapterFails
Processing com.google.gson.functional.JsonAdapterAnnotationOnFieldsTest#testClassAnnotationAdapterTakesPrecedenceOverDefault
Processing com.google.gson.functional.JsonAdapterAnnotationOnFieldsTest#testClassAnnotationAdapterFactoryTakesPrecedenceOverDefault
Processing com.google.gson.functional.JsonAdapterAnnotationOnFieldsTest#testFieldAnnotationTakesPrecedenceOverRegisteredTypeAdapter
Processing com.google.gson.functional.JsonAdapterAnnotationOnFieldsTest#testFieldAnnotationTakesPrecedenceOverClassAnnotation
Processing com.google.gson.functional.JsonAdapterAnnotationOnFieldsTest#testJsonAdapterInvokedOnlyForAnnotatedFields
Processing com.google.gson.functional.RuntimeTypeAdapterFactoryFunctionalTest#testSubclassesAutomaticallySerialzed
[INFO] Printing com.google.gson.functional.JsonAdapterAnnotationOnClassesTest to /tmp/v2/gson//src/test/java//com/google/gson/functional/JsonAdapterAnnotationOnClassesTest.java
[INFO] Printing com.google.gson.functional.JsonAdapterAnnotationOnClassesTest to /tmp/v2/gson//src/test/java//com/google/gson/functional/JsonAdapterAnnotationOnClassesTest.java
[INFO] Printing com.google.gson.functional.RuntimeTypeAdapterFactoryFunctionalTest to /tmp/v2/gson//src/test/java//com/google/gson/functional/RuntimeTypeAdapterFactoryFunctionalTest.java
[INFO] Printing com.google.gson.functional.JsonAdapterAnnotationOnFieldsTest to /tmp/v2/gson//src/test/java//com/google/gson/functional/JsonAdapterAnnotationOnFieldsTest.java
[INFO] Printing com.google.gson.functional.JsonAdapterAnnotationOnFieldsTest to /tmp/v2/gson//src/test/java//com/google/gson/functional/JsonAdapterAnnotationOnFieldsTest.java
[INFO] Injecting JUnit-Jjoules in /tmp/v2/gson//pom.xml
[INFO] Output new POM file in /tmp/v2/gson//pom.xml
[INFO] ------------------------------------------------------------------------
[INFO] BUILD SUCCESS
[INFO] ------------------------------------------------------------------------
[INFO] Total time:  10.000 s
[INFO] Finished at: 2021-01-04T10:19:53+01:00
[INFO] ------------------------------------------------------------------------
