[INFO] Scanning for projects...
[WARNING] 
[WARNING] Some problems were encountered while building the effective model for com.google.code.gson:gson:jar:2.8.1-SNAPSHOT
[WARNING] 'build.plugins.plugin.version' for org.apache.maven.plugins:maven-jar-plugin is missing. @ com.google.code.gson:gson:[unknown-version], /tmp/v1/gson/pom.xml, line 46, column 15
[WARNING] 
[WARNING] It is highly recommended to fix these problems because they threaten the stability of your build.
[WARNING] 
[WARNING] For this reason, future Maven versions might no longer support building such malformed projects.
[WARNING] 
[INFO] 
[INFO] ---------------------< com.google.code.gson:gson >----------------------
[INFO] Building Gson 2.8.1-SNAPSHOT
[INFO] --------------------------------[ jar ]---------------------------------
[INFO] 
[INFO] --- maven-clean-plugin:2.5:clean (default-clean) @ gson ---
[INFO] Deleting /tmp/v1/gson/target
[INFO] 
[INFO] --- maven-enforcer-plugin:1.0:enforce (enforce-maven) @ gson ---
[INFO] 
[INFO] --- maven-resources-plugin:2.6:resources (default-resources) @ gson ---
[INFO] Using 'UTF-8' encoding to copy filtered resources.
[INFO] skip non existing resourceDirectory /tmp/v1/gson/src/main/resources
[INFO] 
[INFO] --- maven-compiler-plugin:3.0:compile (default-compile) @ gson ---
[INFO] Changes detected - recompiling the module!
[INFO] Compiling 67 source files to /tmp/v1/gson/target/classes
[WARNING] /tmp/v1/gson/src/main/java/com/google/gson/internal/ConstructorConstructor.java: /tmp/v1/gson/src/main/java/com/google/gson/internal/ConstructorConstructor.java uses or overrides a deprecated API.
[WARNING] /tmp/v1/gson/src/main/java/com/google/gson/internal/ConstructorConstructor.java: Recompile with -Xlint:deprecation for details.
[INFO] 
[INFO] --- bnd-maven-plugin:3.1.0:bnd-process (default) @ gson ---
[WARNING] Export com.google.gson,  has 1,  private references [com.google.gson.internal], 
[INFO] 
[INFO] --- maven-resources-plugin:2.6:testResources (default-testResources) @ gson ---
[INFO] Using 'UTF-8' encoding to copy filtered resources.
[INFO] skip non existing resourceDirectory /tmp/v1/gson/src/test/resources
[INFO] 
[INFO] --- maven-compiler-plugin:3.0:testCompile (default-testCompile) @ gson ---
[INFO] Changes detected - recompiling the module!
[INFO] Compiling 96 source files to /tmp/v1/gson/target/test-classes
[WARNING] /tmp/v1/gson/src/test/java/com/google/gson/common/MoreAsserts.java: Some input files use or override a deprecated API.
[WARNING] /tmp/v1/gson/src/test/java/com/google/gson/common/MoreAsserts.java: Recompile with -Xlint:deprecation for details.
[INFO] 
[INFO] --- maven-surefire-plugin:2.12.4:test (default-test) @ gson ---
[INFO] Tests are skipped.
[INFO] 
[INFO] --- maven-dependency-plugin:2.8:build-classpath (default-cli) @ gson ---
[INFO] Skipped writing classpath file '/tmp/v1/gson/classpath'.  No changes found.
[INFO] 
[INFO] --- diff-jjoules:0.0.1-SNAPSHOT:class-instrument (default-cli) @ gson ---
[INFO] Running on:
[INFO] /tmp/v1/gson
[INFO] /tmp/v2/gson/
[INFO] Enable JUnit4 mode
[INFO] Configuration{pathToFirstVersion='/tmp/v1/gson', pathToSecondVersion='/tmp/v2/gson/', pathToTestListAsCSV='/tmp/v1/gson/testsThatExecuteTheChange.csv'}
[INFO] com.google.gson.functional.CollectionTest:[testWildcardCollectionField, testFieldIsArrayList, testStack, testVector, testPriorityQueue]
com.google.gson.functional.ParameterizedTypesTest:[testParameterizedTypeGenericArraysDeserialization, testVariableTypeFieldsAndGenericArraysDeserialization, testVariableTypeDeserialization, testParameterizedTypeWithVariableTypeDeserialization, testVariableTypeArrayDeserialization]
com.google.gson.functional.CustomTypeAdaptersTest:[testRegisterHierarchyAdapterForDate]
com.google.gson.functional.RuntimeTypeAdapterFactoryFunctionalTest:[testSubclassesAutomaticallySerialized]
com.google.gson.functional.EscapingTest:[testGsonDoubleDeserialization, testGsonAcceptsEscapedAndNonEscapedJsonDeserialization, testEscapingObjectFields]
com.google.gson.functional.NamingPolicyTest:[testComplexFieldNameStrategy]
com.google.gson.functional.TypeVariableTest:[testAdvancedTypeVariables, testTypeVariablesViaTypeParameter]
com.google.gson.functional.UncategorizedTest:[testGsonInstanceReusableForSerializationAndDeserialization]
com.google.gson.functional.DelegateTypeAdapterTest:[testDelegateInvoked]
com.google.gson.functional.ReadersWritersTest:[testReadWriteTwoObjects]
com.google.gson.functional.TypeHierarchyAdapterTest:[testTypeHierarchy]
com.google.gson.functional.StreamingTypeAdaptersTest:[testNullSafe]
com.google.gson.functional.MapAsArrayTypeAdapterTest:[testMultipleEnableComplexKeyRegistrationHasNoEffect, testSerializeComplexMapWithTypeAdapter]
com.google.gson.OverrideCoreTypeAdaptersTest:[testOverrideWrapperBooleanAdapter, testOverridePrimitiveBooleanAdapter]
com.google.gson.JsonParserTest:[testParseMixedArray, testReadWriteTwoObjects]
com.google.gson.GsonTypeAdapterTest:[testTypeAdapterThrowsException, testTypeAdapterProperlyConvertsTypes]
com.google.gson.functional.JavaUtilConcurrentAtomicTest:[testAtomicLongArray, testAtomicIntegerArray, testAtomicInteger, testAtomicLong]
com.google.gson.functional.DefaultTypeAdaptersTest:[testBitSetDeserialization]
[INFO] Instrument version before commit...
[INFO] Run on /tmp/v1/gson
[INFO] Running in NOCLASSPATH mode (doc: http://spoon.gforge.inria.fr/launcher.html).
[INFO] fr.davidson.diff.jjoules.class_instrumentation.process.JJoulesProcessor
Processing com.google.gson.functional.CollectionTest#testPriorityQueue
Processing com.google.gson.functional.CollectionTest#testVector
Processing com.google.gson.functional.CollectionTest#testStack
Processing com.google.gson.functional.CollectionTest#testWildcardCollectionField
Processing com.google.gson.functional.CollectionTest#testFieldIsArrayList
Processing com.google.gson.functional.CustomTypeAdaptersTest#testRegisterHierarchyAdapterForDate
Processing com.google.gson.functional.DefaultTypeAdaptersTest#testBitSetDeserialization
Processing com.google.gson.functional.DelegateTypeAdapterTest#testDelegateInvoked
Processing com.google.gson.functional.EscapingTest#testEscapingObjectFields
Processing com.google.gson.functional.EscapingTest#testGsonAcceptsEscapedAndNonEscapedJsonDeserialization
Processing com.google.gson.functional.EscapingTest#testGsonDoubleDeserialization
Processing com.google.gson.functional.JavaUtilConcurrentAtomicTest#testAtomicInteger
Processing com.google.gson.functional.JavaUtilConcurrentAtomicTest#testAtomicLong
Processing com.google.gson.functional.JavaUtilConcurrentAtomicTest#testAtomicIntegerArray
Processing com.google.gson.functional.JavaUtilConcurrentAtomicTest#testAtomicLongArray
Processing com.google.gson.functional.MapAsArrayTypeAdapterTest#testSerializeComplexMapWithTypeAdapter
Processing com.google.gson.functional.MapAsArrayTypeAdapterTest#testMultipleEnableComplexKeyRegistrationHasNoEffect
Processing com.google.gson.functional.NamingPolicyTest#testComplexFieldNameStrategy
Processing com.google.gson.functional.ParameterizedTypesTest#testVariableTypeFieldsAndGenericArraysDeserialization
Processing com.google.gson.functional.ParameterizedTypesTest#testVariableTypeDeserialization
Processing com.google.gson.functional.ParameterizedTypesTest#testVariableTypeArrayDeserialization
Processing com.google.gson.functional.ParameterizedTypesTest#testParameterizedTypeWithVariableTypeDeserialization
Processing com.google.gson.functional.ParameterizedTypesTest#testParameterizedTypeGenericArraysDeserialization
Processing com.google.gson.functional.ReadersWritersTest#testReadWriteTwoObjects
Processing com.google.gson.functional.RuntimeTypeAdapterFactoryFunctionalTest#testSubclassesAutomaticallySerialized
Processing com.google.gson.functional.StreamingTypeAdaptersTest#testNullSafe
Processing com.google.gson.functional.TypeHierarchyAdapterTest#testTypeHierarchy
Processing com.google.gson.functional.TypeVariableTest#testAdvancedTypeVariables
Processing com.google.gson.functional.TypeVariableTest#testTypeVariablesViaTypeParameter
Processing com.google.gson.functional.UncategorizedTest#testGsonInstanceReusableForSerializationAndDeserialization
Processing com.google.gson.GsonTypeAdapterTest#testTypeAdapterThrowsException
Processing com.google.gson.GsonTypeAdapterTest#testTypeAdapterProperlyConvertsTypes
Processing com.google.gson.JsonParserTest#testParseMixedArray
Processing com.google.gson.JsonParserTest#testReadWriteTwoObjects
Processing com.google.gson.OverrideCoreTypeAdaptersTest#testOverrideWrapperBooleanAdapter
Processing com.google.gson.OverrideCoreTypeAdaptersTest#testOverridePrimitiveBooleanAdapter
[INFO] Processing Done...
[INFO] Printing com.google.gson.functional.CollectionTest_testPriorityQueue to /tmp/v1/gson/src/test/java//com/google/gson/functional/CollectionTest_testPriorityQueue.java
[INFO] Printing com.google.gson.functional.CollectionTest_testWildcardCollectionField to /tmp/v1/gson/src/test/java//com/google/gson/functional/CollectionTest_testWildcardCollectionField.java
[INFO] Printing com.google.gson.functional.CollectionTest_testStack to /tmp/v1/gson/src/test/java//com/google/gson/functional/CollectionTest_testStack.java
[INFO] Printing com.google.gson.functional.JavaUtilConcurrentAtomicTest_testAtomicLongArray to /tmp/v1/gson/src/test/java//com/google/gson/functional/JavaUtilConcurrentAtomicTest_testAtomicLongArray.java
[INFO] Printing com.google.gson.functional.TypeVariableTest_testTypeVariablesViaTypeParameter to /tmp/v1/gson/src/test/java//com/google/gson/functional/TypeVariableTest_testTypeVariablesViaTypeParameter.java
[INFO] Printing com.google.gson.functional.JavaUtilConcurrentAtomicTest_testAtomicIntegerArray to /tmp/v1/gson/src/test/java//com/google/gson/functional/JavaUtilConcurrentAtomicTest_testAtomicIntegerArray.java
[INFO] Printing com.google.gson.GsonTypeAdapterTest_testTypeAdapterProperlyConvertsTypes to /tmp/v1/gson/src/test/java//com/google/gson/GsonTypeAdapterTest_testTypeAdapterProperlyConvertsTypes.java
[INFO] Printing com.google.gson.functional.JavaUtilConcurrentAtomicTest_testAtomicLong to /tmp/v1/gson/src/test/java//com/google/gson/functional/JavaUtilConcurrentAtomicTest_testAtomicLong.java
[INFO] Printing com.google.gson.functional.CollectionTest_testVector to /tmp/v1/gson/src/test/java//com/google/gson/functional/CollectionTest_testVector.java
[INFO] Printing com.google.gson.functional.CollectionTest_testFieldIsArrayList to /tmp/v1/gson/src/test/java//com/google/gson/functional/CollectionTest_testFieldIsArrayList.java
[INFO] Printing com.google.gson.functional.JavaUtilConcurrentAtomicTest_testAtomicInteger to /tmp/v1/gson/src/test/java//com/google/gson/functional/JavaUtilConcurrentAtomicTest_testAtomicInteger.java
[INFO] Printing com.google.gson.JsonParserTest_testParseMixedArray to /tmp/v1/gson/src/test/java//com/google/gson/JsonParserTest_testParseMixedArray.java
[INFO] Printing com.google.gson.functional.EscapingTest_testEscapingObjectFields to /tmp/v1/gson/src/test/java//com/google/gson/functional/EscapingTest_testEscapingObjectFields.java
[INFO] Printing com.google.gson.functional.ParameterizedTypesTest_testVariableTypeArrayDeserialization to /tmp/v1/gson/src/test/java//com/google/gson/functional/ParameterizedTypesTest_testVariableTypeArrayDeserialization.java
[INFO] Printing com.google.gson.functional.StreamingTypeAdaptersTest_testNullSafe to /tmp/v1/gson/src/test/java//com/google/gson/functional/StreamingTypeAdaptersTest_testNullSafe.java
[INFO] Printing com.google.gson.functional.EscapingTest_testGsonAcceptsEscapedAndNonEscapedJsonDeserialization to /tmp/v1/gson/src/test/java//com/google/gson/functional/EscapingTest_testGsonAcceptsEscapedAndNonEscapedJsonDeserialization.java
[INFO] Printing com.google.gson.functional.ReadersWritersTest_testReadWriteTwoObjects to /tmp/v1/gson/src/test/java//com/google/gson/functional/ReadersWritersTest_testReadWriteTwoObjects.java
[INFO] Printing com.google.gson.functional.ParameterizedTypesTest_testParameterizedTypeWithVariableTypeDeserialization to /tmp/v1/gson/src/test/java//com/google/gson/functional/ParameterizedTypesTest_testParameterizedTypeWithVariableTypeDeserialization.java
[INFO] Printing com.google.gson.functional.UncategorizedTest_testGsonInstanceReusableForSerializationAndDeserialization to /tmp/v1/gson/src/test/java//com/google/gson/functional/UncategorizedTest_testGsonInstanceReusableForSerializationAndDeserialization.java
[INFO] Printing com.google.gson.OverrideCoreTypeAdaptersTest_testOverrideWrapperBooleanAdapter to /tmp/v1/gson/src/test/java//com/google/gson/OverrideCoreTypeAdaptersTest_testOverrideWrapperBooleanAdapter.java
[INFO] Printing com.google.gson.GsonTypeAdapterTest_testTypeAdapterThrowsException to /tmp/v1/gson/src/test/java//com/google/gson/GsonTypeAdapterTest_testTypeAdapterThrowsException.java
[INFO] Printing com.google.gson.functional.ParameterizedTypesTest_testVariableTypeFieldsAndGenericArraysDeserialization to /tmp/v1/gson/src/test/java//com/google/gson/functional/ParameterizedTypesTest_testVariableTypeFieldsAndGenericArraysDeserialization.java
[INFO] Printing com.google.gson.functional.ParameterizedTypesTest_testParameterizedTypeGenericArraysDeserialization to /tmp/v1/gson/src/test/java//com/google/gson/functional/ParameterizedTypesTest_testParameterizedTypeGenericArraysDeserialization.java
[INFO] Printing com.google.gson.functional.RuntimeTypeAdapterFactoryFunctionalTest_testSubclassesAutomaticallySerialized to /tmp/v1/gson/src/test/java//com/google/gson/functional/RuntimeTypeAdapterFactoryFunctionalTest_testSubclassesAutomaticallySerialized.java
[INFO] Printing com.google.gson.functional.MapAsArrayTypeAdapterTest_testMultipleEnableComplexKeyRegistrationHasNoEffect to /tmp/v1/gson/src/test/java//com/google/gson/functional/MapAsArrayTypeAdapterTest_testMultipleEnableComplexKeyRegistrationHasNoEffect.java
[INFO] Printing com.google.gson.functional.ParameterizedTypesTest_testVariableTypeDeserialization to /tmp/v1/gson/src/test/java//com/google/gson/functional/ParameterizedTypesTest_testVariableTypeDeserialization.java
[INFO] Printing com.google.gson.functional.MapAsArrayTypeAdapterTest_testSerializeComplexMapWithTypeAdapter to /tmp/v1/gson/src/test/java//com/google/gson/functional/MapAsArrayTypeAdapterTest_testSerializeComplexMapWithTypeAdapter.java
[INFO] Printing com.google.gson.JsonParserTest_testReadWriteTwoObjects to /tmp/v1/gson/src/test/java//com/google/gson/JsonParserTest_testReadWriteTwoObjects.java
[INFO] Printing com.google.gson.OverrideCoreTypeAdaptersTest_testOverridePrimitiveBooleanAdapter to /tmp/v1/gson/src/test/java//com/google/gson/OverrideCoreTypeAdaptersTest_testOverridePrimitiveBooleanAdapter.java
[INFO] Printing com.google.gson.functional.TypeHierarchyAdapterTest_testTypeHierarchy to /tmp/v1/gson/src/test/java//com/google/gson/functional/TypeHierarchyAdapterTest_testTypeHierarchy.java
[INFO] Printing com.google.gson.functional.DelegateTypeAdapterTest_testDelegateInvoked to /tmp/v1/gson/src/test/java//com/google/gson/functional/DelegateTypeAdapterTest_testDelegateInvoked.java
[INFO] Printing com.google.gson.functional.EscapingTest_testGsonDoubleDeserialization to /tmp/v1/gson/src/test/java//com/google/gson/functional/EscapingTest_testGsonDoubleDeserialization.java
[INFO] Printing com.google.gson.functional.DefaultTypeAdaptersTest_testBitSetDeserialization to /tmp/v1/gson/src/test/java//com/google/gson/functional/DefaultTypeAdaptersTest_testBitSetDeserialization.java
[INFO] Printing com.google.gson.functional.NamingPolicyTest_testComplexFieldNameStrategy to /tmp/v1/gson/src/test/java//com/google/gson/functional/NamingPolicyTest_testComplexFieldNameStrategy.java
[INFO] Printing com.google.gson.functional.TypeVariableTest_testAdvancedTypeVariables to /tmp/v1/gson/src/test/java//com/google/gson/functional/TypeVariableTest_testAdvancedTypeVariables.java
[INFO] Printing com.google.gson.functional.CustomTypeAdaptersTest_testRegisterHierarchyAdapterForDate to /tmp/v1/gson/src/test/java//com/google/gson/functional/CustomTypeAdaptersTest_testRegisterHierarchyAdapterForDate.java
[INFO] Injecting JUnit-Jjoules in /tmp/v1/gson/pom.xml
[INFO] Output new POM file in /tmp/v1/gson/pom.xml
[INFO] Instrument version after commit...
[INFO] Run on /tmp/v2/gson/
[INFO] Running in NOCLASSPATH mode (doc: http://spoon.gforge.inria.fr/launcher.html).
[INFO] fr.davidson.diff.jjoules.class_instrumentation.process.JJoulesProcessor
Processing com.google.gson.functional.CollectionTest#testPriorityQueue
Processing com.google.gson.functional.CollectionTest#testVector
Processing com.google.gson.functional.CollectionTest#testStack
Processing com.google.gson.functional.CollectionTest#testWildcardCollectionField
Processing com.google.gson.functional.CollectionTest#testFieldIsArrayList
Processing com.google.gson.functional.CustomTypeAdaptersTest#testRegisterHierarchyAdapterForDate
Processing com.google.gson.functional.DefaultTypeAdaptersTest#testBitSetDeserialization
Processing com.google.gson.functional.DelegateTypeAdapterTest#testDelegateInvoked
Processing com.google.gson.functional.EscapingTest#testEscapingObjectFields
Processing com.google.gson.functional.EscapingTest#testGsonAcceptsEscapedAndNonEscapedJsonDeserialization
Processing com.google.gson.functional.EscapingTest#testGsonDoubleDeserialization
Processing com.google.gson.functional.JavaUtilConcurrentAtomicTest#testAtomicInteger
Processing com.google.gson.functional.JavaUtilConcurrentAtomicTest#testAtomicLong
Processing com.google.gson.functional.JavaUtilConcurrentAtomicTest#testAtomicIntegerArray
Processing com.google.gson.functional.JavaUtilConcurrentAtomicTest#testAtomicLongArray
Processing com.google.gson.functional.MapAsArrayTypeAdapterTest#testSerializeComplexMapWithTypeAdapter
Processing com.google.gson.functional.MapAsArrayTypeAdapterTest#testMultipleEnableComplexKeyRegistrationHasNoEffect
Processing com.google.gson.functional.NamingPolicyTest#testComplexFieldNameStrategy
Processing com.google.gson.functional.ParameterizedTypesTest#testVariableTypeFieldsAndGenericArraysDeserialization
Processing com.google.gson.functional.ParameterizedTypesTest#testVariableTypeDeserialization
Processing com.google.gson.functional.ParameterizedTypesTest#testVariableTypeArrayDeserialization
Processing com.google.gson.functional.ParameterizedTypesTest#testParameterizedTypeWithVariableTypeDeserialization
Processing com.google.gson.functional.ParameterizedTypesTest#testParameterizedTypeGenericArraysDeserialization
Processing com.google.gson.functional.ReadersWritersTest#testReadWriteTwoObjects
Processing com.google.gson.functional.RuntimeTypeAdapterFactoryFunctionalTest#testSubclassesAutomaticallySerialized
Processing com.google.gson.functional.StreamingTypeAdaptersTest#testNullSafe
Processing com.google.gson.functional.TypeHierarchyAdapterTest#testTypeHierarchy
Processing com.google.gson.functional.TypeVariableTest#testAdvancedTypeVariables
Processing com.google.gson.functional.TypeVariableTest#testTypeVariablesViaTypeParameter
Processing com.google.gson.functional.UncategorizedTest#testGsonInstanceReusableForSerializationAndDeserialization
Processing com.google.gson.GsonTypeAdapterTest#testTypeAdapterThrowsException
Processing com.google.gson.GsonTypeAdapterTest#testTypeAdapterProperlyConvertsTypes
Processing com.google.gson.JsonParserTest#testParseMixedArray
Processing com.google.gson.JsonParserTest#testReadWriteTwoObjects
Processing com.google.gson.OverrideCoreTypeAdaptersTest#testOverrideWrapperBooleanAdapter
Processing com.google.gson.OverrideCoreTypeAdaptersTest#testOverridePrimitiveBooleanAdapter
[INFO] Processing Done...
[INFO] Printing com.google.gson.functional.CollectionTest_testPriorityQueue to /tmp/v2/gson//src/test/java//com/google/gson/functional/CollectionTest_testPriorityQueue.java
[INFO] Printing com.google.gson.functional.CollectionTest_testWildcardCollectionField to /tmp/v2/gson//src/test/java//com/google/gson/functional/CollectionTest_testWildcardCollectionField.java
[INFO] Printing com.google.gson.functional.CollectionTest_testStack to /tmp/v2/gson//src/test/java//com/google/gson/functional/CollectionTest_testStack.java
[INFO] Printing com.google.gson.functional.JavaUtilConcurrentAtomicTest_testAtomicLongArray to /tmp/v2/gson//src/test/java//com/google/gson/functional/JavaUtilConcurrentAtomicTest_testAtomicLongArray.java
[INFO] Printing com.google.gson.functional.TypeVariableTest_testTypeVariablesViaTypeParameter to /tmp/v2/gson//src/test/java//com/google/gson/functional/TypeVariableTest_testTypeVariablesViaTypeParameter.java
[INFO] Printing com.google.gson.functional.JavaUtilConcurrentAtomicTest_testAtomicIntegerArray to /tmp/v2/gson//src/test/java//com/google/gson/functional/JavaUtilConcurrentAtomicTest_testAtomicIntegerArray.java
[INFO] Printing com.google.gson.GsonTypeAdapterTest_testTypeAdapterProperlyConvertsTypes to /tmp/v2/gson//src/test/java//com/google/gson/GsonTypeAdapterTest_testTypeAdapterProperlyConvertsTypes.java
[INFO] Printing com.google.gson.functional.JavaUtilConcurrentAtomicTest_testAtomicLong to /tmp/v2/gson//src/test/java//com/google/gson/functional/JavaUtilConcurrentAtomicTest_testAtomicLong.java
[INFO] Printing com.google.gson.functional.CollectionTest_testVector to /tmp/v2/gson//src/test/java//com/google/gson/functional/CollectionTest_testVector.java
[INFO] Printing com.google.gson.functional.CollectionTest_testFieldIsArrayList to /tmp/v2/gson//src/test/java//com/google/gson/functional/CollectionTest_testFieldIsArrayList.java
[INFO] Printing com.google.gson.functional.JavaUtilConcurrentAtomicTest_testAtomicInteger to /tmp/v2/gson//src/test/java//com/google/gson/functional/JavaUtilConcurrentAtomicTest_testAtomicInteger.java
[INFO] Printing com.google.gson.JsonParserTest_testParseMixedArray to /tmp/v2/gson//src/test/java//com/google/gson/JsonParserTest_testParseMixedArray.java
[INFO] Printing com.google.gson.functional.EscapingTest_testEscapingObjectFields to /tmp/v2/gson//src/test/java//com/google/gson/functional/EscapingTest_testEscapingObjectFields.java
[INFO] Printing com.google.gson.functional.ParameterizedTypesTest_testVariableTypeArrayDeserialization to /tmp/v2/gson//src/test/java//com/google/gson/functional/ParameterizedTypesTest_testVariableTypeArrayDeserialization.java
[INFO] Printing com.google.gson.functional.StreamingTypeAdaptersTest_testNullSafe to /tmp/v2/gson//src/test/java//com/google/gson/functional/StreamingTypeAdaptersTest_testNullSafe.java
[INFO] Printing com.google.gson.functional.EscapingTest_testGsonAcceptsEscapedAndNonEscapedJsonDeserialization to /tmp/v2/gson//src/test/java//com/google/gson/functional/EscapingTest_testGsonAcceptsEscapedAndNonEscapedJsonDeserialization.java
[INFO] Printing com.google.gson.functional.ReadersWritersTest_testReadWriteTwoObjects to /tmp/v2/gson//src/test/java//com/google/gson/functional/ReadersWritersTest_testReadWriteTwoObjects.java
[INFO] Printing com.google.gson.functional.ParameterizedTypesTest_testParameterizedTypeWithVariableTypeDeserialization to /tmp/v2/gson//src/test/java//com/google/gson/functional/ParameterizedTypesTest_testParameterizedTypeWithVariableTypeDeserialization.java
[INFO] Printing com.google.gson.functional.UncategorizedTest_testGsonInstanceReusableForSerializationAndDeserialization to /tmp/v2/gson//src/test/java//com/google/gson/functional/UncategorizedTest_testGsonInstanceReusableForSerializationAndDeserialization.java
[INFO] Printing com.google.gson.OverrideCoreTypeAdaptersTest_testOverrideWrapperBooleanAdapter to /tmp/v2/gson//src/test/java//com/google/gson/OverrideCoreTypeAdaptersTest_testOverrideWrapperBooleanAdapter.java
[INFO] Printing com.google.gson.GsonTypeAdapterTest_testTypeAdapterThrowsException to /tmp/v2/gson//src/test/java//com/google/gson/GsonTypeAdapterTest_testTypeAdapterThrowsException.java
[INFO] Printing com.google.gson.functional.ParameterizedTypesTest_testVariableTypeFieldsAndGenericArraysDeserialization to /tmp/v2/gson//src/test/java//com/google/gson/functional/ParameterizedTypesTest_testVariableTypeFieldsAndGenericArraysDeserialization.java
[INFO] Printing com.google.gson.functional.ParameterizedTypesTest_testParameterizedTypeGenericArraysDeserialization to /tmp/v2/gson//src/test/java//com/google/gson/functional/ParameterizedTypesTest_testParameterizedTypeGenericArraysDeserialization.java
[INFO] Printing com.google.gson.functional.RuntimeTypeAdapterFactoryFunctionalTest_testSubclassesAutomaticallySerialized to /tmp/v2/gson//src/test/java//com/google/gson/functional/RuntimeTypeAdapterFactoryFunctionalTest_testSubclassesAutomaticallySerialized.java
[INFO] Printing com.google.gson.functional.MapAsArrayTypeAdapterTest_testMultipleEnableComplexKeyRegistrationHasNoEffect to /tmp/v2/gson//src/test/java//com/google/gson/functional/MapAsArrayTypeAdapterTest_testMultipleEnableComplexKeyRegistrationHasNoEffect.java
[INFO] Printing com.google.gson.functional.ParameterizedTypesTest_testVariableTypeDeserialization to /tmp/v2/gson//src/test/java//com/google/gson/functional/ParameterizedTypesTest_testVariableTypeDeserialization.java
[INFO] Printing com.google.gson.functional.MapAsArrayTypeAdapterTest_testSerializeComplexMapWithTypeAdapter to /tmp/v2/gson//src/test/java//com/google/gson/functional/MapAsArrayTypeAdapterTest_testSerializeComplexMapWithTypeAdapter.java
[INFO] Printing com.google.gson.JsonParserTest_testReadWriteTwoObjects to /tmp/v2/gson//src/test/java//com/google/gson/JsonParserTest_testReadWriteTwoObjects.java
[INFO] Printing com.google.gson.OverrideCoreTypeAdaptersTest_testOverridePrimitiveBooleanAdapter to /tmp/v2/gson//src/test/java//com/google/gson/OverrideCoreTypeAdaptersTest_testOverridePrimitiveBooleanAdapter.java
[INFO] Printing com.google.gson.functional.TypeHierarchyAdapterTest_testTypeHierarchy to /tmp/v2/gson//src/test/java//com/google/gson/functional/TypeHierarchyAdapterTest_testTypeHierarchy.java
[INFO] Printing com.google.gson.functional.DelegateTypeAdapterTest_testDelegateInvoked to /tmp/v2/gson//src/test/java//com/google/gson/functional/DelegateTypeAdapterTest_testDelegateInvoked.java
[INFO] Printing com.google.gson.functional.EscapingTest_testGsonDoubleDeserialization to /tmp/v2/gson//src/test/java//com/google/gson/functional/EscapingTest_testGsonDoubleDeserialization.java
[INFO] Printing com.google.gson.functional.DefaultTypeAdaptersTest_testBitSetDeserialization to /tmp/v2/gson//src/test/java//com/google/gson/functional/DefaultTypeAdaptersTest_testBitSetDeserialization.java
[INFO] Printing com.google.gson.functional.NamingPolicyTest_testComplexFieldNameStrategy to /tmp/v2/gson//src/test/java//com/google/gson/functional/NamingPolicyTest_testComplexFieldNameStrategy.java
[INFO] Printing com.google.gson.functional.TypeVariableTest_testAdvancedTypeVariables to /tmp/v2/gson//src/test/java//com/google/gson/functional/TypeVariableTest_testAdvancedTypeVariables.java
[INFO] Printing com.google.gson.functional.CustomTypeAdaptersTest_testRegisterHierarchyAdapterForDate to /tmp/v2/gson//src/test/java//com/google/gson/functional/CustomTypeAdaptersTest_testRegisterHierarchyAdapterForDate.java
[INFO] Injecting JUnit-Jjoules in /tmp/v2/gson//pom.xml
[INFO] Output new POM file in /tmp/v2/gson//pom.xml
[INFO] ------------------------------------------------------------------------
[INFO] BUILD SUCCESS
[INFO] ------------------------------------------------------------------------
[INFO] Total time:  16:45 min
[INFO] Finished at: 2021-01-20T03:24:59+01:00
[INFO] ------------------------------------------------------------------------
