[INFO] Scanning for projects...
[WARNING] 
[WARNING] Some problems were encountered while building the effective model for com.google.code.gson:gson:jar:2.8.3-SNAPSHOT
[WARNING] 'build.plugins.plugin.version' for org.apache.maven.plugins:maven-jar-plugin is missing. @ com.google.code.gson:gson:[unknown-version], /tmp/v1/gson/pom.xml, line 46, column 15
[WARNING] 
[WARNING] It is highly recommended to fix these problems because they threaten the stability of your build.
[WARNING] 
[WARNING] For this reason, future Maven versions might no longer support building such malformed projects.
[WARNING] 
[INFO] ------------------------------------------------------------------------
[INFO] Reactor Build Order:
[INFO] 
[INFO] Gson Parent                                                        [pom]
[INFO] Gson                                                               [jar]
[INFO] 
[INFO] ------------------< com.google.code.gson:gson-parent >------------------
[INFO] Building Gson Parent 2.8.3-SNAPSHOT                                [1/2]
[INFO] --------------------------------[ pom ]---------------------------------
[INFO] 
[INFO] --- maven-clean-plugin:2.5:clean (default-clean) @ gson-parent ---
[INFO] 
[INFO] --- maven-enforcer-plugin:1.0:enforce (enforce-maven) @ gson-parent ---
[INFO] 
[INFO] --- maven-dependency-plugin:2.8:build-classpath (default-cli) @ gson-parent ---
[INFO] No dependencies found.
[INFO] Skipped writing classpath file '/tmp/v1/classpath'.  No changes found.
[INFO] 
[INFO] --- diff-jjoules:0.0.1-SNAPSHOT:instrument (default-cli) @ gson-parent ---
[INFO] Running on:
[INFO] /tmp/v1
[INFO] /tmp/v2/
[INFO] Configuration{pathToFirstVersion='/tmp/v1', pathToSecondVersion='/tmp/v2/', pathToTestListAsCSV='/tmp/v1/testsThatExecuteTheChange.csv', classpath=[], junit4=false}
java.lang.RuntimeException: java.io.FileNotFoundException: /tmp/v1/testsThatExecuteTheChange.csv (No such file or directory)
	at fr.davidson.diff.jjoules.util.CSVReader.readFile(CSVReader.java:29)
	at fr.davidson.diff.jjoules.Main.main(Main.java:38)
	at fr.davidson.diff.jjoules.mojo.DiffJJoulesMojo.execute(DiffJJoulesMojo.java:59)
	at org.apache.maven.plugin.DefaultBuildPluginManager.executeMojo(DefaultBuildPluginManager.java:137)
	at org.apache.maven.lifecycle.internal.MojoExecutor.execute(MojoExecutor.java:210)
	at org.apache.maven.lifecycle.internal.MojoExecutor.execute(MojoExecutor.java:156)
	at org.apache.maven.lifecycle.internal.MojoExecutor.execute(MojoExecutor.java:148)
	at org.apache.maven.lifecycle.internal.LifecycleModuleBuilder.buildProject(LifecycleModuleBuilder.java:117)
	at org.apache.maven.lifecycle.internal.LifecycleModuleBuilder.buildProject(LifecycleModuleBuilder.java:81)
	at org.apache.maven.lifecycle.internal.builder.singlethreaded.SingleThreadedBuilder.build(SingleThreadedBuilder.java:56)
	at org.apache.maven.lifecycle.internal.LifecycleStarter.execute(LifecycleStarter.java:128)
	at org.apache.maven.DefaultMaven.doExecute(DefaultMaven.java:305)
	at org.apache.maven.DefaultMaven.doExecute(DefaultMaven.java:192)
	at org.apache.maven.DefaultMaven.execute(DefaultMaven.java:105)
	at org.apache.maven.cli.MavenCli.execute(MavenCli.java:956)
	at org.apache.maven.cli.MavenCli.doMain(MavenCli.java:288)
	at org.apache.maven.cli.MavenCli.main(MavenCli.java:192)
	at java.base/jdk.internal.reflect.NativeMethodAccessorImpl.invoke0(Native Method)
	at java.base/jdk.internal.reflect.NativeMethodAccessorImpl.invoke(NativeMethodAccessorImpl.java:62)
	at java.base/jdk.internal.reflect.DelegatingMethodAccessorImpl.invoke(DelegatingMethodAccessorImpl.java:43)
	at java.base/java.lang.reflect.Method.invoke(Method.java:566)
	at org.codehaus.plexus.classworlds.launcher.Launcher.launchEnhanced(Launcher.java:289)
	at org.codehaus.plexus.classworlds.launcher.Launcher.launch(Launcher.java:229)
	at org.codehaus.plexus.classworlds.launcher.Launcher.mainWithExitCode(Launcher.java:415)
	at org.codehaus.plexus.classworlds.launcher.Launcher.main(Launcher.java:356)
Caused by: java.io.FileNotFoundException: /tmp/v1/testsThatExecuteTheChange.csv (No such file or directory)
	at java.base/java.io.FileInputStream.open0(Native Method)
	at java.base/java.io.FileInputStream.open(FileInputStream.java:219)
	at java.base/java.io.FileInputStream.<init>(FileInputStream.java:157)
	at java.base/java.io.FileInputStream.<init>(FileInputStream.java:112)
	at java.base/java.io.FileReader.<init>(FileReader.java:60)
	at fr.davidson.diff.jjoules.util.CSVReader.readFile(CSVReader.java:19)
	... 24 more
[INFO] 
[INFO] ---------------------< com.google.code.gson:gson >----------------------
[INFO] Building Gson 2.8.3-SNAPSHOT                                       [2/2]
[INFO] --------------------------------[ jar ]---------------------------------
[INFO] 
[INFO] --- maven-clean-plugin:2.5:clean (default-clean) @ gson ---
[INFO] Deleting /tmp/v1/gson/target
[INFO] 
[INFO] --- maven-enforcer-plugin:1.0:enforce (enforce-maven) @ gson ---
[INFO] 
[INFO] --- maven-resources-plugin:2.6:resources (default-resources) @ gson ---
[INFO] Using 'UTF-8' encoding to copy filtered resources.
[INFO] skip non existing resourceDirectory /tmp/v1/gson/src/main/resources
[INFO] 
[INFO] --- maven-compiler-plugin:3.7.0:compile (default-compile) @ gson ---
[INFO] Changes detected - recompiling the module!
[INFO] Compiling 67 source files to /tmp/v1/gson/target/classes
[INFO] /tmp/v1/gson/src/main/java/com/google/gson/internal/ConstructorConstructor.java: /tmp/v1/gson/src/main/java/com/google/gson/internal/ConstructorConstructor.java uses or overrides a deprecated API.
[INFO] /tmp/v1/gson/src/main/java/com/google/gson/internal/ConstructorConstructor.java: Recompile with -Xlint:deprecation for details.
[INFO] 
[INFO] --- bnd-maven-plugin:3.1.0:bnd-process (default) @ gson ---
[WARNING] Export com.google.gson,  has 1,  private references [com.google.gson.internal], 
[INFO] 
[INFO] --- maven-resources-plugin:2.6:testResources (default-testResources) @ gson ---
[INFO] Using 'UTF-8' encoding to copy filtered resources.
[INFO] skip non existing resourceDirectory /tmp/v1/gson/src/test/resources
[INFO] 
[INFO] --- maven-compiler-plugin:3.7.0:testCompile (default-testCompile) @ gson ---
[INFO] Changes detected - recompiling the module!
[INFO] Compiling 97 source files to /tmp/v1/gson/target/test-classes
[INFO] /tmp/v1/gson/src/test/java/com/google/gson/common/MoreAsserts.java: Some input files use or override a deprecated API.
[INFO] /tmp/v1/gson/src/test/java/com/google/gson/common/MoreAsserts.java: Recompile with -Xlint:deprecation for details.
[INFO] 
[INFO] --- maven-surefire-plugin:2.12.4:test (default-test) @ gson ---
[INFO] Tests are skipped.
[INFO] 
[INFO] --- maven-dependency-plugin:2.8:build-classpath (default-cli) @ gson ---
[INFO] Skipped writing classpath file '/tmp/v1/gson/classpath'.  No changes found.
[INFO] 
[INFO] --- diff-jjoules:0.0.1-SNAPSHOT:instrument (default-cli) @ gson ---
[INFO] Running on:
[INFO] /tmp/v1/gson
[INFO] /tmp/v2//gson
[INFO] Enable JUnit4 mode
[INFO] Configuration{pathToFirstVersion='/tmp/v1/gson', pathToSecondVersion='/tmp/v2//gson', pathToTestListAsCSV='/tmp/v1/gson/testsThatExecuteTheChange.csv', classpath=[/home/spino/.m2/repository/junit/junit/4.12/junit-4.12.jar, /home/spino/.m2/repository/org/hamcrest/hamcrest-core/1.3/hamcrest-core-1.3.jar], junit4=true}
[INFO] com.google.gson.functional.CollectionTest:[testTopLevelCollectionOfIntegersSerialization, testQueueSerialization, testVector, testCollectionOfStringsDeserialization, testPriorityQueue, testRawCollectionSerialization, testWildcardCollectionField, testCollectionOfObjectWithNullSerialization, testTopLevelListOfIntegerCollectionsDeserialization, testCollectionOfObjectSerialization, testLinkedListSerialization, testCollectionOfBagOfPrimitivesSerialization, testWildcardPrimitiveCollectionDeserilaization, testNullsInListSerialization, testWildcardPrimitiveCollectionSerilaization, testNullsInListDeserialization, testStack, testCollectionOfStringsSerialization, testSetSerialization, testLinkedListDeserialization, testRawCollectionDeserializationNotAlllowed, testRawCollectionOfBagOfPrimitivesNotAllowed, testQueueDeserialization, testRawCollectionOfIntegersSerialization, testSetDeserialization, testFieldIsArrayList, testTopLevelCollectionOfIntegersDeserialization]
com.google.gson.functional.ParameterizedTypesTest:[testVariableTypeFieldsAndGenericArraysSerialization, testParameterizedTypeGenericArraysDeserialization, testVariableTypeFieldsAndGenericArraysDeserialization, testVariableTypeDeserialization, testParameterizedTypeGenericArraysSerialization, testParameterizedTypeWithVariableTypeDeserialization, testVariableTypeArrayDeserialization]
com.google.gson.functional.NullObjectAndFieldTest:[testExplicitSerializationOfNullStringMembers, testPrintPrintingObjectWithNulls, testExplicitSerializationOfNullArrayMembers, testExplicitSerializationOfNullCollectionMembers]
com.google.gson.functional.EscapingTest:[testEscapeAllHtmlCharacters]
com.google.gson.internal.bind.RecursiveTypesResolveTest:[testIssue603PrintStream]
com.google.gson.functional.UncategorizedTest:[testTrailingWhitespace]
com.google.gson.functional.DelegateTypeAdapterTest:[testDelegateInvoked]
com.google.gson.CommentsTest:[testParseComments]
com.google.gson.functional.PrettyPrintingTest:[testEmptyMapField, testPrettyPrintList, testPrettyPrintListOfPrimitiveArrays, testMap]
com.google.gson.functional.InheritanceTest:[testSubInterfacesOfCollectionDeserialization, testSubInterfacesOfCollectionSerialization, testClassWithBaseCollectionFieldSerialization]
com.google.gson.functional.InstanceCreatorTest:[testInstanceCreatorForCollectionType, testInstanceCreatorForParametrizedType]
com.google.gson.functional.ObjectTest:[testEmptyCollectionInAnObjectSerialization, testSingletonLists, testEmptyCollectionInAnObjectDeserialization, testDateAsMapObjectField, testTruncatedDeserialization]
com.google.gson.functional.StreamingTypeAdaptersTest:[testNullSafe, testSerializeWithCustomTypeAdapter, testDeserializeWithCustomTypeAdapter]
com.google.gson.functional.MoreSpecificTypeSerializationTest:[testMapOfSubclassFields, testListOfSubclassFields, testListOfParameterizedSubclassFields, testMapOfParameterizedSubclassFields]
com.google.gson.functional.JsonParserTest:[testExtraCommasInMaps, testExtraCommasInArrays]
com.google.gson.functional.PrintFormattingTest:[testCompactFormattingLeavesNoWhiteSpace]
com.google.gson.functional.LeniencyTest:[testLenientFromJson]
com.google.gson.MixedStreamTest:[testWriteLenient, testWriteHtmlSafe]
com.google.gson.functional.CustomTypeAdaptersTest:[testCustomAdapterInvokedForCollectionElementSerializationWithType, testCustomAdapterInvokedForMapElementSerialization, testCustomAdapterInvokedForCollectionElementDeserialization, testCustomAdapterInvokedForMapElementSerializationWithType, testCustomAdapterInvokedForMapElementDeserialization, testCustomAdapterInvokedForCollectionElementSerialization]
com.google.gson.ObjectTypeAdapterTest:[testSerialize, testSerializeNullValue]
com.google.gson.JavaSerializationTest:[testNumberIsSerializable, testMapIsSerializable, testListIsSerializable]
com.google.gson.DefaultMapJsonSerializerTest:[testEmptyMapSerialization, testNonEmptyMapSerialization, testEmptyMapNoTypeSerialization]
com.google.gson.functional.TypeVariableTest:[testAdvancedTypeVariables, testTypeVariablesViaTypeParameter]
com.google.gson.functional.EnumTest:[testEnumSubclass, testEnumSet, testEnumSubclassAsParameterizedType, testCollectionOfEnumsDeserialization, testEnumSubclassWithRegisteredTypeAdapter, testCollectionOfEnumsSerialization]
com.google.gson.functional.ReadersWritersTest:[testTypeMismatchThrowsJsonSyntaxExceptionForStrings, testTypeMismatchThrowsJsonSyntaxExceptionForReaders]
com.google.gson.functional.ArrayTest:[testArrayOfCollectionSerialization, testArrayOfCollectionDeserialization]
com.google.gson.functional.CircularReferenceTest:[testDirectedAcyclicGraphDeserialization, testCircularSerialization, testDirectedAcyclicGraphSerialization]
com.google.gson.functional.RawSerializationTest:[testCollectionOfObjects, testCollectionOfPrimitives]
com.google.gson.functional.MapTest:[testWriteMapsWithEmptyStringKey, testInterfaceTypeMapWithSerializer, testMapDeserializationWithLongKeys, testMapSerializationWithNullValueButSerializeNulls, testNumberKeyDeserialization, testGeneralMapField, testMapStandardSubclassDeserialization, testMapSerializationWithNullValuesSerialized, testRawMapSerialization, testMapDeserializationWithUnquotedLongKeys, testMapDeserializationWithWildcardValues, testSerializeMapOfMaps, testMapDeserializationWithIntegerKeys, testMapSerializationWithNullKey, testReadMapsWithEmptyStringKey, testConcurrentNavigableMap, testMapDeserializationWithNullKey, testComplexKeysSerialization, testComplexKeysDeserialization, testMapOfMapDeserialization, testStringKeyDeserialization, testMapSerialization, testConcurrentHashMap, testMapDeserializationWithNullValue, testMapDeserializationWithUnquotedIntegerKeys, testInterfaceTypeMap, testMapSubclassSerialization, testMapSerializationEmpty, testMapNamePromotionWithJsonElementReader, testMapDeserializationWithDuplicateKeys, testMapSerializationWithNullValue, testMapSerializationWithIntegerKeys, testMapOfMapSerialization, testSortedMap, testDeerializeMapOfMaps, testConcurrentMap, testMapSubclassDeserialization, testMapDeserialization, testMapDeserializationEmpty, testMapSerializationWithWildcardValues, testMapSerializationWithNullValues, testMapWithQuotes, testParameterizedMapSubclassSerialization, testHashMapDeserialization, testConcurrentSkipListMap, testBooleanKeyDeserialization, testSerializeMaps]
com.google.gson.functional.MapAsArrayTypeAdapterTest:[testTwoTypesCollapseToOneDeserialize, testMultipleEnableComplexKeyRegistrationHasNoEffect, testMapWithTypeVariableDeserialization, testSerializeComplexMapWithTypeAdapter, testMapWithTypeVariableSerialization]
com.google.gson.functional.PrimitiveTest:[testStringsAsBooleans]
com.google.gson.functional.ThrowableFunctionalTest:[testExceptionWithCause, testSerializedNameOnExceptionFields, testErrorWithoutCause, testErrornWithCause, testExceptionWithoutCause]
com.google.gson.functional.DefaultTypeAdaptersTest:[testTreeSetDeserialization, testDateSerializationInCollection, testSetSerialization, testNullSerialization, testTreeSetSerialization]
com.google.gson.functional.TreeTypeAdaptersTest:[testDeserializeId, testSerializeId]
[INFO] Instrument version before commit...
[INFO] Run on /tmp/v1/gson
[INFO] Running in NOCLASSPATH mode (doc: http://spoon.gforge.inria.fr/launcher.html).
[INFO] fr.davidson.diff.jjoules.process.junit4.JJoulesProcessor
Processing com.google.gson.functional.ArrayTest#testArrayOfCollectionSerialization
Processing com.google.gson.functional.ArrayTest#testArrayOfCollectionDeserialization
Processing com.google.gson.functional.CircularReferenceTest#testCircularSerialization
Processing com.google.gson.functional.CircularReferenceTest#testDirectedAcyclicGraphSerialization
Processing com.google.gson.functional.CircularReferenceTest#testDirectedAcyclicGraphDeserialization
Processing com.google.gson.functional.CollectionTest#testTopLevelCollectionOfIntegersSerialization
Processing com.google.gson.functional.CollectionTest#testTopLevelCollectionOfIntegersDeserialization
Processing com.google.gson.functional.CollectionTest#testTopLevelListOfIntegerCollectionsDeserialization
Processing com.google.gson.functional.CollectionTest#testLinkedListSerialization
Processing com.google.gson.functional.CollectionTest#testLinkedListDeserialization
Processing com.google.gson.functional.CollectionTest#testQueueSerialization
Processing com.google.gson.functional.CollectionTest#testQueueDeserialization
Processing com.google.gson.functional.CollectionTest#testPriorityQueue
Processing com.google.gson.functional.CollectionTest#testVector
Processing com.google.gson.functional.CollectionTest#testStack
Processing com.google.gson.functional.CollectionTest#testNullsInListSerialization
Processing com.google.gson.functional.CollectionTest#testNullsInListDeserialization
Processing com.google.gson.functional.CollectionTest#testCollectionOfObjectSerialization
Processing com.google.gson.functional.CollectionTest#testCollectionOfObjectWithNullSerialization
Processing com.google.gson.functional.CollectionTest#testCollectionOfStringsSerialization
Processing com.google.gson.functional.CollectionTest#testCollectionOfBagOfPrimitivesSerialization
Processing com.google.gson.functional.CollectionTest#testCollectionOfStringsDeserialization
Processing com.google.gson.functional.CollectionTest#testRawCollectionOfIntegersSerialization
Processing com.google.gson.functional.CollectionTest#testRawCollectionSerialization
Processing com.google.gson.functional.CollectionTest#testRawCollectionDeserializationNotAlllowed
Processing com.google.gson.functional.CollectionTest#testRawCollectionOfBagOfPrimitivesNotAllowed
Processing com.google.gson.functional.CollectionTest#testWildcardPrimitiveCollectionSerilaization
Processing com.google.gson.functional.CollectionTest#testWildcardPrimitiveCollectionDeserilaization
Processing com.google.gson.functional.CollectionTest#testWildcardCollectionField
Processing com.google.gson.functional.CollectionTest#testFieldIsArrayList
Processing com.google.gson.functional.CollectionTest#testSetSerialization
Processing com.google.gson.functional.CollectionTest#testSetDeserialization
Processing com.google.gson.functional.CustomTypeAdaptersTest#testCustomAdapterInvokedForCollectionElementSerializationWithType
Processing com.google.gson.functional.CustomTypeAdaptersTest#testCustomAdapterInvokedForCollectionElementSerialization
Processing com.google.gson.functional.CustomTypeAdaptersTest#testCustomAdapterInvokedForCollectionElementDeserialization
Processing com.google.gson.functional.CustomTypeAdaptersTest#testCustomAdapterInvokedForMapElementSerializationWithType
Processing com.google.gson.functional.CustomTypeAdaptersTest#testCustomAdapterInvokedForMapElementSerialization
Processing com.google.gson.functional.CustomTypeAdaptersTest#testCustomAdapterInvokedForMapElementDeserialization
Processing com.google.gson.functional.DefaultTypeAdaptersTest#testNullSerialization
Processing com.google.gson.functional.DefaultTypeAdaptersTest#testSetSerialization
Processing com.google.gson.functional.DefaultTypeAdaptersTest#testDateSerializationInCollection
Processing com.google.gson.functional.DefaultTypeAdaptersTest#testTreeSetSerialization
Processing com.google.gson.functional.DefaultTypeAdaptersTest#testTreeSetDeserialization
Processing com.google.gson.functional.DelegateTypeAdapterTest#testDelegateInvoked
Processing com.google.gson.functional.EnumTest#testCollectionOfEnumsSerialization
Processing com.google.gson.functional.EnumTest#testCollectionOfEnumsDeserialization
Processing com.google.gson.functional.EnumTest#testEnumSubclass
Processing com.google.gson.functional.EnumTest#testEnumSubclassWithRegisteredTypeAdapter
Processing com.google.gson.functional.EnumTest#testEnumSubclassAsParameterizedType
Processing com.google.gson.functional.EnumTest#testEnumSet
Processing com.google.gson.functional.EscapingTest#testEscapeAllHtmlCharacters
Processing com.google.gson.functional.InheritanceTest#testClassWithBaseCollectionFieldSerialization
Processing com.google.gson.functional.InheritanceTest#testSubInterfacesOfCollectionSerialization
Processing com.google.gson.functional.InheritanceTest#testSubInterfacesOfCollectionDeserialization
Processing com.google.gson.functional.InstanceCreatorTest#testInstanceCreatorForCollectionType
Processing com.google.gson.functional.InstanceCreatorTest#testInstanceCreatorForParametrizedType
Processing com.google.gson.functional.JsonParserTest#testExtraCommasInArrays
Processing com.google.gson.functional.JsonParserTest#testExtraCommasInMaps
Processing com.google.gson.functional.LeniencyTest#testLenientFromJson
Processing com.google.gson.functional.MapAsArrayTypeAdapterTest#testSerializeComplexMapWithTypeAdapter
Processing com.google.gson.functional.MapAsArrayTypeAdapterTest#testTwoTypesCollapseToOneDeserialize
Processing com.google.gson.functional.MapAsArrayTypeAdapterTest#testMultipleEnableComplexKeyRegistrationHasNoEffect
Processing com.google.gson.functional.MapAsArrayTypeAdapterTest#testMapWithTypeVariableSerialization
Processing com.google.gson.functional.MapAsArrayTypeAdapterTest#testMapWithTypeVariableDeserialization
Processing com.google.gson.functional.MapTest#testMapSerialization
Processing com.google.gson.functional.MapTest#testMapDeserialization
Processing com.google.gson.functional.MapTest#testRawMapSerialization
Processing com.google.gson.functional.MapTest#testMapSerializationEmpty
Processing com.google.gson.functional.MapTest#testMapDeserializationEmpty
Processing com.google.gson.functional.MapTest#testMapSerializationWithNullValue
Processing com.google.gson.functional.MapTest#testMapDeserializationWithNullValue
Processing com.google.gson.functional.MapTest#testMapSerializationWithNullValueButSerializeNulls
Processing com.google.gson.functional.MapTest#testMapSerializationWithNullKey
Processing com.google.gson.functional.MapTest#testMapDeserializationWithNullKey
Processing com.google.gson.functional.MapTest#testMapSerializationWithIntegerKeys
Processing com.google.gson.functional.MapTest#testMapDeserializationWithIntegerKeys
Processing com.google.gson.functional.MapTest#testMapDeserializationWithUnquotedIntegerKeys
Processing com.google.gson.functional.MapTest#testMapDeserializationWithLongKeys
Processing com.google.gson.functional.MapTest#testMapDeserializationWithUnquotedLongKeys
Processing com.google.gson.functional.MapTest#testHashMapDeserialization
Processing com.google.gson.functional.MapTest#testSortedMap
Processing com.google.gson.functional.MapTest#testConcurrentMap
Processing com.google.gson.functional.MapTest#testConcurrentHashMap
Processing com.google.gson.functional.MapTest#testConcurrentNavigableMap
Processing com.google.gson.functional.MapTest#testConcurrentSkipListMap
Processing com.google.gson.functional.MapTest#testParameterizedMapSubclassSerialization
Processing com.google.gson.functional.MapTest#testMapSubclassSerialization
Processing com.google.gson.functional.MapTest#testMapStandardSubclassDeserialization
Processing com.google.gson.functional.MapTest#testMapSubclassDeserialization
Processing com.google.gson.functional.MapTest#testMapSerializationWithNullValues
Processing com.google.gson.functional.MapTest#testMapSerializationWithNullValuesSerialized
Processing com.google.gson.functional.MapTest#testMapSerializationWithWildcardValues
Processing com.google.gson.functional.MapTest#testMapDeserializationWithWildcardValues
Processing com.google.gson.functional.MapTest#testMapOfMapSerialization
Processing com.google.gson.functional.MapTest#testMapOfMapDeserialization
Processing com.google.gson.functional.MapTest#testMapWithQuotes
Processing com.google.gson.functional.MapTest#testWriteMapsWithEmptyStringKey
Processing com.google.gson.functional.MapTest#testReadMapsWithEmptyStringKey
Processing com.google.gson.functional.MapTest#testSerializeMaps
Processing com.google.gson.functional.MapTest#testInterfaceTypeMap
Processing com.google.gson.functional.MapTest#testInterfaceTypeMapWithSerializer
Processing com.google.gson.functional.MapTest#testGeneralMapField
Processing com.google.gson.functional.MapTest#testComplexKeysSerialization
Processing com.google.gson.functional.MapTest#testComplexKeysDeserialization
Processing com.google.gson.functional.MapTest#testStringKeyDeserialization
Processing com.google.gson.functional.MapTest#testNumberKeyDeserialization
Processing com.google.gson.functional.MapTest#testBooleanKeyDeserialization
Processing com.google.gson.functional.MapTest#testMapDeserializationWithDuplicateKeys
Processing com.google.gson.functional.MapTest#testSerializeMapOfMaps
Processing com.google.gson.functional.MapTest#testDeerializeMapOfMaps
Processing com.google.gson.functional.MapTest#testMapNamePromotionWithJsonElementReader
Processing com.google.gson.functional.MoreSpecificTypeSerializationTest#testListOfSubclassFields
Processing com.google.gson.functional.MoreSpecificTypeSerializationTest#testMapOfSubclassFields
Processing com.google.gson.functional.MoreSpecificTypeSerializationTest#testListOfParameterizedSubclassFields
Processing com.google.gson.functional.MoreSpecificTypeSerializationTest#testMapOfParameterizedSubclassFields
Processing com.google.gson.functional.NullObjectAndFieldTest#testExplicitSerializationOfNullArrayMembers
Processing com.google.gson.functional.NullObjectAndFieldTest#testExplicitSerializationOfNullCollectionMembers
Processing com.google.gson.functional.NullObjectAndFieldTest#testExplicitSerializationOfNullStringMembers
Processing com.google.gson.functional.NullObjectAndFieldTest#testPrintPrintingObjectWithNulls
Processing com.google.gson.functional.ObjectTest#testTruncatedDeserialization
Processing com.google.gson.functional.ObjectTest#testEmptyCollectionInAnObjectDeserialization
Processing com.google.gson.functional.ObjectTest#testEmptyCollectionInAnObjectSerialization
Processing com.google.gson.functional.ObjectTest#testSingletonLists
Processing com.google.gson.functional.ObjectTest#testDateAsMapObjectField
Processing com.google.gson.functional.ParameterizedTypesTest#testVariableTypeFieldsAndGenericArraysSerialization
Processing com.google.gson.functional.ParameterizedTypesTest#testVariableTypeFieldsAndGenericArraysDeserialization
Processing com.google.gson.functional.ParameterizedTypesTest#testVariableTypeDeserialization
Processing com.google.gson.functional.ParameterizedTypesTest#testVariableTypeArrayDeserialization
Processing com.google.gson.functional.ParameterizedTypesTest#testParameterizedTypeWithVariableTypeDeserialization
Processing com.google.gson.functional.ParameterizedTypesTest#testParameterizedTypeGenericArraysSerialization
Processing com.google.gson.functional.ParameterizedTypesTest#testParameterizedTypeGenericArraysDeserialization
Processing com.google.gson.functional.PrettyPrintingTest#testPrettyPrintList
Processing com.google.gson.functional.PrettyPrintingTest#testPrettyPrintListOfPrimitiveArrays
Processing com.google.gson.functional.PrettyPrintingTest#testMap
Processing com.google.gson.functional.PrettyPrintingTest#testEmptyMapField
Processing com.google.gson.functional.PrimitiveTest#testStringsAsBooleans
Processing com.google.gson.functional.PrintFormattingTest#testCompactFormattingLeavesNoWhiteSpace
Processing com.google.gson.functional.RawSerializationTest#testCollectionOfPrimitives
Processing com.google.gson.functional.RawSerializationTest#testCollectionOfObjects
Processing com.google.gson.functional.ReadersWritersTest#testTypeMismatchThrowsJsonSyntaxExceptionForStrings
Processing com.google.gson.functional.ReadersWritersTest#testTypeMismatchThrowsJsonSyntaxExceptionForReaders
Processing com.google.gson.functional.StreamingTypeAdaptersTest#testSerializeWithCustomTypeAdapter
Processing com.google.gson.functional.StreamingTypeAdaptersTest#testDeserializeWithCustomTypeAdapter
Processing com.google.gson.functional.StreamingTypeAdaptersTest#testNullSafe
Processing com.google.gson.functional.ThrowableFunctionalTest#testExceptionWithoutCause
Processing com.google.gson.functional.ThrowableFunctionalTest#testExceptionWithCause
Processing com.google.gson.functional.ThrowableFunctionalTest#testSerializedNameOnExceptionFields
Processing com.google.gson.functional.ThrowableFunctionalTest#testErrorWithoutCause
Processing com.google.gson.functional.ThrowableFunctionalTest#testErrornWithCause
Processing com.google.gson.functional.TreeTypeAdaptersTest#testSerializeId
Processing com.google.gson.functional.TreeTypeAdaptersTest#testDeserializeId
Processing com.google.gson.functional.TypeVariableTest#testAdvancedTypeVariables
Processing com.google.gson.functional.TypeVariableTest#testTypeVariablesViaTypeParameter
Processing com.google.gson.functional.UncategorizedTest#testTrailingWhitespace
Processing com.google.gson.internal.bind.RecursiveTypesResolveTest#testIssue603PrintStream
Processing com.google.gson.CommentsTest#testParseComments
Processing com.google.gson.DefaultMapJsonSerializerTest#testEmptyMapNoTypeSerialization
Processing com.google.gson.DefaultMapJsonSerializerTest#testEmptyMapSerialization
Processing com.google.gson.DefaultMapJsonSerializerTest#testNonEmptyMapSerialization
Processing com.google.gson.JavaSerializationTest#testMapIsSerializable
Processing com.google.gson.JavaSerializationTest#testListIsSerializable
Processing com.google.gson.JavaSerializationTest#testNumberIsSerializable
Processing com.google.gson.MixedStreamTest#testWriteHtmlSafe
Processing com.google.gson.MixedStreamTest#testWriteLenient
Processing com.google.gson.ObjectTypeAdapterTest#testSerialize
Processing com.google.gson.ObjectTypeAdapterTest#testSerializeNullValue
[INFO] Printing com.google.gson.functional.PrimitiveTest to /tmp/v1/gson/src/test/java//com/google/gson/functional/PrimitiveTest.java
[INFO] Printing com.google.gson.functional.ReadersWritersTest to /tmp/v1/gson/src/test/java//com/google/gson/functional/ReadersWritersTest.java
[INFO] Printing com.google.gson.functional.InstanceCreatorTest to /tmp/v1/gson/src/test/java//com/google/gson/functional/InstanceCreatorTest.java
[INFO] Printing com.google.gson.functional.CustomTypeAdaptersTest to /tmp/v1/gson/src/test/java//com/google/gson/functional/CustomTypeAdaptersTest.java
[INFO] Printing com.google.gson.functional.PrintFormattingTest to /tmp/v1/gson/src/test/java//com/google/gson/functional/PrintFormattingTest.java
[INFO] Printing com.google.gson.CommentsTest to /tmp/v1/gson/src/test/java//com/google/gson/CommentsTest.java
[INFO] Printing com.google.gson.MixedStreamTest to /tmp/v1/gson/src/test/java//com/google/gson/MixedStreamTest.java
[INFO] Printing com.google.gson.JavaSerializationTest to /tmp/v1/gson/src/test/java//com/google/gson/JavaSerializationTest.java
[INFO] Printing com.google.gson.functional.RawSerializationTest to /tmp/v1/gson/src/test/java//com/google/gson/functional/RawSerializationTest.java
[INFO] Printing com.google.gson.functional.InheritanceTest to /tmp/v1/gson/src/test/java//com/google/gson/functional/InheritanceTest.java
[INFO] Printing com.google.gson.functional.StreamingTypeAdaptersTest to /tmp/v1/gson/src/test/java//com/google/gson/functional/StreamingTypeAdaptersTest.java
[INFO] Printing com.google.gson.internal.bind.RecursiveTypesResolveTest to /tmp/v1/gson/src/test/java//com/google/gson/internal/bind/RecursiveTypesResolveTest.java
[INFO] Printing com.google.gson.functional.NullObjectAndFieldTest to /tmp/v1/gson/src/test/java//com/google/gson/functional/NullObjectAndFieldTest.java
[INFO] Printing com.google.gson.ObjectTypeAdapterTest to /tmp/v1/gson/src/test/java//com/google/gson/ObjectTypeAdapterTest.java
[INFO] Printing com.google.gson.functional.UncategorizedTest to /tmp/v1/gson/src/test/java//com/google/gson/functional/UncategorizedTest.java
[INFO] Printing com.google.gson.functional.TreeTypeAdaptersTest to /tmp/v1/gson/src/test/java//com/google/gson/functional/TreeTypeAdaptersTest.java
[INFO] Printing com.google.gson.functional.ParameterizedTypesTest to /tmp/v1/gson/src/test/java//com/google/gson/functional/ParameterizedTypesTest.java
[INFO] Printing com.google.gson.functional.ThrowableFunctionalTest to /tmp/v1/gson/src/test/java//com/google/gson/functional/ThrowableFunctionalTest.java
[INFO] Printing com.google.gson.functional.JsonParserTest to /tmp/v1/gson/src/test/java//com/google/gson/functional/JsonParserTest.java
[INFO] Printing com.google.gson.functional.DefaultTypeAdaptersTest to /tmp/v1/gson/src/test/java//com/google/gson/functional/DefaultTypeAdaptersTest.java
[INFO] Printing com.google.gson.functional.CircularReferenceTest to /tmp/v1/gson/src/test/java//com/google/gson/functional/CircularReferenceTest.java
[INFO] Printing com.google.gson.functional.ArrayTest to /tmp/v1/gson/src/test/java//com/google/gson/functional/ArrayTest.java
[INFO] Printing com.google.gson.functional.DelegateTypeAdapterTest to /tmp/v1/gson/src/test/java//com/google/gson/functional/DelegateTypeAdapterTest.java
[INFO] Printing com.google.gson.functional.MoreSpecificTypeSerializationTest to /tmp/v1/gson/src/test/java//com/google/gson/functional/MoreSpecificTypeSerializationTest.java
[INFO] Printing com.google.gson.functional.TypeVariableTest to /tmp/v1/gson/src/test/java//com/google/gson/functional/TypeVariableTest.java
[INFO] Printing com.google.gson.functional.MapTest to /tmp/v1/gson/src/test/java//com/google/gson/functional/MapTest.java
[INFO] Printing com.google.gson.functional.EnumTest to /tmp/v1/gson/src/test/java//com/google/gson/functional/EnumTest.java
[INFO] Printing com.google.gson.functional.LeniencyTest to /tmp/v1/gson/src/test/java//com/google/gson/functional/LeniencyTest.java
[INFO] Printing com.google.gson.functional.ObjectTest to /tmp/v1/gson/src/test/java//com/google/gson/functional/ObjectTest.java
[INFO] Printing com.google.gson.DefaultMapJsonSerializerTest to /tmp/v1/gson/src/test/java//com/google/gson/DefaultMapJsonSerializerTest.java
[INFO] Printing com.google.gson.functional.PrettyPrintingTest to /tmp/v1/gson/src/test/java//com/google/gson/functional/PrettyPrintingTest.java
[INFO] Printing com.google.gson.functional.EscapingTest to /tmp/v1/gson/src/test/java//com/google/gson/functional/EscapingTest.java
[INFO] Printing com.google.gson.functional.CollectionTest to /tmp/v1/gson/src/test/java//com/google/gson/functional/CollectionTest.java
[INFO] Printing com.google.gson.functional.MapAsArrayTypeAdapterTest to /tmp/v1/gson/src/test/java//com/google/gson/functional/MapAsArrayTypeAdapterTest.java
[INFO] Injecting JUnit-Jjoules in /tmp/v1/gson/pom.xml
[INFO] Output new POM file in /tmp/v1/gson/pom.xml
[INFO] Instrument version after commit...
[INFO] Run on /tmp/v2//gson
[INFO] Running in NOCLASSPATH mode (doc: http://spoon.gforge.inria.fr/launcher.html).
[INFO] fr.davidson.diff.jjoules.process.junit4.JJoulesProcessor
Processing com.google.gson.functional.ArrayTest#testArrayOfCollectionSerialization
Processing com.google.gson.functional.ArrayTest#testArrayOfCollectionDeserialization
Processing com.google.gson.functional.CircularReferenceTest#testCircularSerialization
Processing com.google.gson.functional.CircularReferenceTest#testDirectedAcyclicGraphSerialization
Processing com.google.gson.functional.CircularReferenceTest#testDirectedAcyclicGraphDeserialization
Processing com.google.gson.functional.CollectionTest#testTopLevelCollectionOfIntegersSerialization
Processing com.google.gson.functional.CollectionTest#testTopLevelCollectionOfIntegersDeserialization
Processing com.google.gson.functional.CollectionTest#testTopLevelListOfIntegerCollectionsDeserialization
Processing com.google.gson.functional.CollectionTest#testLinkedListSerialization
Processing com.google.gson.functional.CollectionTest#testLinkedListDeserialization
Processing com.google.gson.functional.CollectionTest#testQueueSerialization
Processing com.google.gson.functional.CollectionTest#testQueueDeserialization
Processing com.google.gson.functional.CollectionTest#testPriorityQueue
Processing com.google.gson.functional.CollectionTest#testVector
Processing com.google.gson.functional.CollectionTest#testStack
Processing com.google.gson.functional.CollectionTest#testNullsInListSerialization
Processing com.google.gson.functional.CollectionTest#testNullsInListDeserialization
Processing com.google.gson.functional.CollectionTest#testCollectionOfObjectSerialization
Processing com.google.gson.functional.CollectionTest#testCollectionOfObjectWithNullSerialization
Processing com.google.gson.functional.CollectionTest#testCollectionOfStringsSerialization
Processing com.google.gson.functional.CollectionTest#testCollectionOfBagOfPrimitivesSerialization
Processing com.google.gson.functional.CollectionTest#testCollectionOfStringsDeserialization
Processing com.google.gson.functional.CollectionTest#testRawCollectionOfIntegersSerialization
Processing com.google.gson.functional.CollectionTest#testRawCollectionSerialization
Processing com.google.gson.functional.CollectionTest#testRawCollectionDeserializationNotAlllowed
Processing com.google.gson.functional.CollectionTest#testRawCollectionOfBagOfPrimitivesNotAllowed
Processing com.google.gson.functional.CollectionTest#testWildcardPrimitiveCollectionSerilaization
Processing com.google.gson.functional.CollectionTest#testWildcardPrimitiveCollectionDeserilaization
Processing com.google.gson.functional.CollectionTest#testWildcardCollectionField
Processing com.google.gson.functional.CollectionTest#testFieldIsArrayList
Processing com.google.gson.functional.CollectionTest#testSetSerialization
Processing com.google.gson.functional.CollectionTest#testSetDeserialization
Processing com.google.gson.functional.CustomTypeAdaptersTest#testCustomAdapterInvokedForCollectionElementSerializationWithType
Processing com.google.gson.functional.CustomTypeAdaptersTest#testCustomAdapterInvokedForCollectionElementSerialization
Processing com.google.gson.functional.CustomTypeAdaptersTest#testCustomAdapterInvokedForCollectionElementDeserialization
Processing com.google.gson.functional.CustomTypeAdaptersTest#testCustomAdapterInvokedForMapElementSerializationWithType
Processing com.google.gson.functional.CustomTypeAdaptersTest#testCustomAdapterInvokedForMapElementSerialization
Processing com.google.gson.functional.CustomTypeAdaptersTest#testCustomAdapterInvokedForMapElementDeserialization
Processing com.google.gson.functional.DefaultTypeAdaptersTest#testNullSerialization
Processing com.google.gson.functional.DefaultTypeAdaptersTest#testSetSerialization
Processing com.google.gson.functional.DefaultTypeAdaptersTest#testDateSerializationInCollection
Processing com.google.gson.functional.DefaultTypeAdaptersTest#testTreeSetSerialization
Processing com.google.gson.functional.DefaultTypeAdaptersTest#testTreeSetDeserialization
Processing com.google.gson.functional.DelegateTypeAdapterTest#testDelegateInvoked
Processing com.google.gson.functional.EnumTest#testCollectionOfEnumsSerialization
Processing com.google.gson.functional.EnumTest#testCollectionOfEnumsDeserialization
Processing com.google.gson.functional.EnumTest#testEnumSubclass
Processing com.google.gson.functional.EnumTest#testEnumSubclassWithRegisteredTypeAdapter
Processing com.google.gson.functional.EnumTest#testEnumSubclassAsParameterizedType
Processing com.google.gson.functional.EnumTest#testEnumSet
Processing com.google.gson.functional.EscapingTest#testEscapeAllHtmlCharacters
Processing com.google.gson.functional.InheritanceTest#testClassWithBaseCollectionFieldSerialization
Processing com.google.gson.functional.InheritanceTest#testSubInterfacesOfCollectionSerialization
Processing com.google.gson.functional.InheritanceTest#testSubInterfacesOfCollectionDeserialization
Processing com.google.gson.functional.InstanceCreatorTest#testInstanceCreatorForCollectionType
Processing com.google.gson.functional.InstanceCreatorTest#testInstanceCreatorForParametrizedType
Processing com.google.gson.functional.JsonParserTest#testExtraCommasInArrays
Processing com.google.gson.functional.JsonParserTest#testExtraCommasInMaps
Processing com.google.gson.functional.LeniencyTest#testLenientFromJson
Processing com.google.gson.functional.MapAsArrayTypeAdapterTest#testSerializeComplexMapWithTypeAdapter
Processing com.google.gson.functional.MapAsArrayTypeAdapterTest#testTwoTypesCollapseToOneDeserialize
Processing com.google.gson.functional.MapAsArrayTypeAdapterTest#testMultipleEnableComplexKeyRegistrationHasNoEffect
Processing com.google.gson.functional.MapAsArrayTypeAdapterTest#testMapWithTypeVariableSerialization
Processing com.google.gson.functional.MapAsArrayTypeAdapterTest#testMapWithTypeVariableDeserialization
Processing com.google.gson.functional.MapTest#testMapSerialization
Processing com.google.gson.functional.MapTest#testMapDeserialization
Processing com.google.gson.functional.MapTest#testRawMapSerialization
Processing com.google.gson.functional.MapTest#testMapSerializationEmpty
Processing com.google.gson.functional.MapTest#testMapDeserializationEmpty
Processing com.google.gson.functional.MapTest#testMapSerializationWithNullValue
Processing com.google.gson.functional.MapTest#testMapDeserializationWithNullValue
Processing com.google.gson.functional.MapTest#testMapSerializationWithNullValueButSerializeNulls
Processing com.google.gson.functional.MapTest#testMapSerializationWithNullKey
Processing com.google.gson.functional.MapTest#testMapDeserializationWithNullKey
Processing com.google.gson.functional.MapTest#testMapSerializationWithIntegerKeys
Processing com.google.gson.functional.MapTest#testMapDeserializationWithIntegerKeys
Processing com.google.gson.functional.MapTest#testMapDeserializationWithUnquotedIntegerKeys
Processing com.google.gson.functional.MapTest#testMapDeserializationWithLongKeys
Processing com.google.gson.functional.MapTest#testMapDeserializationWithUnquotedLongKeys
Processing com.google.gson.functional.MapTest#testHashMapDeserialization
Processing com.google.gson.functional.MapTest#testSortedMap
Processing com.google.gson.functional.MapTest#testConcurrentMap
Processing com.google.gson.functional.MapTest#testConcurrentHashMap
Processing com.google.gson.functional.MapTest#testConcurrentNavigableMap
Processing com.google.gson.functional.MapTest#testConcurrentSkipListMap
Processing com.google.gson.functional.MapTest#testParameterizedMapSubclassSerialization
Processing com.google.gson.functional.MapTest#testMapSubclassSerialization
Processing com.google.gson.functional.MapTest#testMapStandardSubclassDeserialization
Processing com.google.gson.functional.MapTest#testMapSubclassDeserialization
Processing com.google.gson.functional.MapTest#testMapSerializationWithNullValues
Processing com.google.gson.functional.MapTest#testMapSerializationWithNullValuesSerialized
Processing com.google.gson.functional.MapTest#testMapSerializationWithWildcardValues
Processing com.google.gson.functional.MapTest#testMapDeserializationWithWildcardValues
Processing com.google.gson.functional.MapTest#testMapOfMapSerialization
Processing com.google.gson.functional.MapTest#testMapOfMapDeserialization
Processing com.google.gson.functional.MapTest#testMapWithQuotes
Processing com.google.gson.functional.MapTest#testWriteMapsWithEmptyStringKey
Processing com.google.gson.functional.MapTest#testReadMapsWithEmptyStringKey
Processing com.google.gson.functional.MapTest#testSerializeMaps
Processing com.google.gson.functional.MapTest#testInterfaceTypeMap
Processing com.google.gson.functional.MapTest#testInterfaceTypeMapWithSerializer
Processing com.google.gson.functional.MapTest#testGeneralMapField
Processing com.google.gson.functional.MapTest#testComplexKeysSerialization
Processing com.google.gson.functional.MapTest#testComplexKeysDeserialization
Processing com.google.gson.functional.MapTest#testStringKeyDeserialization
Processing com.google.gson.functional.MapTest#testNumberKeyDeserialization
Processing com.google.gson.functional.MapTest#testBooleanKeyDeserialization
Processing com.google.gson.functional.MapTest#testMapDeserializationWithDuplicateKeys
Processing com.google.gson.functional.MapTest#testSerializeMapOfMaps
Processing com.google.gson.functional.MapTest#testDeerializeMapOfMaps
Processing com.google.gson.functional.MapTest#testMapNamePromotionWithJsonElementReader
Processing com.google.gson.functional.MoreSpecificTypeSerializationTest#testListOfSubclassFields
Processing com.google.gson.functional.MoreSpecificTypeSerializationTest#testMapOfSubclassFields
Processing com.google.gson.functional.MoreSpecificTypeSerializationTest#testListOfParameterizedSubclassFields
Processing com.google.gson.functional.MoreSpecificTypeSerializationTest#testMapOfParameterizedSubclassFields
Processing com.google.gson.functional.NullObjectAndFieldTest#testExplicitSerializationOfNullArrayMembers
Processing com.google.gson.functional.NullObjectAndFieldTest#testExplicitSerializationOfNullCollectionMembers
Processing com.google.gson.functional.NullObjectAndFieldTest#testExplicitSerializationOfNullStringMembers
Processing com.google.gson.functional.NullObjectAndFieldTest#testPrintPrintingObjectWithNulls
Processing com.google.gson.functional.ObjectTest#testTruncatedDeserialization
Processing com.google.gson.functional.ObjectTest#testEmptyCollectionInAnObjectDeserialization
Processing com.google.gson.functional.ObjectTest#testEmptyCollectionInAnObjectSerialization
Processing com.google.gson.functional.ObjectTest#testSingletonLists
Processing com.google.gson.functional.ObjectTest#testDateAsMapObjectField
Processing com.google.gson.functional.ParameterizedTypesTest#testVariableTypeFieldsAndGenericArraysSerialization
Processing com.google.gson.functional.ParameterizedTypesTest#testVariableTypeFieldsAndGenericArraysDeserialization
Processing com.google.gson.functional.ParameterizedTypesTest#testVariableTypeDeserialization
Processing com.google.gson.functional.ParameterizedTypesTest#testVariableTypeArrayDeserialization
Processing com.google.gson.functional.ParameterizedTypesTest#testParameterizedTypeWithVariableTypeDeserialization
Processing com.google.gson.functional.ParameterizedTypesTest#testParameterizedTypeGenericArraysSerialization
Processing com.google.gson.functional.ParameterizedTypesTest#testParameterizedTypeGenericArraysDeserialization
Processing com.google.gson.functional.PrettyPrintingTest#testPrettyPrintList
Processing com.google.gson.functional.PrettyPrintingTest#testPrettyPrintListOfPrimitiveArrays
Processing com.google.gson.functional.PrettyPrintingTest#testMap
Processing com.google.gson.functional.PrettyPrintingTest#testEmptyMapField
Processing com.google.gson.functional.PrimitiveTest#testStringsAsBooleans
Processing com.google.gson.functional.PrintFormattingTest#testCompactFormattingLeavesNoWhiteSpace
Processing com.google.gson.functional.RawSerializationTest#testCollectionOfPrimitives
Processing com.google.gson.functional.RawSerializationTest#testCollectionOfObjects
Processing com.google.gson.functional.ReadersWritersTest#testTypeMismatchThrowsJsonSyntaxExceptionForStrings
Processing com.google.gson.functional.ReadersWritersTest#testTypeMismatchThrowsJsonSyntaxExceptionForReaders
Processing com.google.gson.functional.StreamingTypeAdaptersTest#testSerializeWithCustomTypeAdapter
Processing com.google.gson.functional.StreamingTypeAdaptersTest#testDeserializeWithCustomTypeAdapter
Processing com.google.gson.functional.StreamingTypeAdaptersTest#testNullSafe
Processing com.google.gson.functional.ThrowableFunctionalTest#testExceptionWithoutCause
Processing com.google.gson.functional.ThrowableFunctionalTest#testExceptionWithCause
Processing com.google.gson.functional.ThrowableFunctionalTest#testSerializedNameOnExceptionFields
Processing com.google.gson.functional.ThrowableFunctionalTest#testErrorWithoutCause
Processing com.google.gson.functional.ThrowableFunctionalTest#testErrornWithCause
Processing com.google.gson.functional.TreeTypeAdaptersTest#testSerializeId
Processing com.google.gson.functional.TreeTypeAdaptersTest#testDeserializeId
Processing com.google.gson.functional.TypeVariableTest#testAdvancedTypeVariables
Processing com.google.gson.functional.TypeVariableTest#testTypeVariablesViaTypeParameter
Processing com.google.gson.functional.UncategorizedTest#testTrailingWhitespace
Processing com.google.gson.internal.bind.RecursiveTypesResolveTest#testIssue603PrintStream
Processing com.google.gson.CommentsTest#testParseComments
Processing com.google.gson.DefaultMapJsonSerializerTest#testEmptyMapNoTypeSerialization
Processing com.google.gson.DefaultMapJsonSerializerTest#testEmptyMapSerialization
Processing com.google.gson.DefaultMapJsonSerializerTest#testNonEmptyMapSerialization
Processing com.google.gson.JavaSerializationTest#testMapIsSerializable
Processing com.google.gson.JavaSerializationTest#testListIsSerializable
Processing com.google.gson.JavaSerializationTest#testNumberIsSerializable
Processing com.google.gson.MixedStreamTest#testWriteHtmlSafe
Processing com.google.gson.MixedStreamTest#testWriteLenient
Processing com.google.gson.ObjectTypeAdapterTest#testSerialize
Processing com.google.gson.ObjectTypeAdapterTest#testSerializeNullValue
[INFO] Printing com.google.gson.functional.InstanceCreatorTest to /tmp/v2//gson/src/test/java//com/google/gson/functional/InstanceCreatorTest.java
[INFO] Printing com.google.gson.functional.InstanceCreatorTest to /tmp/v2//gson/src/test/java//com/google/gson/functional/InstanceCreatorTest.java
[INFO] Printing com.google.gson.functional.CustomTypeAdaptersTest to /tmp/v2//gson/src/test/java//com/google/gson/functional/CustomTypeAdaptersTest.java
[INFO] Printing com.google.gson.CommentsTest to /tmp/v2//gson/src/test/java//com/google/gson/CommentsTest.java
[INFO] Printing com.google.gson.functional.CustomTypeAdaptersTest to /tmp/v2//gson/src/test/java//com/google/gson/functional/CustomTypeAdaptersTest.java
[INFO] Printing com.google.gson.MixedStreamTest to /tmp/v2//gson/src/test/java//com/google/gson/MixedStreamTest.java
[INFO] Printing com.google.gson.MixedStreamTest to /tmp/v2//gson/src/test/java//com/google/gson/MixedStreamTest.java
[INFO] Printing com.google.gson.JavaSerializationTest to /tmp/v2//gson/src/test/java//com/google/gson/JavaSerializationTest.java
[INFO] Printing com.google.gson.JavaSerializationTest to /tmp/v2//gson/src/test/java//com/google/gson/JavaSerializationTest.java
[INFO] Printing com.google.gson.functional.RawSerializationTest to /tmp/v2//gson/src/test/java//com/google/gson/functional/RawSerializationTest.java
[INFO] Printing com.google.gson.functional.RawSerializationTest to /tmp/v2//gson/src/test/java//com/google/gson/functional/RawSerializationTest.java
[INFO] Printing com.google.gson.functional.StreamingTypeAdaptersTest to /tmp/v2//gson/src/test/java//com/google/gson/functional/StreamingTypeAdaptersTest.java
[INFO] Printing com.google.gson.functional.StreamingTypeAdaptersTest to /tmp/v2//gson/src/test/java//com/google/gson/functional/StreamingTypeAdaptersTest.java
[INFO] Printing com.google.gson.functional.NullObjectAndFieldTest to /tmp/v2//gson/src/test/java//com/google/gson/functional/NullObjectAndFieldTest.java
[INFO] Printing com.google.gson.ObjectTypeAdapterTest to /tmp/v2//gson/src/test/java//com/google/gson/ObjectTypeAdapterTest.java
[INFO] Printing com.google.gson.functional.NullObjectAndFieldTest to /tmp/v2//gson/src/test/java//com/google/gson/functional/NullObjectAndFieldTest.java
[INFO] Printing com.google.gson.ObjectTypeAdapterTest to /tmp/v2//gson/src/test/java//com/google/gson/ObjectTypeAdapterTest.java
[INFO] Printing com.google.gson.functional.UncategorizedTest to /tmp/v2//gson/src/test/java//com/google/gson/functional/UncategorizedTest.java
[INFO] Printing com.google.gson.functional.TreeTypeAdaptersTest to /tmp/v2//gson/src/test/java//com/google/gson/functional/TreeTypeAdaptersTest.java
[INFO] Printing com.google.gson.functional.TreeTypeAdaptersTest to /tmp/v2//gson/src/test/java//com/google/gson/functional/TreeTypeAdaptersTest.java
[INFO] Printing com.google.gson.functional.ParameterizedTypesTest to /tmp/v2//gson/src/test/java//com/google/gson/functional/ParameterizedTypesTest.java
[INFO] Printing com.google.gson.functional.ParameterizedTypesTest to /tmp/v2//gson/src/test/java//com/google/gson/functional/ParameterizedTypesTest.java
[INFO] Printing com.google.gson.functional.ThrowableFunctionalTest to /tmp/v2//gson/src/test/java//com/google/gson/functional/ThrowableFunctionalTest.java
[INFO] Printing com.google.gson.functional.ThrowableFunctionalTest to /tmp/v2//gson/src/test/java//com/google/gson/functional/ThrowableFunctionalTest.java
[INFO] Printing com.google.gson.functional.DefaultTypeAdaptersTest to /tmp/v2//gson/src/test/java//com/google/gson/functional/DefaultTypeAdaptersTest.java
[INFO] Printing com.google.gson.functional.DefaultTypeAdaptersTest to /tmp/v2//gson/src/test/java//com/google/gson/functional/DefaultTypeAdaptersTest.java
[INFO] Printing com.google.gson.functional.CircularReferenceTest to /tmp/v2//gson/src/test/java//com/google/gson/functional/CircularReferenceTest.java
[INFO] Printing com.google.gson.functional.CircularReferenceTest to /tmp/v2//gson/src/test/java//com/google/gson/functional/CircularReferenceTest.java
[INFO] Printing com.google.gson.functional.DelegateTypeAdapterTest to /tmp/v2//gson/src/test/java//com/google/gson/functional/DelegateTypeAdapterTest.java
[INFO] Printing com.google.gson.functional.EnumTest to /tmp/v2//gson/src/test/java//com/google/gson/functional/EnumTest.java
[INFO] Printing com.google.gson.functional.EnumTest to /tmp/v2//gson/src/test/java//com/google/gson/functional/EnumTest.java
[INFO] Printing com.google.gson.functional.LeniencyTest to /tmp/v2//gson/src/test/java//com/google/gson/functional/LeniencyTest.java
[INFO] Printing com.google.gson.DefaultMapJsonSerializerTest to /tmp/v2//gson/src/test/java//com/google/gson/DefaultMapJsonSerializerTest.java
[INFO] Printing com.google.gson.DefaultMapJsonSerializerTest to /tmp/v2//gson/src/test/java//com/google/gson/DefaultMapJsonSerializerTest.java
[INFO] Printing com.google.gson.functional.EscapingTest to /tmp/v2//gson/src/test/java//com/google/gson/functional/EscapingTest.java
[INFO] Printing com.google.gson.functional.CollectionTest to /tmp/v2//gson/src/test/java//com/google/gson/functional/CollectionTest.java
[INFO] Printing com.google.gson.functional.CollectionTest to /tmp/v2//gson/src/test/java//com/google/gson/functional/CollectionTest.java
[INFO] Printing com.google.gson.functional.MapAsArrayTypeAdapterTest to /tmp/v2//gson/src/test/java//com/google/gson/functional/MapAsArrayTypeAdapterTest.java
[INFO] Printing com.google.gson.functional.MapAsArrayTypeAdapterTest to /tmp/v2//gson/src/test/java//com/google/gson/functional/MapAsArrayTypeAdapterTest.java
[INFO] Printing com.google.gson.functional.PrimitiveTest to /tmp/v2//gson/src/test/java//com/google/gson/functional/PrimitiveTest.java
[INFO] Printing com.google.gson.functional.ReadersWritersTest to /tmp/v2//gson/src/test/java//com/google/gson/functional/ReadersWritersTest.java
[INFO] Printing com.google.gson.functional.ReadersWritersTest to /tmp/v2//gson/src/test/java//com/google/gson/functional/ReadersWritersTest.java
[INFO] Printing com.google.gson.functional.PrintFormattingTest to /tmp/v2//gson/src/test/java//com/google/gson/functional/PrintFormattingTest.java
[INFO] Printing com.google.gson.functional.InheritanceTest to /tmp/v2//gson/src/test/java//com/google/gson/functional/InheritanceTest.java
[INFO] Printing com.google.gson.functional.InheritanceTest to /tmp/v2//gson/src/test/java//com/google/gson/functional/InheritanceTest.java
[INFO] Printing com.google.gson.internal.bind.RecursiveTypesResolveTest to /tmp/v2//gson/src/test/java//com/google/gson/internal/bind/RecursiveTypesResolveTest.java
[INFO] Printing com.google.gson.functional.JsonParserTest to /tmp/v2//gson/src/test/java//com/google/gson/functional/JsonParserTest.java
[INFO] Printing com.google.gson.functional.JsonParserTest to /tmp/v2//gson/src/test/java//com/google/gson/functional/JsonParserTest.java
[INFO] Printing com.google.gson.functional.ArrayTest to /tmp/v2//gson/src/test/java//com/google/gson/functional/ArrayTest.java
[INFO] Printing com.google.gson.functional.ArrayTest to /tmp/v2//gson/src/test/java//com/google/gson/functional/ArrayTest.java
[INFO] Printing com.google.gson.functional.MoreSpecificTypeSerializationTest to /tmp/v2//gson/src/test/java//com/google/gson/functional/MoreSpecificTypeSerializationTest.java
[INFO] Printing com.google.gson.functional.MoreSpecificTypeSerializationTest to /tmp/v2//gson/src/test/java//com/google/gson/functional/MoreSpecificTypeSerializationTest.java
[INFO] Printing com.google.gson.functional.TypeVariableTest to /tmp/v2//gson/src/test/java//com/google/gson/functional/TypeVariableTest.java
[INFO] Printing com.google.gson.functional.TypeVariableTest to /tmp/v2//gson/src/test/java//com/google/gson/functional/TypeVariableTest.java
[INFO] Printing com.google.gson.functional.MapTest to /tmp/v2//gson/src/test/java//com/google/gson/functional/MapTest.java
[INFO] Printing com.google.gson.functional.MapTest to /tmp/v2//gson/src/test/java//com/google/gson/functional/MapTest.java
[INFO] Printing com.google.gson.functional.ObjectTest to /tmp/v2//gson/src/test/java//com/google/gson/functional/ObjectTest.java
[INFO] Printing com.google.gson.functional.ObjectTest to /tmp/v2//gson/src/test/java//com/google/gson/functional/ObjectTest.java
[INFO] Printing com.google.gson.functional.PrettyPrintingTest to /tmp/v2//gson/src/test/java//com/google/gson/functional/PrettyPrintingTest.java
[INFO] Printing com.google.gson.functional.PrettyPrintingTest to /tmp/v2//gson/src/test/java//com/google/gson/functional/PrettyPrintingTest.java
[INFO] Injecting JUnit-Jjoules in /tmp/v2//gson/pom.xml
[INFO] Output new POM file in /tmp/v2//gson/pom.xml
[INFO] ------------------------------------------------------------------------
[INFO] Reactor Summary for Gson Parent 2.8.3-SNAPSHOT:
[INFO] 
[INFO] Gson Parent ........................................ SUCCESS [  0.961 s]
[INFO] Gson ............................................... SUCCESS [ 16.944 s]
[INFO] ------------------------------------------------------------------------
[INFO] BUILD SUCCESS
[INFO] ------------------------------------------------------------------------
[INFO] Total time:  18.258 s
[INFO] Finished at: 2020-12-29T03:46:01+01:00
[INFO] ------------------------------------------------------------------------
