[INFO] Scanning for projects...
[WARNING] 
[WARNING] Some problems were encountered while building the effective model for com.google.code.gson:gson:jar:2.8.6-SNAPSHOT
[WARNING] 'build.plugins.plugin.version' for org.apache.maven.plugins:maven-jar-plugin is missing. @ com.google.code.gson:gson:[unknown-version], /tmp/v1/gson/pom.xml, line 46, column 15
[WARNING] 
[WARNING] It is highly recommended to fix these problems because they threaten the stability of your build.
[WARNING] 
[WARNING] For this reason, future Maven versions might no longer support building such malformed projects.
[WARNING] 
[INFO] ------------------------------------------------------------------------
[INFO] Reactor Build Order:
[INFO] 
[INFO] Gson Parent                                                        [pom]
[INFO] Gson                                                               [jar]
[INFO] 
[INFO] ------------------< com.google.code.gson:gson-parent >------------------
[INFO] Building Gson Parent 2.8.6-SNAPSHOT                                [1/2]
[INFO] --------------------------------[ pom ]---------------------------------
[INFO] 
[INFO] --- maven-clean-plugin:2.5:clean (default-clean) @ gson-parent ---
[INFO] 
[INFO] --- maven-enforcer-plugin:1.0:enforce (enforce-maven) @ gson-parent ---
[INFO] 
[INFO] --- maven-dependency-plugin:2.8:build-classpath (default-cli) @ gson-parent ---
[INFO] No dependencies found.
[INFO] Skipped writing classpath file '/tmp/v1/classpath'.  No changes found.
[INFO] 
[INFO] --- diff-jjoules:0.0.1-SNAPSHOT:instrument (default-cli) @ gson-parent ---
[INFO] Running on:
[INFO] /tmp/v1
[INFO] /tmp/v2/
[INFO] Configuration{pathToFirstVersion='/tmp/v1', pathToSecondVersion='/tmp/v2/', pathToTestListAsCSV='/tmp/v1/testsThatExecuteTheChange.csv', classpath=[], junit4=false}
java.lang.RuntimeException: java.io.FileNotFoundException: /tmp/v1/testsThatExecuteTheChange.csv (No such file or directory)
	at fr.davidson.diff.jjoules.util.CSVReader.readFile(CSVReader.java:29)
	at fr.davidson.diff.jjoules.Main.main(Main.java:38)
	at fr.davidson.diff.jjoules.mojo.DiffJJoulesMojo.execute(DiffJJoulesMojo.java:59)
	at org.apache.maven.plugin.DefaultBuildPluginManager.executeMojo(DefaultBuildPluginManager.java:137)
	at org.apache.maven.lifecycle.internal.MojoExecutor.execute(MojoExecutor.java:210)
	at org.apache.maven.lifecycle.internal.MojoExecutor.execute(MojoExecutor.java:156)
	at org.apache.maven.lifecycle.internal.MojoExecutor.execute(MojoExecutor.java:148)
	at org.apache.maven.lifecycle.internal.LifecycleModuleBuilder.buildProject(LifecycleModuleBuilder.java:117)
	at org.apache.maven.lifecycle.internal.LifecycleModuleBuilder.buildProject(LifecycleModuleBuilder.java:81)
	at org.apache.maven.lifecycle.internal.builder.singlethreaded.SingleThreadedBuilder.build(SingleThreadedBuilder.java:56)
	at org.apache.maven.lifecycle.internal.LifecycleStarter.execute(LifecycleStarter.java:128)
	at org.apache.maven.DefaultMaven.doExecute(DefaultMaven.java:305)
	at org.apache.maven.DefaultMaven.doExecute(DefaultMaven.java:192)
	at org.apache.maven.DefaultMaven.execute(DefaultMaven.java:105)
	at org.apache.maven.cli.MavenCli.execute(MavenCli.java:956)
	at org.apache.maven.cli.MavenCli.doMain(MavenCli.java:288)
	at org.apache.maven.cli.MavenCli.main(MavenCli.java:192)
	at java.base/jdk.internal.reflect.NativeMethodAccessorImpl.invoke0(Native Method)
	at java.base/jdk.internal.reflect.NativeMethodAccessorImpl.invoke(NativeMethodAccessorImpl.java:62)
	at java.base/jdk.internal.reflect.DelegatingMethodAccessorImpl.invoke(DelegatingMethodAccessorImpl.java:43)
	at java.base/java.lang.reflect.Method.invoke(Method.java:566)
	at org.codehaus.plexus.classworlds.launcher.Launcher.launchEnhanced(Launcher.java:289)
	at org.codehaus.plexus.classworlds.launcher.Launcher.launch(Launcher.java:229)
	at org.codehaus.plexus.classworlds.launcher.Launcher.mainWithExitCode(Launcher.java:415)
	at org.codehaus.plexus.classworlds.launcher.Launcher.main(Launcher.java:356)
Caused by: java.io.FileNotFoundException: /tmp/v1/testsThatExecuteTheChange.csv (No such file or directory)
	at java.base/java.io.FileInputStream.open0(Native Method)
	at java.base/java.io.FileInputStream.open(FileInputStream.java:219)
	at java.base/java.io.FileInputStream.<init>(FileInputStream.java:157)
	at java.base/java.io.FileInputStream.<init>(FileInputStream.java:112)
	at java.base/java.io.FileReader.<init>(FileReader.java:60)
	at fr.davidson.diff.jjoules.util.CSVReader.readFile(CSVReader.java:19)
	... 24 more
[INFO] 
[INFO] ---------------------< com.google.code.gson:gson >----------------------
[INFO] Building Gson 2.8.6-SNAPSHOT                                       [2/2]
[INFO] --------------------------------[ jar ]---------------------------------
[INFO] 
[INFO] --- maven-clean-plugin:2.5:clean (default-clean) @ gson ---
[INFO] Deleting /tmp/v1/gson/target
[INFO] 
[INFO] --- maven-enforcer-plugin:1.0:enforce (enforce-maven) @ gson ---
[INFO] 
[INFO] --- templating-maven-plugin:1.0.0:filter-sources (filtering-java-templates) @ gson ---
[INFO] Coping files with filtering to temporary directory.
[INFO] Using 'UTF-8' encoding to copy filtered resources.
[INFO] Copying 1 resource
[INFO] Copied 1 files to output directory: /tmp/v1/gson/target/generated-sources/java-templates
[INFO] Source directory: /tmp/v1/gson/target/generated-sources/java-templates added.
[INFO] 
[INFO] --- maven-resources-plugin:2.6:resources (default-resources) @ gson ---
[INFO] Using 'UTF-8' encoding to copy filtered resources.
[INFO] skip non existing resourceDirectory /tmp/v1/gson/src/main/resources
[INFO] 
[INFO] --- maven-compiler-plugin:3.8.0:compile (default-compile) @ gson ---
[INFO] Changes detected - recompiling the module!
[INFO] Compiling 73 source files to /tmp/v1/gson/target/classes
[INFO] /tmp/v1/gson/src/main/java/com/google/gson/internal/ConstructorConstructor.java: Some input files use or override a deprecated API.
[INFO] /tmp/v1/gson/src/main/java/com/google/gson/internal/ConstructorConstructor.java: Recompile with -Xlint:deprecation for details.
[INFO] 
[INFO] --- maven-compiler-plugin:3.8.0:compile (base-compile) @ gson ---
[INFO] Changes detected - recompiling the module!
[INFO] Compiling 73 source files to /tmp/v1/gson/target/classes
[INFO] /tmp/v1/gson/src/main/java/com/google/gson/JsonArray.java: Some input files use or override a deprecated API.
[INFO] /tmp/v1/gson/src/main/java/com/google/gson/JsonArray.java: Recompile with -Xlint:deprecation for details.
[INFO] 
[INFO] --- bnd-maven-plugin:4.0.0:bnd-process (default) @ gson ---
[WARNING] /tmp/v1/gson/bnd.bnd [0:0]: Export com.google.gson,  has 1,  private references [com.google.gson.internal], 
[INFO] 
[INFO] --- maven-resources-plugin:2.6:testResources (default-testResources) @ gson ---
[INFO] Using 'UTF-8' encoding to copy filtered resources.
[INFO] skip non existing resourceDirectory /tmp/v1/gson/src/test/resources
[INFO] 
[INFO] --- maven-compiler-plugin:3.8.0:testCompile (default-testCompile) @ gson ---
[INFO] Changes detected - recompiling the module!
[INFO] Compiling 101 source files to /tmp/v1/gson/target/test-classes
[INFO] /tmp/v1/gson/src/test/java/com/google/gson/common/MoreAsserts.java: Some input files use or override a deprecated API.
[INFO] /tmp/v1/gson/src/test/java/com/google/gson/common/MoreAsserts.java: Recompile with -Xlint:deprecation for details.
[INFO] 
[INFO] --- maven-surefire-plugin:2.12.4:test (default-test) @ gson ---
[INFO] Tests are skipped.
[INFO] 
[INFO] --- maven-dependency-plugin:2.8:build-classpath (default-cli) @ gson ---
[INFO] Skipped writing classpath file '/tmp/v1/gson/classpath'.  No changes found.
[INFO] 
[INFO] --- diff-jjoules:0.0.1-SNAPSHOT:instrument (default-cli) @ gson ---
[INFO] Running on:
[INFO] /tmp/v1/gson
[INFO] /tmp/v2//gson
[INFO] Enable JUnit4 mode
[INFO] Configuration{pathToFirstVersion='/tmp/v1/gson', pathToSecondVersion='/tmp/v2//gson', pathToTestListAsCSV='/tmp/v1/gson/testsThatExecuteTheChange.csv', classpath=[/home/spino/.m2/repository/junit/junit/4.12/junit-4.12.jar, /home/spino/.m2/repository/org/hamcrest/hamcrest-core/1.3/hamcrest-core-1.3.jar], junit4=true}
[INFO] com.google.gson.internal.bind.JsonElementReaderTest:[testStrings, testNumbers, testArray, testNumbersFromStrings, testWrongType, testLenientNansAndInfinities, testStrictNansAndInfinities, testObject, testNestedObjects, testStringsFromNumbers, testEarlyClose, testBooleans, testSkipValue]
com.google.gson.functional.CollectionTest:[testUserCollectionTypeAdapter]
com.google.gson.functional.ParameterizedTypesTest:[testParameterizedTypeWithCustomSerializer, testParameterizedTypesWithCustomDeserializer]
com.google.gson.functional.NullObjectAndFieldTest:[testCustomSerializationOfNulls, testCustomTypeAdapterPassesNullDesrialization]
com.google.gson.functional.UncategorizedTest:[testReturningDerivedClassesDuringDeserialization]
com.google.gson.functional.CustomSerializerTest:[testSubClassSerializerInvokedForBaseClassFieldsHoldingSubClassInstances, testBaseClassSerializerInvokedForBaseClassFieldsHoldingSubClassInstances, testBaseClassSerializerInvokedForBaseClassFields, testSubClassSerializerInvokedForBaseClassFieldsHoldingArrayOfSubClassInstances]
com.google.gson.functional.InheritanceTest:[testClassWithBaseFieldSerialization, testBaseSerializedAsBaseWhenSpecifiedWithExplicitType, testClassWithBaseCollectionFieldSerialization, testClassWithBaseArrayFieldSerialization, testBaseSerializedAsSubWhenSpecifiedWithExplicitType, testBaseSerializedAsSub]
com.google.gson.functional.JsonTreeTest:[testToJsonTreeObjectType, testToJsonTree, testJsonTreeToString, testJsonTreeNull]
com.google.gson.functional.StreamingTypeAdaptersTest:[testFromJsonTree]
com.google.gson.functional.JsonArrayTest:[testIntegerPrimitiveAddition, testSameAddition, testCharPrimitiveAddition, testStringPrimitiveAddition, testBooleanPrimitiveAddition, testDoublePrimitiveAddition, testMixedPrimitiveAddition]
com.google.gson.LongSerializationPolicyTest:[testStringLongSerialization, testDefaultLongSerialization]
com.google.gson.functional.MoreSpecificTypeSerializationTest:[testMapOfSubclassFields, testMapOfParameterizedSubclassFields]
com.google.gson.internal.bind.JsonTreeWriterTest:[testSerializeNullsTrue, testWriteAfterClose, testArray, testObject, testNestedObject, testLenientNansAndInfinities, testPrematureClose]
com.google.gson.functional.JsonParserTest:[testBadFieldTypeForCustomDeserializerCustomTree, testBadTypeForDeserializingCustomTree, testChangingCustomTreeAndDeserializing, testDeserializingCustomTree, testBadFieldTypeForDeserializingCustomTree]
com.google.gson.JsonParserTest:[testParseString, testParseMixedArray, testParseUnquotedMultiWordStringFails, testParseEmptyString, testParseReader, testReadWriteTwoObjects, testParseUnquotedSingleWordStringFails, testParseUnquotedStringArrayFails]
com.google.gson.functional.PrintFormattingTest:[testJsonObjectWithNullValues, testJsonObjectWithNullValuesSerialized]
com.google.gson.GsonTypeAdapterTest:[testTypeAdapterThrowsException, testTypeAdapterProperlyConvertsTypes]
com.google.gson.functional.JsonAdapterAnnotationOnClassesTest:[testRegisteredDeserializerOverridesJsonAdapter, testRegisteredSerializerOverridesJsonAdapter]
com.google.gson.JsonStreamParserTest:[testNoSideEffectForHasNext, testParseTwoStrings, testCallingNextBeyondAvailableInput, testIterator]
com.google.gson.JsonPrimitiveTest:[testBoolean, testFloatEqualsDouble, testShortEqualsBigInteger, testParsingStringAsNumber, testDoubleEqualsBigDecimal, testStringsAndChar, testValidJsonOnToString, testByteEqualsInteger, testShortEqualsLong, testEquals, testIntegerEqualsLong, testIntegerEqualsBigInteger, testNulls, testByteEqualsLong, testExponential, testEqualsIntegerAndBigInteger, testFloatEqualsBigDecimal, testByteEqualsShort, testDeepCopy, testEqualsDoesNotEquateStringAndNonStringTypes, testLongEqualsBigInteger, testShortEqualsInteger, testByteEqualsBigInteger, testEqualsAcrossTypes, testParsingStringAsBoolean]
com.google.gson.MixedStreamTest:[testWriteNulls]
com.google.gson.functional.CustomTypeAdaptersTest:[testCustomTypeAdapterDoesNotAppliesToSubClasses, testCustomTypeAdapterAppliesToSubClassesSerializedAsBaseClass, testCustomAdapterInvokedForCollectionElementDeserialization, testCustomAdapterInvokedForMapElementSerializationWithType, testCustomDeserializers, testRegisterHierarchyAdapterForDate, testCustomNestedDeserializers, testEnsureCustomSerializerNotInvokedForNullValues, testCustomAdapterInvokedForCollectionElementSerializationWithType, testCustomAdapterInvokedForMapElementSerialization, testCustomSerializers, testCustomNestedSerializers, testCustomByteArraySerializer, testCustomSerializerInvokedForPrimitives, testCustomAdapterInvokedForMapElementDeserialization, testCustomAdapterInvokedForCollectionElementSerialization, testCustomDeserializerInvokedForPrimitives, testCustomByteArrayDeserializerAndInstanceCreator]
com.google.gson.functional.RuntimeTypeAdapterFactoryFunctionalTest:[testSubclassesAutomaticallySerialized]
com.google.gson.JsonArrayTest:[testDeepCopy, testRemove, testSet]
com.google.gson.DefaultMapJsonSerializerTest:[testNonEmptyMapSerialization]
com.google.gson.internal.bind.JsonTreeReaderTest:[testSkipValue_filledJsonObject]
com.google.gson.functional.ReadersWritersTest:[testReadWriteTwoStrings, testReadWriteTwoObjects]
com.google.gson.functional.TypeHierarchyAdapterTest:[testRegisterSuperTypeFirst, testTypeHierarchy]
com.google.gson.functional.EnumTest:[testEnumSubclassWithRegisteredTypeAdapter]
com.google.gson.functional.CustomDeserializerTest:[testJsonTypeFieldBasedDeserialization, testCustomDeserializerReturnsNullForArrayElements, testDefaultConstructorNotCalledOnField, testCustomDeserializerReturnsNullForTopLevelObject, testDefaultConstructorNotCalledOnObject, testCustomDeserializerReturnsNull, testCustomDeserializerReturnsNullForArrayElementsForArrayField]
com.google.gson.functional.ExclusionStrategyFunctionalTest:[testExclusionStrategyWithMode, testExclusionStrategyDeserialization]
com.google.gson.JsonObjectTest:[testAddingAndRemovingObjectProperties, testEqualsNonEmptyObject, testAddingNullPropertyValue, testWritePropertyWithEmptyStringName, testAddingCharacterProperties, testAddingBooleanProperties, testAddingStringProperties, testReadPropertyWithEmptyStringName, testAddingNullOrEmptyPropertyName, testKeySet, testDeepCopy, testPropertyWithQuotes, testSize]
com.google.gson.functional.CircularReferenceTest:[testSelfReferenceCustomHandlerSerialization]
com.google.gson.stream.JsonReaderPathTest:[objectPath, path, skipObjectNames, arrayPath, skipNestedStructures, skipArrayElements, skipObjectValues]
com.google.gson.functional.TypeAdapterPrecedenceTest:[testStreamingHierarchicalFollowedByNonstreaming, testNonstreamingHierarchicalFollowedByNonstreaming, testNonstreamingFollowedByNonstreaming, testStreamingFollowedByNonstreaming]
com.google.gson.functional.MapTest:[testInterfaceTypeMap, testInterfaceTypeMapWithSerializer, testMapNamePromotionWithJsonElementReader, testGeneralMapField, testCustomSerializerForSpecificMapType]
com.google.gson.functional.JsonAdapterSerializerDeserializerTest:[testJsonSerializerDeserializerBasedJsonAdapterOnFields, testDifferentJsonAdaptersForGenericFieldsOfSameRawType, testJsonSerializerDeserializerBasedJsonAdapterOnClass]
com.google.gson.functional.MapAsArrayTypeAdapterTest:[testMultipleEnableComplexKeyRegistrationHasNoEffect, testSerializeComplexMapWithTypeAdapter, testMapWithTypeVariableSerialization]
com.google.gson.functional.PrimitiveTest:[testPrimitiveClassLiteral]
com.google.gson.functional.DefaultTypeAdaptersTest:[testJsonObjectDeserialization, testJsonArraySerialization, testJsonPrimitiveSerialization, testJsonPrimitiveDeserialization, testJsonObjectSerialization, testJsonElementTypeMismatch, testJsonArrayDeserialization]
com.google.gson.functional.TreeTypeAdaptersTest:[testDeserializeId, testSerializeId]
[INFO] Instrument version before commit...
[INFO] Run on /tmp/v1/gson
[INFO] Running in NOCLASSPATH mode (doc: http://spoon.gforge.inria.fr/launcher.html).
[INFO] fr.davidson.diff.jjoules.process.junit4.JJoulesProcessor
Processing com.google.gson.functional.CircularReferenceTest#testSelfReferenceCustomHandlerSerialization
Processing com.google.gson.functional.CollectionTest#testUserCollectionTypeAdapter
Processing com.google.gson.functional.CustomDeserializerTest#testDefaultConstructorNotCalledOnObject
Processing com.google.gson.functional.CustomDeserializerTest#testDefaultConstructorNotCalledOnField
Processing com.google.gson.functional.CustomDeserializerTest#testJsonTypeFieldBasedDeserialization
Processing com.google.gson.functional.CustomDeserializerTest#testCustomDeserializerReturnsNullForTopLevelObject
Processing com.google.gson.functional.CustomDeserializerTest#testCustomDeserializerReturnsNull
Processing com.google.gson.functional.CustomDeserializerTest#testCustomDeserializerReturnsNullForArrayElements
Processing com.google.gson.functional.CustomDeserializerTest#testCustomDeserializerReturnsNullForArrayElementsForArrayField
Processing com.google.gson.functional.CustomSerializerTest#testBaseClassSerializerInvokedForBaseClassFields
Processing com.google.gson.functional.CustomSerializerTest#testSubClassSerializerInvokedForBaseClassFieldsHoldingSubClassInstances
Processing com.google.gson.functional.CustomSerializerTest#testSubClassSerializerInvokedForBaseClassFieldsHoldingArrayOfSubClassInstances
Processing com.google.gson.functional.CustomSerializerTest#testBaseClassSerializerInvokedForBaseClassFieldsHoldingSubClassInstances
Processing com.google.gson.functional.CustomTypeAdaptersTest#testCustomSerializers
Processing com.google.gson.functional.CustomTypeAdaptersTest#testCustomDeserializers
Processing com.google.gson.functional.CustomTypeAdaptersTest#testCustomNestedSerializers
Processing com.google.gson.functional.CustomTypeAdaptersTest#testCustomNestedDeserializers
Processing com.google.gson.functional.CustomTypeAdaptersTest#testCustomTypeAdapterDoesNotAppliesToSubClasses
Processing com.google.gson.functional.CustomTypeAdaptersTest#testCustomTypeAdapterAppliesToSubClassesSerializedAsBaseClass
Processing com.google.gson.functional.CustomTypeAdaptersTest#testCustomSerializerInvokedForPrimitives
Processing com.google.gson.functional.CustomTypeAdaptersTest#testCustomDeserializerInvokedForPrimitives
Processing com.google.gson.functional.CustomTypeAdaptersTest#testCustomByteArraySerializer
Processing com.google.gson.functional.CustomTypeAdaptersTest#testCustomByteArrayDeserializerAndInstanceCreator
Processing com.google.gson.functional.CustomTypeAdaptersTest#testCustomAdapterInvokedForCollectionElementSerializationWithType
Processing com.google.gson.functional.CustomTypeAdaptersTest#testCustomAdapterInvokedForCollectionElementSerialization
Processing com.google.gson.functional.CustomTypeAdaptersTest#testCustomAdapterInvokedForCollectionElementDeserialization
Processing com.google.gson.functional.CustomTypeAdaptersTest#testCustomAdapterInvokedForMapElementSerializationWithType
Processing com.google.gson.functional.CustomTypeAdaptersTest#testCustomAdapterInvokedForMapElementSerialization
Processing com.google.gson.functional.CustomTypeAdaptersTest#testCustomAdapterInvokedForMapElementDeserialization
Processing com.google.gson.functional.CustomTypeAdaptersTest#testEnsureCustomSerializerNotInvokedForNullValues
Processing com.google.gson.functional.CustomTypeAdaptersTest#testRegisterHierarchyAdapterForDate
Processing com.google.gson.functional.DefaultTypeAdaptersTest#testJsonPrimitiveSerialization
Processing com.google.gson.functional.DefaultTypeAdaptersTest#testJsonPrimitiveDeserialization
Processing com.google.gson.functional.DefaultTypeAdaptersTest#testJsonArraySerialization
Processing com.google.gson.functional.DefaultTypeAdaptersTest#testJsonArrayDeserialization
Processing com.google.gson.functional.DefaultTypeAdaptersTest#testJsonObjectSerialization
Processing com.google.gson.functional.DefaultTypeAdaptersTest#testJsonObjectDeserialization
Processing com.google.gson.functional.DefaultTypeAdaptersTest#testJsonElementTypeMismatch
Processing com.google.gson.functional.EnumTest#testEnumSubclassWithRegisteredTypeAdapter
Processing com.google.gson.functional.ExclusionStrategyFunctionalTest#testExclusionStrategyDeserialization
Processing com.google.gson.functional.ExclusionStrategyFunctionalTest#testExclusionStrategyWithMode
Processing com.google.gson.functional.InheritanceTest#testClassWithBaseFieldSerialization
Processing com.google.gson.functional.InheritanceTest#testClassWithBaseArrayFieldSerialization
Processing com.google.gson.functional.InheritanceTest#testClassWithBaseCollectionFieldSerialization
Processing com.google.gson.functional.InheritanceTest#testBaseSerializedAsSub
Processing com.google.gson.functional.InheritanceTest#testBaseSerializedAsBaseWhenSpecifiedWithExplicitType
Processing com.google.gson.functional.InheritanceTest#testBaseSerializedAsSubWhenSpecifiedWithExplicitType
Processing com.google.gson.functional.JsonAdapterAnnotationOnClassesTest#testRegisteredSerializerOverridesJsonAdapter
Processing com.google.gson.functional.JsonAdapterAnnotationOnClassesTest#testRegisteredDeserializerOverridesJsonAdapter
Processing com.google.gson.functional.JsonAdapterSerializerDeserializerTest#testJsonSerializerDeserializerBasedJsonAdapterOnFields
Processing com.google.gson.functional.JsonAdapterSerializerDeserializerTest#testJsonSerializerDeserializerBasedJsonAdapterOnClass
Processing com.google.gson.functional.JsonAdapterSerializerDeserializerTest#testDifferentJsonAdaptersForGenericFieldsOfSameRawType
Processing com.google.gson.functional.JsonArrayTest#testStringPrimitiveAddition
Processing com.google.gson.functional.JsonArrayTest#testIntegerPrimitiveAddition
Processing com.google.gson.functional.JsonArrayTest#testDoublePrimitiveAddition
Processing com.google.gson.functional.JsonArrayTest#testBooleanPrimitiveAddition
Processing com.google.gson.functional.JsonArrayTest#testCharPrimitiveAddition
Processing com.google.gson.functional.JsonArrayTest#testMixedPrimitiveAddition
Processing com.google.gson.functional.JsonArrayTest#testSameAddition
Processing com.google.gson.functional.JsonParserTest#testDeserializingCustomTree
Processing com.google.gson.functional.JsonParserTest#testBadTypeForDeserializingCustomTree
Processing com.google.gson.functional.JsonParserTest#testBadFieldTypeForCustomDeserializerCustomTree
Processing com.google.gson.functional.JsonParserTest#testBadFieldTypeForDeserializingCustomTree
Processing com.google.gson.functional.JsonParserTest#testChangingCustomTreeAndDeserializing
Processing com.google.gson.functional.JsonTreeTest#testToJsonTree
Processing com.google.gson.functional.JsonTreeTest#testToJsonTreeObjectType
Processing com.google.gson.functional.JsonTreeTest#testJsonTreeToString
Processing com.google.gson.functional.JsonTreeTest#testJsonTreeNull
Processing com.google.gson.functional.MapAsArrayTypeAdapterTest#testSerializeComplexMapWithTypeAdapter
Processing com.google.gson.functional.MapAsArrayTypeAdapterTest#testMultipleEnableComplexKeyRegistrationHasNoEffect
Processing com.google.gson.functional.MapAsArrayTypeAdapterTest#testMapWithTypeVariableSerialization
Processing com.google.gson.functional.MapTest#testCustomSerializerForSpecificMapType
Processing com.google.gson.functional.MapTest#testInterfaceTypeMap
Processing com.google.gson.functional.MapTest#testInterfaceTypeMapWithSerializer
Processing com.google.gson.functional.MapTest#testGeneralMapField
Processing com.google.gson.functional.MapTest#testMapNamePromotionWithJsonElementReader
Processing com.google.gson.functional.MoreSpecificTypeSerializationTest#testMapOfSubclassFields
Processing com.google.gson.functional.MoreSpecificTypeSerializationTest#testMapOfParameterizedSubclassFields
Processing com.google.gson.functional.NullObjectAndFieldTest#testCustomSerializationOfNulls
Processing com.google.gson.functional.NullObjectAndFieldTest#testCustomTypeAdapterPassesNullDesrialization
Processing com.google.gson.functional.ParameterizedTypesTest#testParameterizedTypeWithCustomSerializer
Processing com.google.gson.functional.ParameterizedTypesTest#testParameterizedTypesWithCustomDeserializer
Processing com.google.gson.functional.PrimitiveTest#testPrimitiveClassLiteral
Processing com.google.gson.functional.PrintFormattingTest#testJsonObjectWithNullValues
Processing com.google.gson.functional.PrintFormattingTest#testJsonObjectWithNullValuesSerialized
Processing com.google.gson.functional.ReadersWritersTest#testReadWriteTwoStrings
Processing com.google.gson.functional.ReadersWritersTest#testReadWriteTwoObjects
Processing com.google.gson.functional.RuntimeTypeAdapterFactoryFunctionalTest#testSubclassesAutomaticallySerialized
Processing com.google.gson.functional.StreamingTypeAdaptersTest#testFromJsonTree
Processing com.google.gson.functional.TreeTypeAdaptersTest#testSerializeId
Processing com.google.gson.functional.TreeTypeAdaptersTest#testDeserializeId
Processing com.google.gson.functional.TypeAdapterPrecedenceTest#testNonstreamingFollowedByNonstreaming
Processing com.google.gson.functional.TypeAdapterPrecedenceTest#testStreamingFollowedByNonstreaming
Processing com.google.gson.functional.TypeAdapterPrecedenceTest#testStreamingHierarchicalFollowedByNonstreaming
Processing com.google.gson.functional.TypeAdapterPrecedenceTest#testNonstreamingHierarchicalFollowedByNonstreaming
Processing com.google.gson.functional.TypeHierarchyAdapterTest#testTypeHierarchy
Processing com.google.gson.functional.TypeHierarchyAdapterTest#testRegisterSuperTypeFirst
Processing com.google.gson.functional.UncategorizedTest#testReturningDerivedClassesDuringDeserialization
Processing com.google.gson.internal.bind.JsonElementReaderTest#testNumbers
Processing com.google.gson.internal.bind.JsonElementReaderTest#testLenientNansAndInfinities
Processing com.google.gson.internal.bind.JsonElementReaderTest#testStrictNansAndInfinities
Processing com.google.gson.internal.bind.JsonElementReaderTest#testNumbersFromStrings
Processing com.google.gson.internal.bind.JsonElementReaderTest#testStringsFromNumbers
Processing com.google.gson.internal.bind.JsonElementReaderTest#testBooleans
Processing com.google.gson.internal.bind.JsonElementReaderTest#testStrings
Processing com.google.gson.internal.bind.JsonElementReaderTest#testArray
Processing com.google.gson.internal.bind.JsonElementReaderTest#testObject
Processing com.google.gson.internal.bind.JsonElementReaderTest#testNestedObjects
Processing com.google.gson.internal.bind.JsonElementReaderTest#testSkipValue
Processing com.google.gson.internal.bind.JsonElementReaderTest#testWrongType
Processing com.google.gson.internal.bind.JsonElementReaderTest#testEarlyClose
Processing com.google.gson.internal.bind.JsonTreeReaderTest#testSkipValue_filledJsonObject
Processing com.google.gson.internal.bind.JsonTreeWriterTest#testArray
Processing com.google.gson.internal.bind.JsonTreeWriterTest#testObject
Processing com.google.gson.internal.bind.JsonTreeWriterTest#testNestedObject
Processing com.google.gson.internal.bind.JsonTreeWriterTest#testWriteAfterClose
Processing com.google.gson.internal.bind.JsonTreeWriterTest#testPrematureClose
Processing com.google.gson.internal.bind.JsonTreeWriterTest#testSerializeNullsTrue
Processing com.google.gson.internal.bind.JsonTreeWriterTest#testLenientNansAndInfinities
Processing com.google.gson.stream.JsonReaderPathTest#path
Processing com.google.gson.stream.JsonReaderPathTest#objectPath
Processing com.google.gson.stream.JsonReaderPathTest#arrayPath
Processing com.google.gson.stream.JsonReaderPathTest#skipArrayElements
Processing com.google.gson.stream.JsonReaderPathTest#skipObjectNames
Processing com.google.gson.stream.JsonReaderPathTest#skipObjectValues
Processing com.google.gson.stream.JsonReaderPathTest#skipNestedStructures
Processing com.google.gson.DefaultMapJsonSerializerTest#testNonEmptyMapSerialization
Processing com.google.gson.GsonTypeAdapterTest#testTypeAdapterThrowsException
Processing com.google.gson.GsonTypeAdapterTest#testTypeAdapterProperlyConvertsTypes
Processing com.google.gson.JsonArrayTest#testRemove
Processing com.google.gson.JsonArrayTest#testSet
Processing com.google.gson.JsonArrayTest#testDeepCopy
Processing com.google.gson.JsonObjectTest#testAddingAndRemovingObjectProperties
Processing com.google.gson.JsonObjectTest#testAddingNullPropertyValue
Processing com.google.gson.JsonObjectTest#testAddingNullOrEmptyPropertyName
Processing com.google.gson.JsonObjectTest#testAddingBooleanProperties
Processing com.google.gson.JsonObjectTest#testAddingStringProperties
Processing com.google.gson.JsonObjectTest#testAddingCharacterProperties
Processing com.google.gson.JsonObjectTest#testPropertyWithQuotes
Processing com.google.gson.JsonObjectTest#testWritePropertyWithEmptyStringName
Processing com.google.gson.JsonObjectTest#testReadPropertyWithEmptyStringName
Processing com.google.gson.JsonObjectTest#testEqualsNonEmptyObject
Processing com.google.gson.JsonObjectTest#testSize
Processing com.google.gson.JsonObjectTest#testDeepCopy
Processing com.google.gson.JsonObjectTest#testKeySet
Processing com.google.gson.JsonParserTest#testParseUnquotedStringArrayFails
Processing com.google.gson.JsonParserTest#testParseString
Processing com.google.gson.JsonParserTest#testParseEmptyString
Processing com.google.gson.JsonParserTest#testParseUnquotedSingleWordStringFails
Processing com.google.gson.JsonParserTest#testParseUnquotedMultiWordStringFails
Processing com.google.gson.JsonParserTest#testParseMixedArray
Processing com.google.gson.JsonParserTest#testParseReader
Processing com.google.gson.JsonParserTest#testReadWriteTwoObjects
Processing com.google.gson.JsonPrimitiveTest#testNulls
Processing com.google.gson.JsonPrimitiveTest#testBoolean
Processing com.google.gson.JsonPrimitiveTest#testParsingStringAsBoolean
Processing com.google.gson.JsonPrimitiveTest#testParsingStringAsNumber
Processing com.google.gson.JsonPrimitiveTest#testStringsAndChar
Processing com.google.gson.JsonPrimitiveTest#testExponential
Processing com.google.gson.JsonPrimitiveTest#testByteEqualsShort
Processing com.google.gson.JsonPrimitiveTest#testByteEqualsInteger
Processing com.google.gson.JsonPrimitiveTest#testByteEqualsLong
Processing com.google.gson.JsonPrimitiveTest#testByteEqualsBigInteger
Processing com.google.gson.JsonPrimitiveTest#testShortEqualsInteger
Processing com.google.gson.JsonPrimitiveTest#testShortEqualsLong
Processing com.google.gson.JsonPrimitiveTest#testShortEqualsBigInteger
Processing com.google.gson.JsonPrimitiveTest#testIntegerEqualsLong
Processing com.google.gson.JsonPrimitiveTest#testIntegerEqualsBigInteger
Processing com.google.gson.JsonPrimitiveTest#testLongEqualsBigInteger
Processing com.google.gson.JsonPrimitiveTest#testFloatEqualsDouble
Processing com.google.gson.JsonPrimitiveTest#testFloatEqualsBigDecimal
Processing com.google.gson.JsonPrimitiveTest#testDoubleEqualsBigDecimal
Processing com.google.gson.JsonPrimitiveTest#testValidJsonOnToString
Processing com.google.gson.JsonPrimitiveTest#testEquals
Processing com.google.gson.JsonPrimitiveTest#testEqualsAcrossTypes
Processing com.google.gson.JsonPrimitiveTest#testEqualsIntegerAndBigInteger
Processing com.google.gson.JsonPrimitiveTest#testEqualsDoesNotEquateStringAndNonStringTypes
Processing com.google.gson.JsonPrimitiveTest#testDeepCopy
Processing com.google.gson.JsonStreamParserTest#testParseTwoStrings
Processing com.google.gson.JsonStreamParserTest#testIterator
Processing com.google.gson.JsonStreamParserTest#testNoSideEffectForHasNext
Processing com.google.gson.JsonStreamParserTest#testCallingNextBeyondAvailableInput
Processing com.google.gson.LongSerializationPolicyTest#testDefaultLongSerialization
Processing com.google.gson.LongSerializationPolicyTest#testStringLongSerialization
Processing com.google.gson.MixedStreamTest#testWriteNulls
[INFO] Printing com.google.gson.functional.CustomSerializerTest to /tmp/v1/gson/src/test/java//com/google/gson/functional/CustomSerializerTest.java
[INFO] Printing com.google.gson.functional.PrimitiveTest to /tmp/v1/gson/src/test/java//com/google/gson/functional/PrimitiveTest.java
[INFO] Printing com.google.gson.functional.ReadersWritersTest to /tmp/v1/gson/src/test/java//com/google/gson/functional/ReadersWritersTest.java
[INFO] Printing com.google.gson.functional.CustomTypeAdaptersTest to /tmp/v1/gson/src/test/java//com/google/gson/functional/CustomTypeAdaptersTest.java
[INFO] Printing com.google.gson.functional.PrintFormattingTest to /tmp/v1/gson/src/test/java//com/google/gson/functional/PrintFormattingTest.java
[INFO] Printing com.google.gson.MixedStreamTest to /tmp/v1/gson/src/test/java//com/google/gson/MixedStreamTest.java
[INFO] Printing com.google.gson.functional.CustomDeserializerTest to /tmp/v1/gson/src/test/java//com/google/gson/functional/CustomDeserializerTest.java
[INFO] Printing com.google.gson.functional.JsonArrayTest to /tmp/v1/gson/src/test/java//com/google/gson/functional/JsonArrayTest.java
[INFO] Printing com.google.gson.JsonArrayTest to /tmp/v1/gson/src/test/java//com/google/gson/JsonArrayTest.java
[INFO] Printing com.google.gson.JsonStreamParserTest to /tmp/v1/gson/src/test/java//com/google/gson/JsonStreamParserTest.java
[INFO] Printing com.google.gson.functional.InheritanceTest to /tmp/v1/gson/src/test/java//com/google/gson/functional/InheritanceTest.java
[INFO] Printing com.google.gson.functional.StreamingTypeAdaptersTest to /tmp/v1/gson/src/test/java//com/google/gson/functional/StreamingTypeAdaptersTest.java
[INFO] Printing com.google.gson.GsonTypeAdapterTest to /tmp/v1/gson/src/test/java//com/google/gson/GsonTypeAdapterTest.java
[INFO] Printing com.google.gson.internal.bind.JsonTreeWriterTest to /tmp/v1/gson/src/test/java//com/google/gson/internal/bind/JsonTreeWriterTest.java
[INFO] Printing com.google.gson.functional.NullObjectAndFieldTest to /tmp/v1/gson/src/test/java//com/google/gson/functional/NullObjectAndFieldTest.java
[INFO] Printing com.google.gson.functional.RuntimeTypeAdapterFactoryFunctionalTest to /tmp/v1/gson/src/test/java//com/google/gson/functional/RuntimeTypeAdapterFactoryFunctionalTest.java
[INFO] Printing com.google.gson.functional.UncategorizedTest to /tmp/v1/gson/src/test/java//com/google/gson/functional/UncategorizedTest.java
[INFO] Printing com.google.gson.functional.TreeTypeAdaptersTest to /tmp/v1/gson/src/test/java//com/google/gson/functional/TreeTypeAdaptersTest.java
[INFO] Printing com.google.gson.functional.TypeHierarchyAdapterTest to /tmp/v1/gson/src/test/java//com/google/gson/functional/TypeHierarchyAdapterTest.java
[INFO] Printing com.google.gson.stream.JsonReaderPathTest to /tmp/v1/gson/src/test/java//com/google/gson/stream/JsonReaderPathTest.java
[INFO] Printing com.google.gson.functional.ParameterizedTypesTest to /tmp/v1/gson/src/test/java//com/google/gson/functional/ParameterizedTypesTest.java
[INFO] Printing com.google.gson.internal.bind.JsonTreeReaderTest to /tmp/v1/gson/src/test/java//com/google/gson/internal/bind/JsonTreeReaderTest.java
[INFO] Printing com.google.gson.functional.JsonParserTest to /tmp/v1/gson/src/test/java//com/google/gson/functional/JsonParserTest.java
[INFO] Printing com.google.gson.JsonParserTest to /tmp/v1/gson/src/test/java//com/google/gson/JsonParserTest.java
[INFO] Printing com.google.gson.internal.bind.JsonElementReaderTest to /tmp/v1/gson/src/test/java//com/google/gson/internal/bind/JsonElementReaderTest.java
[INFO] Printing com.google.gson.functional.DefaultTypeAdaptersTest to /tmp/v1/gson/src/test/java//com/google/gson/functional/DefaultTypeAdaptersTest.java
[INFO] Printing com.google.gson.functional.CircularReferenceTest to /tmp/v1/gson/src/test/java//com/google/gson/functional/CircularReferenceTest.java
[INFO] Printing com.google.gson.functional.JsonAdapterSerializerDeserializerTest to /tmp/v1/gson/src/test/java//com/google/gson/functional/JsonAdapterSerializerDeserializerTest.java
[INFO] Printing com.google.gson.functional.ExclusionStrategyFunctionalTest to /tmp/v1/gson/src/test/java//com/google/gson/functional/ExclusionStrategyFunctionalTest.java
[INFO] Printing com.google.gson.functional.JsonTreeTest to /tmp/v1/gson/src/test/java//com/google/gson/functional/JsonTreeTest.java
[INFO] Printing com.google.gson.functional.MoreSpecificTypeSerializationTest to /tmp/v1/gson/src/test/java//com/google/gson/functional/MoreSpecificTypeSerializationTest.java
[INFO] Printing com.google.gson.JsonObjectTest to /tmp/v1/gson/src/test/java//com/google/gson/JsonObjectTest.java
[INFO] Printing com.google.gson.functional.TypeAdapterPrecedenceTest to /tmp/v1/gson/src/test/java//com/google/gson/functional/TypeAdapterPrecedenceTest.java
[INFO] Printing com.google.gson.functional.MapTest to /tmp/v1/gson/src/test/java//com/google/gson/functional/MapTest.java
[INFO] Printing com.google.gson.functional.EnumTest to /tmp/v1/gson/src/test/java//com/google/gson/functional/EnumTest.java
[INFO] Printing com.google.gson.JsonPrimitiveTest to /tmp/v1/gson/src/test/java//com/google/gson/JsonPrimitiveTest.java
[INFO] Printing com.google.gson.DefaultMapJsonSerializerTest to /tmp/v1/gson/src/test/java//com/google/gson/DefaultMapJsonSerializerTest.java
[INFO] Printing com.google.gson.functional.JsonAdapterAnnotationOnClassesTest to /tmp/v1/gson/src/test/java//com/google/gson/functional/JsonAdapterAnnotationOnClassesTest.java
[INFO] Printing com.google.gson.functional.CollectionTest to /tmp/v1/gson/src/test/java//com/google/gson/functional/CollectionTest.java
[INFO] Printing com.google.gson.functional.MapAsArrayTypeAdapterTest to /tmp/v1/gson/src/test/java//com/google/gson/functional/MapAsArrayTypeAdapterTest.java
[INFO] Printing com.google.gson.LongSerializationPolicyTest to /tmp/v1/gson/src/test/java//com/google/gson/LongSerializationPolicyTest.java
[INFO] Injecting JUnit-Jjoules in /tmp/v1/gson/pom.xml
[INFO] Output new POM file in /tmp/v1/gson/pom.xml
[INFO] Instrument version after commit...
[INFO] Run on /tmp/v2//gson
[INFO] Running in NOCLASSPATH mode (doc: http://spoon.gforge.inria.fr/launcher.html).
[INFO] fr.davidson.diff.jjoules.process.junit4.JJoulesProcessor
Processing com.google.gson.functional.CircularReferenceTest#testSelfReferenceCustomHandlerSerialization
Processing com.google.gson.functional.CollectionTest#testUserCollectionTypeAdapter
Processing com.google.gson.functional.CustomDeserializerTest#testDefaultConstructorNotCalledOnObject
Processing com.google.gson.functional.CustomDeserializerTest#testDefaultConstructorNotCalledOnField
Processing com.google.gson.functional.CustomDeserializerTest#testJsonTypeFieldBasedDeserialization
Processing com.google.gson.functional.CustomDeserializerTest#testCustomDeserializerReturnsNullForTopLevelObject
Processing com.google.gson.functional.CustomDeserializerTest#testCustomDeserializerReturnsNull
Processing com.google.gson.functional.CustomDeserializerTest#testCustomDeserializerReturnsNullForArrayElements
Processing com.google.gson.functional.CustomDeserializerTest#testCustomDeserializerReturnsNullForArrayElementsForArrayField
Processing com.google.gson.functional.CustomSerializerTest#testBaseClassSerializerInvokedForBaseClassFields
Processing com.google.gson.functional.CustomSerializerTest#testSubClassSerializerInvokedForBaseClassFieldsHoldingSubClassInstances
Processing com.google.gson.functional.CustomSerializerTest#testSubClassSerializerInvokedForBaseClassFieldsHoldingArrayOfSubClassInstances
Processing com.google.gson.functional.CustomSerializerTest#testBaseClassSerializerInvokedForBaseClassFieldsHoldingSubClassInstances
Processing com.google.gson.functional.CustomTypeAdaptersTest#testCustomSerializers
Processing com.google.gson.functional.CustomTypeAdaptersTest#testCustomDeserializers
Processing com.google.gson.functional.CustomTypeAdaptersTest#testCustomNestedSerializers
Processing com.google.gson.functional.CustomTypeAdaptersTest#testCustomNestedDeserializers
Processing com.google.gson.functional.CustomTypeAdaptersTest#testCustomTypeAdapterDoesNotAppliesToSubClasses
Processing com.google.gson.functional.CustomTypeAdaptersTest#testCustomTypeAdapterAppliesToSubClassesSerializedAsBaseClass
Processing com.google.gson.functional.CustomTypeAdaptersTest#testCustomSerializerInvokedForPrimitives
Processing com.google.gson.functional.CustomTypeAdaptersTest#testCustomDeserializerInvokedForPrimitives
Processing com.google.gson.functional.CustomTypeAdaptersTest#testCustomByteArraySerializer
Processing com.google.gson.functional.CustomTypeAdaptersTest#testCustomByteArrayDeserializerAndInstanceCreator
Processing com.google.gson.functional.CustomTypeAdaptersTest#testCustomAdapterInvokedForCollectionElementSerializationWithType
Processing com.google.gson.functional.CustomTypeAdaptersTest#testCustomAdapterInvokedForCollectionElementSerialization
Processing com.google.gson.functional.CustomTypeAdaptersTest#testCustomAdapterInvokedForCollectionElementDeserialization
Processing com.google.gson.functional.CustomTypeAdaptersTest#testCustomAdapterInvokedForMapElementSerializationWithType
Processing com.google.gson.functional.CustomTypeAdaptersTest#testCustomAdapterInvokedForMapElementSerialization
Processing com.google.gson.functional.CustomTypeAdaptersTest#testCustomAdapterInvokedForMapElementDeserialization
Processing com.google.gson.functional.CustomTypeAdaptersTest#testEnsureCustomSerializerNotInvokedForNullValues
Processing com.google.gson.functional.CustomTypeAdaptersTest#testRegisterHierarchyAdapterForDate
Processing com.google.gson.functional.DefaultTypeAdaptersTest#testJsonPrimitiveSerialization
Processing com.google.gson.functional.DefaultTypeAdaptersTest#testJsonPrimitiveDeserialization
Processing com.google.gson.functional.DefaultTypeAdaptersTest#testJsonArraySerialization
Processing com.google.gson.functional.DefaultTypeAdaptersTest#testJsonArrayDeserialization
Processing com.google.gson.functional.DefaultTypeAdaptersTest#testJsonObjectSerialization
Processing com.google.gson.functional.DefaultTypeAdaptersTest#testJsonObjectDeserialization
Processing com.google.gson.functional.DefaultTypeAdaptersTest#testJsonElementTypeMismatch
Processing com.google.gson.functional.EnumTest#testEnumSubclassWithRegisteredTypeAdapter
Processing com.google.gson.functional.ExclusionStrategyFunctionalTest#testExclusionStrategyDeserialization
Processing com.google.gson.functional.ExclusionStrategyFunctionalTest#testExclusionStrategyWithMode
Processing com.google.gson.functional.InheritanceTest#testClassWithBaseFieldSerialization
Processing com.google.gson.functional.InheritanceTest#testClassWithBaseArrayFieldSerialization
Processing com.google.gson.functional.InheritanceTest#testClassWithBaseCollectionFieldSerialization
Processing com.google.gson.functional.InheritanceTest#testBaseSerializedAsSub
Processing com.google.gson.functional.InheritanceTest#testBaseSerializedAsBaseWhenSpecifiedWithExplicitType
Processing com.google.gson.functional.InheritanceTest#testBaseSerializedAsSubWhenSpecifiedWithExplicitType
Processing com.google.gson.functional.JsonAdapterAnnotationOnClassesTest#testRegisteredSerializerOverridesJsonAdapter
Processing com.google.gson.functional.JsonAdapterAnnotationOnClassesTest#testRegisteredDeserializerOverridesJsonAdapter
Processing com.google.gson.functional.JsonAdapterSerializerDeserializerTest#testJsonSerializerDeserializerBasedJsonAdapterOnFields
Processing com.google.gson.functional.JsonAdapterSerializerDeserializerTest#testJsonSerializerDeserializerBasedJsonAdapterOnClass
Processing com.google.gson.functional.JsonAdapterSerializerDeserializerTest#testDifferentJsonAdaptersForGenericFieldsOfSameRawType
Processing com.google.gson.functional.JsonArrayTest#testStringPrimitiveAddition
Processing com.google.gson.functional.JsonArrayTest#testIntegerPrimitiveAddition
Processing com.google.gson.functional.JsonArrayTest#testDoublePrimitiveAddition
Processing com.google.gson.functional.JsonArrayTest#testBooleanPrimitiveAddition
Processing com.google.gson.functional.JsonArrayTest#testCharPrimitiveAddition
Processing com.google.gson.functional.JsonArrayTest#testMixedPrimitiveAddition
Processing com.google.gson.functional.JsonArrayTest#testSameAddition
Processing com.google.gson.functional.JsonParserTest#testDeserializingCustomTree
Processing com.google.gson.functional.JsonParserTest#testBadTypeForDeserializingCustomTree
Processing com.google.gson.functional.JsonParserTest#testBadFieldTypeForCustomDeserializerCustomTree
Processing com.google.gson.functional.JsonParserTest#testBadFieldTypeForDeserializingCustomTree
Processing com.google.gson.functional.JsonParserTest#testChangingCustomTreeAndDeserializing
Processing com.google.gson.functional.JsonTreeTest#testToJsonTree
Processing com.google.gson.functional.JsonTreeTest#testToJsonTreeObjectType
Processing com.google.gson.functional.JsonTreeTest#testJsonTreeToString
Processing com.google.gson.functional.JsonTreeTest#testJsonTreeNull
Processing com.google.gson.functional.MapAsArrayTypeAdapterTest#testSerializeComplexMapWithTypeAdapter
Processing com.google.gson.functional.MapAsArrayTypeAdapterTest#testMultipleEnableComplexKeyRegistrationHasNoEffect
Processing com.google.gson.functional.MapAsArrayTypeAdapterTest#testMapWithTypeVariableSerialization
Processing com.google.gson.functional.MapTest#testCustomSerializerForSpecificMapType
Processing com.google.gson.functional.MapTest#testInterfaceTypeMap
Processing com.google.gson.functional.MapTest#testInterfaceTypeMapWithSerializer
Processing com.google.gson.functional.MapTest#testGeneralMapField
Processing com.google.gson.functional.MapTest#testMapNamePromotionWithJsonElementReader
Processing com.google.gson.functional.MoreSpecificTypeSerializationTest#testMapOfSubclassFields
Processing com.google.gson.functional.MoreSpecificTypeSerializationTest#testMapOfParameterizedSubclassFields
Processing com.google.gson.functional.NullObjectAndFieldTest#testCustomSerializationOfNulls
Processing com.google.gson.functional.NullObjectAndFieldTest#testCustomTypeAdapterPassesNullDesrialization
Processing com.google.gson.functional.ParameterizedTypesTest#testParameterizedTypeWithCustomSerializer
Processing com.google.gson.functional.ParameterizedTypesTest#testParameterizedTypesWithCustomDeserializer
Processing com.google.gson.functional.PrimitiveTest#testPrimitiveClassLiteral
Processing com.google.gson.functional.PrintFormattingTest#testJsonObjectWithNullValues
Processing com.google.gson.functional.PrintFormattingTest#testJsonObjectWithNullValuesSerialized
Processing com.google.gson.functional.ReadersWritersTest#testReadWriteTwoStrings
Processing com.google.gson.functional.ReadersWritersTest#testReadWriteTwoObjects
Processing com.google.gson.functional.RuntimeTypeAdapterFactoryFunctionalTest#testSubclassesAutomaticallySerialized
Processing com.google.gson.functional.StreamingTypeAdaptersTest#testFromJsonTree
Processing com.google.gson.functional.TreeTypeAdaptersTest#testSerializeId
Processing com.google.gson.functional.TreeTypeAdaptersTest#testDeserializeId
Processing com.google.gson.functional.TypeAdapterPrecedenceTest#testNonstreamingFollowedByNonstreaming
Processing com.google.gson.functional.TypeAdapterPrecedenceTest#testStreamingFollowedByNonstreaming
Processing com.google.gson.functional.TypeAdapterPrecedenceTest#testStreamingHierarchicalFollowedByNonstreaming
Processing com.google.gson.functional.TypeAdapterPrecedenceTest#testNonstreamingHierarchicalFollowedByNonstreaming
Processing com.google.gson.functional.TypeHierarchyAdapterTest#testTypeHierarchy
Processing com.google.gson.functional.TypeHierarchyAdapterTest#testRegisterSuperTypeFirst
Processing com.google.gson.functional.UncategorizedTest#testReturningDerivedClassesDuringDeserialization
Processing com.google.gson.internal.bind.JsonElementReaderTest#testNumbers
Processing com.google.gson.internal.bind.JsonElementReaderTest#testLenientNansAndInfinities
Processing com.google.gson.internal.bind.JsonElementReaderTest#testStrictNansAndInfinities
Processing com.google.gson.internal.bind.JsonElementReaderTest#testNumbersFromStrings
Processing com.google.gson.internal.bind.JsonElementReaderTest#testStringsFromNumbers
Processing com.google.gson.internal.bind.JsonElementReaderTest#testBooleans
Processing com.google.gson.internal.bind.JsonElementReaderTest#testStrings
Processing com.google.gson.internal.bind.JsonElementReaderTest#testArray
Processing com.google.gson.internal.bind.JsonElementReaderTest#testObject
Processing com.google.gson.internal.bind.JsonElementReaderTest#testNestedObjects
Processing com.google.gson.internal.bind.JsonElementReaderTest#testSkipValue
Processing com.google.gson.internal.bind.JsonElementReaderTest#testWrongType
Processing com.google.gson.internal.bind.JsonElementReaderTest#testEarlyClose
Processing com.google.gson.internal.bind.JsonTreeReaderTest#testSkipValue_filledJsonObject
Processing com.google.gson.internal.bind.JsonTreeWriterTest#testArray
Processing com.google.gson.internal.bind.JsonTreeWriterTest#testObject
Processing com.google.gson.internal.bind.JsonTreeWriterTest#testNestedObject
Processing com.google.gson.internal.bind.JsonTreeWriterTest#testWriteAfterClose
Processing com.google.gson.internal.bind.JsonTreeWriterTest#testPrematureClose
Processing com.google.gson.internal.bind.JsonTreeWriterTest#testSerializeNullsTrue
Processing com.google.gson.internal.bind.JsonTreeWriterTest#testLenientNansAndInfinities
Processing com.google.gson.stream.JsonReaderPathTest#path
Processing com.google.gson.stream.JsonReaderPathTest#objectPath
Processing com.google.gson.stream.JsonReaderPathTest#arrayPath
Processing com.google.gson.stream.JsonReaderPathTest#skipArrayElements
Processing com.google.gson.stream.JsonReaderPathTest#skipObjectNames
Processing com.google.gson.stream.JsonReaderPathTest#skipObjectValues
Processing com.google.gson.stream.JsonReaderPathTest#skipNestedStructures
Processing com.google.gson.DefaultMapJsonSerializerTest#testNonEmptyMapSerialization
Processing com.google.gson.GsonTypeAdapterTest#testTypeAdapterThrowsException
Processing com.google.gson.GsonTypeAdapterTest#testTypeAdapterProperlyConvertsTypes
Processing com.google.gson.JsonArrayTest#testRemove
Processing com.google.gson.JsonArrayTest#testSet
Processing com.google.gson.JsonArrayTest#testDeepCopy
Processing com.google.gson.JsonObjectTest#testAddingAndRemovingObjectProperties
Processing com.google.gson.JsonObjectTest#testAddingNullPropertyValue
Processing com.google.gson.JsonObjectTest#testAddingNullOrEmptyPropertyName
Processing com.google.gson.JsonObjectTest#testAddingBooleanProperties
Processing com.google.gson.JsonObjectTest#testAddingStringProperties
Processing com.google.gson.JsonObjectTest#testAddingCharacterProperties
Processing com.google.gson.JsonObjectTest#testPropertyWithQuotes
Processing com.google.gson.JsonObjectTest#testWritePropertyWithEmptyStringName
Processing com.google.gson.JsonObjectTest#testReadPropertyWithEmptyStringName
Processing com.google.gson.JsonObjectTest#testEqualsNonEmptyObject
Processing com.google.gson.JsonObjectTest#testSize
Processing com.google.gson.JsonObjectTest#testDeepCopy
Processing com.google.gson.JsonObjectTest#testKeySet
Processing com.google.gson.JsonParserTest#testParseUnquotedStringArrayFails
Processing com.google.gson.JsonParserTest#testParseString
Processing com.google.gson.JsonParserTest#testParseEmptyString
Processing com.google.gson.JsonParserTest#testParseUnquotedSingleWordStringFails
Processing com.google.gson.JsonParserTest#testParseUnquotedMultiWordStringFails
Processing com.google.gson.JsonParserTest#testParseMixedArray
Processing com.google.gson.JsonParserTest#testParseReader
Processing com.google.gson.JsonParserTest#testReadWriteTwoObjects
Processing com.google.gson.JsonPrimitiveTest#testNulls
Processing com.google.gson.JsonPrimitiveTest#testBoolean
Processing com.google.gson.JsonPrimitiveTest#testParsingStringAsBoolean
Processing com.google.gson.JsonPrimitiveTest#testParsingStringAsNumber
Processing com.google.gson.JsonPrimitiveTest#testStringsAndChar
Processing com.google.gson.JsonPrimitiveTest#testExponential
Processing com.google.gson.JsonPrimitiveTest#testByteEqualsShort
Processing com.google.gson.JsonPrimitiveTest#testByteEqualsInteger
Processing com.google.gson.JsonPrimitiveTest#testByteEqualsLong
Processing com.google.gson.JsonPrimitiveTest#testByteEqualsBigInteger
Processing com.google.gson.JsonPrimitiveTest#testShortEqualsInteger
Processing com.google.gson.JsonPrimitiveTest#testShortEqualsLong
Processing com.google.gson.JsonPrimitiveTest#testShortEqualsBigInteger
Processing com.google.gson.JsonPrimitiveTest#testIntegerEqualsLong
Processing com.google.gson.JsonPrimitiveTest#testIntegerEqualsBigInteger
Processing com.google.gson.JsonPrimitiveTest#testLongEqualsBigInteger
Processing com.google.gson.JsonPrimitiveTest#testFloatEqualsDouble
Processing com.google.gson.JsonPrimitiveTest#testFloatEqualsBigDecimal
Processing com.google.gson.JsonPrimitiveTest#testDoubleEqualsBigDecimal
Processing com.google.gson.JsonPrimitiveTest#testValidJsonOnToString
Processing com.google.gson.JsonPrimitiveTest#testEquals
Processing com.google.gson.JsonPrimitiveTest#testEqualsAcrossTypes
Processing com.google.gson.JsonPrimitiveTest#testEqualsIntegerAndBigInteger
Processing com.google.gson.JsonPrimitiveTest#testEqualsDoesNotEquateStringAndNonStringTypes
Processing com.google.gson.JsonPrimitiveTest#testDeepCopy
Processing com.google.gson.JsonStreamParserTest#testParseTwoStrings
Processing com.google.gson.JsonStreamParserTest#testIterator
Processing com.google.gson.JsonStreamParserTest#testNoSideEffectForHasNext
Processing com.google.gson.JsonStreamParserTest#testCallingNextBeyondAvailableInput
Processing com.google.gson.LongSerializationPolicyTest#testDefaultLongSerialization
Processing com.google.gson.LongSerializationPolicyTest#testStringLongSerialization
Processing com.google.gson.MixedStreamTest#testWriteNulls
[INFO] Printing com.google.gson.functional.CustomTypeAdaptersTest to /tmp/v2//gson/src/test/java//com/google/gson/functional/CustomTypeAdaptersTest.java
[INFO] Printing com.google.gson.functional.CustomTypeAdaptersTest to /tmp/v2//gson/src/test/java//com/google/gson/functional/CustomTypeAdaptersTest.java
[INFO] Printing com.google.gson.MixedStreamTest to /tmp/v2//gson/src/test/java//com/google/gson/MixedStreamTest.java
[INFO] Printing com.google.gson.functional.JsonArrayTest to /tmp/v2//gson/src/test/java//com/google/gson/functional/JsonArrayTest.java
[INFO] Printing com.google.gson.JsonArrayTest to /tmp/v2//gson/src/test/java//com/google/gson/JsonArrayTest.java
[INFO] Printing com.google.gson.functional.JsonArrayTest to /tmp/v2//gson/src/test/java//com/google/gson/functional/JsonArrayTest.java
[INFO] Printing com.google.gson.JsonArrayTest to /tmp/v2//gson/src/test/java//com/google/gson/JsonArrayTest.java
[INFO] Printing com.google.gson.functional.StreamingTypeAdaptersTest to /tmp/v2//gson/src/test/java//com/google/gson/functional/StreamingTypeAdaptersTest.java
[INFO] Printing com.google.gson.functional.NullObjectAndFieldTest to /tmp/v2//gson/src/test/java//com/google/gson/functional/NullObjectAndFieldTest.java
[INFO] Printing com.google.gson.functional.NullObjectAndFieldTest to /tmp/v2//gson/src/test/java//com/google/gson/functional/NullObjectAndFieldTest.java
[INFO] Printing com.google.gson.functional.RuntimeTypeAdapterFactoryFunctionalTest to /tmp/v2//gson/src/test/java//com/google/gson/functional/RuntimeTypeAdapterFactoryFunctionalTest.java
[INFO] Printing com.google.gson.functional.UncategorizedTest to /tmp/v2//gson/src/test/java//com/google/gson/functional/UncategorizedTest.java
[INFO] Printing com.google.gson.functional.TreeTypeAdaptersTest to /tmp/v2//gson/src/test/java//com/google/gson/functional/TreeTypeAdaptersTest.java
[INFO] Printing com.google.gson.functional.TreeTypeAdaptersTest to /tmp/v2//gson/src/test/java//com/google/gson/functional/TreeTypeAdaptersTest.java
[INFO] Printing com.google.gson.functional.TypeHierarchyAdapterTest to /tmp/v2//gson/src/test/java//com/google/gson/functional/TypeHierarchyAdapterTest.java
[INFO] Printing com.google.gson.stream.JsonReaderPathTest to /tmp/v2//gson/src/test/java//com/google/gson/stream/JsonReaderPathTest.java
[INFO] Printing com.google.gson.functional.TypeHierarchyAdapterTest to /tmp/v2//gson/src/test/java//com/google/gson/functional/TypeHierarchyAdapterTest.java
[INFO] Printing com.google.gson.stream.JsonReaderPathTest to /tmp/v2//gson/src/test/java//com/google/gson/stream/JsonReaderPathTest.java
[INFO] Printing com.google.gson.functional.ParameterizedTypesTest to /tmp/v2//gson/src/test/java//com/google/gson/functional/ParameterizedTypesTest.java
[INFO] Printing com.google.gson.functional.ParameterizedTypesTest to /tmp/v2//gson/src/test/java//com/google/gson/functional/ParameterizedTypesTest.java
[INFO] Printing com.google.gson.internal.bind.JsonTreeReaderTest to /tmp/v2//gson/src/test/java//com/google/gson/internal/bind/JsonTreeReaderTest.java
[INFO] Printing com.google.gson.functional.DefaultTypeAdaptersTest to /tmp/v2//gson/src/test/java//com/google/gson/functional/DefaultTypeAdaptersTest.java
[INFO] Printing com.google.gson.functional.DefaultTypeAdaptersTest to /tmp/v2//gson/src/test/java//com/google/gson/functional/DefaultTypeAdaptersTest.java
[INFO] Printing com.google.gson.functional.CircularReferenceTest to /tmp/v2//gson/src/test/java//com/google/gson/functional/CircularReferenceTest.java
[INFO] Printing com.google.gson.functional.ExclusionStrategyFunctionalTest to /tmp/v2//gson/src/test/java//com/google/gson/functional/ExclusionStrategyFunctionalTest.java
[INFO] Printing com.google.gson.functional.JsonTreeTest to /tmp/v2//gson/src/test/java//com/google/gson/functional/JsonTreeTest.java
[INFO] Printing com.google.gson.JsonObjectTest to /tmp/v2//gson/src/test/java//com/google/gson/JsonObjectTest.java
[INFO] Printing com.google.gson.functional.ExclusionStrategyFunctionalTest to /tmp/v2//gson/src/test/java//com/google/gson/functional/ExclusionStrategyFunctionalTest.java
[INFO] Printing com.google.gson.functional.JsonTreeTest to /tmp/v2//gson/src/test/java//com/google/gson/functional/JsonTreeTest.java
[INFO] Printing com.google.gson.JsonObjectTest to /tmp/v2//gson/src/test/java//com/google/gson/JsonObjectTest.java
[INFO] Printing com.google.gson.functional.TypeAdapterPrecedenceTest to /tmp/v2//gson/src/test/java//com/google/gson/functional/TypeAdapterPrecedenceTest.java
[INFO] Printing com.google.gson.functional.TypeAdapterPrecedenceTest to /tmp/v2//gson/src/test/java//com/google/gson/functional/TypeAdapterPrecedenceTest.java
[INFO] Printing com.google.gson.functional.EnumTest to /tmp/v2//gson/src/test/java//com/google/gson/functional/EnumTest.java
[INFO] Printing com.google.gson.JsonPrimitiveTest to /tmp/v2//gson/src/test/java//com/google/gson/JsonPrimitiveTest.java
[INFO] Printing com.google.gson.JsonPrimitiveTest to /tmp/v2//gson/src/test/java//com/google/gson/JsonPrimitiveTest.java
[INFO] Printing com.google.gson.DefaultMapJsonSerializerTest to /tmp/v2//gson/src/test/java//com/google/gson/DefaultMapJsonSerializerTest.java
[INFO] Printing com.google.gson.functional.CollectionTest to /tmp/v2//gson/src/test/java//com/google/gson/functional/CollectionTest.java
[INFO] Printing com.google.gson.functional.MapAsArrayTypeAdapterTest to /tmp/v2//gson/src/test/java//com/google/gson/functional/MapAsArrayTypeAdapterTest.java
[INFO] Printing com.google.gson.functional.MapAsArrayTypeAdapterTest to /tmp/v2//gson/src/test/java//com/google/gson/functional/MapAsArrayTypeAdapterTest.java
[INFO] Printing com.google.gson.functional.CustomSerializerTest to /tmp/v2//gson/src/test/java//com/google/gson/functional/CustomSerializerTest.java
[INFO] Printing com.google.gson.functional.PrimitiveTest to /tmp/v2//gson/src/test/java//com/google/gson/functional/PrimitiveTest.java
[INFO] Printing com.google.gson.functional.CustomSerializerTest to /tmp/v2//gson/src/test/java//com/google/gson/functional/CustomSerializerTest.java
[INFO] Printing com.google.gson.functional.ReadersWritersTest to /tmp/v2//gson/src/test/java//com/google/gson/functional/ReadersWritersTest.java
[INFO] Printing com.google.gson.functional.ReadersWritersTest to /tmp/v2//gson/src/test/java//com/google/gson/functional/ReadersWritersTest.java
[INFO] Printing com.google.gson.functional.PrintFormattingTest to /tmp/v2//gson/src/test/java//com/google/gson/functional/PrintFormattingTest.java
[INFO] Printing com.google.gson.functional.PrintFormattingTest to /tmp/v2//gson/src/test/java//com/google/gson/functional/PrintFormattingTest.java
[INFO] Printing com.google.gson.functional.CustomDeserializerTest to /tmp/v2//gson/src/test/java//com/google/gson/functional/CustomDeserializerTest.java
[INFO] Printing com.google.gson.functional.CustomDeserializerTest to /tmp/v2//gson/src/test/java//com/google/gson/functional/CustomDeserializerTest.java
[INFO] Printing com.google.gson.JsonStreamParserTest to /tmp/v2//gson/src/test/java//com/google/gson/JsonStreamParserTest.java
[INFO] Printing com.google.gson.JsonStreamParserTest to /tmp/v2//gson/src/test/java//com/google/gson/JsonStreamParserTest.java
[INFO] Printing com.google.gson.functional.InheritanceTest to /tmp/v2//gson/src/test/java//com/google/gson/functional/InheritanceTest.java
[INFO] Printing com.google.gson.functional.InheritanceTest to /tmp/v2//gson/src/test/java//com/google/gson/functional/InheritanceTest.java
[INFO] Printing com.google.gson.GsonTypeAdapterTest to /tmp/v2//gson/src/test/java//com/google/gson/GsonTypeAdapterTest.java
[INFO] Printing com.google.gson.GsonTypeAdapterTest to /tmp/v2//gson/src/test/java//com/google/gson/GsonTypeAdapterTest.java
[INFO] Printing com.google.gson.internal.bind.JsonTreeWriterTest to /tmp/v2//gson/src/test/java//com/google/gson/internal/bind/JsonTreeWriterTest.java
[INFO] Printing com.google.gson.internal.bind.JsonTreeWriterTest to /tmp/v2//gson/src/test/java//com/google/gson/internal/bind/JsonTreeWriterTest.java
[INFO] Printing com.google.gson.functional.JsonParserTest to /tmp/v2//gson/src/test/java//com/google/gson/functional/JsonParserTest.java
[INFO] Printing com.google.gson.JsonParserTest to /tmp/v2//gson/src/test/java//com/google/gson/JsonParserTest.java
[INFO] Printing com.google.gson.functional.JsonParserTest to /tmp/v2//gson/src/test/java//com/google/gson/functional/JsonParserTest.java
[INFO] Printing com.google.gson.JsonParserTest to /tmp/v2//gson/src/test/java//com/google/gson/JsonParserTest.java
[INFO] Printing com.google.gson.internal.bind.JsonElementReaderTest to /tmp/v2//gson/src/test/java//com/google/gson/internal/bind/JsonElementReaderTest.java
[INFO] Printing com.google.gson.internal.bind.JsonElementReaderTest to /tmp/v2//gson/src/test/java//com/google/gson/internal/bind/JsonElementReaderTest.java
[INFO] Printing com.google.gson.functional.JsonAdapterSerializerDeserializerTest to /tmp/v2//gson/src/test/java//com/google/gson/functional/JsonAdapterSerializerDeserializerTest.java
[INFO] Printing com.google.gson.functional.JsonAdapterSerializerDeserializerTest to /tmp/v2//gson/src/test/java//com/google/gson/functional/JsonAdapterSerializerDeserializerTest.java
[INFO] Printing com.google.gson.functional.MoreSpecificTypeSerializationTest to /tmp/v2//gson/src/test/java//com/google/gson/functional/MoreSpecificTypeSerializationTest.java
[INFO] Printing com.google.gson.functional.MoreSpecificTypeSerializationTest to /tmp/v2//gson/src/test/java//com/google/gson/functional/MoreSpecificTypeSerializationTest.java
[INFO] Printing com.google.gson.functional.MapTest to /tmp/v2//gson/src/test/java//com/google/gson/functional/MapTest.java
[INFO] Printing com.google.gson.functional.MapTest to /tmp/v2//gson/src/test/java//com/google/gson/functional/MapTest.java
[INFO] Printing com.google.gson.functional.JsonAdapterAnnotationOnClassesTest to /tmp/v2//gson/src/test/java//com/google/gson/functional/JsonAdapterAnnotationOnClassesTest.java
[INFO] Printing com.google.gson.functional.JsonAdapterAnnotationOnClassesTest to /tmp/v2//gson/src/test/java//com/google/gson/functional/JsonAdapterAnnotationOnClassesTest.java
[INFO] Printing com.google.gson.LongSerializationPolicyTest to /tmp/v2//gson/src/test/java//com/google/gson/LongSerializationPolicyTest.java
[INFO] Printing com.google.gson.LongSerializationPolicyTest to /tmp/v2//gson/src/test/java//com/google/gson/LongSerializationPolicyTest.java
[INFO] Injecting JUnit-Jjoules in /tmp/v2//gson/pom.xml
[INFO] Output new POM file in /tmp/v2//gson/pom.xml
[INFO] ------------------------------------------------------------------------
[INFO] Reactor Summary for Gson Parent 2.8.6-SNAPSHOT:
[INFO] 
[INFO] Gson Parent ........................................ SUCCESS [  0.888 s]
[INFO] Gson ............................................... SUCCESS [ 17.749 s]
[INFO] ------------------------------------------------------------------------
[INFO] BUILD SUCCESS
[INFO] ------------------------------------------------------------------------
[INFO] Total time:  18.992 s
[INFO] Finished at: 2020-12-28T23:19:51+01:00
[INFO] ------------------------------------------------------------------------
