[INFO] Scanning for projects...
[WARNING] 
[WARNING] Some problems were encountered while building the effective model for com.google.code.gson:gson:jar:1.3
[WARNING] 'build.plugins.plugin.version' for org.apache.maven.plugins:maven-compiler-plugin is missing. @ line 53, column 15
[WARNING] 'build.plugins.plugin.version' for org.codehaus.mojo:cobertura-maven-plugin is missing. @ line 182, column 15
[WARNING] 'build.plugins.plugin.version' for org.apache.maven.plugins:maven-jar-plugin is missing. @ line 61, column 16
[WARNING] 'build.plugins.plugin.version' for org.apache.maven.plugins:maven-jxr-plugin is missing. @ line 145, column 15
[WARNING] 'build.plugins.plugin.version' for org.apache.maven.plugins:maven-pmd-plugin is missing. @ line 149, column 15
[WARNING] 'build.plugins.plugin.version' for org.codehaus.mojo:taglist-maven-plugin is missing. @ line 170, column 15
[WARNING] 'build.plugins.plugin.version' for org.apache.maven.plugins:maven-checkstyle-plugin is missing. @ line 162, column 15
[WARNING] 'build.plugins.plugin.version' for org.apache.maven.plugins:maven-source-plugin is missing. @ line 73, column 16
[WARNING] 'build.plugins.plugin.version' for org.apache.maven.plugins:maven-javadoc-plugin is missing. @ line 87, column 16
[WARNING] 'build.plugins.plugin.version' for org.apache.maven.plugins:maven-eclipse-plugin is missing. @ line 107, column 16
[WARNING] The expression ${version} is deprecated. Please use ${project.version} instead.
[WARNING] 
[WARNING] It is highly recommended to fix these problems because they threaten the stability of your build.
[WARNING] 
[WARNING] For this reason, future Maven versions might no longer support building such malformed projects.
[WARNING] 
[INFO] 
[INFO] ---------------------< com.google.code.gson:gson >----------------------
[INFO] Building Gson 1.3
[INFO] --------------------------------[ jar ]---------------------------------
[INFO] 
[INFO] --- maven-clean-plugin:2.5:clean (default-clean) @ gson ---
[INFO] Deleting /tmp/v1/gson/target
[INFO] 
[INFO] --- cobertura-maven-plugin:2.7:clean (clean) @ gson ---
[INFO] 
[INFO] --- maven-resources-plugin:2.6:resources (default-resources) @ gson ---
[WARNING] Using platform encoding (UTF-8 actually) to copy filtered resources, i.e. build is platform dependent!
[INFO] Copying 1 resource
[INFO] 
[INFO] --- maven-compiler-plugin:3.1:compile (default-compile) @ gson ---
[INFO] Changes detected - recompiling the module!
[WARNING] File encoding has not been set, using platform encoding UTF-8, i.e. build is platform dependent!
[INFO] Compiling 85 source files to /tmp/v1/gson/target/classes
[WARNING] /tmp/v1/gson/src/main/java/com/google/gson/JsonParserJavacc.java: /tmp/v1/gson/src/main/java/com/google/gson/JsonParserJavacc.java uses unchecked or unsafe operations.
[WARNING] /tmp/v1/gson/src/main/java/com/google/gson/JsonParserJavacc.java: Recompile with -Xlint:unchecked for details.
[INFO] 
[INFO] --- maven-resources-plugin:2.6:testResources (default-testResources) @ gson ---
[WARNING] Using platform encoding (UTF-8 actually) to copy filtered resources, i.e. build is platform dependent!
[INFO] skip non existing resourceDirectory /tmp/v1/gson/src/test/resources
[INFO] 
[INFO] --- maven-compiler-plugin:3.1:testCompile (default-testCompile) @ gson ---
[INFO] Changes detected - recompiling the module!
[WARNING] File encoding has not been set, using platform encoding UTF-8, i.e. build is platform dependent!
[INFO] Compiling 66 source files to /tmp/v1/gson/target/test-classes
[INFO] 
[INFO] --- maven-surefire-plugin:2.12.4:test (default-test) @ gson ---
[INFO] Tests are skipped.
[INFO] 
[INFO] --- maven-dependency-plugin:2.8:build-classpath (default-cli) @ gson ---
[INFO] Skipped writing classpath file '/tmp/v1/gson/classpath'.  No changes found.
[INFO] 
[INFO] --- diff-jjoules:0.0.1-SNAPSHOT:instrument (default-cli) @ gson ---
[INFO] Running on:
[INFO] /tmp/v1/gson
[INFO] /tmp/v2/gson/
[INFO] Enable JUnit4 mode
[INFO] Configuration{pathToFirstVersion='/tmp/v1/gson', pathToSecondVersion='/tmp/v2/gson/', pathToTestListAsCSV='/tmp/v1/gson/testsThatExecuteTheChange.csv', classpath=[/home/spino/.m2/repository/junit/junit/3.8.2/junit-3.8.2.jar], junit4=true}
[INFO] com.google.gson.functional.CollectionTest:[testWildcardCollectionField, testRawCollectionDeserializationNotAlllowed, testRawCollectionOfBagOfPrimitivesNotAllowed, testWildcardPrimitiveCollectionDeserilaization, testQueueDeserialization, testSetDeserialization, testTopLevelCollectionOfIntegersDeserialization, testNullsInListDeserialization, testTopLevelListOfIntegerCollectionsDeserialization, testLinkedListDeserialization, testCollectionOfStringsDeserialization]
com.google.gson.functional.InternationalizationTest:[testStringsWithRawChineseCharactersDeserialization, testStringsWithUnicodeChineseCharactersDeserialization, testStringsWithUnicodeChineseCharactersEscapedDeserialization]
com.google.gson.functional.ParameterizedTypesTest:[testParameterizedTypeWithReaderDeserialization, testParameterizedTypeDeserialization, testParameterizedTypeGenericArraysDeserialization, testVariableTypeFieldsAndGenericArraysDeserialization, testVariableTypeDeserialization, testDeepParameterizedTypeDeserialization, testParameterizedTypeWithVariableTypeDeserialization, testVariableTypeArrayDeserialization, testTypesWithMultipleParametersDeserialization, testParameterizedTypesWithCustomDeserializer]
com.google.gson.functional.ExposeFieldsTest:[testExposedInterfaceFieldDeserialization, testNoExposedFieldDeserialization, testExposeAnnotationDeserialization]
com.google.gson.functional.CustomTypeAdaptersTest:[testCustomAdapterInvokedForCollectionElementDeserialization, testCustomDeserializers, testCustomAdapterInvokedForMapElementDeserialization, testCustomNestedDeserializers, testCustomByteArrayDeserializerAndInstanceCreator, testCustomDeserializerForLong]
com.google.gson.functional.StringTest:[testEscapingQuotesInStringDeserialization, testEscapingQuotesInStringSerialization, testEscapedCtrlRInStringDeserialization, testStringValueAsSingleElementArrayDeserialization, testSingleQuoteInStringSerialization, testJavascriptKeywordsInStringDeserialization, testStringValueDeserialization, testEscapedBackslashInStringDeserialization, testStringWithEscapedSlashDeserialization, testSingleQuoteInStringDeserialization, testAssignmentCharDeserialization, testEscapedCtrlNInStringDeserialization]
com.google.gson.functional.NullObjectAndFieldTest:[testNullWrappedPrimitiveMemberDeserialization, testTopLevelNullObjectDeserialization, testExplicitDeserializationOfNulls]
com.google.gson.functional.EscapingTest:[testEscapingQuotesInStringArray, testEscapingObjectFields]
com.google.gson.functional.NamingPolicyTest:[testGsonWithNonDefaultFieldNamingPolicyDeserialiation, testGsonWithSerializedNameFieldNamingPolicyDeserialization]
com.google.gson.functional.UncategorizedTest:[testInvalidJsonDeserializationFails, testReturningDerivedClassesDuringDeserialization]
com.google.gson.functional.EnumTest:[testTopLevelEnumDeserialization, testTopLevelEnumInASingleElementArrayDeserialization, testClassWithEnumFieldDeserialization, testCollectionOfEnumsDeserialization]
com.google.gson.functional.ReadersWritersTest:[testTopLevelNullObjectDeserializationWithReaderAndSerializeNulls, testTopLevelNullObjectDeserializationWithReader, testReaderForDeserialization]
com.google.gson.functional.CustomDeserializerTest:[testDefaultConstructorNotCalledOnField, testDefaultConstructorNotCalledOnObject]
com.google.gson.functional.ObjectTest:[testNullArraysDeserialization, testArrayOfArraysDeserialization, testSubInterfacesOfCollectionDeserialization, testNullObjectFieldsDeserialization, testInheritenceDeserialization, testNestedDeserialization, testClassWithNoFieldsDeserialization, testNullPrimitiveFieldsDeserialization, testJsonInMixedQuotesDeserialization, testObjectFieldNamesWithoutQuotesDeserialization, testArrayOfObjectsDeserialization, testInnerClassDeserialization, testClassWithTransientFieldsDeserializationTransientFieldsPassedInJsonAreIgnored, testNullFieldsDeserialization, testPrimitiveArrayInAnObjectDeserialization, testStringFieldWithNumberValueDeserialization, testNullDeserialization, testBagOfPrimitiveWrappersDeserialization, testEmptyCollectionInAnObjectDeserialization, testDirectedAcyclicGraphDeserialization, testBagOfPrimitivesDeserialization, testClassWithTransientFieldsDeserialization, testJsonInSingleQuotesDeserialization, testPrivateNoArgConstructorDeserialization]
com.google.gson.functional.ArrayTest:[testTopLevelArrayOfIntsDeserialization, testArrayOfPrimitivesWithCustomTypeAdapter, testArrayOfStringsDeserialization, testArrayOfCollectionDeserialization, testNullsInArrayDeserialization, testEmptyArrayDeserialization]
com.google.gson.functional.SecurityTest:[testJsonWithNonExectuableTokenWithRegularGsonDeserialization, testNonExecutableJsonDeserialization, testJsonWithNonExectuableTokenWithConfiguredGsonDeserialization]
com.google.gson.functional.VersioningTest:[testVersionedClassesDeserialization, testVersionedGsonMixingSinceAndUntilDeserialization, testVersionedUntilDeserialization, testIgnoreLaterVersionClassDeserialization, testVersionedGsonWithUnversionedClassesDeserialization]
com.google.gson.functional.ConcurrencyTest:[testSingleThreadDeserialization, testMultiThreadDeserialization]
com.google.gson.functional.MapTest:[testMapDeserialization, testMapDeserializationEmpty, testMapDeserializationWithNullKey, testParameterizedMapSubclassDeserialization, testMapOfMapDeserialization, testMapDeserializationWithNullValue, testMapDeserializationWithWildcardValues, testMapDeserializationWithIntegerKeys]
com.google.gson.functional.PrimitiveTest:[testPrimitiveBooleanAutoboxedDeserialization, testFloatInfinityDeserialization, testPrimitiveIntegerAutoboxedDeserialization, testBigDecimalNoFractAsStringRepresentationDeserialization, testBigDecimalNegativeInfinityDeserializationNotSupported, testNumberDeserialization, testPrimitiveLongAutoboxedDeserialization, testBigDecimalDeserialization, testBadValueForBigIntegerDeserialization, testBigDecimalPreservePrecisionDeserialization, testLargeDoubleDeserialization, testBigIntegerInASingleElementArrayDeserialization, testOverridingDefaultPrimitiveSerialization, testBigDecimalInfinityDeserializationNotSupported, testBigDecimalNaNDeserializationNotSupported, testDoubleInfinityDeserialization, testReallyLongValuesDeserialization, testPrimitiveDoubleAutoboxedInASingleElementArrayDeserialization, testSmallValueForBigIntegerDeserialization, testBigDecimalAsStringRepresentationDeserialization, testDoubleNoFractAsStringRepresentationDeserialization, testNegativeInfinityFloatDeserialization, testPrimitiveLongAutoboxedInASingleElementArrayDeserialization, testFloatNaNDeserialization, testBigDecimalInASingleElementArrayDeserialization, testBigIntegerDeserialization, testPrimitiveDoubleAutoboxedDeserialization, testDoubleAsStringRepresentationDeserialization, testDoubleNaNDeserialization, testSmallValueForBigDecimalDeserialization, testPrimitiveIntegerAutoboxedInASingleElementArrayDeserialization, testNegativeInfinityDeserialization, testLongAsStringDeserialization, testPrimitiveBooleanAutoboxedInASingleElementArrayDeserialization]
com.google.gson.GsonTypeAdapterTest:[testDefaultTypeAdapterThrowsParseException, testTypeAdapterDoesNotAffectNonAdaptedTypes, testTypeAdapterThrowsException, testTypeAdapterProperlyConvertsTypes]
com.google.gson.functional.DefaultTypeAdaptersTest:[testDefaultGregorianCalendarDeserialization, testBadValueForBigDecimalDeserialization, testDefaultCalendarDeserialization, testBigDecimalFieldDeserialization, testDefaultDateDeserializationUsingBuilder, testLocaleDeserializationWithLanguageCountryVariant, testPropertiesDeserialization, testLocaleDeserializationWithLanguageCountry, testUrlDeserialization, testUuidDeserialization, testUrlNullDeserialization, testLocaleDeserializationWithLanguage, testBigIntegerFieldDeserialization, testDefaultDateDeserialization, testDateDeserializationWithPattern, testUriDeserialization]
[INFO] Instrument version before commit...
[INFO] Run on /tmp/v1/gson
[INFO] Running in NOCLASSPATH mode (doc: http://spoon.gforge.inria.fr/launcher.html).
[INFO] fr.davidson.diff.jjoules.process.junit4.JJoulesProcessor
Processing com.google.gson.functional.ArrayTest#testTopLevelArrayOfIntsDeserialization
Processing com.google.gson.functional.ArrayTest#testEmptyArrayDeserialization
Processing com.google.gson.functional.ArrayTest#testNullsInArrayDeserialization
Processing com.google.gson.functional.ArrayTest#testArrayOfStringsDeserialization
Processing com.google.gson.functional.ArrayTest#testArrayOfCollectionDeserialization
Processing com.google.gson.functional.ArrayTest#testArrayOfPrimitivesWithCustomTypeAdapter
Processing com.google.gson.functional.CollectionTest#testTopLevelCollectionOfIntegersDeserialization
Processing com.google.gson.functional.CollectionTest#testTopLevelListOfIntegerCollectionsDeserialization
Processing com.google.gson.functional.CollectionTest#testLinkedListDeserialization
Processing com.google.gson.functional.CollectionTest#testQueueDeserialization
Processing com.google.gson.functional.CollectionTest#testNullsInListDeserialization
Processing com.google.gson.functional.CollectionTest#testCollectionOfStringsDeserialization
Processing com.google.gson.functional.CollectionTest#testRawCollectionDeserializationNotAlllowed
Processing com.google.gson.functional.CollectionTest#testRawCollectionOfBagOfPrimitivesNotAllowed
Processing com.google.gson.functional.CollectionTest#testWildcardPrimitiveCollectionDeserilaization
Processing com.google.gson.functional.CollectionTest#testWildcardCollectionField
Processing com.google.gson.functional.CollectionTest#testSetDeserialization
Processing com.google.gson.functional.ConcurrencyTest#testSingleThreadDeserialization
Processing com.google.gson.functional.ConcurrencyTest#testMultiThreadDeserialization
Processing com.google.gson.functional.CustomDeserializerTest#testDefaultConstructorNotCalledOnObject
Processing com.google.gson.functional.CustomDeserializerTest#testDefaultConstructorNotCalledOnField
Processing com.google.gson.functional.CustomTypeAdaptersTest#testCustomDeserializers
Processing com.google.gson.functional.CustomTypeAdaptersTest#testCustomNestedDeserializers
Processing com.google.gson.functional.CustomTypeAdaptersTest#testCustomDeserializerForLong
Processing com.google.gson.functional.CustomTypeAdaptersTest#testCustomByteArrayDeserializerAndInstanceCreator
Processing com.google.gson.functional.CustomTypeAdaptersTest#testCustomAdapterInvokedForCollectionElementDeserialization
Processing com.google.gson.functional.CustomTypeAdaptersTest#testCustomAdapterInvokedForMapElementDeserialization
Processing com.google.gson.functional.DefaultTypeAdaptersTest#testUrlDeserialization
Processing com.google.gson.functional.DefaultTypeAdaptersTest#testUrlNullDeserialization
Processing com.google.gson.functional.DefaultTypeAdaptersTest#testUriDeserialization
Processing com.google.gson.functional.DefaultTypeAdaptersTest#testUuidDeserialization
Processing com.google.gson.functional.DefaultTypeAdaptersTest#testLocaleDeserializationWithLanguage
Processing com.google.gson.functional.DefaultTypeAdaptersTest#testLocaleDeserializationWithLanguageCountry
Processing com.google.gson.functional.DefaultTypeAdaptersTest#testLocaleDeserializationWithLanguageCountryVariant
Processing com.google.gson.functional.DefaultTypeAdaptersTest#testBigDecimalFieldDeserialization
Processing com.google.gson.functional.DefaultTypeAdaptersTest#testBadValueForBigDecimalDeserialization
Processing com.google.gson.functional.DefaultTypeAdaptersTest#testBigIntegerFieldDeserialization
Processing com.google.gson.functional.DefaultTypeAdaptersTest#testDefaultDateDeserialization
Processing com.google.gson.functional.DefaultTypeAdaptersTest#testDefaultDateDeserializationUsingBuilder
Processing com.google.gson.functional.DefaultTypeAdaptersTest#testDefaultCalendarDeserialization
Processing com.google.gson.functional.DefaultTypeAdaptersTest#testDefaultGregorianCalendarDeserialization
Processing com.google.gson.functional.DefaultTypeAdaptersTest#testDateDeserializationWithPattern
Processing com.google.gson.functional.DefaultTypeAdaptersTest#testPropertiesDeserialization
Processing com.google.gson.functional.EnumTest#testTopLevelEnumDeserialization
Processing com.google.gson.functional.EnumTest#testTopLevelEnumInASingleElementArrayDeserialization
Processing com.google.gson.functional.EnumTest#testCollectionOfEnumsDeserialization
Processing com.google.gson.functional.EnumTest#testClassWithEnumFieldDeserialization
Processing com.google.gson.functional.EscapingTest#testEscapingQuotesInStringArray
Processing com.google.gson.functional.EscapingTest#testEscapingObjectFields
Processing com.google.gson.functional.ExposeFieldsTest#testExposeAnnotationDeserialization
Processing com.google.gson.functional.ExposeFieldsTest#testNoExposedFieldDeserialization
Processing com.google.gson.functional.ExposeFieldsTest#testExposedInterfaceFieldDeserialization
Processing com.google.gson.functional.InternationalizationTest#testStringsWithRawChineseCharactersDeserialization
Processing com.google.gson.functional.InternationalizationTest#testStringsWithUnicodeChineseCharactersDeserialization
Processing com.google.gson.functional.InternationalizationTest#testStringsWithUnicodeChineseCharactersEscapedDeserialization
Processing com.google.gson.functional.MapTest#testMapDeserialization
Processing com.google.gson.functional.MapTest#testMapDeserializationEmpty
Processing com.google.gson.functional.MapTest#testMapDeserializationWithNullValue
Processing com.google.gson.functional.MapTest#testMapDeserializationWithNullKey
Processing com.google.gson.functional.MapTest#testMapDeserializationWithIntegerKeys
Processing com.google.gson.functional.MapTest#testParameterizedMapSubclassDeserialization
Processing com.google.gson.functional.MapTest#testMapDeserializationWithWildcardValues
Processing com.google.gson.functional.MapTest#testMapOfMapDeserialization
Processing com.google.gson.functional.NamingPolicyTest#testGsonWithNonDefaultFieldNamingPolicyDeserialiation
Processing com.google.gson.functional.NamingPolicyTest#testGsonWithSerializedNameFieldNamingPolicyDeserialization
Processing com.google.gson.functional.NullObjectAndFieldTest#testTopLevelNullObjectDeserialization
Processing com.google.gson.functional.NullObjectAndFieldTest#testExplicitDeserializationOfNulls
Processing com.google.gson.functional.NullObjectAndFieldTest#testNullWrappedPrimitiveMemberDeserialization
Processing com.google.gson.functional.ObjectTest#testJsonInSingleQuotesDeserialization
Processing com.google.gson.functional.ObjectTest#testJsonInMixedQuotesDeserialization
Processing com.google.gson.functional.ObjectTest#testBagOfPrimitivesDeserialization
Processing com.google.gson.functional.ObjectTest#testBagOfPrimitiveWrappersDeserialization
Processing com.google.gson.functional.ObjectTest#testDirectedAcyclicGraphDeserialization
Processing com.google.gson.functional.ObjectTest#testClassWithTransientFieldsDeserialization
Processing com.google.gson.functional.ObjectTest#testClassWithTransientFieldsDeserializationTransientFieldsPassedInJsonAreIgnored
Processing com.google.gson.functional.ObjectTest#testClassWithNoFieldsDeserialization
Processing com.google.gson.functional.ObjectTest#testNestedDeserialization
Processing com.google.gson.functional.ObjectTest#testInheritenceDeserialization
Processing com.google.gson.functional.ObjectTest#testNullDeserialization
Processing com.google.gson.functional.ObjectTest#testNullFieldsDeserialization
Processing com.google.gson.functional.ObjectTest#testArrayOfObjectsDeserialization
Processing com.google.gson.functional.ObjectTest#testArrayOfArraysDeserialization
Processing com.google.gson.functional.ObjectTest#testSubInterfacesOfCollectionDeserialization
Processing com.google.gson.functional.ObjectTest#testNullArraysDeserialization
Processing com.google.gson.functional.ObjectTest#testNullObjectFieldsDeserialization
Processing com.google.gson.functional.ObjectTest#testEmptyCollectionInAnObjectDeserialization
Processing com.google.gson.functional.ObjectTest#testPrimitiveArrayInAnObjectDeserialization
Processing com.google.gson.functional.ObjectTest#testNullPrimitiveFieldsDeserialization
Processing com.google.gson.functional.ObjectTest#testPrivateNoArgConstructorDeserialization
Processing com.google.gson.functional.ObjectTest#testInnerClassDeserialization
Processing com.google.gson.functional.ObjectTest#testObjectFieldNamesWithoutQuotesDeserialization
Processing com.google.gson.functional.ObjectTest#testStringFieldWithNumberValueDeserialization
Processing com.google.gson.functional.ParameterizedTypesTest#testParameterizedTypeDeserialization
Processing com.google.gson.functional.ParameterizedTypesTest#testTypesWithMultipleParametersDeserialization
Processing com.google.gson.functional.ParameterizedTypesTest#testParameterizedTypesWithCustomDeserializer
Processing com.google.gson.functional.ParameterizedTypesTest#testParameterizedTypeWithReaderDeserialization
Processing com.google.gson.functional.ParameterizedTypesTest#testVariableTypeFieldsAndGenericArraysDeserialization
Processing com.google.gson.functional.ParameterizedTypesTest#testVariableTypeDeserialization
Processing com.google.gson.functional.ParameterizedTypesTest#testVariableTypeArrayDeserialization
Processing com.google.gson.functional.ParameterizedTypesTest#testParameterizedTypeWithVariableTypeDeserialization
Processing com.google.gson.functional.ParameterizedTypesTest#testParameterizedTypeGenericArraysDeserialization
Processing com.google.gson.functional.ParameterizedTypesTest#testDeepParameterizedTypeDeserialization
Processing com.google.gson.functional.PrimitiveTest#testPrimitiveIntegerAutoboxedDeserialization
Processing com.google.gson.functional.PrimitiveTest#testPrimitiveIntegerAutoboxedInASingleElementArrayDeserialization
Processing com.google.gson.functional.PrimitiveTest#testReallyLongValuesDeserialization
Processing com.google.gson.functional.PrimitiveTest#testPrimitiveLongAutoboxedDeserialization
Processing com.google.gson.functional.PrimitiveTest#testPrimitiveLongAutoboxedInASingleElementArrayDeserialization
Processing com.google.gson.functional.PrimitiveTest#testPrimitiveBooleanAutoboxedDeserialization
Processing com.google.gson.functional.PrimitiveTest#testPrimitiveBooleanAutoboxedInASingleElementArrayDeserialization
Processing com.google.gson.functional.PrimitiveTest#testNumberDeserialization
Processing com.google.gson.functional.PrimitiveTest#testPrimitiveDoubleAutoboxedDeserialization
Processing com.google.gson.functional.PrimitiveTest#testDoubleAsStringRepresentationDeserialization
Processing com.google.gson.functional.PrimitiveTest#testDoubleNoFractAsStringRepresentationDeserialization
Processing com.google.gson.functional.PrimitiveTest#testLargeDoubleDeserialization
Processing com.google.gson.functional.PrimitiveTest#testPrimitiveDoubleAutoboxedInASingleElementArrayDeserialization
Processing com.google.gson.functional.PrimitiveTest#testBigDecimalDeserialization
Processing com.google.gson.functional.PrimitiveTest#testBigDecimalInASingleElementArrayDeserialization
Processing com.google.gson.functional.PrimitiveTest#testSmallValueForBigDecimalDeserialization
Processing com.google.gson.functional.PrimitiveTest#testBigDecimalPreservePrecisionDeserialization
Processing com.google.gson.functional.PrimitiveTest#testBigDecimalAsStringRepresentationDeserialization
Processing com.google.gson.functional.PrimitiveTest#testBigDecimalNoFractAsStringRepresentationDeserialization
Processing com.google.gson.functional.PrimitiveTest#testBigIntegerDeserialization
Processing com.google.gson.functional.PrimitiveTest#testBigIntegerInASingleElementArrayDeserialization
Processing com.google.gson.functional.PrimitiveTest#testSmallValueForBigIntegerDeserialization
Processing com.google.gson.functional.PrimitiveTest#testBadValueForBigIntegerDeserialization
Processing com.google.gson.functional.PrimitiveTest#testOverridingDefaultPrimitiveSerialization
Processing com.google.gson.functional.PrimitiveTest#testDoubleNaNDeserialization
Processing com.google.gson.functional.PrimitiveTest#testFloatNaNDeserialization
Processing com.google.gson.functional.PrimitiveTest#testBigDecimalNaNDeserializationNotSupported
Processing com.google.gson.functional.PrimitiveTest#testDoubleInfinityDeserialization
Processing com.google.gson.functional.PrimitiveTest#testFloatInfinityDeserialization
Processing com.google.gson.functional.PrimitiveTest#testBigDecimalInfinityDeserializationNotSupported
Processing com.google.gson.functional.PrimitiveTest#testNegativeInfinityDeserialization
Processing com.google.gson.functional.PrimitiveTest#testNegativeInfinityFloatDeserialization
Processing com.google.gson.functional.PrimitiveTest#testBigDecimalNegativeInfinityDeserializationNotSupported
Processing com.google.gson.functional.PrimitiveTest#testLongAsStringDeserialization
Processing com.google.gson.functional.ReadersWritersTest#testReaderForDeserialization
Processing com.google.gson.functional.ReadersWritersTest#testTopLevelNullObjectDeserializationWithReader
Processing com.google.gson.functional.ReadersWritersTest#testTopLevelNullObjectDeserializationWithReaderAndSerializeNulls
Processing com.google.gson.functional.SecurityTest#testNonExecutableJsonDeserialization
Processing com.google.gson.functional.SecurityTest#testJsonWithNonExectuableTokenWithRegularGsonDeserialization
Processing com.google.gson.functional.SecurityTest#testJsonWithNonExectuableTokenWithConfiguredGsonDeserialization
Processing com.google.gson.functional.StringTest#testStringValueDeserialization
Processing com.google.gson.functional.StringTest#testSingleQuoteInStringSerialization
Processing com.google.gson.functional.StringTest#testEscapedCtrlNInStringDeserialization
Processing com.google.gson.functional.StringTest#testEscapedCtrlRInStringDeserialization
Processing com.google.gson.functional.StringTest#testEscapedBackslashInStringDeserialization
Processing com.google.gson.functional.StringTest#testSingleQuoteInStringDeserialization
Processing com.google.gson.functional.StringTest#testEscapingQuotesInStringSerialization
Processing com.google.gson.functional.StringTest#testEscapingQuotesInStringDeserialization
Processing com.google.gson.functional.StringTest#testStringValueAsSingleElementArrayDeserialization
Processing com.google.gson.functional.StringTest#testStringWithEscapedSlashDeserialization
Processing com.google.gson.functional.StringTest#testAssignmentCharDeserialization
Processing com.google.gson.functional.StringTest#testJavascriptKeywordsInStringDeserialization
Processing com.google.gson.functional.UncategorizedTest#testInvalidJsonDeserializationFails
Processing com.google.gson.functional.UncategorizedTest#testReturningDerivedClassesDuringDeserialization
Processing com.google.gson.functional.VersioningTest#testVersionedUntilDeserialization
Processing com.google.gson.functional.VersioningTest#testVersionedClassesDeserialization
Processing com.google.gson.functional.VersioningTest#testIgnoreLaterVersionClassDeserialization
Processing com.google.gson.functional.VersioningTest#testVersionedGsonWithUnversionedClassesDeserialization
Processing com.google.gson.functional.VersioningTest#testVersionedGsonMixingSinceAndUntilDeserialization
Processing com.google.gson.GsonTypeAdapterTest#testDefaultTypeAdapterThrowsParseException
Processing com.google.gson.GsonTypeAdapterTest#testTypeAdapterThrowsException
Processing com.google.gson.GsonTypeAdapterTest#testTypeAdapterProperlyConvertsTypes
Processing com.google.gson.GsonTypeAdapterTest#testTypeAdapterDoesNotAffectNonAdaptedTypes
[INFO] Printing com.google.gson.functional.ParameterizedTypesTest to /tmp/v1/gson/src/test/java//com/google/gson/functional/ParameterizedTypesTest.java
[INFO] Printing com.google.gson.functional.PrimitiveTest to /tmp/v1/gson/src/test/java//com/google/gson/functional/PrimitiveTest.java
[INFO] Printing com.google.gson.functional.ReadersWritersTest to /tmp/v1/gson/src/test/java//com/google/gson/functional/ReadersWritersTest.java
[INFO] Printing com.google.gson.functional.SecurityTest to /tmp/v1/gson/src/test/java//com/google/gson/functional/SecurityTest.java
[INFO] Printing com.google.gson.functional.CustomTypeAdaptersTest to /tmp/v1/gson/src/test/java//com/google/gson/functional/CustomTypeAdaptersTest.java
[INFO] Printing com.google.gson.functional.ConcurrencyTest to /tmp/v1/gson/src/test/java//com/google/gson/functional/ConcurrencyTest.java
[INFO] Printing com.google.gson.functional.CustomDeserializerTest to /tmp/v1/gson/src/test/java//com/google/gson/functional/CustomDeserializerTest.java
[INFO] Printing com.google.gson.functional.NamingPolicyTest to /tmp/v1/gson/src/test/java//com/google/gson/functional/NamingPolicyTest.java
[INFO] Printing com.google.gson.functional.StringTest to /tmp/v1/gson/src/test/java//com/google/gson/functional/StringTest.java
[INFO] Printing com.google.gson.functional.DefaultTypeAdaptersTest to /tmp/v1/gson/src/test/java//com/google/gson/functional/DefaultTypeAdaptersTest.java
[INFO] Printing com.google.gson.functional.ArrayTest to /tmp/v1/gson/src/test/java//com/google/gson/functional/ArrayTest.java
[INFO] Printing com.google.gson.functional.InternationalizationTest to /tmp/v1/gson/src/test/java//com/google/gson/functional/InternationalizationTest.java
[INFO] Printing com.google.gson.functional.VersioningTest to /tmp/v1/gson/src/test/java//com/google/gson/functional/VersioningTest.java
[INFO] Printing com.google.gson.GsonTypeAdapterTest to /tmp/v1/gson/src/test/java//com/google/gson/GsonTypeAdapterTest.java
[INFO] Printing com.google.gson.functional.MapTest to /tmp/v1/gson/src/test/java//com/google/gson/functional/MapTest.java
[INFO] Printing com.google.gson.functional.EnumTest to /tmp/v1/gson/src/test/java//com/google/gson/functional/EnumTest.java
[INFO] Printing com.google.gson.functional.ExposeFieldsTest to /tmp/v1/gson/src/test/java//com/google/gson/functional/ExposeFieldsTest.java
[INFO] Printing com.google.gson.functional.ObjectTest to /tmp/v1/gson/src/test/java//com/google/gson/functional/ObjectTest.java
[INFO] Printing com.google.gson.functional.NullObjectAndFieldTest to /tmp/v1/gson/src/test/java//com/google/gson/functional/NullObjectAndFieldTest.java
[INFO] Printing com.google.gson.functional.EscapingTest to /tmp/v1/gson/src/test/java//com/google/gson/functional/EscapingTest.java
[INFO] Printing com.google.gson.functional.UncategorizedTest to /tmp/v1/gson/src/test/java//com/google/gson/functional/UncategorizedTest.java
[INFO] Printing com.google.gson.functional.CollectionTest to /tmp/v1/gson/src/test/java//com/google/gson/functional/CollectionTest.java
[INFO] Injecting JUnit-Jjoules in /tmp/v1/gson/pom.xml
[INFO] Output new POM file in /tmp/v1/gson/pom.xml
[INFO] Instrument version after commit...
[INFO] Run on /tmp/v2/gson/
[INFO] Running in NOCLASSPATH mode (doc: http://spoon.gforge.inria.fr/launcher.html).
[INFO] fr.davidson.diff.jjoules.process.junit4.JJoulesProcessor
Processing com.google.gson.functional.ArrayTest#testTopLevelArrayOfIntsDeserialization
Processing com.google.gson.functional.ArrayTest#testEmptyArrayDeserialization
Processing com.google.gson.functional.ArrayTest#testNullsInArrayDeserialization
Processing com.google.gson.functional.ArrayTest#testArrayOfStringsDeserialization
Processing com.google.gson.functional.ArrayTest#testArrayOfCollectionDeserialization
Processing com.google.gson.functional.ArrayTest#testArrayOfPrimitivesWithCustomTypeAdapter
Processing com.google.gson.functional.CollectionTest#testTopLevelCollectionOfIntegersDeserialization
Processing com.google.gson.functional.CollectionTest#testTopLevelListOfIntegerCollectionsDeserialization
Processing com.google.gson.functional.CollectionTest#testLinkedListDeserialization
Processing com.google.gson.functional.CollectionTest#testQueueDeserialization
Processing com.google.gson.functional.CollectionTest#testNullsInListDeserialization
Processing com.google.gson.functional.CollectionTest#testCollectionOfStringsDeserialization
Processing com.google.gson.functional.CollectionTest#testRawCollectionDeserializationNotAlllowed
Processing com.google.gson.functional.CollectionTest#testRawCollectionOfBagOfPrimitivesNotAllowed
Processing com.google.gson.functional.CollectionTest#testWildcardPrimitiveCollectionDeserilaization
Processing com.google.gson.functional.CollectionTest#testWildcardCollectionField
Processing com.google.gson.functional.CollectionTest#testSetDeserialization
Processing com.google.gson.functional.ConcurrencyTest#testSingleThreadDeserialization
Processing com.google.gson.functional.ConcurrencyTest#testMultiThreadDeserialization
Processing com.google.gson.functional.CustomDeserializerTest#testDefaultConstructorNotCalledOnObject
Processing com.google.gson.functional.CustomDeserializerTest#testDefaultConstructorNotCalledOnField
Processing com.google.gson.functional.CustomTypeAdaptersTest#testCustomDeserializers
Processing com.google.gson.functional.CustomTypeAdaptersTest#testCustomNestedDeserializers
Processing com.google.gson.functional.CustomTypeAdaptersTest#testCustomDeserializerForLong
Processing com.google.gson.functional.CustomTypeAdaptersTest#testCustomByteArrayDeserializerAndInstanceCreator
Processing com.google.gson.functional.CustomTypeAdaptersTest#testCustomAdapterInvokedForCollectionElementDeserialization
Processing com.google.gson.functional.CustomTypeAdaptersTest#testCustomAdapterInvokedForMapElementDeserialization
Processing com.google.gson.functional.DefaultTypeAdaptersTest#testUrlDeserialization
Processing com.google.gson.functional.DefaultTypeAdaptersTest#testUrlNullDeserialization
Processing com.google.gson.functional.DefaultTypeAdaptersTest#testUriDeserialization
Processing com.google.gson.functional.DefaultTypeAdaptersTest#testUuidDeserialization
Processing com.google.gson.functional.DefaultTypeAdaptersTest#testLocaleDeserializationWithLanguage
Processing com.google.gson.functional.DefaultTypeAdaptersTest#testLocaleDeserializationWithLanguageCountry
Processing com.google.gson.functional.DefaultTypeAdaptersTest#testLocaleDeserializationWithLanguageCountryVariant
Processing com.google.gson.functional.DefaultTypeAdaptersTest#testBigDecimalFieldDeserialization
Processing com.google.gson.functional.DefaultTypeAdaptersTest#testBadValueForBigDecimalDeserialization
Processing com.google.gson.functional.DefaultTypeAdaptersTest#testBigIntegerFieldDeserialization
Processing com.google.gson.functional.DefaultTypeAdaptersTest#testDefaultDateDeserialization
Processing com.google.gson.functional.DefaultTypeAdaptersTest#testDefaultDateDeserializationUsingBuilder
Processing com.google.gson.functional.DefaultTypeAdaptersTest#testDefaultCalendarDeserialization
Processing com.google.gson.functional.DefaultTypeAdaptersTest#testDefaultGregorianCalendarDeserialization
Processing com.google.gson.functional.DefaultTypeAdaptersTest#testDateDeserializationWithPattern
Processing com.google.gson.functional.DefaultTypeAdaptersTest#testPropertiesDeserialization
Processing com.google.gson.functional.EnumTest#testTopLevelEnumDeserialization
Processing com.google.gson.functional.EnumTest#testTopLevelEnumInASingleElementArrayDeserialization
Processing com.google.gson.functional.EnumTest#testCollectionOfEnumsDeserialization
Processing com.google.gson.functional.EnumTest#testClassWithEnumFieldDeserialization
Processing com.google.gson.functional.EscapingTest#testEscapingQuotesInStringArray
Processing com.google.gson.functional.EscapingTest#testEscapingObjectFields
Processing com.google.gson.functional.ExposeFieldsTest#testExposeAnnotationDeserialization
Processing com.google.gson.functional.ExposeFieldsTest#testNoExposedFieldDeserialization
Processing com.google.gson.functional.ExposeFieldsTest#testExposedInterfaceFieldDeserialization
Processing com.google.gson.functional.InternationalizationTest#testStringsWithRawChineseCharactersDeserialization
Processing com.google.gson.functional.InternationalizationTest#testStringsWithUnicodeChineseCharactersDeserialization
Processing com.google.gson.functional.InternationalizationTest#testStringsWithUnicodeChineseCharactersEscapedDeserialization
Processing com.google.gson.functional.MapTest#testMapDeserialization
Processing com.google.gson.functional.MapTest#testMapDeserializationEmpty
Processing com.google.gson.functional.MapTest#testMapDeserializationWithNullValue
Processing com.google.gson.functional.MapTest#testMapDeserializationWithNullKey
Processing com.google.gson.functional.MapTest#testMapDeserializationWithIntegerKeys
Processing com.google.gson.functional.MapTest#testParameterizedMapSubclassDeserialization
Processing com.google.gson.functional.MapTest#testMapDeserializationWithWildcardValues
Processing com.google.gson.functional.MapTest#testMapOfMapDeserialization
Processing com.google.gson.functional.NamingPolicyTest#testGsonWithNonDefaultFieldNamingPolicyDeserialiation
Processing com.google.gson.functional.NamingPolicyTest#testGsonWithSerializedNameFieldNamingPolicyDeserialization
Processing com.google.gson.functional.NullObjectAndFieldTest#testTopLevelNullObjectDeserialization
Processing com.google.gson.functional.NullObjectAndFieldTest#testExplicitDeserializationOfNulls
Processing com.google.gson.functional.NullObjectAndFieldTest#testNullWrappedPrimitiveMemberDeserialization
Processing com.google.gson.functional.ObjectTest#testJsonInSingleQuotesDeserialization
Processing com.google.gson.functional.ObjectTest#testJsonInMixedQuotesDeserialization
Processing com.google.gson.functional.ObjectTest#testBagOfPrimitivesDeserialization
Processing com.google.gson.functional.ObjectTest#testBagOfPrimitiveWrappersDeserialization
Processing com.google.gson.functional.ObjectTest#testDirectedAcyclicGraphDeserialization
Processing com.google.gson.functional.ObjectTest#testClassWithTransientFieldsDeserialization
Processing com.google.gson.functional.ObjectTest#testClassWithTransientFieldsDeserializationTransientFieldsPassedInJsonAreIgnored
Processing com.google.gson.functional.ObjectTest#testClassWithNoFieldsDeserialization
Processing com.google.gson.functional.ObjectTest#testNestedDeserialization
Processing com.google.gson.functional.ObjectTest#testInheritenceDeserialization
Processing com.google.gson.functional.ObjectTest#testNullDeserialization
Processing com.google.gson.functional.ObjectTest#testNullFieldsDeserialization
Processing com.google.gson.functional.ObjectTest#testArrayOfObjectsDeserialization
Processing com.google.gson.functional.ObjectTest#testArrayOfArraysDeserialization
Processing com.google.gson.functional.ObjectTest#testSubInterfacesOfCollectionDeserialization
Processing com.google.gson.functional.ObjectTest#testNullArraysDeserialization
Processing com.google.gson.functional.ObjectTest#testNullObjectFieldsDeserialization
Processing com.google.gson.functional.ObjectTest#testEmptyCollectionInAnObjectDeserialization
Processing com.google.gson.functional.ObjectTest#testPrimitiveArrayInAnObjectDeserialization
Processing com.google.gson.functional.ObjectTest#testNullPrimitiveFieldsDeserialization
Processing com.google.gson.functional.ObjectTest#testPrivateNoArgConstructorDeserialization
Processing com.google.gson.functional.ObjectTest#testInnerClassDeserialization
Processing com.google.gson.functional.ObjectTest#testObjectFieldNamesWithoutQuotesDeserialization
Processing com.google.gson.functional.ObjectTest#testStringFieldWithNumberValueDeserialization
Processing com.google.gson.functional.ParameterizedTypesTest#testParameterizedTypeDeserialization
Processing com.google.gson.functional.ParameterizedTypesTest#testTypesWithMultipleParametersDeserialization
Processing com.google.gson.functional.ParameterizedTypesTest#testParameterizedTypesWithCustomDeserializer
Processing com.google.gson.functional.ParameterizedTypesTest#testParameterizedTypeWithReaderDeserialization
Processing com.google.gson.functional.ParameterizedTypesTest#testVariableTypeFieldsAndGenericArraysDeserialization
Processing com.google.gson.functional.ParameterizedTypesTest#testVariableTypeDeserialization
Processing com.google.gson.functional.ParameterizedTypesTest#testVariableTypeArrayDeserialization
Processing com.google.gson.functional.ParameterizedTypesTest#testParameterizedTypeWithVariableTypeDeserialization
Processing com.google.gson.functional.ParameterizedTypesTest#testParameterizedTypeGenericArraysDeserialization
Processing com.google.gson.functional.ParameterizedTypesTest#testDeepParameterizedTypeDeserialization
Processing com.google.gson.functional.PrimitiveTest#testPrimitiveIntegerAutoboxedDeserialization
Processing com.google.gson.functional.PrimitiveTest#testPrimitiveIntegerAutoboxedInASingleElementArrayDeserialization
Processing com.google.gson.functional.PrimitiveTest#testReallyLongValuesDeserialization
Processing com.google.gson.functional.PrimitiveTest#testPrimitiveLongAutoboxedDeserialization
Processing com.google.gson.functional.PrimitiveTest#testPrimitiveLongAutoboxedInASingleElementArrayDeserialization
Processing com.google.gson.functional.PrimitiveTest#testPrimitiveBooleanAutoboxedDeserialization
Processing com.google.gson.functional.PrimitiveTest#testPrimitiveBooleanAutoboxedInASingleElementArrayDeserialization
Processing com.google.gson.functional.PrimitiveTest#testNumberDeserialization
Processing com.google.gson.functional.PrimitiveTest#testPrimitiveDoubleAutoboxedDeserialization
Processing com.google.gson.functional.PrimitiveTest#testDoubleAsStringRepresentationDeserialization
Processing com.google.gson.functional.PrimitiveTest#testDoubleNoFractAsStringRepresentationDeserialization
Processing com.google.gson.functional.PrimitiveTest#testLargeDoubleDeserialization
Processing com.google.gson.functional.PrimitiveTest#testPrimitiveDoubleAutoboxedInASingleElementArrayDeserialization
Processing com.google.gson.functional.PrimitiveTest#testBigDecimalDeserialization
Processing com.google.gson.functional.PrimitiveTest#testBigDecimalInASingleElementArrayDeserialization
Processing com.google.gson.functional.PrimitiveTest#testSmallValueForBigDecimalDeserialization
Processing com.google.gson.functional.PrimitiveTest#testBigDecimalPreservePrecisionDeserialization
Processing com.google.gson.functional.PrimitiveTest#testBigDecimalAsStringRepresentationDeserialization
Processing com.google.gson.functional.PrimitiveTest#testBigDecimalNoFractAsStringRepresentationDeserialization
Processing com.google.gson.functional.PrimitiveTest#testBigIntegerDeserialization
Processing com.google.gson.functional.PrimitiveTest#testBigIntegerInASingleElementArrayDeserialization
Processing com.google.gson.functional.PrimitiveTest#testSmallValueForBigIntegerDeserialization
Processing com.google.gson.functional.PrimitiveTest#testBadValueForBigIntegerDeserialization
Processing com.google.gson.functional.PrimitiveTest#testOverridingDefaultPrimitiveSerialization
Processing com.google.gson.functional.PrimitiveTest#testDoubleNaNDeserialization
Processing com.google.gson.functional.PrimitiveTest#testFloatNaNDeserialization
Processing com.google.gson.functional.PrimitiveTest#testBigDecimalNaNDeserializationNotSupported
Processing com.google.gson.functional.PrimitiveTest#testDoubleInfinityDeserialization
Processing com.google.gson.functional.PrimitiveTest#testFloatInfinityDeserialization
Processing com.google.gson.functional.PrimitiveTest#testBigDecimalInfinityDeserializationNotSupported
Processing com.google.gson.functional.PrimitiveTest#testNegativeInfinityDeserialization
Processing com.google.gson.functional.PrimitiveTest#testNegativeInfinityFloatDeserialization
Processing com.google.gson.functional.PrimitiveTest#testBigDecimalNegativeInfinityDeserializationNotSupported
Processing com.google.gson.functional.PrimitiveTest#testLongAsStringDeserialization
Processing com.google.gson.functional.ReadersWritersTest#testReaderForDeserialization
Processing com.google.gson.functional.ReadersWritersTest#testTopLevelNullObjectDeserializationWithReader
Processing com.google.gson.functional.ReadersWritersTest#testTopLevelNullObjectDeserializationWithReaderAndSerializeNulls
Processing com.google.gson.functional.SecurityTest#testNonExecutableJsonDeserialization
Processing com.google.gson.functional.SecurityTest#testJsonWithNonExectuableTokenWithRegularGsonDeserialization
Processing com.google.gson.functional.SecurityTest#testJsonWithNonExectuableTokenWithConfiguredGsonDeserialization
Processing com.google.gson.functional.StringTest#testStringValueDeserialization
Processing com.google.gson.functional.StringTest#testSingleQuoteInStringSerialization
Processing com.google.gson.functional.StringTest#testEscapedCtrlNInStringDeserialization
Processing com.google.gson.functional.StringTest#testEscapedCtrlRInStringDeserialization
Processing com.google.gson.functional.StringTest#testEscapedBackslashInStringDeserialization
Processing com.google.gson.functional.StringTest#testSingleQuoteInStringDeserialization
Processing com.google.gson.functional.StringTest#testEscapingQuotesInStringSerialization
Processing com.google.gson.functional.StringTest#testEscapingQuotesInStringDeserialization
Processing com.google.gson.functional.StringTest#testStringValueAsSingleElementArrayDeserialization
Processing com.google.gson.functional.StringTest#testStringWithEscapedSlashDeserialization
Processing com.google.gson.functional.StringTest#testAssignmentCharDeserialization
Processing com.google.gson.functional.StringTest#testJavascriptKeywordsInStringDeserialization
Processing com.google.gson.functional.UncategorizedTest#testInvalidJsonDeserializationFails
Processing com.google.gson.functional.UncategorizedTest#testReturningDerivedClassesDuringDeserialization
Processing com.google.gson.functional.VersioningTest#testVersionedUntilDeserialization
Processing com.google.gson.functional.VersioningTest#testVersionedClassesDeserialization
Processing com.google.gson.functional.VersioningTest#testIgnoreLaterVersionClassDeserialization
Processing com.google.gson.functional.VersioningTest#testVersionedGsonWithUnversionedClassesDeserialization
Processing com.google.gson.functional.VersioningTest#testVersionedGsonMixingSinceAndUntilDeserialization
Processing com.google.gson.GsonTypeAdapterTest#testDefaultTypeAdapterThrowsParseException
Processing com.google.gson.GsonTypeAdapterTest#testTypeAdapterThrowsException
Processing com.google.gson.GsonTypeAdapterTest#testTypeAdapterProperlyConvertsTypes
Processing com.google.gson.GsonTypeAdapterTest#testTypeAdapterDoesNotAffectNonAdaptedTypes
[INFO] Printing com.google.gson.functional.PrimitiveTest to /tmp/v2/gson//src/test/java//com/google/gson/functional/PrimitiveTest.java
[INFO] Printing com.google.gson.functional.PrimitiveTest to /tmp/v2/gson//src/test/java//com/google/gson/functional/PrimitiveTest.java
[INFO] Printing com.google.gson.functional.ReadersWritersTest to /tmp/v2/gson//src/test/java//com/google/gson/functional/ReadersWritersTest.java
[INFO] Printing com.google.gson.functional.ReadersWritersTest to /tmp/v2/gson//src/test/java//com/google/gson/functional/ReadersWritersTest.java
[INFO] Printing com.google.gson.functional.CustomTypeAdaptersTest to /tmp/v2/gson//src/test/java//com/google/gson/functional/CustomTypeAdaptersTest.java
[INFO] Printing com.google.gson.functional.CustomTypeAdaptersTest to /tmp/v2/gson//src/test/java//com/google/gson/functional/CustomTypeAdaptersTest.java
[INFO] Printing com.google.gson.functional.CustomDeserializerTest to /tmp/v2/gson//src/test/java//com/google/gson/functional/CustomDeserializerTest.java
[INFO] Printing com.google.gson.functional.CustomDeserializerTest to /tmp/v2/gson//src/test/java//com/google/gson/functional/CustomDeserializerTest.java
[INFO] Printing com.google.gson.functional.NamingPolicyTest to /tmp/v2/gson//src/test/java//com/google/gson/functional/NamingPolicyTest.java
[INFO] Printing com.google.gson.functional.NamingPolicyTest to /tmp/v2/gson//src/test/java//com/google/gson/functional/NamingPolicyTest.java
[INFO] Printing com.google.gson.functional.InternationalizationTest to /tmp/v2/gson//src/test/java//com/google/gson/functional/InternationalizationTest.java
[INFO] Printing com.google.gson.functional.InternationalizationTest to /tmp/v2/gson//src/test/java//com/google/gson/functional/InternationalizationTest.java
[INFO] Printing com.google.gson.functional.VersioningTest to /tmp/v2/gson//src/test/java//com/google/gson/functional/VersioningTest.java
[INFO] Printing com.google.gson.functional.VersioningTest to /tmp/v2/gson//src/test/java//com/google/gson/functional/VersioningTest.java
[INFO] Printing com.google.gson.GsonTypeAdapterTest to /tmp/v2/gson//src/test/java//com/google/gson/GsonTypeAdapterTest.java
[INFO] Printing com.google.gson.GsonTypeAdapterTest to /tmp/v2/gson//src/test/java//com/google/gson/GsonTypeAdapterTest.java
[INFO] Printing com.google.gson.functional.NullObjectAndFieldTest to /tmp/v2/gson//src/test/java//com/google/gson/functional/NullObjectAndFieldTest.java
[INFO] Printing com.google.gson.functional.NullObjectAndFieldTest to /tmp/v2/gson//src/test/java//com/google/gson/functional/NullObjectAndFieldTest.java
[INFO] Printing com.google.gson.functional.UncategorizedTest to /tmp/v2/gson//src/test/java//com/google/gson/functional/UncategorizedTest.java
[INFO] Printing com.google.gson.functional.UncategorizedTest to /tmp/v2/gson//src/test/java//com/google/gson/functional/UncategorizedTest.java
[INFO] Printing com.google.gson.functional.ParameterizedTypesTest to /tmp/v2/gson//src/test/java//com/google/gson/functional/ParameterizedTypesTest.java
[INFO] Printing com.google.gson.functional.ParameterizedTypesTest to /tmp/v2/gson//src/test/java//com/google/gson/functional/ParameterizedTypesTest.java
[INFO] Printing com.google.gson.functional.SecurityTest to /tmp/v2/gson//src/test/java//com/google/gson/functional/SecurityTest.java
[INFO] Printing com.google.gson.functional.SecurityTest to /tmp/v2/gson//src/test/java//com/google/gson/functional/SecurityTest.java
[INFO] Printing com.google.gson.functional.ConcurrencyTest to /tmp/v2/gson//src/test/java//com/google/gson/functional/ConcurrencyTest.java
[INFO] Printing com.google.gson.functional.ConcurrencyTest to /tmp/v2/gson//src/test/java//com/google/gson/functional/ConcurrencyTest.java
[INFO] Printing com.google.gson.functional.StringTest to /tmp/v2/gson//src/test/java//com/google/gson/functional/StringTest.java
[INFO] Printing com.google.gson.functional.StringTest to /tmp/v2/gson//src/test/java//com/google/gson/functional/StringTest.java
[INFO] Printing com.google.gson.functional.DefaultTypeAdaptersTest to /tmp/v2/gson//src/test/java//com/google/gson/functional/DefaultTypeAdaptersTest.java
[INFO] Printing com.google.gson.functional.DefaultTypeAdaptersTest to /tmp/v2/gson//src/test/java//com/google/gson/functional/DefaultTypeAdaptersTest.java
[INFO] Printing com.google.gson.functional.ArrayTest to /tmp/v2/gson//src/test/java//com/google/gson/functional/ArrayTest.java
[INFO] Printing com.google.gson.functional.ArrayTest to /tmp/v2/gson//src/test/java//com/google/gson/functional/ArrayTest.java
[INFO] Printing com.google.gson.functional.MapTest to /tmp/v2/gson//src/test/java//com/google/gson/functional/MapTest.java
[INFO] Printing com.google.gson.functional.MapTest to /tmp/v2/gson//src/test/java//com/google/gson/functional/MapTest.java
[INFO] Printing com.google.gson.functional.EnumTest to /tmp/v2/gson//src/test/java//com/google/gson/functional/EnumTest.java
[INFO] Printing com.google.gson.functional.ExposeFieldsTest to /tmp/v2/gson//src/test/java//com/google/gson/functional/ExposeFieldsTest.java
[INFO] Printing com.google.gson.functional.EnumTest to /tmp/v2/gson//src/test/java//com/google/gson/functional/EnumTest.java
[INFO] Printing com.google.gson.functional.ExposeFieldsTest to /tmp/v2/gson//src/test/java//com/google/gson/functional/ExposeFieldsTest.java
[INFO] Printing com.google.gson.functional.ObjectTest to /tmp/v2/gson//src/test/java//com/google/gson/functional/ObjectTest.java
[INFO] Printing com.google.gson.functional.ObjectTest to /tmp/v2/gson//src/test/java//com/google/gson/functional/ObjectTest.java
[INFO] Printing com.google.gson.functional.EscapingTest to /tmp/v2/gson//src/test/java//com/google/gson/functional/EscapingTest.java
[INFO] Printing com.google.gson.functional.EscapingTest to /tmp/v2/gson//src/test/java//com/google/gson/functional/EscapingTest.java
[INFO] Printing com.google.gson.functional.CollectionTest to /tmp/v2/gson//src/test/java//com/google/gson/functional/CollectionTest.java
[INFO] Printing com.google.gson.functional.CollectionTest to /tmp/v2/gson//src/test/java//com/google/gson/functional/CollectionTest.java
[INFO] Injecting JUnit-Jjoules in /tmp/v2/gson//pom.xml
[INFO] Output new POM file in /tmp/v2/gson//pom.xml
[INFO] ------------------------------------------------------------------------
[INFO] BUILD SUCCESS
[INFO] ------------------------------------------------------------------------
[INFO] Total time:  10.678 s
[INFO] Finished at: 2021-01-10T08:39:41+01:00
[INFO] ------------------------------------------------------------------------
