[INFO] Scanning for projects...
[WARNING] 
[WARNING] Some problems were encountered while building the effective model for com.google.code.gson:gson:jar:2.8.7-SNAPSHOT
[WARNING] 'build.plugins.plugin.version' for org.apache.maven.plugins:maven-jar-plugin is missing. @ com.google.code.gson:gson:[unknown-version], /tmp/v1/gson/pom.xml, line 46, column 15
[WARNING] 
[WARNING] It is highly recommended to fix these problems because they threaten the stability of your build.
[WARNING] 
[WARNING] For this reason, future Maven versions might no longer support building such malformed projects.
[WARNING] 
[INFO] 
[INFO] ---------------------< com.google.code.gson:gson >----------------------
[INFO] Building Gson 2.8.7-SNAPSHOT
[INFO] --------------------------------[ jar ]---------------------------------
[INFO] 
[INFO] --- maven-clean-plugin:2.5:clean (default-clean) @ gson ---
[INFO] Deleting /tmp/v1/gson/target
[INFO] 
[INFO] --- maven-enforcer-plugin:1.0:enforce (enforce-maven) @ gson ---
[INFO] 
[INFO] --- templating-maven-plugin:1.0.0:filter-sources (filtering-java-templates) @ gson ---
[INFO] Coping files with filtering to temporary directory.
[INFO] Using 'UTF-8' encoding to copy filtered resources.
[INFO] Copying 1 resource
[INFO] Copied 1 files to output directory: /tmp/v1/gson/target/generated-sources/java-templates
[INFO] Source directory: /tmp/v1/gson/target/generated-sources/java-templates added.
[INFO] 
[INFO] --- maven-resources-plugin:2.6:resources (default-resources) @ gson ---
[INFO] Using 'UTF-8' encoding to copy filtered resources.
[INFO] skip non existing resourceDirectory /tmp/v1/gson/src/main/resources
[INFO] 
[INFO] --- maven-compiler-plugin:3.8.1:compile (default-compile) @ gson ---
[INFO] Changes detected - recompiling the module!
[INFO] Compiling 73 source files to /tmp/v1/gson/target/classes
[INFO] /tmp/v1/gson/src/main/java/com/google/gson/internal/ConstructorConstructor.java: Some input files use or override a deprecated API.
[INFO] /tmp/v1/gson/src/main/java/com/google/gson/internal/ConstructorConstructor.java: Recompile with -Xlint:deprecation for details.
[INFO] 
[INFO] --- maven-compiler-plugin:3.8.1:compile (base-compile) @ gson ---
[INFO] Changes detected - recompiling the module!
[INFO] Compiling 73 source files to /tmp/v1/gson/target/classes
[INFO] /tmp/v1/gson/src/main/java/com/google/gson/internal/ConstructorConstructor.java: Some input files use or override a deprecated API.
[INFO] /tmp/v1/gson/src/main/java/com/google/gson/internal/ConstructorConstructor.java: Recompile with -Xlint:deprecation for details.
[INFO] 
[INFO] --- bnd-maven-plugin:4.0.0:bnd-process (default) @ gson ---
[WARNING] /tmp/v1/gson/bnd.bnd [0:0]: Export com.google.gson,  has 1,  private references [com.google.gson.internal], 
[INFO] 
[INFO] --- maven-resources-plugin:2.6:testResources (default-testResources) @ gson ---
[INFO] Using 'UTF-8' encoding to copy filtered resources.
[INFO] skip non existing resourceDirectory /tmp/v1/gson/src/test/resources
[INFO] 
[INFO] --- maven-compiler-plugin:3.8.1:testCompile (default-testCompile) @ gson ---
[INFO] Changes detected - recompiling the module!
[INFO] Compiling 102 source files to /tmp/v1/gson/target/test-classes
[INFO] /tmp/v1/gson/src/test/java/com/google/gson/JsonObjectTest.java: /tmp/v1/gson/src/test/java/com/google/gson/JsonObjectTest.java uses or overrides a deprecated API.
[INFO] /tmp/v1/gson/src/test/java/com/google/gson/JsonObjectTest.java: Recompile with -Xlint:deprecation for details.
[INFO] 
[INFO] --- maven-surefire-plugin:2.12.4:test (default-test) @ gson ---
[INFO] Tests are skipped.
[INFO] 
[INFO] --- maven-dependency-plugin:2.8:build-classpath (default-cli) @ gson ---
[INFO] Skipped writing classpath file '/tmp/v1/gson/classpath'.  No changes found.
[INFO] 
[INFO] --- diff-jjoules:0.0.1-SNAPSHOT:class-instrument (default-cli) @ gson ---
[INFO] Running on:
[INFO] /tmp/v1/gson
[INFO] /tmp/v2/gson/
[INFO] Enable JUnit4 mode
[INFO] Configuration{pathToFirstVersion='/tmp/v1/gson', pathToSecondVersion='/tmp/v2/gson/', pathToTestListAsCSV='/tmp/v1/gson/testsThatExecuteTheChange.csv'}
[INFO] com.google.gson.functional.MoreSpecificTypeSerializationTest:[testMapOfSubclassFields, testMapOfParameterizedSubclassFields]
com.google.gson.internal.bind.JsonTreeWriterTest:[testSerializeNullsTrue, testObject, testNestedObject, testSerializeNullsFalse]
com.google.gson.functional.MapTest:[testInterfaceTypeMapWithSerializer]
com.google.gson.DefaultMapJsonSerializerTest:[testNonEmptyMapSerialization]
com.google.gson.functional.MapAsArrayTypeAdapterTest:[testMultipleEnableComplexKeyRegistrationHasNoEffect, testSerializeComplexMapWithTypeAdapter, testMapWithTypeVariableSerialization]
com.google.gson.functional.TypeHierarchyAdapterTest:[testTypeHierarchy]
com.google.gson.functional.InheritanceTest:[testClassWithBaseFieldSerialization, testBaseSerializedAsBaseWhenSpecifiedWithExplicitType, testClassWithBaseCollectionFieldSerialization, testClassWithBaseArrayFieldSerialization, testBaseSerializedAsSubWhenSpecifiedWithExplicitType, testBaseSerializedAsSub]
com.google.gson.functional.CustomSerializerTest:[testSubClassSerializerInvokedForBaseClassFieldsHoldingSubClassInstances, testBaseClassSerializerInvokedForBaseClassFieldsHoldingSubClassInstances, testBaseClassSerializerInvokedForBaseClassFields, testSubClassSerializerInvokedForBaseClassFieldsHoldingArrayOfSubClassInstances]
com.google.gson.functional.ExclusionStrategyFunctionalTest:[testExclusionStrategyWithMode]
com.google.gson.functional.JsonTreeTest:[testToJsonTreeObjectType, testToJsonTree, testJsonTreeToString, testJsonTreeNull]
[INFO] Instrument version before commit...
[INFO] Run on /tmp/v1/gson
[INFO] Running in NOCLASSPATH mode (doc: http://spoon.gforge.inria.fr/launcher.html).
[INFO] fr.davidson.diff.jjoules.class_instrumentation.process.JJoulesProcessor
Processing com.google.gson.functional.CustomSerializerTest#testBaseClassSerializerInvokedForBaseClassFields
Processing com.google.gson.functional.CustomSerializerTest#testSubClassSerializerInvokedForBaseClassFieldsHoldingSubClassInstances
Processing com.google.gson.functional.CustomSerializerTest#testSubClassSerializerInvokedForBaseClassFieldsHoldingArrayOfSubClassInstances
Processing com.google.gson.functional.CustomSerializerTest#testBaseClassSerializerInvokedForBaseClassFieldsHoldingSubClassInstances
Processing com.google.gson.functional.ExclusionStrategyFunctionalTest#testExclusionStrategyWithMode
Processing com.google.gson.functional.InheritanceTest#testClassWithBaseFieldSerialization
Processing com.google.gson.functional.InheritanceTest#testClassWithBaseArrayFieldSerialization
Processing com.google.gson.functional.InheritanceTest#testClassWithBaseCollectionFieldSerialization
Processing com.google.gson.functional.InheritanceTest#testBaseSerializedAsSub
Processing com.google.gson.functional.InheritanceTest#testBaseSerializedAsBaseWhenSpecifiedWithExplicitType
Processing com.google.gson.functional.InheritanceTest#testBaseSerializedAsSubWhenSpecifiedWithExplicitType
Processing com.google.gson.functional.JsonTreeTest#testToJsonTree
Processing com.google.gson.functional.JsonTreeTest#testToJsonTreeObjectType
Processing com.google.gson.functional.JsonTreeTest#testJsonTreeToString
Processing com.google.gson.functional.JsonTreeTest#testJsonTreeNull
Processing com.google.gson.functional.MapAsArrayTypeAdapterTest#testSerializeComplexMapWithTypeAdapter
Processing com.google.gson.functional.MapAsArrayTypeAdapterTest#testMultipleEnableComplexKeyRegistrationHasNoEffect
Processing com.google.gson.functional.MapAsArrayTypeAdapterTest#testMapWithTypeVariableSerialization
Processing com.google.gson.functional.MapTest#testInterfaceTypeMapWithSerializer
Processing com.google.gson.functional.MoreSpecificTypeSerializationTest#testMapOfSubclassFields
Processing com.google.gson.functional.MoreSpecificTypeSerializationTest#testMapOfParameterizedSubclassFields
Processing com.google.gson.functional.TypeHierarchyAdapterTest#testTypeHierarchy
Processing com.google.gson.internal.bind.JsonTreeWriterTest#testObject
Processing com.google.gson.internal.bind.JsonTreeWriterTest#testNestedObject
Processing com.google.gson.internal.bind.JsonTreeWriterTest#testSerializeNullsFalse
Processing com.google.gson.internal.bind.JsonTreeWriterTest#testSerializeNullsTrue
Processing com.google.gson.DefaultMapJsonSerializerTest#testNonEmptyMapSerialization
[INFO] Processing Done...
[INFO] Printing com.google.gson.internal.bind.JsonTreeWriterTest_testSerializeNullsTrue to /tmp/v1/gson/src/test/java//com/google/gson/internal/bind/JsonTreeWriterTest_testSerializeNullsTrue.java
[INFO] Printing com.google.gson.internal.bind.JsonTreeWriterTest_testSerializeNullsFalse to /tmp/v1/gson/src/test/java//com/google/gson/internal/bind/JsonTreeWriterTest_testSerializeNullsFalse.java
[INFO] Printing com.google.gson.functional.MoreSpecificTypeSerializationTest_testMapOfSubclassFields to /tmp/v1/gson/src/test/java//com/google/gson/functional/MoreSpecificTypeSerializationTest_testMapOfSubclassFields.java
[INFO] Printing com.google.gson.functional.CustomSerializerTest_testSubClassSerializerInvokedForBaseClassFieldsHoldingArrayOfSubClassInstances to /tmp/v1/gson/src/test/java//com/google/gson/functional/CustomSerializerTest_testSubClassSerializerInvokedForBaseClassFieldsHoldingArrayOfSubClassInstances.java
[INFO] Printing com.google.gson.functional.InheritanceTest_testClassWithBaseFieldSerialization to /tmp/v1/gson/src/test/java//com/google/gson/functional/InheritanceTest_testClassWithBaseFieldSerialization.java
[INFO] Printing com.google.gson.functional.InheritanceTest_testBaseSerializedAsSub to /tmp/v1/gson/src/test/java//com/google/gson/functional/InheritanceTest_testBaseSerializedAsSub.java
[INFO] Printing com.google.gson.functional.InheritanceTest_testClassWithBaseArrayFieldSerialization to /tmp/v1/gson/src/test/java//com/google/gson/functional/InheritanceTest_testClassWithBaseArrayFieldSerialization.java
[INFO] Printing com.google.gson.functional.JsonTreeTest_testToJsonTreeObjectType to /tmp/v1/gson/src/test/java//com/google/gson/functional/JsonTreeTest_testToJsonTreeObjectType.java
[INFO] Printing com.google.gson.functional.JsonTreeTest_testToJsonTree to /tmp/v1/gson/src/test/java//com/google/gson/functional/JsonTreeTest_testToJsonTree.java
[INFO] Printing com.google.gson.functional.JsonTreeTest_testJsonTreeToString to /tmp/v1/gson/src/test/java//com/google/gson/functional/JsonTreeTest_testJsonTreeToString.java
[INFO] Printing com.google.gson.internal.bind.JsonTreeWriterTest_testObject to /tmp/v1/gson/src/test/java//com/google/gson/internal/bind/JsonTreeWriterTest_testObject.java
[INFO] Printing com.google.gson.functional.CustomSerializerTest_testBaseClassSerializerInvokedForBaseClassFieldsHoldingSubClassInstances to /tmp/v1/gson/src/test/java//com/google/gson/functional/CustomSerializerTest_testBaseClassSerializerInvokedForBaseClassFieldsHoldingSubClassInstances.java
[INFO] Printing com.google.gson.functional.CustomSerializerTest_testBaseClassSerializerInvokedForBaseClassFields to /tmp/v1/gson/src/test/java//com/google/gson/functional/CustomSerializerTest_testBaseClassSerializerInvokedForBaseClassFields.java
[INFO] Printing com.google.gson.functional.ExclusionStrategyFunctionalTest_testExclusionStrategyWithMode to /tmp/v1/gson/src/test/java//com/google/gson/functional/ExclusionStrategyFunctionalTest_testExclusionStrategyWithMode.java
[INFO] Printing com.google.gson.functional.InheritanceTest_testBaseSerializedAsSubWhenSpecifiedWithExplicitType to /tmp/v1/gson/src/test/java//com/google/gson/functional/InheritanceTest_testBaseSerializedAsSubWhenSpecifiedWithExplicitType.java
[INFO] Printing com.google.gson.functional.MapAsArrayTypeAdapterTest_testMapWithTypeVariableSerialization to /tmp/v1/gson/src/test/java//com/google/gson/functional/MapAsArrayTypeAdapterTest_testMapWithTypeVariableSerialization.java
[INFO] Printing com.google.gson.functional.MapTest_testInterfaceTypeMapWithSerializer to /tmp/v1/gson/src/test/java//com/google/gson/functional/MapTest_testInterfaceTypeMapWithSerializer.java
[INFO] Printing com.google.gson.internal.bind.JsonTreeWriterTest_testNestedObject to /tmp/v1/gson/src/test/java//com/google/gson/internal/bind/JsonTreeWriterTest_testNestedObject.java
[INFO] Printing com.google.gson.functional.InheritanceTest_testClassWithBaseCollectionFieldSerialization to /tmp/v1/gson/src/test/java//com/google/gson/functional/InheritanceTest_testClassWithBaseCollectionFieldSerialization.java
[INFO] Printing com.google.gson.functional.InheritanceTest_testBaseSerializedAsBaseWhenSpecifiedWithExplicitType to /tmp/v1/gson/src/test/java//com/google/gson/functional/InheritanceTest_testBaseSerializedAsBaseWhenSpecifiedWithExplicitType.java
[INFO] Printing com.google.gson.functional.MapAsArrayTypeAdapterTest_testMultipleEnableComplexKeyRegistrationHasNoEffect to /tmp/v1/gson/src/test/java//com/google/gson/functional/MapAsArrayTypeAdapterTest_testMultipleEnableComplexKeyRegistrationHasNoEffect.java
[INFO] Printing com.google.gson.functional.MapAsArrayTypeAdapterTest_testSerializeComplexMapWithTypeAdapter to /tmp/v1/gson/src/test/java//com/google/gson/functional/MapAsArrayTypeAdapterTest_testSerializeComplexMapWithTypeAdapter.java
[INFO] Printing com.google.gson.functional.JsonTreeTest_testJsonTreeNull to /tmp/v1/gson/src/test/java//com/google/gson/functional/JsonTreeTest_testJsonTreeNull.java
[INFO] Printing com.google.gson.functional.MoreSpecificTypeSerializationTest_testMapOfParameterizedSubclassFields to /tmp/v1/gson/src/test/java//com/google/gson/functional/MoreSpecificTypeSerializationTest_testMapOfParameterizedSubclassFields.java
[INFO] Printing com.google.gson.functional.CustomSerializerTest_testSubClassSerializerInvokedForBaseClassFieldsHoldingSubClassInstances to /tmp/v1/gson/src/test/java//com/google/gson/functional/CustomSerializerTest_testSubClassSerializerInvokedForBaseClassFieldsHoldingSubClassInstances.java
[INFO] Printing com.google.gson.DefaultMapJsonSerializerTest_testNonEmptyMapSerialization to /tmp/v1/gson/src/test/java//com/google/gson/DefaultMapJsonSerializerTest_testNonEmptyMapSerialization.java
[INFO] Printing com.google.gson.functional.TypeHierarchyAdapterTest_testTypeHierarchy to /tmp/v1/gson/src/test/java//com/google/gson/functional/TypeHierarchyAdapterTest_testTypeHierarchy.java
[INFO] Injecting JUnit-Jjoules in /tmp/v1/gson/pom.xml
[INFO] Output new POM file in /tmp/v1/gson/pom.xml
[INFO] Instrument version after commit...
[INFO] Run on /tmp/v2/gson/
[INFO] Running in NOCLASSPATH mode (doc: http://spoon.gforge.inria.fr/launcher.html).
[INFO] fr.davidson.diff.jjoules.class_instrumentation.process.JJoulesProcessor
Processing com.google.gson.functional.CustomSerializerTest#testBaseClassSerializerInvokedForBaseClassFields
Processing com.google.gson.functional.CustomSerializerTest#testSubClassSerializerInvokedForBaseClassFieldsHoldingSubClassInstances
Processing com.google.gson.functional.CustomSerializerTest#testSubClassSerializerInvokedForBaseClassFieldsHoldingArrayOfSubClassInstances
Processing com.google.gson.functional.CustomSerializerTest#testBaseClassSerializerInvokedForBaseClassFieldsHoldingSubClassInstances
Processing com.google.gson.functional.ExclusionStrategyFunctionalTest#testExclusionStrategyWithMode
Processing com.google.gson.functional.InheritanceTest#testClassWithBaseFieldSerialization
Processing com.google.gson.functional.InheritanceTest#testClassWithBaseArrayFieldSerialization
Processing com.google.gson.functional.InheritanceTest#testClassWithBaseCollectionFieldSerialization
Processing com.google.gson.functional.InheritanceTest#testBaseSerializedAsSub
Processing com.google.gson.functional.InheritanceTest#testBaseSerializedAsBaseWhenSpecifiedWithExplicitType
Processing com.google.gson.functional.InheritanceTest#testBaseSerializedAsSubWhenSpecifiedWithExplicitType
Processing com.google.gson.functional.JsonTreeTest#testToJsonTree
Processing com.google.gson.functional.JsonTreeTest#testToJsonTreeObjectType
Processing com.google.gson.functional.JsonTreeTest#testJsonTreeToString
Processing com.google.gson.functional.JsonTreeTest#testJsonTreeNull
Processing com.google.gson.functional.MapAsArrayTypeAdapterTest#testSerializeComplexMapWithTypeAdapter
Processing com.google.gson.functional.MapAsArrayTypeAdapterTest#testMultipleEnableComplexKeyRegistrationHasNoEffect
Processing com.google.gson.functional.MapAsArrayTypeAdapterTest#testMapWithTypeVariableSerialization
Processing com.google.gson.functional.MapTest#testInterfaceTypeMapWithSerializer
Processing com.google.gson.functional.MoreSpecificTypeSerializationTest#testMapOfSubclassFields
Processing com.google.gson.functional.MoreSpecificTypeSerializationTest#testMapOfParameterizedSubclassFields
Processing com.google.gson.functional.TypeHierarchyAdapterTest#testTypeHierarchy
Processing com.google.gson.internal.bind.JsonTreeWriterTest#testObject
Processing com.google.gson.internal.bind.JsonTreeWriterTest#testNestedObject
Processing com.google.gson.internal.bind.JsonTreeWriterTest#testSerializeNullsFalse
Processing com.google.gson.internal.bind.JsonTreeWriterTest#testSerializeNullsTrue
Processing com.google.gson.DefaultMapJsonSerializerTest#testNonEmptyMapSerialization
[INFO] Processing Done...
[INFO] Printing com.google.gson.internal.bind.JsonTreeWriterTest_testSerializeNullsTrue to /tmp/v2/gson//src/test/java//com/google/gson/internal/bind/JsonTreeWriterTest_testSerializeNullsTrue.java
[INFO] Printing com.google.gson.internal.bind.JsonTreeWriterTest_testSerializeNullsFalse to /tmp/v2/gson//src/test/java//com/google/gson/internal/bind/JsonTreeWriterTest_testSerializeNullsFalse.java
[INFO] Printing com.google.gson.functional.MoreSpecificTypeSerializationTest_testMapOfSubclassFields to /tmp/v2/gson//src/test/java//com/google/gson/functional/MoreSpecificTypeSerializationTest_testMapOfSubclassFields.java
[INFO] Printing com.google.gson.functional.CustomSerializerTest_testSubClassSerializerInvokedForBaseClassFieldsHoldingArrayOfSubClassInstances to /tmp/v2/gson//src/test/java//com/google/gson/functional/CustomSerializerTest_testSubClassSerializerInvokedForBaseClassFieldsHoldingArrayOfSubClassInstances.java
[INFO] Printing com.google.gson.functional.InheritanceTest_testClassWithBaseFieldSerialization to /tmp/v2/gson//src/test/java//com/google/gson/functional/InheritanceTest_testClassWithBaseFieldSerialization.java
[INFO] Printing com.google.gson.functional.InheritanceTest_testBaseSerializedAsSub to /tmp/v2/gson//src/test/java//com/google/gson/functional/InheritanceTest_testBaseSerializedAsSub.java
[INFO] Printing com.google.gson.functional.InheritanceTest_testClassWithBaseArrayFieldSerialization to /tmp/v2/gson//src/test/java//com/google/gson/functional/InheritanceTest_testClassWithBaseArrayFieldSerialization.java
[INFO] Printing com.google.gson.functional.JsonTreeTest_testToJsonTreeObjectType to /tmp/v2/gson//src/test/java//com/google/gson/functional/JsonTreeTest_testToJsonTreeObjectType.java
[INFO] Printing com.google.gson.functional.JsonTreeTest_testToJsonTree to /tmp/v2/gson//src/test/java//com/google/gson/functional/JsonTreeTest_testToJsonTree.java
[INFO] Printing com.google.gson.functional.JsonTreeTest_testJsonTreeToString to /tmp/v2/gson//src/test/java//com/google/gson/functional/JsonTreeTest_testJsonTreeToString.java
[INFO] Printing com.google.gson.internal.bind.JsonTreeWriterTest_testObject to /tmp/v2/gson//src/test/java//com/google/gson/internal/bind/JsonTreeWriterTest_testObject.java
[INFO] Printing com.google.gson.functional.CustomSerializerTest_testBaseClassSerializerInvokedForBaseClassFieldsHoldingSubClassInstances to /tmp/v2/gson//src/test/java//com/google/gson/functional/CustomSerializerTest_testBaseClassSerializerInvokedForBaseClassFieldsHoldingSubClassInstances.java
[INFO] Printing com.google.gson.functional.CustomSerializerTest_testBaseClassSerializerInvokedForBaseClassFields to /tmp/v2/gson//src/test/java//com/google/gson/functional/CustomSerializerTest_testBaseClassSerializerInvokedForBaseClassFields.java
[INFO] Printing com.google.gson.functional.ExclusionStrategyFunctionalTest_testExclusionStrategyWithMode to /tmp/v2/gson//src/test/java//com/google/gson/functional/ExclusionStrategyFunctionalTest_testExclusionStrategyWithMode.java
[INFO] Printing com.google.gson.functional.InheritanceTest_testBaseSerializedAsSubWhenSpecifiedWithExplicitType to /tmp/v2/gson//src/test/java//com/google/gson/functional/InheritanceTest_testBaseSerializedAsSubWhenSpecifiedWithExplicitType.java
[INFO] Printing com.google.gson.functional.MapAsArrayTypeAdapterTest_testMapWithTypeVariableSerialization to /tmp/v2/gson//src/test/java//com/google/gson/functional/MapAsArrayTypeAdapterTest_testMapWithTypeVariableSerialization.java
[INFO] Printing com.google.gson.functional.MapTest_testInterfaceTypeMapWithSerializer to /tmp/v2/gson//src/test/java//com/google/gson/functional/MapTest_testInterfaceTypeMapWithSerializer.java
[INFO] Printing com.google.gson.internal.bind.JsonTreeWriterTest_testNestedObject to /tmp/v2/gson//src/test/java//com/google/gson/internal/bind/JsonTreeWriterTest_testNestedObject.java
[INFO] Printing com.google.gson.functional.InheritanceTest_testClassWithBaseCollectionFieldSerialization to /tmp/v2/gson//src/test/java//com/google/gson/functional/InheritanceTest_testClassWithBaseCollectionFieldSerialization.java
[INFO] Printing com.google.gson.functional.InheritanceTest_testBaseSerializedAsBaseWhenSpecifiedWithExplicitType to /tmp/v2/gson//src/test/java//com/google/gson/functional/InheritanceTest_testBaseSerializedAsBaseWhenSpecifiedWithExplicitType.java
[INFO] Printing com.google.gson.functional.MapAsArrayTypeAdapterTest_testMultipleEnableComplexKeyRegistrationHasNoEffect to /tmp/v2/gson//src/test/java//com/google/gson/functional/MapAsArrayTypeAdapterTest_testMultipleEnableComplexKeyRegistrationHasNoEffect.java
[INFO] Printing com.google.gson.functional.MapAsArrayTypeAdapterTest_testSerializeComplexMapWithTypeAdapter to /tmp/v2/gson//src/test/java//com/google/gson/functional/MapAsArrayTypeAdapterTest_testSerializeComplexMapWithTypeAdapter.java
[INFO] Printing com.google.gson.functional.JsonTreeTest_testJsonTreeNull to /tmp/v2/gson//src/test/java//com/google/gson/functional/JsonTreeTest_testJsonTreeNull.java
[INFO] Printing com.google.gson.functional.MoreSpecificTypeSerializationTest_testMapOfParameterizedSubclassFields to /tmp/v2/gson//src/test/java//com/google/gson/functional/MoreSpecificTypeSerializationTest_testMapOfParameterizedSubclassFields.java
[INFO] Printing com.google.gson.functional.CustomSerializerTest_testSubClassSerializerInvokedForBaseClassFieldsHoldingSubClassInstances to /tmp/v2/gson//src/test/java//com/google/gson/functional/CustomSerializerTest_testSubClassSerializerInvokedForBaseClassFieldsHoldingSubClassInstances.java
[INFO] Printing com.google.gson.DefaultMapJsonSerializerTest_testNonEmptyMapSerialization to /tmp/v2/gson//src/test/java//com/google/gson/DefaultMapJsonSerializerTest_testNonEmptyMapSerialization.java
[INFO] Printing com.google.gson.functional.TypeHierarchyAdapterTest_testTypeHierarchy to /tmp/v2/gson//src/test/java//com/google/gson/functional/TypeHierarchyAdapterTest_testTypeHierarchy.java
[INFO] Injecting JUnit-Jjoules in /tmp/v2/gson//pom.xml
[INFO] Output new POM file in /tmp/v2/gson//pom.xml
[INFO] ------------------------------------------------------------------------
[INFO] BUILD SUCCESS
[INFO] ------------------------------------------------------------------------
[INFO] Total time:  29.447 s
[INFO] Finished at: 2021-01-20T10:21:35+01:00
[INFO] ------------------------------------------------------------------------
