[INFO] Scanning for projects...
[INFO] 
[INFO] ---------------------< com.google.code.gson:gson >----------------------
[INFO] Building Gson 1.8-SNAPSHOT
[INFO] --------------------------------[ jar ]---------------------------------
[INFO] 
[INFO] --- maven-dependency-plugin:2.8:build-classpath (default-cli) @ gson ---
[INFO] Wrote classpath file '/tmp/v1/gson/classpath'.
[INFO] 
[INFO] --- diff-jjoules:0.0.1-SNAPSHOT:class-instrument (default-cli) @ gson ---
[INFO] Running on:
[INFO] /tmp/v1/gson
[INFO] /tmp/v2/gson/
[INFO] Enable JUnit4 mode
[INFO] Configuration{pathToFirstVersion='/tmp/v1/gson', pathToSecondVersion='/tmp/v2/gson/', pathToTestListAsCSV='/tmp/v1/gson/testsThatExecuteTheChange.csv', nbDuplication=-1, shouldRandomize=false, timeOfExecutionToReachInMs=2000, numberOfMethodToProcess=15}
[INFO] Instrument version before commit...
[INFO] Run on /tmp/v1/gson
[INFO] Running in NOCLASSPATH mode (doc: http://spoon.gforge.inria.fr/launcher.html).
[INFO] fr.davidson.diff.jjoules.class_instrumentation.process.JJoulesProcessor
[INFO] Processing com.google.gson.functional.CircularReferenceTest#testCircularSerialization
[INFO] Printing com.google.gson.functional.CircularReferenceTest_testCircularSerialization to /tmp/v1/gson/src/test/java//com/google/gson/functional/CircularReferenceTest_testCircularSerialization.java
[INFO] Printed com.google.gson.functional.CircularReferenceTest#testCircularSerialization with 181 duplication in 98 ms
[INFO] 1/15
[INFO] Processing com.google.gson.functional.CircularReferenceTest#testSelfReferenceCustomHandlerSerialization
[INFO] Printing com.google.gson.functional.CircularReferenceTest_testSelfReferenceCustomHandlerSerialization to /tmp/v1/gson/src/test/java//com/google/gson/functional/CircularReferenceTest_testSelfReferenceCustomHandlerSerialization.java
[WARNING] Cannot load class: 1 with class loader ClassRealm[plugin>fr.davidson:diff-jjoules:0.0.1-SNAPSHOT, parent: sun.misc.Launcher$AppClassLoader@1b6d3586]
[INFO] Printed com.google.gson.functional.CircularReferenceTest#testSelfReferenceCustomHandlerSerialization with 86 duplication in 95 ms
[INFO] 2/15
[INFO] Processing com.google.gson.functional.ConcurrencyTest#testMultiThreadSerialization
[INFO] Printing com.google.gson.functional.ConcurrencyTest_testMultiThreadSerialization to /tmp/v1/gson/src/test/java//com/google/gson/functional/ConcurrencyTest_testMultiThreadSerialization.java
[WARNING] Cannot load class: 1 with class loader ClassRealm[plugin>fr.davidson:diff-jjoules:0.0.1-SNAPSHOT, parent: sun.misc.Launcher$AppClassLoader@1b6d3586]
[INFO] Printed com.google.gson.functional.ConcurrencyTest#testMultiThreadSerialization with 42 duplication in 60 ms
[INFO] 3/15
[INFO] Processing com.google.gson.functional.ExposeFieldsTest#testNullExposeFieldSerialization
[INFO] Printing com.google.gson.functional.ExposeFieldsTest_testNullExposeFieldSerialization to /tmp/v1/gson/src/test/java//com/google/gson/functional/ExposeFieldsTest_testNullExposeFieldSerialization.java
[INFO] Printed com.google.gson.functional.ExposeFieldsTest#testNullExposeFieldSerialization with 250 duplication in 61 ms
[INFO] 4/15
[INFO] Processing com.google.gson.functional.ObjectTest#testSingletonLists
[INFO] Printing com.google.gson.functional.ObjectTest_testSingletonLists to /tmp/v1/gson/src/test/java//com/google/gson/functional/ObjectTest_testSingletonLists.java
[INFO] Printed com.google.gson.functional.ObjectTest#testSingletonLists with 142 duplication in 101 ms
[INFO] 5/15
[INFO] Processing com.google.gson.functional.ParameterizedTypesTest#testTypesWithMultipleParametersSerialization
[INFO] Printing com.google.gson.functional.ParameterizedTypesTest_testTypesWithMultipleParametersSerialization to /tmp/v1/gson/src/test/java//com/google/gson/functional/ParameterizedTypesTest_testTypesWithMultipleParametersSerialization.java
[WARNING] Cannot load class: 3 with class loader ClassRealm[plugin>fr.davidson:diff-jjoules:0.0.1-SNAPSHOT, parent: sun.misc.Launcher$AppClassLoader@1b6d3586]
[INFO] Printed com.google.gson.functional.ParameterizedTypesTest#testTypesWithMultipleParametersSerialization with 142 duplication in 181 ms
[INFO] 6/15
[INFO] Processing com.google.gson.functional.ParameterizedTypesTest#testParameterizedTypeWithCustomSerializer
[INFO] Printing com.google.gson.functional.ParameterizedTypesTest_testParameterizedTypeWithCustomSerializer to /tmp/v1/gson/src/test/java//com/google/gson/functional/ParameterizedTypesTest_testParameterizedTypeWithCustomSerializer.java
[WARNING] Cannot load class: 5 with class loader ClassRealm[plugin>fr.davidson:diff-jjoules:0.0.1-SNAPSHOT, parent: sun.misc.Launcher$AppClassLoader@1b6d3586]
[WARNING] Cannot load class: 6 with class loader ClassRealm[plugin>fr.davidson:diff-jjoules:0.0.1-SNAPSHOT, parent: sun.misc.Launcher$AppClassLoader@1b6d3586]
[INFO] Printed com.google.gson.functional.ParameterizedTypesTest#testParameterizedTypeWithCustomSerializer with 250 duplication in 180 ms
[INFO] 7/15
[INFO] Processing com.google.gson.functional.ParameterizedTypesTest#testVariableTypeFieldsAndGenericArraysDeserialization
[INFO] Printing com.google.gson.functional.ParameterizedTypesTest_testVariableTypeFieldsAndGenericArraysDeserialization to /tmp/v1/gson/src/test/java//com/google/gson/functional/ParameterizedTypesTest_testVariableTypeFieldsAndGenericArraysDeserialization.java
[WARNING] Cannot load class: 12 with class loader ClassRealm[plugin>fr.davidson:diff-jjoules:0.0.1-SNAPSHOT, parent: sun.misc.Launcher$AppClassLoader@1b6d3586]
[INFO] Printed com.google.gson.functional.ParameterizedTypesTest#testVariableTypeFieldsAndGenericArraysDeserialization with 222 duplication in 164 ms
[INFO] 8/15
[INFO] Processing com.google.gson.functional.ParameterizedTypesTest#testVariableTypeDeserialization
[INFO] Printing com.google.gson.functional.ParameterizedTypesTest_testVariableTypeDeserialization to /tmp/v1/gson/src/test/java//com/google/gson/functional/ParameterizedTypesTest_testVariableTypeDeserialization.java
[WARNING] Cannot load class: 13 with class loader ClassRealm[plugin>fr.davidson:diff-jjoules:0.0.1-SNAPSHOT, parent: sun.misc.Launcher$AppClassLoader@1b6d3586]
[INFO] Printed com.google.gson.functional.ParameterizedTypesTest#testVariableTypeDeserialization with 222 duplication in 148 ms
[INFO] 9/15
[INFO] Processing com.google.gson.functional.SecurityTest#testNonExecutableJsonSerialization
[INFO] Printing com.google.gson.functional.SecurityTest_testNonExecutableJsonSerialization to /tmp/v1/gson/src/test/java//com/google/gson/functional/SecurityTest_testNonExecutableJsonSerialization.java
[INFO] Printed com.google.gson.functional.SecurityTest#testNonExecutableJsonSerialization with 200 duplication in 17 ms
[INFO] 10/15
[INFO] Processing com.google.gson.functional.TypeHierarchyAdapterTest#testTypeHierarchy
[INFO] Printing com.google.gson.functional.TypeHierarchyAdapterTest_testTypeHierarchy to /tmp/v1/gson/src/test/java//com/google/gson/functional/TypeHierarchyAdapterTest_testTypeHierarchy.java
[INFO] Printed com.google.gson.functional.TypeHierarchyAdapterTest#testTypeHierarchy with 250 duplication in 366 ms
[INFO] 11/15
[INFO] Processing com.google.gson.functional.VersioningTest#testVersionedUntilSerialization
[INFO] Printing com.google.gson.functional.VersioningTest_testVersionedUntilSerialization to /tmp/v1/gson/src/test/java//com/google/gson/functional/VersioningTest_testVersionedUntilSerialization.java
[INFO] Printed com.google.gson.functional.VersioningTest#testVersionedUntilSerialization with 285 duplication in 28 ms
[INFO] 12/15
[INFO] Processing com.google.gson.DefaultInetAddressTypeAdapterTest#testInetAddressSerializationAndDeserialization
[INFO] Printing com.google.gson.DefaultInetAddressTypeAdapterTest_testInetAddressSerializationAndDeserialization to /tmp/v1/gson/src/test/java//com/google/gson/DefaultInetAddressTypeAdapterTest_testInetAddressSerializationAndDeserialization.java
[INFO] Printed com.google.gson.DefaultInetAddressTypeAdapterTest#testInetAddressSerializationAndDeserialization with 105 duplication in 13 ms
[INFO] 13/15
[INFO] Processing com.google.gson.FunctionWithInternalDependenciesTest#testAnonymousLocalClassesSerialization
[INFO] Printing com.google.gson.FunctionWithInternalDependenciesTest_testAnonymousLocalClassesSerialization to /tmp/v1/gson/src/test/java//com/google/gson/FunctionWithInternalDependenciesTest_testAnonymousLocalClassesSerialization.java
[WARNING] Cannot load class: 1 with class loader ClassRealm[plugin>fr.davidson:diff-jjoules:0.0.1-SNAPSHOT, parent: sun.misc.Launcher$AppClassLoader@1b6d3586]
[INFO] Printed com.google.gson.FunctionWithInternalDependenciesTest#testAnonymousLocalClassesSerialization with 333 duplication in 43 ms
[INFO] 14/15
[INFO] Processing com.google.gson.MixedStreamTest#testWriteMixedStreamed
[INFO] Printing com.google.gson.MixedStreamTest_testWriteMixedStreamed to /tmp/v1/gson/src/test/java//com/google/gson/MixedStreamTest_testWriteMixedStreamed.java
[INFO] Printed com.google.gson.MixedStreamTest#testWriteMixedStreamed with 285 duplication in 36 ms
[INFO] 15/15
[INFO] Processing Done...
[INFO] Injecting JUnit-Jjoules in /tmp/v1/gson/pom.xml
[INFO] Output new POM file in /tmp/v1/gson/pom.xml
[INFO] Instrument version after commit...
[INFO] Run on /tmp/v2/gson/
[INFO] Running in NOCLASSPATH mode (doc: http://spoon.gforge.inria.fr/launcher.html).
[INFO] fr.davidson.diff.jjoules.class_instrumentation.process.JJoulesProcessor
[INFO] Processing com.google.gson.functional.CircularReferenceTest#testCircularSerialization
[INFO] Printing com.google.gson.functional.CircularReferenceTest_testCircularSerialization to /tmp/v2/gson//src/test/java//com/google/gson/functional/CircularReferenceTest_testCircularSerialization.java
[INFO] Printed com.google.gson.functional.CircularReferenceTest#testCircularSerialization with 181 duplication in 25 ms
[INFO] 1/15
[INFO] Processing com.google.gson.functional.CircularReferenceTest#testSelfReferenceCustomHandlerSerialization
[INFO] Printing com.google.gson.functional.CircularReferenceTest_testSelfReferenceCustomHandlerSerialization to /tmp/v2/gson//src/test/java//com/google/gson/functional/CircularReferenceTest_testSelfReferenceCustomHandlerSerialization.java
[WARNING] Cannot load class: 1 with class loader ClassRealm[plugin>fr.davidson:diff-jjoules:0.0.1-SNAPSHOT, parent: sun.misc.Launcher$AppClassLoader@1b6d3586]
[INFO] Printed com.google.gson.functional.CircularReferenceTest#testSelfReferenceCustomHandlerSerialization with 86 duplication in 37 ms
[INFO] 2/15
[INFO] Processing com.google.gson.functional.ConcurrencyTest#testMultiThreadSerialization
[INFO] Printing com.google.gson.functional.ConcurrencyTest_testMultiThreadSerialization to /tmp/v2/gson//src/test/java//com/google/gson/functional/ConcurrencyTest_testMultiThreadSerialization.java
[WARNING] Cannot load class: 1 with class loader ClassRealm[plugin>fr.davidson:diff-jjoules:0.0.1-SNAPSHOT, parent: sun.misc.Launcher$AppClassLoader@1b6d3586]
[INFO] Printed com.google.gson.functional.ConcurrencyTest#testMultiThreadSerialization with 42 duplication in 28 ms
[INFO] 3/15
[INFO] Processing com.google.gson.functional.ExposeFieldsTest#testNullExposeFieldSerialization
[INFO] Printing com.google.gson.functional.ExposeFieldsTest_testNullExposeFieldSerialization to /tmp/v2/gson//src/test/java//com/google/gson/functional/ExposeFieldsTest_testNullExposeFieldSerialization.java
[INFO] Printed com.google.gson.functional.ExposeFieldsTest#testNullExposeFieldSerialization with 250 duplication in 36 ms
[INFO] 4/15
[INFO] Processing com.google.gson.functional.ObjectTest#testSingletonLists
[INFO] Printing com.google.gson.functional.ObjectTest_testSingletonLists to /tmp/v2/gson//src/test/java//com/google/gson/functional/ObjectTest_testSingletonLists.java
[INFO] Printed com.google.gson.functional.ObjectTest#testSingletonLists with 142 duplication in 108 ms
[INFO] 5/15
[INFO] Processing com.google.gson.functional.ParameterizedTypesTest#testTypesWithMultipleParametersSerialization
[INFO] Printing com.google.gson.functional.ParameterizedTypesTest_testTypesWithMultipleParametersSerialization to /tmp/v2/gson//src/test/java//com/google/gson/functional/ParameterizedTypesTest_testTypesWithMultipleParametersSerialization.java
[WARNING] Cannot load class: 3 with class loader ClassRealm[plugin>fr.davidson:diff-jjoules:0.0.1-SNAPSHOT, parent: sun.misc.Launcher$AppClassLoader@1b6d3586]
[INFO] Printed com.google.gson.functional.ParameterizedTypesTest#testTypesWithMultipleParametersSerialization with 142 duplication in 163 ms
[INFO] 6/15
[INFO] Processing com.google.gson.functional.ParameterizedTypesTest#testParameterizedTypeWithCustomSerializer
[INFO] Printing com.google.gson.functional.ParameterizedTypesTest_testParameterizedTypeWithCustomSerializer to /tmp/v2/gson//src/test/java//com/google/gson/functional/ParameterizedTypesTest_testParameterizedTypeWithCustomSerializer.java
[WARNING] Cannot load class: 5 with class loader ClassRealm[plugin>fr.davidson:diff-jjoules:0.0.1-SNAPSHOT, parent: sun.misc.Launcher$AppClassLoader@1b6d3586]
[WARNING] Cannot load class: 6 with class loader ClassRealm[plugin>fr.davidson:diff-jjoules:0.0.1-SNAPSHOT, parent: sun.misc.Launcher$AppClassLoader@1b6d3586]
[INFO] Printed com.google.gson.functional.ParameterizedTypesTest#testParameterizedTypeWithCustomSerializer with 250 duplication in 161 ms
[INFO] 7/15
[INFO] Processing com.google.gson.functional.ParameterizedTypesTest#testVariableTypeFieldsAndGenericArraysDeserialization
[INFO] Printing com.google.gson.functional.ParameterizedTypesTest_testVariableTypeFieldsAndGenericArraysDeserialization to /tmp/v2/gson//src/test/java//com/google/gson/functional/ParameterizedTypesTest_testVariableTypeFieldsAndGenericArraysDeserialization.java
[WARNING] Cannot load class: 12 with class loader ClassRealm[plugin>fr.davidson:diff-jjoules:0.0.1-SNAPSHOT, parent: sun.misc.Launcher$AppClassLoader@1b6d3586]
[INFO] Printed com.google.gson.functional.ParameterizedTypesTest#testVariableTypeFieldsAndGenericArraysDeserialization with 222 duplication in 153 ms
[INFO] 8/15
[INFO] Processing com.google.gson.functional.ParameterizedTypesTest#testVariableTypeDeserialization
[INFO] Printing com.google.gson.functional.ParameterizedTypesTest_testVariableTypeDeserialization to /tmp/v2/gson//src/test/java//com/google/gson/functional/ParameterizedTypesTest_testVariableTypeDeserialization.java
[WARNING] Cannot load class: 13 with class loader ClassRealm[plugin>fr.davidson:diff-jjoules:0.0.1-SNAPSHOT, parent: sun.misc.Launcher$AppClassLoader@1b6d3586]
[INFO] Printed com.google.gson.functional.ParameterizedTypesTest#testVariableTypeDeserialization with 222 duplication in 141 ms
[INFO] 9/15
[INFO] Processing com.google.gson.functional.SecurityTest#testNonExecutableJsonSerialization
[INFO] Printing com.google.gson.functional.SecurityTest_testNonExecutableJsonSerialization to /tmp/v2/gson//src/test/java//com/google/gson/functional/SecurityTest_testNonExecutableJsonSerialization.java
[INFO] Printed com.google.gson.functional.SecurityTest#testNonExecutableJsonSerialization with 200 duplication in 9 ms
[INFO] 10/15
[INFO] Processing com.google.gson.functional.TypeHierarchyAdapterTest#testTypeHierarchy
[INFO] Printing com.google.gson.functional.TypeHierarchyAdapterTest_testTypeHierarchy to /tmp/v2/gson//src/test/java//com/google/gson/functional/TypeHierarchyAdapterTest_testTypeHierarchy.java
[INFO] Printed com.google.gson.functional.TypeHierarchyAdapterTest#testTypeHierarchy with 250 duplication in 218 ms
[INFO] 11/15
[INFO] Processing com.google.gson.functional.VersioningTest#testVersionedUntilSerialization
[INFO] Printing com.google.gson.functional.VersioningTest_testVersionedUntilSerialization to /tmp/v2/gson//src/test/java//com/google/gson/functional/VersioningTest_testVersionedUntilSerialization.java
[INFO] Printed com.google.gson.functional.VersioningTest#testVersionedUntilSerialization with 285 duplication in 25 ms
[INFO] 12/15
[INFO] Processing com.google.gson.DefaultInetAddressTypeAdapterTest#testInetAddressSerializationAndDeserialization
[INFO] Printing com.google.gson.DefaultInetAddressTypeAdapterTest_testInetAddressSerializationAndDeserialization to /tmp/v2/gson//src/test/java//com/google/gson/DefaultInetAddressTypeAdapterTest_testInetAddressSerializationAndDeserialization.java
[INFO] Printed com.google.gson.DefaultInetAddressTypeAdapterTest#testInetAddressSerializationAndDeserialization with 105 duplication in 13 ms
[INFO] 13/15
[INFO] Processing com.google.gson.FunctionWithInternalDependenciesTest#testAnonymousLocalClassesSerialization
[INFO] Printing com.google.gson.FunctionWithInternalDependenciesTest_testAnonymousLocalClassesSerialization to /tmp/v2/gson//src/test/java//com/google/gson/FunctionWithInternalDependenciesTest_testAnonymousLocalClassesSerialization.java
[WARNING] Cannot load class: 1 with class loader ClassRealm[plugin>fr.davidson:diff-jjoules:0.0.1-SNAPSHOT, parent: sun.misc.Launcher$AppClassLoader@1b6d3586]
[INFO] Printed com.google.gson.FunctionWithInternalDependenciesTest#testAnonymousLocalClassesSerialization with 333 duplication in 34 ms
[INFO] 14/15
[INFO] Processing com.google.gson.MixedStreamTest#testWriteMixedStreamed
[INFO] Printing com.google.gson.MixedStreamTest_testWriteMixedStreamed to /tmp/v2/gson//src/test/java//com/google/gson/MixedStreamTest_testWriteMixedStreamed.java
[INFO] Printed com.google.gson.MixedStreamTest#testWriteMixedStreamed with 285 duplication in 36 ms
[INFO] 15/15
[INFO] Processing Done...
[INFO] Injecting JUnit-Jjoules in /tmp/v2/gson//pom.xml
[INFO] Output new POM file in /tmp/v2/gson//pom.xml
[INFO] ------------------------------------------------------------------------
[INFO] BUILD SUCCESS
[INFO] ------------------------------------------------------------------------
[INFO] Total time:  39.298 s
[INFO] Finished at: 2021-02-05T10:39:16+01:00
[INFO] ------------------------------------------------------------------------
