[INFO] Scanning for projects...
[WARNING] 
[WARNING] Some problems were encountered while building the effective model for com.google.code.gson:gson:jar:1.5
[WARNING] 'build.plugins.plugin.version' for org.apache.maven.plugins:maven-compiler-plugin is missing. @ line 53, column 15
[WARNING] 'build.plugins.plugin.version' for org.codehaus.mojo:cobertura-maven-plugin is missing. @ line 200, column 15
[WARNING] 'build.plugins.plugin.version' for org.apache.maven.plugins:maven-jar-plugin is missing. @ line 61, column 15
[WARNING] 'build.plugins.plugin.version' for org.apache.maven.plugins:maven-jxr-plugin is missing. @ line 163, column 15
[WARNING] 'build.plugins.plugin.version' for org.apache.maven.plugins:maven-pmd-plugin is missing. @ line 167, column 15
[WARNING] 'build.plugins.plugin.version' for org.codehaus.mojo:taglist-maven-plugin is missing. @ line 188, column 15
[WARNING] 'build.plugins.plugin.version' for org.apache.maven.plugins:maven-checkstyle-plugin is missing. @ line 180, column 15
[WARNING] 'build.plugins.plugin.version' for org.apache.maven.plugins:maven-source-plugin is missing. @ line 89, column 15
[WARNING] 'build.plugins.plugin.version' for org.apache.maven.plugins:maven-javadoc-plugin is missing. @ line 103, column 16
[WARNING] 'build.plugins.plugin.version' for org.apache.maven.plugins:maven-eclipse-plugin is missing. @ line 123, column 16
[WARNING] The expression ${version} is deprecated. Please use ${project.version} instead.
[WARNING] 
[WARNING] It is highly recommended to fix these problems because they threaten the stability of your build.
[WARNING] 
[WARNING] For this reason, future Maven versions might no longer support building such malformed projects.
[WARNING] 
[INFO] 
[INFO] ---------------------< com.google.code.gson:gson >----------------------
[INFO] Building Gson 1.5
[INFO] --------------------------------[ jar ]---------------------------------
[INFO] 
[INFO] --- maven-clean-plugin:2.5:clean (default-clean) @ gson ---
[INFO] Deleting /tmp/v1/gson/target
[INFO] 
[INFO] --- cobertura-maven-plugin:2.7:clean (clean) @ gson ---
[INFO] 
[INFO] --- maven-resources-plugin:2.6:resources (default-resources) @ gson ---
[WARNING] Using platform encoding (UTF-8 actually) to copy filtered resources, i.e. build is platform dependent!
[INFO] Copying 1 resource
[INFO] 
[INFO] --- maven-compiler-plugin:3.1:compile (default-compile) @ gson ---
[INFO] Changes detected - recompiling the module!
[WARNING] File encoding has not been set, using platform encoding UTF-8, i.e. build is platform dependent!
[INFO] Compiling 96 source files to /tmp/v1/gson/target/classes
[WARNING] /tmp/v1/gson/src/main/java/com/google/gson/JsonParserJavacc.java: /tmp/v1/gson/src/main/java/com/google/gson/JsonParserJavacc.java uses unchecked or unsafe operations.
[WARNING] /tmp/v1/gson/src/main/java/com/google/gson/JsonParserJavacc.java: Recompile with -Xlint:unchecked for details.
[INFO] 
[INFO] --- maven-resources-plugin:2.6:testResources (default-testResources) @ gson ---
[WARNING] Using platform encoding (UTF-8 actually) to copy filtered resources, i.e. build is platform dependent!
[INFO] skip non existing resourceDirectory /tmp/v1/gson/src/test/resources
[INFO] 
[INFO] --- maven-compiler-plugin:3.1:testCompile (default-testCompile) @ gson ---
[INFO] Changes detected - recompiling the module!
[WARNING] File encoding has not been set, using platform encoding UTF-8, i.e. build is platform dependent!
[INFO] Compiling 78 source files to /tmp/v1/gson/target/test-classes
[INFO] 
[INFO] --- maven-surefire-plugin:2.12.4:test (default-test) @ gson ---
[INFO] Tests are skipped.
[INFO] 
[INFO] --- maven-dependency-plugin:2.8:build-classpath (default-cli) @ gson ---
[INFO] Skipped writing classpath file '/tmp/v1/gson/classpath'.  No changes found.
[INFO] 
[INFO] --- diff-jjoules:0.0.1-SNAPSHOT:instrument (default-cli) @ gson ---
[INFO] Running on:
[INFO] /tmp/v1/gson
[INFO] /tmp/v2/gson/
[INFO] Enable JUnit4 mode
[INFO] Configuration{pathToFirstVersion='/tmp/v1/gson', pathToSecondVersion='/tmp/v2/gson/', pathToTestListAsCSV='/tmp/v1/gson/testsThatExecuteTheChange.csv', classpath=[/home/spino/.m2/repository/junit/junit/3.8.2/junit-3.8.2.jar], junit4=true}
[INFO] com.google.gson.functional.CollectionTest:[testRawCollectionSerialization, testWildcardCollectionField, testRawCollectionOfBagOfPrimitivesNotAllowed, testSetSerialization, testCollectionOfBagOfPrimitivesSerialization]
com.google.gson.functional.ParameterizedTypesTest:[testVariableTypeFieldsAndGenericArraysSerialization, testParameterizedTypeWithCustomSerializer, testTypesWithMultipleParametersSerialization, testVariableTypeFieldsAndGenericArraysDeserialization, testVariableTypeDeserialization, testParameterizedTypesWithWriterSerialization, testDeepParameterizedTypeSerialization, testParameterizedTypesSerialization]
com.google.gson.functional.InterfaceTest:[testSerializingInterfaceObjectField, testSerializingObjectImplementingInterface]
com.google.gson.functional.ExposeFieldsTest:[testExposeAnnotationSerialization, testNullExposeFieldSerialization, testArrayWithOneNullExposeFieldObjectSerialization]
com.google.gson.functional.EscapingTest:[testGsonAcceptsEscapedAndNonEscapedJsonDeserialization, testEscapingObjectFields]
com.google.gson.functional.UncategorizedTest:[testStaticFieldsAreNotSerialized]
com.google.gson.functional.InheritanceTest:[testSubClassSerialization, testBaseSerializedAsBaseWhenSpecifiedWithExplicitTypeForToJsonMethod, testBaseSerializedAsSubWhenSpecifiedWithExplicitTypeForToJsonMethod, testBaseSerializedAsSubForToJsonMethod]
com.google.gson.functional.PrettyPrintingTest:[testEmptyMapField, testPrettyPrintArrayOfObjects, testPrettyPrintList, testMap]
com.google.gson.functional.JsonTreeTest:[testJsonTreeToString]
com.google.gson.functional.ObjectTest:[testInnerClassSerialization, testArrayOfObjectsAsFields, testBagOfPrimitivesSerialization, testBagOfPrimitiveWrappersSerialization, testNullFieldsSerialization, testStringFieldWithEmptyValueSerialization, testClassWithObjectFieldSerialization, testArrayOfArraysSerialization, testArrayOfObjectsSerialization, testNestedSerialization]
com.google.gson.functional.SecurityTest:[testNonExecutableJsonSerialization]
com.google.gson.functional.VersioningTest:[testVersionedClassesSerialization, testVersionedUntilSerialization, testVersionedGsonMixingSinceAndUntilSerialization, testVersionedGsonWithUnversionedClassesSerialization]
com.google.gson.functional.ConcurrencyTest:[testSingleThreadSerialization, testMultiThreadSerialization]
com.google.gson.functional.FieldExclusionTest:[testDefaultNestedStaticClassIncluded, testDefaultInnerClassExclusion]
com.google.gson.functional.PrintFormattingTest:[testJsonObjectWithNullValues, testJsonObjectWithNullValuesSerialized, testCompactFormattingLeavesNoWhiteSpace]
com.google.gson.JsonParserTest:[testReadWriteTwoObjects]
com.google.gson.GsonTypeAdapterTest:[testDefaultTypeAdapterThrowsParseException]
com.google.gson.functional.CustomTypeAdaptersTest:[testCustomTypeAdapterDoesNotAppliesToSubClasses, testCustomTypeAdapterAppliesToSubClassesSerializedAsBaseClass, testCustomAdapterInvokedForMapElementSerialization, testCustomSerializerForLong, testCustomSerializers, testCustomAdapterInvokedForMapElementSerializationWithType, testCustomNestedSerializers, testEnsureCustomSerializerNotInvokedForNullValues]
com.google.gson.functional.NamingPolicyTest:[testGsonWithSerializedNameFieldNamingPolicySerialization, testGsonWithUpperCamelCaseSpacesPolicySerialiation, testGsonWithNonDefaultFieldNamingPolicySerialization, testGsonDuplicateNameUsingSerializedNameFieldNamingPolicySerialization, testGsonWithLowerCaseDashPolicySerialization, testGsonWithLowerCaseUnderscorePolicySerialization, testDeprecatedNamingStrategy]
com.google.gson.functional.EnumTest:[testClassWithEnumFieldSerialization]
com.google.gson.functional.ReadersWritersTest:[testWriterForSerialization, testReadWriteTwoObjects]
com.google.gson.functional.CustomDeserializerTest:[testDefaultConstructorNotCalledOnObject, testDefaultConstructorNotCalledOnField]
com.google.gson.functional.ExclusionStrategyFunctionalTest:[testExclusionStrategySerialization]
com.google.gson.JsonObjectTest:[testPropertyWithQuotes]
com.google.gson.functional.ArrayTest:[testArrayOfObjectsWithoutTypeInfoDeserialization, testObjectArrayWithNonPrimitivesSerialization]
com.google.gson.functional.MapTest:[testMapSubclassSerialization, testMapSerializationWithNullKey, testMapSerializationWithNullValues, testMapWithQuotes, testRawMapSerialization, testMapSerializationWithNullValuesSerialized, testParameterizedMapSubclassSerialization, testMapSerializationWithIntegerKeys, testMapOfMapSerialization, testMapSerialization]
com.google.gson.functional.DefaultTypeAdaptersTest:[testDefaultCalendarSerialization, testBigDecimalFieldSerialization, testPropertiesSerialization, testBigIntegerFieldSerialization, testDefaultGregorianCalendarSerialization]
[INFO] Instrument version before commit...
[INFO] Run on /tmp/v1/gson
[INFO] Running in NOCLASSPATH mode (doc: http://spoon.gforge.inria.fr/launcher.html).
[INFO] fr.davidson.diff.jjoules.process.junit4.JJoulesProcessor
Processing com.google.gson.functional.ArrayTest#testArrayOfObjectsWithoutTypeInfoDeserialization
Processing com.google.gson.functional.ArrayTest#testObjectArrayWithNonPrimitivesSerialization
Processing com.google.gson.functional.CollectionTest#testCollectionOfBagOfPrimitivesSerialization
Processing com.google.gson.functional.CollectionTest#testRawCollectionSerialization
Processing com.google.gson.functional.CollectionTest#testRawCollectionOfBagOfPrimitivesNotAllowed
Processing com.google.gson.functional.CollectionTest#testWildcardCollectionField
Processing com.google.gson.functional.CollectionTest#testSetSerialization
Processing com.google.gson.functional.ConcurrencyTest#testSingleThreadSerialization
Processing com.google.gson.functional.ConcurrencyTest#testMultiThreadSerialization
Processing com.google.gson.functional.CustomDeserializerTest#testDefaultConstructorNotCalledOnObject
Processing com.google.gson.functional.CustomDeserializerTest#testDefaultConstructorNotCalledOnField
Processing com.google.gson.functional.CustomTypeAdaptersTest#testCustomSerializers
Processing com.google.gson.functional.CustomTypeAdaptersTest#testCustomNestedSerializers
Processing com.google.gson.functional.CustomTypeAdaptersTest#testCustomTypeAdapterDoesNotAppliesToSubClasses
Processing com.google.gson.functional.CustomTypeAdaptersTest#testCustomTypeAdapterAppliesToSubClassesSerializedAsBaseClass
Processing com.google.gson.functional.CustomTypeAdaptersTest#testCustomSerializerForLong
Processing com.google.gson.functional.CustomTypeAdaptersTest#testCustomAdapterInvokedForMapElementSerializationWithType
Processing com.google.gson.functional.CustomTypeAdaptersTest#testCustomAdapterInvokedForMapElementSerialization
Processing com.google.gson.functional.CustomTypeAdaptersTest#testEnsureCustomSerializerNotInvokedForNullValues
Processing com.google.gson.functional.DefaultTypeAdaptersTest#testBigDecimalFieldSerialization
Processing com.google.gson.functional.DefaultTypeAdaptersTest#testBigIntegerFieldSerialization
Processing com.google.gson.functional.DefaultTypeAdaptersTest#testDefaultCalendarSerialization
Processing com.google.gson.functional.DefaultTypeAdaptersTest#testDefaultGregorianCalendarSerialization
Processing com.google.gson.functional.DefaultTypeAdaptersTest#testPropertiesSerialization
Processing com.google.gson.functional.EnumTest#testClassWithEnumFieldSerialization
Processing com.google.gson.functional.EscapingTest#testEscapingObjectFields
Processing com.google.gson.functional.EscapingTest#testGsonAcceptsEscapedAndNonEscapedJsonDeserialization
Processing com.google.gson.functional.ExclusionStrategyFunctionalTest#testExclusionStrategySerialization
Processing com.google.gson.functional.ExposeFieldsTest#testNullExposeFieldSerialization
Processing com.google.gson.functional.ExposeFieldsTest#testArrayWithOneNullExposeFieldObjectSerialization
Processing com.google.gson.functional.ExposeFieldsTest#testExposeAnnotationSerialization
Processing com.google.gson.functional.FieldExclusionTest#testDefaultInnerClassExclusion
Processing com.google.gson.functional.FieldExclusionTest#testDefaultNestedStaticClassIncluded
Processing com.google.gson.functional.InheritanceTest#testSubClassSerialization
Processing com.google.gson.functional.InheritanceTest#testBaseSerializedAsSubForToJsonMethod
Processing com.google.gson.functional.InheritanceTest#testBaseSerializedAsBaseWhenSpecifiedWithExplicitTypeForToJsonMethod
Processing com.google.gson.functional.InheritanceTest#testBaseSerializedAsSubWhenSpecifiedWithExplicitTypeForToJsonMethod
Processing com.google.gson.functional.InterfaceTest#testSerializingObjectImplementingInterface
Processing com.google.gson.functional.InterfaceTest#testSerializingInterfaceObjectField
Processing com.google.gson.functional.JsonTreeTest#testJsonTreeToString
Processing com.google.gson.functional.MapTest#testMapSerialization
Processing com.google.gson.functional.MapTest#testRawMapSerialization
Processing com.google.gson.functional.MapTest#testMapSerializationWithNullKey
Processing com.google.gson.functional.MapTest#testMapSerializationWithIntegerKeys
Processing com.google.gson.functional.MapTest#testParameterizedMapSubclassSerialization
Processing com.google.gson.functional.MapTest#testMapSubclassSerialization
Processing com.google.gson.functional.MapTest#testMapSerializationWithNullValues
Processing com.google.gson.functional.MapTest#testMapSerializationWithNullValuesSerialized
Processing com.google.gson.functional.MapTest#testMapOfMapSerialization
Processing com.google.gson.functional.MapTest#testMapWithQuotes
Processing com.google.gson.functional.NamingPolicyTest#testGsonWithNonDefaultFieldNamingPolicySerialization
Processing com.google.gson.functional.NamingPolicyTest#testGsonWithLowerCaseDashPolicySerialization
Processing com.google.gson.functional.NamingPolicyTest#testGsonWithLowerCaseUnderscorePolicySerialization
Processing com.google.gson.functional.NamingPolicyTest#testGsonWithSerializedNameFieldNamingPolicySerialization
Processing com.google.gson.functional.NamingPolicyTest#testGsonDuplicateNameUsingSerializedNameFieldNamingPolicySerialization
Processing com.google.gson.functional.NamingPolicyTest#testGsonWithUpperCamelCaseSpacesPolicySerialiation
Processing com.google.gson.functional.NamingPolicyTest#testDeprecatedNamingStrategy
Processing com.google.gson.functional.ObjectTest#testBagOfPrimitivesSerialization
Processing com.google.gson.functional.ObjectTest#testBagOfPrimitiveWrappersSerialization
Processing com.google.gson.functional.ObjectTest#testNestedSerialization
Processing com.google.gson.functional.ObjectTest#testNullFieldsSerialization
Processing com.google.gson.functional.ObjectTest#testArrayOfObjectsSerialization
Processing com.google.gson.functional.ObjectTest#testArrayOfArraysSerialization
Processing com.google.gson.functional.ObjectTest#testArrayOfObjectsAsFields
Processing com.google.gson.functional.ObjectTest#testClassWithObjectFieldSerialization
Processing com.google.gson.functional.ObjectTest#testInnerClassSerialization
Processing com.google.gson.functional.ObjectTest#testStringFieldWithEmptyValueSerialization
Processing com.google.gson.functional.ParameterizedTypesTest#testParameterizedTypesSerialization
Processing com.google.gson.functional.ParameterizedTypesTest#testTypesWithMultipleParametersSerialization
Processing com.google.gson.functional.ParameterizedTypesTest#testParameterizedTypeWithCustomSerializer
Processing com.google.gson.functional.ParameterizedTypesTest#testParameterizedTypesWithWriterSerialization
Processing com.google.gson.functional.ParameterizedTypesTest#testVariableTypeFieldsAndGenericArraysSerialization
Processing com.google.gson.functional.ParameterizedTypesTest#testVariableTypeFieldsAndGenericArraysDeserialization
Processing com.google.gson.functional.ParameterizedTypesTest#testVariableTypeDeserialization
Processing com.google.gson.functional.ParameterizedTypesTest#testDeepParameterizedTypeSerialization
Processing com.google.gson.functional.PrettyPrintingTest#testPrettyPrintList
Processing com.google.gson.functional.PrettyPrintingTest#testPrettyPrintArrayOfObjects
Processing com.google.gson.functional.PrettyPrintingTest#testMap
Processing com.google.gson.functional.PrettyPrintingTest#testEmptyMapField
Processing com.google.gson.functional.PrintFormattingTest#testCompactFormattingLeavesNoWhiteSpace
Processing com.google.gson.functional.PrintFormattingTest#testJsonObjectWithNullValues
Processing com.google.gson.functional.PrintFormattingTest#testJsonObjectWithNullValuesSerialized
Processing com.google.gson.functional.ReadersWritersTest#testWriterForSerialization
Processing com.google.gson.functional.ReadersWritersTest#testReadWriteTwoObjects
Processing com.google.gson.functional.SecurityTest#testNonExecutableJsonSerialization
Processing com.google.gson.functional.UncategorizedTest#testStaticFieldsAreNotSerialized
Processing com.google.gson.functional.VersioningTest#testVersionedUntilSerialization
Processing com.google.gson.functional.VersioningTest#testVersionedClassesSerialization
Processing com.google.gson.functional.VersioningTest#testVersionedGsonWithUnversionedClassesSerialization
Processing com.google.gson.functional.VersioningTest#testVersionedGsonMixingSinceAndUntilSerialization
Processing com.google.gson.GsonTypeAdapterTest#testDefaultTypeAdapterThrowsParseException
Processing com.google.gson.JsonObjectTest#testPropertyWithQuotes
Processing com.google.gson.JsonParserTest#testReadWriteTwoObjects
[INFO] Printing com.google.gson.functional.ReadersWritersTest to /tmp/v1/gson/src/test/java//com/google/gson/functional/ReadersWritersTest.java
[INFO] Printing com.google.gson.functional.CustomTypeAdaptersTest to /tmp/v1/gson/src/test/java//com/google/gson/functional/CustomTypeAdaptersTest.java
[INFO] Printing com.google.gson.functional.PrintFormattingTest to /tmp/v1/gson/src/test/java//com/google/gson/functional/PrintFormattingTest.java
[INFO] Printing com.google.gson.functional.FieldExclusionTest to /tmp/v1/gson/src/test/java//com/google/gson/functional/FieldExclusionTest.java
[INFO] Printing com.google.gson.functional.CustomDeserializerTest to /tmp/v1/gson/src/test/java//com/google/gson/functional/CustomDeserializerTest.java
[INFO] Printing com.google.gson.functional.NamingPolicyTest to /tmp/v1/gson/src/test/java//com/google/gson/functional/NamingPolicyTest.java
[INFO] Printing com.google.gson.functional.InheritanceTest to /tmp/v1/gson/src/test/java//com/google/gson/functional/InheritanceTest.java
[INFO] Printing com.google.gson.functional.VersioningTest to /tmp/v1/gson/src/test/java//com/google/gson/functional/VersioningTest.java
[INFO] Printing com.google.gson.GsonTypeAdapterTest to /tmp/v1/gson/src/test/java//com/google/gson/GsonTypeAdapterTest.java
[INFO] Printing com.google.gson.functional.UncategorizedTest to /tmp/v1/gson/src/test/java//com/google/gson/functional/UncategorizedTest.java
[INFO] Printing com.google.gson.functional.ParameterizedTypesTest to /tmp/v1/gson/src/test/java//com/google/gson/functional/ParameterizedTypesTest.java
[INFO] Printing com.google.gson.functional.SecurityTest to /tmp/v1/gson/src/test/java//com/google/gson/functional/SecurityTest.java
[INFO] Printing com.google.gson.JsonParserTest to /tmp/v1/gson/src/test/java//com/google/gson/JsonParserTest.java
[INFO] Printing com.google.gson.functional.ConcurrencyTest to /tmp/v1/gson/src/test/java//com/google/gson/functional/ConcurrencyTest.java
[INFO] Printing com.google.gson.functional.DefaultTypeAdaptersTest to /tmp/v1/gson/src/test/java//com/google/gson/functional/DefaultTypeAdaptersTest.java
[INFO] Printing com.google.gson.functional.InterfaceTest to /tmp/v1/gson/src/test/java//com/google/gson/functional/InterfaceTest.java
[INFO] Printing com.google.gson.functional.ArrayTest to /tmp/v1/gson/src/test/java//com/google/gson/functional/ArrayTest.java
[INFO] Printing com.google.gson.functional.ExclusionStrategyFunctionalTest to /tmp/v1/gson/src/test/java//com/google/gson/functional/ExclusionStrategyFunctionalTest.java
[INFO] Printing com.google.gson.functional.JsonTreeTest to /tmp/v1/gson/src/test/java//com/google/gson/functional/JsonTreeTest.java
[INFO] Printing com.google.gson.JsonObjectTest to /tmp/v1/gson/src/test/java//com/google/gson/JsonObjectTest.java
[INFO] Printing com.google.gson.functional.MapTest to /tmp/v1/gson/src/test/java//com/google/gson/functional/MapTest.java
[INFO] Printing com.google.gson.functional.EnumTest to /tmp/v1/gson/src/test/java//com/google/gson/functional/EnumTest.java
[INFO] Printing com.google.gson.functional.ExposeFieldsTest to /tmp/v1/gson/src/test/java//com/google/gson/functional/ExposeFieldsTest.java
[INFO] Printing com.google.gson.functional.ObjectTest to /tmp/v1/gson/src/test/java//com/google/gson/functional/ObjectTest.java
[INFO] Printing com.google.gson.functional.PrettyPrintingTest to /tmp/v1/gson/src/test/java//com/google/gson/functional/PrettyPrintingTest.java
[INFO] Printing com.google.gson.functional.EscapingTest to /tmp/v1/gson/src/test/java//com/google/gson/functional/EscapingTest.java
[INFO] Printing com.google.gson.functional.CollectionTest to /tmp/v1/gson/src/test/java//com/google/gson/functional/CollectionTest.java
[INFO] Injecting JUnit-Jjoules in /tmp/v1/gson/pom.xml
[INFO] Output new POM file in /tmp/v1/gson/pom.xml
[INFO] Instrument version after commit...
[INFO] Run on /tmp/v2/gson/
[INFO] Running in NOCLASSPATH mode (doc: http://spoon.gforge.inria.fr/launcher.html).
[INFO] fr.davidson.diff.jjoules.process.junit4.JJoulesProcessor
Processing com.google.gson.functional.ArrayTest#testArrayOfObjectsWithoutTypeInfoDeserialization
Processing com.google.gson.functional.ArrayTest#testObjectArrayWithNonPrimitivesSerialization
Processing com.google.gson.functional.CollectionTest#testCollectionOfBagOfPrimitivesSerialization
Processing com.google.gson.functional.CollectionTest#testRawCollectionSerialization
Processing com.google.gson.functional.CollectionTest#testRawCollectionOfBagOfPrimitivesNotAllowed
Processing com.google.gson.functional.CollectionTest#testWildcardCollectionField
Processing com.google.gson.functional.CollectionTest#testSetSerialization
Processing com.google.gson.functional.ConcurrencyTest#testSingleThreadSerialization
Processing com.google.gson.functional.ConcurrencyTest#testMultiThreadSerialization
Processing com.google.gson.functional.CustomDeserializerTest#testDefaultConstructorNotCalledOnObject
Processing com.google.gson.functional.CustomDeserializerTest#testDefaultConstructorNotCalledOnField
Processing com.google.gson.functional.CustomTypeAdaptersTest#testCustomSerializers
Processing com.google.gson.functional.CustomTypeAdaptersTest#testCustomNestedSerializers
Processing com.google.gson.functional.CustomTypeAdaptersTest#testCustomTypeAdapterDoesNotAppliesToSubClasses
Processing com.google.gson.functional.CustomTypeAdaptersTest#testCustomTypeAdapterAppliesToSubClassesSerializedAsBaseClass
Processing com.google.gson.functional.CustomTypeAdaptersTest#testCustomSerializerForLong
Processing com.google.gson.functional.CustomTypeAdaptersTest#testCustomAdapterInvokedForMapElementSerializationWithType
Processing com.google.gson.functional.CustomTypeAdaptersTest#testCustomAdapterInvokedForMapElementSerialization
Processing com.google.gson.functional.CustomTypeAdaptersTest#testEnsureCustomSerializerNotInvokedForNullValues
Processing com.google.gson.functional.DefaultTypeAdaptersTest#testBigDecimalFieldSerialization
Processing com.google.gson.functional.DefaultTypeAdaptersTest#testBigIntegerFieldSerialization
Processing com.google.gson.functional.DefaultTypeAdaptersTest#testDefaultCalendarSerialization
Processing com.google.gson.functional.DefaultTypeAdaptersTest#testDefaultGregorianCalendarSerialization
Processing com.google.gson.functional.DefaultTypeAdaptersTest#testPropertiesSerialization
Processing com.google.gson.functional.EnumTest#testClassWithEnumFieldSerialization
Processing com.google.gson.functional.EscapingTest#testEscapingObjectFields
Processing com.google.gson.functional.EscapingTest#testGsonAcceptsEscapedAndNonEscapedJsonDeserialization
Processing com.google.gson.functional.ExclusionStrategyFunctionalTest#testExclusionStrategySerialization
Processing com.google.gson.functional.ExposeFieldsTest#testNullExposeFieldSerialization
Processing com.google.gson.functional.ExposeFieldsTest#testArrayWithOneNullExposeFieldObjectSerialization
Processing com.google.gson.functional.ExposeFieldsTest#testExposeAnnotationSerialization
Processing com.google.gson.functional.FieldExclusionTest#testDefaultInnerClassExclusion
Processing com.google.gson.functional.FieldExclusionTest#testDefaultNestedStaticClassIncluded
Processing com.google.gson.functional.InheritanceTest#testSubClassSerialization
Processing com.google.gson.functional.InheritanceTest#testBaseSerializedAsSubForToJsonMethod
Processing com.google.gson.functional.InheritanceTest#testBaseSerializedAsBaseWhenSpecifiedWithExplicitTypeForToJsonMethod
Processing com.google.gson.functional.InheritanceTest#testBaseSerializedAsSubWhenSpecifiedWithExplicitTypeForToJsonMethod
Processing com.google.gson.functional.InterfaceTest#testSerializingObjectImplementingInterface
Processing com.google.gson.functional.InterfaceTest#testSerializingInterfaceObjectField
Processing com.google.gson.functional.JsonTreeTest#testJsonTreeToString
Processing com.google.gson.functional.MapTest#testMapSerialization
Processing com.google.gson.functional.MapTest#testRawMapSerialization
Processing com.google.gson.functional.MapTest#testMapSerializationWithNullKey
Processing com.google.gson.functional.MapTest#testMapSerializationWithIntegerKeys
Processing com.google.gson.functional.MapTest#testParameterizedMapSubclassSerialization
Processing com.google.gson.functional.MapTest#testMapSubclassSerialization
Processing com.google.gson.functional.MapTest#testMapSerializationWithNullValues
Processing com.google.gson.functional.MapTest#testMapSerializationWithNullValuesSerialized
Processing com.google.gson.functional.MapTest#testMapOfMapSerialization
Processing com.google.gson.functional.MapTest#testMapWithQuotes
Processing com.google.gson.functional.NamingPolicyTest#testGsonWithNonDefaultFieldNamingPolicySerialization
Processing com.google.gson.functional.NamingPolicyTest#testGsonWithLowerCaseDashPolicySerialization
Processing com.google.gson.functional.NamingPolicyTest#testGsonWithLowerCaseUnderscorePolicySerialization
Processing com.google.gson.functional.NamingPolicyTest#testGsonWithSerializedNameFieldNamingPolicySerialization
Processing com.google.gson.functional.NamingPolicyTest#testGsonDuplicateNameUsingSerializedNameFieldNamingPolicySerialization
Processing com.google.gson.functional.NamingPolicyTest#testGsonWithUpperCamelCaseSpacesPolicySerialiation
Processing com.google.gson.functional.NamingPolicyTest#testDeprecatedNamingStrategy
Processing com.google.gson.functional.ObjectTest#testBagOfPrimitivesSerialization
Processing com.google.gson.functional.ObjectTest#testBagOfPrimitiveWrappersSerialization
Processing com.google.gson.functional.ObjectTest#testNestedSerialization
Processing com.google.gson.functional.ObjectTest#testNullFieldsSerialization
Processing com.google.gson.functional.ObjectTest#testArrayOfObjectsSerialization
Processing com.google.gson.functional.ObjectTest#testArrayOfArraysSerialization
Processing com.google.gson.functional.ObjectTest#testArrayOfObjectsAsFields
Processing com.google.gson.functional.ObjectTest#testClassWithObjectFieldSerialization
Processing com.google.gson.functional.ObjectTest#testInnerClassSerialization
Processing com.google.gson.functional.ObjectTest#testStringFieldWithEmptyValueSerialization
Processing com.google.gson.functional.ParameterizedTypesTest#testParameterizedTypesSerialization
Processing com.google.gson.functional.ParameterizedTypesTest#testTypesWithMultipleParametersSerialization
Processing com.google.gson.functional.ParameterizedTypesTest#testParameterizedTypeWithCustomSerializer
Processing com.google.gson.functional.ParameterizedTypesTest#testParameterizedTypesWithWriterSerialization
Processing com.google.gson.functional.ParameterizedTypesTest#testVariableTypeFieldsAndGenericArraysSerialization
Processing com.google.gson.functional.ParameterizedTypesTest#testVariableTypeFieldsAndGenericArraysDeserialization
Processing com.google.gson.functional.ParameterizedTypesTest#testVariableTypeDeserialization
Processing com.google.gson.functional.ParameterizedTypesTest#testDeepParameterizedTypeSerialization
Processing com.google.gson.functional.PrettyPrintingTest#testPrettyPrintList
Processing com.google.gson.functional.PrettyPrintingTest#testPrettyPrintArrayOfObjects
Processing com.google.gson.functional.PrettyPrintingTest#testMap
Processing com.google.gson.functional.PrettyPrintingTest#testEmptyMapField
Processing com.google.gson.functional.PrintFormattingTest#testCompactFormattingLeavesNoWhiteSpace
Processing com.google.gson.functional.PrintFormattingTest#testJsonObjectWithNullValues
Processing com.google.gson.functional.PrintFormattingTest#testJsonObjectWithNullValuesSerialized
Processing com.google.gson.functional.ReadersWritersTest#testWriterForSerialization
Processing com.google.gson.functional.ReadersWritersTest#testReadWriteTwoObjects
Processing com.google.gson.functional.SecurityTest#testNonExecutableJsonSerialization
Processing com.google.gson.functional.UncategorizedTest#testStaticFieldsAreNotSerialized
Processing com.google.gson.functional.VersioningTest#testVersionedUntilSerialization
Processing com.google.gson.functional.VersioningTest#testVersionedClassesSerialization
Processing com.google.gson.functional.VersioningTest#testVersionedGsonWithUnversionedClassesSerialization
Processing com.google.gson.functional.VersioningTest#testVersionedGsonMixingSinceAndUntilSerialization
Processing com.google.gson.GsonTypeAdapterTest#testDefaultTypeAdapterThrowsParseException
Processing com.google.gson.JsonObjectTest#testPropertyWithQuotes
Processing com.google.gson.JsonParserTest#testReadWriteTwoObjects
[INFO] Printing com.google.gson.functional.ReadersWritersTest to /tmp/v2/gson//src/test/java//com/google/gson/functional/ReadersWritersTest.java
[INFO] Printing com.google.gson.functional.ReadersWritersTest to /tmp/v2/gson//src/test/java//com/google/gson/functional/ReadersWritersTest.java
[INFO] Printing com.google.gson.functional.CustomTypeAdaptersTest to /tmp/v2/gson//src/test/java//com/google/gson/functional/CustomTypeAdaptersTest.java
[INFO] Printing com.google.gson.functional.PrintFormattingTest to /tmp/v2/gson//src/test/java//com/google/gson/functional/PrintFormattingTest.java
[INFO] Printing com.google.gson.functional.CustomTypeAdaptersTest to /tmp/v2/gson//src/test/java//com/google/gson/functional/CustomTypeAdaptersTest.java
[INFO] Printing com.google.gson.functional.PrintFormattingTest to /tmp/v2/gson//src/test/java//com/google/gson/functional/PrintFormattingTest.java
[INFO] Printing com.google.gson.functional.FieldExclusionTest to /tmp/v2/gson//src/test/java//com/google/gson/functional/FieldExclusionTest.java
[INFO] Printing com.google.gson.functional.FieldExclusionTest to /tmp/v2/gson//src/test/java//com/google/gson/functional/FieldExclusionTest.java
[INFO] Printing com.google.gson.functional.CustomDeserializerTest to /tmp/v2/gson//src/test/java//com/google/gson/functional/CustomDeserializerTest.java
[INFO] Printing com.google.gson.functional.CustomDeserializerTest to /tmp/v2/gson//src/test/java//com/google/gson/functional/CustomDeserializerTest.java
[INFO] Printing com.google.gson.functional.NamingPolicyTest to /tmp/v2/gson//src/test/java//com/google/gson/functional/NamingPolicyTest.java
[INFO] Printing com.google.gson.functional.NamingPolicyTest to /tmp/v2/gson//src/test/java//com/google/gson/functional/NamingPolicyTest.java
[INFO] Printing com.google.gson.functional.InheritanceTest to /tmp/v2/gson//src/test/java//com/google/gson/functional/InheritanceTest.java
[INFO] Printing com.google.gson.functional.VersioningTest to /tmp/v2/gson//src/test/java//com/google/gson/functional/VersioningTest.java
[INFO] Printing com.google.gson.functional.InheritanceTest to /tmp/v2/gson//src/test/java//com/google/gson/functional/InheritanceTest.java
[INFO] Printing com.google.gson.functional.VersioningTest to /tmp/v2/gson//src/test/java//com/google/gson/functional/VersioningTest.java
[INFO] Printing com.google.gson.GsonTypeAdapterTest to /tmp/v2/gson//src/test/java//com/google/gson/GsonTypeAdapterTest.java
[INFO] Printing com.google.gson.functional.UncategorizedTest to /tmp/v2/gson//src/test/java//com/google/gson/functional/UncategorizedTest.java
[INFO] Printing com.google.gson.functional.ParameterizedTypesTest to /tmp/v2/gson//src/test/java//com/google/gson/functional/ParameterizedTypesTest.java
[INFO] Printing com.google.gson.functional.ParameterizedTypesTest to /tmp/v2/gson//src/test/java//com/google/gson/functional/ParameterizedTypesTest.java
[INFO] Printing com.google.gson.functional.SecurityTest to /tmp/v2/gson//src/test/java//com/google/gson/functional/SecurityTest.java
[INFO] Printing com.google.gson.JsonParserTest to /tmp/v2/gson//src/test/java//com/google/gson/JsonParserTest.java
[INFO] Printing com.google.gson.functional.ConcurrencyTest to /tmp/v2/gson//src/test/java//com/google/gson/functional/ConcurrencyTest.java
[INFO] Printing com.google.gson.functional.ConcurrencyTest to /tmp/v2/gson//src/test/java//com/google/gson/functional/ConcurrencyTest.java
[INFO] Printing com.google.gson.functional.DefaultTypeAdaptersTest to /tmp/v2/gson//src/test/java//com/google/gson/functional/DefaultTypeAdaptersTest.java
[INFO] Printing com.google.gson.functional.DefaultTypeAdaptersTest to /tmp/v2/gson//src/test/java//com/google/gson/functional/DefaultTypeAdaptersTest.java
[INFO] Printing com.google.gson.functional.InterfaceTest to /tmp/v2/gson//src/test/java//com/google/gson/functional/InterfaceTest.java
[INFO] Printing com.google.gson.functional.InterfaceTest to /tmp/v2/gson//src/test/java//com/google/gson/functional/InterfaceTest.java
[INFO] Printing com.google.gson.functional.ArrayTest to /tmp/v2/gson//src/test/java//com/google/gson/functional/ArrayTest.java
[INFO] Printing com.google.gson.functional.ArrayTest to /tmp/v2/gson//src/test/java//com/google/gson/functional/ArrayTest.java
[INFO] Printing com.google.gson.functional.ExclusionStrategyFunctionalTest to /tmp/v2/gson//src/test/java//com/google/gson/functional/ExclusionStrategyFunctionalTest.java
[INFO] Printing com.google.gson.functional.JsonTreeTest to /tmp/v2/gson//src/test/java//com/google/gson/functional/JsonTreeTest.java
[INFO] Printing com.google.gson.JsonObjectTest to /tmp/v2/gson//src/test/java//com/google/gson/JsonObjectTest.java
[INFO] Printing com.google.gson.functional.MapTest to /tmp/v2/gson//src/test/java//com/google/gson/functional/MapTest.java
[INFO] Printing com.google.gson.functional.MapTest to /tmp/v2/gson//src/test/java//com/google/gson/functional/MapTest.java
[INFO] Printing com.google.gson.functional.EnumTest to /tmp/v2/gson//src/test/java//com/google/gson/functional/EnumTest.java
[INFO] Printing com.google.gson.functional.ExposeFieldsTest to /tmp/v2/gson//src/test/java//com/google/gson/functional/ExposeFieldsTest.java
[INFO] Printing com.google.gson.functional.ExposeFieldsTest to /tmp/v2/gson//src/test/java//com/google/gson/functional/ExposeFieldsTest.java
[INFO] Printing com.google.gson.functional.ObjectTest to /tmp/v2/gson//src/test/java//com/google/gson/functional/ObjectTest.java
[INFO] Printing com.google.gson.functional.ObjectTest to /tmp/v2/gson//src/test/java//com/google/gson/functional/ObjectTest.java
[INFO] Printing com.google.gson.functional.PrettyPrintingTest to /tmp/v2/gson//src/test/java//com/google/gson/functional/PrettyPrintingTest.java
[INFO] Printing com.google.gson.functional.PrettyPrintingTest to /tmp/v2/gson//src/test/java//com/google/gson/functional/PrettyPrintingTest.java
[INFO] Printing com.google.gson.functional.EscapingTest to /tmp/v2/gson//src/test/java//com/google/gson/functional/EscapingTest.java
[INFO] Printing com.google.gson.functional.EscapingTest to /tmp/v2/gson//src/test/java//com/google/gson/functional/EscapingTest.java
[INFO] Printing com.google.gson.functional.CollectionTest to /tmp/v2/gson//src/test/java//com/google/gson/functional/CollectionTest.java
[INFO] Printing com.google.gson.functional.CollectionTest to /tmp/v2/gson//src/test/java//com/google/gson/functional/CollectionTest.java
[INFO] Injecting JUnit-Jjoules in /tmp/v2/gson//pom.xml
[INFO] Output new POM file in /tmp/v2/gson//pom.xml
[INFO] ------------------------------------------------------------------------
[INFO] BUILD SUCCESS
[INFO] ------------------------------------------------------------------------
[INFO] Total time:  11.441 s
[INFO] Finished at: 2021-01-09T14:28:59+01:00
[INFO] ------------------------------------------------------------------------
