[INFO] Scanning for projects...
[INFO] 
[INFO] ---------------------< com.google.code.gson:gson >----------------------
[INFO] Building Gson 2.2.3-SNAPSHOT
[INFO] --------------------------------[ jar ]---------------------------------
[INFO] 
[INFO] --- maven-clean-plugin:2.5:clean (default-clean) @ gson ---
[INFO] Deleting /tmp/v1/gson/target
[INFO] 
[INFO] --- maven-enforcer-plugin:1.0:enforce (enforce-maven) @ gson ---
[INFO] 
[INFO] --- maven-resources-plugin:2.6:resources (default-resources) @ gson ---
[INFO] Using 'UTF-8' encoding to copy filtered resources.
[INFO] skip non existing resourceDirectory /tmp/v1/gson/src/main/resources
[INFO] 
[INFO] --- maven-compiler-plugin:2.5.1:compile (default-compile) @ gson ---
[INFO] Compiling 65 source files to /tmp/v1/gson/target/classes
[INFO] 
[INFO] --- maven-resources-plugin:2.6:testResources (default-testResources) @ gson ---
[INFO] Using 'UTF-8' encoding to copy filtered resources.
[INFO] skip non existing resourceDirectory /tmp/v1/gson/src/test/resources
[INFO] 
[INFO] --- maven-compiler-plugin:2.5.1:testCompile (default-testCompile) @ gson ---
[INFO] Compiling 79 source files to /tmp/v1/gson/target/test-classes
[INFO] 
[INFO] --- maven-surefire-plugin:2.12.4:test (default-test) @ gson ---
[INFO] Tests are skipped.
[INFO] 
[INFO] --- maven-dependency-plugin:2.8:build-classpath (default-cli) @ gson ---
[INFO] Skipped writing classpath file '/tmp/v1/gson/classpath'.  No changes found.
[INFO] 
[INFO] --- diff-jjoules:0.0.1-SNAPSHOT:instrument (default-cli) @ gson ---
[INFO] Running on:
[INFO] /tmp/v1/gson
[INFO] /tmp/v2/gson/
[INFO] Enable JUnit4 mode
[INFO] Configuration{pathToFirstVersion='/tmp/v1/gson', pathToSecondVersion='/tmp/v2/gson/', pathToTestListAsCSV='/tmp/v1/gson/testsThatExecuteTheChange.csv', classpath=[/home/spino/.m2/repository/junit/junit/3.8.2/junit-3.8.2.jar], junit4=true}
[INFO] com.google.gson.functional.CollectionTest:[testWildcardPrimitiveCollectionDeserilaization, testTopLevelCollectionOfIntegersSerialization, testNullsInListSerialization, testWildcardPrimitiveCollectionSerilaization, testNullsInListDeserialization, testQueueSerialization, testSetSerialization, testCollectionOfStringsDeserialization, testRawCollectionSerialization, testWildcardCollectionField, testRawCollectionOfBagOfPrimitivesNotAllowed, testRawCollectionDeserializationNotAlllowed, testRawCollectionOfIntegersSerialization, testQueueDeserialization, testSetDeserialization, testCollectionOfObjectWithNullSerialization, testTopLevelCollectionOfIntegersDeserialization, testTopLevelListOfIntegerCollectionsDeserialization, testCollectionOfObjectSerialization]
com.google.gson.functional.ParameterizedTypesTest:[testVariableTypeFieldsAndGenericArraysSerialization, testParameterizedTypeGenericArraysDeserialization, testVariableTypeFieldsAndGenericArraysDeserialization, testVariableTypeDeserialization, testParameterizedTypesWithWriterSerialization, testParameterizedTypeGenericArraysSerialization, testParameterizedTypeWithVariableTypeDeserialization, testParameterizedTypesSerialization, testVariableTypeArrayDeserialization]
com.google.gson.functional.InterfaceTest:[testSerializingInterfaceObjectField, testSerializingObjectImplementingInterface]
com.google.gson.functional.ExposeFieldsTest:[testExposeAnnotationSerialization, testExposedInterfaceFieldDeserialization, testNullExposeFieldSerialization, testArrayWithOneNullExposeFieldObjectSerialization, testExposedInterfaceFieldSerialization, testExposeAnnotationDeserialization]
com.google.gson.functional.NullObjectAndFieldTest:[testExplicitSerializationOfNullStringMembers, testPrintPrintingObjectWithNulls, testExplicitSerializationOfNullArrayMembers, testExplicitSerializationOfNullCollectionMembers]
com.google.gson.functional.UncategorizedTest:[testTrailingWhitespace]
com.google.gson.functional.DelegateTypeAdapterTest:[testDelegateInvoked]
com.google.gson.CommentsTest:[testParseComments]
com.google.gson.functional.PrettyPrintingTest:[testEmptyMapField, testPrettyPrintList, testPrettyPrintListOfPrimitiveArrays]
com.google.gson.functional.CustomSerializerTest:[testSubClassSerializerInvokedForBaseClassFieldsHoldingSubClassInstances, testBaseClassSerializerInvokedForBaseClassFieldsHoldingSubClassInstances, testBaseClassSerializerInvokedForBaseClassFields, testSubClassSerializerInvokedForBaseClassFieldsHoldingArrayOfSubClassInstances]
com.google.gson.functional.InheritanceTest:[testSubClassSerialization, testClassWithBaseFieldSerialization, testSubInterfacesOfCollectionDeserialization, testSubInterfacesOfCollectionSerialization, testSubClassDeserialization, testClassWithBaseCollectionFieldSerialization, testClassWithBaseArrayFieldSerialization]
com.google.gson.functional.InstanceCreatorTest:[testInstanceCreatorReturnsSubTypeForField]
com.google.gson.functional.JsonTreeTest:[testJsonTreeToString]
com.google.gson.functional.ObjectTest:[testEmptyCollectionInAnObjectSerialization, testInnerClassSerialization, testSingletonLists, testBagOfPrimitiveWrappersSerialization, testDateAsMapObjectField, testEmptyCollectionInAnObjectDeserialization, testTruncatedDeserialization, testBagOfPrimitiveWrappersDeserialization]
com.google.gson.functional.StreamingTypeAdaptersTest:[testNullSafe, testSerializeWithCustomTypeAdapter, testSerializeRecursive, testDeserializeWithCustomTypeAdapter]
com.google.gson.functional.MoreSpecificTypeSerializationTest:[testMapOfSubclassFields, testListOfSubclassFields, testSubclassFields, testListOfParameterizedSubclassFields, testMapOfParameterizedSubclassFields, testParameterizedSubclassFields]
com.google.gson.functional.JsonParserTest:[testExtraCommasInMaps, testExtraCommasInArrays]
com.google.gson.functional.FieldExclusionTest:[testDefaultNestedStaticClassIncluded, testDefaultInnerClassExclusion]
com.google.gson.MixedStreamTest:[testWriteLenient, testWriteHtmlSafe]
com.google.gson.functional.CustomTypeAdaptersTest:[testCustomAdapterInvokedForCollectionElementSerializationWithType, testCustomAdapterInvokedForCollectionElementDeserialization, testCustomAdapterInvokedForMapElementSerializationWithType, testCustomAdapterInvokedForMapElementDeserialization, testEnsureCustomSerializerNotInvokedForNullValues, testEnsureCustomDeserializerNotInvokedForNullValues]
com.google.gson.ObjectTypeAdapterTest:[testSerialize]
com.google.gson.functional.NamingPolicyTest:[testGsonWithLowerCaseDashPolicyDeserialiation, testComplexFieldNameStrategy, testGsonWithNonDefaultFieldNamingPolicyDeserialiation, testGsonWithUpperCamelCaseSpacesPolicySerialiation, testGsonWithNonDefaultFieldNamingPolicySerialization, testGsonDuplicateNameUsingSerializedNameFieldNamingPolicySerialization, testGsonWithLowerCaseDashPolicySerialization, testGsonWithLowerCaseUnderscorePolicySerialization, testGsonWithLowerCaseUnderscorePolicyDeserialiation, testDeprecatedNamingStrategy, testGsonWithUpperCamelCaseSpacesPolicyDeserialiation]
com.google.gson.JavaSerializationTest:[testNumberIsSerializable, testMapIsSerializable, testListIsSerializable]
com.google.gson.DefaultMapJsonSerializerTest:[testEmptyMapSerialization, testNonEmptyMapSerialization]
com.google.gson.functional.TypeVariableTest:[testAdvancedTypeVariables, testTypeVariablesViaTypeParameter]
com.google.gson.functional.EnumTest:[testEnumSubclass, testEnumSubclassAsParameterizedType, testCollectionOfEnumsDeserialization, testEnumSubclassWithRegisteredTypeAdapter, testCollectionOfEnumsSerialization]
com.google.gson.functional.ReadersWritersTest:[testTypeMismatchThrowsJsonSyntaxExceptionForStrings, testTypeMismatchThrowsJsonSyntaxExceptionForReaders]
com.google.gson.functional.CustomDeserializerTest:[testCustomDeserializerReturnsNull]
com.google.gson.functional.CircularReferenceTest:[testDirectedAcyclicGraphDeserialization, testCircularSerialization, testDirectedAcyclicGraphSerialization]
com.google.gson.functional.ArrayTest:[testArrayOfCollectionSerialization, testArrayOfCollectionDeserialization]
com.google.gson.functional.RawSerializationTest:[testParameterizedObject, testCollectionOfObjects, testThreeLevelParameterizedObject, testCollectionOfPrimitives, testTwoLevelParameterizedObject]
com.google.gson.functional.MapTest:[testMapSerializationWithNullValueButSerializeNulls, testInterfaceTypeMapWithSerializer, testNumberKeyDeserialization, testGeneralMapField, testMapSerializationWithNullValuesSerialized, testMapDeserializationWithWildcardValues, testSerializeMapOfMaps, testMapDeserializationWithIntegerKeys, testMapSerializationWithNullKey, testReadMapsWithEmptyStringKey, testMapDeserializationWithNullKey, testComplexKeysSerialization, testComplexKeysDeserialization, testMapOfMapDeserialization, testMapSerialization, testStringKeyDeserialization, testMapDeserializationWithNullValue, testInterfaceTypeMap, testMapSerializationEmpty, testMapNamePromotionWithJsonElementReader, testMapDeserializationWithDuplicateKeys, testMapSerializationWithNullValue, testMapSerializationWithIntegerKeys, testSortedMap, testDeerializeMapOfMaps, testMapDeserialization, testMapDeserializationEmpty, testMapSerializationWithWildcardValues, testMapSerializationWithNullValues, testParameterizedMapSubclassSerialization, testBooleanKeyDeserialization]
com.google.gson.functional.MapAsArrayTypeAdapterTest:[testTwoTypesCollapseToOneDeserialize, testMultipleEnableComplexKeyRegistrationHasNoEffect, testSerializeComplexMapWithTypeAdapter, testMapWithTypeVariableDeserialization, testMapWithTypeVariableSerialization]
com.google.gson.functional.PrimitiveTest:[testMoreSpecificSerialization, testStringsAsBooleans]
com.google.gson.functional.DefaultTypeAdaptersTest:[testBigDecimalFieldSerialization, testBadValueForBigDecimalDeserialization, testBigIntegerFieldSerialization, testDateSerializationInCollection, testBigIntegerFieldDeserialization, testSetSerialization, testBigDecimalFieldDeserialization, testNullSerialization]
com.google.gson.functional.TreeTypeAdaptersTest:[testDeserializeId, testSerializeId]
[INFO] Instrument version before commit...
[INFO] Run on /tmp/v1/gson
[INFO] Running in NOCLASSPATH mode (doc: http://spoon.gforge.inria.fr/launcher.html).
[INFO] fr.davidson.diff.jjoules.process.junit4.JJoulesProcessor
Processing com.google.gson.functional.ArrayTest#testArrayOfCollectionSerialization
Processing com.google.gson.functional.ArrayTest#testArrayOfCollectionDeserialization
Processing com.google.gson.functional.CircularReferenceTest#testCircularSerialization
Processing com.google.gson.functional.CircularReferenceTest#testDirectedAcyclicGraphSerialization
Processing com.google.gson.functional.CircularReferenceTest#testDirectedAcyclicGraphDeserialization
Processing com.google.gson.functional.CollectionTest#testTopLevelCollectionOfIntegersSerialization
Processing com.google.gson.functional.CollectionTest#testTopLevelCollectionOfIntegersDeserialization
Processing com.google.gson.functional.CollectionTest#testTopLevelListOfIntegerCollectionsDeserialization
Processing com.google.gson.functional.CollectionTest#testQueueSerialization
Processing com.google.gson.functional.CollectionTest#testQueueDeserialization
Processing com.google.gson.functional.CollectionTest#testNullsInListSerialization
Processing com.google.gson.functional.CollectionTest#testNullsInListDeserialization
Processing com.google.gson.functional.CollectionTest#testCollectionOfObjectSerialization
Processing com.google.gson.functional.CollectionTest#testCollectionOfObjectWithNullSerialization
Processing com.google.gson.functional.CollectionTest#testCollectionOfStringsDeserialization
Processing com.google.gson.functional.CollectionTest#testRawCollectionOfIntegersSerialization
Processing com.google.gson.functional.CollectionTest#testRawCollectionSerialization
Processing com.google.gson.functional.CollectionTest#testRawCollectionDeserializationNotAlllowed
Processing com.google.gson.functional.CollectionTest#testRawCollectionOfBagOfPrimitivesNotAllowed
Processing com.google.gson.functional.CollectionTest#testWildcardPrimitiveCollectionSerilaization
Processing com.google.gson.functional.CollectionTest#testWildcardPrimitiveCollectionDeserilaization
Processing com.google.gson.functional.CollectionTest#testWildcardCollectionField
Processing com.google.gson.functional.CollectionTest#testSetSerialization
Processing com.google.gson.functional.CollectionTest#testSetDeserialization
Processing com.google.gson.functional.CustomDeserializerTest#testCustomDeserializerReturnsNull
Processing com.google.gson.functional.CustomSerializerTest#testBaseClassSerializerInvokedForBaseClassFields
Processing com.google.gson.functional.CustomSerializerTest#testSubClassSerializerInvokedForBaseClassFieldsHoldingSubClassInstances
Processing com.google.gson.functional.CustomSerializerTest#testSubClassSerializerInvokedForBaseClassFieldsHoldingArrayOfSubClassInstances
Processing com.google.gson.functional.CustomSerializerTest#testBaseClassSerializerInvokedForBaseClassFieldsHoldingSubClassInstances
Processing com.google.gson.functional.CustomTypeAdaptersTest#testCustomAdapterInvokedForCollectionElementSerializationWithType
Processing com.google.gson.functional.CustomTypeAdaptersTest#testCustomAdapterInvokedForCollectionElementDeserialization
Processing com.google.gson.functional.CustomTypeAdaptersTest#testCustomAdapterInvokedForMapElementSerializationWithType
Processing com.google.gson.functional.CustomTypeAdaptersTest#testCustomAdapterInvokedForMapElementDeserialization
Processing com.google.gson.functional.CustomTypeAdaptersTest#testEnsureCustomSerializerNotInvokedForNullValues
Processing com.google.gson.functional.CustomTypeAdaptersTest#testEnsureCustomDeserializerNotInvokedForNullValues
Processing com.google.gson.functional.DefaultTypeAdaptersTest#testNullSerialization
Processing com.google.gson.functional.DefaultTypeAdaptersTest#testBigDecimalFieldSerialization
Processing com.google.gson.functional.DefaultTypeAdaptersTest#testBigDecimalFieldDeserialization
Processing com.google.gson.functional.DefaultTypeAdaptersTest#testBadValueForBigDecimalDeserialization
Processing com.google.gson.functional.DefaultTypeAdaptersTest#testBigIntegerFieldSerialization
Processing com.google.gson.functional.DefaultTypeAdaptersTest#testBigIntegerFieldDeserialization
Processing com.google.gson.functional.DefaultTypeAdaptersTest#testSetSerialization
Processing com.google.gson.functional.DefaultTypeAdaptersTest#testDateSerializationInCollection
Processing com.google.gson.functional.DelegateTypeAdapterTest#testDelegateInvoked
Processing com.google.gson.functional.EnumTest#testCollectionOfEnumsSerialization
Processing com.google.gson.functional.EnumTest#testCollectionOfEnumsDeserialization
Processing com.google.gson.functional.EnumTest#testEnumSubclass
Processing com.google.gson.functional.EnumTest#testEnumSubclassWithRegisteredTypeAdapter
Processing com.google.gson.functional.EnumTest#testEnumSubclassAsParameterizedType
Processing com.google.gson.functional.ExposeFieldsTest#testNullExposeFieldSerialization
Processing com.google.gson.functional.ExposeFieldsTest#testArrayWithOneNullExposeFieldObjectSerialization
Processing com.google.gson.functional.ExposeFieldsTest#testExposeAnnotationSerialization
Processing com.google.gson.functional.ExposeFieldsTest#testExposeAnnotationDeserialization
Processing com.google.gson.functional.ExposeFieldsTest#testExposedInterfaceFieldSerialization
Processing com.google.gson.functional.ExposeFieldsTest#testExposedInterfaceFieldDeserialization
Processing com.google.gson.functional.FieldExclusionTest#testDefaultInnerClassExclusion
Processing com.google.gson.functional.FieldExclusionTest#testDefaultNestedStaticClassIncluded
Processing com.google.gson.functional.InheritanceTest#testSubClassSerialization
Processing com.google.gson.functional.InheritanceTest#testSubClassDeserialization
Processing com.google.gson.functional.InheritanceTest#testClassWithBaseFieldSerialization
Processing com.google.gson.functional.InheritanceTest#testClassWithBaseArrayFieldSerialization
Processing com.google.gson.functional.InheritanceTest#testClassWithBaseCollectionFieldSerialization
Processing com.google.gson.functional.InheritanceTest#testSubInterfacesOfCollectionSerialization
Processing com.google.gson.functional.InheritanceTest#testSubInterfacesOfCollectionDeserialization
Processing com.google.gson.functional.InstanceCreatorTest#testInstanceCreatorReturnsSubTypeForField
Processing com.google.gson.functional.InterfaceTest#testSerializingObjectImplementingInterface
Processing com.google.gson.functional.InterfaceTest#testSerializingInterfaceObjectField
Processing com.google.gson.functional.JsonParserTest#testExtraCommasInArrays
Processing com.google.gson.functional.JsonParserTest#testExtraCommasInMaps
Processing com.google.gson.functional.JsonTreeTest#testJsonTreeToString
Processing com.google.gson.functional.MapAsArrayTypeAdapterTest#testSerializeComplexMapWithTypeAdapter
Processing com.google.gson.functional.MapAsArrayTypeAdapterTest#testTwoTypesCollapseToOneDeserialize
Processing com.google.gson.functional.MapAsArrayTypeAdapterTest#testMultipleEnableComplexKeyRegistrationHasNoEffect
Processing com.google.gson.functional.MapAsArrayTypeAdapterTest#testMapWithTypeVariableSerialization
Processing com.google.gson.functional.MapAsArrayTypeAdapterTest#testMapWithTypeVariableDeserialization
Processing com.google.gson.functional.MapTest#testMapSerialization
Processing com.google.gson.functional.MapTest#testMapDeserialization
Processing com.google.gson.functional.MapTest#testMapSerializationEmpty
Processing com.google.gson.functional.MapTest#testMapDeserializationEmpty
Processing com.google.gson.functional.MapTest#testMapSerializationWithNullValue
Processing com.google.gson.functional.MapTest#testMapDeserializationWithNullValue
Processing com.google.gson.functional.MapTest#testMapSerializationWithNullValueButSerializeNulls
Processing com.google.gson.functional.MapTest#testMapSerializationWithNullKey
Processing com.google.gson.functional.MapTest#testMapDeserializationWithNullKey
Processing com.google.gson.functional.MapTest#testMapSerializationWithIntegerKeys
Processing com.google.gson.functional.MapTest#testMapDeserializationWithIntegerKeys
Processing com.google.gson.functional.MapTest#testSortedMap
Processing com.google.gson.functional.MapTest#testParameterizedMapSubclassSerialization
Processing com.google.gson.functional.MapTest#testMapSerializationWithNullValues
Processing com.google.gson.functional.MapTest#testMapSerializationWithNullValuesSerialized
Processing com.google.gson.functional.MapTest#testMapSerializationWithWildcardValues
Processing com.google.gson.functional.MapTest#testMapDeserializationWithWildcardValues
Processing com.google.gson.functional.MapTest#testMapOfMapDeserialization
Processing com.google.gson.functional.MapTest#testReadMapsWithEmptyStringKey
Processing com.google.gson.functional.MapTest#testInterfaceTypeMap
Processing com.google.gson.functional.MapTest#testInterfaceTypeMapWithSerializer
Processing com.google.gson.functional.MapTest#testGeneralMapField
Processing com.google.gson.functional.MapTest#testComplexKeysSerialization
Processing com.google.gson.functional.MapTest#testComplexKeysDeserialization
Processing com.google.gson.functional.MapTest#testStringKeyDeserialization
Processing com.google.gson.functional.MapTest#testNumberKeyDeserialization
Processing com.google.gson.functional.MapTest#testBooleanKeyDeserialization
Processing com.google.gson.functional.MapTest#testMapDeserializationWithDuplicateKeys
Processing com.google.gson.functional.MapTest#testSerializeMapOfMaps
Processing com.google.gson.functional.MapTest#testDeerializeMapOfMaps
Processing com.google.gson.functional.MapTest#testMapNamePromotionWithJsonElementReader
Processing com.google.gson.functional.MoreSpecificTypeSerializationTest#testSubclassFields
Processing com.google.gson.functional.MoreSpecificTypeSerializationTest#testListOfSubclassFields
Processing com.google.gson.functional.MoreSpecificTypeSerializationTest#testMapOfSubclassFields
Processing com.google.gson.functional.MoreSpecificTypeSerializationTest#testParameterizedSubclassFields
Processing com.google.gson.functional.MoreSpecificTypeSerializationTest#testListOfParameterizedSubclassFields
Processing com.google.gson.functional.MoreSpecificTypeSerializationTest#testMapOfParameterizedSubclassFields
Processing com.google.gson.functional.NamingPolicyTest#testGsonWithNonDefaultFieldNamingPolicySerialization
Processing com.google.gson.functional.NamingPolicyTest#testGsonWithNonDefaultFieldNamingPolicyDeserialiation
Processing com.google.gson.functional.NamingPolicyTest#testGsonWithLowerCaseDashPolicySerialization
Processing com.google.gson.functional.NamingPolicyTest#testGsonWithLowerCaseDashPolicyDeserialiation
Processing com.google.gson.functional.NamingPolicyTest#testGsonWithLowerCaseUnderscorePolicySerialization
Processing com.google.gson.functional.NamingPolicyTest#testGsonWithLowerCaseUnderscorePolicyDeserialiation
Processing com.google.gson.functional.NamingPolicyTest#testGsonDuplicateNameUsingSerializedNameFieldNamingPolicySerialization
Processing com.google.gson.functional.NamingPolicyTest#testGsonWithUpperCamelCaseSpacesPolicySerialiation
Processing com.google.gson.functional.NamingPolicyTest#testGsonWithUpperCamelCaseSpacesPolicyDeserialiation
Processing com.google.gson.functional.NamingPolicyTest#testDeprecatedNamingStrategy
Processing com.google.gson.functional.NamingPolicyTest#testComplexFieldNameStrategy
Processing com.google.gson.functional.NullObjectAndFieldTest#testExplicitSerializationOfNullArrayMembers
Processing com.google.gson.functional.NullObjectAndFieldTest#testExplicitSerializationOfNullCollectionMembers
Processing com.google.gson.functional.NullObjectAndFieldTest#testExplicitSerializationOfNullStringMembers
Processing com.google.gson.functional.NullObjectAndFieldTest#testPrintPrintingObjectWithNulls
Processing com.google.gson.functional.ObjectTest#testBagOfPrimitiveWrappersSerialization
Processing com.google.gson.functional.ObjectTest#testBagOfPrimitiveWrappersDeserialization
Processing com.google.gson.functional.ObjectTest#testTruncatedDeserialization
Processing com.google.gson.functional.ObjectTest#testEmptyCollectionInAnObjectDeserialization
Processing com.google.gson.functional.ObjectTest#testEmptyCollectionInAnObjectSerialization
Processing com.google.gson.functional.ObjectTest#testInnerClassSerialization
Processing com.google.gson.functional.ObjectTest#testSingletonLists
Processing com.google.gson.functional.ObjectTest#testDateAsMapObjectField
Processing com.google.gson.functional.ParameterizedTypesTest#testParameterizedTypesSerialization
Processing com.google.gson.functional.ParameterizedTypesTest#testParameterizedTypesWithWriterSerialization
Processing com.google.gson.functional.ParameterizedTypesTest#testVariableTypeFieldsAndGenericArraysSerialization
Processing com.google.gson.functional.ParameterizedTypesTest#testVariableTypeFieldsAndGenericArraysDeserialization
Processing com.google.gson.functional.ParameterizedTypesTest#testVariableTypeDeserialization
Processing com.google.gson.functional.ParameterizedTypesTest#testVariableTypeArrayDeserialization
Processing com.google.gson.functional.ParameterizedTypesTest#testParameterizedTypeWithVariableTypeDeserialization
Processing com.google.gson.functional.ParameterizedTypesTest#testParameterizedTypeGenericArraysSerialization
Processing com.google.gson.functional.ParameterizedTypesTest#testParameterizedTypeGenericArraysDeserialization
Processing com.google.gson.functional.PrettyPrintingTest#testPrettyPrintList
Processing com.google.gson.functional.PrettyPrintingTest#testPrettyPrintListOfPrimitiveArrays
Processing com.google.gson.functional.PrettyPrintingTest#testEmptyMapField
Processing com.google.gson.functional.PrimitiveTest#testMoreSpecificSerialization
Processing com.google.gson.functional.PrimitiveTest#testStringsAsBooleans
Processing com.google.gson.functional.RawSerializationTest#testCollectionOfPrimitives
Processing com.google.gson.functional.RawSerializationTest#testCollectionOfObjects
Processing com.google.gson.functional.RawSerializationTest#testParameterizedObject
Processing com.google.gson.functional.RawSerializationTest#testTwoLevelParameterizedObject
Processing com.google.gson.functional.RawSerializationTest#testThreeLevelParameterizedObject
Processing com.google.gson.functional.ReadersWritersTest#testTypeMismatchThrowsJsonSyntaxExceptionForStrings
Processing com.google.gson.functional.ReadersWritersTest#testTypeMismatchThrowsJsonSyntaxExceptionForReaders
Processing com.google.gson.functional.StreamingTypeAdaptersTest#testSerializeWithCustomTypeAdapter
Processing com.google.gson.functional.StreamingTypeAdaptersTest#testDeserializeWithCustomTypeAdapter
Processing com.google.gson.functional.StreamingTypeAdaptersTest#testNullSafe
Processing com.google.gson.functional.StreamingTypeAdaptersTest#testSerializeRecursive
Processing com.google.gson.functional.TreeTypeAdaptersTest#testSerializeId
Processing com.google.gson.functional.TreeTypeAdaptersTest#testDeserializeId
Processing com.google.gson.functional.TypeVariableTest#testAdvancedTypeVariables
Processing com.google.gson.functional.TypeVariableTest#testTypeVariablesViaTypeParameter
Processing com.google.gson.functional.UncategorizedTest#testTrailingWhitespace
Processing com.google.gson.CommentsTest#testParseComments
Processing com.google.gson.DefaultMapJsonSerializerTest#testEmptyMapSerialization
Processing com.google.gson.DefaultMapJsonSerializerTest#testNonEmptyMapSerialization
Processing com.google.gson.JavaSerializationTest#testMapIsSerializable
Processing com.google.gson.JavaSerializationTest#testListIsSerializable
Processing com.google.gson.JavaSerializationTest#testNumberIsSerializable
Processing com.google.gson.MixedStreamTest#testWriteHtmlSafe
Processing com.google.gson.MixedStreamTest#testWriteLenient
Processing com.google.gson.ObjectTypeAdapterTest#testSerialize
[INFO] Printing com.google.gson.functional.CustomSerializerTest to /tmp/v1/gson/src/test/java//com/google/gson/functional/CustomSerializerTest.java
[INFO] Printing com.google.gson.functional.PrimitiveTest to /tmp/v1/gson/src/test/java//com/google/gson/functional/PrimitiveTest.java
[INFO] Printing com.google.gson.functional.ReadersWritersTest to /tmp/v1/gson/src/test/java//com/google/gson/functional/ReadersWritersTest.java
[INFO] Printing com.google.gson.functional.InstanceCreatorTest to /tmp/v1/gson/src/test/java//com/google/gson/functional/InstanceCreatorTest.java
[INFO] Printing com.google.gson.functional.CustomTypeAdaptersTest to /tmp/v1/gson/src/test/java//com/google/gson/functional/CustomTypeAdaptersTest.java
[INFO] Printing com.google.gson.CommentsTest to /tmp/v1/gson/src/test/java//com/google/gson/CommentsTest.java
[INFO] Printing com.google.gson.MixedStreamTest to /tmp/v1/gson/src/test/java//com/google/gson/MixedStreamTest.java
[INFO] Printing com.google.gson.functional.FieldExclusionTest to /tmp/v1/gson/src/test/java//com/google/gson/functional/FieldExclusionTest.java
[INFO] Printing com.google.gson.functional.CustomDeserializerTest to /tmp/v1/gson/src/test/java//com/google/gson/functional/CustomDeserializerTest.java
[INFO] Printing com.google.gson.functional.NamingPolicyTest to /tmp/v1/gson/src/test/java//com/google/gson/functional/NamingPolicyTest.java
[INFO] Printing com.google.gson.JavaSerializationTest to /tmp/v1/gson/src/test/java//com/google/gson/JavaSerializationTest.java
[INFO] Printing com.google.gson.functional.RawSerializationTest to /tmp/v1/gson/src/test/java//com/google/gson/functional/RawSerializationTest.java
[INFO] Printing com.google.gson.functional.InheritanceTest to /tmp/v1/gson/src/test/java//com/google/gson/functional/InheritanceTest.java
[INFO] Printing com.google.gson.functional.StreamingTypeAdaptersTest to /tmp/v1/gson/src/test/java//com/google/gson/functional/StreamingTypeAdaptersTest.java
[INFO] Printing com.google.gson.functional.NullObjectAndFieldTest to /tmp/v1/gson/src/test/java//com/google/gson/functional/NullObjectAndFieldTest.java
[INFO] Printing com.google.gson.ObjectTypeAdapterTest to /tmp/v1/gson/src/test/java//com/google/gson/ObjectTypeAdapterTest.java
[INFO] Printing com.google.gson.functional.UncategorizedTest to /tmp/v1/gson/src/test/java//com/google/gson/functional/UncategorizedTest.java
[INFO] Printing com.google.gson.functional.TreeTypeAdaptersTest to /tmp/v1/gson/src/test/java//com/google/gson/functional/TreeTypeAdaptersTest.java
[INFO] Printing com.google.gson.functional.ParameterizedTypesTest to /tmp/v1/gson/src/test/java//com/google/gson/functional/ParameterizedTypesTest.java
[INFO] Printing com.google.gson.functional.JsonParserTest to /tmp/v1/gson/src/test/java//com/google/gson/functional/JsonParserTest.java
[INFO] Printing com.google.gson.functional.DefaultTypeAdaptersTest to /tmp/v1/gson/src/test/java//com/google/gson/functional/DefaultTypeAdaptersTest.java
[INFO] Printing com.google.gson.functional.InterfaceTest to /tmp/v1/gson/src/test/java//com/google/gson/functional/InterfaceTest.java
[INFO] Printing com.google.gson.functional.CircularReferenceTest to /tmp/v1/gson/src/test/java//com/google/gson/functional/CircularReferenceTest.java
[INFO] Printing com.google.gson.functional.ArrayTest to /tmp/v1/gson/src/test/java//com/google/gson/functional/ArrayTest.java
[INFO] Printing com.google.gson.functional.DelegateTypeAdapterTest to /tmp/v1/gson/src/test/java//com/google/gson/functional/DelegateTypeAdapterTest.java
[INFO] Printing com.google.gson.functional.JsonTreeTest to /tmp/v1/gson/src/test/java//com/google/gson/functional/JsonTreeTest.java
[INFO] Printing com.google.gson.functional.MoreSpecificTypeSerializationTest to /tmp/v1/gson/src/test/java//com/google/gson/functional/MoreSpecificTypeSerializationTest.java
[INFO] Printing com.google.gson.functional.TypeVariableTest to /tmp/v1/gson/src/test/java//com/google/gson/functional/TypeVariableTest.java
[INFO] Printing com.google.gson.functional.MapTest to /tmp/v1/gson/src/test/java//com/google/gson/functional/MapTest.java
[INFO] Printing com.google.gson.functional.EnumTest to /tmp/v1/gson/src/test/java//com/google/gson/functional/EnumTest.java
[INFO] Printing com.google.gson.functional.ExposeFieldsTest to /tmp/v1/gson/src/test/java//com/google/gson/functional/ExposeFieldsTest.java
[INFO] Printing com.google.gson.functional.ObjectTest to /tmp/v1/gson/src/test/java//com/google/gson/functional/ObjectTest.java
[INFO] Printing com.google.gson.DefaultMapJsonSerializerTest to /tmp/v1/gson/src/test/java//com/google/gson/DefaultMapJsonSerializerTest.java
[INFO] Printing com.google.gson.functional.PrettyPrintingTest to /tmp/v1/gson/src/test/java//com/google/gson/functional/PrettyPrintingTest.java
[INFO] Printing com.google.gson.functional.CollectionTest to /tmp/v1/gson/src/test/java//com/google/gson/functional/CollectionTest.java
[INFO] Printing com.google.gson.functional.MapAsArrayTypeAdapterTest to /tmp/v1/gson/src/test/java//com/google/gson/functional/MapAsArrayTypeAdapterTest.java
[INFO] Injecting JUnit-Jjoules in /tmp/v1/gson/pom.xml
[INFO] Output new POM file in /tmp/v1/gson/pom.xml
[INFO] Instrument version after commit...
[INFO] Run on /tmp/v2/gson/
[INFO] Running in NOCLASSPATH mode (doc: http://spoon.gforge.inria.fr/launcher.html).
[INFO] fr.davidson.diff.jjoules.process.junit4.JJoulesProcessor
Processing com.google.gson.functional.ArrayTest#testArrayOfCollectionSerialization
Processing com.google.gson.functional.ArrayTest#testArrayOfCollectionDeserialization
Processing com.google.gson.functional.CircularReferenceTest#testCircularSerialization
Processing com.google.gson.functional.CircularReferenceTest#testDirectedAcyclicGraphSerialization
Processing com.google.gson.functional.CircularReferenceTest#testDirectedAcyclicGraphDeserialization
Processing com.google.gson.functional.CollectionTest#testTopLevelCollectionOfIntegersSerialization
Processing com.google.gson.functional.CollectionTest#testTopLevelCollectionOfIntegersDeserialization
Processing com.google.gson.functional.CollectionTest#testTopLevelListOfIntegerCollectionsDeserialization
Processing com.google.gson.functional.CollectionTest#testQueueSerialization
Processing com.google.gson.functional.CollectionTest#testQueueDeserialization
Processing com.google.gson.functional.CollectionTest#testNullsInListSerialization
Processing com.google.gson.functional.CollectionTest#testNullsInListDeserialization
Processing com.google.gson.functional.CollectionTest#testCollectionOfObjectSerialization
Processing com.google.gson.functional.CollectionTest#testCollectionOfObjectWithNullSerialization
Processing com.google.gson.functional.CollectionTest#testCollectionOfStringsDeserialization
Processing com.google.gson.functional.CollectionTest#testRawCollectionOfIntegersSerialization
Processing com.google.gson.functional.CollectionTest#testRawCollectionSerialization
Processing com.google.gson.functional.CollectionTest#testRawCollectionDeserializationNotAlllowed
Processing com.google.gson.functional.CollectionTest#testRawCollectionOfBagOfPrimitivesNotAllowed
Processing com.google.gson.functional.CollectionTest#testWildcardPrimitiveCollectionSerilaization
Processing com.google.gson.functional.CollectionTest#testWildcardPrimitiveCollectionDeserilaization
Processing com.google.gson.functional.CollectionTest#testWildcardCollectionField
Processing com.google.gson.functional.CollectionTest#testSetSerialization
Processing com.google.gson.functional.CollectionTest#testSetDeserialization
Processing com.google.gson.functional.CustomDeserializerTest#testCustomDeserializerReturnsNull
Processing com.google.gson.functional.CustomSerializerTest#testBaseClassSerializerInvokedForBaseClassFields
Processing com.google.gson.functional.CustomSerializerTest#testSubClassSerializerInvokedForBaseClassFieldsHoldingSubClassInstances
Processing com.google.gson.functional.CustomSerializerTest#testSubClassSerializerInvokedForBaseClassFieldsHoldingArrayOfSubClassInstances
Processing com.google.gson.functional.CustomSerializerTest#testBaseClassSerializerInvokedForBaseClassFieldsHoldingSubClassInstances
Processing com.google.gson.functional.CustomTypeAdaptersTest#testCustomAdapterInvokedForCollectionElementSerializationWithType
Processing com.google.gson.functional.CustomTypeAdaptersTest#testCustomAdapterInvokedForCollectionElementDeserialization
Processing com.google.gson.functional.CustomTypeAdaptersTest#testCustomAdapterInvokedForMapElementSerializationWithType
Processing com.google.gson.functional.CustomTypeAdaptersTest#testCustomAdapterInvokedForMapElementDeserialization
Processing com.google.gson.functional.CustomTypeAdaptersTest#testEnsureCustomSerializerNotInvokedForNullValues
Processing com.google.gson.functional.CustomTypeAdaptersTest#testEnsureCustomDeserializerNotInvokedForNullValues
Processing com.google.gson.functional.DefaultTypeAdaptersTest#testNullSerialization
Processing com.google.gson.functional.DefaultTypeAdaptersTest#testBigDecimalFieldSerialization
Processing com.google.gson.functional.DefaultTypeAdaptersTest#testBigDecimalFieldDeserialization
Processing com.google.gson.functional.DefaultTypeAdaptersTest#testBadValueForBigDecimalDeserialization
Processing com.google.gson.functional.DefaultTypeAdaptersTest#testBigIntegerFieldSerialization
Processing com.google.gson.functional.DefaultTypeAdaptersTest#testBigIntegerFieldDeserialization
Processing com.google.gson.functional.DefaultTypeAdaptersTest#testSetSerialization
Processing com.google.gson.functional.DefaultTypeAdaptersTest#testDateSerializationInCollection
Processing com.google.gson.functional.DelegateTypeAdapterTest#testDelegateInvoked
Processing com.google.gson.functional.EnumTest#testCollectionOfEnumsSerialization
Processing com.google.gson.functional.EnumTest#testCollectionOfEnumsDeserialization
Processing com.google.gson.functional.EnumTest#testEnumSubclass
Processing com.google.gson.functional.EnumTest#testEnumSubclassWithRegisteredTypeAdapter
Processing com.google.gson.functional.EnumTest#testEnumSubclassAsParameterizedType
Processing com.google.gson.functional.ExposeFieldsTest#testNullExposeFieldSerialization
Processing com.google.gson.functional.ExposeFieldsTest#testArrayWithOneNullExposeFieldObjectSerialization
Processing com.google.gson.functional.ExposeFieldsTest#testExposeAnnotationSerialization
Processing com.google.gson.functional.ExposeFieldsTest#testExposeAnnotationDeserialization
Processing com.google.gson.functional.ExposeFieldsTest#testExposedInterfaceFieldSerialization
Processing com.google.gson.functional.ExposeFieldsTest#testExposedInterfaceFieldDeserialization
Processing com.google.gson.functional.FieldExclusionTest#testDefaultInnerClassExclusion
Processing com.google.gson.functional.FieldExclusionTest#testDefaultNestedStaticClassIncluded
Processing com.google.gson.functional.InheritanceTest#testSubClassSerialization
Processing com.google.gson.functional.InheritanceTest#testSubClassDeserialization
Processing com.google.gson.functional.InheritanceTest#testClassWithBaseFieldSerialization
Processing com.google.gson.functional.InheritanceTest#testClassWithBaseArrayFieldSerialization
Processing com.google.gson.functional.InheritanceTest#testClassWithBaseCollectionFieldSerialization
Processing com.google.gson.functional.InheritanceTest#testSubInterfacesOfCollectionSerialization
Processing com.google.gson.functional.InheritanceTest#testSubInterfacesOfCollectionDeserialization
Processing com.google.gson.functional.InstanceCreatorTest#testInstanceCreatorReturnsSubTypeForField
Processing com.google.gson.functional.InterfaceTest#testSerializingObjectImplementingInterface
Processing com.google.gson.functional.InterfaceTest#testSerializingInterfaceObjectField
Processing com.google.gson.functional.JsonParserTest#testExtraCommasInArrays
Processing com.google.gson.functional.JsonParserTest#testExtraCommasInMaps
Processing com.google.gson.functional.JsonTreeTest#testJsonTreeToString
Processing com.google.gson.functional.MapAsArrayTypeAdapterTest#testSerializeComplexMapWithTypeAdapter
Processing com.google.gson.functional.MapAsArrayTypeAdapterTest#testTwoTypesCollapseToOneDeserialize
Processing com.google.gson.functional.MapAsArrayTypeAdapterTest#testMultipleEnableComplexKeyRegistrationHasNoEffect
Processing com.google.gson.functional.MapAsArrayTypeAdapterTest#testMapWithTypeVariableSerialization
Processing com.google.gson.functional.MapAsArrayTypeAdapterTest#testMapWithTypeVariableDeserialization
Processing com.google.gson.functional.MapTest#testMapSerialization
Processing com.google.gson.functional.MapTest#testMapDeserialization
Processing com.google.gson.functional.MapTest#testMapSerializationEmpty
Processing com.google.gson.functional.MapTest#testMapDeserializationEmpty
Processing com.google.gson.functional.MapTest#testMapSerializationWithNullValue
Processing com.google.gson.functional.MapTest#testMapDeserializationWithNullValue
Processing com.google.gson.functional.MapTest#testMapSerializationWithNullValueButSerializeNulls
Processing com.google.gson.functional.MapTest#testMapSerializationWithNullKey
Processing com.google.gson.functional.MapTest#testMapDeserializationWithNullKey
Processing com.google.gson.functional.MapTest#testMapSerializationWithIntegerKeys
Processing com.google.gson.functional.MapTest#testMapDeserializationWithIntegerKeys
Processing com.google.gson.functional.MapTest#testSortedMap
Processing com.google.gson.functional.MapTest#testParameterizedMapSubclassSerialization
Processing com.google.gson.functional.MapTest#testMapSerializationWithNullValues
Processing com.google.gson.functional.MapTest#testMapSerializationWithNullValuesSerialized
Processing com.google.gson.functional.MapTest#testMapSerializationWithWildcardValues
Processing com.google.gson.functional.MapTest#testMapDeserializationWithWildcardValues
Processing com.google.gson.functional.MapTest#testMapOfMapDeserialization
Processing com.google.gson.functional.MapTest#testReadMapsWithEmptyStringKey
Processing com.google.gson.functional.MapTest#testInterfaceTypeMap
Processing com.google.gson.functional.MapTest#testInterfaceTypeMapWithSerializer
Processing com.google.gson.functional.MapTest#testGeneralMapField
Processing com.google.gson.functional.MapTest#testComplexKeysSerialization
Processing com.google.gson.functional.MapTest#testComplexKeysDeserialization
Processing com.google.gson.functional.MapTest#testStringKeyDeserialization
Processing com.google.gson.functional.MapTest#testNumberKeyDeserialization
Processing com.google.gson.functional.MapTest#testBooleanKeyDeserialization
Processing com.google.gson.functional.MapTest#testMapDeserializationWithDuplicateKeys
Processing com.google.gson.functional.MapTest#testSerializeMapOfMaps
Processing com.google.gson.functional.MapTest#testDeerializeMapOfMaps
Processing com.google.gson.functional.MapTest#testMapNamePromotionWithJsonElementReader
Processing com.google.gson.functional.MoreSpecificTypeSerializationTest#testSubclassFields
Processing com.google.gson.functional.MoreSpecificTypeSerializationTest#testListOfSubclassFields
Processing com.google.gson.functional.MoreSpecificTypeSerializationTest#testMapOfSubclassFields
Processing com.google.gson.functional.MoreSpecificTypeSerializationTest#testParameterizedSubclassFields
Processing com.google.gson.functional.MoreSpecificTypeSerializationTest#testListOfParameterizedSubclassFields
Processing com.google.gson.functional.MoreSpecificTypeSerializationTest#testMapOfParameterizedSubclassFields
Processing com.google.gson.functional.NamingPolicyTest#testGsonWithNonDefaultFieldNamingPolicySerialization
Processing com.google.gson.functional.NamingPolicyTest#testGsonWithNonDefaultFieldNamingPolicyDeserialiation
Processing com.google.gson.functional.NamingPolicyTest#testGsonWithLowerCaseDashPolicySerialization
Processing com.google.gson.functional.NamingPolicyTest#testGsonWithLowerCaseDashPolicyDeserialiation
Processing com.google.gson.functional.NamingPolicyTest#testGsonWithLowerCaseUnderscorePolicySerialization
Processing com.google.gson.functional.NamingPolicyTest#testGsonWithLowerCaseUnderscorePolicyDeserialiation
Processing com.google.gson.functional.NamingPolicyTest#testGsonDuplicateNameUsingSerializedNameFieldNamingPolicySerialization
Processing com.google.gson.functional.NamingPolicyTest#testGsonWithUpperCamelCaseSpacesPolicySerialiation
Processing com.google.gson.functional.NamingPolicyTest#testGsonWithUpperCamelCaseSpacesPolicyDeserialiation
Processing com.google.gson.functional.NamingPolicyTest#testDeprecatedNamingStrategy
Processing com.google.gson.functional.NamingPolicyTest#testComplexFieldNameStrategy
Processing com.google.gson.functional.NullObjectAndFieldTest#testExplicitSerializationOfNullArrayMembers
Processing com.google.gson.functional.NullObjectAndFieldTest#testExplicitSerializationOfNullCollectionMembers
Processing com.google.gson.functional.NullObjectAndFieldTest#testExplicitSerializationOfNullStringMembers
Processing com.google.gson.functional.NullObjectAndFieldTest#testPrintPrintingObjectWithNulls
Processing com.google.gson.functional.ObjectTest#testBagOfPrimitiveWrappersSerialization
Processing com.google.gson.functional.ObjectTest#testBagOfPrimitiveWrappersDeserialization
Processing com.google.gson.functional.ObjectTest#testTruncatedDeserialization
Processing com.google.gson.functional.ObjectTest#testEmptyCollectionInAnObjectDeserialization
Processing com.google.gson.functional.ObjectTest#testEmptyCollectionInAnObjectSerialization
Processing com.google.gson.functional.ObjectTest#testInnerClassSerialization
Processing com.google.gson.functional.ObjectTest#testSingletonLists
Processing com.google.gson.functional.ObjectTest#testDateAsMapObjectField
Processing com.google.gson.functional.ParameterizedTypesTest#testParameterizedTypesSerialization
Processing com.google.gson.functional.ParameterizedTypesTest#testParameterizedTypesWithWriterSerialization
Processing com.google.gson.functional.ParameterizedTypesTest#testVariableTypeFieldsAndGenericArraysSerialization
Processing com.google.gson.functional.ParameterizedTypesTest#testVariableTypeFieldsAndGenericArraysDeserialization
Processing com.google.gson.functional.ParameterizedTypesTest#testVariableTypeDeserialization
Processing com.google.gson.functional.ParameterizedTypesTest#testVariableTypeArrayDeserialization
Processing com.google.gson.functional.ParameterizedTypesTest#testParameterizedTypeWithVariableTypeDeserialization
Processing com.google.gson.functional.ParameterizedTypesTest#testParameterizedTypeGenericArraysSerialization
Processing com.google.gson.functional.ParameterizedTypesTest#testParameterizedTypeGenericArraysDeserialization
Processing com.google.gson.functional.PrettyPrintingTest#testPrettyPrintList
Processing com.google.gson.functional.PrettyPrintingTest#testPrettyPrintListOfPrimitiveArrays
Processing com.google.gson.functional.PrettyPrintingTest#testEmptyMapField
Processing com.google.gson.functional.PrimitiveTest#testMoreSpecificSerialization
Processing com.google.gson.functional.PrimitiveTest#testStringsAsBooleans
Processing com.google.gson.functional.RawSerializationTest#testCollectionOfPrimitives
Processing com.google.gson.functional.RawSerializationTest#testCollectionOfObjects
Processing com.google.gson.functional.RawSerializationTest#testParameterizedObject
Processing com.google.gson.functional.RawSerializationTest#testTwoLevelParameterizedObject
Processing com.google.gson.functional.RawSerializationTest#testThreeLevelParameterizedObject
Processing com.google.gson.functional.ReadersWritersTest#testTypeMismatchThrowsJsonSyntaxExceptionForStrings
Processing com.google.gson.functional.ReadersWritersTest#testTypeMismatchThrowsJsonSyntaxExceptionForReaders
Processing com.google.gson.functional.StreamingTypeAdaptersTest#testSerializeWithCustomTypeAdapter
Processing com.google.gson.functional.StreamingTypeAdaptersTest#testDeserializeWithCustomTypeAdapter
Processing com.google.gson.functional.StreamingTypeAdaptersTest#testNullSafe
Processing com.google.gson.functional.StreamingTypeAdaptersTest#testSerializeRecursive
Processing com.google.gson.functional.TreeTypeAdaptersTest#testSerializeId
Processing com.google.gson.functional.TreeTypeAdaptersTest#testDeserializeId
Processing com.google.gson.functional.TypeVariableTest#testAdvancedTypeVariables
Processing com.google.gson.functional.TypeVariableTest#testTypeVariablesViaTypeParameter
Processing com.google.gson.functional.UncategorizedTest#testTrailingWhitespace
Processing com.google.gson.CommentsTest#testParseComments
Processing com.google.gson.DefaultMapJsonSerializerTest#testEmptyMapSerialization
Processing com.google.gson.DefaultMapJsonSerializerTest#testNonEmptyMapSerialization
Processing com.google.gson.JavaSerializationTest#testMapIsSerializable
Processing com.google.gson.JavaSerializationTest#testListIsSerializable
Processing com.google.gson.JavaSerializationTest#testNumberIsSerializable
Processing com.google.gson.MixedStreamTest#testWriteHtmlSafe
Processing com.google.gson.MixedStreamTest#testWriteLenient
Processing com.google.gson.ObjectTypeAdapterTest#testSerialize
[INFO] Printing com.google.gson.functional.InstanceCreatorTest to /tmp/v2/gson//src/test/java//com/google/gson/functional/InstanceCreatorTest.java
[INFO] Printing com.google.gson.functional.CustomTypeAdaptersTest to /tmp/v2/gson//src/test/java//com/google/gson/functional/CustomTypeAdaptersTest.java
[INFO] Printing com.google.gson.CommentsTest to /tmp/v2/gson//src/test/java//com/google/gson/CommentsTest.java
[INFO] Printing com.google.gson.functional.CustomTypeAdaptersTest to /tmp/v2/gson//src/test/java//com/google/gson/functional/CustomTypeAdaptersTest.java
[INFO] Printing com.google.gson.MixedStreamTest to /tmp/v2/gson//src/test/java//com/google/gson/MixedStreamTest.java
[INFO] Printing com.google.gson.MixedStreamTest to /tmp/v2/gson//src/test/java//com/google/gson/MixedStreamTest.java
[INFO] Printing com.google.gson.functional.FieldExclusionTest to /tmp/v2/gson//src/test/java//com/google/gson/functional/FieldExclusionTest.java
[INFO] Printing com.google.gson.functional.FieldExclusionTest to /tmp/v2/gson//src/test/java//com/google/gson/functional/FieldExclusionTest.java
[INFO] Printing com.google.gson.JavaSerializationTest to /tmp/v2/gson//src/test/java//com/google/gson/JavaSerializationTest.java
[INFO] Printing com.google.gson.JavaSerializationTest to /tmp/v2/gson//src/test/java//com/google/gson/JavaSerializationTest.java
[INFO] Printing com.google.gson.functional.RawSerializationTest to /tmp/v2/gson//src/test/java//com/google/gson/functional/RawSerializationTest.java
[INFO] Printing com.google.gson.functional.RawSerializationTest to /tmp/v2/gson//src/test/java//com/google/gson/functional/RawSerializationTest.java
[INFO] Printing com.google.gson.functional.StreamingTypeAdaptersTest to /tmp/v2/gson//src/test/java//com/google/gson/functional/StreamingTypeAdaptersTest.java
[INFO] Printing com.google.gson.functional.StreamingTypeAdaptersTest to /tmp/v2/gson//src/test/java//com/google/gson/functional/StreamingTypeAdaptersTest.java
[INFO] Printing com.google.gson.functional.NullObjectAndFieldTest to /tmp/v2/gson//src/test/java//com/google/gson/functional/NullObjectAndFieldTest.java
[INFO] Printing com.google.gson.ObjectTypeAdapterTest to /tmp/v2/gson//src/test/java//com/google/gson/ObjectTypeAdapterTest.java
[INFO] Printing com.google.gson.functional.NullObjectAndFieldTest to /tmp/v2/gson//src/test/java//com/google/gson/functional/NullObjectAndFieldTest.java
[INFO] Printing com.google.gson.functional.UncategorizedTest to /tmp/v2/gson//src/test/java//com/google/gson/functional/UncategorizedTest.java
[INFO] Printing com.google.gson.functional.TreeTypeAdaptersTest to /tmp/v2/gson//src/test/java//com/google/gson/functional/TreeTypeAdaptersTest.java
[INFO] Printing com.google.gson.functional.TreeTypeAdaptersTest to /tmp/v2/gson//src/test/java//com/google/gson/functional/TreeTypeAdaptersTest.java
[INFO] Printing com.google.gson.functional.ParameterizedTypesTest to /tmp/v2/gson//src/test/java//com/google/gson/functional/ParameterizedTypesTest.java
[INFO] Printing com.google.gson.functional.ParameterizedTypesTest to /tmp/v2/gson//src/test/java//com/google/gson/functional/ParameterizedTypesTest.java
[INFO] Printing com.google.gson.functional.DefaultTypeAdaptersTest to /tmp/v2/gson//src/test/java//com/google/gson/functional/DefaultTypeAdaptersTest.java
[INFO] Printing com.google.gson.functional.DefaultTypeAdaptersTest to /tmp/v2/gson//src/test/java//com/google/gson/functional/DefaultTypeAdaptersTest.java
[INFO] Printing com.google.gson.functional.InterfaceTest to /tmp/v2/gson//src/test/java//com/google/gson/functional/InterfaceTest.java
[INFO] Printing com.google.gson.functional.InterfaceTest to /tmp/v2/gson//src/test/java//com/google/gson/functional/InterfaceTest.java
[INFO] Printing com.google.gson.functional.CircularReferenceTest to /tmp/v2/gson//src/test/java//com/google/gson/functional/CircularReferenceTest.java
[INFO] Printing com.google.gson.functional.CircularReferenceTest to /tmp/v2/gson//src/test/java//com/google/gson/functional/CircularReferenceTest.java
[INFO] Printing com.google.gson.functional.DelegateTypeAdapterTest to /tmp/v2/gson//src/test/java//com/google/gson/functional/DelegateTypeAdapterTest.java
[INFO] Printing com.google.gson.functional.JsonTreeTest to /tmp/v2/gson//src/test/java//com/google/gson/functional/JsonTreeTest.java
[INFO] Printing com.google.gson.functional.EnumTest to /tmp/v2/gson//src/test/java//com/google/gson/functional/EnumTest.java
[INFO] Printing com.google.gson.functional.ExposeFieldsTest to /tmp/v2/gson//src/test/java//com/google/gson/functional/ExposeFieldsTest.java
[INFO] Printing com.google.gson.functional.EnumTest to /tmp/v2/gson//src/test/java//com/google/gson/functional/EnumTest.java
[INFO] Printing com.google.gson.functional.ExposeFieldsTest to /tmp/v2/gson//src/test/java//com/google/gson/functional/ExposeFieldsTest.java
[INFO] Printing com.google.gson.DefaultMapJsonSerializerTest to /tmp/v2/gson//src/test/java//com/google/gson/DefaultMapJsonSerializerTest.java
[INFO] Printing com.google.gson.DefaultMapJsonSerializerTest to /tmp/v2/gson//src/test/java//com/google/gson/DefaultMapJsonSerializerTest.java
[INFO] Printing com.google.gson.functional.CollectionTest to /tmp/v2/gson//src/test/java//com/google/gson/functional/CollectionTest.java
[INFO] Printing com.google.gson.functional.CollectionTest to /tmp/v2/gson//src/test/java//com/google/gson/functional/CollectionTest.java
[INFO] Printing com.google.gson.functional.MapAsArrayTypeAdapterTest to /tmp/v2/gson//src/test/java//com/google/gson/functional/MapAsArrayTypeAdapterTest.java
[INFO] Printing com.google.gson.functional.MapAsArrayTypeAdapterTest to /tmp/v2/gson//src/test/java//com/google/gson/functional/MapAsArrayTypeAdapterTest.java
[INFO] Printing com.google.gson.functional.CustomSerializerTest to /tmp/v2/gson//src/test/java//com/google/gson/functional/CustomSerializerTest.java
[INFO] Printing com.google.gson.functional.PrimitiveTest to /tmp/v2/gson//src/test/java//com/google/gson/functional/PrimitiveTest.java
[INFO] Printing com.google.gson.functional.CustomSerializerTest to /tmp/v2/gson//src/test/java//com/google/gson/functional/CustomSerializerTest.java
[INFO] Printing com.google.gson.functional.PrimitiveTest to /tmp/v2/gson//src/test/java//com/google/gson/functional/PrimitiveTest.java
[INFO] Printing com.google.gson.functional.ReadersWritersTest to /tmp/v2/gson//src/test/java//com/google/gson/functional/ReadersWritersTest.java
[INFO] Printing com.google.gson.functional.ReadersWritersTest to /tmp/v2/gson//src/test/java//com/google/gson/functional/ReadersWritersTest.java
[INFO] Printing com.google.gson.functional.CustomDeserializerTest to /tmp/v2/gson//src/test/java//com/google/gson/functional/CustomDeserializerTest.java
[INFO] Printing com.google.gson.functional.NamingPolicyTest to /tmp/v2/gson//src/test/java//com/google/gson/functional/NamingPolicyTest.java
[INFO] Printing com.google.gson.functional.NamingPolicyTest to /tmp/v2/gson//src/test/java//com/google/gson/functional/NamingPolicyTest.java
[INFO] Printing com.google.gson.functional.InheritanceTest to /tmp/v2/gson//src/test/java//com/google/gson/functional/InheritanceTest.java
[INFO] Printing com.google.gson.functional.InheritanceTest to /tmp/v2/gson//src/test/java//com/google/gson/functional/InheritanceTest.java
[INFO] Printing com.google.gson.functional.JsonParserTest to /tmp/v2/gson//src/test/java//com/google/gson/functional/JsonParserTest.java
[INFO] Printing com.google.gson.functional.JsonParserTest to /tmp/v2/gson//src/test/java//com/google/gson/functional/JsonParserTest.java
[INFO] Printing com.google.gson.functional.ArrayTest to /tmp/v2/gson//src/test/java//com/google/gson/functional/ArrayTest.java
[INFO] Printing com.google.gson.functional.ArrayTest to /tmp/v2/gson//src/test/java//com/google/gson/functional/ArrayTest.java
[INFO] Printing com.google.gson.functional.MoreSpecificTypeSerializationTest to /tmp/v2/gson//src/test/java//com/google/gson/functional/MoreSpecificTypeSerializationTest.java
[INFO] Printing com.google.gson.functional.MoreSpecificTypeSerializationTest to /tmp/v2/gson//src/test/java//com/google/gson/functional/MoreSpecificTypeSerializationTest.java
[INFO] Printing com.google.gson.functional.TypeVariableTest to /tmp/v2/gson//src/test/java//com/google/gson/functional/TypeVariableTest.java
[INFO] Printing com.google.gson.functional.TypeVariableTest to /tmp/v2/gson//src/test/java//com/google/gson/functional/TypeVariableTest.java
[INFO] Printing com.google.gson.functional.MapTest to /tmp/v2/gson//src/test/java//com/google/gson/functional/MapTest.java
[INFO] Printing com.google.gson.functional.MapTest to /tmp/v2/gson//src/test/java//com/google/gson/functional/MapTest.java
[INFO] Printing com.google.gson.functional.ObjectTest to /tmp/v2/gson//src/test/java//com/google/gson/functional/ObjectTest.java
[INFO] Printing com.google.gson.functional.ObjectTest to /tmp/v2/gson//src/test/java//com/google/gson/functional/ObjectTest.java
[INFO] Printing com.google.gson.functional.PrettyPrintingTest to /tmp/v2/gson//src/test/java//com/google/gson/functional/PrettyPrintingTest.java
[INFO] Printing com.google.gson.functional.PrettyPrintingTest to /tmp/v2/gson//src/test/java//com/google/gson/functional/PrettyPrintingTest.java
[INFO] Injecting JUnit-Jjoules in /tmp/v2/gson//pom.xml
[INFO] Output new POM file in /tmp/v2/gson//pom.xml
[INFO] ------------------------------------------------------------------------
[INFO] BUILD SUCCESS
[INFO] ------------------------------------------------------------------------
[INFO] Total time:  14.789 s
[INFO] Finished at: 2021-01-05T06:47:16+01:00
[INFO] ------------------------------------------------------------------------
