[INFO] Scanning for projects...
[WARNING] 
[WARNING] Some problems were encountered while building the effective model for com.google.code.gson:gson:jar:1.3
[WARNING] 'build.plugins.plugin.version' for org.apache.maven.plugins:maven-compiler-plugin is missing. @ line 53, column 15
[WARNING] 'build.plugins.plugin.version' for org.codehaus.mojo:cobertura-maven-plugin is missing. @ line 182, column 15
[WARNING] 'build.plugins.plugin.version' for org.apache.maven.plugins:maven-jar-plugin is missing. @ line 61, column 16
[WARNING] 'build.plugins.plugin.version' for org.apache.maven.plugins:maven-jxr-plugin is missing. @ line 145, column 15
[WARNING] 'build.plugins.plugin.version' for org.apache.maven.plugins:maven-pmd-plugin is missing. @ line 149, column 15
[WARNING] 'build.plugins.plugin.version' for org.codehaus.mojo:taglist-maven-plugin is missing. @ line 170, column 15
[WARNING] 'build.plugins.plugin.version' for org.apache.maven.plugins:maven-checkstyle-plugin is missing. @ line 162, column 15
[WARNING] 'build.plugins.plugin.version' for org.apache.maven.plugins:maven-source-plugin is missing. @ line 73, column 16
[WARNING] 'build.plugins.plugin.version' for org.apache.maven.plugins:maven-javadoc-plugin is missing. @ line 87, column 16
[WARNING] 'build.plugins.plugin.version' for org.apache.maven.plugins:maven-eclipse-plugin is missing. @ line 107, column 16
[WARNING] The expression ${version} is deprecated. Please use ${project.version} instead.
[WARNING] 
[WARNING] It is highly recommended to fix these problems because they threaten the stability of your build.
[WARNING] 
[WARNING] For this reason, future Maven versions might no longer support building such malformed projects.
[WARNING] 
[INFO] 
[INFO] ---------------------< com.google.code.gson:gson >----------------------
[INFO] Building Gson 1.3
[INFO] --------------------------------[ jar ]---------------------------------
[INFO] 
[INFO] --- maven-clean-plugin:2.5:clean (default-clean) @ gson ---
[INFO] Deleting /tmp/v1/gson/target
[INFO] 
[INFO] --- cobertura-maven-plugin:2.7:clean (clean) @ gson ---
[INFO] 
[INFO] --- maven-resources-plugin:2.6:resources (default-resources) @ gson ---
[WARNING] Using platform encoding (UTF-8 actually) to copy filtered resources, i.e. build is platform dependent!
[INFO] Copying 1 resource
[INFO] 
[INFO] --- maven-compiler-plugin:3.1:compile (default-compile) @ gson ---
[INFO] Changes detected - recompiling the module!
[WARNING] File encoding has not been set, using platform encoding UTF-8, i.e. build is platform dependent!
[INFO] Compiling 82 source files to /tmp/v1/gson/target/classes
[WARNING] /tmp/v1/gson/src/main/java/com/google/gson/JsonParser.java: /tmp/v1/gson/src/main/java/com/google/gson/JsonParser.java uses unchecked or unsafe operations.
[WARNING] /tmp/v1/gson/src/main/java/com/google/gson/JsonParser.java: Recompile with -Xlint:unchecked for details.
[INFO] 
[INFO] --- maven-resources-plugin:2.6:testResources (default-testResources) @ gson ---
[WARNING] Using platform encoding (UTF-8 actually) to copy filtered resources, i.e. build is platform dependent!
[INFO] skip non existing resourceDirectory /tmp/v1/gson/src/test/resources
[INFO] 
[INFO] --- maven-compiler-plugin:3.1:testCompile (default-testCompile) @ gson ---
[INFO] Changes detected - recompiling the module!
[WARNING] File encoding has not been set, using platform encoding UTF-8, i.e. build is platform dependent!
[INFO] Compiling 58 source files to /tmp/v1/gson/target/test-classes
[INFO] 
[INFO] --- maven-surefire-plugin:2.12.4:test (default-test) @ gson ---
[INFO] Tests are skipped.
[INFO] 
[INFO] --- maven-dependency-plugin:2.8:build-classpath (default-cli) @ gson ---
[INFO] Skipped writing classpath file '/tmp/v1/gson/classpath'.  No changes found.
[INFO] 
[INFO] --- diff-jjoules:0.0.1-SNAPSHOT:instrument (default-cli) @ gson ---
[INFO] Running on:
[INFO] /tmp/v1/gson
[INFO] /tmp/v2/gson/
[INFO] Enable JUnit4 mode
[INFO] Configuration{pathToFirstVersion='/tmp/v1/gson', pathToSecondVersion='/tmp/v2/gson/', pathToTestListAsCSV='/tmp/v1/gson/testsThatExecuteTheChange.csv', classpath=[/home/spino/.m2/repository/junit/junit/3.8.2/junit-3.8.2.jar], junit4=true}
[INFO] com.google.gson.functional.CollectionTest:[testWildcardCollectionField, testNullsInListSerialization, testQueueSerialization, testCollectionOfStringsSerialization, testCollectionOfObjectSerialization, testCollectionOfEnumsSerialization, testLinkedListSerialization, testCollectionOfBagOfPrimitivesSerialization]
com.google.gson.functional.ParameterizedTypesTest:[testParameterizedTypeWithCustomSerializer, testTypesWithMultipleParametersSerialization]
com.google.gson.functional.CustomTypeAdaptersTest:[testCustomAdapterInvokedForCollectionElementSerializationWithType, testCustomAdapterInvokedForMapElementSerialization, testCustomAdapterInvokedForMapElementSerializationWithType, testCustomByteArraySerializer, testCustomAdapterInvokedForCollectionElementSerialization]
com.google.gson.functional.StringTest:[testStringValueAsSingleElementArraySerialization, testStringValueSerialization, testEscapedCtrlNInStringSerialization, testEscapingQuotesInStringSerialization, testEscapedCtrlRInStringSerialization, testSingleQuoteInStringSerialization, testAssignmentCharSerialization, testEscapedBackslashInStringSerialization, testJavascriptKeywordsInStringSerialization]
com.google.gson.functional.EscapingTest:[testEscapingQuotesInStringArray, testEscapingObjectFields]
com.google.gson.functional.NamingPolicyTest:[testGsonWithNonDefaultFieldNamingPolicyDeserialiation, testGsonWithNonDefaultFieldNamingPolicySerialization]
com.google.gson.FunctionalWithInternalDependenciesTest:[testPrettyPrintArrayOfObjects]
com.google.gson.functional.CustomDeserializerTest:[testDefaultConstructorNotCalledOnField, testDefaultConstructorNotCalledOnObject]
com.google.gson.functional.ObjectTest:[testTopLevelEnumSerialization, testInheritenceSerialization, testBagOfPrimitivesSerialization, testSubInterfacesOfCollectionSerialization, testNullFieldsSerialization, testClassWithObjectFieldSerialization, testArrayOfArraysSerialization, testArrayOfObjectsSerialization, testClassWithEnumFieldSerialization, testNestedSerialization]
com.google.gson.functional.ArrayTest:[testNullsInArraySerialization, testArrayOfStringsSerialization]
com.google.gson.JsonEscapingVisitorTest:[testStringPrimitiveVisitationEscapingRequired, testStringFieldVisitationNoEscaping, testStringFieldVisitationEscapingRequired, testStringPrimitiveVisitationNoEscapingRequired, testStringArrayVisitationEscapingRequired, testStringArrayVisitationNoEscaping]
com.google.gson.functional.VersioningTest:[testVersionedGsonWithUnversionedClassesSerialization]
com.google.gson.functional.MapTest:[testMapSubclassSerialization, testRawMapSerialization, testParameterizedMapSubclassSerialization]
com.google.gson.functional.ConcurrencyTest:[testSingleThreadSerialization, testMultiThreadSerialization]
com.google.gson.EscaperTest:[testRequiredEscapingUnicodeCharacter, testTabEscaping, testNoSpecialCharacters, testNewlineEscaping, testSlashEscaping, testGreaterThanAndLessThanEscaping, testEqualsEscaping, testCarrageReturnEscaping, testAmpersandEscaping, testSingleQuoteNotEscaped, testUnicodeCharacterStringNoEscaping, testQuoteEscaping]
com.google.gson.GsonTypeAdapterTest:[testTypeAdapterDoesNotAffectNonAdaptedTypes]
com.google.gson.functional.DefaultTypeAdaptersTest:[testDefaultDateSerialization, testDefaultDateSerializationUsingBuilder, testSetSerialization, testDefaultDateDeserializationUsingBuilder, testDateSerializationWithPattern, testLocaleSerializationWithLanguageCountryVariant, testLocaleSerializationWithLanguageCountry, testUrlSerialization, testDefaultDateDeserialization, testUriSerialization, testUuidSerialization, testDateDeserializationWithPattern, testLocaleSerializationWithLanguage]
[INFO] Instrument version before commit...
[INFO] Run on /tmp/v1/gson
[INFO] Running in NOCLASSPATH mode (doc: http://spoon.gforge.inria.fr/launcher.html).
[INFO] fr.davidson.diff.jjoules.process.junit4.JJoulesProcessor
Processing com.google.gson.functional.ArrayTest#testNullsInArraySerialization
Processing com.google.gson.functional.ArrayTest#testArrayOfStringsSerialization
Processing com.google.gson.functional.CollectionTest#testLinkedListSerialization
Processing com.google.gson.functional.CollectionTest#testQueueSerialization
Processing com.google.gson.functional.CollectionTest#testNullsInListSerialization
Processing com.google.gson.functional.CollectionTest#testCollectionOfObjectSerialization
Processing com.google.gson.functional.CollectionTest#testCollectionOfStringsSerialization
Processing com.google.gson.functional.CollectionTest#testCollectionOfBagOfPrimitivesSerialization
Processing com.google.gson.functional.CollectionTest#testCollectionOfEnumsSerialization
Processing com.google.gson.functional.CollectionTest#testWildcardCollectionField
Processing com.google.gson.functional.ConcurrencyTest#testSingleThreadSerialization
Processing com.google.gson.functional.ConcurrencyTest#testMultiThreadSerialization
Processing com.google.gson.functional.CustomDeserializerTest#testDefaultConstructorNotCalledOnObject
Processing com.google.gson.functional.CustomDeserializerTest#testDefaultConstructorNotCalledOnField
Processing com.google.gson.functional.CustomTypeAdaptersTest#testCustomByteArraySerializer
Processing com.google.gson.functional.CustomTypeAdaptersTest#testCustomAdapterInvokedForCollectionElementSerializationWithType
Processing com.google.gson.functional.CustomTypeAdaptersTest#testCustomAdapterInvokedForCollectionElementSerialization
Processing com.google.gson.functional.CustomTypeAdaptersTest#testCustomAdapterInvokedForMapElementSerializationWithType
Processing com.google.gson.functional.CustomTypeAdaptersTest#testCustomAdapterInvokedForMapElementSerialization
Processing com.google.gson.functional.DefaultTypeAdaptersTest#testUrlSerialization
Processing com.google.gson.functional.DefaultTypeAdaptersTest#testUriSerialization
Processing com.google.gson.functional.DefaultTypeAdaptersTest#testUuidSerialization
Processing com.google.gson.functional.DefaultTypeAdaptersTest#testLocaleSerializationWithLanguage
Processing com.google.gson.functional.DefaultTypeAdaptersTest#testLocaleSerializationWithLanguageCountry
Processing com.google.gson.functional.DefaultTypeAdaptersTest#testLocaleSerializationWithLanguageCountryVariant
Processing com.google.gson.functional.DefaultTypeAdaptersTest#testSetSerialization
Processing com.google.gson.functional.DefaultTypeAdaptersTest#testDefaultDateSerialization
Processing com.google.gson.functional.DefaultTypeAdaptersTest#testDefaultDateDeserialization
Processing com.google.gson.functional.DefaultTypeAdaptersTest#testDefaultDateSerializationUsingBuilder
Processing com.google.gson.functional.DefaultTypeAdaptersTest#testDefaultDateDeserializationUsingBuilder
Processing com.google.gson.functional.DefaultTypeAdaptersTest#testDateSerializationWithPattern
Processing com.google.gson.functional.DefaultTypeAdaptersTest#testDateDeserializationWithPattern
Processing com.google.gson.functional.EscapingTest#testEscapingQuotesInStringArray
Processing com.google.gson.functional.EscapingTest#testEscapingObjectFields
Processing com.google.gson.functional.MapTest#testRawMapSerialization
Processing com.google.gson.functional.MapTest#testParameterizedMapSubclassSerialization
Processing com.google.gson.functional.MapTest#testMapSubclassSerialization
Processing com.google.gson.functional.NamingPolicyTest#testGsonWithNonDefaultFieldNamingPolicySerialization
Processing com.google.gson.functional.NamingPolicyTest#testGsonWithNonDefaultFieldNamingPolicyDeserialiation
Processing com.google.gson.functional.ObjectTest#testBagOfPrimitivesSerialization
Processing com.google.gson.functional.ObjectTest#testNestedSerialization
Processing com.google.gson.functional.ObjectTest#testInheritenceSerialization
Processing com.google.gson.functional.ObjectTest#testNullFieldsSerialization
Processing com.google.gson.functional.ObjectTest#testArrayOfObjectsSerialization
Processing com.google.gson.functional.ObjectTest#testArrayOfArraysSerialization
Processing com.google.gson.functional.ObjectTest#testClassWithEnumFieldSerialization
Processing com.google.gson.functional.ObjectTest#testTopLevelEnumSerialization
Processing com.google.gson.functional.ObjectTest#testSubInterfacesOfCollectionSerialization
Processing com.google.gson.functional.ObjectTest#testClassWithObjectFieldSerialization
Processing com.google.gson.functional.ParameterizedTypesTest#testTypesWithMultipleParametersSerialization
Processing com.google.gson.functional.ParameterizedTypesTest#testParameterizedTypeWithCustomSerializer
Processing com.google.gson.functional.StringTest#testStringValueSerialization
Processing com.google.gson.functional.StringTest#testSingleQuoteInStringSerialization
Processing com.google.gson.functional.StringTest#testEscapedCtrlNInStringSerialization
Processing com.google.gson.functional.StringTest#testEscapedCtrlRInStringSerialization
Processing com.google.gson.functional.StringTest#testEscapedBackslashInStringSerialization
Processing com.google.gson.functional.StringTest#testEscapingQuotesInStringSerialization
Processing com.google.gson.functional.StringTest#testStringValueAsSingleElementArraySerialization
Processing com.google.gson.functional.StringTest#testAssignmentCharSerialization
Processing com.google.gson.functional.StringTest#testJavascriptKeywordsInStringSerialization
Processing com.google.gson.functional.VersioningTest#testVersionedGsonWithUnversionedClassesSerialization
Processing com.google.gson.EscaperTest#testNoSpecialCharacters
Processing com.google.gson.EscaperTest#testNewlineEscaping
Processing com.google.gson.EscaperTest#testCarrageReturnEscaping
Processing com.google.gson.EscaperTest#testTabEscaping
Processing com.google.gson.EscaperTest#testQuoteEscaping
Processing com.google.gson.EscaperTest#testEqualsEscaping
Processing com.google.gson.EscaperTest#testGreaterThanAndLessThanEscaping
Processing com.google.gson.EscaperTest#testAmpersandEscaping
Processing com.google.gson.EscaperTest#testSlashEscaping
Processing com.google.gson.EscaperTest#testSingleQuoteNotEscaped
Processing com.google.gson.EscaperTest#testRequiredEscapingUnicodeCharacter
Processing com.google.gson.EscaperTest#testUnicodeCharacterStringNoEscaping
Processing com.google.gson.FunctionalWithInternalDependenciesTest#testPrettyPrintArrayOfObjects
Processing com.google.gson.GsonTypeAdapterTest#testTypeAdapterDoesNotAffectNonAdaptedTypes
Processing com.google.gson.JsonEscapingVisitorTest#testStringPrimitiveVisitationNoEscapingRequired
Processing com.google.gson.JsonEscapingVisitorTest#testStringPrimitiveVisitationEscapingRequired
Processing com.google.gson.JsonEscapingVisitorTest#testStringArrayVisitationNoEscaping
Processing com.google.gson.JsonEscapingVisitorTest#testStringArrayVisitationEscapingRequired
Processing com.google.gson.JsonEscapingVisitorTest#testStringFieldVisitationNoEscaping
Processing com.google.gson.JsonEscapingVisitorTest#testStringFieldVisitationEscapingRequired
[INFO] Printing com.google.gson.functional.ParameterizedTypesTest to /tmp/v1/gson/src/test/java//com/google/gson/functional/ParameterizedTypesTest.java
[INFO] Printing com.google.gson.functional.CustomTypeAdaptersTest to /tmp/v1/gson/src/test/java//com/google/gson/functional/CustomTypeAdaptersTest.java
[INFO] Printing com.google.gson.EscaperTest to /tmp/v1/gson/src/test/java//com/google/gson/EscaperTest.java
[INFO] Printing com.google.gson.functional.ConcurrencyTest to /tmp/v1/gson/src/test/java//com/google/gson/functional/ConcurrencyTest.java
[INFO] Printing com.google.gson.functional.CustomDeserializerTest to /tmp/v1/gson/src/test/java//com/google/gson/functional/CustomDeserializerTest.java
[INFO] Printing com.google.gson.functional.NamingPolicyTest to /tmp/v1/gson/src/test/java//com/google/gson/functional/NamingPolicyTest.java
[INFO] Printing com.google.gson.functional.StringTest to /tmp/v1/gson/src/test/java//com/google/gson/functional/StringTest.java
[INFO] Printing com.google.gson.functional.DefaultTypeAdaptersTest to /tmp/v1/gson/src/test/java//com/google/gson/functional/DefaultTypeAdaptersTest.java
[INFO] Printing com.google.gson.functional.ArrayTest to /tmp/v1/gson/src/test/java//com/google/gson/functional/ArrayTest.java
[INFO] Printing com.google.gson.functional.VersioningTest to /tmp/v1/gson/src/test/java//com/google/gson/functional/VersioningTest.java
[INFO] Printing com.google.gson.FunctionalWithInternalDependenciesTest to /tmp/v1/gson/src/test/java//com/google/gson/FunctionalWithInternalDependenciesTest.java
[INFO] Printing com.google.gson.GsonTypeAdapterTest to /tmp/v1/gson/src/test/java//com/google/gson/GsonTypeAdapterTest.java
[INFO] Printing com.google.gson.functional.MapTest to /tmp/v1/gson/src/test/java//com/google/gson/functional/MapTest.java
[INFO] Printing com.google.gson.functional.ObjectTest to /tmp/v1/gson/src/test/java//com/google/gson/functional/ObjectTest.java
[INFO] Printing com.google.gson.functional.EscapingTest to /tmp/v1/gson/src/test/java//com/google/gson/functional/EscapingTest.java
[INFO] Printing com.google.gson.functional.CollectionTest to /tmp/v1/gson/src/test/java//com/google/gson/functional/CollectionTest.java
[INFO] Printing com.google.gson.JsonEscapingVisitorTest to /tmp/v1/gson/src/test/java//com/google/gson/JsonEscapingVisitorTest.java
[INFO] Injecting JUnit-Jjoules in /tmp/v1/gson/pom.xml
[INFO] Output new POM file in /tmp/v1/gson/pom.xml
[INFO] Instrument version after commit...
[INFO] Run on /tmp/v2/gson/
[INFO] Running in NOCLASSPATH mode (doc: http://spoon.gforge.inria.fr/launcher.html).
[INFO] fr.davidson.diff.jjoules.process.junit4.JJoulesProcessor
Processing com.google.gson.functional.ArrayTest#testNullsInArraySerialization
Processing com.google.gson.functional.ArrayTest#testArrayOfStringsSerialization
Processing com.google.gson.functional.CollectionTest#testLinkedListSerialization
Processing com.google.gson.functional.CollectionTest#testQueueSerialization
Processing com.google.gson.functional.CollectionTest#testNullsInListSerialization
Processing com.google.gson.functional.CollectionTest#testCollectionOfObjectSerialization
Processing com.google.gson.functional.CollectionTest#testCollectionOfStringsSerialization
Processing com.google.gson.functional.CollectionTest#testCollectionOfBagOfPrimitivesSerialization
Processing com.google.gson.functional.CollectionTest#testCollectionOfEnumsSerialization
Processing com.google.gson.functional.CollectionTest#testWildcardCollectionField
Processing com.google.gson.functional.ConcurrencyTest#testSingleThreadSerialization
Processing com.google.gson.functional.ConcurrencyTest#testMultiThreadSerialization
Processing com.google.gson.functional.CustomDeserializerTest#testDefaultConstructorNotCalledOnObject
Processing com.google.gson.functional.CustomDeserializerTest#testDefaultConstructorNotCalledOnField
Processing com.google.gson.functional.CustomTypeAdaptersTest#testCustomByteArraySerializer
Processing com.google.gson.functional.CustomTypeAdaptersTest#testCustomAdapterInvokedForCollectionElementSerializationWithType
Processing com.google.gson.functional.CustomTypeAdaptersTest#testCustomAdapterInvokedForCollectionElementSerialization
Processing com.google.gson.functional.CustomTypeAdaptersTest#testCustomAdapterInvokedForMapElementSerializationWithType
Processing com.google.gson.functional.CustomTypeAdaptersTest#testCustomAdapterInvokedForMapElementSerialization
Processing com.google.gson.functional.DefaultTypeAdaptersTest#testUrlSerialization
Processing com.google.gson.functional.DefaultTypeAdaptersTest#testUriSerialization
Processing com.google.gson.functional.DefaultTypeAdaptersTest#testUuidSerialization
Processing com.google.gson.functional.DefaultTypeAdaptersTest#testLocaleSerializationWithLanguage
Processing com.google.gson.functional.DefaultTypeAdaptersTest#testLocaleSerializationWithLanguageCountry
Processing com.google.gson.functional.DefaultTypeAdaptersTest#testLocaleSerializationWithLanguageCountryVariant
Processing com.google.gson.functional.DefaultTypeAdaptersTest#testSetSerialization
Processing com.google.gson.functional.DefaultTypeAdaptersTest#testDefaultDateSerialization
Processing com.google.gson.functional.DefaultTypeAdaptersTest#testDefaultDateDeserialization
Processing com.google.gson.functional.DefaultTypeAdaptersTest#testDefaultDateSerializationUsingBuilder
Processing com.google.gson.functional.DefaultTypeAdaptersTest#testDefaultDateDeserializationUsingBuilder
Processing com.google.gson.functional.DefaultTypeAdaptersTest#testDateSerializationWithPattern
Processing com.google.gson.functional.DefaultTypeAdaptersTest#testDateDeserializationWithPattern
Processing com.google.gson.functional.EscapingTest#testEscapingQuotesInStringArray
Processing com.google.gson.functional.EscapingTest#testEscapingObjectFields
Processing com.google.gson.functional.MapTest#testRawMapSerialization
Processing com.google.gson.functional.MapTest#testParameterizedMapSubclassSerialization
Processing com.google.gson.functional.MapTest#testMapSubclassSerialization
Processing com.google.gson.functional.NamingPolicyTest#testGsonWithNonDefaultFieldNamingPolicySerialization
Processing com.google.gson.functional.NamingPolicyTest#testGsonWithNonDefaultFieldNamingPolicyDeserialiation
Processing com.google.gson.functional.ObjectTest#testBagOfPrimitivesSerialization
Processing com.google.gson.functional.ObjectTest#testNestedSerialization
Processing com.google.gson.functional.ObjectTest#testInheritenceSerialization
Processing com.google.gson.functional.ObjectTest#testNullFieldsSerialization
Processing com.google.gson.functional.ObjectTest#testArrayOfObjectsSerialization
Processing com.google.gson.functional.ObjectTest#testArrayOfArraysSerialization
Processing com.google.gson.functional.ObjectTest#testClassWithEnumFieldSerialization
Processing com.google.gson.functional.ObjectTest#testTopLevelEnumSerialization
Processing com.google.gson.functional.ObjectTest#testSubInterfacesOfCollectionSerialization
Processing com.google.gson.functional.ObjectTest#testClassWithObjectFieldSerialization
Processing com.google.gson.functional.ParameterizedTypesTest#testTypesWithMultipleParametersSerialization
Processing com.google.gson.functional.ParameterizedTypesTest#testParameterizedTypeWithCustomSerializer
Processing com.google.gson.functional.StringTest#testStringValueSerialization
Processing com.google.gson.functional.StringTest#testSingleQuoteInStringSerialization
Processing com.google.gson.functional.StringTest#testEscapedCtrlNInStringSerialization
Processing com.google.gson.functional.StringTest#testEscapedCtrlRInStringSerialization
Processing com.google.gson.functional.StringTest#testEscapedBackslashInStringSerialization
Processing com.google.gson.functional.StringTest#testEscapingQuotesInStringSerialization
Processing com.google.gson.functional.StringTest#testStringValueAsSingleElementArraySerialization
Processing com.google.gson.functional.StringTest#testAssignmentCharSerialization
Processing com.google.gson.functional.StringTest#testJavascriptKeywordsInStringSerialization
Processing com.google.gson.functional.VersioningTest#testVersionedGsonWithUnversionedClassesSerialization
Processing com.google.gson.EscaperTest#testNoSpecialCharacters
Processing com.google.gson.EscaperTest#testNewlineEscaping
Processing com.google.gson.EscaperTest#testCarrageReturnEscaping
Processing com.google.gson.EscaperTest#testTabEscaping
Processing com.google.gson.EscaperTest#testQuoteEscaping
Processing com.google.gson.EscaperTest#testEqualsEscaping
Processing com.google.gson.EscaperTest#testGreaterThanAndLessThanEscaping
Processing com.google.gson.EscaperTest#testAmpersandEscaping
Processing com.google.gson.EscaperTest#testSlashEscaping
Processing com.google.gson.EscaperTest#testSingleQuoteNotEscaped
Processing com.google.gson.EscaperTest#testRequiredEscapingUnicodeCharacter
Processing com.google.gson.EscaperTest#testUnicodeCharacterStringNoEscaping
Processing com.google.gson.FunctionalWithInternalDependenciesTest#testPrettyPrintArrayOfObjects
Processing com.google.gson.GsonTypeAdapterTest#testTypeAdapterDoesNotAffectNonAdaptedTypes
Processing com.google.gson.JsonEscapingVisitorTest#testStringPrimitiveVisitationNoEscapingRequired
Processing com.google.gson.JsonEscapingVisitorTest#testStringPrimitiveVisitationEscapingRequired
Processing com.google.gson.JsonEscapingVisitorTest#testStringArrayVisitationNoEscaping
Processing com.google.gson.JsonEscapingVisitorTest#testStringArrayVisitationEscapingRequired
Processing com.google.gson.JsonEscapingVisitorTest#testStringFieldVisitationNoEscaping
Processing com.google.gson.JsonEscapingVisitorTest#testStringFieldVisitationEscapingRequired
[INFO] Printing com.google.gson.functional.CustomTypeAdaptersTest to /tmp/v2/gson//src/test/java//com/google/gson/functional/CustomTypeAdaptersTest.java
[INFO] Printing com.google.gson.functional.CustomTypeAdaptersTest to /tmp/v2/gson//src/test/java//com/google/gson/functional/CustomTypeAdaptersTest.java
[INFO] Printing com.google.gson.EscaperTest to /tmp/v2/gson//src/test/java//com/google/gson/EscaperTest.java
[INFO] Printing com.google.gson.EscaperTest to /tmp/v2/gson//src/test/java//com/google/gson/EscaperTest.java
[INFO] Printing com.google.gson.functional.CustomDeserializerTest to /tmp/v2/gson//src/test/java//com/google/gson/functional/CustomDeserializerTest.java
[INFO] Printing com.google.gson.functional.CustomDeserializerTest to /tmp/v2/gson//src/test/java//com/google/gson/functional/CustomDeserializerTest.java
[INFO] Printing com.google.gson.functional.NamingPolicyTest to /tmp/v2/gson//src/test/java//com/google/gson/functional/NamingPolicyTest.java
[INFO] Printing com.google.gson.functional.NamingPolicyTest to /tmp/v2/gson//src/test/java//com/google/gson/functional/NamingPolicyTest.java
[INFO] Printing com.google.gson.functional.VersioningTest to /tmp/v2/gson//src/test/java//com/google/gson/functional/VersioningTest.java
[INFO] Printing com.google.gson.FunctionalWithInternalDependenciesTest to /tmp/v2/gson//src/test/java//com/google/gson/FunctionalWithInternalDependenciesTest.java
[INFO] Printing com.google.gson.GsonTypeAdapterTest to /tmp/v2/gson//src/test/java//com/google/gson/GsonTypeAdapterTest.java
[INFO] Printing com.google.gson.functional.ParameterizedTypesTest to /tmp/v2/gson//src/test/java//com/google/gson/functional/ParameterizedTypesTest.java
[INFO] Printing com.google.gson.functional.ParameterizedTypesTest to /tmp/v2/gson//src/test/java//com/google/gson/functional/ParameterizedTypesTest.java
[INFO] Printing com.google.gson.functional.ConcurrencyTest to /tmp/v2/gson//src/test/java//com/google/gson/functional/ConcurrencyTest.java
[INFO] Printing com.google.gson.functional.ConcurrencyTest to /tmp/v2/gson//src/test/java//com/google/gson/functional/ConcurrencyTest.java
[INFO] Printing com.google.gson.functional.StringTest to /tmp/v2/gson//src/test/java//com/google/gson/functional/StringTest.java
[INFO] Printing com.google.gson.functional.StringTest to /tmp/v2/gson//src/test/java//com/google/gson/functional/StringTest.java
[INFO] Printing com.google.gson.functional.DefaultTypeAdaptersTest to /tmp/v2/gson//src/test/java//com/google/gson/functional/DefaultTypeAdaptersTest.java
[INFO] Printing com.google.gson.functional.DefaultTypeAdaptersTest to /tmp/v2/gson//src/test/java//com/google/gson/functional/DefaultTypeAdaptersTest.java
[INFO] Printing com.google.gson.functional.ArrayTest to /tmp/v2/gson//src/test/java//com/google/gson/functional/ArrayTest.java
[INFO] Printing com.google.gson.functional.ArrayTest to /tmp/v2/gson//src/test/java//com/google/gson/functional/ArrayTest.java
[INFO] Printing com.google.gson.functional.MapTest to /tmp/v2/gson//src/test/java//com/google/gson/functional/MapTest.java
[INFO] Printing com.google.gson.functional.MapTest to /tmp/v2/gson//src/test/java//com/google/gson/functional/MapTest.java
[INFO] Printing com.google.gson.functional.ObjectTest to /tmp/v2/gson//src/test/java//com/google/gson/functional/ObjectTest.java
[INFO] Printing com.google.gson.functional.ObjectTest to /tmp/v2/gson//src/test/java//com/google/gson/functional/ObjectTest.java
[INFO] Printing com.google.gson.functional.EscapingTest to /tmp/v2/gson//src/test/java//com/google/gson/functional/EscapingTest.java
[INFO] Printing com.google.gson.functional.EscapingTest to /tmp/v2/gson//src/test/java//com/google/gson/functional/EscapingTest.java
[INFO] Printing com.google.gson.functional.CollectionTest to /tmp/v2/gson//src/test/java//com/google/gson/functional/CollectionTest.java
[INFO] Printing com.google.gson.functional.CollectionTest to /tmp/v2/gson//src/test/java//com/google/gson/functional/CollectionTest.java
[INFO] Printing com.google.gson.JsonEscapingVisitorTest to /tmp/v2/gson//src/test/java//com/google/gson/JsonEscapingVisitorTest.java
[INFO] Printing com.google.gson.JsonEscapingVisitorTest to /tmp/v2/gson//src/test/java//com/google/gson/JsonEscapingVisitorTest.java
[INFO] Injecting JUnit-Jjoules in /tmp/v2/gson//pom.xml
[INFO] Output new POM file in /tmp/v2/gson//pom.xml
[INFO] ------------------------------------------------------------------------
[INFO] BUILD SUCCESS
[INFO] ------------------------------------------------------------------------
[INFO] Total time:  9.730 s
[INFO] Finished at: 2021-01-10T16:57:57+01:00
[INFO] ------------------------------------------------------------------------
