[INFO] Scanning for projects...
[WARNING] 
[WARNING] Some problems were encountered while building the effective model for com.google.code.gson:gson:jar:2.8.7-SNAPSHOT
[WARNING] 'build.plugins.plugin.version' for org.apache.maven.plugins:maven-jar-plugin is missing. @ com.google.code.gson:gson:[unknown-version], /tmp/v1/gson/pom.xml, line 46, column 15
[WARNING] 
[WARNING] It is highly recommended to fix these problems because they threaten the stability of your build.
[WARNING] 
[WARNING] For this reason, future Maven versions might no longer support building such malformed projects.
[WARNING] 
[INFO] 
[INFO] ---------------------< com.google.code.gson:gson >----------------------
[INFO] Building Gson 2.8.7-SNAPSHOT
[INFO] --------------------------------[ jar ]---------------------------------
[INFO] 
[INFO] --- maven-clean-plugin:2.5:clean (default-clean) @ gson ---
[INFO] Deleting /tmp/v1/gson/target
[INFO] 
[INFO] --- maven-enforcer-plugin:1.0:enforce (enforce-maven) @ gson ---
[INFO] 
[INFO] --- templating-maven-plugin:1.0.0:filter-sources (filtering-java-templates) @ gson ---
[INFO] Coping files with filtering to temporary directory.
[INFO] Using 'UTF-8' encoding to copy filtered resources.
[INFO] Copying 1 resource
[INFO] Copied 1 files to output directory: /tmp/v1/gson/target/generated-sources/java-templates
[INFO] Source directory: /tmp/v1/gson/target/generated-sources/java-templates added.
[INFO] 
[INFO] --- maven-resources-plugin:2.6:resources (default-resources) @ gson ---
[INFO] Using 'UTF-8' encoding to copy filtered resources.
[INFO] skip non existing resourceDirectory /tmp/v1/gson/src/main/resources
[INFO] 
[INFO] --- maven-compiler-plugin:3.8.1:compile (default-compile) @ gson ---
[INFO] Changes detected - recompiling the module!
[INFO] Compiling 73 source files to /tmp/v1/gson/target/classes
[INFO] /tmp/v1/gson/src/main/java/com/google/gson/internal/ConstructorConstructor.java: Some input files use or override a deprecated API.
[INFO] /tmp/v1/gson/src/main/java/com/google/gson/internal/ConstructorConstructor.java: Recompile with -Xlint:deprecation for details.
[INFO] 
[INFO] --- maven-compiler-plugin:3.8.1:compile (base-compile) @ gson ---
[INFO] Changes detected - recompiling the module!
[INFO] Compiling 73 source files to /tmp/v1/gson/target/classes
[INFO] /tmp/v1/gson/src/main/java/com/google/gson/internal/ConstructorConstructor.java: Some input files use or override a deprecated API.
[INFO] /tmp/v1/gson/src/main/java/com/google/gson/internal/ConstructorConstructor.java: Recompile with -Xlint:deprecation for details.
[INFO] 
[INFO] --- bnd-maven-plugin:4.0.0:bnd-process (default) @ gson ---
[WARNING] /tmp/v1/gson/bnd.bnd [0:0]: Export com.google.gson,  has 1,  private references [com.google.gson.internal], 
[INFO] 
[INFO] --- maven-resources-plugin:2.6:testResources (default-testResources) @ gson ---
[INFO] Using 'UTF-8' encoding to copy filtered resources.
[INFO] skip non existing resourceDirectory /tmp/v1/gson/src/test/resources
[INFO] 
[INFO] --- maven-compiler-plugin:3.8.1:testCompile (default-testCompile) @ gson ---
[INFO] Changes detected - recompiling the module!
[INFO] Compiling 101 source files to /tmp/v1/gson/target/test-classes
[INFO] /tmp/v1/gson/src/test/java/com/google/gson/JsonObjectTest.java: /tmp/v1/gson/src/test/java/com/google/gson/JsonObjectTest.java uses or overrides a deprecated API.
[INFO] /tmp/v1/gson/src/test/java/com/google/gson/JsonObjectTest.java: Recompile with -Xlint:deprecation for details.
[INFO] 
[INFO] --- maven-surefire-plugin:2.12.4:test (default-test) @ gson ---
[INFO] Tests are skipped.
[INFO] 
[INFO] --- maven-dependency-plugin:2.8:build-classpath (default-cli) @ gson ---
[INFO] Wrote classpath file '/tmp/v1/gson/classpath'.
[INFO] 
[INFO] --- diff-jjoules:0.0.1-SNAPSHOT:class-instrument (default-cli) @ gson ---
[INFO] Running on:
[INFO] /tmp/v1/gson
[INFO] /tmp/v2/gson/
[INFO] Enable JUnit4 mode
[INFO] Configuration{pathToFirstVersion='/tmp/v1/gson', pathToSecondVersion='/tmp/v2/gson/', pathToTestListAsCSV='/tmp/v1/gson/testsThatExecuteTheChange.csv'}
[INFO] com.google.gson.functional.CollectionTest:[testWildcardCollectionField, testFieldIsArrayList, testStack, testVector, testPriorityQueue]
com.google.gson.functional.ParameterizedTypesTest:[testParameterizedTypeGenericArraysDeserialization, testVariableTypeDeserialization, testVariableTypeFieldsAndGenericArraysDeserialization, testParameterizedTypeWithVariableTypeDeserialization, testVariableTypeArrayDeserialization]
com.google.gson.functional.EscapingTest:[testEscapingQuotesInStringArray, testGsonDoubleDeserialization, testGsonAcceptsEscapedAndNonEscapedJsonDeserialization, testEscapingObjectFields]
com.google.gson.functional.UncategorizedTest:[testGsonInstanceReusableForSerializationAndDeserialization]
com.google.gson.DefaultInetAddressTypeAdapterTest:[testInetAddressSerializationAndDeserialization]
com.google.gson.functional.DelegateTypeAdapterTest:[testDelegateInvoked, testDelegateInvokedOnStrings]
com.google.gson.functional.JsonAdapterAnnotationOnFieldsTest:[testFieldAnnotationTakesPrecedenceOverClassAnnotation, testClassAnnotationAdapterFactoryTakesPrecedenceOverDefault, testNonPrimitiveFieldAnnotationTakesPrecedenceOverDefault, testFieldAnnotationWorksForParameterizedType, testJsonAdapterWrappedInNullSafeAsRequested, testRegisteredTypeAdapterTakesPrecedenceOverClassAnnotationAdapter, testPrimitiveFieldAnnotationTakesPrecedenceOverDefault, testFieldAnnotationTakesPrecedenceOverRegisteredTypeAdapter, testClassAnnotationAdapterTakesPrecedenceOverDefault]
com.google.gson.functional.ObjectTest:[testSingletonLists]
com.google.gson.functional.StreamingTypeAdaptersTest:[testNullSafe]
com.google.gson.OverrideCoreTypeAdaptersTest:[testOverrideStringAdapter, testOverrideWrapperBooleanAdapter, testOverridePrimitiveBooleanAdapter]
com.google.gson.JsonParserTest:[testParseMixedArray, testReadWriteTwoObjects]
com.google.gson.GsonTypeAdapterTest:[testTypeAdapterDoesNotAffectNonAdaptedTypes, testTypeAdapterThrowsException, testTypeAdapterProperlyConvertsTypes]
com.google.gson.functional.JsonAdapterAnnotationOnClassesTest:[testJsonAdapterInvoked, testRegisteredDeserializerOverridesJsonAdapter, testRegisteredSerializerOverridesJsonAdapter, testJsonAdapterFactoryInvoked]
com.google.gson.functional.StringTest:[testEscapingQuotesInStringSerialization, testSingleQuoteInStringSerialization]
com.google.gson.functional.CustomTypeAdaptersTest:[testRegisterHierarchyAdapterForDate]
com.google.gson.functional.RuntimeTypeAdapterFactoryFunctionalTest:[testSubclassesAutomaticallySerialized]
com.google.gson.functional.NamingPolicyTest:[testComplexFieldNameStrategy]
com.google.gson.functional.TypeVariableTest:[testBasicTypeVariables, testAdvancedTypeVariables, testTypeVariablesViaTypeParameter]
com.google.gson.functional.EnumTest:[testEnumSubclass, testEnumSet, testEnumSubclassAsParameterizedType, testEnumSubclassWithRegisteredTypeAdapter, testEnumClassWithFields, testEnumCaseMapping]
com.google.gson.functional.TypeHierarchyAdapterTest:[testRegisterSuperTypeFirst, testTypeHierarchy]
com.google.gson.functional.ReadersWritersTest:[testReadWriteTwoStrings, testReadWriteTwoObjects]
com.google.gson.functional.CustomDeserializerTest:[testDefaultConstructorNotCalledOnObject, testDefaultConstructorNotCalledOnField]
com.google.gson.functional.TypeAdapterPrecedenceTest:[testStreamingHierarchicalFollowedByNonstreaming, testStreamingHierarchicalFollowedByNonstreamingHierarchical, testNonstreamingHierarchicalFollowedByNonstreaming, testNonstreamingFollowedByNonstreaming, testSerializeNonstreamingTypeAdapterFollowedByStreamingTypeAdapter, testStreamingFollowedByStreaming, testStreamingFollowedByNonstreaming, testStreamingFollowedByNonstreamingHierarchical]
com.google.gson.functional.MapTest:[testConcurrentMap, testConcurrentNavigableMap, testConcurrentSkipListMap, testConcurrentHashMap]
com.google.gson.functional.JsonAdapterSerializerDeserializerTest:[testJsonSerializerDeserializerBasedJsonAdapterOnFields, testJsonSerializerDeserializerBasedJsonAdapterOnClass]
com.google.gson.functional.MapAsArrayTypeAdapterTest:[testMultipleEnableComplexKeyRegistrationHasNoEffect, testSerializeComplexMapWithTypeAdapter]
com.google.gson.functional.JavaUtilTest:[testProperties, testCurrency]
com.google.gson.functional.PrimitiveTest:[testQuotedStringSerializationAndDeserialization]
com.google.gson.functional.ThrowableFunctionalTest:[testExceptionWithCause, testErrorWithoutCause, testErrornWithCause, testExceptionWithoutCause]
com.google.gson.functional.JavaUtilConcurrentAtomicTest:[testAtomicLongArray, testAtomicIntegerArray, testAtomicLongWithStringSerializationPolicy, testAtomicBoolean, testAtomicInteger, testAtomicLongArrayWithStringSerializationPolicy, testAtomicLong]
com.google.gson.functional.DefaultTypeAdaptersTest:[testBitSetDeserialization, testTimestampSerialization, testOverrideBigIntegerTypeAdapter, testSqlDateSerialization, testOverrideBigDecimalTypeAdapter, testDateSerializationInCollection, testNullSerialization, testDateDeserializationWithPattern, testDefaultDateDeserializationUsingBuilder]
[INFO] Instrument version before commit...
[INFO] Run on /tmp/v1/gson
[INFO] Running in NOCLASSPATH mode (doc: http://spoon.gforge.inria.fr/launcher.html).
[INFO] fr.davidson.diff.jjoules.class_instrumentation.process.JJoulesProcessor
Processing com.google.gson.functional.CollectionTest#testPriorityQueue
Processing com.google.gson.functional.CollectionTest#testVector
Processing com.google.gson.functional.CollectionTest#testStack
Processing com.google.gson.functional.CollectionTest#testWildcardCollectionField
Processing com.google.gson.functional.CollectionTest#testFieldIsArrayList
Processing com.google.gson.functional.CustomDeserializerTest#testDefaultConstructorNotCalledOnObject
Processing com.google.gson.functional.CustomDeserializerTest#testDefaultConstructorNotCalledOnField
Processing com.google.gson.functional.CustomTypeAdaptersTest#testRegisterHierarchyAdapterForDate
Processing com.google.gson.functional.DefaultTypeAdaptersTest#testNullSerialization
Processing com.google.gson.functional.DefaultTypeAdaptersTest#testOverrideBigIntegerTypeAdapter
Processing com.google.gson.functional.DefaultTypeAdaptersTest#testOverrideBigDecimalTypeAdapter
Processing com.google.gson.functional.DefaultTypeAdaptersTest#testBitSetDeserialization
Processing com.google.gson.functional.DefaultTypeAdaptersTest#testDefaultDateDeserializationUsingBuilder
Processing com.google.gson.functional.DefaultTypeAdaptersTest#testDateDeserializationWithPattern
Processing com.google.gson.functional.DefaultTypeAdaptersTest#testDateSerializationInCollection
Processing com.google.gson.functional.DefaultTypeAdaptersTest#testTimestampSerialization
Processing com.google.gson.functional.DefaultTypeAdaptersTest#testSqlDateSerialization
Processing com.google.gson.functional.DelegateTypeAdapterTest#testDelegateInvoked
Processing com.google.gson.functional.DelegateTypeAdapterTest#testDelegateInvokedOnStrings
Processing com.google.gson.functional.EnumTest#testEnumSubclass
Processing com.google.gson.functional.EnumTest#testEnumSubclassWithRegisteredTypeAdapter
Processing com.google.gson.functional.EnumTest#testEnumSubclassAsParameterizedType
Processing com.google.gson.functional.EnumTest#testEnumCaseMapping
Processing com.google.gson.functional.EnumTest#testEnumSet
Processing com.google.gson.functional.EnumTest#testEnumClassWithFields
Processing com.google.gson.functional.EscapingTest#testEscapingQuotesInStringArray
Processing com.google.gson.functional.EscapingTest#testEscapingObjectFields
Processing com.google.gson.functional.EscapingTest#testGsonAcceptsEscapedAndNonEscapedJsonDeserialization
Processing com.google.gson.functional.EscapingTest#testGsonDoubleDeserialization
Processing com.google.gson.functional.JavaUtilConcurrentAtomicTest#testAtomicBoolean
Processing com.google.gson.functional.JavaUtilConcurrentAtomicTest#testAtomicInteger
Processing com.google.gson.functional.JavaUtilConcurrentAtomicTest#testAtomicLong
Processing com.google.gson.functional.JavaUtilConcurrentAtomicTest#testAtomicLongWithStringSerializationPolicy
Processing com.google.gson.functional.JavaUtilConcurrentAtomicTest#testAtomicIntegerArray
Processing com.google.gson.functional.JavaUtilConcurrentAtomicTest#testAtomicLongArray
Processing com.google.gson.functional.JavaUtilConcurrentAtomicTest#testAtomicLongArrayWithStringSerializationPolicy
Processing com.google.gson.functional.JavaUtilTest#testCurrency
Processing com.google.gson.functional.JavaUtilTest#testProperties
Processing com.google.gson.functional.JsonAdapterAnnotationOnClassesTest#testJsonAdapterInvoked
Processing com.google.gson.functional.JsonAdapterAnnotationOnClassesTest#testJsonAdapterFactoryInvoked
Processing com.google.gson.functional.JsonAdapterAnnotationOnClassesTest#testRegisteredSerializerOverridesJsonAdapter
Processing com.google.gson.functional.JsonAdapterAnnotationOnClassesTest#testRegisteredDeserializerOverridesJsonAdapter
Processing com.google.gson.functional.JsonAdapterAnnotationOnFieldsTest#testClassAnnotationAdapterTakesPrecedenceOverDefault
Processing com.google.gson.functional.JsonAdapterAnnotationOnFieldsTest#testClassAnnotationAdapterFactoryTakesPrecedenceOverDefault
Processing com.google.gson.functional.JsonAdapterAnnotationOnFieldsTest#testRegisteredTypeAdapterTakesPrecedenceOverClassAnnotationAdapter
Processing com.google.gson.functional.JsonAdapterAnnotationOnFieldsTest#testFieldAnnotationTakesPrecedenceOverRegisteredTypeAdapter
Processing com.google.gson.functional.JsonAdapterAnnotationOnFieldsTest#testFieldAnnotationTakesPrecedenceOverClassAnnotation
Processing com.google.gson.functional.JsonAdapterAnnotationOnFieldsTest#testJsonAdapterWrappedInNullSafeAsRequested
Processing com.google.gson.functional.JsonAdapterAnnotationOnFieldsTest#testNonPrimitiveFieldAnnotationTakesPrecedenceOverDefault
Processing com.google.gson.functional.JsonAdapterAnnotationOnFieldsTest#testPrimitiveFieldAnnotationTakesPrecedenceOverDefault
Processing com.google.gson.functional.JsonAdapterAnnotationOnFieldsTest#testFieldAnnotationWorksForParameterizedType
Processing com.google.gson.functional.JsonAdapterSerializerDeserializerTest#testJsonSerializerDeserializerBasedJsonAdapterOnFields
Processing com.google.gson.functional.JsonAdapterSerializerDeserializerTest#testJsonSerializerDeserializerBasedJsonAdapterOnClass
Processing com.google.gson.functional.MapAsArrayTypeAdapterTest#testSerializeComplexMapWithTypeAdapter
Processing com.google.gson.functional.MapAsArrayTypeAdapterTest#testMultipleEnableComplexKeyRegistrationHasNoEffect
Processing com.google.gson.functional.MapTest#testConcurrentMap
Processing com.google.gson.functional.MapTest#testConcurrentHashMap
Processing com.google.gson.functional.MapTest#testConcurrentNavigableMap
Processing com.google.gson.functional.MapTest#testConcurrentSkipListMap
Processing com.google.gson.functional.NamingPolicyTest#testComplexFieldNameStrategy
Processing com.google.gson.functional.ObjectTest#testSingletonLists
Processing com.google.gson.functional.ParameterizedTypesTest#testVariableTypeFieldsAndGenericArraysDeserialization
Processing com.google.gson.functional.ParameterizedTypesTest#testVariableTypeDeserialization
Processing com.google.gson.functional.ParameterizedTypesTest#testVariableTypeArrayDeserialization
Processing com.google.gson.functional.ParameterizedTypesTest#testParameterizedTypeWithVariableTypeDeserialization
Processing com.google.gson.functional.ParameterizedTypesTest#testParameterizedTypeGenericArraysDeserialization
Processing com.google.gson.functional.PrimitiveTest#testQuotedStringSerializationAndDeserialization
Processing com.google.gson.functional.ReadersWritersTest#testReadWriteTwoStrings
Processing com.google.gson.functional.ReadersWritersTest#testReadWriteTwoObjects
Processing com.google.gson.functional.RuntimeTypeAdapterFactoryFunctionalTest#testSubclassesAutomaticallySerialized
Processing com.google.gson.functional.StreamingTypeAdaptersTest#testNullSafe
Processing com.google.gson.functional.StringTest#testSingleQuoteInStringSerialization
Processing com.google.gson.functional.StringTest#testEscapingQuotesInStringSerialization
Processing com.google.gson.functional.ThrowableFunctionalTest#testExceptionWithoutCause
Processing com.google.gson.functional.ThrowableFunctionalTest#testExceptionWithCause
Processing com.google.gson.functional.ThrowableFunctionalTest#testErrorWithoutCause
Processing com.google.gson.functional.ThrowableFunctionalTest#testErrornWithCause
Processing com.google.gson.functional.TypeAdapterPrecedenceTest#testNonstreamingFollowedByNonstreaming
Processing com.google.gson.functional.TypeAdapterPrecedenceTest#testStreamingFollowedByStreaming
Processing com.google.gson.functional.TypeAdapterPrecedenceTest#testSerializeNonstreamingTypeAdapterFollowedByStreamingTypeAdapter
Processing com.google.gson.functional.TypeAdapterPrecedenceTest#testStreamingFollowedByNonstreaming
Processing com.google.gson.functional.TypeAdapterPrecedenceTest#testStreamingHierarchicalFollowedByNonstreaming
Processing com.google.gson.functional.TypeAdapterPrecedenceTest#testStreamingFollowedByNonstreamingHierarchical
Processing com.google.gson.functional.TypeAdapterPrecedenceTest#testStreamingHierarchicalFollowedByNonstreamingHierarchical
Processing com.google.gson.functional.TypeAdapterPrecedenceTest#testNonstreamingHierarchicalFollowedByNonstreaming
Processing com.google.gson.functional.TypeHierarchyAdapterTest#testTypeHierarchy
Processing com.google.gson.functional.TypeHierarchyAdapterTest#testRegisterSuperTypeFirst
Processing com.google.gson.functional.TypeVariableTest#testAdvancedTypeVariables
Processing com.google.gson.functional.TypeVariableTest#testTypeVariablesViaTypeParameter
Processing com.google.gson.functional.TypeVariableTest#testBasicTypeVariables
Processing com.google.gson.functional.UncategorizedTest#testGsonInstanceReusableForSerializationAndDeserialization
Processing com.google.gson.DefaultInetAddressTypeAdapterTest#testInetAddressSerializationAndDeserialization
Processing com.google.gson.GsonTypeAdapterTest#testTypeAdapterThrowsException
Processing com.google.gson.GsonTypeAdapterTest#testTypeAdapterProperlyConvertsTypes
Processing com.google.gson.GsonTypeAdapterTest#testTypeAdapterDoesNotAffectNonAdaptedTypes
Processing com.google.gson.JsonParserTest#testParseMixedArray
Processing com.google.gson.JsonParserTest#testReadWriteTwoObjects
Processing com.google.gson.OverrideCoreTypeAdaptersTest#testOverrideWrapperBooleanAdapter
Processing com.google.gson.OverrideCoreTypeAdaptersTest#testOverridePrimitiveBooleanAdapter
Processing com.google.gson.OverrideCoreTypeAdaptersTest#testOverrideStringAdapter
[INFO] Processing Done...
[INFO] Printing com.google.gson.functional.TypeAdapterPrecedenceTest_testStreamingFollowedByNonstreaming to /tmp/v1/gson/src/test/java//com/google/gson/functional/TypeAdapterPrecedenceTest_testStreamingFollowedByNonstreaming.java
[INFO] Printing com.google.gson.OverrideCoreTypeAdaptersTest_testOverrideStringAdapter to /tmp/v1/gson/src/test/java//com/google/gson/OverrideCoreTypeAdaptersTest_testOverrideStringAdapter.java
[INFO] Printing com.google.gson.functional.CollectionTest_testStack to /tmp/v1/gson/src/test/java//com/google/gson/functional/CollectionTest_testStack.java
[INFO] Printing com.google.gson.functional.JavaUtilConcurrentAtomicTest_testAtomicLongArray to /tmp/v1/gson/src/test/java//com/google/gson/functional/JavaUtilConcurrentAtomicTest_testAtomicLongArray.java
[INFO] Printing com.google.gson.functional.TypeVariableTest_testTypeVariablesViaTypeParameter to /tmp/v1/gson/src/test/java//com/google/gson/functional/TypeVariableTest_testTypeVariablesViaTypeParameter.java
[INFO] Printing com.google.gson.functional.JsonAdapterAnnotationOnFieldsTest_testRegisteredTypeAdapterTakesPrecedenceOverClassAnnotationAdapter to /tmp/v1/gson/src/test/java//com/google/gson/functional/JsonAdapterAnnotationOnFieldsTest_testRegisteredTypeAdapterTakesPrecedenceOverClassAnnotationAdapter.java
[INFO] Printing com.google.gson.functional.JavaUtilConcurrentAtomicTest_testAtomicIntegerArray to /tmp/v1/gson/src/test/java//com/google/gson/functional/JavaUtilConcurrentAtomicTest_testAtomicIntegerArray.java
[INFO] Printing com.google.gson.functional.JsonAdapterAnnotationOnFieldsTest_testClassAnnotationAdapterFactoryTakesPrecedenceOverDefault to /tmp/v1/gson/src/test/java//com/google/gson/functional/JsonAdapterAnnotationOnFieldsTest_testClassAnnotationAdapterFactoryTakesPrecedenceOverDefault.java
[INFO] Printing com.google.gson.functional.MapTest_testConcurrentNavigableMap to /tmp/v1/gson/src/test/java//com/google/gson/functional/MapTest_testConcurrentNavigableMap.java
[INFO] Printing com.google.gson.functional.JavaUtilConcurrentAtomicTest_testAtomicLongWithStringSerializationPolicy to /tmp/v1/gson/src/test/java//com/google/gson/functional/JavaUtilConcurrentAtomicTest_testAtomicLongWithStringSerializationPolicy.java
[INFO] Printing com.google.gson.functional.StringTest_testSingleQuoteInStringSerialization to /tmp/v1/gson/src/test/java//com/google/gson/functional/StringTest_testSingleQuoteInStringSerialization.java
[INFO] Printing com.google.gson.functional.ThrowableFunctionalTest_testExceptionWithoutCause to /tmp/v1/gson/src/test/java//com/google/gson/functional/ThrowableFunctionalTest_testExceptionWithoutCause.java
[INFO] Printing com.google.gson.functional.ThrowableFunctionalTest_testExceptionWithCause to /tmp/v1/gson/src/test/java//com/google/gson/functional/ThrowableFunctionalTest_testExceptionWithCause.java
[INFO] Printing com.google.gson.functional.ParameterizedTypesTest_testVariableTypeArrayDeserialization to /tmp/v1/gson/src/test/java//com/google/gson/functional/ParameterizedTypesTest_testVariableTypeArrayDeserialization.java
[INFO] Printing com.google.gson.functional.DefaultTypeAdaptersTest_testDefaultDateDeserializationUsingBuilder to /tmp/v1/gson/src/test/java//com/google/gson/functional/DefaultTypeAdaptersTest_testDefaultDateDeserializationUsingBuilder.java
[INFO] Printing com.google.gson.functional.TypeAdapterPrecedenceTest_testSerializeNonstreamingTypeAdapterFollowedByStreamingTypeAdapter to /tmp/v1/gson/src/test/java//com/google/gson/functional/TypeAdapterPrecedenceTest_testSerializeNonstreamingTypeAdapterFollowedByStreamingTypeAdapter.java
[INFO] Printing com.google.gson.functional.JavaUtilConcurrentAtomicTest_testAtomicLongArrayWithStringSerializationPolicy to /tmp/v1/gson/src/test/java//com/google/gson/functional/JavaUtilConcurrentAtomicTest_testAtomicLongArrayWithStringSerializationPolicy.java
[INFO] Printing com.google.gson.functional.EscapingTest_testEscapingQuotesInStringArray to /tmp/v1/gson/src/test/java//com/google/gson/functional/EscapingTest_testEscapingQuotesInStringArray.java
[INFO] Printing com.google.gson.functional.CustomDeserializerTest_testDefaultConstructorNotCalledOnObject to /tmp/v1/gson/src/test/java//com/google/gson/functional/CustomDeserializerTest_testDefaultConstructorNotCalledOnObject.java
[INFO] Printing com.google.gson.functional.ReadersWritersTest_testReadWriteTwoObjects to /tmp/v1/gson/src/test/java//com/google/gson/functional/ReadersWritersTest_testReadWriteTwoObjects.java
[INFO] Printing com.google.gson.functional.StringTest_testEscapingQuotesInStringSerialization to /tmp/v1/gson/src/test/java//com/google/gson/functional/StringTest_testEscapingQuotesInStringSerialization.java
[INFO] Printing com.google.gson.functional.JsonAdapterAnnotationOnClassesTest_testRegisteredSerializerOverridesJsonAdapter to /tmp/v1/gson/src/test/java//com/google/gson/functional/JsonAdapterAnnotationOnClassesTest_testRegisteredSerializerOverridesJsonAdapter.java
[INFO] Printing com.google.gson.functional.JsonAdapterAnnotationOnFieldsTest_testJsonAdapterWrappedInNullSafeAsRequested to /tmp/v1/gson/src/test/java//com/google/gson/functional/JsonAdapterAnnotationOnFieldsTest_testJsonAdapterWrappedInNullSafeAsRequested.java
[INFO] Printing com.google.gson.GsonTypeAdapterTest_testTypeAdapterThrowsException to /tmp/v1/gson/src/test/java//com/google/gson/GsonTypeAdapterTest_testTypeAdapterThrowsException.java
[INFO] Printing com.google.gson.functional.JsonAdapterAnnotationOnFieldsTest_testNonPrimitiveFieldAnnotationTakesPrecedenceOverDefault to /tmp/v1/gson/src/test/java//com/google/gson/functional/JsonAdapterAnnotationOnFieldsTest_testNonPrimitiveFieldAnnotationTakesPrecedenceOverDefault.java
[INFO] Printing com.google.gson.functional.MapAsArrayTypeAdapterTest_testSerializeComplexMapWithTypeAdapter to /tmp/v1/gson/src/test/java//com/google/gson/functional/MapAsArrayTypeAdapterTest_testSerializeComplexMapWithTypeAdapter.java
[INFO] Printing com.google.gson.functional.EnumTest_testEnumSubclassAsParameterizedType to /tmp/v1/gson/src/test/java//com/google/gson/functional/EnumTest_testEnumSubclassAsParameterizedType.java
[INFO] Printing com.google.gson.functional.EnumTest_testEnumSet to /tmp/v1/gson/src/test/java//com/google/gson/functional/EnumTest_testEnumSet.java
[INFO] Printing com.google.gson.functional.TypeAdapterPrecedenceTest_testStreamingFollowedByNonstreamingHierarchical to /tmp/v1/gson/src/test/java//com/google/gson/functional/TypeAdapterPrecedenceTest_testStreamingFollowedByNonstreamingHierarchical.java
[INFO] Printing com.google.gson.functional.ThrowableFunctionalTest_testErrornWithCause to /tmp/v1/gson/src/test/java//com/google/gson/functional/ThrowableFunctionalTest_testErrornWithCause.java
[INFO] Printing com.google.gson.functional.JsonAdapterAnnotationOnClassesTest_testJsonAdapterFactoryInvoked to /tmp/v1/gson/src/test/java//com/google/gson/functional/JsonAdapterAnnotationOnClassesTest_testJsonAdapterFactoryInvoked.java
[INFO] Printing com.google.gson.functional.JsonAdapterAnnotationOnFieldsTest_testFieldAnnotationTakesPrecedenceOverClassAnnotation to /tmp/v1/gson/src/test/java//com/google/gson/functional/JsonAdapterAnnotationOnFieldsTest_testFieldAnnotationTakesPrecedenceOverClassAnnotation.java
[INFO] Printing com.google.gson.functional.JavaUtilTest_testCurrency to /tmp/v1/gson/src/test/java//com/google/gson/functional/JavaUtilTest_testCurrency.java
[INFO] Printing com.google.gson.functional.CustomDeserializerTest_testDefaultConstructorNotCalledOnField to /tmp/v1/gson/src/test/java//com/google/gson/functional/CustomDeserializerTest_testDefaultConstructorNotCalledOnField.java
[INFO] Printing com.google.gson.functional.TypeAdapterPrecedenceTest_testStreamingFollowedByStreaming to /tmp/v1/gson/src/test/java//com/google/gson/functional/TypeAdapterPrecedenceTest_testStreamingFollowedByStreaming.java
[INFO] Printing com.google.gson.functional.EscapingTest_testGsonDoubleDeserialization to /tmp/v1/gson/src/test/java//com/google/gson/functional/EscapingTest_testGsonDoubleDeserialization.java
[INFO] Printing com.google.gson.functional.ObjectTest_testSingletonLists to /tmp/v1/gson/src/test/java//com/google/gson/functional/ObjectTest_testSingletonLists.java
[INFO] Printing com.google.gson.functional.CollectionTest_testPriorityQueue to /tmp/v1/gson/src/test/java//com/google/gson/functional/CollectionTest_testPriorityQueue.java
[INFO] Printing com.google.gson.functional.EnumTest_testEnumSubclassWithRegisteredTypeAdapter to /tmp/v1/gson/src/test/java//com/google/gson/functional/EnumTest_testEnumSubclassWithRegisteredTypeAdapter.java
[INFO] Printing com.google.gson.functional.JavaUtilConcurrentAtomicTest_testAtomicLong to /tmp/v1/gson/src/test/java//com/google/gson/functional/JavaUtilConcurrentAtomicTest_testAtomicLong.java
[INFO] Printing com.google.gson.functional.TypeAdapterPrecedenceTest_testStreamingHierarchicalFollowedByNonstreaming to /tmp/v1/gson/src/test/java//com/google/gson/functional/TypeAdapterPrecedenceTest_testStreamingHierarchicalFollowedByNonstreaming.java
[INFO] Printing com.google.gson.functional.CollectionTest_testVector to /tmp/v1/gson/src/test/java//com/google/gson/functional/CollectionTest_testVector.java
[INFO] Printing com.google.gson.functional.JsonAdapterAnnotationOnClassesTest_testRegisteredDeserializerOverridesJsonAdapter to /tmp/v1/gson/src/test/java//com/google/gson/functional/JsonAdapterAnnotationOnClassesTest_testRegisteredDeserializerOverridesJsonAdapter.java
[INFO] Printing com.google.gson.functional.TypeAdapterPrecedenceTest_testStreamingHierarchicalFollowedByNonstreamingHierarchical to /tmp/v1/gson/src/test/java//com/google/gson/functional/TypeAdapterPrecedenceTest_testStreamingHierarchicalFollowedByNonstreamingHierarchical.java
[INFO] Printing com.google.gson.functional.JsonAdapterSerializerDeserializerTest_testJsonSerializerDeserializerBasedJsonAdapterOnFields to /tmp/v1/gson/src/test/java//com/google/gson/functional/JsonAdapterSerializerDeserializerTest_testJsonSerializerDeserializerBasedJsonAdapterOnFields.java
[INFO] Printing com.google.gson.functional.JsonAdapterAnnotationOnFieldsTest_testFieldAnnotationWorksForParameterizedType to /tmp/v1/gson/src/test/java//com/google/gson/functional/JsonAdapterAnnotationOnFieldsTest_testFieldAnnotationWorksForParameterizedType.java
[INFO] Printing com.google.gson.functional.MapTest_testConcurrentSkipListMap to /tmp/v1/gson/src/test/java//com/google/gson/functional/MapTest_testConcurrentSkipListMap.java
[INFO] Printing com.google.gson.functional.DefaultTypeAdaptersTest_testDateSerializationInCollection to /tmp/v1/gson/src/test/java//com/google/gson/functional/DefaultTypeAdaptersTest_testDateSerializationInCollection.java
[INFO] Printing com.google.gson.functional.ParameterizedTypesTest_testVariableTypeFieldsAndGenericArraysDeserialization to /tmp/v1/gson/src/test/java//com/google/gson/functional/ParameterizedTypesTest_testVariableTypeFieldsAndGenericArraysDeserialization.java
[INFO] Printing com.google.gson.JsonParserTest_testReadWriteTwoObjects to /tmp/v1/gson/src/test/java//com/google/gson/JsonParserTest_testReadWriteTwoObjects.java
[INFO] Printing com.google.gson.functional.TypeHierarchyAdapterTest_testRegisterSuperTypeFirst to /tmp/v1/gson/src/test/java//com/google/gson/functional/TypeHierarchyAdapterTest_testRegisterSuperTypeFirst.java
[INFO] Printing com.google.gson.functional.NamingPolicyTest_testComplexFieldNameStrategy to /tmp/v1/gson/src/test/java//com/google/gson/functional/NamingPolicyTest_testComplexFieldNameStrategy.java
[INFO] Printing com.google.gson.functional.TypeVariableTest_testAdvancedTypeVariables to /tmp/v1/gson/src/test/java//com/google/gson/functional/TypeVariableTest_testAdvancedTypeVariables.java
[INFO] Printing com.google.gson.functional.CollectionTest_testWildcardCollectionField to /tmp/v1/gson/src/test/java//com/google/gson/functional/CollectionTest_testWildcardCollectionField.java
[INFO] Printing com.google.gson.functional.CollectionTest_testFieldIsArrayList to /tmp/v1/gson/src/test/java//com/google/gson/functional/CollectionTest_testFieldIsArrayList.java
[INFO] Printing com.google.gson.functional.JsonAdapterSerializerDeserializerTest_testJsonSerializerDeserializerBasedJsonAdapterOnClass to /tmp/v1/gson/src/test/java//com/google/gson/functional/JsonAdapterSerializerDeserializerTest_testJsonSerializerDeserializerBasedJsonAdapterOnClass.java
[INFO] Printing com.google.gson.DefaultInetAddressTypeAdapterTest_testInetAddressSerializationAndDeserialization to /tmp/v1/gson/src/test/java//com/google/gson/DefaultInetAddressTypeAdapterTest_testInetAddressSerializationAndDeserialization.java
[INFO] Printing com.google.gson.functional.JavaUtilTest_testProperties to /tmp/v1/gson/src/test/java//com/google/gson/functional/JavaUtilTest_testProperties.java
[INFO] Printing com.google.gson.functional.EscapingTest_testEscapingObjectFields to /tmp/v1/gson/src/test/java//com/google/gson/functional/EscapingTest_testEscapingObjectFields.java
[INFO] Printing com.google.gson.functional.JsonAdapterAnnotationOnFieldsTest_testFieldAnnotationTakesPrecedenceOverRegisteredTypeAdapter to /tmp/v1/gson/src/test/java//com/google/gson/functional/JsonAdapterAnnotationOnFieldsTest_testFieldAnnotationTakesPrecedenceOverRegisteredTypeAdapter.java
[INFO] Printing com.google.gson.functional.ReadersWritersTest_testReadWriteTwoStrings to /tmp/v1/gson/src/test/java//com/google/gson/functional/ReadersWritersTest_testReadWriteTwoStrings.java
[INFO] Printing com.google.gson.functional.StreamingTypeAdaptersTest_testNullSafe to /tmp/v1/gson/src/test/java//com/google/gson/functional/StreamingTypeAdaptersTest_testNullSafe.java
[INFO] Printing com.google.gson.functional.DefaultTypeAdaptersTest_testOverrideBigIntegerTypeAdapter to /tmp/v1/gson/src/test/java//com/google/gson/functional/DefaultTypeAdaptersTest_testOverrideBigIntegerTypeAdapter.java
[INFO] Printing com.google.gson.functional.DefaultTypeAdaptersTest_testOverrideBigDecimalTypeAdapter to /tmp/v1/gson/src/test/java//com/google/gson/functional/DefaultTypeAdaptersTest_testOverrideBigDecimalTypeAdapter.java
[INFO] Printing com.google.gson.functional.ParameterizedTypesTest_testParameterizedTypeWithVariableTypeDeserialization to /tmp/v1/gson/src/test/java//com/google/gson/functional/ParameterizedTypesTest_testParameterizedTypeWithVariableTypeDeserialization.java
[INFO] Printing com.google.gson.functional.UncategorizedTest_testGsonInstanceReusableForSerializationAndDeserialization to /tmp/v1/gson/src/test/java//com/google/gson/functional/UncategorizedTest_testGsonInstanceReusableForSerializationAndDeserialization.java
[INFO] Printing com.google.gson.OverrideCoreTypeAdaptersTest_testOverrideWrapperBooleanAdapter to /tmp/v1/gson/src/test/java//com/google/gson/OverrideCoreTypeAdaptersTest_testOverrideWrapperBooleanAdapter.java
[INFO] Printing com.google.gson.functional.ParameterizedTypesTest_testParameterizedTypeGenericArraysDeserialization to /tmp/v1/gson/src/test/java//com/google/gson/functional/ParameterizedTypesTest_testParameterizedTypeGenericArraysDeserialization.java
[INFO] Printing com.google.gson.functional.RuntimeTypeAdapterFactoryFunctionalTest_testSubclassesAutomaticallySerialized to /tmp/v1/gson/src/test/java//com/google/gson/functional/RuntimeTypeAdapterFactoryFunctionalTest_testSubclassesAutomaticallySerialized.java
[INFO] Printing com.google.gson.functional.ThrowableFunctionalTest_testErrorWithoutCause to /tmp/v1/gson/src/test/java//com/google/gson/functional/ThrowableFunctionalTest_testErrorWithoutCause.java
[INFO] Printing com.google.gson.functional.DelegateTypeAdapterTest_testDelegateInvokedOnStrings to /tmp/v1/gson/src/test/java//com/google/gson/functional/DelegateTypeAdapterTest_testDelegateInvokedOnStrings.java
[INFO] Printing com.google.gson.OverrideCoreTypeAdaptersTest_testOverridePrimitiveBooleanAdapter to /tmp/v1/gson/src/test/java//com/google/gson/OverrideCoreTypeAdaptersTest_testOverridePrimitiveBooleanAdapter.java
[INFO] Printing com.google.gson.functional.DefaultTypeAdaptersTest_testTimestampSerialization to /tmp/v1/gson/src/test/java//com/google/gson/functional/DefaultTypeAdaptersTest_testTimestampSerialization.java
[INFO] Printing com.google.gson.functional.TypeHierarchyAdapterTest_testTypeHierarchy to /tmp/v1/gson/src/test/java//com/google/gson/functional/TypeHierarchyAdapterTest_testTypeHierarchy.java
[INFO] Printing com.google.gson.functional.DelegateTypeAdapterTest_testDelegateInvoked to /tmp/v1/gson/src/test/java//com/google/gson/functional/DelegateTypeAdapterTest_testDelegateInvoked.java
[INFO] Printing com.google.gson.functional.CustomTypeAdaptersTest_testRegisterHierarchyAdapterForDate to /tmp/v1/gson/src/test/java//com/google/gson/functional/CustomTypeAdaptersTest_testRegisterHierarchyAdapterForDate.java
[INFO] Printing com.google.gson.functional.MapTest_testConcurrentHashMap to /tmp/v1/gson/src/test/java//com/google/gson/functional/MapTest_testConcurrentHashMap.java
[INFO] Printing com.google.gson.GsonTypeAdapterTest_testTypeAdapterProperlyConvertsTypes to /tmp/v1/gson/src/test/java//com/google/gson/GsonTypeAdapterTest_testTypeAdapterProperlyConvertsTypes.java
[INFO] Printing com.google.gson.functional.DefaultTypeAdaptersTest_testDateDeserializationWithPattern to /tmp/v1/gson/src/test/java//com/google/gson/functional/DefaultTypeAdaptersTest_testDateDeserializationWithPattern.java
[INFO] Printing com.google.gson.functional.TypeVariableTest_testBasicTypeVariables to /tmp/v1/gson/src/test/java//com/google/gson/functional/TypeVariableTest_testBasicTypeVariables.java
[INFO] Printing com.google.gson.functional.JsonAdapterAnnotationOnFieldsTest_testPrimitiveFieldAnnotationTakesPrecedenceOverDefault to /tmp/v1/gson/src/test/java//com/google/gson/functional/JsonAdapterAnnotationOnFieldsTest_testPrimitiveFieldAnnotationTakesPrecedenceOverDefault.java
[INFO] Printing com.google.gson.functional.JavaUtilConcurrentAtomicTest_testAtomicInteger to /tmp/v1/gson/src/test/java//com/google/gson/functional/JavaUtilConcurrentAtomicTest_testAtomicInteger.java
[INFO] Printing com.google.gson.JsonParserTest_testParseMixedArray to /tmp/v1/gson/src/test/java//com/google/gson/JsonParserTest_testParseMixedArray.java
[INFO] Printing com.google.gson.GsonTypeAdapterTest_testTypeAdapterDoesNotAffectNonAdaptedTypes to /tmp/v1/gson/src/test/java//com/google/gson/GsonTypeAdapterTest_testTypeAdapterDoesNotAffectNonAdaptedTypes.java
[INFO] Printing com.google.gson.functional.EnumTest_testEnumSubclass to /tmp/v1/gson/src/test/java//com/google/gson/functional/EnumTest_testEnumSubclass.java
[INFO] Printing com.google.gson.functional.EscapingTest_testGsonAcceptsEscapedAndNonEscapedJsonDeserialization to /tmp/v1/gson/src/test/java//com/google/gson/functional/EscapingTest_testGsonAcceptsEscapedAndNonEscapedJsonDeserialization.java
[INFO] Printing com.google.gson.functional.TypeAdapterPrecedenceTest_testNonstreamingHierarchicalFollowedByNonstreaming to /tmp/v1/gson/src/test/java//com/google/gson/functional/TypeAdapterPrecedenceTest_testNonstreamingHierarchicalFollowedByNonstreaming.java
[INFO] Printing com.google.gson.functional.DefaultTypeAdaptersTest_testSqlDateSerialization to /tmp/v1/gson/src/test/java//com/google/gson/functional/DefaultTypeAdaptersTest_testSqlDateSerialization.java
[INFO] Printing com.google.gson.functional.JsonAdapterAnnotationOnClassesTest_testJsonAdapterInvoked to /tmp/v1/gson/src/test/java//com/google/gson/functional/JsonAdapterAnnotationOnClassesTest_testJsonAdapterInvoked.java
[INFO] Printing com.google.gson.functional.DefaultTypeAdaptersTest_testNullSerialization to /tmp/v1/gson/src/test/java//com/google/gson/functional/DefaultTypeAdaptersTest_testNullSerialization.java
[INFO] Printing com.google.gson.functional.MapAsArrayTypeAdapterTest_testMultipleEnableComplexKeyRegistrationHasNoEffect to /tmp/v1/gson/src/test/java//com/google/gson/functional/MapAsArrayTypeAdapterTest_testMultipleEnableComplexKeyRegistrationHasNoEffect.java
[INFO] Printing com.google.gson.functional.ParameterizedTypesTest_testVariableTypeDeserialization to /tmp/v1/gson/src/test/java//com/google/gson/functional/ParameterizedTypesTest_testVariableTypeDeserialization.java
[INFO] Printing com.google.gson.functional.JsonAdapterAnnotationOnFieldsTest_testClassAnnotationAdapterTakesPrecedenceOverDefault to /tmp/v1/gson/src/test/java//com/google/gson/functional/JsonAdapterAnnotationOnFieldsTest_testClassAnnotationAdapterTakesPrecedenceOverDefault.java
[INFO] Printing com.google.gson.functional.PrimitiveTest_testQuotedStringSerializationAndDeserialization to /tmp/v1/gson/src/test/java//com/google/gson/functional/PrimitiveTest_testQuotedStringSerializationAndDeserialization.java
[INFO] Printing com.google.gson.functional.TypeAdapterPrecedenceTest_testNonstreamingFollowedByNonstreaming to /tmp/v1/gson/src/test/java//com/google/gson/functional/TypeAdapterPrecedenceTest_testNonstreamingFollowedByNonstreaming.java
[INFO] Printing com.google.gson.functional.EnumTest_testEnumClassWithFields to /tmp/v1/gson/src/test/java//com/google/gson/functional/EnumTest_testEnumClassWithFields.java
[INFO] Printing com.google.gson.functional.MapTest_testConcurrentMap to /tmp/v1/gson/src/test/java//com/google/gson/functional/MapTest_testConcurrentMap.java
[INFO] Printing com.google.gson.functional.EnumTest_testEnumCaseMapping to /tmp/v1/gson/src/test/java//com/google/gson/functional/EnumTest_testEnumCaseMapping.java
[INFO] Printing com.google.gson.functional.DefaultTypeAdaptersTest_testBitSetDeserialization to /tmp/v1/gson/src/test/java//com/google/gson/functional/DefaultTypeAdaptersTest_testBitSetDeserialization.java
[INFO] Printing com.google.gson.functional.JavaUtilConcurrentAtomicTest_testAtomicBoolean to /tmp/v1/gson/src/test/java//com/google/gson/functional/JavaUtilConcurrentAtomicTest_testAtomicBoolean.java
[INFO] Injecting JUnit-Jjoules in /tmp/v1/gson/pom.xml
[INFO] Output new POM file in /tmp/v1/gson/pom.xml
[INFO] Instrument version after commit...
[INFO] Run on /tmp/v2/gson/
[INFO] Running in NOCLASSPATH mode (doc: http://spoon.gforge.inria.fr/launcher.html).
[INFO] fr.davidson.diff.jjoules.class_instrumentation.process.JJoulesProcessor
Processing com.google.gson.functional.CollectionTest#testPriorityQueue
Processing com.google.gson.functional.CollectionTest#testVector
Processing com.google.gson.functional.CollectionTest#testStack
Processing com.google.gson.functional.CollectionTest#testWildcardCollectionField
Processing com.google.gson.functional.CollectionTest#testFieldIsArrayList
Processing com.google.gson.functional.CustomDeserializerTest#testDefaultConstructorNotCalledOnObject
Processing com.google.gson.functional.CustomDeserializerTest#testDefaultConstructorNotCalledOnField
Processing com.google.gson.functional.CustomTypeAdaptersTest#testRegisterHierarchyAdapterForDate
Processing com.google.gson.functional.DefaultTypeAdaptersTest#testNullSerialization
Processing com.google.gson.functional.DefaultTypeAdaptersTest#testOverrideBigIntegerTypeAdapter
Processing com.google.gson.functional.DefaultTypeAdaptersTest#testOverrideBigDecimalTypeAdapter
Processing com.google.gson.functional.DefaultTypeAdaptersTest#testBitSetDeserialization
Processing com.google.gson.functional.DefaultTypeAdaptersTest#testDefaultDateDeserializationUsingBuilder
Processing com.google.gson.functional.DefaultTypeAdaptersTest#testDateDeserializationWithPattern
Processing com.google.gson.functional.DefaultTypeAdaptersTest#testDateSerializationInCollection
Processing com.google.gson.functional.DefaultTypeAdaptersTest#testTimestampSerialization
Processing com.google.gson.functional.DefaultTypeAdaptersTest#testSqlDateSerialization
Processing com.google.gson.functional.DelegateTypeAdapterTest#testDelegateInvoked
Processing com.google.gson.functional.DelegateTypeAdapterTest#testDelegateInvokedOnStrings
Processing com.google.gson.functional.EnumTest#testEnumSubclass
Processing com.google.gson.functional.EnumTest#testEnumSubclassWithRegisteredTypeAdapter
Processing com.google.gson.functional.EnumTest#testEnumSubclassAsParameterizedType
Processing com.google.gson.functional.EnumTest#testEnumCaseMapping
Processing com.google.gson.functional.EnumTest#testEnumSet
Processing com.google.gson.functional.EnumTest#testEnumClassWithFields
Processing com.google.gson.functional.EscapingTest#testEscapingQuotesInStringArray
Processing com.google.gson.functional.EscapingTest#testEscapingObjectFields
Processing com.google.gson.functional.EscapingTest#testGsonAcceptsEscapedAndNonEscapedJsonDeserialization
Processing com.google.gson.functional.EscapingTest#testGsonDoubleDeserialization
Processing com.google.gson.functional.JavaUtilConcurrentAtomicTest#testAtomicBoolean
Processing com.google.gson.functional.JavaUtilConcurrentAtomicTest#testAtomicInteger
Processing com.google.gson.functional.JavaUtilConcurrentAtomicTest#testAtomicLong
Processing com.google.gson.functional.JavaUtilConcurrentAtomicTest#testAtomicLongWithStringSerializationPolicy
Processing com.google.gson.functional.JavaUtilConcurrentAtomicTest#testAtomicIntegerArray
Processing com.google.gson.functional.JavaUtilConcurrentAtomicTest#testAtomicLongArray
Processing com.google.gson.functional.JavaUtilConcurrentAtomicTest#testAtomicLongArrayWithStringSerializationPolicy
Processing com.google.gson.functional.JavaUtilTest#testCurrency
Processing com.google.gson.functional.JavaUtilTest#testProperties
Processing com.google.gson.functional.JsonAdapterAnnotationOnClassesTest#testJsonAdapterInvoked
Processing com.google.gson.functional.JsonAdapterAnnotationOnClassesTest#testJsonAdapterFactoryInvoked
Processing com.google.gson.functional.JsonAdapterAnnotationOnClassesTest#testRegisteredSerializerOverridesJsonAdapter
Processing com.google.gson.functional.JsonAdapterAnnotationOnClassesTest#testRegisteredDeserializerOverridesJsonAdapter
Processing com.google.gson.functional.JsonAdapterAnnotationOnFieldsTest#testClassAnnotationAdapterTakesPrecedenceOverDefault
Processing com.google.gson.functional.JsonAdapterAnnotationOnFieldsTest#testClassAnnotationAdapterFactoryTakesPrecedenceOverDefault
Processing com.google.gson.functional.JsonAdapterAnnotationOnFieldsTest#testRegisteredTypeAdapterTakesPrecedenceOverClassAnnotationAdapter
Processing com.google.gson.functional.JsonAdapterAnnotationOnFieldsTest#testFieldAnnotationTakesPrecedenceOverRegisteredTypeAdapter
Processing com.google.gson.functional.JsonAdapterAnnotationOnFieldsTest#testFieldAnnotationTakesPrecedenceOverClassAnnotation
Processing com.google.gson.functional.JsonAdapterAnnotationOnFieldsTest#testJsonAdapterWrappedInNullSafeAsRequested
Processing com.google.gson.functional.JsonAdapterAnnotationOnFieldsTest#testNonPrimitiveFieldAnnotationTakesPrecedenceOverDefault
Processing com.google.gson.functional.JsonAdapterAnnotationOnFieldsTest#testPrimitiveFieldAnnotationTakesPrecedenceOverDefault
Processing com.google.gson.functional.JsonAdapterAnnotationOnFieldsTest#testFieldAnnotationWorksForParameterizedType
Processing com.google.gson.functional.JsonAdapterSerializerDeserializerTest#testJsonSerializerDeserializerBasedJsonAdapterOnFields
Processing com.google.gson.functional.JsonAdapterSerializerDeserializerTest#testJsonSerializerDeserializerBasedJsonAdapterOnClass
Processing com.google.gson.functional.MapAsArrayTypeAdapterTest#testSerializeComplexMapWithTypeAdapter
Processing com.google.gson.functional.MapAsArrayTypeAdapterTest#testMultipleEnableComplexKeyRegistrationHasNoEffect
Processing com.google.gson.functional.MapTest#testConcurrentMap
Processing com.google.gson.functional.MapTest#testConcurrentHashMap
Processing com.google.gson.functional.MapTest#testConcurrentNavigableMap
Processing com.google.gson.functional.MapTest#testConcurrentSkipListMap
Processing com.google.gson.functional.NamingPolicyTest#testComplexFieldNameStrategy
Processing com.google.gson.functional.ObjectTest#testSingletonLists
Processing com.google.gson.functional.ParameterizedTypesTest#testVariableTypeFieldsAndGenericArraysDeserialization
Processing com.google.gson.functional.ParameterizedTypesTest#testVariableTypeDeserialization
Processing com.google.gson.functional.ParameterizedTypesTest#testVariableTypeArrayDeserialization
Processing com.google.gson.functional.ParameterizedTypesTest#testParameterizedTypeWithVariableTypeDeserialization
Processing com.google.gson.functional.ParameterizedTypesTest#testParameterizedTypeGenericArraysDeserialization
Processing com.google.gson.functional.PrimitiveTest#testQuotedStringSerializationAndDeserialization
Processing com.google.gson.functional.ReadersWritersTest#testReadWriteTwoStrings
Processing com.google.gson.functional.ReadersWritersTest#testReadWriteTwoObjects
Processing com.google.gson.functional.RuntimeTypeAdapterFactoryFunctionalTest#testSubclassesAutomaticallySerialized
Processing com.google.gson.functional.StreamingTypeAdaptersTest#testNullSafe
Processing com.google.gson.functional.StringTest#testSingleQuoteInStringSerialization
Processing com.google.gson.functional.StringTest#testEscapingQuotesInStringSerialization
Processing com.google.gson.functional.ThrowableFunctionalTest#testExceptionWithoutCause
Processing com.google.gson.functional.ThrowableFunctionalTest#testExceptionWithCause
Processing com.google.gson.functional.ThrowableFunctionalTest#testErrorWithoutCause
Processing com.google.gson.functional.ThrowableFunctionalTest#testErrornWithCause
Processing com.google.gson.functional.TypeAdapterPrecedenceTest#testNonstreamingFollowedByNonstreaming
Processing com.google.gson.functional.TypeAdapterPrecedenceTest#testStreamingFollowedByStreaming
Processing com.google.gson.functional.TypeAdapterPrecedenceTest#testSerializeNonstreamingTypeAdapterFollowedByStreamingTypeAdapter
Processing com.google.gson.functional.TypeAdapterPrecedenceTest#testStreamingFollowedByNonstreaming
Processing com.google.gson.functional.TypeAdapterPrecedenceTest#testStreamingHierarchicalFollowedByNonstreaming
Processing com.google.gson.functional.TypeAdapterPrecedenceTest#testStreamingFollowedByNonstreamingHierarchical
Processing com.google.gson.functional.TypeAdapterPrecedenceTest#testStreamingHierarchicalFollowedByNonstreamingHierarchical
Processing com.google.gson.functional.TypeAdapterPrecedenceTest#testNonstreamingHierarchicalFollowedByNonstreaming
Processing com.google.gson.functional.TypeHierarchyAdapterTest#testTypeHierarchy
Processing com.google.gson.functional.TypeHierarchyAdapterTest#testRegisterSuperTypeFirst
Processing com.google.gson.functional.TypeVariableTest#testAdvancedTypeVariables
Processing com.google.gson.functional.TypeVariableTest#testTypeVariablesViaTypeParameter
Processing com.google.gson.functional.TypeVariableTest#testBasicTypeVariables
Processing com.google.gson.functional.UncategorizedTest#testGsonInstanceReusableForSerializationAndDeserialization
Processing com.google.gson.DefaultInetAddressTypeAdapterTest#testInetAddressSerializationAndDeserialization
Processing com.google.gson.GsonTypeAdapterTest#testTypeAdapterThrowsException
Processing com.google.gson.GsonTypeAdapterTest#testTypeAdapterProperlyConvertsTypes
Processing com.google.gson.GsonTypeAdapterTest#testTypeAdapterDoesNotAffectNonAdaptedTypes
Processing com.google.gson.JsonParserTest#testParseMixedArray
Processing com.google.gson.JsonParserTest#testReadWriteTwoObjects
Processing com.google.gson.OverrideCoreTypeAdaptersTest#testOverrideWrapperBooleanAdapter
Processing com.google.gson.OverrideCoreTypeAdaptersTest#testOverridePrimitiveBooleanAdapter
Processing com.google.gson.OverrideCoreTypeAdaptersTest#testOverrideStringAdapter
[INFO] Processing Done...
[INFO] Printing com.google.gson.functional.TypeAdapterPrecedenceTest_testStreamingFollowedByNonstreaming to /tmp/v2/gson//src/test/java//com/google/gson/functional/TypeAdapterPrecedenceTest_testStreamingFollowedByNonstreaming.java
[INFO] Printing com.google.gson.OverrideCoreTypeAdaptersTest_testOverrideStringAdapter to /tmp/v2/gson//src/test/java//com/google/gson/OverrideCoreTypeAdaptersTest_testOverrideStringAdapter.java
[INFO] Printing com.google.gson.functional.CollectionTest_testStack to /tmp/v2/gson//src/test/java//com/google/gson/functional/CollectionTest_testStack.java
[INFO] Printing com.google.gson.functional.JavaUtilConcurrentAtomicTest_testAtomicLongArray to /tmp/v2/gson//src/test/java//com/google/gson/functional/JavaUtilConcurrentAtomicTest_testAtomicLongArray.java
[INFO] Printing com.google.gson.functional.TypeVariableTest_testTypeVariablesViaTypeParameter to /tmp/v2/gson//src/test/java//com/google/gson/functional/TypeVariableTest_testTypeVariablesViaTypeParameter.java
[INFO] Printing com.google.gson.functional.JsonAdapterAnnotationOnFieldsTest_testRegisteredTypeAdapterTakesPrecedenceOverClassAnnotationAdapter to /tmp/v2/gson//src/test/java//com/google/gson/functional/JsonAdapterAnnotationOnFieldsTest_testRegisteredTypeAdapterTakesPrecedenceOverClassAnnotationAdapter.java
[INFO] Printing com.google.gson.functional.JavaUtilConcurrentAtomicTest_testAtomicIntegerArray to /tmp/v2/gson//src/test/java//com/google/gson/functional/JavaUtilConcurrentAtomicTest_testAtomicIntegerArray.java
[INFO] Printing com.google.gson.functional.JsonAdapterAnnotationOnFieldsTest_testClassAnnotationAdapterFactoryTakesPrecedenceOverDefault to /tmp/v2/gson//src/test/java//com/google/gson/functional/JsonAdapterAnnotationOnFieldsTest_testClassAnnotationAdapterFactoryTakesPrecedenceOverDefault.java
[INFO] Printing com.google.gson.functional.MapTest_testConcurrentNavigableMap to /tmp/v2/gson//src/test/java//com/google/gson/functional/MapTest_testConcurrentNavigableMap.java
[INFO] Printing com.google.gson.functional.JavaUtilConcurrentAtomicTest_testAtomicLongWithStringSerializationPolicy to /tmp/v2/gson//src/test/java//com/google/gson/functional/JavaUtilConcurrentAtomicTest_testAtomicLongWithStringSerializationPolicy.java
[INFO] Printing com.google.gson.functional.StringTest_testSingleQuoteInStringSerialization to /tmp/v2/gson//src/test/java//com/google/gson/functional/StringTest_testSingleQuoteInStringSerialization.java
[INFO] Printing com.google.gson.functional.ThrowableFunctionalTest_testExceptionWithoutCause to /tmp/v2/gson//src/test/java//com/google/gson/functional/ThrowableFunctionalTest_testExceptionWithoutCause.java
[INFO] Printing com.google.gson.functional.ThrowableFunctionalTest_testExceptionWithCause to /tmp/v2/gson//src/test/java//com/google/gson/functional/ThrowableFunctionalTest_testExceptionWithCause.java
[INFO] Printing com.google.gson.functional.ParameterizedTypesTest_testVariableTypeArrayDeserialization to /tmp/v2/gson//src/test/java//com/google/gson/functional/ParameterizedTypesTest_testVariableTypeArrayDeserialization.java
[INFO] Printing com.google.gson.functional.DefaultTypeAdaptersTest_testDefaultDateDeserializationUsingBuilder to /tmp/v2/gson//src/test/java//com/google/gson/functional/DefaultTypeAdaptersTest_testDefaultDateDeserializationUsingBuilder.java
[INFO] Printing com.google.gson.functional.TypeAdapterPrecedenceTest_testSerializeNonstreamingTypeAdapterFollowedByStreamingTypeAdapter to /tmp/v2/gson//src/test/java//com/google/gson/functional/TypeAdapterPrecedenceTest_testSerializeNonstreamingTypeAdapterFollowedByStreamingTypeAdapter.java
[INFO] Printing com.google.gson.functional.JavaUtilConcurrentAtomicTest_testAtomicLongArrayWithStringSerializationPolicy to /tmp/v2/gson//src/test/java//com/google/gson/functional/JavaUtilConcurrentAtomicTest_testAtomicLongArrayWithStringSerializationPolicy.java
[INFO] Printing com.google.gson.functional.EscapingTest_testEscapingQuotesInStringArray to /tmp/v2/gson//src/test/java//com/google/gson/functional/EscapingTest_testEscapingQuotesInStringArray.java
[INFO] Printing com.google.gson.functional.CustomDeserializerTest_testDefaultConstructorNotCalledOnObject to /tmp/v2/gson//src/test/java//com/google/gson/functional/CustomDeserializerTest_testDefaultConstructorNotCalledOnObject.java
[INFO] Printing com.google.gson.functional.ReadersWritersTest_testReadWriteTwoObjects to /tmp/v2/gson//src/test/java//com/google/gson/functional/ReadersWritersTest_testReadWriteTwoObjects.java
[INFO] Printing com.google.gson.functional.StringTest_testEscapingQuotesInStringSerialization to /tmp/v2/gson//src/test/java//com/google/gson/functional/StringTest_testEscapingQuotesInStringSerialization.java
[INFO] Printing com.google.gson.functional.JsonAdapterAnnotationOnClassesTest_testRegisteredSerializerOverridesJsonAdapter to /tmp/v2/gson//src/test/java//com/google/gson/functional/JsonAdapterAnnotationOnClassesTest_testRegisteredSerializerOverridesJsonAdapter.java
[INFO] Printing com.google.gson.functional.JsonAdapterAnnotationOnFieldsTest_testJsonAdapterWrappedInNullSafeAsRequested to /tmp/v2/gson//src/test/java//com/google/gson/functional/JsonAdapterAnnotationOnFieldsTest_testJsonAdapterWrappedInNullSafeAsRequested.java
[INFO] Printing com.google.gson.GsonTypeAdapterTest_testTypeAdapterThrowsException to /tmp/v2/gson//src/test/java//com/google/gson/GsonTypeAdapterTest_testTypeAdapterThrowsException.java
[INFO] Printing com.google.gson.functional.JsonAdapterAnnotationOnFieldsTest_testNonPrimitiveFieldAnnotationTakesPrecedenceOverDefault to /tmp/v2/gson//src/test/java//com/google/gson/functional/JsonAdapterAnnotationOnFieldsTest_testNonPrimitiveFieldAnnotationTakesPrecedenceOverDefault.java
[INFO] Printing com.google.gson.functional.MapAsArrayTypeAdapterTest_testSerializeComplexMapWithTypeAdapter to /tmp/v2/gson//src/test/java//com/google/gson/functional/MapAsArrayTypeAdapterTest_testSerializeComplexMapWithTypeAdapter.java
[INFO] Printing com.google.gson.functional.EnumTest_testEnumSubclassAsParameterizedType to /tmp/v2/gson//src/test/java//com/google/gson/functional/EnumTest_testEnumSubclassAsParameterizedType.java
[INFO] Printing com.google.gson.functional.EnumTest_testEnumSet to /tmp/v2/gson//src/test/java//com/google/gson/functional/EnumTest_testEnumSet.java
[INFO] Printing com.google.gson.functional.TypeAdapterPrecedenceTest_testStreamingFollowedByNonstreamingHierarchical to /tmp/v2/gson//src/test/java//com/google/gson/functional/TypeAdapterPrecedenceTest_testStreamingFollowedByNonstreamingHierarchical.java
[INFO] Printing com.google.gson.functional.ThrowableFunctionalTest_testErrornWithCause to /tmp/v2/gson//src/test/java//com/google/gson/functional/ThrowableFunctionalTest_testErrornWithCause.java
[INFO] Printing com.google.gson.functional.JsonAdapterAnnotationOnClassesTest_testJsonAdapterFactoryInvoked to /tmp/v2/gson//src/test/java//com/google/gson/functional/JsonAdapterAnnotationOnClassesTest_testJsonAdapterFactoryInvoked.java
[INFO] Printing com.google.gson.functional.JsonAdapterAnnotationOnFieldsTest_testFieldAnnotationTakesPrecedenceOverClassAnnotation to /tmp/v2/gson//src/test/java//com/google/gson/functional/JsonAdapterAnnotationOnFieldsTest_testFieldAnnotationTakesPrecedenceOverClassAnnotation.java
[INFO] Printing com.google.gson.functional.JavaUtilTest_testCurrency to /tmp/v2/gson//src/test/java//com/google/gson/functional/JavaUtilTest_testCurrency.java
[INFO] Printing com.google.gson.functional.CustomDeserializerTest_testDefaultConstructorNotCalledOnField to /tmp/v2/gson//src/test/java//com/google/gson/functional/CustomDeserializerTest_testDefaultConstructorNotCalledOnField.java
[INFO] Printing com.google.gson.functional.TypeAdapterPrecedenceTest_testStreamingFollowedByStreaming to /tmp/v2/gson//src/test/java//com/google/gson/functional/TypeAdapterPrecedenceTest_testStreamingFollowedByStreaming.java
[INFO] Printing com.google.gson.functional.EscapingTest_testGsonDoubleDeserialization to /tmp/v2/gson//src/test/java//com/google/gson/functional/EscapingTest_testGsonDoubleDeserialization.java
[INFO] Printing com.google.gson.functional.ObjectTest_testSingletonLists to /tmp/v2/gson//src/test/java//com/google/gson/functional/ObjectTest_testSingletonLists.java
[INFO] Printing com.google.gson.functional.CollectionTest_testPriorityQueue to /tmp/v2/gson//src/test/java//com/google/gson/functional/CollectionTest_testPriorityQueue.java
[INFO] Printing com.google.gson.functional.EnumTest_testEnumSubclassWithRegisteredTypeAdapter to /tmp/v2/gson//src/test/java//com/google/gson/functional/EnumTest_testEnumSubclassWithRegisteredTypeAdapter.java
[INFO] Printing com.google.gson.functional.JavaUtilConcurrentAtomicTest_testAtomicLong to /tmp/v2/gson//src/test/java//com/google/gson/functional/JavaUtilConcurrentAtomicTest_testAtomicLong.java
[INFO] Printing com.google.gson.functional.TypeAdapterPrecedenceTest_testStreamingHierarchicalFollowedByNonstreaming to /tmp/v2/gson//src/test/java//com/google/gson/functional/TypeAdapterPrecedenceTest_testStreamingHierarchicalFollowedByNonstreaming.java
[INFO] Printing com.google.gson.functional.CollectionTest_testVector to /tmp/v2/gson//src/test/java//com/google/gson/functional/CollectionTest_testVector.java
[INFO] Printing com.google.gson.functional.JsonAdapterAnnotationOnClassesTest_testRegisteredDeserializerOverridesJsonAdapter to /tmp/v2/gson//src/test/java//com/google/gson/functional/JsonAdapterAnnotationOnClassesTest_testRegisteredDeserializerOverridesJsonAdapter.java
[INFO] Printing com.google.gson.functional.TypeAdapterPrecedenceTest_testStreamingHierarchicalFollowedByNonstreamingHierarchical to /tmp/v2/gson//src/test/java//com/google/gson/functional/TypeAdapterPrecedenceTest_testStreamingHierarchicalFollowedByNonstreamingHierarchical.java
[INFO] Printing com.google.gson.functional.JsonAdapterSerializerDeserializerTest_testJsonSerializerDeserializerBasedJsonAdapterOnFields to /tmp/v2/gson//src/test/java//com/google/gson/functional/JsonAdapterSerializerDeserializerTest_testJsonSerializerDeserializerBasedJsonAdapterOnFields.java
[INFO] Printing com.google.gson.functional.JsonAdapterAnnotationOnFieldsTest_testFieldAnnotationWorksForParameterizedType to /tmp/v2/gson//src/test/java//com/google/gson/functional/JsonAdapterAnnotationOnFieldsTest_testFieldAnnotationWorksForParameterizedType.java
[INFO] Printing com.google.gson.functional.MapTest_testConcurrentSkipListMap to /tmp/v2/gson//src/test/java//com/google/gson/functional/MapTest_testConcurrentSkipListMap.java
[INFO] Printing com.google.gson.functional.DefaultTypeAdaptersTest_testDateSerializationInCollection to /tmp/v2/gson//src/test/java//com/google/gson/functional/DefaultTypeAdaptersTest_testDateSerializationInCollection.java
[INFO] Printing com.google.gson.functional.ParameterizedTypesTest_testVariableTypeFieldsAndGenericArraysDeserialization to /tmp/v2/gson//src/test/java//com/google/gson/functional/ParameterizedTypesTest_testVariableTypeFieldsAndGenericArraysDeserialization.java
[INFO] Printing com.google.gson.JsonParserTest_testReadWriteTwoObjects to /tmp/v2/gson//src/test/java//com/google/gson/JsonParserTest_testReadWriteTwoObjects.java
[INFO] Printing com.google.gson.functional.TypeHierarchyAdapterTest_testRegisterSuperTypeFirst to /tmp/v2/gson//src/test/java//com/google/gson/functional/TypeHierarchyAdapterTest_testRegisterSuperTypeFirst.java
[INFO] Printing com.google.gson.functional.NamingPolicyTest_testComplexFieldNameStrategy to /tmp/v2/gson//src/test/java//com/google/gson/functional/NamingPolicyTest_testComplexFieldNameStrategy.java
[INFO] Printing com.google.gson.functional.TypeVariableTest_testAdvancedTypeVariables to /tmp/v2/gson//src/test/java//com/google/gson/functional/TypeVariableTest_testAdvancedTypeVariables.java
[INFO] Printing com.google.gson.functional.CollectionTest_testWildcardCollectionField to /tmp/v2/gson//src/test/java//com/google/gson/functional/CollectionTest_testWildcardCollectionField.java
[INFO] Printing com.google.gson.functional.CollectionTest_testFieldIsArrayList to /tmp/v2/gson//src/test/java//com/google/gson/functional/CollectionTest_testFieldIsArrayList.java
[INFO] Printing com.google.gson.functional.JsonAdapterSerializerDeserializerTest_testJsonSerializerDeserializerBasedJsonAdapterOnClass to /tmp/v2/gson//src/test/java//com/google/gson/functional/JsonAdapterSerializerDeserializerTest_testJsonSerializerDeserializerBasedJsonAdapterOnClass.java
[INFO] Printing com.google.gson.DefaultInetAddressTypeAdapterTest_testInetAddressSerializationAndDeserialization to /tmp/v2/gson//src/test/java//com/google/gson/DefaultInetAddressTypeAdapterTest_testInetAddressSerializationAndDeserialization.java
[INFO] Printing com.google.gson.functional.JavaUtilTest_testProperties to /tmp/v2/gson//src/test/java//com/google/gson/functional/JavaUtilTest_testProperties.java
[INFO] Printing com.google.gson.functional.EscapingTest_testEscapingObjectFields to /tmp/v2/gson//src/test/java//com/google/gson/functional/EscapingTest_testEscapingObjectFields.java
[INFO] Printing com.google.gson.functional.JsonAdapterAnnotationOnFieldsTest_testFieldAnnotationTakesPrecedenceOverRegisteredTypeAdapter to /tmp/v2/gson//src/test/java//com/google/gson/functional/JsonAdapterAnnotationOnFieldsTest_testFieldAnnotationTakesPrecedenceOverRegisteredTypeAdapter.java
[INFO] Printing com.google.gson.functional.ReadersWritersTest_testReadWriteTwoStrings to /tmp/v2/gson//src/test/java//com/google/gson/functional/ReadersWritersTest_testReadWriteTwoStrings.java
[INFO] Printing com.google.gson.functional.StreamingTypeAdaptersTest_testNullSafe to /tmp/v2/gson//src/test/java//com/google/gson/functional/StreamingTypeAdaptersTest_testNullSafe.java
[INFO] Printing com.google.gson.functional.DefaultTypeAdaptersTest_testOverrideBigIntegerTypeAdapter to /tmp/v2/gson//src/test/java//com/google/gson/functional/DefaultTypeAdaptersTest_testOverrideBigIntegerTypeAdapter.java
[INFO] Printing com.google.gson.functional.DefaultTypeAdaptersTest_testOverrideBigDecimalTypeAdapter to /tmp/v2/gson//src/test/java//com/google/gson/functional/DefaultTypeAdaptersTest_testOverrideBigDecimalTypeAdapter.java
[INFO] Printing com.google.gson.functional.ParameterizedTypesTest_testParameterizedTypeWithVariableTypeDeserialization to /tmp/v2/gson//src/test/java//com/google/gson/functional/ParameterizedTypesTest_testParameterizedTypeWithVariableTypeDeserialization.java
[INFO] Printing com.google.gson.functional.UncategorizedTest_testGsonInstanceReusableForSerializationAndDeserialization to /tmp/v2/gson//src/test/java//com/google/gson/functional/UncategorizedTest_testGsonInstanceReusableForSerializationAndDeserialization.java
[INFO] Printing com.google.gson.OverrideCoreTypeAdaptersTest_testOverrideWrapperBooleanAdapter to /tmp/v2/gson//src/test/java//com/google/gson/OverrideCoreTypeAdaptersTest_testOverrideWrapperBooleanAdapter.java
[INFO] Printing com.google.gson.functional.ParameterizedTypesTest_testParameterizedTypeGenericArraysDeserialization to /tmp/v2/gson//src/test/java//com/google/gson/functional/ParameterizedTypesTest_testParameterizedTypeGenericArraysDeserialization.java
[INFO] Printing com.google.gson.functional.RuntimeTypeAdapterFactoryFunctionalTest_testSubclassesAutomaticallySerialized to /tmp/v2/gson//src/test/java//com/google/gson/functional/RuntimeTypeAdapterFactoryFunctionalTest_testSubclassesAutomaticallySerialized.java
[INFO] Printing com.google.gson.functional.ThrowableFunctionalTest_testErrorWithoutCause to /tmp/v2/gson//src/test/java//com/google/gson/functional/ThrowableFunctionalTest_testErrorWithoutCause.java
[INFO] Printing com.google.gson.functional.DelegateTypeAdapterTest_testDelegateInvokedOnStrings to /tmp/v2/gson//src/test/java//com/google/gson/functional/DelegateTypeAdapterTest_testDelegateInvokedOnStrings.java
[INFO] Printing com.google.gson.OverrideCoreTypeAdaptersTest_testOverridePrimitiveBooleanAdapter to /tmp/v2/gson//src/test/java//com/google/gson/OverrideCoreTypeAdaptersTest_testOverridePrimitiveBooleanAdapter.java
[INFO] Printing com.google.gson.functional.DefaultTypeAdaptersTest_testTimestampSerialization to /tmp/v2/gson//src/test/java//com/google/gson/functional/DefaultTypeAdaptersTest_testTimestampSerialization.java
[INFO] Printing com.google.gson.functional.TypeHierarchyAdapterTest_testTypeHierarchy to /tmp/v2/gson//src/test/java//com/google/gson/functional/TypeHierarchyAdapterTest_testTypeHierarchy.java
[INFO] Printing com.google.gson.functional.DelegateTypeAdapterTest_testDelegateInvoked to /tmp/v2/gson//src/test/java//com/google/gson/functional/DelegateTypeAdapterTest_testDelegateInvoked.java
[INFO] Printing com.google.gson.functional.CustomTypeAdaptersTest_testRegisterHierarchyAdapterForDate to /tmp/v2/gson//src/test/java//com/google/gson/functional/CustomTypeAdaptersTest_testRegisterHierarchyAdapterForDate.java
[INFO] Printing com.google.gson.functional.MapTest_testConcurrentHashMap to /tmp/v2/gson//src/test/java//com/google/gson/functional/MapTest_testConcurrentHashMap.java
[INFO] Printing com.google.gson.GsonTypeAdapterTest_testTypeAdapterProperlyConvertsTypes to /tmp/v2/gson//src/test/java//com/google/gson/GsonTypeAdapterTest_testTypeAdapterProperlyConvertsTypes.java
[INFO] Printing com.google.gson.functional.DefaultTypeAdaptersTest_testDateDeserializationWithPattern to /tmp/v2/gson//src/test/java//com/google/gson/functional/DefaultTypeAdaptersTest_testDateDeserializationWithPattern.java
[INFO] Printing com.google.gson.functional.TypeVariableTest_testBasicTypeVariables to /tmp/v2/gson//src/test/java//com/google/gson/functional/TypeVariableTest_testBasicTypeVariables.java
[INFO] Printing com.google.gson.functional.JsonAdapterAnnotationOnFieldsTest_testPrimitiveFieldAnnotationTakesPrecedenceOverDefault to /tmp/v2/gson//src/test/java//com/google/gson/functional/JsonAdapterAnnotationOnFieldsTest_testPrimitiveFieldAnnotationTakesPrecedenceOverDefault.java
[INFO] Printing com.google.gson.functional.JavaUtilConcurrentAtomicTest_testAtomicInteger to /tmp/v2/gson//src/test/java//com/google/gson/functional/JavaUtilConcurrentAtomicTest_testAtomicInteger.java
[INFO] Printing com.google.gson.JsonParserTest_testParseMixedArray to /tmp/v2/gson//src/test/java//com/google/gson/JsonParserTest_testParseMixedArray.java
[INFO] Printing com.google.gson.GsonTypeAdapterTest_testTypeAdapterDoesNotAffectNonAdaptedTypes to /tmp/v2/gson//src/test/java//com/google/gson/GsonTypeAdapterTest_testTypeAdapterDoesNotAffectNonAdaptedTypes.java
[INFO] Printing com.google.gson.functional.EnumTest_testEnumSubclass to /tmp/v2/gson//src/test/java//com/google/gson/functional/EnumTest_testEnumSubclass.java
[INFO] Printing com.google.gson.functional.EscapingTest_testGsonAcceptsEscapedAndNonEscapedJsonDeserialization to /tmp/v2/gson//src/test/java//com/google/gson/functional/EscapingTest_testGsonAcceptsEscapedAndNonEscapedJsonDeserialization.java
[INFO] Printing com.google.gson.functional.TypeAdapterPrecedenceTest_testNonstreamingHierarchicalFollowedByNonstreaming to /tmp/v2/gson//src/test/java//com/google/gson/functional/TypeAdapterPrecedenceTest_testNonstreamingHierarchicalFollowedByNonstreaming.java
[INFO] Printing com.google.gson.functional.DefaultTypeAdaptersTest_testSqlDateSerialization to /tmp/v2/gson//src/test/java//com/google/gson/functional/DefaultTypeAdaptersTest_testSqlDateSerialization.java
[INFO] Printing com.google.gson.functional.JsonAdapterAnnotationOnClassesTest_testJsonAdapterInvoked to /tmp/v2/gson//src/test/java//com/google/gson/functional/JsonAdapterAnnotationOnClassesTest_testJsonAdapterInvoked.java
[INFO] Printing com.google.gson.functional.DefaultTypeAdaptersTest_testNullSerialization to /tmp/v2/gson//src/test/java//com/google/gson/functional/DefaultTypeAdaptersTest_testNullSerialization.java
[INFO] Printing com.google.gson.functional.MapAsArrayTypeAdapterTest_testMultipleEnableComplexKeyRegistrationHasNoEffect to /tmp/v2/gson//src/test/java//com/google/gson/functional/MapAsArrayTypeAdapterTest_testMultipleEnableComplexKeyRegistrationHasNoEffect.java
[INFO] Printing com.google.gson.functional.ParameterizedTypesTest_testVariableTypeDeserialization to /tmp/v2/gson//src/test/java//com/google/gson/functional/ParameterizedTypesTest_testVariableTypeDeserialization.java
[INFO] Printing com.google.gson.functional.JsonAdapterAnnotationOnFieldsTest_testClassAnnotationAdapterTakesPrecedenceOverDefault to /tmp/v2/gson//src/test/java//com/google/gson/functional/JsonAdapterAnnotationOnFieldsTest_testClassAnnotationAdapterTakesPrecedenceOverDefault.java
[INFO] Printing com.google.gson.functional.PrimitiveTest_testQuotedStringSerializationAndDeserialization to /tmp/v2/gson//src/test/java//com/google/gson/functional/PrimitiveTest_testQuotedStringSerializationAndDeserialization.java
[INFO] Printing com.google.gson.functional.TypeAdapterPrecedenceTest_testNonstreamingFollowedByNonstreaming to /tmp/v2/gson//src/test/java//com/google/gson/functional/TypeAdapterPrecedenceTest_testNonstreamingFollowedByNonstreaming.java
[INFO] Printing com.google.gson.functional.EnumTest_testEnumClassWithFields to /tmp/v2/gson//src/test/java//com/google/gson/functional/EnumTest_testEnumClassWithFields.java
[INFO] Printing com.google.gson.functional.MapTest_testConcurrentMap to /tmp/v2/gson//src/test/java//com/google/gson/functional/MapTest_testConcurrentMap.java
[INFO] Printing com.google.gson.functional.EnumTest_testEnumCaseMapping to /tmp/v2/gson//src/test/java//com/google/gson/functional/EnumTest_testEnumCaseMapping.java
[INFO] Printing com.google.gson.functional.DefaultTypeAdaptersTest_testBitSetDeserialization to /tmp/v2/gson//src/test/java//com/google/gson/functional/DefaultTypeAdaptersTest_testBitSetDeserialization.java
[INFO] Printing com.google.gson.functional.JavaUtilConcurrentAtomicTest_testAtomicBoolean to /tmp/v2/gson//src/test/java//com/google/gson/functional/JavaUtilConcurrentAtomicTest_testAtomicBoolean.java
[INFO] Injecting JUnit-Jjoules in /tmp/v2/gson//pom.xml
[INFO] Output new POM file in /tmp/v2/gson//pom.xml
[INFO] ------------------------------------------------------------------------
[INFO] BUILD SUCCESS
[INFO] ------------------------------------------------------------------------
[INFO] Total time:  59.590 s
[INFO] Finished at: 2021-01-20T09:00:49+01:00
[INFO] ------------------------------------------------------------------------
