[INFO] Scanning for projects...
[INFO] 
[INFO] ---------------------< com.google.code.gson:gson >----------------------
[INFO] Building Gson 2.2.5-SNAPSHOT
[INFO] --------------------------------[ jar ]---------------------------------
[INFO] 
[INFO] --- maven-clean-plugin:2.5:clean (default-clean) @ gson ---
[INFO] Deleting /tmp/v1/gson/target
[INFO] 
[INFO] --- maven-enforcer-plugin:1.2:enforce (enforce-maven) @ gson ---
[INFO] 
[INFO] --- maven-resources-plugin:2.6:resources (default-resources) @ gson ---
[INFO] Using 'UTF-8' encoding to copy filtered resources.
[INFO] skip non existing resourceDirectory /tmp/v1/gson/src/main/resources
[INFO] 
[INFO] --- maven-compiler-plugin:3.1:compile (default-compile) @ gson ---
[INFO] Changes detected - recompiling the module!
[INFO] Compiling 64 source files to /tmp/v1/gson/target/classes
[INFO] 
[INFO] --- maven-resources-plugin:2.6:testResources (default-testResources) @ gson ---
[INFO] Using 'UTF-8' encoding to copy filtered resources.
[INFO] skip non existing resourceDirectory /tmp/v1/gson/src/test/resources
[INFO] 
[INFO] --- maven-compiler-plugin:3.1:testCompile (default-testCompile) @ gson ---
[INFO] Changes detected - recompiling the module!
[INFO] Compiling 79 source files to /tmp/v1/gson/target/test-classes
[INFO] 
[INFO] --- maven-surefire-plugin:2.12.4:test (default-test) @ gson ---
[INFO] Tests are skipped.
[INFO] 
[INFO] --- maven-dependency-plugin:2.8:build-classpath (default-cli) @ gson ---
[INFO] Skipped writing classpath file '/tmp/v1/gson/classpath'.  No changes found.
[INFO] 
[INFO] --- diff-jjoules:0.0.1-SNAPSHOT:instrument (default-cli) @ gson ---
[INFO] Running on:
[INFO] /tmp/v1/gson
[INFO] /tmp/v2/gson/
[INFO] Enable JUnit4 mode
[INFO] Configuration{pathToFirstVersion='/tmp/v1/gson', pathToSecondVersion='/tmp/v2/gson/', pathToTestListAsCSV='/tmp/v1/gson/testsThatExecuteTheChange.csv', classpath=[/home/spino/.m2/repository/junit/junit/3.8.2/junit-3.8.2.jar], junit4=true}
[INFO] com.google.gson.functional.CollectionTest:[testWildcardPrimitiveCollectionDeserilaization, testTopLevelCollectionOfIntegersSerialization, testNullsInListSerialization, testWildcardPrimitiveCollectionSerilaization, testNullsInListDeserialization, testQueueSerialization, testCollectionOfStringsSerialization, testSetSerialization, testCollectionOfStringsDeserialization, testLinkedListDeserialization, testRawCollectionSerialization, testWildcardCollectionField, testQueueDeserialization, testRawCollectionOfIntegersSerialization, testSetDeserialization, testCollectionOfObjectWithNullSerialization, testUserCollectionTypeAdapter, testFieldIsArrayList, testTopLevelCollectionOfIntegersDeserialization, testTopLevelListOfIntegerCollectionsDeserialization, testCollectionOfObjectSerialization, testLinkedListSerialization, testCollectionOfBagOfPrimitivesSerialization]
com.google.gson.functional.ParameterizedTypesTest:[testVariableTypeFieldsAndGenericArraysSerialization, testParameterizedTypeWithReaderDeserialization, testTypesWithMultipleParametersSerialization, testParameterizedTypeGenericArraysSerialization, testParameterizedTypeWithVariableTypeDeserialization, testVariableTypeArrayDeserialization, testParameterizedTypeWithCustomSerializer, testParameterizedTypeDeserialization, testParameterizedTypeGenericArraysDeserialization, testVariableTypeFieldsAndGenericArraysDeserialization, testVariableTypeDeserialization, testDeepParameterizedTypeDeserialization, testParameterizedTypesWithWriterSerialization, testParameterizedTypesSerialization, testTypesWithMultipleParametersDeserialization, testParameterizedTypesWithCustomDeserializer]
com.google.gson.functional.NullObjectAndFieldTest:[testExplicitSerializationOfNullStringMembers, testPrintPrintingObjectWithNulls, testExplicitSerializationOfNullArrayMembers, testExplicitSerializationOfNullCollectionMembers]
com.google.gson.functional.EscapingTest:[testEscapeAllHtmlCharacters]
com.google.gson.FieldAttributesTest:[testDeclaredTypeAndClass]
com.google.gson.functional.UncategorizedTest:[testTrailingWhitespace]
com.google.gson.functional.DelegateTypeAdapterTest:[testDelegateInvoked]
com.google.gson.CommentsTest:[testParseComments]
com.google.gson.functional.InheritanceTest:[testSubInterfacesOfCollectionDeserialization, testSubInterfacesOfCollectionSerialization, testClassWithBaseCollectionFieldSerialization]
com.google.gson.functional.PrettyPrintingTest:[testEmptyMapField, testPrettyPrintList, testPrettyPrintListOfPrimitiveArrays]
com.google.gson.functional.InstanceCreatorTest:[testInstanceCreatorForCollectionType, testInstanceCreatorForParametrizedType]
com.google.gson.reflect.TypeTokenTest:[testIsAssignableFromWithNestedWildcards, testIsAssignableFromWithBasicWildcards, testIsAssignableFromWithTypeParameters]
com.google.gson.functional.ObjectTest:[testEmptyCollectionInAnObjectSerialization, testSingletonLists, testEmptyCollectionInAnObjectDeserialization, testDateAsMapObjectField, testTruncatedDeserialization]
com.google.gson.functional.StreamingTypeAdaptersTest:[testNullSafe, testSerializeWithCustomTypeAdapter, testDeserializeWithCustomTypeAdapter]
com.google.gson.functional.MoreSpecificTypeSerializationTest:[testMapOfSubclassFields, testListOfSubclassFields, testListOfParameterizedSubclassFields, testMapOfParameterizedSubclassFields, testParameterizedSubclassFields]
com.google.gson.functional.JsonParserTest:[testExtraCommasInMaps, testExtraCommasInArrays]
com.google.gson.functional.PrintFormattingTest:[testCompactFormattingLeavesNoWhiteSpace]
com.google.gson.MixedStreamTest:[testWriteLenient, testReadClosed, testWriteHtmlSafe]
com.google.gson.functional.CustomTypeAdaptersTest:[testCustomAdapterInvokedForCollectionElementSerializationWithType, testCustomAdapterInvokedForCollectionElementDeserialization, testCustomAdapterInvokedForMapElementSerializationWithType, testCustomAdapterInvokedForMapElementDeserialization, testCustomAdapterInvokedForCollectionElementSerialization]
com.google.gson.DefaultMapJsonSerializerTest:[testNonEmptyMapSerialization, testEmptyMapSerialization]
com.google.gson.functional.TypeVariableTest:[testBasicTypeVariables, testAdvancedTypeVariables, testTypeVariablesViaTypeParameter]
com.google.gson.functional.ReadersWritersTest:[testTypeMismatchThrowsJsonSyntaxExceptionForStrings, testTypeMismatchThrowsJsonSyntaxExceptionForReaders]
com.google.gson.functional.EnumTest:[testEnumSubclass, testEnumSet, testEnumSubclassAsParameterizedType, testCollectionOfEnumsDeserialization, testEnumSubclassWithRegisteredTypeAdapter, testCollectionOfEnumsSerialization]
com.google.gson.functional.ArrayTest:[testArrayOfCollectionSerialization, testArrayOfCollectionDeserialization]
com.google.gson.functional.CircularReferenceTest:[testDirectedAcyclicGraphDeserialization, testCircularSerialization, testDirectedAcyclicGraphSerialization]
com.google.gson.ParameterizedTypeTest:[testNotEquals, testOurTypeFunctionality]
com.google.gson.functional.RawSerializationTest:[testParameterizedObject, testCollectionOfObjects, testThreeLevelParameterizedObject, testCollectionOfPrimitives, testTwoLevelParameterizedObject]
com.google.gson.functional.MapTest:[testMapSerializationWithNullValueButSerializeNulls, testInterfaceTypeMapWithSerializer, testNumberKeyDeserialization, testMapStandardSubclassDeserialization, testGeneralMapField, testMapSerializationWithNullValuesSerialized, testMapDeserializationWithWildcardValues, testSerializeMapOfMaps, testMapDeserializationWithIntegerKeys, testMapSerializationWithNullKey, testReadMapsWithEmptyStringKey, testMapDeserializationWithNullKey, testComplexKeysDeserialization, testComplexKeysSerialization, testMapOfMapDeserialization, testMapSerialization, testStringKeyDeserialization, testMapDeserializationWithNullValue, testMapSerializationEmpty, testInterfaceTypeMap, testMapSubclassSerialization, testMapNamePromotionWithJsonElementReader, testMapDeserializationWithDuplicateKeys, testMapSerializationWithNullValue, testMapSerializationWithIntegerKeys, testSortedMap, testDeerializeMapOfMaps, testMapSubclassDeserialization, testMapDeserialization, testMapDeserializationEmpty, testMapSerializationWithWildcardValues, testMapSerializationWithNullValues, testCustomSerializerForSpecificMapType, testParameterizedMapSubclassSerialization, testHashMapDeserialization, testBooleanKeyDeserialization]
com.google.gson.functional.MapAsArrayTypeAdapterTest:[testTwoTypesCollapseToOneDeserialize, testMultipleEnableComplexKeyRegistrationHasNoEffect, testSerializeComplexMapWithTypeAdapter, testMapWithTypeVariableDeserialization, testMapWithTypeVariableSerialization]
com.google.gson.functional.PrimitiveTest:[testStringsAsBooleans]
com.google.gson.functional.DefaultTypeAdaptersTest:[testTreeSetDeserialization, testDateSerializationInCollection, testSetSerialization, testNullSerialization, testTreeSetSerialization]
[INFO] Instrument version before commit...
[INFO] Run on /tmp/v1/gson
[INFO] Running in NOCLASSPATH mode (doc: http://spoon.gforge.inria.fr/launcher.html).
[INFO] fr.davidson.diff.jjoules.process.junit4.JJoulesProcessor
Processing com.google.gson.functional.ArrayTest#testArrayOfCollectionSerialization
Processing com.google.gson.functional.ArrayTest#testArrayOfCollectionDeserialization
Processing com.google.gson.functional.CircularReferenceTest#testCircularSerialization
Processing com.google.gson.functional.CircularReferenceTest#testDirectedAcyclicGraphSerialization
Processing com.google.gson.functional.CircularReferenceTest#testDirectedAcyclicGraphDeserialization
Processing com.google.gson.functional.CollectionTest#testTopLevelCollectionOfIntegersSerialization
Processing com.google.gson.functional.CollectionTest#testTopLevelCollectionOfIntegersDeserialization
Processing com.google.gson.functional.CollectionTest#testTopLevelListOfIntegerCollectionsDeserialization
Processing com.google.gson.functional.CollectionTest#testLinkedListSerialization
Processing com.google.gson.functional.CollectionTest#testLinkedListDeserialization
Processing com.google.gson.functional.CollectionTest#testQueueSerialization
Processing com.google.gson.functional.CollectionTest#testQueueDeserialization
Processing com.google.gson.functional.CollectionTest#testNullsInListSerialization
Processing com.google.gson.functional.CollectionTest#testNullsInListDeserialization
Processing com.google.gson.functional.CollectionTest#testCollectionOfObjectSerialization
Processing com.google.gson.functional.CollectionTest#testCollectionOfObjectWithNullSerialization
Processing com.google.gson.functional.CollectionTest#testCollectionOfStringsSerialization
Processing com.google.gson.functional.CollectionTest#testCollectionOfBagOfPrimitivesSerialization
Processing com.google.gson.functional.CollectionTest#testCollectionOfStringsDeserialization
Processing com.google.gson.functional.CollectionTest#testRawCollectionOfIntegersSerialization
Processing com.google.gson.functional.CollectionTest#testRawCollectionSerialization
Processing com.google.gson.functional.CollectionTest#testWildcardPrimitiveCollectionSerilaization
Processing com.google.gson.functional.CollectionTest#testWildcardPrimitiveCollectionDeserilaization
Processing com.google.gson.functional.CollectionTest#testWildcardCollectionField
Processing com.google.gson.functional.CollectionTest#testFieldIsArrayList
Processing com.google.gson.functional.CollectionTest#testUserCollectionTypeAdapter
Processing com.google.gson.functional.CollectionTest#testSetSerialization
Processing com.google.gson.functional.CollectionTest#testSetDeserialization
Processing com.google.gson.functional.CustomTypeAdaptersTest#testCustomAdapterInvokedForCollectionElementSerializationWithType
Processing com.google.gson.functional.CustomTypeAdaptersTest#testCustomAdapterInvokedForCollectionElementSerialization
Processing com.google.gson.functional.CustomTypeAdaptersTest#testCustomAdapterInvokedForCollectionElementDeserialization
Processing com.google.gson.functional.CustomTypeAdaptersTest#testCustomAdapterInvokedForMapElementSerializationWithType
Processing com.google.gson.functional.CustomTypeAdaptersTest#testCustomAdapterInvokedForMapElementDeserialization
Processing com.google.gson.functional.DefaultTypeAdaptersTest#testNullSerialization
Processing com.google.gson.functional.DefaultTypeAdaptersTest#testSetSerialization
Processing com.google.gson.functional.DefaultTypeAdaptersTest#testDateSerializationInCollection
Processing com.google.gson.functional.DefaultTypeAdaptersTest#testTreeSetSerialization
Processing com.google.gson.functional.DefaultTypeAdaptersTest#testTreeSetDeserialization
Processing com.google.gson.functional.DelegateTypeAdapterTest#testDelegateInvoked
Processing com.google.gson.functional.EnumTest#testCollectionOfEnumsSerialization
Processing com.google.gson.functional.EnumTest#testCollectionOfEnumsDeserialization
Processing com.google.gson.functional.EnumTest#testEnumSubclass
Processing com.google.gson.functional.EnumTest#testEnumSubclassWithRegisteredTypeAdapter
Processing com.google.gson.functional.EnumTest#testEnumSubclassAsParameterizedType
Processing com.google.gson.functional.EnumTest#testEnumSet
Processing com.google.gson.functional.EscapingTest#testEscapeAllHtmlCharacters
Processing com.google.gson.functional.InheritanceTest#testClassWithBaseCollectionFieldSerialization
Processing com.google.gson.functional.InheritanceTest#testSubInterfacesOfCollectionSerialization
Processing com.google.gson.functional.InheritanceTest#testSubInterfacesOfCollectionDeserialization
Processing com.google.gson.functional.InstanceCreatorTest#testInstanceCreatorForCollectionType
Processing com.google.gson.functional.InstanceCreatorTest#testInstanceCreatorForParametrizedType
Processing com.google.gson.functional.JsonParserTest#testExtraCommasInArrays
Processing com.google.gson.functional.JsonParserTest#testExtraCommasInMaps
Processing com.google.gson.functional.MapAsArrayTypeAdapterTest#testSerializeComplexMapWithTypeAdapter
Processing com.google.gson.functional.MapAsArrayTypeAdapterTest#testTwoTypesCollapseToOneDeserialize
Processing com.google.gson.functional.MapAsArrayTypeAdapterTest#testMultipleEnableComplexKeyRegistrationHasNoEffect
Processing com.google.gson.functional.MapAsArrayTypeAdapterTest#testMapWithTypeVariableSerialization
Processing com.google.gson.functional.MapAsArrayTypeAdapterTest#testMapWithTypeVariableDeserialization
Processing com.google.gson.functional.MapTest#testMapSerialization
Processing com.google.gson.functional.MapTest#testMapDeserialization
Processing com.google.gson.functional.MapTest#testMapSerializationEmpty
Processing com.google.gson.functional.MapTest#testMapDeserializationEmpty
Processing com.google.gson.functional.MapTest#testMapSerializationWithNullValue
Processing com.google.gson.functional.MapTest#testMapDeserializationWithNullValue
Processing com.google.gson.functional.MapTest#testMapSerializationWithNullValueButSerializeNulls
Processing com.google.gson.functional.MapTest#testMapSerializationWithNullKey
Processing com.google.gson.functional.MapTest#testMapDeserializationWithNullKey
Processing com.google.gson.functional.MapTest#testMapSerializationWithIntegerKeys
Processing com.google.gson.functional.MapTest#testMapDeserializationWithIntegerKeys
Processing com.google.gson.functional.MapTest#testHashMapDeserialization
Processing com.google.gson.functional.MapTest#testSortedMap
Processing com.google.gson.functional.MapTest#testParameterizedMapSubclassSerialization
Processing com.google.gson.functional.MapTest#testMapSubclassSerialization
Processing com.google.gson.functional.MapTest#testMapStandardSubclassDeserialization
Processing com.google.gson.functional.MapTest#testMapSubclassDeserialization
Processing com.google.gson.functional.MapTest#testCustomSerializerForSpecificMapType
Processing com.google.gson.functional.MapTest#testMapSerializationWithNullValues
Processing com.google.gson.functional.MapTest#testMapSerializationWithNullValuesSerialized
Processing com.google.gson.functional.MapTest#testMapSerializationWithWildcardValues
Processing com.google.gson.functional.MapTest#testMapDeserializationWithWildcardValues
Processing com.google.gson.functional.MapTest#testMapOfMapDeserialization
Processing com.google.gson.functional.MapTest#testReadMapsWithEmptyStringKey
Processing com.google.gson.functional.MapTest#testInterfaceTypeMap
Processing com.google.gson.functional.MapTest#testInterfaceTypeMapWithSerializer
Processing com.google.gson.functional.MapTest#testGeneralMapField
Processing com.google.gson.functional.MapTest#testComplexKeysSerialization
Processing com.google.gson.functional.MapTest#testComplexKeysDeserialization
Processing com.google.gson.functional.MapTest#testStringKeyDeserialization
Processing com.google.gson.functional.MapTest#testNumberKeyDeserialization
Processing com.google.gson.functional.MapTest#testBooleanKeyDeserialization
Processing com.google.gson.functional.MapTest#testMapDeserializationWithDuplicateKeys
Processing com.google.gson.functional.MapTest#testSerializeMapOfMaps
Processing com.google.gson.functional.MapTest#testDeerializeMapOfMaps
Processing com.google.gson.functional.MapTest#testMapNamePromotionWithJsonElementReader
Processing com.google.gson.functional.MoreSpecificTypeSerializationTest#testListOfSubclassFields
Processing com.google.gson.functional.MoreSpecificTypeSerializationTest#testMapOfSubclassFields
Processing com.google.gson.functional.MoreSpecificTypeSerializationTest#testParameterizedSubclassFields
Processing com.google.gson.functional.MoreSpecificTypeSerializationTest#testListOfParameterizedSubclassFields
Processing com.google.gson.functional.MoreSpecificTypeSerializationTest#testMapOfParameterizedSubclassFields
Processing com.google.gson.functional.NullObjectAndFieldTest#testExplicitSerializationOfNullArrayMembers
Processing com.google.gson.functional.NullObjectAndFieldTest#testExplicitSerializationOfNullCollectionMembers
Processing com.google.gson.functional.NullObjectAndFieldTest#testExplicitSerializationOfNullStringMembers
Processing com.google.gson.functional.NullObjectAndFieldTest#testPrintPrintingObjectWithNulls
Processing com.google.gson.functional.ObjectTest#testTruncatedDeserialization
Processing com.google.gson.functional.ObjectTest#testEmptyCollectionInAnObjectDeserialization
Processing com.google.gson.functional.ObjectTest#testEmptyCollectionInAnObjectSerialization
Processing com.google.gson.functional.ObjectTest#testSingletonLists
Processing com.google.gson.functional.ObjectTest#testDateAsMapObjectField
Processing com.google.gson.functional.ParameterizedTypesTest#testParameterizedTypesSerialization
Processing com.google.gson.functional.ParameterizedTypesTest#testParameterizedTypeDeserialization
Processing com.google.gson.functional.ParameterizedTypesTest#testTypesWithMultipleParametersSerialization
Processing com.google.gson.functional.ParameterizedTypesTest#testTypesWithMultipleParametersDeserialization
Processing com.google.gson.functional.ParameterizedTypesTest#testParameterizedTypeWithCustomSerializer
Processing com.google.gson.functional.ParameterizedTypesTest#testParameterizedTypesWithCustomDeserializer
Processing com.google.gson.functional.ParameterizedTypesTest#testParameterizedTypesWithWriterSerialization
Processing com.google.gson.functional.ParameterizedTypesTest#testParameterizedTypeWithReaderDeserialization
Processing com.google.gson.functional.ParameterizedTypesTest#testVariableTypeFieldsAndGenericArraysSerialization
Processing com.google.gson.functional.ParameterizedTypesTest#testVariableTypeFieldsAndGenericArraysDeserialization
Processing com.google.gson.functional.ParameterizedTypesTest#testVariableTypeDeserialization
Processing com.google.gson.functional.ParameterizedTypesTest#testVariableTypeArrayDeserialization
Processing com.google.gson.functional.ParameterizedTypesTest#testParameterizedTypeWithVariableTypeDeserialization
Processing com.google.gson.functional.ParameterizedTypesTest#testParameterizedTypeGenericArraysSerialization
Processing com.google.gson.functional.ParameterizedTypesTest#testParameterizedTypeGenericArraysDeserialization
Processing com.google.gson.functional.ParameterizedTypesTest#testDeepParameterizedTypeDeserialization
Processing com.google.gson.functional.PrettyPrintingTest#testPrettyPrintList
Processing com.google.gson.functional.PrettyPrintingTest#testPrettyPrintListOfPrimitiveArrays
Processing com.google.gson.functional.PrettyPrintingTest#testEmptyMapField
Processing com.google.gson.functional.PrimitiveTest#testStringsAsBooleans
Processing com.google.gson.functional.PrintFormattingTest#testCompactFormattingLeavesNoWhiteSpace
Processing com.google.gson.functional.RawSerializationTest#testCollectionOfPrimitives
Processing com.google.gson.functional.RawSerializationTest#testCollectionOfObjects
Processing com.google.gson.functional.RawSerializationTest#testParameterizedObject
Processing com.google.gson.functional.RawSerializationTest#testTwoLevelParameterizedObject
Processing com.google.gson.functional.RawSerializationTest#testThreeLevelParameterizedObject
Processing com.google.gson.functional.ReadersWritersTest#testTypeMismatchThrowsJsonSyntaxExceptionForStrings
Processing com.google.gson.functional.ReadersWritersTest#testTypeMismatchThrowsJsonSyntaxExceptionForReaders
Processing com.google.gson.functional.StreamingTypeAdaptersTest#testSerializeWithCustomTypeAdapter
Processing com.google.gson.functional.StreamingTypeAdaptersTest#testDeserializeWithCustomTypeAdapter
Processing com.google.gson.functional.StreamingTypeAdaptersTest#testNullSafe
Processing com.google.gson.functional.TypeVariableTest#testAdvancedTypeVariables
Processing com.google.gson.functional.TypeVariableTest#testTypeVariablesViaTypeParameter
Processing com.google.gson.functional.TypeVariableTest#testBasicTypeVariables
Processing com.google.gson.functional.UncategorizedTest#testTrailingWhitespace
Processing com.google.gson.reflect.TypeTokenTest#testIsAssignableFromWithTypeParameters
Processing com.google.gson.reflect.TypeTokenTest#testIsAssignableFromWithBasicWildcards
Processing com.google.gson.reflect.TypeTokenTest#testIsAssignableFromWithNestedWildcards
Processing com.google.gson.CommentsTest#testParseComments
Processing com.google.gson.DefaultMapJsonSerializerTest#testEmptyMapSerialization
Processing com.google.gson.DefaultMapJsonSerializerTest#testNonEmptyMapSerialization
Processing com.google.gson.FieldAttributesTest#testDeclaredTypeAndClass
Processing com.google.gson.MixedStreamTest#testReadClosed
Processing com.google.gson.MixedStreamTest#testWriteHtmlSafe
Processing com.google.gson.MixedStreamTest#testWriteLenient
Processing com.google.gson.ParameterizedTypeTest#testOurTypeFunctionality
Processing com.google.gson.ParameterizedTypeTest#testNotEquals
[INFO] Printing com.google.gson.functional.PrimitiveTest to /tmp/v1/gson/src/test/java//com/google/gson/functional/PrimitiveTest.java
[INFO] Printing com.google.gson.functional.ReadersWritersTest to /tmp/v1/gson/src/test/java//com/google/gson/functional/ReadersWritersTest.java
[INFO] Printing com.google.gson.functional.InstanceCreatorTest to /tmp/v1/gson/src/test/java//com/google/gson/functional/InstanceCreatorTest.java
[INFO] Printing com.google.gson.functional.CustomTypeAdaptersTest to /tmp/v1/gson/src/test/java//com/google/gson/functional/CustomTypeAdaptersTest.java
[INFO] Printing com.google.gson.functional.PrintFormattingTest to /tmp/v1/gson/src/test/java//com/google/gson/functional/PrintFormattingTest.java
[INFO] Printing com.google.gson.CommentsTest to /tmp/v1/gson/src/test/java//com/google/gson/CommentsTest.java
[INFO] Printing com.google.gson.MixedStreamTest to /tmp/v1/gson/src/test/java//com/google/gson/MixedStreamTest.java
[INFO] Printing com.google.gson.functional.RawSerializationTest to /tmp/v1/gson/src/test/java//com/google/gson/functional/RawSerializationTest.java
[INFO] Printing com.google.gson.functional.InheritanceTest to /tmp/v1/gson/src/test/java//com/google/gson/functional/InheritanceTest.java
[INFO] Printing com.google.gson.functional.StreamingTypeAdaptersTest to /tmp/v1/gson/src/test/java//com/google/gson/functional/StreamingTypeAdaptersTest.java
[INFO] Printing com.google.gson.functional.NullObjectAndFieldTest to /tmp/v1/gson/src/test/java//com/google/gson/functional/NullObjectAndFieldTest.java
[INFO] Printing com.google.gson.functional.UncategorizedTest to /tmp/v1/gson/src/test/java//com/google/gson/functional/UncategorizedTest.java
[INFO] Printing com.google.gson.FieldAttributesTest to /tmp/v1/gson/src/test/java//com/google/gson/FieldAttributesTest.java
[INFO] Printing com.google.gson.functional.ParameterizedTypesTest to /tmp/v1/gson/src/test/java//com/google/gson/functional/ParameterizedTypesTest.java
[INFO] Printing com.google.gson.ParameterizedTypeTest to /tmp/v1/gson/src/test/java//com/google/gson/ParameterizedTypeTest.java
[INFO] Printing com.google.gson.functional.JsonParserTest to /tmp/v1/gson/src/test/java//com/google/gson/functional/JsonParserTest.java
[INFO] Printing com.google.gson.functional.DefaultTypeAdaptersTest to /tmp/v1/gson/src/test/java//com/google/gson/functional/DefaultTypeAdaptersTest.java
[INFO] Printing com.google.gson.reflect.TypeTokenTest to /tmp/v1/gson/src/test/java//com/google/gson/reflect/TypeTokenTest.java
[INFO] Printing com.google.gson.functional.CircularReferenceTest to /tmp/v1/gson/src/test/java//com/google/gson/functional/CircularReferenceTest.java
[INFO] Printing com.google.gson.functional.ArrayTest to /tmp/v1/gson/src/test/java//com/google/gson/functional/ArrayTest.java
[INFO] Printing com.google.gson.functional.DelegateTypeAdapterTest to /tmp/v1/gson/src/test/java//com/google/gson/functional/DelegateTypeAdapterTest.java
[INFO] Printing com.google.gson.functional.MoreSpecificTypeSerializationTest to /tmp/v1/gson/src/test/java//com/google/gson/functional/MoreSpecificTypeSerializationTest.java
[INFO] Printing com.google.gson.functional.TypeVariableTest to /tmp/v1/gson/src/test/java//com/google/gson/functional/TypeVariableTest.java
[INFO] Printing com.google.gson.functional.MapTest to /tmp/v1/gson/src/test/java//com/google/gson/functional/MapTest.java
[INFO] Printing com.google.gson.functional.EnumTest to /tmp/v1/gson/src/test/java//com/google/gson/functional/EnumTest.java
[INFO] Printing com.google.gson.functional.ObjectTest to /tmp/v1/gson/src/test/java//com/google/gson/functional/ObjectTest.java
[INFO] Printing com.google.gson.DefaultMapJsonSerializerTest to /tmp/v1/gson/src/test/java//com/google/gson/DefaultMapJsonSerializerTest.java
[INFO] Printing com.google.gson.functional.PrettyPrintingTest to /tmp/v1/gson/src/test/java//com/google/gson/functional/PrettyPrintingTest.java
[INFO] Printing com.google.gson.functional.EscapingTest to /tmp/v1/gson/src/test/java//com/google/gson/functional/EscapingTest.java
[INFO] Printing com.google.gson.functional.CollectionTest to /tmp/v1/gson/src/test/java//com/google/gson/functional/CollectionTest.java
[INFO] Printing com.google.gson.functional.MapAsArrayTypeAdapterTest to /tmp/v1/gson/src/test/java//com/google/gson/functional/MapAsArrayTypeAdapterTest.java
[INFO] Injecting JUnit-Jjoules in /tmp/v1/gson/pom.xml
[INFO] Output new POM file in /tmp/v1/gson/pom.xml
[INFO] Instrument version after commit...
[INFO] Run on /tmp/v2/gson/
[INFO] Running in NOCLASSPATH mode (doc: http://spoon.gforge.inria.fr/launcher.html).
[INFO] fr.davidson.diff.jjoules.process.junit4.JJoulesProcessor
Processing com.google.gson.functional.ArrayTest#testArrayOfCollectionSerialization
Processing com.google.gson.functional.ArrayTest#testArrayOfCollectionDeserialization
Processing com.google.gson.functional.CircularReferenceTest#testCircularSerialization
Processing com.google.gson.functional.CircularReferenceTest#testDirectedAcyclicGraphSerialization
Processing com.google.gson.functional.CircularReferenceTest#testDirectedAcyclicGraphDeserialization
Processing com.google.gson.functional.CollectionTest#testTopLevelCollectionOfIntegersSerialization
Processing com.google.gson.functional.CollectionTest#testTopLevelCollectionOfIntegersDeserialization
Processing com.google.gson.functional.CollectionTest#testTopLevelListOfIntegerCollectionsDeserialization
Processing com.google.gson.functional.CollectionTest#testLinkedListSerialization
Processing com.google.gson.functional.CollectionTest#testLinkedListDeserialization
Processing com.google.gson.functional.CollectionTest#testQueueSerialization
Processing com.google.gson.functional.CollectionTest#testQueueDeserialization
Processing com.google.gson.functional.CollectionTest#testNullsInListSerialization
Processing com.google.gson.functional.CollectionTest#testNullsInListDeserialization
Processing com.google.gson.functional.CollectionTest#testCollectionOfObjectSerialization
Processing com.google.gson.functional.CollectionTest#testCollectionOfObjectWithNullSerialization
Processing com.google.gson.functional.CollectionTest#testCollectionOfStringsSerialization
Processing com.google.gson.functional.CollectionTest#testCollectionOfBagOfPrimitivesSerialization
Processing com.google.gson.functional.CollectionTest#testCollectionOfStringsDeserialization
Processing com.google.gson.functional.CollectionTest#testRawCollectionOfIntegersSerialization
Processing com.google.gson.functional.CollectionTest#testRawCollectionSerialization
Processing com.google.gson.functional.CollectionTest#testWildcardPrimitiveCollectionSerilaization
Processing com.google.gson.functional.CollectionTest#testWildcardPrimitiveCollectionDeserilaization
Processing com.google.gson.functional.CollectionTest#testWildcardCollectionField
Processing com.google.gson.functional.CollectionTest#testFieldIsArrayList
Processing com.google.gson.functional.CollectionTest#testUserCollectionTypeAdapter
Processing com.google.gson.functional.CollectionTest#testSetSerialization
Processing com.google.gson.functional.CollectionTest#testSetDeserialization
Processing com.google.gson.functional.CustomTypeAdaptersTest#testCustomAdapterInvokedForCollectionElementSerializationWithType
Processing com.google.gson.functional.CustomTypeAdaptersTest#testCustomAdapterInvokedForCollectionElementSerialization
Processing com.google.gson.functional.CustomTypeAdaptersTest#testCustomAdapterInvokedForCollectionElementDeserialization
Processing com.google.gson.functional.CustomTypeAdaptersTest#testCustomAdapterInvokedForMapElementSerializationWithType
Processing com.google.gson.functional.CustomTypeAdaptersTest#testCustomAdapterInvokedForMapElementDeserialization
Processing com.google.gson.functional.DefaultTypeAdaptersTest#testNullSerialization
Processing com.google.gson.functional.DefaultTypeAdaptersTest#testSetSerialization
Processing com.google.gson.functional.DefaultTypeAdaptersTest#testDateSerializationInCollection
Processing com.google.gson.functional.DefaultTypeAdaptersTest#testTreeSetSerialization
Processing com.google.gson.functional.DefaultTypeAdaptersTest#testTreeSetDeserialization
Processing com.google.gson.functional.DelegateTypeAdapterTest#testDelegateInvoked
Processing com.google.gson.functional.EnumTest#testCollectionOfEnumsSerialization
Processing com.google.gson.functional.EnumTest#testCollectionOfEnumsDeserialization
Processing com.google.gson.functional.EnumTest#testEnumSubclass
Processing com.google.gson.functional.EnumTest#testEnumSubclassWithRegisteredTypeAdapter
Processing com.google.gson.functional.EnumTest#testEnumSubclassAsParameterizedType
Processing com.google.gson.functional.EnumTest#testEnumSet
Processing com.google.gson.functional.EscapingTest#testEscapeAllHtmlCharacters
Processing com.google.gson.functional.InheritanceTest#testClassWithBaseCollectionFieldSerialization
Processing com.google.gson.functional.InheritanceTest#testSubInterfacesOfCollectionSerialization
Processing com.google.gson.functional.InheritanceTest#testSubInterfacesOfCollectionDeserialization
Processing com.google.gson.functional.InstanceCreatorTest#testInstanceCreatorForCollectionType
Processing com.google.gson.functional.InstanceCreatorTest#testInstanceCreatorForParametrizedType
Processing com.google.gson.functional.JsonParserTest#testExtraCommasInArrays
Processing com.google.gson.functional.JsonParserTest#testExtraCommasInMaps
Processing com.google.gson.functional.MapAsArrayTypeAdapterTest#testSerializeComplexMapWithTypeAdapter
Processing com.google.gson.functional.MapAsArrayTypeAdapterTest#testTwoTypesCollapseToOneDeserialize
Processing com.google.gson.functional.MapAsArrayTypeAdapterTest#testMultipleEnableComplexKeyRegistrationHasNoEffect
Processing com.google.gson.functional.MapAsArrayTypeAdapterTest#testMapWithTypeVariableSerialization
Processing com.google.gson.functional.MapAsArrayTypeAdapterTest#testMapWithTypeVariableDeserialization
Processing com.google.gson.functional.MapTest#testMapSerialization
Processing com.google.gson.functional.MapTest#testMapDeserialization
Processing com.google.gson.functional.MapTest#testMapSerializationEmpty
Processing com.google.gson.functional.MapTest#testMapDeserializationEmpty
Processing com.google.gson.functional.MapTest#testMapSerializationWithNullValue
Processing com.google.gson.functional.MapTest#testMapDeserializationWithNullValue
Processing com.google.gson.functional.MapTest#testMapSerializationWithNullValueButSerializeNulls
Processing com.google.gson.functional.MapTest#testMapSerializationWithNullKey
Processing com.google.gson.functional.MapTest#testMapDeserializationWithNullKey
Processing com.google.gson.functional.MapTest#testMapSerializationWithIntegerKeys
Processing com.google.gson.functional.MapTest#testMapDeserializationWithIntegerKeys
Processing com.google.gson.functional.MapTest#testHashMapDeserialization
Processing com.google.gson.functional.MapTest#testSortedMap
Processing com.google.gson.functional.MapTest#testParameterizedMapSubclassSerialization
Processing com.google.gson.functional.MapTest#testMapSubclassSerialization
Processing com.google.gson.functional.MapTest#testMapStandardSubclassDeserialization
Processing com.google.gson.functional.MapTest#testMapSubclassDeserialization
Processing com.google.gson.functional.MapTest#testCustomSerializerForSpecificMapType
Processing com.google.gson.functional.MapTest#testMapSerializationWithNullValues
Processing com.google.gson.functional.MapTest#testMapSerializationWithNullValuesSerialized
Processing com.google.gson.functional.MapTest#testMapSerializationWithWildcardValues
Processing com.google.gson.functional.MapTest#testMapDeserializationWithWildcardValues
Processing com.google.gson.functional.MapTest#testMapOfMapDeserialization
Processing com.google.gson.functional.MapTest#testReadMapsWithEmptyStringKey
Processing com.google.gson.functional.MapTest#testInterfaceTypeMap
Processing com.google.gson.functional.MapTest#testInterfaceTypeMapWithSerializer
Processing com.google.gson.functional.MapTest#testGeneralMapField
Processing com.google.gson.functional.MapTest#testComplexKeysSerialization
Processing com.google.gson.functional.MapTest#testComplexKeysDeserialization
Processing com.google.gson.functional.MapTest#testStringKeyDeserialization
Processing com.google.gson.functional.MapTest#testNumberKeyDeserialization
Processing com.google.gson.functional.MapTest#testBooleanKeyDeserialization
Processing com.google.gson.functional.MapTest#testMapDeserializationWithDuplicateKeys
Processing com.google.gson.functional.MapTest#testSerializeMapOfMaps
Processing com.google.gson.functional.MapTest#testDeerializeMapOfMaps
Processing com.google.gson.functional.MapTest#testMapNamePromotionWithJsonElementReader
Processing com.google.gson.functional.MoreSpecificTypeSerializationTest#testListOfSubclassFields
Processing com.google.gson.functional.MoreSpecificTypeSerializationTest#testMapOfSubclassFields
Processing com.google.gson.functional.MoreSpecificTypeSerializationTest#testParameterizedSubclassFields
Processing com.google.gson.functional.MoreSpecificTypeSerializationTest#testListOfParameterizedSubclassFields
Processing com.google.gson.functional.MoreSpecificTypeSerializationTest#testMapOfParameterizedSubclassFields
Processing com.google.gson.functional.NullObjectAndFieldTest#testExplicitSerializationOfNullArrayMembers
Processing com.google.gson.functional.NullObjectAndFieldTest#testExplicitSerializationOfNullCollectionMembers
Processing com.google.gson.functional.NullObjectAndFieldTest#testExplicitSerializationOfNullStringMembers
Processing com.google.gson.functional.NullObjectAndFieldTest#testPrintPrintingObjectWithNulls
Processing com.google.gson.functional.ObjectTest#testTruncatedDeserialization
Processing com.google.gson.functional.ObjectTest#testEmptyCollectionInAnObjectDeserialization
Processing com.google.gson.functional.ObjectTest#testEmptyCollectionInAnObjectSerialization
Processing com.google.gson.functional.ObjectTest#testSingletonLists
Processing com.google.gson.functional.ObjectTest#testDateAsMapObjectField
Processing com.google.gson.functional.ParameterizedTypesTest#testParameterizedTypesSerialization
Processing com.google.gson.functional.ParameterizedTypesTest#testParameterizedTypeDeserialization
Processing com.google.gson.functional.ParameterizedTypesTest#testTypesWithMultipleParametersSerialization
Processing com.google.gson.functional.ParameterizedTypesTest#testTypesWithMultipleParametersDeserialization
Processing com.google.gson.functional.ParameterizedTypesTest#testParameterizedTypeWithCustomSerializer
Processing com.google.gson.functional.ParameterizedTypesTest#testParameterizedTypesWithCustomDeserializer
Processing com.google.gson.functional.ParameterizedTypesTest#testParameterizedTypesWithWriterSerialization
Processing com.google.gson.functional.ParameterizedTypesTest#testParameterizedTypeWithReaderDeserialization
Processing com.google.gson.functional.ParameterizedTypesTest#testVariableTypeFieldsAndGenericArraysSerialization
Processing com.google.gson.functional.ParameterizedTypesTest#testVariableTypeFieldsAndGenericArraysDeserialization
Processing com.google.gson.functional.ParameterizedTypesTest#testVariableTypeDeserialization
Processing com.google.gson.functional.ParameterizedTypesTest#testVariableTypeArrayDeserialization
Processing com.google.gson.functional.ParameterizedTypesTest#testParameterizedTypeWithVariableTypeDeserialization
Processing com.google.gson.functional.ParameterizedTypesTest#testParameterizedTypeGenericArraysSerialization
Processing com.google.gson.functional.ParameterizedTypesTest#testParameterizedTypeGenericArraysDeserialization
Processing com.google.gson.functional.ParameterizedTypesTest#testDeepParameterizedTypeDeserialization
Processing com.google.gson.functional.PrettyPrintingTest#testPrettyPrintList
Processing com.google.gson.functional.PrettyPrintingTest#testPrettyPrintListOfPrimitiveArrays
Processing com.google.gson.functional.PrettyPrintingTest#testEmptyMapField
Processing com.google.gson.functional.PrimitiveTest#testStringsAsBooleans
Processing com.google.gson.functional.PrintFormattingTest#testCompactFormattingLeavesNoWhiteSpace
Processing com.google.gson.functional.RawSerializationTest#testCollectionOfPrimitives
Processing com.google.gson.functional.RawSerializationTest#testCollectionOfObjects
Processing com.google.gson.functional.RawSerializationTest#testParameterizedObject
Processing com.google.gson.functional.RawSerializationTest#testTwoLevelParameterizedObject
Processing com.google.gson.functional.RawSerializationTest#testThreeLevelParameterizedObject
Processing com.google.gson.functional.ReadersWritersTest#testTypeMismatchThrowsJsonSyntaxExceptionForStrings
Processing com.google.gson.functional.ReadersWritersTest#testTypeMismatchThrowsJsonSyntaxExceptionForReaders
Processing com.google.gson.functional.StreamingTypeAdaptersTest#testSerializeWithCustomTypeAdapter
Processing com.google.gson.functional.StreamingTypeAdaptersTest#testDeserializeWithCustomTypeAdapter
Processing com.google.gson.functional.StreamingTypeAdaptersTest#testNullSafe
Processing com.google.gson.functional.TypeVariableTest#testAdvancedTypeVariables
Processing com.google.gson.functional.TypeVariableTest#testTypeVariablesViaTypeParameter
Processing com.google.gson.functional.TypeVariableTest#testBasicTypeVariables
Processing com.google.gson.functional.UncategorizedTest#testTrailingWhitespace
Processing com.google.gson.reflect.TypeTokenTest#testIsAssignableFromWithTypeParameters
Processing com.google.gson.reflect.TypeTokenTest#testIsAssignableFromWithBasicWildcards
Processing com.google.gson.reflect.TypeTokenTest#testIsAssignableFromWithNestedWildcards
Processing com.google.gson.CommentsTest#testParseComments
Processing com.google.gson.DefaultMapJsonSerializerTest#testEmptyMapSerialization
Processing com.google.gson.DefaultMapJsonSerializerTest#testNonEmptyMapSerialization
Processing com.google.gson.FieldAttributesTest#testDeclaredTypeAndClass
Processing com.google.gson.MixedStreamTest#testReadClosed
Processing com.google.gson.MixedStreamTest#testWriteHtmlSafe
Processing com.google.gson.MixedStreamTest#testWriteLenient
Processing com.google.gson.ParameterizedTypeTest#testOurTypeFunctionality
Processing com.google.gson.ParameterizedTypeTest#testNotEquals
[INFO] Printing com.google.gson.functional.InstanceCreatorTest to /tmp/v2/gson//src/test/java//com/google/gson/functional/InstanceCreatorTest.java
[INFO] Printing com.google.gson.functional.InstanceCreatorTest to /tmp/v2/gson//src/test/java//com/google/gson/functional/InstanceCreatorTest.java
[INFO] Printing com.google.gson.functional.CustomTypeAdaptersTest to /tmp/v2/gson//src/test/java//com/google/gson/functional/CustomTypeAdaptersTest.java
[INFO] Printing com.google.gson.CommentsTest to /tmp/v2/gson//src/test/java//com/google/gson/CommentsTest.java
[INFO] Printing com.google.gson.functional.CustomTypeAdaptersTest to /tmp/v2/gson//src/test/java//com/google/gson/functional/CustomTypeAdaptersTest.java
[INFO] Printing com.google.gson.MixedStreamTest to /tmp/v2/gson//src/test/java//com/google/gson/MixedStreamTest.java
[INFO] Printing com.google.gson.MixedStreamTest to /tmp/v2/gson//src/test/java//com/google/gson/MixedStreamTest.java
[INFO] Printing com.google.gson.functional.RawSerializationTest to /tmp/v2/gson//src/test/java//com/google/gson/functional/RawSerializationTest.java
[INFO] Printing com.google.gson.functional.RawSerializationTest to /tmp/v2/gson//src/test/java//com/google/gson/functional/RawSerializationTest.java
[INFO] Printing com.google.gson.functional.StreamingTypeAdaptersTest to /tmp/v2/gson//src/test/java//com/google/gson/functional/StreamingTypeAdaptersTest.java
[INFO] Printing com.google.gson.functional.StreamingTypeAdaptersTest to /tmp/v2/gson//src/test/java//com/google/gson/functional/StreamingTypeAdaptersTest.java
[INFO] Printing com.google.gson.functional.NullObjectAndFieldTest to /tmp/v2/gson//src/test/java//com/google/gson/functional/NullObjectAndFieldTest.java
[INFO] Printing com.google.gson.functional.NullObjectAndFieldTest to /tmp/v2/gson//src/test/java//com/google/gson/functional/NullObjectAndFieldTest.java
[INFO] Printing com.google.gson.functional.UncategorizedTest to /tmp/v2/gson//src/test/java//com/google/gson/functional/UncategorizedTest.java
[INFO] Printing com.google.gson.FieldAttributesTest to /tmp/v2/gson//src/test/java//com/google/gson/FieldAttributesTest.java
[INFO] Printing com.google.gson.functional.ParameterizedTypesTest to /tmp/v2/gson//src/test/java//com/google/gson/functional/ParameterizedTypesTest.java
[INFO] Printing com.google.gson.functional.ParameterizedTypesTest to /tmp/v2/gson//src/test/java//com/google/gson/functional/ParameterizedTypesTest.java
[INFO] Printing com.google.gson.ParameterizedTypeTest to /tmp/v2/gson//src/test/java//com/google/gson/ParameterizedTypeTest.java
[INFO] Printing com.google.gson.ParameterizedTypeTest to /tmp/v2/gson//src/test/java//com/google/gson/ParameterizedTypeTest.java
[INFO] Printing com.google.gson.functional.DefaultTypeAdaptersTest to /tmp/v2/gson//src/test/java//com/google/gson/functional/DefaultTypeAdaptersTest.java
[INFO] Printing com.google.gson.functional.DefaultTypeAdaptersTest to /tmp/v2/gson//src/test/java//com/google/gson/functional/DefaultTypeAdaptersTest.java
[INFO] Printing com.google.gson.reflect.TypeTokenTest to /tmp/v2/gson//src/test/java//com/google/gson/reflect/TypeTokenTest.java
[INFO] Printing com.google.gson.reflect.TypeTokenTest to /tmp/v2/gson//src/test/java//com/google/gson/reflect/TypeTokenTest.java
[INFO] Printing com.google.gson.functional.CircularReferenceTest to /tmp/v2/gson//src/test/java//com/google/gson/functional/CircularReferenceTest.java
[INFO] Printing com.google.gson.functional.CircularReferenceTest to /tmp/v2/gson//src/test/java//com/google/gson/functional/CircularReferenceTest.java
[INFO] Printing com.google.gson.functional.DelegateTypeAdapterTest to /tmp/v2/gson//src/test/java//com/google/gson/functional/DelegateTypeAdapterTest.java
[INFO] Printing com.google.gson.functional.EnumTest to /tmp/v2/gson//src/test/java//com/google/gson/functional/EnumTest.java
[INFO] Printing com.google.gson.functional.EnumTest to /tmp/v2/gson//src/test/java//com/google/gson/functional/EnumTest.java
[INFO] Printing com.google.gson.DefaultMapJsonSerializerTest to /tmp/v2/gson//src/test/java//com/google/gson/DefaultMapJsonSerializerTest.java
[INFO] Printing com.google.gson.DefaultMapJsonSerializerTest to /tmp/v2/gson//src/test/java//com/google/gson/DefaultMapJsonSerializerTest.java
[INFO] Printing com.google.gson.functional.EscapingTest to /tmp/v2/gson//src/test/java//com/google/gson/functional/EscapingTest.java
[INFO] Printing com.google.gson.functional.CollectionTest to /tmp/v2/gson//src/test/java//com/google/gson/functional/CollectionTest.java
[INFO] Printing com.google.gson.functional.CollectionTest to /tmp/v2/gson//src/test/java//com/google/gson/functional/CollectionTest.java
[INFO] Printing com.google.gson.functional.MapAsArrayTypeAdapterTest to /tmp/v2/gson//src/test/java//com/google/gson/functional/MapAsArrayTypeAdapterTest.java
[INFO] Printing com.google.gson.functional.MapAsArrayTypeAdapterTest to /tmp/v2/gson//src/test/java//com/google/gson/functional/MapAsArrayTypeAdapterTest.java
[INFO] Printing com.google.gson.functional.PrimitiveTest to /tmp/v2/gson//src/test/java//com/google/gson/functional/PrimitiveTest.java
[INFO] Printing com.google.gson.functional.ReadersWritersTest to /tmp/v2/gson//src/test/java//com/google/gson/functional/ReadersWritersTest.java
[INFO] Printing com.google.gson.functional.ReadersWritersTest to /tmp/v2/gson//src/test/java//com/google/gson/functional/ReadersWritersTest.java
[INFO] Printing com.google.gson.functional.PrintFormattingTest to /tmp/v2/gson//src/test/java//com/google/gson/functional/PrintFormattingTest.java
[INFO] Printing com.google.gson.functional.InheritanceTest to /tmp/v2/gson//src/test/java//com/google/gson/functional/InheritanceTest.java
[INFO] Printing com.google.gson.functional.InheritanceTest to /tmp/v2/gson//src/test/java//com/google/gson/functional/InheritanceTest.java
[INFO] Printing com.google.gson.functional.JsonParserTest to /tmp/v2/gson//src/test/java//com/google/gson/functional/JsonParserTest.java
[INFO] Printing com.google.gson.functional.JsonParserTest to /tmp/v2/gson//src/test/java//com/google/gson/functional/JsonParserTest.java
[INFO] Printing com.google.gson.functional.ArrayTest to /tmp/v2/gson//src/test/java//com/google/gson/functional/ArrayTest.java
[INFO] Printing com.google.gson.functional.ArrayTest to /tmp/v2/gson//src/test/java//com/google/gson/functional/ArrayTest.java
[INFO] Printing com.google.gson.functional.MoreSpecificTypeSerializationTest to /tmp/v2/gson//src/test/java//com/google/gson/functional/MoreSpecificTypeSerializationTest.java
[INFO] Printing com.google.gson.functional.MoreSpecificTypeSerializationTest to /tmp/v2/gson//src/test/java//com/google/gson/functional/MoreSpecificTypeSerializationTest.java
[INFO] Printing com.google.gson.functional.TypeVariableTest to /tmp/v2/gson//src/test/java//com/google/gson/functional/TypeVariableTest.java
[INFO] Printing com.google.gson.functional.TypeVariableTest to /tmp/v2/gson//src/test/java//com/google/gson/functional/TypeVariableTest.java
[INFO] Printing com.google.gson.functional.MapTest to /tmp/v2/gson//src/test/java//com/google/gson/functional/MapTest.java
[INFO] Printing com.google.gson.functional.MapTest to /tmp/v2/gson//src/test/java//com/google/gson/functional/MapTest.java
[INFO] Printing com.google.gson.functional.ObjectTest to /tmp/v2/gson//src/test/java//com/google/gson/functional/ObjectTest.java
[INFO] Printing com.google.gson.functional.ObjectTest to /tmp/v2/gson//src/test/java//com/google/gson/functional/ObjectTest.java
[INFO] Printing com.google.gson.functional.PrettyPrintingTest to /tmp/v2/gson//src/test/java//com/google/gson/functional/PrettyPrintingTest.java
[INFO] Printing com.google.gson.functional.PrettyPrintingTest to /tmp/v2/gson//src/test/java//com/google/gson/functional/PrettyPrintingTest.java
[INFO] Injecting JUnit-Jjoules in /tmp/v2/gson//pom.xml
[INFO] Output new POM file in /tmp/v2/gson//pom.xml
[INFO] ------------------------------------------------------------------------
[INFO] BUILD SUCCESS
[INFO] ------------------------------------------------------------------------
[INFO] Total time:  14.200 s
[INFO] Finished at: 2021-01-05T05:02:13+01:00
[INFO] ------------------------------------------------------------------------
