[INFO] Scanning for projects...
[INFO] 
[INFO] ---------------------< com.google.code.gson:gson >----------------------
[INFO] Building Gson 2.2.3-SNAPSHOT
[INFO] --------------------------------[ jar ]---------------------------------
[INFO] 
[INFO] --- maven-clean-plugin:2.5:clean (default-clean) @ gson ---
[INFO] Deleting /tmp/v1/gson/target
[INFO] 
[INFO] --- maven-enforcer-plugin:1.0:enforce (enforce-maven) @ gson ---
[INFO] 
[INFO] --- maven-resources-plugin:2.6:resources (default-resources) @ gson ---
[INFO] Using 'UTF-8' encoding to copy filtered resources.
[INFO] skip non existing resourceDirectory /tmp/v1/gson/src/main/resources
[INFO] 
[INFO] --- maven-compiler-plugin:2.5.1:compile (default-compile) @ gson ---
[INFO] Compiling 65 source files to /tmp/v1/gson/target/classes
[INFO] 
[INFO] --- maven-resources-plugin:2.6:testResources (default-testResources) @ gson ---
[INFO] Using 'UTF-8' encoding to copy filtered resources.
[INFO] skip non existing resourceDirectory /tmp/v1/gson/src/test/resources
[INFO] 
[INFO] --- maven-compiler-plugin:2.5.1:testCompile (default-testCompile) @ gson ---
[INFO] Compiling 79 source files to /tmp/v1/gson/target/test-classes
[INFO] 
[INFO] --- maven-surefire-plugin:2.12.4:test (default-test) @ gson ---
[INFO] Tests are skipped.
[INFO] 
[INFO] --- maven-dependency-plugin:2.8:build-classpath (default-cli) @ gson ---
[INFO] Skipped writing classpath file '/tmp/v1/gson/classpath'.  No changes found.
[INFO] 
[INFO] --- diff-jjoules:0.0.1-SNAPSHOT:instrument (default-cli) @ gson ---
[INFO] Running on:
[INFO] /tmp/v1/gson
[INFO] /tmp/v2/gson/
[INFO] Enable JUnit4 mode
[INFO] Configuration{pathToFirstVersion='/tmp/v1/gson', pathToSecondVersion='/tmp/v2/gson/', pathToTestListAsCSV='/tmp/v1/gson/testsThatExecuteTheChange.csv', classpath=[/home/spino/.m2/repository/junit/junit/3.8.2/junit-3.8.2.jar], junit4=true}
[INFO] com.google.gson.functional.CollectionTest:[testWildcardCollectionField, testRawCollectionDeserializationNotAlllowed, testRawCollectionOfBagOfPrimitivesNotAllowed, testWildcardPrimitiveCollectionDeserilaization, testQueueDeserialization, testSetDeserialization, testFieldIsArrayList, testTopLevelCollectionOfIntegersDeserialization, testTopLevelListOfIntegerCollectionsDeserialization, testNullsInListDeserialization, testCollectionOfStringsDeserialization, testLinkedListDeserialization]
com.google.gson.functional.InternationalizationTest:[testStringsWithRawChineseCharactersDeserialization, testStringsWithUnicodeChineseCharactersDeserialization, testStringsWithUnicodeChineseCharactersEscapedDeserialization]
com.google.gson.functional.ParameterizedTypesTest:[testParameterizedTypeWithReaderDeserialization, testParameterizedTypeDeserialization, testParameterizedTypeGenericArraysDeserialization, testVariableTypeFieldsAndGenericArraysDeserialization, testVariableTypeDeserialization, testDeepParameterizedTypeDeserialization, testParameterizedTypeWithVariableTypeDeserialization, testVariableTypeArrayDeserialization, testParameterizedTypesWithCustomDeserializer, testTypesWithMultipleParametersDeserialization]
com.google.gson.functional.ExposeFieldsTest:[testExposedInterfaceFieldDeserialization, testNoExposedFieldDeserialization, testExposeAnnotationDeserialization]
com.google.gson.functional.NullObjectAndFieldTest:[testExplicitNullSetsFieldToNullDuringDeserialization, testAbsentJsonElementsAreSetToNull, testNullWrappedPrimitiveMemberDeserialization, testCustomTypeAdapterPassesNullDesrialization, testTopLevelNullObjectDeserialization, testExplicitDeserializationOfNulls]
com.google.gson.functional.EscapingTest:[testEscapingQuotesInStringArray, testGsonDoubleDeserialization, testGsonAcceptsEscapedAndNonEscapedJsonDeserialization, testEscapingObjectFields]
com.google.gson.DefaultInetAddressTypeAdapterTest:[testInetAddressSerializationAndDeserialization]
com.google.gson.functional.UncategorizedTest:[testTrailingWhitespace, testInvalidJsonDeserializationFails, testGsonInstanceReusableForSerializationAndDeserialization, testReturningDerivedClassesDuringDeserialization]
com.google.gson.functional.DelegateTypeAdapterTest:[testDelegateInvokedOnStrings, testDelegateInvoked]
com.google.gson.CommentsTest:[testParseComments]
com.google.gson.functional.InheritanceTest:[testSubInterfacesOfCollectionDeserialization, testSubClassDeserialization]
com.google.gson.functional.InstanceCreatorTest:[testInstanceCreatorReturnsBaseType, testInstanceCreatorForCollectionType, testInstanceCreatorReturnsSubTypeForField, testInstanceCreatorReturnsSubTypeForTopLevelObject]
com.google.gson.functional.ObjectTest:[testNullArraysDeserialization, testSingletonLists, testArrayOfArraysDeserialization, testNullObjectFieldsDeserialization, testNestedDeserialization, testClassWithNoFieldsDeserialization, testNullPrimitiveFieldsDeserialization, testJsonInMixedQuotesDeserialization, testObjectFieldNamesWithoutQuotesDeserialization, testArrayOfObjectsDeserialization, testInnerClassDeserialization, testClassWithTransientFieldsDeserializationTransientFieldsPassedInJsonAreIgnored, testNullFieldsDeserialization, testPrimitiveArrayInAnObjectDeserialization, testStringFieldWithNumberValueDeserialization, testTruncatedDeserialization, testBagOfPrimitiveWrappersDeserialization, testStringFieldWithEmptyValueDeserialization, testEmptyCollectionInAnObjectDeserialization, testBagOfPrimitivesDeserialization, testClassWithTransientFieldsDeserialization, testJsonInSingleQuotesDeserialization, testPrivateNoArgConstructorDeserialization, testEmptyStringDeserialization]
com.google.gson.functional.StreamingTypeAdaptersTest:[testNullSafe]
com.google.gson.functional.PrimitiveCharacterTest:[testPrimitiveCharacterAutoboxedDeserialization]
com.google.gson.functional.SecurityTest:[testJsonWithNonExectuableTokenWithRegularGsonDeserialization, testNonExecutableJsonDeserialization, testJsonWithNonExectuableTokenWithConfiguredGsonDeserialization]
com.google.gson.functional.VersioningTest:[testVersionedClassesDeserialization, testVersionedGsonMixingSinceAndUntilDeserialization, testVersionedUntilDeserialization, testIgnoreLaterVersionClassDeserialization, testVersionedGsonWithUnversionedClassesDeserialization]
com.google.gson.functional.InterceptorTest:[testPostDeserialize]
com.google.gson.functional.ConcurrencyTest:[testSingleThreadDeserialization, testMultiThreadDeserialization]
com.google.gson.functional.JsonParserTest:[testBadFieldTypeForCustomDeserializerCustomTree, testBadTypeForDeserializingCustomTree, testChangingCustomTreeAndDeserializing, testExtraCommasInMaps, testDeserializingCustomTree, testExtraCommasInArrays, testBadFieldTypeForDeserializingCustomTree, testParseInvalidJson]
com.google.gson.OverrideCoreTypeAdaptersTest:[testOverrideStringAdapter, testOverrideWrapperBooleanAdapter, testOverridePrimitiveBooleanAdapter]
com.google.gson.JsonParserTest:[testReadWriteTwoObjects]
com.google.gson.GsonTypeAdapterTest:[testDefaultTypeAdapterThrowsParseException, testTypeAdapterDoesNotAffectNonAdaptedTypes, testTypeAdapterThrowsException, testTypeAdapterProperlyConvertsTypes]
com.google.gson.MixedStreamTest:[testReadMixedStreamed, testReaderDoesNotMutateState, testReadNulls, testReadInvalidState]
com.google.gson.functional.CustomTypeAdaptersTest:[testCustomAdapterInvokedForCollectionElementDeserialization, testCustomDeserializers, testRegisterHierarchyAdapterForDate, testCustomAdapterInvokedForMapElementDeserialization, testCustomNestedDeserializers, testEnsureCustomDeserializerNotInvokedForNullValues, testCustomDeserializerInvokedForPrimitives, testCustomByteArrayDeserializerAndInstanceCreator]
com.google.gson.functional.StringTest:[testEscapingQuotesInStringDeserialization, testEscapingQuotesInStringSerialization, testEscapedCtrlRInStringDeserialization, testSingleQuoteInStringSerialization, testJavascriptKeywordsInStringDeserialization, testStringValueDeserialization, testEscapedBackslashInStringDeserialization, testStringWithEscapedSlashDeserialization, testSingleQuoteInStringDeserialization, testAssignmentCharDeserialization, testEscapedCtrlNInStringDeserialization]
com.google.gson.functional.NamingPolicyTest:[testGsonWithLowerCaseDashPolicyDeserialiation, testComplexFieldNameStrategy, testGsonWithNonDefaultFieldNamingPolicyDeserialiation, testGsonWithLowerCaseUnderscorePolicyDeserialiation, testGsonWithSerializedNameFieldNamingPolicyDeserialization, testGsonWithUpperCamelCaseSpacesPolicyDeserialiation]
com.google.gson.JavaSerializationTest:[testNumberIsSerializable, testMapIsSerializable, testListIsSerializable]
com.google.gson.functional.TypeVariableTest:[testBasicTypeVariables, testAdvancedTypeVariables, testTypeVariablesViaTypeParameter]
com.google.gson.functional.TypeHierarchyAdapterTest:[testRegisterSuperTypeFirst, testTypeHierarchy]
com.google.gson.functional.EnumTest:[testEnumSubclass, testTopLevelEnumDeserialization, testClassWithEnumFieldDeserialization, testCollectionOfEnumsDeserialization, testEnumSubclassAsParameterizedType, testEnumSubclassWithRegisteredTypeAdapter, testEnumCaseMapping]
com.google.gson.functional.ReadersWritersTest:[testTopLevelNullObjectDeserializationWithReaderAndSerializeNulls, testTopLevelNullObjectDeserializationWithReader, testReadWriteTwoStrings, testReadWriteTwoObjects, testTypeMismatchThrowsJsonSyntaxExceptionForStrings, testTypeMismatchThrowsJsonSyntaxExceptionForReaders, testReaderForDeserialization]
com.google.gson.functional.CustomDeserializerTest:[testJsonTypeFieldBasedDeserialization, testCustomDeserializerReturnsNullForArrayElements, testDefaultConstructorNotCalledOnObject, testDefaultConstructorNotCalledOnField, testCustomDeserializerReturnsNullForTopLevelObject, testCustomDeserializerReturnsNull, testCustomDeserializerReturnsNullForArrayElementsForArrayField]
com.google.gson.functional.ExclusionStrategyFunctionalTest:[testExclusionStrategyWithMode, testExcludeTopLevelClassSerializationDoesNotImpactDeserialization, testExclusionStrategySerializationDoesNotImpactDeserialization, testExcludeTopLevelClassDeserialization, testExclusionStrategyDeserialization]
com.google.gson.functional.ArrayTest:[testInvalidArrayDeserialization, testTopLevelArrayOfIntsDeserialization, testArrayOfNullDeserialization, testArrayOfPrimitivesAsObjectsDeserialization, testArrayOfStringsDeserialization, testSingleStringArrayDeserialization, testArrayOfCollectionDeserialization, testMultidimenstionalArraysDeserialization, testNullsInArrayDeserialization, testEmptyArrayDeserialization, testSingleNullInArrayDeserialization]
com.google.gson.functional.CircularReferenceTest:[testDirectedAcyclicGraphDeserialization]
com.google.gson.functional.TypeAdapterPrecedenceTest:[testStreamingHierarchicalFollowedByNonstreaming, testStreamingHierarchicalFollowedByNonstreamingHierarchical, testNonstreamingHierarchicalFollowedByNonstreaming, testNonstreamingFollowedByNonstreaming, testStreamingFollowedByStreaming, testSerializeNonstreamingTypeAdapterFollowedByStreamingTypeAdapter, testStreamingFollowedByNonstreaming, testStreamingFollowedByNonstreamingHierarchical]
com.google.gson.functional.MapTest:[testMapNamePromotionWithJsonElementReader, testNumberKeyDeserialization, testMapDeserializationWithDuplicateKeys, testMapStandardSubclassDeserialization, testSortedMap, testMapDeserializationWithWildcardValues, testMapDeserializationWithIntegerKeys, testDeerializeMapOfMaps, testMapSubclassDeserialization, testReadMapsWithEmptyStringKey, testMapDeserialization, testMapDeserializationEmpty, testMapDeserializationWithNullKey, testHashMapDeserialization, testComplexKeysDeserialization, testMapOfMapDeserialization, testStringKeyDeserialization, testMapDeserializationWithNullValue, testBooleanKeyDeserialization]
com.google.gson.functional.MapAsArrayTypeAdapterTest:[testTwoTypesCollapseToOneDeserialize, testMultipleEnableComplexKeyRegistrationHasNoEffect, testSerializeComplexMapWithTypeAdapter, testMapWithTypeVariableDeserialization]
com.google.gson.functional.PrimitiveTest:[testDeserializingDecimalPointValueZeroSucceeds, testByteDeserialization, testDeserializeJsonArrayAsDoublePrimitive, testPrimitiveIntegerAutoboxedDeserialization, testDeserializeJsonObjectAsInteger, testBooleanDeserialization, testDeserializeJsonArrayAsBooleanWrapper, testNumberDeserialization, testDeserializeJsonArrayAsShortWrapper, testBigDecimalDeserialization, testBigDecimalPreservePrecisionDeserialization, testPrimitiveClassLiteral, testDeserializeJsonArrayAsByteWrapper, testLargeDoubleDeserialization, testBigDecimalInfinityDeserializationNotSupported, testDeserializeJsonArrayAsLongWrapper, testDoubleInfinityDeserialization, testBigDecimalNaNDeserializationNotSupported, testSmallValueForBigIntegerDeserialization, testDoubleNoFractAsStringRepresentationDeserialization, testBigDecimalAsStringRepresentationDeserialization, testDeserializeJsonObjectAsDoubleWrapper, testDeserializeJsonObjectAsBigInteger, testUnquotedStringDeserializationFails, testFloatNaNDeserialization, testQuotedStringSerializationAndDeserialization, testDeserializeJsonObjectAsBooleanPrimitive, testDeserializeJsonObjectAsBytePrimitive, testDeserializeJsonObjectAsShortPrimitive, testDeserializeJsonArrayAsNumber, testDoubleAsStringRepresentationDeserialization, testDoubleNaNDeserialization, testDeserializeJsonObjectAsLongPrimitive, testStringsAsBooleans, testDeserializingBigIntegerAsLong, testDeserializingBigIntegerAsInteger, testNegativeInfinityDeserialization, testLongAsStringDeserialization, testDeserializeJsonArrayAsBigDecimal, testDeserializingNonZeroDecimalPointValuesAsIntegerFails, testFloatInfinityDeserialization, testDeserializePrimitiveWrapperAsObjectField, testBigDecimalNegativeInfinityDeserializationNotSupported, testBigDecimalNoFractAsStringRepresentationDeserialization, testDeserializeJsonObjectAsBigDecimal, testDeserializingBigIntegerAsBigDecimal, testPrimitiveLongAutoboxedDeserialization, testBadValueForBigIntegerDeserialization, testDeserializingBigDecimalAsIntegerFails, testDeserializingBigDecimalAsBigIntegerFails, testReallyLongValuesDeserialization, testNegativeInfinityFloatDeserialization, testDeserializingBigDecimalAsDouble, testBigIntegerDeserialization, testValueVeryCloseToZeroIsZero, testDeserializeJsonObjectAsFloatPrimitive, testDeserializeJsonObjectAsNumber, testDeserializingBigDecimalAsFloat, testPrimitiveDoubleAutoboxedDeserialization, testDeserializeJsonArrayAsFloatWrapper, testSmallValueForBigDecimalDeserialization, testDeserializeJsonArrayAsBigInteger, testDeserializeJsonArrayAsInt]
com.google.gson.functional.DefaultTypeAdaptersTest:[testJsonArrayDeerialization, testStringBuilderDeserialization, testOverrideBigDecimalTypeAdapter, testTreeSetDeserialization, testNullJsonElementDeserialization, testJsonPrimitiveDeserialization, testBadValueForBigDecimalDeserialization, testDateSerializationInCollection, testStringBufferDeserialization, testNullSerialization, testPropertiesDeserialization, testLocaleDeserializationWithLanguageCountry, testBitSetDeserialization, testJsonObjectDeserialization, testUrlDeserialization, testUuidDeserialization, testDefaultJavaSqlTimestampDeserialization, testDefaultJavaSqlDateDeserialization, testLocaleDeserializationWithLanguage, testUrlNullDeserialization, testBigIntegerFieldDeserialization, testDefaultDateDeserialization, testDateDeserializationWithPattern, testTimestampSerialization, testOverrideBigIntegerTypeAdapter, testClassDeserialization, testDefaultGregorianCalendarDeserialization, testDefaultJavaSqlTimeDeserialization, testDefaultCalendarDeserialization, testBigDecimalFieldDeserialization, testDefaultDateDeserializationUsingBuilder, testLocaleDeserializationWithLanguageCountryVariant, testSqlDateSerialization, testJsonNullDeerialization, testUriDeserialization]
com.google.gson.functional.TreeTypeAdaptersTest:[testDeserializeId]
[INFO] Instrument version before commit...
[INFO] Run on /tmp/v1/gson
[INFO] Running in NOCLASSPATH mode (doc: http://spoon.gforge.inria.fr/launcher.html).
[INFO] fr.davidson.diff.jjoules.process.junit4.JJoulesProcessor
Processing com.google.gson.functional.ArrayTest#testTopLevelArrayOfIntsDeserialization
Processing com.google.gson.functional.ArrayTest#testInvalidArrayDeserialization
Processing com.google.gson.functional.ArrayTest#testEmptyArrayDeserialization
Processing com.google.gson.functional.ArrayTest#testNullsInArrayDeserialization
Processing com.google.gson.functional.ArrayTest#testSingleNullInArrayDeserialization
Processing com.google.gson.functional.ArrayTest#testArrayOfStringsDeserialization
Processing com.google.gson.functional.ArrayTest#testSingleStringArrayDeserialization
Processing com.google.gson.functional.ArrayTest#testArrayOfCollectionDeserialization
Processing com.google.gson.functional.ArrayTest#testArrayOfPrimitivesAsObjectsDeserialization
Processing com.google.gson.functional.ArrayTest#testArrayOfNullDeserialization
Processing com.google.gson.functional.ArrayTest#testMultidimenstionalArraysDeserialization
Processing com.google.gson.functional.CircularReferenceTest#testDirectedAcyclicGraphDeserialization
Processing com.google.gson.functional.CollectionTest#testTopLevelCollectionOfIntegersDeserialization
Processing com.google.gson.functional.CollectionTest#testTopLevelListOfIntegerCollectionsDeserialization
Processing com.google.gson.functional.CollectionTest#testLinkedListDeserialization
Processing com.google.gson.functional.CollectionTest#testQueueDeserialization
Processing com.google.gson.functional.CollectionTest#testNullsInListDeserialization
Processing com.google.gson.functional.CollectionTest#testCollectionOfStringsDeserialization
Processing com.google.gson.functional.CollectionTest#testRawCollectionDeserializationNotAlllowed
Processing com.google.gson.functional.CollectionTest#testRawCollectionOfBagOfPrimitivesNotAllowed
Processing com.google.gson.functional.CollectionTest#testWildcardPrimitiveCollectionDeserilaization
Processing com.google.gson.functional.CollectionTest#testWildcardCollectionField
Processing com.google.gson.functional.CollectionTest#testFieldIsArrayList
Processing com.google.gson.functional.CollectionTest#testSetDeserialization
Processing com.google.gson.functional.ConcurrencyTest#testSingleThreadDeserialization
Processing com.google.gson.functional.ConcurrencyTest#testMultiThreadDeserialization
Processing com.google.gson.functional.CustomDeserializerTest#testDefaultConstructorNotCalledOnObject
Processing com.google.gson.functional.CustomDeserializerTest#testDefaultConstructorNotCalledOnField
Processing com.google.gson.functional.CustomDeserializerTest#testJsonTypeFieldBasedDeserialization
Processing com.google.gson.functional.CustomDeserializerTest#testCustomDeserializerReturnsNullForTopLevelObject
Processing com.google.gson.functional.CustomDeserializerTest#testCustomDeserializerReturnsNull
Processing com.google.gson.functional.CustomDeserializerTest#testCustomDeserializerReturnsNullForArrayElements
Processing com.google.gson.functional.CustomDeserializerTest#testCustomDeserializerReturnsNullForArrayElementsForArrayField
Processing com.google.gson.functional.CustomTypeAdaptersTest#testCustomDeserializers
Processing com.google.gson.functional.CustomTypeAdaptersTest#testCustomNestedDeserializers
Processing com.google.gson.functional.CustomTypeAdaptersTest#testCustomDeserializerInvokedForPrimitives
Processing com.google.gson.functional.CustomTypeAdaptersTest#testCustomByteArrayDeserializerAndInstanceCreator
Processing com.google.gson.functional.CustomTypeAdaptersTest#testCustomAdapterInvokedForCollectionElementDeserialization
Processing com.google.gson.functional.CustomTypeAdaptersTest#testCustomAdapterInvokedForMapElementDeserialization
Processing com.google.gson.functional.CustomTypeAdaptersTest#testEnsureCustomDeserializerNotInvokedForNullValues
Processing com.google.gson.functional.CustomTypeAdaptersTest#testRegisterHierarchyAdapterForDate
Processing com.google.gson.functional.DefaultTypeAdaptersTest#testClassDeserialization
Processing com.google.gson.functional.DefaultTypeAdaptersTest#testUrlDeserialization
Processing com.google.gson.functional.DefaultTypeAdaptersTest#testUrlNullDeserialization
Processing com.google.gson.functional.DefaultTypeAdaptersTest#testUriDeserialization
Processing com.google.gson.functional.DefaultTypeAdaptersTest#testNullSerialization
Processing com.google.gson.functional.DefaultTypeAdaptersTest#testUuidDeserialization
Processing com.google.gson.functional.DefaultTypeAdaptersTest#testLocaleDeserializationWithLanguage
Processing com.google.gson.functional.DefaultTypeAdaptersTest#testLocaleDeserializationWithLanguageCountry
Processing com.google.gson.functional.DefaultTypeAdaptersTest#testLocaleDeserializationWithLanguageCountryVariant
Processing com.google.gson.functional.DefaultTypeAdaptersTest#testBigDecimalFieldDeserialization
Processing com.google.gson.functional.DefaultTypeAdaptersTest#testBadValueForBigDecimalDeserialization
Processing com.google.gson.functional.DefaultTypeAdaptersTest#testBigIntegerFieldDeserialization
Processing com.google.gson.functional.DefaultTypeAdaptersTest#testOverrideBigIntegerTypeAdapter
Processing com.google.gson.functional.DefaultTypeAdaptersTest#testOverrideBigDecimalTypeAdapter
Processing com.google.gson.functional.DefaultTypeAdaptersTest#testBitSetDeserialization
Processing com.google.gson.functional.DefaultTypeAdaptersTest#testDefaultDateDeserialization
Processing com.google.gson.functional.DefaultTypeAdaptersTest#testDefaultJavaSqlDateDeserialization
Processing com.google.gson.functional.DefaultTypeAdaptersTest#testDefaultJavaSqlTimestampDeserialization
Processing com.google.gson.functional.DefaultTypeAdaptersTest#testDefaultJavaSqlTimeDeserialization
Processing com.google.gson.functional.DefaultTypeAdaptersTest#testDefaultDateDeserializationUsingBuilder
Processing com.google.gson.functional.DefaultTypeAdaptersTest#testDefaultCalendarDeserialization
Processing com.google.gson.functional.DefaultTypeAdaptersTest#testDefaultGregorianCalendarDeserialization
Processing com.google.gson.functional.DefaultTypeAdaptersTest#testDateDeserializationWithPattern
Processing com.google.gson.functional.DefaultTypeAdaptersTest#testDateSerializationInCollection
Processing com.google.gson.functional.DefaultTypeAdaptersTest#testTimestampSerialization
Processing com.google.gson.functional.DefaultTypeAdaptersTest#testSqlDateSerialization
Processing com.google.gson.functional.DefaultTypeAdaptersTest#testJsonPrimitiveDeserialization
Processing com.google.gson.functional.DefaultTypeAdaptersTest#testJsonArrayDeerialization
Processing com.google.gson.functional.DefaultTypeAdaptersTest#testJsonObjectDeserialization
Processing com.google.gson.functional.DefaultTypeAdaptersTest#testJsonNullDeerialization
Processing com.google.gson.functional.DefaultTypeAdaptersTest#testNullJsonElementDeserialization
Processing com.google.gson.functional.DefaultTypeAdaptersTest#testPropertiesDeserialization
Processing com.google.gson.functional.DefaultTypeAdaptersTest#testTreeSetDeserialization
Processing com.google.gson.functional.DefaultTypeAdaptersTest#testStringBuilderDeserialization
Processing com.google.gson.functional.DefaultTypeAdaptersTest#testStringBufferDeserialization
Processing com.google.gson.functional.DelegateTypeAdapterTest#testDelegateInvoked
Processing com.google.gson.functional.DelegateTypeAdapterTest#testDelegateInvokedOnStrings
Processing com.google.gson.functional.EnumTest#testTopLevelEnumDeserialization
Processing com.google.gson.functional.EnumTest#testCollectionOfEnumsDeserialization
Processing com.google.gson.functional.EnumTest#testClassWithEnumFieldDeserialization
Processing com.google.gson.functional.EnumTest#testEnumSubclass
Processing com.google.gson.functional.EnumTest#testEnumSubclassWithRegisteredTypeAdapter
Processing com.google.gson.functional.EnumTest#testEnumSubclassAsParameterizedType
Processing com.google.gson.functional.EnumTest#testEnumCaseMapping
Processing com.google.gson.functional.EscapingTest#testEscapingQuotesInStringArray
Processing com.google.gson.functional.EscapingTest#testEscapingObjectFields
Processing com.google.gson.functional.EscapingTest#testGsonAcceptsEscapedAndNonEscapedJsonDeserialization
Processing com.google.gson.functional.EscapingTest#testGsonDoubleDeserialization
Processing com.google.gson.functional.ExclusionStrategyFunctionalTest#testExclusionStrategySerializationDoesNotImpactDeserialization
Processing com.google.gson.functional.ExclusionStrategyFunctionalTest#testExclusionStrategyDeserialization
Processing com.google.gson.functional.ExclusionStrategyFunctionalTest#testExclusionStrategyWithMode
Processing com.google.gson.functional.ExclusionStrategyFunctionalTest#testExcludeTopLevelClassSerializationDoesNotImpactDeserialization
Processing com.google.gson.functional.ExclusionStrategyFunctionalTest#testExcludeTopLevelClassDeserialization
Processing com.google.gson.functional.ExposeFieldsTest#testExposeAnnotationDeserialization
Processing com.google.gson.functional.ExposeFieldsTest#testNoExposedFieldDeserialization
Processing com.google.gson.functional.ExposeFieldsTest#testExposedInterfaceFieldDeserialization
Processing com.google.gson.functional.InheritanceTest#testSubClassDeserialization
Processing com.google.gson.functional.InheritanceTest#testSubInterfacesOfCollectionDeserialization
Processing com.google.gson.functional.InstanceCreatorTest#testInstanceCreatorReturnsBaseType
Processing com.google.gson.functional.InstanceCreatorTest#testInstanceCreatorReturnsSubTypeForTopLevelObject
Processing com.google.gson.functional.InstanceCreatorTest#testInstanceCreatorReturnsSubTypeForField
Processing com.google.gson.functional.InstanceCreatorTest#testInstanceCreatorForCollectionType
Processing com.google.gson.functional.InternationalizationTest#testStringsWithRawChineseCharactersDeserialization
Processing com.google.gson.functional.InternationalizationTest#testStringsWithUnicodeChineseCharactersDeserialization
Processing com.google.gson.functional.InternationalizationTest#testStringsWithUnicodeChineseCharactersEscapedDeserialization
Processing com.google.gson.functional.JsonParserTest#testParseInvalidJson
Processing com.google.gson.functional.JsonParserTest#testDeserializingCustomTree
Processing com.google.gson.functional.JsonParserTest#testBadTypeForDeserializingCustomTree
Processing com.google.gson.functional.JsonParserTest#testBadFieldTypeForCustomDeserializerCustomTree
Processing com.google.gson.functional.JsonParserTest#testBadFieldTypeForDeserializingCustomTree
Processing com.google.gson.functional.JsonParserTest#testChangingCustomTreeAndDeserializing
Processing com.google.gson.functional.JsonParserTest#testExtraCommasInArrays
Processing com.google.gson.functional.JsonParserTest#testExtraCommasInMaps
Processing com.google.gson.functional.MapAsArrayTypeAdapterTest#testSerializeComplexMapWithTypeAdapter
Processing com.google.gson.functional.MapAsArrayTypeAdapterTest#testTwoTypesCollapseToOneDeserialize
Processing com.google.gson.functional.MapAsArrayTypeAdapterTest#testMultipleEnableComplexKeyRegistrationHasNoEffect
Processing com.google.gson.functional.MapAsArrayTypeAdapterTest#testMapWithTypeVariableDeserialization
Processing com.google.gson.functional.MapTest#testMapDeserialization
Processing com.google.gson.functional.MapTest#testMapDeserializationEmpty
Processing com.google.gson.functional.MapTest#testMapDeserializationWithNullValue
Processing com.google.gson.functional.MapTest#testMapDeserializationWithNullKey
Processing com.google.gson.functional.MapTest#testMapDeserializationWithIntegerKeys
Processing com.google.gson.functional.MapTest#testHashMapDeserialization
Processing com.google.gson.functional.MapTest#testSortedMap
Processing com.google.gson.functional.MapTest#testMapStandardSubclassDeserialization
Processing com.google.gson.functional.MapTest#testMapSubclassDeserialization
Processing com.google.gson.functional.MapTest#testMapDeserializationWithWildcardValues
Processing com.google.gson.functional.MapTest#testMapOfMapDeserialization
Processing com.google.gson.functional.MapTest#testReadMapsWithEmptyStringKey
Processing com.google.gson.functional.MapTest#testComplexKeysDeserialization
Processing com.google.gson.functional.MapTest#testStringKeyDeserialization
Processing com.google.gson.functional.MapTest#testNumberKeyDeserialization
Processing com.google.gson.functional.MapTest#testBooleanKeyDeserialization
Processing com.google.gson.functional.MapTest#testMapDeserializationWithDuplicateKeys
Processing com.google.gson.functional.MapTest#testDeerializeMapOfMaps
Processing com.google.gson.functional.MapTest#testMapNamePromotionWithJsonElementReader
Processing com.google.gson.functional.NamingPolicyTest#testGsonWithNonDefaultFieldNamingPolicyDeserialiation
Processing com.google.gson.functional.NamingPolicyTest#testGsonWithLowerCaseDashPolicyDeserialiation
Processing com.google.gson.functional.NamingPolicyTest#testGsonWithLowerCaseUnderscorePolicyDeserialiation
Processing com.google.gson.functional.NamingPolicyTest#testGsonWithSerializedNameFieldNamingPolicyDeserialization
Processing com.google.gson.functional.NamingPolicyTest#testGsonWithUpperCamelCaseSpacesPolicyDeserialiation
Processing com.google.gson.functional.NamingPolicyTest#testComplexFieldNameStrategy
Processing com.google.gson.functional.NullObjectAndFieldTest#testTopLevelNullObjectDeserialization
Processing com.google.gson.functional.NullObjectAndFieldTest#testExplicitDeserializationOfNulls
Processing com.google.gson.functional.NullObjectAndFieldTest#testNullWrappedPrimitiveMemberDeserialization
Processing com.google.gson.functional.NullObjectAndFieldTest#testAbsentJsonElementsAreSetToNull
Processing com.google.gson.functional.NullObjectAndFieldTest#testExplicitNullSetsFieldToNullDuringDeserialization
Processing com.google.gson.functional.NullObjectAndFieldTest#testCustomTypeAdapterPassesNullDesrialization
Processing com.google.gson.functional.ObjectTest#testJsonInSingleQuotesDeserialization
Processing com.google.gson.functional.ObjectTest#testJsonInMixedQuotesDeserialization
Processing com.google.gson.functional.ObjectTest#testBagOfPrimitivesDeserialization
Processing com.google.gson.functional.ObjectTest#testBagOfPrimitiveWrappersDeserialization
Processing com.google.gson.functional.ObjectTest#testClassWithTransientFieldsDeserialization
Processing com.google.gson.functional.ObjectTest#testClassWithTransientFieldsDeserializationTransientFieldsPassedInJsonAreIgnored
Processing com.google.gson.functional.ObjectTest#testClassWithNoFieldsDeserialization
Processing com.google.gson.functional.ObjectTest#testNestedDeserialization
Processing com.google.gson.functional.ObjectTest#testEmptyStringDeserialization
Processing com.google.gson.functional.ObjectTest#testTruncatedDeserialization
Processing com.google.gson.functional.ObjectTest#testNullFieldsDeserialization
Processing com.google.gson.functional.ObjectTest#testArrayOfObjectsDeserialization
Processing com.google.gson.functional.ObjectTest#testArrayOfArraysDeserialization
Processing com.google.gson.functional.ObjectTest#testNullArraysDeserialization
Processing com.google.gson.functional.ObjectTest#testNullObjectFieldsDeserialization
Processing com.google.gson.functional.ObjectTest#testEmptyCollectionInAnObjectDeserialization
Processing com.google.gson.functional.ObjectTest#testPrimitiveArrayInAnObjectDeserialization
Processing com.google.gson.functional.ObjectTest#testNullPrimitiveFieldsDeserialization
Processing com.google.gson.functional.ObjectTest#testPrivateNoArgConstructorDeserialization
Processing com.google.gson.functional.ObjectTest#testInnerClassDeserialization
Processing com.google.gson.functional.ObjectTest#testObjectFieldNamesWithoutQuotesDeserialization
Processing com.google.gson.functional.ObjectTest#testStringFieldWithNumberValueDeserialization
Processing com.google.gson.functional.ObjectTest#testStringFieldWithEmptyValueDeserialization
Processing com.google.gson.functional.ObjectTest#testSingletonLists
Processing com.google.gson.functional.ParameterizedTypesTest#testParameterizedTypeDeserialization
Processing com.google.gson.functional.ParameterizedTypesTest#testTypesWithMultipleParametersDeserialization
Processing com.google.gson.functional.ParameterizedTypesTest#testParameterizedTypesWithCustomDeserializer
Processing com.google.gson.functional.ParameterizedTypesTest#testParameterizedTypeWithReaderDeserialization
Processing com.google.gson.functional.ParameterizedTypesTest#testVariableTypeFieldsAndGenericArraysDeserialization
Processing com.google.gson.functional.ParameterizedTypesTest#testVariableTypeDeserialization
Processing com.google.gson.functional.ParameterizedTypesTest#testVariableTypeArrayDeserialization
Processing com.google.gson.functional.ParameterizedTypesTest#testParameterizedTypeWithVariableTypeDeserialization
Processing com.google.gson.functional.ParameterizedTypesTest#testParameterizedTypeGenericArraysDeserialization
Processing com.google.gson.functional.ParameterizedTypesTest#testDeepParameterizedTypeDeserialization
Processing com.google.gson.functional.PrimitiveCharacterTest#testPrimitiveCharacterAutoboxedDeserialization
Processing com.google.gson.functional.PrimitiveTest#testPrimitiveIntegerAutoboxedDeserialization
Processing com.google.gson.functional.PrimitiveTest#testByteDeserialization
Processing com.google.gson.functional.PrimitiveTest#testReallyLongValuesDeserialization
Processing com.google.gson.functional.PrimitiveTest#testPrimitiveLongAutoboxedDeserialization
Processing com.google.gson.functional.PrimitiveTest#testBooleanDeserialization
Processing com.google.gson.functional.PrimitiveTest#testNumberDeserialization
Processing com.google.gson.functional.PrimitiveTest#testPrimitiveDoubleAutoboxedDeserialization
Processing com.google.gson.functional.PrimitiveTest#testDoubleAsStringRepresentationDeserialization
Processing com.google.gson.functional.PrimitiveTest#testDoubleNoFractAsStringRepresentationDeserialization
Processing com.google.gson.functional.PrimitiveTest#testLargeDoubleDeserialization
Processing com.google.gson.functional.PrimitiveTest#testBigDecimalDeserialization
Processing com.google.gson.functional.PrimitiveTest#testSmallValueForBigDecimalDeserialization
Processing com.google.gson.functional.PrimitiveTest#testBigDecimalPreservePrecisionDeserialization
Processing com.google.gson.functional.PrimitiveTest#testBigDecimalAsStringRepresentationDeserialization
Processing com.google.gson.functional.PrimitiveTest#testBigDecimalNoFractAsStringRepresentationDeserialization
Processing com.google.gson.functional.PrimitiveTest#testBigIntegerDeserialization
Processing com.google.gson.functional.PrimitiveTest#testSmallValueForBigIntegerDeserialization
Processing com.google.gson.functional.PrimitiveTest#testBadValueForBigIntegerDeserialization
Processing com.google.gson.functional.PrimitiveTest#testDoubleNaNDeserialization
Processing com.google.gson.functional.PrimitiveTest#testFloatNaNDeserialization
Processing com.google.gson.functional.PrimitiveTest#testBigDecimalNaNDeserializationNotSupported
Processing com.google.gson.functional.PrimitiveTest#testDoubleInfinityDeserialization
Processing com.google.gson.functional.PrimitiveTest#testFloatInfinityDeserialization
Processing com.google.gson.functional.PrimitiveTest#testBigDecimalInfinityDeserializationNotSupported
Processing com.google.gson.functional.PrimitiveTest#testNegativeInfinityDeserialization
Processing com.google.gson.functional.PrimitiveTest#testNegativeInfinityFloatDeserialization
Processing com.google.gson.functional.PrimitiveTest#testBigDecimalNegativeInfinityDeserializationNotSupported
Processing com.google.gson.functional.PrimitiveTest#testLongAsStringDeserialization
Processing com.google.gson.functional.PrimitiveTest#testQuotedStringSerializationAndDeserialization
Processing com.google.gson.functional.PrimitiveTest#testUnquotedStringDeserializationFails
Processing com.google.gson.functional.PrimitiveTest#testDeserializePrimitiveWrapperAsObjectField
Processing com.google.gson.functional.PrimitiveTest#testPrimitiveClassLiteral
Processing com.google.gson.functional.PrimitiveTest#testDeserializeJsonObjectAsLongPrimitive
Processing com.google.gson.functional.PrimitiveTest#testDeserializeJsonArrayAsLongWrapper
Processing com.google.gson.functional.PrimitiveTest#testDeserializeJsonArrayAsInt
Processing com.google.gson.functional.PrimitiveTest#testDeserializeJsonObjectAsInteger
Processing com.google.gson.functional.PrimitiveTest#testDeserializeJsonObjectAsShortPrimitive
Processing com.google.gson.functional.PrimitiveTest#testDeserializeJsonArrayAsShortWrapper
Processing com.google.gson.functional.PrimitiveTest#testDeserializeJsonArrayAsDoublePrimitive
Processing com.google.gson.functional.PrimitiveTest#testDeserializeJsonObjectAsDoubleWrapper
Processing com.google.gson.functional.PrimitiveTest#testDeserializeJsonObjectAsFloatPrimitive
Processing com.google.gson.functional.PrimitiveTest#testDeserializeJsonArrayAsFloatWrapper
Processing com.google.gson.functional.PrimitiveTest#testDeserializeJsonObjectAsBytePrimitive
Processing com.google.gson.functional.PrimitiveTest#testDeserializeJsonArrayAsByteWrapper
Processing com.google.gson.functional.PrimitiveTest#testDeserializeJsonObjectAsBooleanPrimitive
Processing com.google.gson.functional.PrimitiveTest#testDeserializeJsonArrayAsBooleanWrapper
Processing com.google.gson.functional.PrimitiveTest#testDeserializeJsonArrayAsBigDecimal
Processing com.google.gson.functional.PrimitiveTest#testDeserializeJsonObjectAsBigDecimal
Processing com.google.gson.functional.PrimitiveTest#testDeserializeJsonArrayAsBigInteger
Processing com.google.gson.functional.PrimitiveTest#testDeserializeJsonObjectAsBigInteger
Processing com.google.gson.functional.PrimitiveTest#testDeserializeJsonArrayAsNumber
Processing com.google.gson.functional.PrimitiveTest#testDeserializeJsonObjectAsNumber
Processing com.google.gson.functional.PrimitiveTest#testDeserializingDecimalPointValueZeroSucceeds
Processing com.google.gson.functional.PrimitiveTest#testDeserializingNonZeroDecimalPointValuesAsIntegerFails
Processing com.google.gson.functional.PrimitiveTest#testDeserializingBigDecimalAsIntegerFails
Processing com.google.gson.functional.PrimitiveTest#testDeserializingBigIntegerAsInteger
Processing com.google.gson.functional.PrimitiveTest#testDeserializingBigIntegerAsLong
Processing com.google.gson.functional.PrimitiveTest#testValueVeryCloseToZeroIsZero
Processing com.google.gson.functional.PrimitiveTest#testDeserializingBigDecimalAsFloat
Processing com.google.gson.functional.PrimitiveTest#testDeserializingBigDecimalAsDouble
Processing com.google.gson.functional.PrimitiveTest#testDeserializingBigDecimalAsBigIntegerFails
Processing com.google.gson.functional.PrimitiveTest#testDeserializingBigIntegerAsBigDecimal
Processing com.google.gson.functional.PrimitiveTest#testStringsAsBooleans
Processing com.google.gson.functional.ReadersWritersTest#testReaderForDeserialization
Processing com.google.gson.functional.ReadersWritersTest#testTopLevelNullObjectDeserializationWithReader
Processing com.google.gson.functional.ReadersWritersTest#testTopLevelNullObjectDeserializationWithReaderAndSerializeNulls
Processing com.google.gson.functional.ReadersWritersTest#testReadWriteTwoStrings
Processing com.google.gson.functional.ReadersWritersTest#testReadWriteTwoObjects
Processing com.google.gson.functional.ReadersWritersTest#testTypeMismatchThrowsJsonSyntaxExceptionForStrings
Processing com.google.gson.functional.ReadersWritersTest#testTypeMismatchThrowsJsonSyntaxExceptionForReaders
Processing com.google.gson.functional.SecurityTest#testNonExecutableJsonDeserialization
Processing com.google.gson.functional.SecurityTest#testJsonWithNonExectuableTokenWithRegularGsonDeserialization
Processing com.google.gson.functional.SecurityTest#testJsonWithNonExectuableTokenWithConfiguredGsonDeserialization
Processing com.google.gson.functional.StreamingTypeAdaptersTest#testNullSafe
Processing com.google.gson.functional.StringTest#testStringValueDeserialization
Processing com.google.gson.functional.StringTest#testSingleQuoteInStringSerialization
Processing com.google.gson.functional.StringTest#testEscapedCtrlNInStringDeserialization
Processing com.google.gson.functional.StringTest#testEscapedCtrlRInStringDeserialization
Processing com.google.gson.functional.StringTest#testEscapedBackslashInStringDeserialization
Processing com.google.gson.functional.StringTest#testSingleQuoteInStringDeserialization
Processing com.google.gson.functional.StringTest#testEscapingQuotesInStringSerialization
Processing com.google.gson.functional.StringTest#testEscapingQuotesInStringDeserialization
Processing com.google.gson.functional.StringTest#testStringWithEscapedSlashDeserialization
Processing com.google.gson.functional.StringTest#testAssignmentCharDeserialization
Processing com.google.gson.functional.StringTest#testJavascriptKeywordsInStringDeserialization
Processing com.google.gson.functional.TreeTypeAdaptersTest#testDeserializeId
Processing com.google.gson.functional.TypeAdapterPrecedenceTest#testNonstreamingFollowedByNonstreaming
Processing com.google.gson.functional.TypeAdapterPrecedenceTest#testStreamingFollowedByStreaming
Processing com.google.gson.functional.TypeAdapterPrecedenceTest#testSerializeNonstreamingTypeAdapterFollowedByStreamingTypeAdapter
Processing com.google.gson.functional.TypeAdapterPrecedenceTest#testStreamingFollowedByNonstreaming
Processing com.google.gson.functional.TypeAdapterPrecedenceTest#testStreamingHierarchicalFollowedByNonstreaming
Processing com.google.gson.functional.TypeAdapterPrecedenceTest#testStreamingFollowedByNonstreamingHierarchical
Processing com.google.gson.functional.TypeAdapterPrecedenceTest#testStreamingHierarchicalFollowedByNonstreamingHierarchical
Processing com.google.gson.functional.TypeAdapterPrecedenceTest#testNonstreamingHierarchicalFollowedByNonstreaming
Processing com.google.gson.functional.TypeHierarchyAdapterTest#testTypeHierarchy
Processing com.google.gson.functional.TypeHierarchyAdapterTest#testRegisterSuperTypeFirst
Processing com.google.gson.functional.TypeVariableTest#testAdvancedTypeVariables
Processing com.google.gson.functional.TypeVariableTest#testTypeVariablesViaTypeParameter
Processing com.google.gson.functional.TypeVariableTest#testBasicTypeVariables
Processing com.google.gson.functional.UncategorizedTest#testInvalidJsonDeserializationFails
Processing com.google.gson.functional.UncategorizedTest#testGsonInstanceReusableForSerializationAndDeserialization
Processing com.google.gson.functional.UncategorizedTest#testReturningDerivedClassesDuringDeserialization
Processing com.google.gson.functional.UncategorizedTest#testTrailingWhitespace
Processing com.google.gson.functional.VersioningTest#testVersionedUntilDeserialization
Processing com.google.gson.functional.VersioningTest#testVersionedClassesDeserialization
Processing com.google.gson.functional.VersioningTest#testIgnoreLaterVersionClassDeserialization
Processing com.google.gson.functional.VersioningTest#testVersionedGsonWithUnversionedClassesDeserialization
Processing com.google.gson.functional.VersioningTest#testVersionedGsonMixingSinceAndUntilDeserialization
Processing com.google.gson.CommentsTest#testParseComments
Processing com.google.gson.DefaultInetAddressTypeAdapterTest#testInetAddressSerializationAndDeserialization
Processing com.google.gson.GsonTypeAdapterTest#testDefaultTypeAdapterThrowsParseException
Processing com.google.gson.GsonTypeAdapterTest#testTypeAdapterThrowsException
Processing com.google.gson.GsonTypeAdapterTest#testTypeAdapterProperlyConvertsTypes
Processing com.google.gson.GsonTypeAdapterTest#testTypeAdapterDoesNotAffectNonAdaptedTypes
Processing com.google.gson.JavaSerializationTest#testMapIsSerializable
Processing com.google.gson.JavaSerializationTest#testListIsSerializable
Processing com.google.gson.JavaSerializationTest#testNumberIsSerializable
Processing com.google.gson.JsonParserTest#testReadWriteTwoObjects
Processing com.google.gson.MixedStreamTest#testReadMixedStreamed
Processing com.google.gson.MixedStreamTest#testReaderDoesNotMutateState
Processing com.google.gson.MixedStreamTest#testReadInvalidState
Processing com.google.gson.MixedStreamTest#testReadNulls
Processing com.google.gson.OverrideCoreTypeAdaptersTest#testOverrideWrapperBooleanAdapter
Processing com.google.gson.OverrideCoreTypeAdaptersTest#testOverridePrimitiveBooleanAdapter
Processing com.google.gson.OverrideCoreTypeAdaptersTest#testOverrideStringAdapter
[INFO] Printing com.google.gson.functional.PrimitiveTest to /tmp/v1/gson/src/test/java//com/google/gson/functional/PrimitiveTest.java
[INFO] Printing com.google.gson.functional.ReadersWritersTest to /tmp/v1/gson/src/test/java//com/google/gson/functional/ReadersWritersTest.java
[INFO] Printing com.google.gson.functional.InstanceCreatorTest to /tmp/v1/gson/src/test/java//com/google/gson/functional/InstanceCreatorTest.java
[INFO] Printing com.google.gson.OverrideCoreTypeAdaptersTest to /tmp/v1/gson/src/test/java//com/google/gson/OverrideCoreTypeAdaptersTest.java
[INFO] Printing com.google.gson.functional.CustomTypeAdaptersTest to /tmp/v1/gson/src/test/java//com/google/gson/functional/CustomTypeAdaptersTest.java
[INFO] Printing com.google.gson.CommentsTest to /tmp/v1/gson/src/test/java//com/google/gson/CommentsTest.java
[INFO] Printing com.google.gson.MixedStreamTest to /tmp/v1/gson/src/test/java//com/google/gson/MixedStreamTest.java
[INFO] Printing com.google.gson.functional.CustomDeserializerTest to /tmp/v1/gson/src/test/java//com/google/gson/functional/CustomDeserializerTest.java
[INFO] Printing com.google.gson.functional.NamingPolicyTest to /tmp/v1/gson/src/test/java//com/google/gson/functional/NamingPolicyTest.java
[INFO] Printing com.google.gson.functional.InternationalizationTest to /tmp/v1/gson/src/test/java//com/google/gson/functional/InternationalizationTest.java
[INFO] Printing com.google.gson.JavaSerializationTest to /tmp/v1/gson/src/test/java//com/google/gson/JavaSerializationTest.java
[INFO] Printing com.google.gson.functional.InheritanceTest to /tmp/v1/gson/src/test/java//com/google/gson/functional/InheritanceTest.java
[INFO] Printing com.google.gson.functional.StreamingTypeAdaptersTest to /tmp/v1/gson/src/test/java//com/google/gson/functional/StreamingTypeAdaptersTest.java
[INFO] Printing com.google.gson.functional.VersioningTest to /tmp/v1/gson/src/test/java//com/google/gson/functional/VersioningTest.java
[INFO] Printing com.google.gson.GsonTypeAdapterTest to /tmp/v1/gson/src/test/java//com/google/gson/GsonTypeAdapterTest.java
[INFO] Printing com.google.gson.functional.NullObjectAndFieldTest to /tmp/v1/gson/src/test/java//com/google/gson/functional/NullObjectAndFieldTest.java
[INFO] Printing com.google.gson.functional.PrimitiveCharacterTest to /tmp/v1/gson/src/test/java//com/google/gson/functional/PrimitiveCharacterTest.java
[INFO] Printing com.google.gson.functional.UncategorizedTest to /tmp/v1/gson/src/test/java//com/google/gson/functional/UncategorizedTest.java
[INFO] Printing com.google.gson.functional.TreeTypeAdaptersTest to /tmp/v1/gson/src/test/java//com/google/gson/functional/TreeTypeAdaptersTest.java
[INFO] Printing com.google.gson.functional.TypeHierarchyAdapterTest to /tmp/v1/gson/src/test/java//com/google/gson/functional/TypeHierarchyAdapterTest.java
[INFO] Printing com.google.gson.functional.ParameterizedTypesTest to /tmp/v1/gson/src/test/java//com/google/gson/functional/ParameterizedTypesTest.java
[INFO] Printing com.google.gson.functional.SecurityTest to /tmp/v1/gson/src/test/java//com/google/gson/functional/SecurityTest.java
[INFO] Printing com.google.gson.functional.JsonParserTest to /tmp/v1/gson/src/test/java//com/google/gson/functional/JsonParserTest.java
[INFO] Printing com.google.gson.JsonParserTest to /tmp/v1/gson/src/test/java//com/google/gson/JsonParserTest.java
[INFO] Printing com.google.gson.functional.ConcurrencyTest to /tmp/v1/gson/src/test/java//com/google/gson/functional/ConcurrencyTest.java
[INFO] Printing com.google.gson.functional.StringTest to /tmp/v1/gson/src/test/java//com/google/gson/functional/StringTest.java
[INFO] Printing com.google.gson.functional.DefaultTypeAdaptersTest to /tmp/v1/gson/src/test/java//com/google/gson/functional/DefaultTypeAdaptersTest.java
[INFO] Printing com.google.gson.functional.CircularReferenceTest to /tmp/v1/gson/src/test/java//com/google/gson/functional/CircularReferenceTest.java
[INFO] Printing com.google.gson.functional.ArrayTest to /tmp/v1/gson/src/test/java//com/google/gson/functional/ArrayTest.java
[INFO] Printing com.google.gson.functional.DelegateTypeAdapterTest to /tmp/v1/gson/src/test/java//com/google/gson/functional/DelegateTypeAdapterTest.java
[INFO] Printing com.google.gson.DefaultInetAddressTypeAdapterTest to /tmp/v1/gson/src/test/java//com/google/gson/DefaultInetAddressTypeAdapterTest.java
[INFO] Printing com.google.gson.functional.ExclusionStrategyFunctionalTest to /tmp/v1/gson/src/test/java//com/google/gson/functional/ExclusionStrategyFunctionalTest.java
[INFO] Printing com.google.gson.functional.TypeAdapterPrecedenceTest to /tmp/v1/gson/src/test/java//com/google/gson/functional/TypeAdapterPrecedenceTest.java
[INFO] Printing com.google.gson.functional.TypeVariableTest to /tmp/v1/gson/src/test/java//com/google/gson/functional/TypeVariableTest.java
[INFO] Printing com.google.gson.functional.MapTest to /tmp/v1/gson/src/test/java//com/google/gson/functional/MapTest.java
[INFO] Printing com.google.gson.functional.EnumTest to /tmp/v1/gson/src/test/java//com/google/gson/functional/EnumTest.java
[INFO] Printing com.google.gson.functional.ExposeFieldsTest to /tmp/v1/gson/src/test/java//com/google/gson/functional/ExposeFieldsTest.java
[INFO] Printing com.google.gson.functional.ObjectTest to /tmp/v1/gson/src/test/java//com/google/gson/functional/ObjectTest.java
[INFO] Printing com.google.gson.functional.EscapingTest to /tmp/v1/gson/src/test/java//com/google/gson/functional/EscapingTest.java
[INFO] Printing com.google.gson.functional.CollectionTest to /tmp/v1/gson/src/test/java//com/google/gson/functional/CollectionTest.java
[INFO] Printing com.google.gson.functional.MapAsArrayTypeAdapterTest to /tmp/v1/gson/src/test/java//com/google/gson/functional/MapAsArrayTypeAdapterTest.java
[INFO] Injecting JUnit-Jjoules in /tmp/v1/gson/pom.xml
[INFO] Output new POM file in /tmp/v1/gson/pom.xml
[INFO] Instrument version after commit...
[INFO] Run on /tmp/v2/gson/
[INFO] Running in NOCLASSPATH mode (doc: http://spoon.gforge.inria.fr/launcher.html).
[INFO] fr.davidson.diff.jjoules.process.junit4.JJoulesProcessor
Processing com.google.gson.functional.ArrayTest#testTopLevelArrayOfIntsDeserialization
Processing com.google.gson.functional.ArrayTest#testInvalidArrayDeserialization
Processing com.google.gson.functional.ArrayTest#testEmptyArrayDeserialization
Processing com.google.gson.functional.ArrayTest#testNullsInArrayDeserialization
Processing com.google.gson.functional.ArrayTest#testSingleNullInArrayDeserialization
Processing com.google.gson.functional.ArrayTest#testArrayOfStringsDeserialization
Processing com.google.gson.functional.ArrayTest#testSingleStringArrayDeserialization
Processing com.google.gson.functional.ArrayTest#testArrayOfCollectionDeserialization
Processing com.google.gson.functional.ArrayTest#testArrayOfPrimitivesAsObjectsDeserialization
Processing com.google.gson.functional.ArrayTest#testArrayOfNullDeserialization
Processing com.google.gson.functional.ArrayTest#testMultidimenstionalArraysDeserialization
Processing com.google.gson.functional.CircularReferenceTest#testDirectedAcyclicGraphDeserialization
Processing com.google.gson.functional.CollectionTest#testTopLevelCollectionOfIntegersDeserialization
Processing com.google.gson.functional.CollectionTest#testTopLevelListOfIntegerCollectionsDeserialization
Processing com.google.gson.functional.CollectionTest#testLinkedListDeserialization
Processing com.google.gson.functional.CollectionTest#testQueueDeserialization
Processing com.google.gson.functional.CollectionTest#testNullsInListDeserialization
Processing com.google.gson.functional.CollectionTest#testCollectionOfStringsDeserialization
Processing com.google.gson.functional.CollectionTest#testRawCollectionDeserializationNotAlllowed
Processing com.google.gson.functional.CollectionTest#testRawCollectionOfBagOfPrimitivesNotAllowed
Processing com.google.gson.functional.CollectionTest#testWildcardPrimitiveCollectionDeserilaization
Processing com.google.gson.functional.CollectionTest#testWildcardCollectionField
Processing com.google.gson.functional.CollectionTest#testFieldIsArrayList
Processing com.google.gson.functional.CollectionTest#testSetDeserialization
Processing com.google.gson.functional.ConcurrencyTest#testSingleThreadDeserialization
Processing com.google.gson.functional.ConcurrencyTest#testMultiThreadDeserialization
Processing com.google.gson.functional.CustomDeserializerTest#testDefaultConstructorNotCalledOnObject
Processing com.google.gson.functional.CustomDeserializerTest#testDefaultConstructorNotCalledOnField
Processing com.google.gson.functional.CustomDeserializerTest#testJsonTypeFieldBasedDeserialization
Processing com.google.gson.functional.CustomDeserializerTest#testCustomDeserializerReturnsNullForTopLevelObject
Processing com.google.gson.functional.CustomDeserializerTest#testCustomDeserializerReturnsNull
Processing com.google.gson.functional.CustomDeserializerTest#testCustomDeserializerReturnsNullForArrayElements
Processing com.google.gson.functional.CustomDeserializerTest#testCustomDeserializerReturnsNullForArrayElementsForArrayField
Processing com.google.gson.functional.CustomTypeAdaptersTest#testCustomDeserializers
Processing com.google.gson.functional.CustomTypeAdaptersTest#testCustomNestedDeserializers
Processing com.google.gson.functional.CustomTypeAdaptersTest#testCustomDeserializerInvokedForPrimitives
Processing com.google.gson.functional.CustomTypeAdaptersTest#testCustomByteArrayDeserializerAndInstanceCreator
Processing com.google.gson.functional.CustomTypeAdaptersTest#testCustomAdapterInvokedForCollectionElementDeserialization
Processing com.google.gson.functional.CustomTypeAdaptersTest#testCustomAdapterInvokedForMapElementDeserialization
Processing com.google.gson.functional.CustomTypeAdaptersTest#testEnsureCustomDeserializerNotInvokedForNullValues
Processing com.google.gson.functional.CustomTypeAdaptersTest#testRegisterHierarchyAdapterForDate
Processing com.google.gson.functional.DefaultTypeAdaptersTest#testClassDeserialization
Processing com.google.gson.functional.DefaultTypeAdaptersTest#testUrlDeserialization
Processing com.google.gson.functional.DefaultTypeAdaptersTest#testUrlNullDeserialization
Processing com.google.gson.functional.DefaultTypeAdaptersTest#testUriDeserialization
Processing com.google.gson.functional.DefaultTypeAdaptersTest#testNullSerialization
Processing com.google.gson.functional.DefaultTypeAdaptersTest#testUuidDeserialization
Processing com.google.gson.functional.DefaultTypeAdaptersTest#testLocaleDeserializationWithLanguage
Processing com.google.gson.functional.DefaultTypeAdaptersTest#testLocaleDeserializationWithLanguageCountry
Processing com.google.gson.functional.DefaultTypeAdaptersTest#testLocaleDeserializationWithLanguageCountryVariant
Processing com.google.gson.functional.DefaultTypeAdaptersTest#testBigDecimalFieldDeserialization
Processing com.google.gson.functional.DefaultTypeAdaptersTest#testBadValueForBigDecimalDeserialization
Processing com.google.gson.functional.DefaultTypeAdaptersTest#testBigIntegerFieldDeserialization
Processing com.google.gson.functional.DefaultTypeAdaptersTest#testOverrideBigIntegerTypeAdapter
Processing com.google.gson.functional.DefaultTypeAdaptersTest#testOverrideBigDecimalTypeAdapter
Processing com.google.gson.functional.DefaultTypeAdaptersTest#testBitSetDeserialization
Processing com.google.gson.functional.DefaultTypeAdaptersTest#testDefaultDateDeserialization
Processing com.google.gson.functional.DefaultTypeAdaptersTest#testDefaultJavaSqlDateDeserialization
Processing com.google.gson.functional.DefaultTypeAdaptersTest#testDefaultJavaSqlTimestampDeserialization
Processing com.google.gson.functional.DefaultTypeAdaptersTest#testDefaultJavaSqlTimeDeserialization
Processing com.google.gson.functional.DefaultTypeAdaptersTest#testDefaultDateDeserializationUsingBuilder
Processing com.google.gson.functional.DefaultTypeAdaptersTest#testDefaultCalendarDeserialization
Processing com.google.gson.functional.DefaultTypeAdaptersTest#testDefaultGregorianCalendarDeserialization
Processing com.google.gson.functional.DefaultTypeAdaptersTest#testDateDeserializationWithPattern
Processing com.google.gson.functional.DefaultTypeAdaptersTest#testDateSerializationInCollection
Processing com.google.gson.functional.DefaultTypeAdaptersTest#testTimestampSerialization
Processing com.google.gson.functional.DefaultTypeAdaptersTest#testSqlDateSerialization
Processing com.google.gson.functional.DefaultTypeAdaptersTest#testJsonPrimitiveDeserialization
Processing com.google.gson.functional.DefaultTypeAdaptersTest#testJsonArrayDeerialization
Processing com.google.gson.functional.DefaultTypeAdaptersTest#testJsonObjectDeserialization
Processing com.google.gson.functional.DefaultTypeAdaptersTest#testJsonNullDeerialization
Processing com.google.gson.functional.DefaultTypeAdaptersTest#testNullJsonElementDeserialization
Processing com.google.gson.functional.DefaultTypeAdaptersTest#testPropertiesDeserialization
Processing com.google.gson.functional.DefaultTypeAdaptersTest#testTreeSetDeserialization
Processing com.google.gson.functional.DefaultTypeAdaptersTest#testStringBuilderDeserialization
Processing com.google.gson.functional.DefaultTypeAdaptersTest#testStringBufferDeserialization
Processing com.google.gson.functional.DelegateTypeAdapterTest#testDelegateInvoked
Processing com.google.gson.functional.DelegateTypeAdapterTest#testDelegateInvokedOnStrings
Processing com.google.gson.functional.EnumTest#testTopLevelEnumDeserialization
Processing com.google.gson.functional.EnumTest#testCollectionOfEnumsDeserialization
Processing com.google.gson.functional.EnumTest#testClassWithEnumFieldDeserialization
Processing com.google.gson.functional.EnumTest#testEnumSubclass
Processing com.google.gson.functional.EnumTest#testEnumSubclassWithRegisteredTypeAdapter
Processing com.google.gson.functional.EnumTest#testEnumSubclassAsParameterizedType
Processing com.google.gson.functional.EnumTest#testEnumCaseMapping
Processing com.google.gson.functional.EscapingTest#testEscapingQuotesInStringArray
Processing com.google.gson.functional.EscapingTest#testEscapingObjectFields
Processing com.google.gson.functional.EscapingTest#testGsonAcceptsEscapedAndNonEscapedJsonDeserialization
Processing com.google.gson.functional.EscapingTest#testGsonDoubleDeserialization
Processing com.google.gson.functional.ExclusionStrategyFunctionalTest#testExclusionStrategySerializationDoesNotImpactDeserialization
Processing com.google.gson.functional.ExclusionStrategyFunctionalTest#testExclusionStrategyDeserialization
Processing com.google.gson.functional.ExclusionStrategyFunctionalTest#testExclusionStrategyWithMode
Processing com.google.gson.functional.ExclusionStrategyFunctionalTest#testExcludeTopLevelClassSerializationDoesNotImpactDeserialization
Processing com.google.gson.functional.ExclusionStrategyFunctionalTest#testExcludeTopLevelClassDeserialization
Processing com.google.gson.functional.ExposeFieldsTest#testExposeAnnotationDeserialization
Processing com.google.gson.functional.ExposeFieldsTest#testNoExposedFieldDeserialization
Processing com.google.gson.functional.ExposeFieldsTest#testExposedInterfaceFieldDeserialization
Processing com.google.gson.functional.InheritanceTest#testSubClassDeserialization
Processing com.google.gson.functional.InheritanceTest#testSubInterfacesOfCollectionDeserialization
Processing com.google.gson.functional.InstanceCreatorTest#testInstanceCreatorReturnsBaseType
Processing com.google.gson.functional.InstanceCreatorTest#testInstanceCreatorReturnsSubTypeForTopLevelObject
Processing com.google.gson.functional.InstanceCreatorTest#testInstanceCreatorReturnsSubTypeForField
Processing com.google.gson.functional.InstanceCreatorTest#testInstanceCreatorForCollectionType
Processing com.google.gson.functional.InterceptorTest#testPostDeserialize
Processing com.google.gson.functional.InternationalizationTest#testStringsWithRawChineseCharactersDeserialization
Processing com.google.gson.functional.InternationalizationTest#testStringsWithUnicodeChineseCharactersDeserialization
Processing com.google.gson.functional.InternationalizationTest#testStringsWithUnicodeChineseCharactersEscapedDeserialization
Processing com.google.gson.functional.JsonParserTest#testParseInvalidJson
Processing com.google.gson.functional.JsonParserTest#testDeserializingCustomTree
Processing com.google.gson.functional.JsonParserTest#testBadTypeForDeserializingCustomTree
Processing com.google.gson.functional.JsonParserTest#testBadFieldTypeForCustomDeserializerCustomTree
Processing com.google.gson.functional.JsonParserTest#testBadFieldTypeForDeserializingCustomTree
Processing com.google.gson.functional.JsonParserTest#testChangingCustomTreeAndDeserializing
Processing com.google.gson.functional.JsonParserTest#testExtraCommasInArrays
Processing com.google.gson.functional.JsonParserTest#testExtraCommasInMaps
Processing com.google.gson.functional.MapAsArrayTypeAdapterTest#testSerializeComplexMapWithTypeAdapter
Processing com.google.gson.functional.MapAsArrayTypeAdapterTest#testTwoTypesCollapseToOneDeserialize
Processing com.google.gson.functional.MapAsArrayTypeAdapterTest#testMultipleEnableComplexKeyRegistrationHasNoEffect
Processing com.google.gson.functional.MapAsArrayTypeAdapterTest#testMapWithTypeVariableDeserialization
Processing com.google.gson.functional.MapTest#testMapDeserialization
Processing com.google.gson.functional.MapTest#testMapDeserializationEmpty
Processing com.google.gson.functional.MapTest#testMapDeserializationWithNullValue
Processing com.google.gson.functional.MapTest#testMapDeserializationWithNullKey
Processing com.google.gson.functional.MapTest#testMapDeserializationWithIntegerKeys
Processing com.google.gson.functional.MapTest#testHashMapDeserialization
Processing com.google.gson.functional.MapTest#testSortedMap
Processing com.google.gson.functional.MapTest#testMapStandardSubclassDeserialization
Processing com.google.gson.functional.MapTest#testMapSubclassDeserialization
Processing com.google.gson.functional.MapTest#testMapDeserializationWithWildcardValues
Processing com.google.gson.functional.MapTest#testMapOfMapDeserialization
Processing com.google.gson.functional.MapTest#testReadMapsWithEmptyStringKey
Processing com.google.gson.functional.MapTest#testComplexKeysDeserialization
Processing com.google.gson.functional.MapTest#testStringKeyDeserialization
Processing com.google.gson.functional.MapTest#testNumberKeyDeserialization
Processing com.google.gson.functional.MapTest#testBooleanKeyDeserialization
Processing com.google.gson.functional.MapTest#testMapDeserializationWithDuplicateKeys
Processing com.google.gson.functional.MapTest#testDeerializeMapOfMaps
Processing com.google.gson.functional.MapTest#testMapNamePromotionWithJsonElementReader
Processing com.google.gson.functional.NamingPolicyTest#testGsonWithNonDefaultFieldNamingPolicyDeserialiation
Processing com.google.gson.functional.NamingPolicyTest#testGsonWithLowerCaseDashPolicyDeserialiation
Processing com.google.gson.functional.NamingPolicyTest#testGsonWithLowerCaseUnderscorePolicyDeserialiation
Processing com.google.gson.functional.NamingPolicyTest#testGsonWithSerializedNameFieldNamingPolicyDeserialization
Processing com.google.gson.functional.NamingPolicyTest#testGsonWithUpperCamelCaseSpacesPolicyDeserialiation
Processing com.google.gson.functional.NamingPolicyTest#testComplexFieldNameStrategy
Processing com.google.gson.functional.NullObjectAndFieldTest#testTopLevelNullObjectDeserialization
Processing com.google.gson.functional.NullObjectAndFieldTest#testExplicitDeserializationOfNulls
Processing com.google.gson.functional.NullObjectAndFieldTest#testNullWrappedPrimitiveMemberDeserialization
Processing com.google.gson.functional.NullObjectAndFieldTest#testAbsentJsonElementsAreSetToNull
Processing com.google.gson.functional.NullObjectAndFieldTest#testExplicitNullSetsFieldToNullDuringDeserialization
Processing com.google.gson.functional.NullObjectAndFieldTest#testCustomTypeAdapterPassesNullDesrialization
Processing com.google.gson.functional.ObjectTest#testJsonInSingleQuotesDeserialization
Processing com.google.gson.functional.ObjectTest#testJsonInMixedQuotesDeserialization
Processing com.google.gson.functional.ObjectTest#testBagOfPrimitivesDeserialization
Processing com.google.gson.functional.ObjectTest#testBagOfPrimitiveWrappersDeserialization
Processing com.google.gson.functional.ObjectTest#testClassWithTransientFieldsDeserialization
Processing com.google.gson.functional.ObjectTest#testClassWithTransientFieldsDeserializationTransientFieldsPassedInJsonAreIgnored
Processing com.google.gson.functional.ObjectTest#testClassWithNoFieldsDeserialization
Processing com.google.gson.functional.ObjectTest#testNestedDeserialization
Processing com.google.gson.functional.ObjectTest#testEmptyStringDeserialization
Processing com.google.gson.functional.ObjectTest#testTruncatedDeserialization
Processing com.google.gson.functional.ObjectTest#testNullFieldsDeserialization
Processing com.google.gson.functional.ObjectTest#testArrayOfObjectsDeserialization
Processing com.google.gson.functional.ObjectTest#testArrayOfArraysDeserialization
Processing com.google.gson.functional.ObjectTest#testNullArraysDeserialization
Processing com.google.gson.functional.ObjectTest#testNullObjectFieldsDeserialization
Processing com.google.gson.functional.ObjectTest#testEmptyCollectionInAnObjectDeserialization
Processing com.google.gson.functional.ObjectTest#testPrimitiveArrayInAnObjectDeserialization
Processing com.google.gson.functional.ObjectTest#testNullPrimitiveFieldsDeserialization
Processing com.google.gson.functional.ObjectTest#testPrivateNoArgConstructorDeserialization
Processing com.google.gson.functional.ObjectTest#testInnerClassDeserialization
Processing com.google.gson.functional.ObjectTest#testObjectFieldNamesWithoutQuotesDeserialization
Processing com.google.gson.functional.ObjectTest#testStringFieldWithNumberValueDeserialization
Processing com.google.gson.functional.ObjectTest#testStringFieldWithEmptyValueDeserialization
Processing com.google.gson.functional.ObjectTest#testSingletonLists
Processing com.google.gson.functional.ParameterizedTypesTest#testParameterizedTypeDeserialization
Processing com.google.gson.functional.ParameterizedTypesTest#testTypesWithMultipleParametersDeserialization
Processing com.google.gson.functional.ParameterizedTypesTest#testParameterizedTypesWithCustomDeserializer
Processing com.google.gson.functional.ParameterizedTypesTest#testParameterizedTypeWithReaderDeserialization
Processing com.google.gson.functional.ParameterizedTypesTest#testVariableTypeFieldsAndGenericArraysDeserialization
Processing com.google.gson.functional.ParameterizedTypesTest#testVariableTypeDeserialization
Processing com.google.gson.functional.ParameterizedTypesTest#testVariableTypeArrayDeserialization
Processing com.google.gson.functional.ParameterizedTypesTest#testParameterizedTypeWithVariableTypeDeserialization
Processing com.google.gson.functional.ParameterizedTypesTest#testParameterizedTypeGenericArraysDeserialization
Processing com.google.gson.functional.ParameterizedTypesTest#testDeepParameterizedTypeDeserialization
Processing com.google.gson.functional.PrimitiveCharacterTest#testPrimitiveCharacterAutoboxedDeserialization
Processing com.google.gson.functional.PrimitiveTest#testPrimitiveIntegerAutoboxedDeserialization
Processing com.google.gson.functional.PrimitiveTest#testByteDeserialization
Processing com.google.gson.functional.PrimitiveTest#testReallyLongValuesDeserialization
Processing com.google.gson.functional.PrimitiveTest#testPrimitiveLongAutoboxedDeserialization
Processing com.google.gson.functional.PrimitiveTest#testBooleanDeserialization
Processing com.google.gson.functional.PrimitiveTest#testNumberDeserialization
Processing com.google.gson.functional.PrimitiveTest#testPrimitiveDoubleAutoboxedDeserialization
Processing com.google.gson.functional.PrimitiveTest#testDoubleAsStringRepresentationDeserialization
Processing com.google.gson.functional.PrimitiveTest#testDoubleNoFractAsStringRepresentationDeserialization
Processing com.google.gson.functional.PrimitiveTest#testLargeDoubleDeserialization
Processing com.google.gson.functional.PrimitiveTest#testBigDecimalDeserialization
Processing com.google.gson.functional.PrimitiveTest#testSmallValueForBigDecimalDeserialization
Processing com.google.gson.functional.PrimitiveTest#testBigDecimalPreservePrecisionDeserialization
Processing com.google.gson.functional.PrimitiveTest#testBigDecimalAsStringRepresentationDeserialization
Processing com.google.gson.functional.PrimitiveTest#testBigDecimalNoFractAsStringRepresentationDeserialization
Processing com.google.gson.functional.PrimitiveTest#testBigIntegerDeserialization
Processing com.google.gson.functional.PrimitiveTest#testSmallValueForBigIntegerDeserialization
Processing com.google.gson.functional.PrimitiveTest#testBadValueForBigIntegerDeserialization
Processing com.google.gson.functional.PrimitiveTest#testDoubleNaNDeserialization
Processing com.google.gson.functional.PrimitiveTest#testFloatNaNDeserialization
Processing com.google.gson.functional.PrimitiveTest#testBigDecimalNaNDeserializationNotSupported
Processing com.google.gson.functional.PrimitiveTest#testDoubleInfinityDeserialization
Processing com.google.gson.functional.PrimitiveTest#testFloatInfinityDeserialization
Processing com.google.gson.functional.PrimitiveTest#testBigDecimalInfinityDeserializationNotSupported
Processing com.google.gson.functional.PrimitiveTest#testNegativeInfinityDeserialization
Processing com.google.gson.functional.PrimitiveTest#testNegativeInfinityFloatDeserialization
Processing com.google.gson.functional.PrimitiveTest#testBigDecimalNegativeInfinityDeserializationNotSupported
Processing com.google.gson.functional.PrimitiveTest#testLongAsStringDeserialization
Processing com.google.gson.functional.PrimitiveTest#testQuotedStringSerializationAndDeserialization
Processing com.google.gson.functional.PrimitiveTest#testUnquotedStringDeserializationFails
Processing com.google.gson.functional.PrimitiveTest#testDeserializePrimitiveWrapperAsObjectField
Processing com.google.gson.functional.PrimitiveTest#testPrimitiveClassLiteral
Processing com.google.gson.functional.PrimitiveTest#testDeserializeJsonObjectAsLongPrimitive
Processing com.google.gson.functional.PrimitiveTest#testDeserializeJsonArrayAsLongWrapper
Processing com.google.gson.functional.PrimitiveTest#testDeserializeJsonArrayAsInt
Processing com.google.gson.functional.PrimitiveTest#testDeserializeJsonObjectAsInteger
Processing com.google.gson.functional.PrimitiveTest#testDeserializeJsonObjectAsShortPrimitive
Processing com.google.gson.functional.PrimitiveTest#testDeserializeJsonArrayAsShortWrapper
Processing com.google.gson.functional.PrimitiveTest#testDeserializeJsonArrayAsDoublePrimitive
Processing com.google.gson.functional.PrimitiveTest#testDeserializeJsonObjectAsDoubleWrapper
Processing com.google.gson.functional.PrimitiveTest#testDeserializeJsonObjectAsFloatPrimitive
Processing com.google.gson.functional.PrimitiveTest#testDeserializeJsonArrayAsFloatWrapper
Processing com.google.gson.functional.PrimitiveTest#testDeserializeJsonObjectAsBytePrimitive
Processing com.google.gson.functional.PrimitiveTest#testDeserializeJsonArrayAsByteWrapper
Processing com.google.gson.functional.PrimitiveTest#testDeserializeJsonObjectAsBooleanPrimitive
Processing com.google.gson.functional.PrimitiveTest#testDeserializeJsonArrayAsBooleanWrapper
Processing com.google.gson.functional.PrimitiveTest#testDeserializeJsonArrayAsBigDecimal
Processing com.google.gson.functional.PrimitiveTest#testDeserializeJsonObjectAsBigDecimal
Processing com.google.gson.functional.PrimitiveTest#testDeserializeJsonArrayAsBigInteger
Processing com.google.gson.functional.PrimitiveTest#testDeserializeJsonObjectAsBigInteger
Processing com.google.gson.functional.PrimitiveTest#testDeserializeJsonArrayAsNumber
Processing com.google.gson.functional.PrimitiveTest#testDeserializeJsonObjectAsNumber
Processing com.google.gson.functional.PrimitiveTest#testDeserializingDecimalPointValueZeroSucceeds
Processing com.google.gson.functional.PrimitiveTest#testDeserializingNonZeroDecimalPointValuesAsIntegerFails
Processing com.google.gson.functional.PrimitiveTest#testDeserializingBigDecimalAsIntegerFails
Processing com.google.gson.functional.PrimitiveTest#testDeserializingBigIntegerAsInteger
Processing com.google.gson.functional.PrimitiveTest#testDeserializingBigIntegerAsLong
Processing com.google.gson.functional.PrimitiveTest#testValueVeryCloseToZeroIsZero
Processing com.google.gson.functional.PrimitiveTest#testDeserializingBigDecimalAsFloat
Processing com.google.gson.functional.PrimitiveTest#testDeserializingBigDecimalAsDouble
Processing com.google.gson.functional.PrimitiveTest#testDeserializingBigDecimalAsBigIntegerFails
Processing com.google.gson.functional.PrimitiveTest#testDeserializingBigIntegerAsBigDecimal
Processing com.google.gson.functional.PrimitiveTest#testStringsAsBooleans
Processing com.google.gson.functional.ReadersWritersTest#testReaderForDeserialization
Processing com.google.gson.functional.ReadersWritersTest#testTopLevelNullObjectDeserializationWithReader
Processing com.google.gson.functional.ReadersWritersTest#testTopLevelNullObjectDeserializationWithReaderAndSerializeNulls
Processing com.google.gson.functional.ReadersWritersTest#testReadWriteTwoStrings
Processing com.google.gson.functional.ReadersWritersTest#testReadWriteTwoObjects
Processing com.google.gson.functional.ReadersWritersTest#testTypeMismatchThrowsJsonSyntaxExceptionForStrings
Processing com.google.gson.functional.ReadersWritersTest#testTypeMismatchThrowsJsonSyntaxExceptionForReaders
Processing com.google.gson.functional.SecurityTest#testNonExecutableJsonDeserialization
Processing com.google.gson.functional.SecurityTest#testJsonWithNonExectuableTokenWithRegularGsonDeserialization
Processing com.google.gson.functional.SecurityTest#testJsonWithNonExectuableTokenWithConfiguredGsonDeserialization
Processing com.google.gson.functional.StreamingTypeAdaptersTest#testNullSafe
Processing com.google.gson.functional.StringTest#testStringValueDeserialization
Processing com.google.gson.functional.StringTest#testSingleQuoteInStringSerialization
Processing com.google.gson.functional.StringTest#testEscapedCtrlNInStringDeserialization
Processing com.google.gson.functional.StringTest#testEscapedCtrlRInStringDeserialization
Processing com.google.gson.functional.StringTest#testEscapedBackslashInStringDeserialization
Processing com.google.gson.functional.StringTest#testSingleQuoteInStringDeserialization
Processing com.google.gson.functional.StringTest#testEscapingQuotesInStringSerialization
Processing com.google.gson.functional.StringTest#testEscapingQuotesInStringDeserialization
Processing com.google.gson.functional.StringTest#testStringWithEscapedSlashDeserialization
Processing com.google.gson.functional.StringTest#testAssignmentCharDeserialization
Processing com.google.gson.functional.StringTest#testJavascriptKeywordsInStringDeserialization
Processing com.google.gson.functional.TreeTypeAdaptersTest#testDeserializeId
Processing com.google.gson.functional.TypeAdapterPrecedenceTest#testNonstreamingFollowedByNonstreaming
Processing com.google.gson.functional.TypeAdapterPrecedenceTest#testStreamingFollowedByStreaming
Processing com.google.gson.functional.TypeAdapterPrecedenceTest#testSerializeNonstreamingTypeAdapterFollowedByStreamingTypeAdapter
Processing com.google.gson.functional.TypeAdapterPrecedenceTest#testStreamingFollowedByNonstreaming
Processing com.google.gson.functional.TypeAdapterPrecedenceTest#testStreamingHierarchicalFollowedByNonstreaming
Processing com.google.gson.functional.TypeAdapterPrecedenceTest#testStreamingFollowedByNonstreamingHierarchical
Processing com.google.gson.functional.TypeAdapterPrecedenceTest#testStreamingHierarchicalFollowedByNonstreamingHierarchical
Processing com.google.gson.functional.TypeAdapterPrecedenceTest#testNonstreamingHierarchicalFollowedByNonstreaming
Processing com.google.gson.functional.TypeHierarchyAdapterTest#testTypeHierarchy
Processing com.google.gson.functional.TypeHierarchyAdapterTest#testRegisterSuperTypeFirst
Processing com.google.gson.functional.TypeVariableTest#testAdvancedTypeVariables
Processing com.google.gson.functional.TypeVariableTest#testTypeVariablesViaTypeParameter
Processing com.google.gson.functional.TypeVariableTest#testBasicTypeVariables
Processing com.google.gson.functional.UncategorizedTest#testInvalidJsonDeserializationFails
Processing com.google.gson.functional.UncategorizedTest#testGsonInstanceReusableForSerializationAndDeserialization
Processing com.google.gson.functional.UncategorizedTest#testReturningDerivedClassesDuringDeserialization
Processing com.google.gson.functional.UncategorizedTest#testTrailingWhitespace
Processing com.google.gson.functional.VersioningTest#testVersionedUntilDeserialization
Processing com.google.gson.functional.VersioningTest#testVersionedClassesDeserialization
Processing com.google.gson.functional.VersioningTest#testIgnoreLaterVersionClassDeserialization
Processing com.google.gson.functional.VersioningTest#testVersionedGsonWithUnversionedClassesDeserialization
Processing com.google.gson.functional.VersioningTest#testVersionedGsonMixingSinceAndUntilDeserialization
Processing com.google.gson.CommentsTest#testParseComments
Processing com.google.gson.DefaultInetAddressTypeAdapterTest#testInetAddressSerializationAndDeserialization
Processing com.google.gson.GsonTypeAdapterTest#testDefaultTypeAdapterThrowsParseException
Processing com.google.gson.GsonTypeAdapterTest#testTypeAdapterThrowsException
Processing com.google.gson.GsonTypeAdapterTest#testTypeAdapterProperlyConvertsTypes
Processing com.google.gson.GsonTypeAdapterTest#testTypeAdapterDoesNotAffectNonAdaptedTypes
Processing com.google.gson.JavaSerializationTest#testMapIsSerializable
Processing com.google.gson.JavaSerializationTest#testListIsSerializable
Processing com.google.gson.JavaSerializationTest#testNumberIsSerializable
Processing com.google.gson.JsonParserTest#testReadWriteTwoObjects
Processing com.google.gson.MixedStreamTest#testReadMixedStreamed
Processing com.google.gson.MixedStreamTest#testReaderDoesNotMutateState
Processing com.google.gson.MixedStreamTest#testReadInvalidState
Processing com.google.gson.MixedStreamTest#testReadNulls
Processing com.google.gson.OverrideCoreTypeAdaptersTest#testOverrideWrapperBooleanAdapter
Processing com.google.gson.OverrideCoreTypeAdaptersTest#testOverridePrimitiveBooleanAdapter
Processing com.google.gson.OverrideCoreTypeAdaptersTest#testOverrideStringAdapter
[INFO] Printing com.google.gson.functional.InstanceCreatorTest to /tmp/v2/gson//src/test/java//com/google/gson/functional/InstanceCreatorTest.java
[INFO] Printing com.google.gson.functional.InstanceCreatorTest to /tmp/v2/gson//src/test/java//com/google/gson/functional/InstanceCreatorTest.java
[INFO] Printing com.google.gson.OverrideCoreTypeAdaptersTest to /tmp/v2/gson//src/test/java//com/google/gson/OverrideCoreTypeAdaptersTest.java
[INFO] Printing com.google.gson.OverrideCoreTypeAdaptersTest to /tmp/v2/gson//src/test/java//com/google/gson/OverrideCoreTypeAdaptersTest.java
[INFO] Printing com.google.gson.functional.CustomTypeAdaptersTest to /tmp/v2/gson//src/test/java//com/google/gson/functional/CustomTypeAdaptersTest.java
[INFO] Printing com.google.gson.CommentsTest to /tmp/v2/gson//src/test/java//com/google/gson/CommentsTest.java
[INFO] Printing com.google.gson.functional.CustomTypeAdaptersTest to /tmp/v2/gson//src/test/java//com/google/gson/functional/CustomTypeAdaptersTest.java
[INFO] Printing com.google.gson.MixedStreamTest to /tmp/v2/gson//src/test/java//com/google/gson/MixedStreamTest.java
[INFO] Printing com.google.gson.MixedStreamTest to /tmp/v2/gson//src/test/java//com/google/gson/MixedStreamTest.java
[INFO] Printing com.google.gson.functional.InterceptorTest to /tmp/v2/gson//src/test/java//com/google/gson/functional/InterceptorTest.java
[INFO] Printing com.google.gson.functional.InternationalizationTest to /tmp/v2/gson//src/test/java//com/google/gson/functional/InternationalizationTest.java
[INFO] Printing com.google.gson.JavaSerializationTest to /tmp/v2/gson//src/test/java//com/google/gson/JavaSerializationTest.java
[INFO] Printing com.google.gson.functional.InternationalizationTest to /tmp/v2/gson//src/test/java//com/google/gson/functional/InternationalizationTest.java
[INFO] Printing com.google.gson.JavaSerializationTest to /tmp/v2/gson//src/test/java//com/google/gson/JavaSerializationTest.java
[INFO] Printing com.google.gson.functional.StreamingTypeAdaptersTest to /tmp/v2/gson//src/test/java//com/google/gson/functional/StreamingTypeAdaptersTest.java
[INFO] Printing com.google.gson.functional.NullObjectAndFieldTest to /tmp/v2/gson//src/test/java//com/google/gson/functional/NullObjectAndFieldTest.java
[INFO] Printing com.google.gson.functional.NullObjectAndFieldTest to /tmp/v2/gson//src/test/java//com/google/gson/functional/NullObjectAndFieldTest.java
[INFO] Printing com.google.gson.functional.UncategorizedTest to /tmp/v2/gson//src/test/java//com/google/gson/functional/UncategorizedTest.java
[INFO] Printing com.google.gson.functional.UncategorizedTest to /tmp/v2/gson//src/test/java//com/google/gson/functional/UncategorizedTest.java
[INFO] Printing com.google.gson.functional.TreeTypeAdaptersTest to /tmp/v2/gson//src/test/java//com/google/gson/functional/TreeTypeAdaptersTest.java
[INFO] Printing com.google.gson.functional.TypeHierarchyAdapterTest to /tmp/v2/gson//src/test/java//com/google/gson/functional/TypeHierarchyAdapterTest.java
[INFO] Printing com.google.gson.functional.TypeHierarchyAdapterTest to /tmp/v2/gson//src/test/java//com/google/gson/functional/TypeHierarchyAdapterTest.java
[INFO] Printing com.google.gson.functional.ParameterizedTypesTest to /tmp/v2/gson//src/test/java//com/google/gson/functional/ParameterizedTypesTest.java
[INFO] Printing com.google.gson.functional.ParameterizedTypesTest to /tmp/v2/gson//src/test/java//com/google/gson/functional/ParameterizedTypesTest.java
[INFO] Printing com.google.gson.functional.DefaultTypeAdaptersTest to /tmp/v2/gson//src/test/java//com/google/gson/functional/DefaultTypeAdaptersTest.java
[INFO] Printing com.google.gson.functional.DefaultTypeAdaptersTest to /tmp/v2/gson//src/test/java//com/google/gson/functional/DefaultTypeAdaptersTest.java
[INFO] Printing com.google.gson.functional.CircularReferenceTest to /tmp/v2/gson//src/test/java//com/google/gson/functional/CircularReferenceTest.java
[INFO] Printing com.google.gson.functional.DelegateTypeAdapterTest to /tmp/v2/gson//src/test/java//com/google/gson/functional/DelegateTypeAdapterTest.java
[INFO] Printing com.google.gson.functional.DelegateTypeAdapterTest to /tmp/v2/gson//src/test/java//com/google/gson/functional/DelegateTypeAdapterTest.java
[INFO] Printing com.google.gson.functional.ExclusionStrategyFunctionalTest to /tmp/v2/gson//src/test/java//com/google/gson/functional/ExclusionStrategyFunctionalTest.java
[INFO] Printing com.google.gson.functional.ExclusionStrategyFunctionalTest to /tmp/v2/gson//src/test/java//com/google/gson/functional/ExclusionStrategyFunctionalTest.java
[INFO] Printing com.google.gson.functional.TypeAdapterPrecedenceTest to /tmp/v2/gson//src/test/java//com/google/gson/functional/TypeAdapterPrecedenceTest.java
[INFO] Printing com.google.gson.functional.TypeAdapterPrecedenceTest to /tmp/v2/gson//src/test/java//com/google/gson/functional/TypeAdapterPrecedenceTest.java
[INFO] Printing com.google.gson.functional.EnumTest to /tmp/v2/gson//src/test/java//com/google/gson/functional/EnumTest.java
[INFO] Printing com.google.gson.functional.ExposeFieldsTest to /tmp/v2/gson//src/test/java//com/google/gson/functional/ExposeFieldsTest.java
[INFO] Printing com.google.gson.functional.EnumTest to /tmp/v2/gson//src/test/java//com/google/gson/functional/EnumTest.java
[INFO] Printing com.google.gson.functional.ExposeFieldsTest to /tmp/v2/gson//src/test/java//com/google/gson/functional/ExposeFieldsTest.java
[INFO] Printing com.google.gson.functional.EscapingTest to /tmp/v2/gson//src/test/java//com/google/gson/functional/EscapingTest.java
[INFO] Printing com.google.gson.functional.EscapingTest to /tmp/v2/gson//src/test/java//com/google/gson/functional/EscapingTest.java
[INFO] Printing com.google.gson.functional.CollectionTest to /tmp/v2/gson//src/test/java//com/google/gson/functional/CollectionTest.java
[INFO] Printing com.google.gson.functional.CollectionTest to /tmp/v2/gson//src/test/java//com/google/gson/functional/CollectionTest.java
[INFO] Printing com.google.gson.functional.MapAsArrayTypeAdapterTest to /tmp/v2/gson//src/test/java//com/google/gson/functional/MapAsArrayTypeAdapterTest.java
[INFO] Printing com.google.gson.functional.MapAsArrayTypeAdapterTest to /tmp/v2/gson//src/test/java//com/google/gson/functional/MapAsArrayTypeAdapterTest.java
[INFO] Printing com.google.gson.functional.PrimitiveTest to /tmp/v2/gson//src/test/java//com/google/gson/functional/PrimitiveTest.java
[INFO] Printing com.google.gson.functional.PrimitiveTest to /tmp/v2/gson//src/test/java//com/google/gson/functional/PrimitiveTest.java
[INFO] Printing com.google.gson.functional.ReadersWritersTest to /tmp/v2/gson//src/test/java//com/google/gson/functional/ReadersWritersTest.java
[INFO] Printing com.google.gson.functional.ReadersWritersTest to /tmp/v2/gson//src/test/java//com/google/gson/functional/ReadersWritersTest.java
[INFO] Printing com.google.gson.functional.CustomDeserializerTest to /tmp/v2/gson//src/test/java//com/google/gson/functional/CustomDeserializerTest.java
[INFO] Printing com.google.gson.functional.CustomDeserializerTest to /tmp/v2/gson//src/test/java//com/google/gson/functional/CustomDeserializerTest.java
[INFO] Printing com.google.gson.functional.NamingPolicyTest to /tmp/v2/gson//src/test/java//com/google/gson/functional/NamingPolicyTest.java
[INFO] Printing com.google.gson.functional.NamingPolicyTest to /tmp/v2/gson//src/test/java//com/google/gson/functional/NamingPolicyTest.java
[INFO] Printing com.google.gson.functional.InheritanceTest to /tmp/v2/gson//src/test/java//com/google/gson/functional/InheritanceTest.java
[INFO] Printing com.google.gson.functional.VersioningTest to /tmp/v2/gson//src/test/java//com/google/gson/functional/VersioningTest.java
[INFO] Printing com.google.gson.functional.InheritanceTest to /tmp/v2/gson//src/test/java//com/google/gson/functional/InheritanceTest.java
[INFO] Printing com.google.gson.functional.VersioningTest to /tmp/v2/gson//src/test/java//com/google/gson/functional/VersioningTest.java
[INFO] Printing com.google.gson.GsonTypeAdapterTest to /tmp/v2/gson//src/test/java//com/google/gson/GsonTypeAdapterTest.java
[INFO] Printing com.google.gson.GsonTypeAdapterTest to /tmp/v2/gson//src/test/java//com/google/gson/GsonTypeAdapterTest.java
[INFO] Printing com.google.gson.functional.PrimitiveCharacterTest to /tmp/v2/gson//src/test/java//com/google/gson/functional/PrimitiveCharacterTest.java
[INFO] Printing com.google.gson.functional.SecurityTest to /tmp/v2/gson//src/test/java//com/google/gson/functional/SecurityTest.java
[INFO] Printing com.google.gson.functional.SecurityTest to /tmp/v2/gson//src/test/java//com/google/gson/functional/SecurityTest.java
[INFO] Printing com.google.gson.functional.JsonParserTest to /tmp/v2/gson//src/test/java//com/google/gson/functional/JsonParserTest.java
[INFO] Printing com.google.gson.JsonParserTest to /tmp/v2/gson//src/test/java//com/google/gson/JsonParserTest.java
[INFO] Printing com.google.gson.functional.JsonParserTest to /tmp/v2/gson//src/test/java//com/google/gson/functional/JsonParserTest.java
[INFO] Printing com.google.gson.functional.ConcurrencyTest to /tmp/v2/gson//src/test/java//com/google/gson/functional/ConcurrencyTest.java
[INFO] Printing com.google.gson.functional.ConcurrencyTest to /tmp/v2/gson//src/test/java//com/google/gson/functional/ConcurrencyTest.java
[INFO] Printing com.google.gson.functional.StringTest to /tmp/v2/gson//src/test/java//com/google/gson/functional/StringTest.java
[INFO] Printing com.google.gson.functional.StringTest to /tmp/v2/gson//src/test/java//com/google/gson/functional/StringTest.java
[INFO] Printing com.google.gson.functional.ArrayTest to /tmp/v2/gson//src/test/java//com/google/gson/functional/ArrayTest.java
[INFO] Printing com.google.gson.functional.ArrayTest to /tmp/v2/gson//src/test/java//com/google/gson/functional/ArrayTest.java
[INFO] Printing com.google.gson.DefaultInetAddressTypeAdapterTest to /tmp/v2/gson//src/test/java//com/google/gson/DefaultInetAddressTypeAdapterTest.java
[INFO] Printing com.google.gson.functional.TypeVariableTest to /tmp/v2/gson//src/test/java//com/google/gson/functional/TypeVariableTest.java
[INFO] Printing com.google.gson.functional.TypeVariableTest to /tmp/v2/gson//src/test/java//com/google/gson/functional/TypeVariableTest.java
[INFO] Printing com.google.gson.functional.MapTest to /tmp/v2/gson//src/test/java//com/google/gson/functional/MapTest.java
[INFO] Printing com.google.gson.functional.MapTest to /tmp/v2/gson//src/test/java//com/google/gson/functional/MapTest.java
[INFO] Printing com.google.gson.functional.ObjectTest to /tmp/v2/gson//src/test/java//com/google/gson/functional/ObjectTest.java
[INFO] Printing com.google.gson.functional.ObjectTest to /tmp/v2/gson//src/test/java//com/google/gson/functional/ObjectTest.java
[INFO] Injecting JUnit-Jjoules in /tmp/v2/gson//pom.xml
[INFO] Output new POM file in /tmp/v2/gson//pom.xml
[INFO] ------------------------------------------------------------------------
[INFO] BUILD SUCCESS
[INFO] ------------------------------------------------------------------------
[INFO] Total time:  15.321 s
[INFO] Finished at: 2021-01-05T10:21:26+01:00
[INFO] ------------------------------------------------------------------------
