[INFO] Scanning for projects...
[INFO] 
[INFO] -----------------------< commons-io:commons-io >------------------------
[INFO] Building Apache Commons IO 2.9.0-SNAPSHOT
[INFO] --------------------------------[ jar ]---------------------------------
[INFO] 
[INFO] --- maven-clean-plugin:3.1.0:clean (default-clean) @ commons-io ---
[INFO] Deleting /tmp/v1/target
[INFO] 
[INFO] --- maven-enforcer-plugin:3.0.0-M3:enforce (enforce-maven-version) @ commons-io ---
[INFO] 
[INFO] --- maven-enforcer-plugin:3.0.0-M3:enforce (enforce-maven-3) @ commons-io ---
[INFO] 
[INFO] --- maven-enforcer-plugin:3.0.0-M3:enforce (enforce-maven) @ commons-io ---
[INFO] 
[INFO] --- apache-rat-plugin:0.13:check (rat-check) @ commons-io ---
[INFO] RAT will not execute since it is configured to be skipped via system property 'rat.skip'.
[INFO] 
[INFO] --- build-helper-maven-plugin:3.2.0:parse-version (parse-version) @ commons-io ---
[INFO] 
[INFO] --- maven-antrun-plugin:1.8:run (javadoc.resources) @ commons-io ---
[INFO] Executing tasks

main:
     [copy] Copying 2 files to /tmp/v1/target/apidocs/META-INF
[INFO] Executed tasks
[INFO] 
[INFO] --- maven-remote-resources-plugin:1.7.0:process (process-resource-bundles) @ commons-io ---
[INFO] Skipping remote resources execution.
[INFO] 
[INFO] --- buildnumber-maven-plugin:1.4:create (default) @ commons-io ---
[INFO] Executing: /bin/sh -c cd '/tmp/v1' && 'git' 'rev-parse' '--verify' 'HEAD'
[INFO] Working directory: /tmp/v1
[INFO] Storing buildNumber: 5438a65e434f85e61bb90b4cb507a3c6bd6d2594 at timestamp: 1608983680284
[INFO] Storing buildScmBranch: master
[INFO] 
[INFO] --- maven-resources-plugin:3.1.0:resources (default-resources) @ commons-io ---
[INFO] Using 'iso-8859-1' encoding to copy filtered resources.
[INFO] skip non existing resourceDirectory /tmp/v1/src/main/resources
[INFO] Copying 2 resources to META-INF
[INFO] 
[INFO] --- maven-compiler-plugin:3.8.1:compile (default-compile) @ commons-io ---
[INFO] Changes detected - recompiling the module!
[INFO] Compiling 169 source files to /tmp/v1/target/classes
[INFO] /tmp/v1/src/main/java/org/apache/commons/io/input/ClassLoaderObjectInputStream.java: Some input files use or override a deprecated API.
[INFO] /tmp/v1/src/main/java/org/apache/commons/io/input/ClassLoaderObjectInputStream.java: Recompile with -Xlint:deprecation for details.
[INFO] /tmp/v1/src/main/java/org/apache/commons/io/IOExceptionList.java: /tmp/v1/src/main/java/org/apache/commons/io/IOExceptionList.java uses unchecked or unsafe operations.
[INFO] /tmp/v1/src/main/java/org/apache/commons/io/IOExceptionList.java: Recompile with -Xlint:unchecked for details.
[INFO] 
[INFO] --- maven-bundle-plugin:5.1.1:manifest (bundle-manifest) @ commons-io ---
[INFO] 
[INFO] --- maven-resources-plugin:3.1.0:testResources (default-testResources) @ commons-io ---
[INFO] Using 'iso-8859-1' encoding to copy filtered resources.
[INFO] Copying 50 resources
[INFO] Copying 2 resources to META-INF
[INFO] 
[INFO] --- maven-compiler-plugin:3.8.1:testCompile (default-testCompile) @ commons-io ---
[INFO] Changes detected - recompiling the module!
[INFO] Compiling 169 source files to /tmp/v1/target/test-classes
[INFO] /tmp/v1/src/test/java/org/apache/commons/io/filefilter/FileFilterTestCase.java: /tmp/v1/src/test/java/org/apache/commons/io/filefilter/FileFilterTestCase.java uses unchecked or unsafe operations.
[INFO] /tmp/v1/src/test/java/org/apache/commons/io/filefilter/FileFilterTestCase.java: Recompile with -Xlint:unchecked for details.
[INFO] 
[INFO] --- animal-sniffer-maven-plugin:1.19:check (checkAPIcompatibility) @ commons-io ---
[INFO] Signature checking is skipped.
[INFO] 
[INFO] --- jacoco-maven-plugin:0.8.6:prepare-agent (prepare-agent) @ commons-io ---
[INFO] Skipping JaCoCo execution because property jacoco.skip is set.
[INFO] argLine set to empty
[INFO] 
[INFO] --- maven-surefire-plugin:2.22.2:test (default-test) @ commons-io ---
[INFO] Tests are skipped.
[INFO] 
[INFO] --- maven-dependency-plugin:3.1.1:build-classpath (default-cli) @ commons-io ---
[INFO] Skipped writing classpath file '/tmp/v1/classpath'.  No changes found.
[INFO] 
[INFO] --- diff-jjoules:0.0.1-SNAPSHOT:instrument (default-cli) @ commons-io ---
[INFO] Running on:
[INFO] /tmp/v1
[INFO] /tmp/v2/
[INFO] Configuration{pathToFirstVersion='/tmp/v1', pathToSecondVersion='/tmp/v2/', pathToTestListAsCSV='/tmp/v1/testsThatExecuteTheChange.csv', classpath=[/home/spino/.m2/repository/org/junit/jupiter/junit-jupiter/5.7.0/junit-jupiter-5.7.0.jar, /home/spino/.m2/repository/org/junit/jupiter/junit-jupiter-api/5.7.0/junit-jupiter-api-5.7.0.jar, /home/spino/.m2/repository/org/opentest4j/opentest4j/1.2.0/opentest4j-1.2.0.jar, /home/spino/.m2/repository/org/junit/jupiter/junit-jupiter-engine/5.7.0/junit-jupiter-engine-5.7.0.jar, /home/spino/.m2/repository/org/junit/platform/junit-platform-engine/1.7.0/junit-platform-engine-1.7.0.jar, /home/spino/.m2/repository/org/junit/platform/junit-platform-commons/1.7.0/junit-platform-commons-1.7.0.jar, /home/spino/.m2/repository/org/apiguardian/apiguardian-api/1.1.0/apiguardian-api-1.1.0.jar, /home/spino/.m2/repository/org/junit-pioneer/junit-pioneer/1.0.0/junit-pioneer-1.0.0.jar, /home/spino/.m2/repository/org/junit/jupiter/junit-jupiter-params/5.7.0/junit-jupiter-params-5.7.0.jar, /home/spino/.m2/repository/org/mockito/mockito-core/3.5.13/mockito-core-3.5.13.jar, /home/spino/.m2/repository/net/bytebuddy/byte-buddy/1.10.15/byte-buddy-1.10.15.jar, /home/spino/.m2/repository/net/bytebuddy/byte-buddy-agent/1.10.15/byte-buddy-agent-1.10.15.jar, /home/spino/.m2/repository/org/objenesis/objenesis/3.1/objenesis-3.1.jar, /home/spino/.m2/repository/com/google/jimfs/jimfs/1.1/jimfs-1.1.jar, /home/spino/.m2/repository/com/google/guava/guava/18.0/guava-18.0.jar, /home/spino/.m2/repository/org/apache/commons/commons-lang3/3.11/commons-lang3-3.11.jar], junit4=false}
[INFO] org.apache.commons.io.file.PathUtilsVisitorTest:[[1] org.apache.commons.io.file.AccumulatorPathVisitorTest$$Lambda$313/0x0000000100185c40@2892dae4, [2] org.apache.commons.io.file.AccumulatorPathVisitorTest$$Lambda$315/0x0000000100187c40@58cbafc2, [2] org.apache.commons.io.file.AccumulatorPathVisitorTest$$Lambda$315/0x0000000100187c40@3b0fe47a]
org.apache.commons.io.DirectoryWalkerTestCase:[testFilterDirAndFile3, testFilterDirAndFile1, testFilterDirAndFile4]
org.apache.commons.io.filefilter.FileFilterTestCase:[testSuffix, testOr, testFilterArray_PathVisitorFileFilter_FileExistsNo, testNameFilter, testWildcard, testFiles, testSizeFilterOnFiles, testHidden, testCanRead, testEmpty, testSizeFilterOnPaths, testAgeFilter, testDirectory, testAnd, testCanWrite, testMagicNumberFileFilterBytes, testFilterArray_PathVisitorFileFilter_FileExistsYes, testDeprecatedWildcard, testMakeFileOnly, testMakeDirectoryOnly, testPrefix]
org.apache.commons.io.FileUtilsListFilesTestCase:[testListFilesByExtension, testListFiles, testIterateFilesByExtension]
org.apache.commons.io.FileUtilsTestCase:[testListFilesWithDirs, testListFiles, testIterateFilesAndDirs, testIterateFiles]
org.apache.commons.io.file.AccumulatorPathVisitorTest:[[1] org.apache.commons.io.file.AccumulatorPathVisitorTest$$Lambda$313/0x0000000100185c40@40cb8df7, [2] org.apache.commons.io.file.AccumulatorPathVisitorTest$$Lambda$315/0x0000000100187c40@793f29ff]
org.apache.commons.io.monitor.FileAlterationObserverTestCase:[testToString]
org.apache.commons.io.filefilter.NameFileFilterTest:[testJavadocExampleUsingNio, testNoCounting]
org.apache.commons.io.filefilter.RegexFileFilterTestCase:[testRegex]
org.apache.commons.io.filefilter.AndFileFilterTestCase:[testFilterBuiltUsingAdd, testAdd]
org.apache.commons.io.filefilter.OrFileFilterTestCase:[testFilterBuiltUsingAdd, testAdd]
org.apache.commons.io.filefilter.DirectoryStreamFilterTest:[testFilterByNameNot, testFilterByName]
org.apache.commons.io.DirectoryWalkerTestCaseJava4:[testFilterDirAndFile3, testFilterDirAndFile1, testFilterDirAndFile4]
[INFO] Instrument version before commit...
[INFO] Run on /tmp/v1
[INFO] Running in NOCLASSPATH mode (doc: http://spoon.gforge.inria.fr/launcher.html).
[INFO] fr.davidson.diff.jjoules.process.junit5.JJoulesProcessor
Processing org.apache.commons.io.filefilter.ConditionalFileFilterAbstractTestCase#testAdd
Processing org.apache.commons.io.filefilter.ConditionalFileFilterAbstractTestCase#testFilterBuiltUsingAdd
Processing org.apache.commons.io.filefilter.DirectoryStreamFilterTest#testFilterByName
Processing org.apache.commons.io.filefilter.DirectoryStreamFilterTest#testFilterByNameNot
Processing org.apache.commons.io.filefilter.FileFilterTestCase#testSuffix
Processing org.apache.commons.io.filefilter.FileFilterTestCase#testDirectory
Processing org.apache.commons.io.filefilter.FileFilterTestCase#testFiles
Processing org.apache.commons.io.filefilter.FileFilterTestCase#testPrefix
Processing org.apache.commons.io.filefilter.FileFilterTestCase#testNameFilter
Processing org.apache.commons.io.filefilter.FileFilterTestCase#testAnd
Processing org.apache.commons.io.filefilter.FileFilterTestCase#testOr
Processing org.apache.commons.io.filefilter.FileFilterTestCase#testDeprecatedWildcard
Processing org.apache.commons.io.filefilter.FileFilterTestCase#testWildcard
Processing org.apache.commons.io.filefilter.FileFilterTestCase#testAgeFilter
Processing org.apache.commons.io.filefilter.FileFilterTestCase#testSizeFilterOnFiles
Processing org.apache.commons.io.filefilter.FileFilterTestCase#testSizeFilterOnPaths
Processing org.apache.commons.io.filefilter.FileFilterTestCase#testHidden
Processing org.apache.commons.io.filefilter.FileFilterTestCase#testCanRead
Processing org.apache.commons.io.filefilter.FileFilterTestCase#testCanWrite
Processing org.apache.commons.io.filefilter.FileFilterTestCase#testEmpty
Processing org.apache.commons.io.filefilter.FileFilterTestCase#testMakeDirectoryOnly
Processing org.apache.commons.io.filefilter.FileFilterTestCase#testMakeFileOnly
Processing org.apache.commons.io.filefilter.FileFilterTestCase#testMagicNumberFileFilterBytes
Processing org.apache.commons.io.filefilter.FileFilterTestCase#testFilterArray_PathVisitorFileFilter_FileExistsNo
Processing org.apache.commons.io.filefilter.FileFilterTestCase#testFilterArray_PathVisitorFileFilter_FileExistsYes
Processing org.apache.commons.io.filefilter.NameFileFilterTest#testJavadocExampleUsingNio
Processing org.apache.commons.io.filefilter.NameFileFilterTest#testNoCounting
Processing org.apache.commons.io.filefilter.RegexFileFilterTestCase#testRegex
Processing org.apache.commons.io.monitor.FileAlterationObserverTestCase#testToString
Processing org.apache.commons.io.DirectoryWalkerTestCase#testFilterDirAndFile1
Processing org.apache.commons.io.DirectoryWalkerTestCase#testFilterDirAndFile3
Processing org.apache.commons.io.DirectoryWalkerTestCase#testFilterDirAndFile4
Processing org.apache.commons.io.DirectoryWalkerTestCaseJava4#testFilterDirAndFile1
Processing org.apache.commons.io.DirectoryWalkerTestCaseJava4#testFilterDirAndFile3
Processing org.apache.commons.io.DirectoryWalkerTestCaseJava4#testFilterDirAndFile4
Processing org.apache.commons.io.FileUtilsListFilesTestCase#testIterateFilesByExtension
Processing org.apache.commons.io.FileUtilsListFilesTestCase#testListFilesByExtension
Processing org.apache.commons.io.FileUtilsListFilesTestCase#testListFiles
Processing org.apache.commons.io.FileUtilsTestCase#testListFiles
Processing org.apache.commons.io.FileUtilsTestCase#testListFilesWithDirs
Processing org.apache.commons.io.FileUtilsTestCase#testIterateFiles
Processing org.apache.commons.io.FileUtilsTestCase#testIterateFilesAndDirs
[INFO] Printing org.apache.commons.io.filefilter.DirectoryStreamFilterTest to /tmp/v1/src/test/java//org/apache/commons/io/filefilter/DirectoryStreamFilterTest.java
[INFO] Printing org.apache.commons.io.DirectoryWalkerTestCase to /tmp/v1/src/test/java//org/apache/commons/io/DirectoryWalkerTestCase.java
[INFO] Printing org.apache.commons.io.FileUtilsListFilesTestCase to /tmp/v1/src/test/java//org/apache/commons/io/FileUtilsListFilesTestCase.java
[INFO] Printing org.apache.commons.io.filefilter.ConditionalFileFilterAbstractTestCase to /tmp/v1/src/test/java//org/apache/commons/io/filefilter/ConditionalFileFilterAbstractTestCase.java
[INFO] Printing org.apache.commons.io.filefilter.NameFileFilterTest to /tmp/v1/src/test/java//org/apache/commons/io/filefilter/NameFileFilterTest.java
[INFO] Printing org.apache.commons.io.DirectoryWalkerTestCaseJava4 to /tmp/v1/src/test/java//org/apache/commons/io/DirectoryWalkerTestCaseJava4.java
[INFO] Printing org.apache.commons.io.filefilter.FileFilterTestCase to /tmp/v1/src/test/java//org/apache/commons/io/filefilter/FileFilterTestCase.java
[INFO] Printing org.apache.commons.io.filefilter.RegexFileFilterTestCase to /tmp/v1/src/test/java//org/apache/commons/io/filefilter/RegexFileFilterTestCase.java
[INFO] Printing org.apache.commons.io.monitor.FileAlterationObserverTestCase to /tmp/v1/src/test/java//org/apache/commons/io/monitor/FileAlterationObserverTestCase.java
[INFO] Printing org.apache.commons.io.FileUtilsTestCase to /tmp/v1/src/test/java//org/apache/commons/io/FileUtilsTestCase.java
[INFO] Injecting JUnit-Jjoules in /tmp/v1/pom.xml
[INFO] Output new POM file in /tmp/v1/pom.xml
[INFO] Instrument version after commit...
[INFO] Run on /tmp/v2/
[INFO] Running in NOCLASSPATH mode (doc: http://spoon.gforge.inria.fr/launcher.html).
[INFO] fr.davidson.diff.jjoules.process.junit5.JJoulesProcessor
Processing org.apache.commons.io.filefilter.ConditionalFileFilterAbstractTestCase#testAdd
Processing org.apache.commons.io.filefilter.ConditionalFileFilterAbstractTestCase#testFilterBuiltUsingAdd
Processing org.apache.commons.io.filefilter.DirectoryStreamFilterTest#testFilterByName
Processing org.apache.commons.io.filefilter.DirectoryStreamFilterTest#testFilterByNameNot
Processing org.apache.commons.io.filefilter.FileFilterTestCase#testSuffix
Processing org.apache.commons.io.filefilter.FileFilterTestCase#testDirectory
Processing org.apache.commons.io.filefilter.FileFilterTestCase#testFiles
Processing org.apache.commons.io.filefilter.FileFilterTestCase#testPrefix
Processing org.apache.commons.io.filefilter.FileFilterTestCase#testNameFilter
Processing org.apache.commons.io.filefilter.FileFilterTestCase#testAnd
Processing org.apache.commons.io.filefilter.FileFilterTestCase#testOr
Processing org.apache.commons.io.filefilter.FileFilterTestCase#testDeprecatedWildcard
Processing org.apache.commons.io.filefilter.FileFilterTestCase#testWildcard
Processing org.apache.commons.io.filefilter.FileFilterTestCase#testAgeFilter
Processing org.apache.commons.io.filefilter.FileFilterTestCase#testSizeFilterOnFiles
Processing org.apache.commons.io.filefilter.FileFilterTestCase#testSizeFilterOnPaths
Processing org.apache.commons.io.filefilter.FileFilterTestCase#testHidden
Processing org.apache.commons.io.filefilter.FileFilterTestCase#testCanRead
Processing org.apache.commons.io.filefilter.FileFilterTestCase#testCanWrite
Processing org.apache.commons.io.filefilter.FileFilterTestCase#testEmpty
Processing org.apache.commons.io.filefilter.FileFilterTestCase#testMakeDirectoryOnly
Processing org.apache.commons.io.filefilter.FileFilterTestCase#testMakeFileOnly
Processing org.apache.commons.io.filefilter.FileFilterTestCase#testMagicNumberFileFilterBytes
Processing org.apache.commons.io.filefilter.FileFilterTestCase#testFilterArray_PathVisitorFileFilter_FileExistsNo
Processing org.apache.commons.io.filefilter.FileFilterTestCase#testFilterArray_PathVisitorFileFilter_FileExistsYes
Processing org.apache.commons.io.filefilter.NameFileFilterTest#testJavadocExampleUsingNio
Processing org.apache.commons.io.filefilter.NameFileFilterTest#testNoCounting
Processing org.apache.commons.io.filefilter.RegexFileFilterTestCase#testRegex
Processing org.apache.commons.io.monitor.FileAlterationObserverTestCase#testToString
Processing org.apache.commons.io.DirectoryWalkerTestCase#testFilterDirAndFile1
Processing org.apache.commons.io.DirectoryWalkerTestCase#testFilterDirAndFile3
Processing org.apache.commons.io.DirectoryWalkerTestCase#testFilterDirAndFile4
Processing org.apache.commons.io.DirectoryWalkerTestCaseJava4#testFilterDirAndFile1
Processing org.apache.commons.io.DirectoryWalkerTestCaseJava4#testFilterDirAndFile3
Processing org.apache.commons.io.DirectoryWalkerTestCaseJava4#testFilterDirAndFile4
Processing org.apache.commons.io.FileUtilsListFilesTestCase#testIterateFilesByExtension
Processing org.apache.commons.io.FileUtilsListFilesTestCase#testListFilesByExtension
Processing org.apache.commons.io.FileUtilsListFilesTestCase#testListFiles
Processing org.apache.commons.io.FileUtilsTestCase#testListFiles
Processing org.apache.commons.io.FileUtilsTestCase#testListFilesWithDirs
Processing org.apache.commons.io.FileUtilsTestCase#testIterateFiles
Processing org.apache.commons.io.FileUtilsTestCase#testIterateFilesAndDirs
[INFO] Printing org.apache.commons.io.DirectoryWalkerTestCase to /tmp/v2//src/test/java//org/apache/commons/io/DirectoryWalkerTestCase.java
[INFO] Printing org.apache.commons.io.FileUtilsListFilesTestCase to /tmp/v2//src/test/java//org/apache/commons/io/FileUtilsListFilesTestCase.java
[INFO] Printing org.apache.commons.io.DirectoryWalkerTestCase to /tmp/v2//src/test/java//org/apache/commons/io/DirectoryWalkerTestCase.java
[INFO] Printing org.apache.commons.io.FileUtilsListFilesTestCase to /tmp/v2//src/test/java//org/apache/commons/io/FileUtilsListFilesTestCase.java
[INFO] Printing org.apache.commons.io.DirectoryWalkerTestCaseJava4 to /tmp/v2//src/test/java//org/apache/commons/io/DirectoryWalkerTestCaseJava4.java
[INFO] Printing org.apache.commons.io.DirectoryWalkerTestCaseJava4 to /tmp/v2//src/test/java//org/apache/commons/io/DirectoryWalkerTestCaseJava4.java
[INFO] Printing org.apache.commons.io.filefilter.RegexFileFilterTestCase to /tmp/v2//src/test/java//org/apache/commons/io/filefilter/RegexFileFilterTestCase.java
[INFO] Printing org.apache.commons.io.filefilter.RegexFileFilterTestCase to /tmp/v2//src/test/java//org/apache/commons/io/filefilter/RegexFileFilterTestCase.java
[INFO] Printing org.apache.commons.io.monitor.FileAlterationObserverTestCase to /tmp/v2//src/test/java//org/apache/commons/io/monitor/FileAlterationObserverTestCase.java
[INFO] Printing org.apache.commons.io.FileUtilsTestCase to /tmp/v2//src/test/java//org/apache/commons/io/FileUtilsTestCase.java
[INFO] Printing org.apache.commons.io.FileUtilsTestCase to /tmp/v2//src/test/java//org/apache/commons/io/FileUtilsTestCase.java
[INFO] Printing org.apache.commons.io.filefilter.DirectoryStreamFilterTest to /tmp/v2//src/test/java//org/apache/commons/io/filefilter/DirectoryStreamFilterTest.java
[INFO] Printing org.apache.commons.io.filefilter.DirectoryStreamFilterTest to /tmp/v2//src/test/java//org/apache/commons/io/filefilter/DirectoryStreamFilterTest.java
[INFO] Printing org.apache.commons.io.filefilter.ConditionalFileFilterAbstractTestCase to /tmp/v2//src/test/java//org/apache/commons/io/filefilter/ConditionalFileFilterAbstractTestCase.java
[INFO] Printing org.apache.commons.io.filefilter.ConditionalFileFilterAbstractTestCase to /tmp/v2//src/test/java//org/apache/commons/io/filefilter/ConditionalFileFilterAbstractTestCase.java
[INFO] Printing org.apache.commons.io.filefilter.NameFileFilterTest to /tmp/v2//src/test/java//org/apache/commons/io/filefilter/NameFileFilterTest.java
[INFO] Printing org.apache.commons.io.filefilter.NameFileFilterTest to /tmp/v2//src/test/java//org/apache/commons/io/filefilter/NameFileFilterTest.java
[INFO] Printing org.apache.commons.io.filefilter.FileFilterTestCase to /tmp/v2//src/test/java//org/apache/commons/io/filefilter/FileFilterTestCase.java
[INFO] Printing org.apache.commons.io.filefilter.FileFilterTestCase to /tmp/v2//src/test/java//org/apache/commons/io/filefilter/FileFilterTestCase.java
[INFO] Injecting JUnit-Jjoules in /tmp/v2//pom.xml
[INFO] Output new POM file in /tmp/v2//pom.xml
[INFO] ------------------------------------------------------------------------
[INFO] BUILD SUCCESS
[INFO] ------------------------------------------------------------------------
[INFO] Total time:  21.788 s
[INFO] Finished at: 2020-12-26T12:55:00+01:00
[INFO] ------------------------------------------------------------------------
