[INFO] Scanning for projects...
[INFO] 
[INFO] ---------------------< com.google.code.gson:gson >----------------------
[INFO] Building Gson 2.6.3-SNAPSHOT
[INFO] --------------------------------[ jar ]---------------------------------
[INFO] 
[INFO] --- maven-clean-plugin:2.5:clean (default-clean) @ gson ---
[INFO] Deleting /tmp/v1/gson/target
[INFO] 
[INFO] --- maven-enforcer-plugin:1.0:enforce (enforce-maven) @ gson ---
[INFO] 
[INFO] --- maven-resources-plugin:2.6:resources (default-resources) @ gson ---
[INFO] Using 'UTF-8' encoding to copy filtered resources.
[INFO] skip non existing resourceDirectory /tmp/v1/gson/src/main/resources
[INFO] 
[INFO] --- maven-compiler-plugin:3.0:compile (default-compile) @ gson ---
[INFO] Changes detected - recompiling the module!
[INFO] Compiling 67 source files to /tmp/v1/gson/target/classes
[WARNING] /tmp/v1/gson/src/main/java/com/google/gson/internal/ConstructorConstructor.java: /tmp/v1/gson/src/main/java/com/google/gson/internal/ConstructorConstructor.java uses or overrides a deprecated API.
[WARNING] /tmp/v1/gson/src/main/java/com/google/gson/internal/ConstructorConstructor.java: Recompile with -Xlint:deprecation for details.
[INFO] 
[INFO] --- bnd-maven-plugin:3.1.0:bnd-process (default) @ gson ---
[INFO] 
[INFO] --- maven-resources-plugin:2.6:testResources (default-testResources) @ gson ---
[INFO] Using 'UTF-8' encoding to copy filtered resources.
[INFO] skip non existing resourceDirectory /tmp/v1/gson/src/test/resources
[INFO] 
[INFO] --- maven-compiler-plugin:3.0:testCompile (default-testCompile) @ gson ---
[INFO] Changes detected - recompiling the module!
[INFO] Compiling 93 source files to /tmp/v1/gson/target/test-classes
[WARNING] /tmp/v1/gson/src/test/java/com/google/gson/functional/MapAsArrayTypeAdapterTest.java: Some input files use or override a deprecated API.
[WARNING] /tmp/v1/gson/src/test/java/com/google/gson/functional/MapAsArrayTypeAdapterTest.java: Recompile with -Xlint:deprecation for details.
[INFO] 
[INFO] --- maven-surefire-plugin:2.12.4:test (default-test) @ gson ---
[INFO] Tests are skipped.
[INFO] 
[INFO] --- maven-dependency-plugin:2.8:build-classpath (default-cli) @ gson ---
[INFO] Skipped writing classpath file '/tmp/v1/gson/classpath'.  No changes found.
[INFO] 
[INFO] --- diff-jjoules:0.0.1-SNAPSHOT:instrument (default-cli) @ gson ---
[INFO] Running on:
[INFO] /tmp/v1/gson
[INFO] /tmp/v2/gson/
[INFO] Enable JUnit4 mode
[INFO] Configuration{pathToFirstVersion='/tmp/v1/gson', pathToSecondVersion='/tmp/v2/gson/', pathToTestListAsCSV='/tmp/v1/gson/testsThatExecuteTheChange.csv', classpath=[/home/spino/.m2/repository/junit/junit/3.8.2/junit-3.8.2.jar], junit4=true}
[INFO] com.google.gson.functional.CollectionTest:[testRawCollectionSerialization, testWildcardCollectionField, testCollectionOfBagOfPrimitivesSerialization]
com.google.gson.functional.ParameterizedTypesTest:[testTypesWithMultipleParametersSerialization]
com.google.gson.functional.CustomTypeAdaptersTest:[testCustomSerializerInvokedForPrimitives]
com.google.gson.functional.EscapingTest:[testGsonDoubleDeserialization, testGsonAcceptsEscapedAndNonEscapedJsonDeserialization, testEscapingObjectFields]
com.google.gson.functional.TypeVariableTest:[testBasicTypeVariables, testAdvancedTypeVariables, testTypeVariablesViaTypeParameter]
com.google.gson.functional.UncategorizedTest:[testGsonInstanceReusableForSerializationAndDeserialization, testStaticFieldsAreNotSerialized]
com.google.gson.functional.DelegateTypeAdapterTest:[testDelegateInvoked]
com.google.gson.functional.ReadersWritersTest:[testWriterForSerialization, testReadWriteTwoObjects]
com.google.gson.functional.InheritanceTest:[testSubClassSerialization]
com.google.gson.functional.PrettyPrintingTest:[testPrettyPrintArrayOfObjects, testPrettyPrintList]
com.google.gson.functional.JsonTreeTest:[testToJsonTreeObjectType, testToJsonTree, testJsonTreeToString, testJsonTreeNull]
com.google.gson.functional.ObjectTest:[testArrayOfObjectsAsFields, testBagOfPrimitivesSerialization, testBagOfPrimitiveWrappersSerialization, testNullFieldsSerialization, testArrayOfArraysSerialization, testArrayOfObjectsSerialization, testNestedSerialization]
com.google.gson.functional.ArrayTest:[testObjectArrayWithNonPrimitivesSerialization]
com.google.gson.functional.SecurityTest:[testNonExecutableJsonSerialization]
com.google.gson.functional.VersioningTest:[testVersionedGsonWithUnversionedClassesSerialization]
com.google.gson.internal.bind.JsonTreeWriterTest:[testStrictNansAndInfinities, testLenientNansAndInfinities]
com.google.gson.functional.MapTest:[testWriteMapsWithEmptyStringKey]
com.google.gson.functional.MapAsArrayTypeAdapterTest:[testSerializeComplexMapWithTypeAdapter]
com.google.gson.functional.PrimitiveTest:[testPrimitiveBooleanAutoboxedInASingleElementArraySerialization, testPrimitiveBooleanAutoboxedSerialization]
com.google.gson.functional.PrintFormattingTest:[testCompactFormattingLeavesNoWhiteSpace]
com.google.gson.OverrideCoreTypeAdaptersTest:[testOverrideWrapperBooleanAdapter, testOverridePrimitiveBooleanAdapter]
com.google.gson.JsonParserTest:[testReadWriteTwoObjects]
com.google.gson.stream.JsonWriterTest:[testDoubles, testPrettyPrintObject, testPrettyPrintArray, testTopLevelValueTypes]
com.google.gson.functional.DefaultTypeAdaptersTest:[testNullSerialization]
[INFO] Instrument version before commit...
[INFO] Run on /tmp/v1/gson
[INFO] Running in NOCLASSPATH mode (doc: http://spoon.gforge.inria.fr/launcher.html).
[INFO] fr.davidson.diff.jjoules.process.junit4.JJoulesProcessor
Processing com.google.gson.functional.ArrayTest#testObjectArrayWithNonPrimitivesSerialization
Processing com.google.gson.functional.CollectionTest#testCollectionOfBagOfPrimitivesSerialization
Processing com.google.gson.functional.CollectionTest#testRawCollectionSerialization
Processing com.google.gson.functional.CollectionTest#testWildcardCollectionField
Processing com.google.gson.functional.CustomTypeAdaptersTest#testCustomSerializerInvokedForPrimitives
Processing com.google.gson.functional.DefaultTypeAdaptersTest#testNullSerialization
Processing com.google.gson.functional.DelegateTypeAdapterTest#testDelegateInvoked
Processing com.google.gson.functional.EscapingTest#testEscapingObjectFields
Processing com.google.gson.functional.EscapingTest#testGsonAcceptsEscapedAndNonEscapedJsonDeserialization
Processing com.google.gson.functional.EscapingTest#testGsonDoubleDeserialization
Processing com.google.gson.functional.InheritanceTest#testSubClassSerialization
Processing com.google.gson.functional.JsonTreeTest#testToJsonTree
Processing com.google.gson.functional.JsonTreeTest#testToJsonTreeObjectType
Processing com.google.gson.functional.JsonTreeTest#testJsonTreeToString
Processing com.google.gson.functional.JsonTreeTest#testJsonTreeNull
Processing com.google.gson.functional.MapAsArrayTypeAdapterTest#testSerializeComplexMapWithTypeAdapter
Processing com.google.gson.functional.MapTest#testWriteMapsWithEmptyStringKey
Processing com.google.gson.functional.ObjectTest#testBagOfPrimitivesSerialization
Processing com.google.gson.functional.ObjectTest#testBagOfPrimitiveWrappersSerialization
Processing com.google.gson.functional.ObjectTest#testNestedSerialization
Processing com.google.gson.functional.ObjectTest#testNullFieldsSerialization
Processing com.google.gson.functional.ObjectTest#testArrayOfObjectsSerialization
Processing com.google.gson.functional.ObjectTest#testArrayOfArraysSerialization
Processing com.google.gson.functional.ObjectTest#testArrayOfObjectsAsFields
Processing com.google.gson.functional.ParameterizedTypesTest#testTypesWithMultipleParametersSerialization
Processing com.google.gson.functional.PrettyPrintingTest#testPrettyPrintList
Processing com.google.gson.functional.PrettyPrintingTest#testPrettyPrintArrayOfObjects
Processing com.google.gson.functional.PrimitiveTest#testPrimitiveBooleanAutoboxedSerialization
Processing com.google.gson.functional.PrimitiveTest#testPrimitiveBooleanAutoboxedInASingleElementArraySerialization
Processing com.google.gson.functional.PrintFormattingTest#testCompactFormattingLeavesNoWhiteSpace
Processing com.google.gson.functional.ReadersWritersTest#testWriterForSerialization
Processing com.google.gson.functional.ReadersWritersTest#testReadWriteTwoObjects
Processing com.google.gson.functional.SecurityTest#testNonExecutableJsonSerialization
Processing com.google.gson.functional.TypeVariableTest#testAdvancedTypeVariables
Processing com.google.gson.functional.TypeVariableTest#testTypeVariablesViaTypeParameter
Processing com.google.gson.functional.TypeVariableTest#testBasicTypeVariables
Processing com.google.gson.functional.UncategorizedTest#testStaticFieldsAreNotSerialized
Processing com.google.gson.functional.UncategorizedTest#testGsonInstanceReusableForSerializationAndDeserialization
Processing com.google.gson.functional.VersioningTest#testVersionedGsonWithUnversionedClassesSerialization
Processing com.google.gson.internal.bind.JsonTreeWriterTest#testLenientNansAndInfinities
Processing com.google.gson.internal.bind.JsonTreeWriterTest#testStrictNansAndInfinities
Processing com.google.gson.stream.JsonWriterTest#testTopLevelValueTypes
Processing com.google.gson.stream.JsonWriterTest#testDoubles
Processing com.google.gson.stream.JsonWriterTest#testPrettyPrintObject
Processing com.google.gson.stream.JsonWriterTest#testPrettyPrintArray
Processing com.google.gson.JsonParserTest#testReadWriteTwoObjects
Processing com.google.gson.OverrideCoreTypeAdaptersTest#testOverrideWrapperBooleanAdapter
Processing com.google.gson.OverrideCoreTypeAdaptersTest#testOverridePrimitiveBooleanAdapter
[INFO] Printing com.google.gson.functional.ParameterizedTypesTest to /tmp/v1/gson/src/test/java//com/google/gson/functional/ParameterizedTypesTest.java
[INFO] Printing com.google.gson.functional.PrimitiveTest to /tmp/v1/gson/src/test/java//com/google/gson/functional/PrimitiveTest.java
[INFO] Printing com.google.gson.functional.ReadersWritersTest to /tmp/v1/gson/src/test/java//com/google/gson/functional/ReadersWritersTest.java
[INFO] Printing com.google.gson.functional.SecurityTest to /tmp/v1/gson/src/test/java//com/google/gson/functional/SecurityTest.java
[INFO] Printing com.google.gson.OverrideCoreTypeAdaptersTest to /tmp/v1/gson/src/test/java//com/google/gson/OverrideCoreTypeAdaptersTest.java
[INFO] Printing com.google.gson.functional.CustomTypeAdaptersTest to /tmp/v1/gson/src/test/java//com/google/gson/functional/CustomTypeAdaptersTest.java
[INFO] Printing com.google.gson.functional.PrintFormattingTest to /tmp/v1/gson/src/test/java//com/google/gson/functional/PrintFormattingTest.java
[INFO] Printing com.google.gson.JsonParserTest to /tmp/v1/gson/src/test/java//com/google/gson/JsonParserTest.java
[INFO] Printing com.google.gson.stream.JsonWriterTest to /tmp/v1/gson/src/test/java//com/google/gson/stream/JsonWriterTest.java
[INFO] Printing com.google.gson.functional.DefaultTypeAdaptersTest to /tmp/v1/gson/src/test/java//com/google/gson/functional/DefaultTypeAdaptersTest.java
[INFO] Printing com.google.gson.functional.ArrayTest to /tmp/v1/gson/src/test/java//com/google/gson/functional/ArrayTest.java
[INFO] Printing com.google.gson.functional.DelegateTypeAdapterTest to /tmp/v1/gson/src/test/java//com/google/gson/functional/DelegateTypeAdapterTest.java
[INFO] Printing com.google.gson.functional.InheritanceTest to /tmp/v1/gson/src/test/java//com/google/gson/functional/InheritanceTest.java
[INFO] Printing com.google.gson.functional.VersioningTest to /tmp/v1/gson/src/test/java//com/google/gson/functional/VersioningTest.java
[INFO] Printing com.google.gson.functional.JsonTreeTest to /tmp/v1/gson/src/test/java//com/google/gson/functional/JsonTreeTest.java
[INFO] Printing com.google.gson.functional.TypeVariableTest to /tmp/v1/gson/src/test/java//com/google/gson/functional/TypeVariableTest.java
[INFO] Printing com.google.gson.functional.MapTest to /tmp/v1/gson/src/test/java//com/google/gson/functional/MapTest.java
[INFO] Printing com.google.gson.internal.bind.JsonTreeWriterTest to /tmp/v1/gson/src/test/java//com/google/gson/internal/bind/JsonTreeWriterTest.java
[INFO] Printing com.google.gson.functional.ObjectTest to /tmp/v1/gson/src/test/java//com/google/gson/functional/ObjectTest.java
[INFO] Printing com.google.gson.functional.PrettyPrintingTest to /tmp/v1/gson/src/test/java//com/google/gson/functional/PrettyPrintingTest.java
[INFO] Printing com.google.gson.functional.EscapingTest to /tmp/v1/gson/src/test/java//com/google/gson/functional/EscapingTest.java
[INFO] Printing com.google.gson.functional.UncategorizedTest to /tmp/v1/gson/src/test/java//com/google/gson/functional/UncategorizedTest.java
[INFO] Printing com.google.gson.functional.CollectionTest to /tmp/v1/gson/src/test/java//com/google/gson/functional/CollectionTest.java
[INFO] Printing com.google.gson.functional.MapAsArrayTypeAdapterTest to /tmp/v1/gson/src/test/java//com/google/gson/functional/MapAsArrayTypeAdapterTest.java
[INFO] Injecting JUnit-Jjoules in /tmp/v1/gson/pom.xml
[INFO] Output new POM file in /tmp/v1/gson/pom.xml
[INFO] Instrument version after commit...
[INFO] Run on /tmp/v2/gson/
[INFO] Running in NOCLASSPATH mode (doc: http://spoon.gforge.inria.fr/launcher.html).
[INFO] fr.davidson.diff.jjoules.process.junit4.JJoulesProcessor
Processing com.google.gson.functional.ArrayTest#testObjectArrayWithNonPrimitivesSerialization
Processing com.google.gson.functional.CollectionTest#testCollectionOfBagOfPrimitivesSerialization
Processing com.google.gson.functional.CollectionTest#testRawCollectionSerialization
Processing com.google.gson.functional.CollectionTest#testWildcardCollectionField
Processing com.google.gson.functional.CustomTypeAdaptersTest#testCustomSerializerInvokedForPrimitives
Processing com.google.gson.functional.DefaultTypeAdaptersTest#testNullSerialization
Processing com.google.gson.functional.DelegateTypeAdapterTest#testDelegateInvoked
Processing com.google.gson.functional.EscapingTest#testEscapingObjectFields
Processing com.google.gson.functional.EscapingTest#testGsonAcceptsEscapedAndNonEscapedJsonDeserialization
Processing com.google.gson.functional.EscapingTest#testGsonDoubleDeserialization
Processing com.google.gson.functional.InheritanceTest#testSubClassSerialization
Processing com.google.gson.functional.JsonTreeTest#testToJsonTree
Processing com.google.gson.functional.JsonTreeTest#testToJsonTreeObjectType
Processing com.google.gson.functional.JsonTreeTest#testJsonTreeToString
Processing com.google.gson.functional.JsonTreeTest#testJsonTreeNull
Processing com.google.gson.functional.MapAsArrayTypeAdapterTest#testSerializeComplexMapWithTypeAdapter
Processing com.google.gson.functional.MapTest#testWriteMapsWithEmptyStringKey
Processing com.google.gson.functional.ObjectTest#testBagOfPrimitivesSerialization
Processing com.google.gson.functional.ObjectTest#testBagOfPrimitiveWrappersSerialization
Processing com.google.gson.functional.ObjectTest#testNestedSerialization
Processing com.google.gson.functional.ObjectTest#testNullFieldsSerialization
Processing com.google.gson.functional.ObjectTest#testArrayOfObjectsSerialization
Processing com.google.gson.functional.ObjectTest#testArrayOfArraysSerialization
Processing com.google.gson.functional.ObjectTest#testArrayOfObjectsAsFields
Processing com.google.gson.functional.ParameterizedTypesTest#testTypesWithMultipleParametersSerialization
Processing com.google.gson.functional.PrettyPrintingTest#testPrettyPrintList
Processing com.google.gson.functional.PrettyPrintingTest#testPrettyPrintArrayOfObjects
Processing com.google.gson.functional.PrimitiveTest#testPrimitiveBooleanAutoboxedSerialization
Processing com.google.gson.functional.PrimitiveTest#testPrimitiveBooleanAutoboxedInASingleElementArraySerialization
Processing com.google.gson.functional.PrintFormattingTest#testCompactFormattingLeavesNoWhiteSpace
Processing com.google.gson.functional.ReadersWritersTest#testWriterForSerialization
Processing com.google.gson.functional.ReadersWritersTest#testReadWriteTwoObjects
Processing com.google.gson.functional.SecurityTest#testNonExecutableJsonSerialization
Processing com.google.gson.functional.TypeVariableTest#testAdvancedTypeVariables
Processing com.google.gson.functional.TypeVariableTest#testTypeVariablesViaTypeParameter
Processing com.google.gson.functional.TypeVariableTest#testBasicTypeVariables
Processing com.google.gson.functional.UncategorizedTest#testStaticFieldsAreNotSerialized
Processing com.google.gson.functional.UncategorizedTest#testGsonInstanceReusableForSerializationAndDeserialization
Processing com.google.gson.functional.VersioningTest#testVersionedGsonWithUnversionedClassesSerialization
Processing com.google.gson.internal.bind.JsonTreeWriterTest#testLenientNansAndInfinities
Processing com.google.gson.internal.bind.JsonTreeWriterTest#testStrictNansAndInfinities
Processing com.google.gson.stream.JsonWriterTest#testTopLevelValueTypes
Processing com.google.gson.stream.JsonWriterTest#testDoubles
Processing com.google.gson.stream.JsonWriterTest#testPrettyPrintObject
Processing com.google.gson.stream.JsonWriterTest#testPrettyPrintArray
Processing com.google.gson.JsonParserTest#testReadWriteTwoObjects
Processing com.google.gson.OverrideCoreTypeAdaptersTest#testOverrideWrapperBooleanAdapter
Processing com.google.gson.OverrideCoreTypeAdaptersTest#testOverridePrimitiveBooleanAdapter
[INFO] Printing com.google.gson.functional.PrimitiveTest to /tmp/v2/gson//src/test/java//com/google/gson/functional/PrimitiveTest.java
[INFO] Printing com.google.gson.functional.PrimitiveTest to /tmp/v2/gson//src/test/java//com/google/gson/functional/PrimitiveTest.java
[INFO] Printing com.google.gson.functional.ReadersWritersTest to /tmp/v2/gson//src/test/java//com/google/gson/functional/ReadersWritersTest.java
[INFO] Printing com.google.gson.functional.ReadersWritersTest to /tmp/v2/gson//src/test/java//com/google/gson/functional/ReadersWritersTest.java
[INFO] Printing com.google.gson.OverrideCoreTypeAdaptersTest to /tmp/v2/gson//src/test/java//com/google/gson/OverrideCoreTypeAdaptersTest.java
[INFO] Printing com.google.gson.OverrideCoreTypeAdaptersTest to /tmp/v2/gson//src/test/java//com/google/gson/OverrideCoreTypeAdaptersTest.java
[INFO] Printing com.google.gson.functional.CustomTypeAdaptersTest to /tmp/v2/gson//src/test/java//com/google/gson/functional/CustomTypeAdaptersTest.java
[INFO] Printing com.google.gson.functional.PrintFormattingTest to /tmp/v2/gson//src/test/java//com/google/gson/functional/PrintFormattingTest.java
[INFO] Printing com.google.gson.functional.InheritanceTest to /tmp/v2/gson//src/test/java//com/google/gson/functional/InheritanceTest.java
[INFO] Printing com.google.gson.functional.VersioningTest to /tmp/v2/gson//src/test/java//com/google/gson/functional/VersioningTest.java
[INFO] Printing com.google.gson.internal.bind.JsonTreeWriterTest to /tmp/v2/gson//src/test/java//com/google/gson/internal/bind/JsonTreeWriterTest.java
[INFO] Printing com.google.gson.internal.bind.JsonTreeWriterTest to /tmp/v2/gson//src/test/java//com/google/gson/internal/bind/JsonTreeWriterTest.java
[INFO] Printing com.google.gson.functional.UncategorizedTest to /tmp/v2/gson//src/test/java//com/google/gson/functional/UncategorizedTest.java
[INFO] Printing com.google.gson.functional.UncategorizedTest to /tmp/v2/gson//src/test/java//com/google/gson/functional/UncategorizedTest.java
[INFO] Printing com.google.gson.functional.ParameterizedTypesTest to /tmp/v2/gson//src/test/java//com/google/gson/functional/ParameterizedTypesTest.java
[INFO] Printing com.google.gson.functional.SecurityTest to /tmp/v2/gson//src/test/java//com/google/gson/functional/SecurityTest.java
[INFO] Printing com.google.gson.JsonParserTest to /tmp/v2/gson//src/test/java//com/google/gson/JsonParserTest.java
[INFO] Printing com.google.gson.stream.JsonWriterTest to /tmp/v2/gson//src/test/java//com/google/gson/stream/JsonWriterTest.java
[INFO] Printing com.google.gson.stream.JsonWriterTest to /tmp/v2/gson//src/test/java//com/google/gson/stream/JsonWriterTest.java
[INFO] Printing com.google.gson.functional.DefaultTypeAdaptersTest to /tmp/v2/gson//src/test/java//com/google/gson/functional/DefaultTypeAdaptersTest.java
[INFO] Printing com.google.gson.functional.ArrayTest to /tmp/v2/gson//src/test/java//com/google/gson/functional/ArrayTest.java
[INFO] Printing com.google.gson.functional.DelegateTypeAdapterTest to /tmp/v2/gson//src/test/java//com/google/gson/functional/DelegateTypeAdapterTest.java
[INFO] Printing com.google.gson.functional.JsonTreeTest to /tmp/v2/gson//src/test/java//com/google/gson/functional/JsonTreeTest.java
[INFO] Printing com.google.gson.functional.JsonTreeTest to /tmp/v2/gson//src/test/java//com/google/gson/functional/JsonTreeTest.java
[INFO] Printing com.google.gson.functional.TypeVariableTest to /tmp/v2/gson//src/test/java//com/google/gson/functional/TypeVariableTest.java
[INFO] Printing com.google.gson.functional.TypeVariableTest to /tmp/v2/gson//src/test/java//com/google/gson/functional/TypeVariableTest.java
[INFO] Printing com.google.gson.functional.MapTest to /tmp/v2/gson//src/test/java//com/google/gson/functional/MapTest.java
[INFO] Printing com.google.gson.functional.ObjectTest to /tmp/v2/gson//src/test/java//com/google/gson/functional/ObjectTest.java
[INFO] Printing com.google.gson.functional.ObjectTest to /tmp/v2/gson//src/test/java//com/google/gson/functional/ObjectTest.java
[INFO] Printing com.google.gson.functional.PrettyPrintingTest to /tmp/v2/gson//src/test/java//com/google/gson/functional/PrettyPrintingTest.java
[INFO] Printing com.google.gson.functional.PrettyPrintingTest to /tmp/v2/gson//src/test/java//com/google/gson/functional/PrettyPrintingTest.java
[INFO] Printing com.google.gson.functional.EscapingTest to /tmp/v2/gson//src/test/java//com/google/gson/functional/EscapingTest.java
[INFO] Printing com.google.gson.functional.EscapingTest to /tmp/v2/gson//src/test/java//com/google/gson/functional/EscapingTest.java
[INFO] Printing com.google.gson.functional.CollectionTest to /tmp/v2/gson//src/test/java//com/google/gson/functional/CollectionTest.java
[INFO] Printing com.google.gson.functional.CollectionTest to /tmp/v2/gson//src/test/java//com/google/gson/functional/CollectionTest.java
[INFO] Printing com.google.gson.functional.MapAsArrayTypeAdapterTest to /tmp/v2/gson//src/test/java//com/google/gson/functional/MapAsArrayTypeAdapterTest.java
[INFO] Injecting JUnit-Jjoules in /tmp/v2/gson//pom.xml
[INFO] Output new POM file in /tmp/v2/gson//pom.xml
[INFO] ------------------------------------------------------------------------
[INFO] BUILD SUCCESS
[INFO] ------------------------------------------------------------------------
[INFO] Total time:  15.237 s
[INFO] Finished at: 2021-01-03T21:40:42+01:00
[INFO] ------------------------------------------------------------------------
