[INFO] Scanning for projects...
[WARNING] 
[WARNING] Some problems were encountered while building the effective model for com.google.code.gson:gson:jar:1.8-SNAPSHOT
[WARNING] 'dependencies.dependency.(groupId:artifactId:type:classifier)' must be unique: org.powerapi.jjoules:junit-jjoules:jar -> duplicate declaration of version 1.0-SNAPSHOT @ line 46, column 148
[WARNING] 
[WARNING] It is highly recommended to fix these problems because they threaten the stability of your build.
[WARNING] 
[WARNING] For this reason, future Maven versions might no longer support building such malformed projects.
[WARNING] 
[INFO] 
[INFO] ---------------------< com.google.code.gson:gson >----------------------
[INFO] Building Gson 1.8-SNAPSHOT
[INFO] --------------------------------[ jar ]---------------------------------
[INFO] 
[INFO] --- maven-dependency-plugin:2.8:build-classpath (default-cli) @ gson ---
[INFO] Skipped writing classpath file '/tmp/v1/gson/classpath'.  No changes found.
[INFO] 
[INFO] --- diff-jjoules:0.0.1-SNAPSHOT:class-instrument (default-cli) @ gson ---
[INFO] Downloading from gforge.inria.fr-release: http://maven.inria.fr/artifactory/spoon-public-snapshot/org/eclipse/platform/org.eclipse.core.resources/maven-metadata.xml
[INFO] Downloading from sonatype-nexus-snapshots: https://oss.sonatype.org/content/repositories/snapshots/org/eclipse/platform/org.eclipse.core.resources/maven-metadata.xml
[INFO] Downloading from maven.inria.fr-snapshot: http://maven.inria.fr/artifactory/spoon-public-snapshot/org/eclipse/platform/org.eclipse.core.resources/maven-metadata.xml
[INFO] Downloading from gradle-repo: https://repo.gradle.org/gradle/libs-releases-local/org/eclipse/platform/org.eclipse.core.resources/maven-metadata.xml
[INFO] Downloading from gradle-repo: https://repo.gradle.org/gradle/libs-releases-local/org/eclipse/platform/org.eclipse.core.expressions/maven-metadata.xml
[INFO] Downloading from sonatype-nexus-snapshots: https://oss.sonatype.org/content/repositories/snapshots/org/eclipse/platform/org.eclipse.core.expressions/maven-metadata.xml
[INFO] Downloading from gforge.inria.fr-release: http://maven.inria.fr/artifactory/spoon-public-snapshot/org/eclipse/platform/org.eclipse.core.expressions/maven-metadata.xml
[INFO] Downloading from maven.inria.fr-snapshot: http://maven.inria.fr/artifactory/spoon-public-snapshot/org/eclipse/platform/org.eclipse.core.expressions/maven-metadata.xml
[INFO] Downloading from gradle-repo: https://repo.gradle.org/gradle/libs-releases-local/org/eclipse/platform/org.eclipse.core.runtime/maven-metadata.xml
[INFO] Downloading from sonatype-nexus-snapshots: https://oss.sonatype.org/content/repositories/snapshots/org/eclipse/platform/org.eclipse.core.runtime/maven-metadata.xml
[INFO] Downloading from gforge.inria.fr-release: http://maven.inria.fr/artifactory/spoon-public-snapshot/org/eclipse/platform/org.eclipse.core.runtime/maven-metadata.xml
[INFO] Downloading from maven.inria.fr-snapshot: http://maven.inria.fr/artifactory/spoon-public-snapshot/org/eclipse/platform/org.eclipse.core.runtime/maven-metadata.xml
[INFO] Downloading from gradle-repo: https://repo.gradle.org/gradle/libs-releases-local/org/eclipse/platform/org.eclipse.osgi/maven-metadata.xml
[INFO] Downloading from sonatype-nexus-snapshots: https://oss.sonatype.org/content/repositories/snapshots/org/eclipse/platform/org.eclipse.osgi/maven-metadata.xml
[INFO] Downloading from gforge.inria.fr-release: http://maven.inria.fr/artifactory/spoon-public-snapshot/org/eclipse/platform/org.eclipse.osgi/maven-metadata.xml
[INFO] Downloading from maven.inria.fr-snapshot: http://maven.inria.fr/artifactory/spoon-public-snapshot/org/eclipse/platform/org.eclipse.osgi/maven-metadata.xml
[INFO] Downloading from gradle-repo: https://repo.gradle.org/gradle/libs-releases-local/org/eclipse/platform/org.eclipse.equinox.common/maven-metadata.xml
[INFO] Downloading from sonatype-nexus-snapshots: https://oss.sonatype.org/content/repositories/snapshots/org/eclipse/platform/org.eclipse.equinox.common/maven-metadata.xml
[INFO] Downloading from gforge.inria.fr-release: http://maven.inria.fr/artifactory/spoon-public-snapshot/org/eclipse/platform/org.eclipse.equinox.common/maven-metadata.xml
[INFO] Downloading from maven.inria.fr-snapshot: http://maven.inria.fr/artifactory/spoon-public-snapshot/org/eclipse/platform/org.eclipse.equinox.common/maven-metadata.xml
[INFO] Downloading from gradle-repo: https://repo.gradle.org/gradle/libs-releases-local/org/eclipse/platform/org.eclipse.core.jobs/maven-metadata.xml
[INFO] Downloading from sonatype-nexus-snapshots: https://oss.sonatype.org/content/repositories/snapshots/org/eclipse/platform/org.eclipse.core.jobs/maven-metadata.xml
[INFO] Downloading from gforge.inria.fr-release: http://maven.inria.fr/artifactory/spoon-public-snapshot/org/eclipse/platform/org.eclipse.core.jobs/maven-metadata.xml
[INFO] Downloading from maven.inria.fr-snapshot: http://maven.inria.fr/artifactory/spoon-public-snapshot/org/eclipse/platform/org.eclipse.core.jobs/maven-metadata.xml
[INFO] Downloading from gradle-repo: https://repo.gradle.org/gradle/libs-releases-local/org/eclipse/platform/org.eclipse.equinox.registry/maven-metadata.xml
[INFO] Downloading from sonatype-nexus-snapshots: https://oss.sonatype.org/content/repositories/snapshots/org/eclipse/platform/org.eclipse.equinox.registry/maven-metadata.xml
[INFO] Downloading from gforge.inria.fr-release: http://maven.inria.fr/artifactory/spoon-public-snapshot/org/eclipse/platform/org.eclipse.equinox.registry/maven-metadata.xml
[INFO] Downloading from maven.inria.fr-snapshot: http://maven.inria.fr/artifactory/spoon-public-snapshot/org/eclipse/platform/org.eclipse.equinox.registry/maven-metadata.xml
[INFO] Downloading from gradle-repo: https://repo.gradle.org/gradle/libs-releases-local/org/eclipse/platform/org.eclipse.equinox.preferences/maven-metadata.xml
[INFO] Downloading from sonatype-nexus-snapshots: https://oss.sonatype.org/content/repositories/snapshots/org/eclipse/platform/org.eclipse.equinox.preferences/maven-metadata.xml
[INFO] Downloading from gforge.inria.fr-release: http://maven.inria.fr/artifactory/spoon-public-snapshot/org/eclipse/platform/org.eclipse.equinox.preferences/maven-metadata.xml
[INFO] Downloading from maven.inria.fr-snapshot: http://maven.inria.fr/artifactory/spoon-public-snapshot/org/eclipse/platform/org.eclipse.equinox.preferences/maven-metadata.xml
[INFO] Downloading from gradle-repo: https://repo.gradle.org/gradle/libs-releases-local/org/eclipse/platform/org.eclipse.core.contenttype/maven-metadata.xml
[INFO] Downloading from sonatype-nexus-snapshots: https://oss.sonatype.org/content/repositories/snapshots/org/eclipse/platform/org.eclipse.core.contenttype/maven-metadata.xml
[INFO] Downloading from gforge.inria.fr-release: http://maven.inria.fr/artifactory/spoon-public-snapshot/org/eclipse/platform/org.eclipse.core.contenttype/maven-metadata.xml
[INFO] Downloading from maven.inria.fr-snapshot: http://maven.inria.fr/artifactory/spoon-public-snapshot/org/eclipse/platform/org.eclipse.core.contenttype/maven-metadata.xml
[INFO] Downloading from gradle-repo: https://repo.gradle.org/gradle/libs-releases-local/org/eclipse/platform/org.eclipse.equinox.app/maven-metadata.xml
[INFO] Downloading from sonatype-nexus-snapshots: https://oss.sonatype.org/content/repositories/snapshots/org/eclipse/platform/org.eclipse.equinox.app/maven-metadata.xml
[INFO] Downloading from gforge.inria.fr-release: http://maven.inria.fr/artifactory/spoon-public-snapshot/org/eclipse/platform/org.eclipse.equinox.app/maven-metadata.xml
[INFO] Downloading from maven.inria.fr-snapshot: http://maven.inria.fr/artifactory/spoon-public-snapshot/org/eclipse/platform/org.eclipse.equinox.app/maven-metadata.xml
[INFO] Downloading from gradle-repo: https://repo.gradle.org/gradle/libs-releases-local/org/eclipse/platform/org.eclipse.core.filesystem/maven-metadata.xml
[INFO] Downloading from sonatype-nexus-snapshots: https://oss.sonatype.org/content/repositories/snapshots/org/eclipse/platform/org.eclipse.core.filesystem/maven-metadata.xml
[INFO] Downloading from gforge.inria.fr-release: http://maven.inria.fr/artifactory/spoon-public-snapshot/org/eclipse/platform/org.eclipse.core.filesystem/maven-metadata.xml
[INFO] Downloading from maven.inria.fr-snapshot: http://maven.inria.fr/artifactory/spoon-public-snapshot/org/eclipse/platform/org.eclipse.core.filesystem/maven-metadata.xml
[INFO] Downloading from gradle-repo: https://repo.gradle.org/gradle/libs-releases-local/org/eclipse/platform/org.eclipse.text/maven-metadata.xml
[INFO] Downloading from sonatype-nexus-snapshots: https://oss.sonatype.org/content/repositories/snapshots/org/eclipse/platform/org.eclipse.text/maven-metadata.xml
[INFO] Downloading from gforge.inria.fr-release: http://maven.inria.fr/artifactory/spoon-public-snapshot/org/eclipse/platform/org.eclipse.text/maven-metadata.xml
[INFO] Downloading from maven.inria.fr-snapshot: http://maven.inria.fr/artifactory/spoon-public-snapshot/org/eclipse/platform/org.eclipse.text/maven-metadata.xml
[INFO] Downloading from gradle-repo: https://repo.gradle.org/gradle/libs-releases-local/org/eclipse/platform/org.eclipse.core.commands/maven-metadata.xml
[INFO] Downloading from sonatype-nexus-snapshots: https://oss.sonatype.org/content/repositories/snapshots/org/eclipse/platform/org.eclipse.core.commands/maven-metadata.xml
[INFO] Downloading from gforge.inria.fr-release: http://maven.inria.fr/artifactory/spoon-public-snapshot/org/eclipse/platform/org.eclipse.core.commands/maven-metadata.xml
[INFO] Downloading from maven.inria.fr-snapshot: http://maven.inria.fr/artifactory/spoon-public-snapshot/org/eclipse/platform/org.eclipse.core.commands/maven-metadata.xml
[INFO] Running on:
[INFO] /tmp/v1/gson
[INFO] /tmp/v2/gson/
[INFO] Enable JUnit4 mode
[INFO] Configuration{pathToFirstVersion='/tmp/v1/gson', pathToSecondVersion='/tmp/v2/gson/', pathToTestListAsCSV='/tmp/v1/gson/testsThatExecuteTheChange.csv', nbDuplication=-1, shouldRandomize=false, timeOfExecutionToReachInMs=4000, numberOfMethodToProcess=15}
[INFO] Instrument version before commit...
[INFO] Run on /tmp/v1/gson
[INFO] Running in NOCLASSPATH mode (doc: http://spoon.gforge.inria.fr/launcher.html).
[INFO] fr.davidson.diff.jjoules.class_instrumentation.process.JJoulesProcessor
[INFO] Processing com.google.gson.functional.CircularReferenceTest#testCircularSerialization
[INFO] Printing com.google.gson.functional.CircularReferenceTest_testCircularSerialization to /tmp/v1/gson/src/test/java//com/google/gson/functional/CircularReferenceTest_testCircularSerialization.java
[INFO] Printed com.google.gson.functional.CircularReferenceTest#testCircularSerialization with 285 duplication in 102 ms
[INFO] 1/15
[INFO] Processing com.google.gson.functional.CircularReferenceTest#testSelfReferenceSerialization
[INFO] Printing com.google.gson.functional.CircularReferenceTest_testSelfReferenceSerialization to /tmp/v1/gson/src/test/java//com/google/gson/functional/CircularReferenceTest_testSelfReferenceSerialization.java
[INFO] Printed com.google.gson.functional.CircularReferenceTest#testSelfReferenceSerialization with 444 duplication in 80 ms
[INFO] 2/15
[INFO] Processing com.google.gson.functional.CircularReferenceTest#testSelfReferenceArrayFieldSerialization
[INFO] Printing com.google.gson.functional.CircularReferenceTest_testSelfReferenceArrayFieldSerialization to /tmp/v1/gson/src/test/java//com/google/gson/functional/CircularReferenceTest_testSelfReferenceArrayFieldSerialization.java
[INFO] Printed com.google.gson.functional.CircularReferenceTest#testSelfReferenceArrayFieldSerialization with 500 duplication in 66 ms
[INFO] 3/15
[INFO] Processing com.google.gson.functional.CircularReferenceTest#testSelfReferenceCustomHandlerSerialization
[INFO] Printing com.google.gson.functional.CircularReferenceTest_testSelfReferenceCustomHandlerSerialization to /tmp/v1/gson/src/test/java//com/google/gson/functional/CircularReferenceTest_testSelfReferenceCustomHandlerSerialization.java
[WARNING] Cannot load class: 1 with class loader ClassRealm[plugin>fr.davidson:diff-jjoules:0.0.1-SNAPSHOT, parent: sun.misc.Launcher$AppClassLoader@1b6d3586]
[INFO] Printed com.google.gson.functional.CircularReferenceTest#testSelfReferenceCustomHandlerSerialization with 235 duplication in 77 ms
[INFO] 4/15
[INFO] Processing com.google.gson.functional.ConcurrencyTest#testMultiThreadSerialization
[INFO] Printing com.google.gson.functional.ConcurrencyTest_testMultiThreadSerialization to /tmp/v1/gson/src/test/java//com/google/gson/functional/ConcurrencyTest_testMultiThreadSerialization.java
[WARNING] Cannot load class: 1 with class loader ClassRealm[plugin>fr.davidson:diff-jjoules:0.0.1-SNAPSHOT, parent: sun.misc.Launcher$AppClassLoader@1b6d3586]
[INFO] Printed com.google.gson.functional.ConcurrencyTest#testMultiThreadSerialization with 86 duplication in 54 ms
[INFO] 5/15
[INFO] Processing com.google.gson.functional.CustomTypeAdaptersTest#testCustomTypeAdapterDoesNotAppliesToSubClasses
[INFO] Printing com.google.gson.functional.CustomTypeAdaptersTest_testCustomTypeAdapterDoesNotAppliesToSubClasses to /tmp/v1/gson/src/test/java//com/google/gson/functional/CustomTypeAdaptersTest_testCustomTypeAdapterDoesNotAppliesToSubClasses.java
[WARNING] Cannot load class: 5 with class loader ClassRealm[plugin>fr.davidson:diff-jjoules:0.0.1-SNAPSHOT, parent: sun.misc.Launcher$AppClassLoader@1b6d3586]
[INFO] Printed com.google.gson.functional.CustomTypeAdaptersTest#testCustomTypeAdapterDoesNotAppliesToSubClasses with 500 duplication in 173 ms
[INFO] 6/15
[INFO] Processing com.google.gson.functional.EscapingTest#testGsonAcceptsEscapedAndNonEscapedJsonDeserialization
[INFO] Printing com.google.gson.functional.EscapingTest_testGsonAcceptsEscapedAndNonEscapedJsonDeserialization to /tmp/v1/gson/src/test/java//com/google/gson/functional/EscapingTest_testGsonAcceptsEscapedAndNonEscapedJsonDeserialization.java
[INFO] Printed com.google.gson.functional.EscapingTest#testGsonAcceptsEscapedAndNonEscapedJsonDeserialization with 571 duplication in 39 ms
[INFO] 7/15
[INFO] Processing com.google.gson.functional.ExposeFieldsTest#testNullExposeFieldSerialization
[INFO] Printing com.google.gson.functional.ExposeFieldsTest_testNullExposeFieldSerialization to /tmp/v1/gson/src/test/java//com/google/gson/functional/ExposeFieldsTest_testNullExposeFieldSerialization.java
[INFO] Printed com.google.gson.functional.ExposeFieldsTest#testNullExposeFieldSerialization with 571 duplication in 46 ms
[INFO] 8/15
[INFO] Processing com.google.gson.functional.ObjectTest#testSingletonLists
[INFO] Printing com.google.gson.functional.ObjectTest_testSingletonLists to /tmp/v1/gson/src/test/java//com/google/gson/functional/ObjectTest_testSingletonLists.java
[INFO] Printed com.google.gson.functional.ObjectTest#testSingletonLists with 235 duplication in 92 ms
[INFO] 9/15
[INFO] Processing com.google.gson.functional.ParameterizedTypesTest#testTypesWithMultipleParametersSerialization
[INFO] Printing com.google.gson.functional.ParameterizedTypesTest_testTypesWithMultipleParametersSerialization to /tmp/v1/gson/src/test/java//com/google/gson/functional/ParameterizedTypesTest_testTypesWithMultipleParametersSerialization.java
[WARNING] Cannot load class: 3 with class loader ClassRealm[plugin>fr.davidson:diff-jjoules:0.0.1-SNAPSHOT, parent: sun.misc.Launcher$AppClassLoader@1b6d3586]
[INFO] Printed com.google.gson.functional.ParameterizedTypesTest#testTypesWithMultipleParametersSerialization with 333 duplication in 184 ms
[INFO] 10/15
[INFO] Processing com.google.gson.functional.ParameterizedTypesTest#testVariableTypeFieldsAndGenericArraysSerialization
[INFO] Printing com.google.gson.functional.ParameterizedTypesTest_testVariableTypeFieldsAndGenericArraysSerialization to /tmp/v1/gson/src/test/java//com/google/gson/functional/ParameterizedTypesTest_testVariableTypeFieldsAndGenericArraysSerialization.java
[WARNING] Cannot load class: 11 with class loader ClassRealm[plugin>fr.davidson:diff-jjoules:0.0.1-SNAPSHOT, parent: sun.misc.Launcher$AppClassLoader@1b6d3586]
[INFO] Printed com.google.gson.functional.ParameterizedTypesTest#testVariableTypeFieldsAndGenericArraysSerialization with 285 duplication in 134 ms
[INFO] 11/15
[INFO] Processing com.google.gson.functional.ParameterizedTypesTest#testVariableTypeDeserialization
[INFO] Printing com.google.gson.functional.ParameterizedTypesTest_testVariableTypeDeserialization to /tmp/v1/gson/src/test/java//com/google/gson/functional/ParameterizedTypesTest_testVariableTypeDeserialization.java
[WARNING] Cannot load class: 13 with class loader ClassRealm[plugin>fr.davidson:diff-jjoules:0.0.1-SNAPSHOT, parent: sun.misc.Launcher$AppClassLoader@1b6d3586]
[INFO] Printed com.google.gson.functional.ParameterizedTypesTest#testVariableTypeDeserialization with 500 duplication in 113 ms
[INFO] 12/15
[INFO] Processing com.google.gson.functional.PrettyPrintingTest#testPrettyPrintList
[INFO] Printing com.google.gson.functional.PrettyPrintingTest_testPrettyPrintList to /tmp/v1/gson/src/test/java//com/google/gson/functional/PrettyPrintingTest_testPrettyPrintList.java
[WARNING] Cannot load class: 1 with class loader ClassRealm[plugin>fr.davidson:diff-jjoules:0.0.1-SNAPSHOT, parent: sun.misc.Launcher$AppClassLoader@1b6d3586]
[INFO] Printed com.google.gson.functional.PrettyPrintingTest#testPrettyPrintList with 571 duplication in 37 ms
[INFO] 13/15
[INFO] Processing com.google.gson.functional.PrettyPrintingTest#testPrettyPrintArrayOfPrimitiveArrays
[INFO] Printing com.google.gson.functional.PrettyPrintingTest_testPrettyPrintArrayOfPrimitiveArrays to /tmp/v1/gson/src/test/java//com/google/gson/functional/PrettyPrintingTest_testPrettyPrintArrayOfPrimitiveArrays.java
[INFO] Printed com.google.gson.functional.PrettyPrintingTest#testPrettyPrintArrayOfPrimitiveArrays with 400 duplication in 32 ms
[INFO] 14/15
[INFO] Processing com.google.gson.DefaultInetAddressTypeAdapterTest#testInetAddressSerializationAndDeserialization
[INFO] Printing com.google.gson.DefaultInetAddressTypeAdapterTest_testInetAddressSerializationAndDeserialization to /tmp/v1/gson/src/test/java//com/google/gson/DefaultInetAddressTypeAdapterTest_testInetAddressSerializationAndDeserialization.java
[INFO] Printed com.google.gson.DefaultInetAddressTypeAdapterTest#testInetAddressSerializationAndDeserialization with 181 duplication in 16 ms
[INFO] 15/15
[INFO] Processing Done...
[INFO] Injecting JUnit-Jjoules in /tmp/v1/gson/pom.xml
[INFO] Output new POM file in /tmp/v1/gson/pom.xml
[INFO] Instrument version after commit...
[INFO] Run on /tmp/v2/gson/
[INFO] Running in NOCLASSPATH mode (doc: http://spoon.gforge.inria.fr/launcher.html).
[INFO] fr.davidson.diff.jjoules.class_instrumentation.process.JJoulesProcessor
[INFO] Processing com.google.gson.functional.CircularReferenceTest#testCircularSerialization
[INFO] Printing com.google.gson.functional.CircularReferenceTest_testCircularSerialization to /tmp/v2/gson//src/test/java//com/google/gson/functional/CircularReferenceTest_testCircularSerialization.java
[INFO] Printed com.google.gson.functional.CircularReferenceTest#testCircularSerialization with 285 duplication in 26 ms
[INFO] 1/15
[INFO] Processing com.google.gson.functional.CircularReferenceTest#testSelfReferenceSerialization
[INFO] Printing com.google.gson.functional.CircularReferenceTest_testSelfReferenceSerialization to /tmp/v2/gson//src/test/java//com/google/gson/functional/CircularReferenceTest_testSelfReferenceSerialization.java
[INFO] Printed com.google.gson.functional.CircularReferenceTest#testSelfReferenceSerialization with 444 duplication in 46 ms
[INFO] 2/15
[INFO] Processing com.google.gson.functional.CircularReferenceTest#testSelfReferenceArrayFieldSerialization
[INFO] Printing com.google.gson.functional.CircularReferenceTest_testSelfReferenceArrayFieldSerialization to /tmp/v2/gson//src/test/java//com/google/gson/functional/CircularReferenceTest_testSelfReferenceArrayFieldSerialization.java
[INFO] Printed com.google.gson.functional.CircularReferenceTest#testSelfReferenceArrayFieldSerialization with 500 duplication in 28 ms
[INFO] 3/15
[INFO] Processing com.google.gson.functional.CircularReferenceTest#testSelfReferenceCustomHandlerSerialization
[INFO] Printing com.google.gson.functional.CircularReferenceTest_testSelfReferenceCustomHandlerSerialization to /tmp/v2/gson//src/test/java//com/google/gson/functional/CircularReferenceTest_testSelfReferenceCustomHandlerSerialization.java
[WARNING] Cannot load class: 1 with class loader ClassRealm[plugin>fr.davidson:diff-jjoules:0.0.1-SNAPSHOT, parent: sun.misc.Launcher$AppClassLoader@1b6d3586]
[INFO] Printed com.google.gson.functional.CircularReferenceTest#testSelfReferenceCustomHandlerSerialization with 235 duplication in 39 ms
[INFO] 4/15
[INFO] Processing com.google.gson.functional.ConcurrencyTest#testMultiThreadSerialization
[INFO] Printing com.google.gson.functional.ConcurrencyTest_testMultiThreadSerialization to /tmp/v2/gson//src/test/java//com/google/gson/functional/ConcurrencyTest_testMultiThreadSerialization.java
[WARNING] Cannot load class: 1 with class loader ClassRealm[plugin>fr.davidson:diff-jjoules:0.0.1-SNAPSHOT, parent: sun.misc.Launcher$AppClassLoader@1b6d3586]
[INFO] Printed com.google.gson.functional.ConcurrencyTest#testMultiThreadSerialization with 86 duplication in 29 ms
[INFO] 5/15
[INFO] Processing com.google.gson.functional.CustomTypeAdaptersTest#testCustomTypeAdapterDoesNotAppliesToSubClasses
[INFO] Printing com.google.gson.functional.CustomTypeAdaptersTest_testCustomTypeAdapterDoesNotAppliesToSubClasses to /tmp/v2/gson//src/test/java//com/google/gson/functional/CustomTypeAdaptersTest_testCustomTypeAdapterDoesNotAppliesToSubClasses.java
[WARNING] Cannot load class: 5 with class loader ClassRealm[plugin>fr.davidson:diff-jjoules:0.0.1-SNAPSHOT, parent: sun.misc.Launcher$AppClassLoader@1b6d3586]
[INFO] Printed com.google.gson.functional.CustomTypeAdaptersTest#testCustomTypeAdapterDoesNotAppliesToSubClasses with 500 duplication in 142 ms
[INFO] 6/15
[INFO] Processing com.google.gson.functional.EscapingTest#testGsonAcceptsEscapedAndNonEscapedJsonDeserialization
[INFO] Printing com.google.gson.functional.EscapingTest_testGsonAcceptsEscapedAndNonEscapedJsonDeserialization to /tmp/v2/gson//src/test/java//com/google/gson/functional/EscapingTest_testGsonAcceptsEscapedAndNonEscapedJsonDeserialization.java
[INFO] Printed com.google.gson.functional.EscapingTest#testGsonAcceptsEscapedAndNonEscapedJsonDeserialization with 571 duplication in 33 ms
[INFO] 7/15
[INFO] Processing com.google.gson.functional.ExposeFieldsTest#testNullExposeFieldSerialization
[INFO] Printing com.google.gson.functional.ExposeFieldsTest_testNullExposeFieldSerialization to /tmp/v2/gson//src/test/java//com/google/gson/functional/ExposeFieldsTest_testNullExposeFieldSerialization.java
[INFO] Printed com.google.gson.functional.ExposeFieldsTest#testNullExposeFieldSerialization with 571 duplication in 43 ms
[INFO] 8/15
[INFO] Processing com.google.gson.functional.ObjectTest#testSingletonLists
[INFO] Printing com.google.gson.functional.ObjectTest_testSingletonLists to /tmp/v2/gson//src/test/java//com/google/gson/functional/ObjectTest_testSingletonLists.java
[INFO] Printed com.google.gson.functional.ObjectTest#testSingletonLists with 235 duplication in 76 ms
[INFO] 9/15
[INFO] Processing com.google.gson.functional.ParameterizedTypesTest#testTypesWithMultipleParametersSerialization
[INFO] Printing com.google.gson.functional.ParameterizedTypesTest_testTypesWithMultipleParametersSerialization to /tmp/v2/gson//src/test/java//com/google/gson/functional/ParameterizedTypesTest_testTypesWithMultipleParametersSerialization.java
[WARNING] Cannot load class: 3 with class loader ClassRealm[plugin>fr.davidson:diff-jjoules:0.0.1-SNAPSHOT, parent: sun.misc.Launcher$AppClassLoader@1b6d3586]
[INFO] Printed com.google.gson.functional.ParameterizedTypesTest#testTypesWithMultipleParametersSerialization with 333 duplication in 154 ms
[INFO] 10/15
[INFO] Processing com.google.gson.functional.ParameterizedTypesTest#testVariableTypeFieldsAndGenericArraysSerialization
[INFO] Printing com.google.gson.functional.ParameterizedTypesTest_testVariableTypeFieldsAndGenericArraysSerialization to /tmp/v2/gson//src/test/java//com/google/gson/functional/ParameterizedTypesTest_testVariableTypeFieldsAndGenericArraysSerialization.java
[WARNING] Cannot load class: 11 with class loader ClassRealm[plugin>fr.davidson:diff-jjoules:0.0.1-SNAPSHOT, parent: sun.misc.Launcher$AppClassLoader@1b6d3586]
[INFO] Printed com.google.gson.functional.ParameterizedTypesTest#testVariableTypeFieldsAndGenericArraysSerialization with 285 duplication in 153 ms
[INFO] 11/15
[INFO] Processing com.google.gson.functional.ParameterizedTypesTest#testVariableTypeDeserialization
[INFO] Printing com.google.gson.functional.ParameterizedTypesTest_testVariableTypeDeserialization to /tmp/v2/gson//src/test/java//com/google/gson/functional/ParameterizedTypesTest_testVariableTypeDeserialization.java
[WARNING] Cannot load class: 13 with class loader ClassRealm[plugin>fr.davidson:diff-jjoules:0.0.1-SNAPSHOT, parent: sun.misc.Launcher$AppClassLoader@1b6d3586]
[INFO] Printed com.google.gson.functional.ParameterizedTypesTest#testVariableTypeDeserialization with 500 duplication in 136 ms
[INFO] 12/15
[INFO] Processing com.google.gson.functional.PrettyPrintingTest#testPrettyPrintList
[INFO] Printing com.google.gson.functional.PrettyPrintingTest_testPrettyPrintList to /tmp/v2/gson//src/test/java//com/google/gson/functional/PrettyPrintingTest_testPrettyPrintList.java
[WARNING] Cannot load class: 1 with class loader ClassRealm[plugin>fr.davidson:diff-jjoules:0.0.1-SNAPSHOT, parent: sun.misc.Launcher$AppClassLoader@1b6d3586]
[INFO] Printed com.google.gson.functional.PrettyPrintingTest#testPrettyPrintList with 571 duplication in 36 ms
[INFO] 13/15
[INFO] Processing com.google.gson.functional.PrettyPrintingTest#testPrettyPrintArrayOfPrimitiveArrays
[INFO] Printing com.google.gson.functional.PrettyPrintingTest_testPrettyPrintArrayOfPrimitiveArrays to /tmp/v2/gson//src/test/java//com/google/gson/functional/PrettyPrintingTest_testPrettyPrintArrayOfPrimitiveArrays.java
[INFO] Printed com.google.gson.functional.PrettyPrintingTest#testPrettyPrintArrayOfPrimitiveArrays with 400 duplication in 18 ms
[INFO] 14/15
[INFO] Processing com.google.gson.DefaultInetAddressTypeAdapterTest#testInetAddressSerializationAndDeserialization
[INFO] Printing com.google.gson.DefaultInetAddressTypeAdapterTest_testInetAddressSerializationAndDeserialization to /tmp/v2/gson//src/test/java//com/google/gson/DefaultInetAddressTypeAdapterTest_testInetAddressSerializationAndDeserialization.java
[INFO] Printed com.google.gson.DefaultInetAddressTypeAdapterTest#testInetAddressSerializationAndDeserialization with 181 duplication in 10 ms
[INFO] 15/15
[INFO] Processing Done...
[INFO] Injecting JUnit-Jjoules in /tmp/v2/gson//pom.xml
[INFO] Output new POM file in /tmp/v2/gson//pom.xml
[INFO] ------------------------------------------------------------------------
[INFO] BUILD SUCCESS
[INFO] ------------------------------------------------------------------------
[INFO] Total time:  01:03 min
[INFO] Finished at: 2021-02-06T03:18:21+01:00
[INFO] ------------------------------------------------------------------------
