[INFO] Scanning for projects...
[INFO] 
[INFO] ---------------------< com.google.code.gson:gson >----------------------
[INFO] Building Gson 1.7.2-SNAPSHOT
[INFO] --------------------------------[ jar ]---------------------------------
[INFO] 
[INFO] --- maven-clean-plugin:2.5:clean (default-clean) @ gson ---
[INFO] Deleting /tmp/v1/gson/target
[INFO] 
[INFO] --- cobertura-maven-plugin:2.4:clean (clean) @ gson ---
[INFO] 
[INFO] --- maven-enforcer-plugin:1.0-beta-1:enforce (enforce-maven) @ gson ---
[INFO] 
[INFO] --- maven-resources-plugin:2.6:resources (default-resources) @ gson ---
[INFO] Using 'UTF-8' encoding to copy filtered resources.
[INFO] skip non existing resourceDirectory /tmp/v1/gson/src/main/resources
[INFO] 
[INFO] --- maven-compiler-plugin:2.3.2:compile (default-compile) @ gson ---
[INFO] Compiling 90 source files to /tmp/v1/gson/target/classes
[INFO] 
[INFO] --- maven-resources-plugin:2.6:testResources (default-testResources) @ gson ---
[INFO] Using 'UTF-8' encoding to copy filtered resources.
[INFO] skip non existing resourceDirectory /tmp/v1/gson/src/test/resources
[INFO] 
[INFO] --- maven-compiler-plugin:2.3.2:testCompile (default-testCompile) @ gson ---
[INFO] Compiling 84 source files to /tmp/v1/gson/target/test-classes
[INFO] 
[INFO] --- maven-surefire-plugin:2.12.4:test (default-test) @ gson ---
[INFO] Tests are skipped.
[INFO] 
[INFO] --- maven-dependency-plugin:2.8:build-classpath (default-cli) @ gson ---
[INFO] Skipped writing classpath file '/tmp/v1/gson/classpath'.  No changes found.
[INFO] 
[INFO] --- diff-jjoules:0.0.1-SNAPSHOT:instrument (default-cli) @ gson ---
[INFO] Running on:
[INFO] /tmp/v1/gson
[INFO] /tmp/v2/gson/
[INFO] Enable JUnit4 mode
[INFO] Configuration{pathToFirstVersion='/tmp/v1/gson', pathToSecondVersion='/tmp/v2/gson/', pathToTestListAsCSV='/tmp/v1/gson/testsThatExecuteTheChange.csv', classpath=[/home/spino/.m2/repository/junit/junit/3.8.2/junit-3.8.2.jar], junit4=true}
[INFO] com.google.gson.functional.CollectionTest:[testWildcardPrimitiveCollectionDeserilaization, testTopLevelCollectionOfIntegersSerialization, testWildcardPrimitiveCollectionSerilaization, testSetSerialization, testRawCollectionSerialization, testRawCollectionDeserializationNotAlllowed, testWildcardCollectionField, testRawCollectionOfBagOfPrimitivesNotAllowed, testRawCollectionOfIntegersSerialization, testSetDeserialization, testFieldIsArrayList, testTopLevelCollectionOfIntegersDeserialization, testTopLevelListOfIntegerCollectionsDeserialization, testCollectionOfBagOfPrimitivesSerialization]
com.google.gson.functional.ParameterizedTypesTest:[testParameterizedTypeWithReaderDeserialization, testVariableTypeFieldsAndGenericArraysSerialization, testTypesWithMultipleParametersSerialization, testParameterizedTypeGenericArraysSerialization, testParameterizedTypeWithVariableTypeDeserialization, testVariableTypeArrayDeserialization, testParameterizedTypeWithCustomSerializer, testParameterizedTypeDeserialization, testParameterizedTypeGenericArraysDeserialization, testVariableTypeDeserialization, testVariableTypeFieldsAndGenericArraysDeserialization, testDeepParameterizedTypeDeserialization, testParameterizedTypesWithWriterSerialization, testDeepParameterizedTypeSerialization, testParameterizedTypesSerialization, testTypesWithMultipleParametersDeserialization]
com.google.gson.functional.ExposeFieldsTest:[testExposeAnnotationSerialization, testNullExposeFieldSerialization, testNoExposedFieldDeserialization, testArrayWithOneNullExposeFieldObjectSerialization, testExposeAnnotationDeserialization]
com.google.gson.functional.EscapingTest:[testGsonDoubleDeserialization, testGsonAcceptsEscapedAndNonEscapedJsonDeserialization, testEscapingObjectFields]
com.google.gson.functional.UncategorizedTest:[testTrailingWhitespace, testInvalidJsonDeserializationFails, testGsonInstanceReusableForSerializationAndDeserialization, testStaticFieldsAreNotSerialized]
com.google.gson.functional.InheritanceTest:[testSubClassSerialization, testSubInterfacesOfCollectionDeserialization, testSubInterfacesOfCollectionSerialization, testSubClassDeserialization]
com.google.gson.functional.PrettyPrintingTest:[testEmptyMapField, testPrettyPrintArrayOfObjects, testPrettyPrintArrayOfPrimitiveArrays, testPrettyPrintList, testMultipleArrays, testPrettyPrintListOfPrimitiveArrays, testMap, testPrettyPrintArrayOfPrimitives]
com.google.gson.functional.JsonTreeTest:[testToJsonTreeObjectType, testToJsonTree, testJsonTreeToString]
com.google.gson.functional.ObjectTest:[testInnerClassSerialization, testArrayOfArraysDeserialization, testObjectFieldNamesWithoutQuotesDeserialization, testArrayOfArraysSerialization, testClassWithTransientFieldsSerialization, testStringFieldWithNumberValueDeserialization, testBagOfPrimitiveWrappersDeserialization, testPrimitiveArrayFieldSerialization, testArrayOfObjectsAsFields, testBagOfPrimitiveWrappersSerialization, testClassWithTransientFieldsDeserialization, testPrivateNoArgConstructorDeserialization, testBagOfPrimitivesSerialization, testNestedDeserialization, testNullFieldsSerialization, testJsonInMixedQuotesDeserialization, testArrayOfObjectsDeserialization, testInnerClassDeserialization, testClassWithTransientFieldsDeserializationTransientFieldsPassedInJsonAreIgnored, testNullFieldsDeserialization, testPrimitiveArrayInAnObjectDeserialization, testBagOfPrimitivesDeserialization, testJsonInSingleQuotesDeserialization, testArrayOfObjectsSerialization, testNestedSerialization]
com.google.gson.functional.SecurityTest:[testNonExecutableJsonDeserialization, testNonExecutableJsonSerialization, testJsonWithNonExectuableTokenWithConfiguredGsonDeserialization]
com.google.gson.functional.VersioningTest:[testVersionedClassesDeserialization, testVersionedClassesSerialization, testVersionedGsonMixingSinceAndUntilDeserialization, testVersionedGsonMixingSinceAndUntilSerialization, testVersionedUntilSerialization, testVersionedUntilDeserialization, testIgnoreLaterVersionClassDeserialization, testVersionedGsonWithUnversionedClassesSerialization, testVersionedGsonWithUnversionedClassesDeserialization]
com.google.gson.LongSerializationPolicyTest:[testStringLongSerialization, testDefaultLongSerialization]
com.google.gson.functional.MoreSpecificTypeSerializationTest:[testMapOfSubclassFields, testListOfSubclassFields, testSubclassFields]
com.google.gson.functional.ConcurrencyTest:[testSingleThreadSerialization, testMultiThreadSerialization, testSingleThreadDeserialization, testMultiThreadDeserialization]
com.google.gson.functional.JsonParserTest:[testChangingCustomTreeAndDeserializing, testDeserializingCustomTree, testBadFieldTypeForDeserializingCustomTree]
com.google.gson.JsonParserTest:[testParseMixedArray, testParseString, testParseReader, testReadWriteTwoObjects]
com.google.gson.functional.PrintFormattingTest:[testCompactFormattingLeavesNoWhiteSpace]
com.google.gson.JsonDeserializerExceptionWrapperTest:[testWrappedExceptionPropagation]
com.google.gson.GsonTypeAdapterTest:[testDefaultTypeAdapterThrowsParseException, testTypeAdapterThrowsException, testTypeAdapterProperlyConvertsTypes]
com.google.gson.JsonPrimitiveTest:[testIntegerEqualsLong, testIntegerEqualsBigInteger, testBoolean, testByteEqualsLong, testFloatEqualsDouble, testShortEqualsBigInteger, testFloatEqualsBigDecimal, testByteEqualsShort, testDoubleEqualsBigDecimal, testLongEqualsBigInteger, testStringsAndChar, testShortEqualsInteger, testValidJsonOnToString, testByteEqualsInteger, testByteEqualsBigInteger, testShortEqualsLong, testEqualsAcrossTypes, testEquals]
com.google.gson.MixedStreamTest:[testWriteLenient, testWriteDoesNotMutateState, testReaderDoesNotMutateState, testReadMixedStreamed, testWriteMixedStreamed]
com.google.gson.functional.CustomTypeAdaptersTest:[testCustomTypeAdapterDoesNotAppliesToSubClasses, testCustomTypeAdapterAppliesToSubClassesSerializedAsBaseClass, testCustomSerializers, testCustomSerializerForLong, testCustomNestedSerializers, testCustomDeserializers, testCustomNestedDeserializers, testCustomDeserializerForLong]
com.google.gson.functional.NamingPolicyTest:[testComplexFieldNameStrategy, testGsonWithSerializedNameFieldNamingPolicySerialization, testGsonDuplicateNameUsingSerializedNameFieldNamingPolicySerialization, testDeprecatedNamingStrategy, testGsonWithSerializedNameFieldNamingPolicyDeserialization]
com.google.gson.functional.TypeVariableTest:[testAdvancedTypeVariables, testTypeVariablesViaTypeParameter]
com.google.gson.functional.TypeHierarchyAdapterTest:[testTypeHierarchy]
com.google.gson.functional.ReadersWritersTest:[testWriterForSerialization, testReadWriteTwoObjects, testReaderForDeserialization]
com.google.gson.functional.CustomDeserializerTest:[testCustomDeserializerReturnsNullForTopLevelPrimitives, testCustomDeserializerReturnsNullForPrimitiveFields]
com.google.gson.functional.ExclusionStrategyFunctionalTest:[testExclusionStrategyWithMode, testExclusionStrategySerialization, testExclusionStrategyDeserialization]
com.google.gson.functional.ArrayTest:[testInvalidArrayDeserialization, testArrayOfObjectsWithoutTypeInfoDeserialization, testArrayOfPrimitivesWithCustomTypeAdapter, testMultiDimenstionalObjectArraysSerialization, testArrayOfPrimitivesAsObjectsSerialization, testArrayOfCollectionSerialization, testMixingTypesInObjectArraySerialization, testTopLevelArrayOfIntsDeserialization, testObjectArrayWithNonPrimitivesSerialization, testTopLevelArrayOfIntsSerialization, testArrayOfCollectionDeserialization, testArrayWithoutTypeInfoDeserialization]
com.google.gson.functional.MapTest:[testMapSubclassDeserialization, testMapSerializationWithNullKey, testInterfaceTypeMapWithSerializer, testMapDeserialization, testGeneralMapField, testCustomSerializerForSpecificMapType, testRawMapSerialization, testMapDeserializationWithNullKey, testParameterizedMapSubclassDeserialization, testMapSerialization, testMapDeserializationWithWildcardValues, testSerializeMaps]
com.google.gson.functional.MapAsArrayTypeAdapterTest:[testTwoTypesCollapseToOneSerialize, testTwoTypesCollapseToOneDeserialize, testMultipleEnableComplexKeyRegistrationHasNoEffect, testSerializeComplexMapWithTypeAdapter]
com.google.gson.functional.PrimitiveTest:[testDoubleInfinitySerialization, testDeserializeJsonArrayAsDoublePrimitive, testBigDecimalInASingleElementArraySerialization, testPrimitiveIntegerAutoboxedDeserialization, testBigDecimalSerialization, testFloatInfinitySerialization, testDeserializeJsonArrayAsBooleanWrapper, testNumberDeserialization, testLongAsStringSerialization, testPrimitiveIntegerAutoboxedSerialization, testBigIntegerInASingleElementArraySerialization, testBigDecimalDeserialization, testBigDecimalPreservePrecisionDeserialization, testPrimitiveClassLiteral, testDeserializeJsonArrayAsByteWrapper, testLargeDoubleDeserialization, testNegativeInfinitySerialization, testBigDecimalInfinityDeserializationNotSupported, testDeserializeJsonArrayAsLongWrapper, testDoubleInfinityDeserialization, testBigDecimalNaNDeserializationNotSupported, testSmallValueForBigIntegerDeserialization, testPrimitiveDoubleAutoboxedInASingleElementArrayDeserialization, testBigDecimalAsStringRepresentationDeserialization, testDoubleNoFractAsStringRepresentationDeserialization, testDeserializeJsonObjectAsDoubleWrapper, testPrimitiveLongAutoboxedInASingleElementArrayDeserialization, testDeserializeJsonObjectAsBigInteger, testFloatNaNDeserialization, testPrimitiveDoubleAutoboxedSerialization, testDeserializeJsonObjectAsBooleanPrimitive, testDeserializeJsonObjectAsBytePrimitive, testDeserializeJsonObjectAsShortPrimitive, testDeserializeJsonArrayAsNumber, testBigIntegerSerialization, testDoubleAsStringRepresentationDeserialization, testSmallValueForBigDecimalSerialization, testDoubleNaNDeserialization, testDeserializeJsonObjectAsLongPrimitive, testNegativeInfinityDeserialization, testDeserializeJsonArrayAsBigDecimal, testFloatInfinityDeserialization, testDeserializePrimitiveWrapperAsObjectField, testPrimitiveDoubleAutoboxedInASingleElementArraySerialization, testNumberSerialization, testBigDecimalNoFractAsStringRepresentationDeserialization, testDeserializeJsonObjectAsBigDecimal, testBigDecimalNegativeInfinityDeserializationNotSupported, testDoubleNaNSerialization, testNegativeInfinityFloatSerialization, testPrimitiveIntegerAutoboxedInASingleElementArraySerialization, testPrimitiveLongAutoboxedDeserialization, testBadValueForBigIntegerDeserialization, testBigIntegerInASingleElementArrayDeserialization, testReallyLongValuesSerialization, testOverridingDefaultPrimitiveSerialization, testReallyLongValuesDeserialization, testFloatNaNSerialization, testPrimitiveLongAutoboxedInASingleElementArraySerialization, testNegativeInfinityFloatDeserialization, testPrimitiveLongAutoboxedSerialization, testSmallValueForBigIntegerSerialization, testBigDecimalInASingleElementArrayDeserialization, testBigIntegerDeserialization, testDeserializeJsonObjectAsFloatPrimitive, testDeserializeJsonObjectAsNumber, testPrimitiveDoubleAutoboxedDeserialization, testBigDecimalPreservePrecisionSerialization, testDeserializeJsonArrayAsFloatWrapper, testSmallValueForBigDecimalDeserialization, testDeserializeJsonArrayAsBigInteger, testDeserializeJsonArrayAsInt, testPrimitiveIntegerAutoboxedInASingleElementArrayDeserialization]
com.google.gson.functional.DefaultTypeAdaptersTest:[testDefaultCalendarSerialization, testBitSetDeserialization, testBigDecimalFieldSerialization, testDefaultGregorianCalendarDeserialization, testBitSetSerialization, testDefaultGregorianCalendarSerialization, testDefaultCalendarDeserialization, testBigIntegerFieldSerialization, testBigIntegerFieldDeserialization, testBigDecimalFieldDeserialization]
[INFO] Instrument version before commit...
[INFO] Run on /tmp/v1/gson
[INFO] Running in NOCLASSPATH mode (doc: http://spoon.gforge.inria.fr/launcher.html).
[INFO] fr.davidson.diff.jjoules.process.junit4.JJoulesProcessor
Processing com.google.gson.functional.ArrayTest#testTopLevelArrayOfIntsSerialization
Processing com.google.gson.functional.ArrayTest#testTopLevelArrayOfIntsDeserialization
Processing com.google.gson.functional.ArrayTest#testInvalidArrayDeserialization
Processing com.google.gson.functional.ArrayTest#testArrayOfCollectionSerialization
Processing com.google.gson.functional.ArrayTest#testArrayOfCollectionDeserialization
Processing com.google.gson.functional.ArrayTest#testArrayOfPrimitivesWithCustomTypeAdapter
Processing com.google.gson.functional.ArrayTest#testArrayOfPrimitivesAsObjectsSerialization
Processing com.google.gson.functional.ArrayTest#testArrayOfObjectsWithoutTypeInfoDeserialization
Processing com.google.gson.functional.ArrayTest#testArrayWithoutTypeInfoDeserialization
Processing com.google.gson.functional.ArrayTest#testObjectArrayWithNonPrimitivesSerialization
Processing com.google.gson.functional.ArrayTest#testMultiDimenstionalObjectArraysSerialization
Processing com.google.gson.functional.ArrayTest#testMixingTypesInObjectArraySerialization
Processing com.google.gson.functional.CollectionTest#testTopLevelCollectionOfIntegersSerialization
Processing com.google.gson.functional.CollectionTest#testTopLevelCollectionOfIntegersDeserialization
Processing com.google.gson.functional.CollectionTest#testTopLevelListOfIntegerCollectionsDeserialization
Processing com.google.gson.functional.CollectionTest#testCollectionOfBagOfPrimitivesSerialization
Processing com.google.gson.functional.CollectionTest#testRawCollectionOfIntegersSerialization
Processing com.google.gson.functional.CollectionTest#testRawCollectionSerialization
Processing com.google.gson.functional.CollectionTest#testRawCollectionDeserializationNotAlllowed
Processing com.google.gson.functional.CollectionTest#testRawCollectionOfBagOfPrimitivesNotAllowed
Processing com.google.gson.functional.CollectionTest#testWildcardPrimitiveCollectionSerilaization
Processing com.google.gson.functional.CollectionTest#testWildcardPrimitiveCollectionDeserilaization
Processing com.google.gson.functional.CollectionTest#testWildcardCollectionField
Processing com.google.gson.functional.CollectionTest#testFieldIsArrayList
Processing com.google.gson.functional.CollectionTest#testSetSerialization
Processing com.google.gson.functional.CollectionTest#testSetDeserialization
Processing com.google.gson.functional.ConcurrencyTest#testSingleThreadSerialization
Processing com.google.gson.functional.ConcurrencyTest#testSingleThreadDeserialization
Processing com.google.gson.functional.ConcurrencyTest#testMultiThreadSerialization
Processing com.google.gson.functional.ConcurrencyTest#testMultiThreadDeserialization
Processing com.google.gson.functional.CustomDeserializerTest#testCustomDeserializerReturnsNullForTopLevelPrimitives
Processing com.google.gson.functional.CustomDeserializerTest#testCustomDeserializerReturnsNullForPrimitiveFields
Processing com.google.gson.functional.CustomTypeAdaptersTest#testCustomSerializers
Processing com.google.gson.functional.CustomTypeAdaptersTest#testCustomDeserializers
Processing com.google.gson.functional.CustomTypeAdaptersTest#testCustomNestedSerializers
Processing com.google.gson.functional.CustomTypeAdaptersTest#testCustomNestedDeserializers
Processing com.google.gson.functional.CustomTypeAdaptersTest#testCustomTypeAdapterDoesNotAppliesToSubClasses
Processing com.google.gson.functional.CustomTypeAdaptersTest#testCustomTypeAdapterAppliesToSubClassesSerializedAsBaseClass
Processing com.google.gson.functional.CustomTypeAdaptersTest#testCustomSerializerForLong
Processing com.google.gson.functional.CustomTypeAdaptersTest#testCustomDeserializerForLong
Processing com.google.gson.functional.DefaultTypeAdaptersTest#testBigDecimalFieldSerialization
Processing com.google.gson.functional.DefaultTypeAdaptersTest#testBigDecimalFieldDeserialization
Processing com.google.gson.functional.DefaultTypeAdaptersTest#testBigIntegerFieldSerialization
Processing com.google.gson.functional.DefaultTypeAdaptersTest#testBigIntegerFieldDeserialization
Processing com.google.gson.functional.DefaultTypeAdaptersTest#testBitSetSerialization
Processing com.google.gson.functional.DefaultTypeAdaptersTest#testBitSetDeserialization
Processing com.google.gson.functional.DefaultTypeAdaptersTest#testDefaultCalendarSerialization
Processing com.google.gson.functional.DefaultTypeAdaptersTest#testDefaultCalendarDeserialization
Processing com.google.gson.functional.DefaultTypeAdaptersTest#testDefaultGregorianCalendarSerialization
Processing com.google.gson.functional.DefaultTypeAdaptersTest#testDefaultGregorianCalendarDeserialization
Processing com.google.gson.functional.EscapingTest#testEscapingObjectFields
Processing com.google.gson.functional.EscapingTest#testGsonAcceptsEscapedAndNonEscapedJsonDeserialization
Processing com.google.gson.functional.EscapingTest#testGsonDoubleDeserialization
Processing com.google.gson.functional.ExclusionStrategyFunctionalTest#testExclusionStrategySerialization
Processing com.google.gson.functional.ExclusionStrategyFunctionalTest#testExclusionStrategyDeserialization
Processing com.google.gson.functional.ExclusionStrategyFunctionalTest#testExclusionStrategyWithMode
Processing com.google.gson.functional.ExposeFieldsTest#testNullExposeFieldSerialization
Processing com.google.gson.functional.ExposeFieldsTest#testArrayWithOneNullExposeFieldObjectSerialization
Processing com.google.gson.functional.ExposeFieldsTest#testExposeAnnotationSerialization
Processing com.google.gson.functional.ExposeFieldsTest#testExposeAnnotationDeserialization
Processing com.google.gson.functional.ExposeFieldsTest#testNoExposedFieldDeserialization
Processing com.google.gson.functional.InheritanceTest#testSubClassSerialization
Processing com.google.gson.functional.InheritanceTest#testSubClassDeserialization
Processing com.google.gson.functional.InheritanceTest#testSubInterfacesOfCollectionSerialization
Processing com.google.gson.functional.InheritanceTest#testSubInterfacesOfCollectionDeserialization
Processing com.google.gson.functional.JsonParserTest#testDeserializingCustomTree
Processing com.google.gson.functional.JsonParserTest#testBadFieldTypeForDeserializingCustomTree
Processing com.google.gson.functional.JsonParserTest#testChangingCustomTreeAndDeserializing
Processing com.google.gson.functional.JsonTreeTest#testToJsonTree
Processing com.google.gson.functional.JsonTreeTest#testToJsonTreeObjectType
Processing com.google.gson.functional.JsonTreeTest#testJsonTreeToString
Processing com.google.gson.functional.MapAsArrayTypeAdapterTest#testSerializeComplexMapWithTypeAdapter
Processing com.google.gson.functional.MapAsArrayTypeAdapterTest#testTwoTypesCollapseToOneSerialize
Processing com.google.gson.functional.MapAsArrayTypeAdapterTest#testTwoTypesCollapseToOneDeserialize
Processing com.google.gson.functional.MapAsArrayTypeAdapterTest#testMultipleEnableComplexKeyRegistrationHasNoEffect
Processing com.google.gson.functional.MapTest#testMapSerialization
Processing com.google.gson.functional.MapTest#testMapDeserialization
Processing com.google.gson.functional.MapTest#testRawMapSerialization
Processing com.google.gson.functional.MapTest#testMapSerializationWithNullKey
Processing com.google.gson.functional.MapTest#testMapDeserializationWithNullKey
Processing com.google.gson.functional.MapTest#testParameterizedMapSubclassDeserialization
Processing com.google.gson.functional.MapTest#testMapSubclassDeserialization
Processing com.google.gson.functional.MapTest#testCustomSerializerForSpecificMapType
Processing com.google.gson.functional.MapTest#testMapDeserializationWithWildcardValues
Processing com.google.gson.functional.MapTest#testSerializeMaps
Processing com.google.gson.functional.MapTest#testInterfaceTypeMapWithSerializer
Processing com.google.gson.functional.MapTest#testGeneralMapField
Processing com.google.gson.functional.MoreSpecificTypeSerializationTest#testSubclassFields
Processing com.google.gson.functional.MoreSpecificTypeSerializationTest#testListOfSubclassFields
Processing com.google.gson.functional.MoreSpecificTypeSerializationTest#testMapOfSubclassFields
Processing com.google.gson.functional.NamingPolicyTest#testGsonWithSerializedNameFieldNamingPolicySerialization
Processing com.google.gson.functional.NamingPolicyTest#testGsonWithSerializedNameFieldNamingPolicyDeserialization
Processing com.google.gson.functional.NamingPolicyTest#testGsonDuplicateNameUsingSerializedNameFieldNamingPolicySerialization
Processing com.google.gson.functional.NamingPolicyTest#testDeprecatedNamingStrategy
Processing com.google.gson.functional.NamingPolicyTest#testComplexFieldNameStrategy
Processing com.google.gson.functional.ObjectTest#testJsonInSingleQuotesDeserialization
Processing com.google.gson.functional.ObjectTest#testJsonInMixedQuotesDeserialization
Processing com.google.gson.functional.ObjectTest#testBagOfPrimitivesSerialization
Processing com.google.gson.functional.ObjectTest#testBagOfPrimitivesDeserialization
Processing com.google.gson.functional.ObjectTest#testBagOfPrimitiveWrappersSerialization
Processing com.google.gson.functional.ObjectTest#testBagOfPrimitiveWrappersDeserialization
Processing com.google.gson.functional.ObjectTest#testClassWithTransientFieldsSerialization
Processing com.google.gson.functional.ObjectTest#testClassWithTransientFieldsDeserialization
Processing com.google.gson.functional.ObjectTest#testClassWithTransientFieldsDeserializationTransientFieldsPassedInJsonAreIgnored
Processing com.google.gson.functional.ObjectTest#testNestedSerialization
Processing com.google.gson.functional.ObjectTest#testNestedDeserialization
Processing com.google.gson.functional.ObjectTest#testNullFieldsSerialization
Processing com.google.gson.functional.ObjectTest#testNullFieldsDeserialization
Processing com.google.gson.functional.ObjectTest#testArrayOfObjectsSerialization
Processing com.google.gson.functional.ObjectTest#testArrayOfObjectsDeserialization
Processing com.google.gson.functional.ObjectTest#testArrayOfArraysSerialization
Processing com.google.gson.functional.ObjectTest#testArrayOfArraysDeserialization
Processing com.google.gson.functional.ObjectTest#testArrayOfObjectsAsFields
Processing com.google.gson.functional.ObjectTest#testPrimitiveArrayInAnObjectDeserialization
Processing com.google.gson.functional.ObjectTest#testPrivateNoArgConstructorDeserialization
Processing com.google.gson.functional.ObjectTest#testPrimitiveArrayFieldSerialization
Processing com.google.gson.functional.ObjectTest#testInnerClassSerialization
Processing com.google.gson.functional.ObjectTest#testInnerClassDeserialization
Processing com.google.gson.functional.ObjectTest#testObjectFieldNamesWithoutQuotesDeserialization
Processing com.google.gson.functional.ObjectTest#testStringFieldWithNumberValueDeserialization
Processing com.google.gson.functional.ParameterizedTypesTest#testParameterizedTypesSerialization
Processing com.google.gson.functional.ParameterizedTypesTest#testParameterizedTypeDeserialization
Processing com.google.gson.functional.ParameterizedTypesTest#testTypesWithMultipleParametersSerialization
Processing com.google.gson.functional.ParameterizedTypesTest#testTypesWithMultipleParametersDeserialization
Processing com.google.gson.functional.ParameterizedTypesTest#testParameterizedTypeWithCustomSerializer
Processing com.google.gson.functional.ParameterizedTypesTest#testParameterizedTypesWithWriterSerialization
Processing com.google.gson.functional.ParameterizedTypesTest#testParameterizedTypeWithReaderDeserialization
Processing com.google.gson.functional.ParameterizedTypesTest#testVariableTypeFieldsAndGenericArraysSerialization
Processing com.google.gson.functional.ParameterizedTypesTest#testVariableTypeFieldsAndGenericArraysDeserialization
Processing com.google.gson.functional.ParameterizedTypesTest#testVariableTypeDeserialization
Processing com.google.gson.functional.ParameterizedTypesTest#testVariableTypeArrayDeserialization
Processing com.google.gson.functional.ParameterizedTypesTest#testParameterizedTypeWithVariableTypeDeserialization
Processing com.google.gson.functional.ParameterizedTypesTest#testParameterizedTypeGenericArraysSerialization
Processing com.google.gson.functional.ParameterizedTypesTest#testParameterizedTypeGenericArraysDeserialization
Processing com.google.gson.functional.ParameterizedTypesTest#testDeepParameterizedTypeSerialization
Processing com.google.gson.functional.ParameterizedTypesTest#testDeepParameterizedTypeDeserialization
Processing com.google.gson.functional.PrettyPrintingTest#testPrettyPrintList
Processing com.google.gson.functional.PrettyPrintingTest#testPrettyPrintArrayOfObjects
Processing com.google.gson.functional.PrettyPrintingTest#testPrettyPrintArrayOfPrimitives
Processing com.google.gson.functional.PrettyPrintingTest#testPrettyPrintArrayOfPrimitiveArrays
Processing com.google.gson.functional.PrettyPrintingTest#testPrettyPrintListOfPrimitiveArrays
Processing com.google.gson.functional.PrettyPrintingTest#testMap
Processing com.google.gson.functional.PrettyPrintingTest#testEmptyMapField
Processing com.google.gson.functional.PrettyPrintingTest#testMultipleArrays
Processing com.google.gson.functional.PrimitiveTest#testPrimitiveIntegerAutoboxedSerialization
Processing com.google.gson.functional.PrimitiveTest#testPrimitiveIntegerAutoboxedDeserialization
Processing com.google.gson.functional.PrimitiveTest#testPrimitiveIntegerAutoboxedInASingleElementArraySerialization
Processing com.google.gson.functional.PrimitiveTest#testPrimitiveIntegerAutoboxedInASingleElementArrayDeserialization
Processing com.google.gson.functional.PrimitiveTest#testReallyLongValuesSerialization
Processing com.google.gson.functional.PrimitiveTest#testReallyLongValuesDeserialization
Processing com.google.gson.functional.PrimitiveTest#testPrimitiveLongAutoboxedSerialization
Processing com.google.gson.functional.PrimitiveTest#testPrimitiveLongAutoboxedDeserialization
Processing com.google.gson.functional.PrimitiveTest#testPrimitiveLongAutoboxedInASingleElementArraySerialization
Processing com.google.gson.functional.PrimitiveTest#testPrimitiveLongAutoboxedInASingleElementArrayDeserialization
Processing com.google.gson.functional.PrimitiveTest#testNumberSerialization
Processing com.google.gson.functional.PrimitiveTest#testNumberDeserialization
Processing com.google.gson.functional.PrimitiveTest#testPrimitiveDoubleAutoboxedSerialization
Processing com.google.gson.functional.PrimitiveTest#testPrimitiveDoubleAutoboxedDeserialization
Processing com.google.gson.functional.PrimitiveTest#testPrimitiveDoubleAutoboxedInASingleElementArraySerialization
Processing com.google.gson.functional.PrimitiveTest#testDoubleAsStringRepresentationDeserialization
Processing com.google.gson.functional.PrimitiveTest#testDoubleNoFractAsStringRepresentationDeserialization
Processing com.google.gson.functional.PrimitiveTest#testLargeDoubleDeserialization
Processing com.google.gson.functional.PrimitiveTest#testPrimitiveDoubleAutoboxedInASingleElementArrayDeserialization
Processing com.google.gson.functional.PrimitiveTest#testBigDecimalSerialization
Processing com.google.gson.functional.PrimitiveTest#testBigDecimalDeserialization
Processing com.google.gson.functional.PrimitiveTest#testBigDecimalInASingleElementArraySerialization
Processing com.google.gson.functional.PrimitiveTest#testBigDecimalInASingleElementArrayDeserialization
Processing com.google.gson.functional.PrimitiveTest#testSmallValueForBigDecimalSerialization
Processing com.google.gson.functional.PrimitiveTest#testSmallValueForBigDecimalDeserialization
Processing com.google.gson.functional.PrimitiveTest#testBigDecimalPreservePrecisionSerialization
Processing com.google.gson.functional.PrimitiveTest#testBigDecimalPreservePrecisionDeserialization
Processing com.google.gson.functional.PrimitiveTest#testBigDecimalAsStringRepresentationDeserialization
Processing com.google.gson.functional.PrimitiveTest#testBigDecimalNoFractAsStringRepresentationDeserialization
Processing com.google.gson.functional.PrimitiveTest#testBigIntegerSerialization
Processing com.google.gson.functional.PrimitiveTest#testBigIntegerDeserialization
Processing com.google.gson.functional.PrimitiveTest#testBigIntegerInASingleElementArraySerialization
Processing com.google.gson.functional.PrimitiveTest#testBigIntegerInASingleElementArrayDeserialization
Processing com.google.gson.functional.PrimitiveTest#testSmallValueForBigIntegerSerialization
Processing com.google.gson.functional.PrimitiveTest#testSmallValueForBigIntegerDeserialization
Processing com.google.gson.functional.PrimitiveTest#testBadValueForBigIntegerDeserialization
Processing com.google.gson.functional.PrimitiveTest#testOverridingDefaultPrimitiveSerialization
Processing com.google.gson.functional.PrimitiveTest#testDoubleNaNSerialization
Processing com.google.gson.functional.PrimitiveTest#testDoubleNaNDeserialization
Processing com.google.gson.functional.PrimitiveTest#testFloatNaNSerialization
Processing com.google.gson.functional.PrimitiveTest#testFloatNaNDeserialization
Processing com.google.gson.functional.PrimitiveTest#testBigDecimalNaNDeserializationNotSupported
Processing com.google.gson.functional.PrimitiveTest#testDoubleInfinitySerialization
Processing com.google.gson.functional.PrimitiveTest#testDoubleInfinityDeserialization
Processing com.google.gson.functional.PrimitiveTest#testFloatInfinitySerialization
Processing com.google.gson.functional.PrimitiveTest#testFloatInfinityDeserialization
Processing com.google.gson.functional.PrimitiveTest#testBigDecimalInfinityDeserializationNotSupported
Processing com.google.gson.functional.PrimitiveTest#testNegativeInfinitySerialization
Processing com.google.gson.functional.PrimitiveTest#testNegativeInfinityDeserialization
Processing com.google.gson.functional.PrimitiveTest#testNegativeInfinityFloatSerialization
Processing com.google.gson.functional.PrimitiveTest#testNegativeInfinityFloatDeserialization
Processing com.google.gson.functional.PrimitiveTest#testBigDecimalNegativeInfinityDeserializationNotSupported
Processing com.google.gson.functional.PrimitiveTest#testLongAsStringSerialization
Processing com.google.gson.functional.PrimitiveTest#testDeserializePrimitiveWrapperAsObjectField
Processing com.google.gson.functional.PrimitiveTest#testPrimitiveClassLiteral
Processing com.google.gson.functional.PrimitiveTest#testDeserializeJsonObjectAsLongPrimitive
Processing com.google.gson.functional.PrimitiveTest#testDeserializeJsonArrayAsLongWrapper
Processing com.google.gson.functional.PrimitiveTest#testDeserializeJsonArrayAsInt
Processing com.google.gson.functional.PrimitiveTest#testDeserializeJsonObjectAsShortPrimitive
Processing com.google.gson.functional.PrimitiveTest#testDeserializeJsonArrayAsDoublePrimitive
Processing com.google.gson.functional.PrimitiveTest#testDeserializeJsonObjectAsDoubleWrapper
Processing com.google.gson.functional.PrimitiveTest#testDeserializeJsonObjectAsFloatPrimitive
Processing com.google.gson.functional.PrimitiveTest#testDeserializeJsonArrayAsFloatWrapper
Processing com.google.gson.functional.PrimitiveTest#testDeserializeJsonObjectAsBytePrimitive
Processing com.google.gson.functional.PrimitiveTest#testDeserializeJsonArrayAsByteWrapper
Processing com.google.gson.functional.PrimitiveTest#testDeserializeJsonObjectAsBooleanPrimitive
Processing com.google.gson.functional.PrimitiveTest#testDeserializeJsonArrayAsBooleanWrapper
Processing com.google.gson.functional.PrimitiveTest#testDeserializeJsonArrayAsBigDecimal
Processing com.google.gson.functional.PrimitiveTest#testDeserializeJsonObjectAsBigDecimal
Processing com.google.gson.functional.PrimitiveTest#testDeserializeJsonArrayAsBigInteger
Processing com.google.gson.functional.PrimitiveTest#testDeserializeJsonObjectAsBigInteger
Processing com.google.gson.functional.PrimitiveTest#testDeserializeJsonArrayAsNumber
Processing com.google.gson.functional.PrimitiveTest#testDeserializeJsonObjectAsNumber
Processing com.google.gson.functional.PrintFormattingTest#testCompactFormattingLeavesNoWhiteSpace
Processing com.google.gson.functional.ReadersWritersTest#testWriterForSerialization
Processing com.google.gson.functional.ReadersWritersTest#testReaderForDeserialization
Processing com.google.gson.functional.ReadersWritersTest#testReadWriteTwoObjects
Processing com.google.gson.functional.SecurityTest#testNonExecutableJsonSerialization
Processing com.google.gson.functional.SecurityTest#testNonExecutableJsonDeserialization
Processing com.google.gson.functional.SecurityTest#testJsonWithNonExectuableTokenWithConfiguredGsonDeserialization
Processing com.google.gson.functional.TypeHierarchyAdapterTest#testTypeHierarchy
Processing com.google.gson.functional.TypeVariableTest#testAdvancedTypeVariables
Processing com.google.gson.functional.TypeVariableTest#testTypeVariablesViaTypeParameter
Processing com.google.gson.functional.UncategorizedTest#testInvalidJsonDeserializationFails
Processing com.google.gson.functional.UncategorizedTest#testStaticFieldsAreNotSerialized
Processing com.google.gson.functional.UncategorizedTest#testGsonInstanceReusableForSerializationAndDeserialization
Processing com.google.gson.functional.UncategorizedTest#testTrailingWhitespace
Processing com.google.gson.functional.VersioningTest#testVersionedUntilSerialization
Processing com.google.gson.functional.VersioningTest#testVersionedUntilDeserialization
Processing com.google.gson.functional.VersioningTest#testVersionedClassesSerialization
Processing com.google.gson.functional.VersioningTest#testVersionedClassesDeserialization
Processing com.google.gson.functional.VersioningTest#testIgnoreLaterVersionClassDeserialization
Processing com.google.gson.functional.VersioningTest#testVersionedGsonWithUnversionedClassesSerialization
Processing com.google.gson.functional.VersioningTest#testVersionedGsonWithUnversionedClassesDeserialization
Processing com.google.gson.functional.VersioningTest#testVersionedGsonMixingSinceAndUntilSerialization
Processing com.google.gson.functional.VersioningTest#testVersionedGsonMixingSinceAndUntilDeserialization
Processing com.google.gson.GsonTypeAdapterTest#testDefaultTypeAdapterThrowsParseException
Processing com.google.gson.GsonTypeAdapterTest#testTypeAdapterThrowsException
Processing com.google.gson.GsonTypeAdapterTest#testTypeAdapterProperlyConvertsTypes
Processing com.google.gson.JsonDeserializerExceptionWrapperTest#testWrappedExceptionPropagation
Processing com.google.gson.JsonParserTest#testParseString
Processing com.google.gson.JsonParserTest#testParseMixedArray
Processing com.google.gson.JsonParserTest#testParseReader
Processing com.google.gson.JsonParserTest#testReadWriteTwoObjects
Processing com.google.gson.JsonPrimitiveTest#testBoolean
Processing com.google.gson.JsonPrimitiveTest#testStringsAndChar
Processing com.google.gson.JsonPrimitiveTest#testByteEqualsShort
Processing com.google.gson.JsonPrimitiveTest#testByteEqualsInteger
Processing com.google.gson.JsonPrimitiveTest#testByteEqualsLong
Processing com.google.gson.JsonPrimitiveTest#testByteEqualsBigInteger
Processing com.google.gson.JsonPrimitiveTest#testShortEqualsInteger
Processing com.google.gson.JsonPrimitiveTest#testShortEqualsLong
Processing com.google.gson.JsonPrimitiveTest#testShortEqualsBigInteger
Processing com.google.gson.JsonPrimitiveTest#testIntegerEqualsLong
Processing com.google.gson.JsonPrimitiveTest#testIntegerEqualsBigInteger
Processing com.google.gson.JsonPrimitiveTest#testLongEqualsBigInteger
Processing com.google.gson.JsonPrimitiveTest#testFloatEqualsDouble
Processing com.google.gson.JsonPrimitiveTest#testFloatEqualsBigDecimal
Processing com.google.gson.JsonPrimitiveTest#testDoubleEqualsBigDecimal
Processing com.google.gson.JsonPrimitiveTest#testValidJsonOnToString
Processing com.google.gson.JsonPrimitiveTest#testEquals
Processing com.google.gson.JsonPrimitiveTest#testEqualsAcrossTypes
Processing com.google.gson.LongSerializationPolicyTest#testDefaultLongSerialization
Processing com.google.gson.LongSerializationPolicyTest#testStringLongSerialization
Processing com.google.gson.MixedStreamTest#testWriteMixedStreamed
Processing com.google.gson.MixedStreamTest#testReadMixedStreamed
Processing com.google.gson.MixedStreamTest#testReaderDoesNotMutateState
Processing com.google.gson.MixedStreamTest#testWriteDoesNotMutateState
Processing com.google.gson.MixedStreamTest#testWriteLenient
[INFO] Printing com.google.gson.functional.PrimitiveTest to /tmp/v1/gson/src/test/java//com/google/gson/functional/PrimitiveTest.java
[INFO] Printing com.google.gson.functional.ReadersWritersTest to /tmp/v1/gson/src/test/java//com/google/gson/functional/ReadersWritersTest.java
[INFO] Printing com.google.gson.functional.CustomTypeAdaptersTest to /tmp/v1/gson/src/test/java//com/google/gson/functional/CustomTypeAdaptersTest.java
[INFO] Printing com.google.gson.functional.PrintFormattingTest to /tmp/v1/gson/src/test/java//com/google/gson/functional/PrintFormattingTest.java
[INFO] Printing com.google.gson.MixedStreamTest to /tmp/v1/gson/src/test/java//com/google/gson/MixedStreamTest.java
[INFO] Printing com.google.gson.functional.CustomDeserializerTest to /tmp/v1/gson/src/test/java//com/google/gson/functional/CustomDeserializerTest.java
[INFO] Printing com.google.gson.functional.NamingPolicyTest to /tmp/v1/gson/src/test/java//com/google/gson/functional/NamingPolicyTest.java
[INFO] Printing com.google.gson.functional.InheritanceTest to /tmp/v1/gson/src/test/java//com/google/gson/functional/InheritanceTest.java
[INFO] Printing com.google.gson.functional.VersioningTest to /tmp/v1/gson/src/test/java//com/google/gson/functional/VersioningTest.java
[INFO] Printing com.google.gson.GsonTypeAdapterTest to /tmp/v1/gson/src/test/java//com/google/gson/GsonTypeAdapterTest.java
[INFO] Printing com.google.gson.functional.UncategorizedTest to /tmp/v1/gson/src/test/java//com/google/gson/functional/UncategorizedTest.java
[INFO] Printing com.google.gson.functional.TypeHierarchyAdapterTest to /tmp/v1/gson/src/test/java//com/google/gson/functional/TypeHierarchyAdapterTest.java
[INFO] Printing com.google.gson.functional.ParameterizedTypesTest to /tmp/v1/gson/src/test/java//com/google/gson/functional/ParameterizedTypesTest.java
[INFO] Printing com.google.gson.functional.SecurityTest to /tmp/v1/gson/src/test/java//com/google/gson/functional/SecurityTest.java
[INFO] Printing com.google.gson.JsonDeserializerExceptionWrapperTest to /tmp/v1/gson/src/test/java//com/google/gson/JsonDeserializerExceptionWrapperTest.java
[INFO] Printing com.google.gson.functional.JsonParserTest to /tmp/v1/gson/src/test/java//com/google/gson/functional/JsonParserTest.java
[INFO] Printing com.google.gson.JsonParserTest to /tmp/v1/gson/src/test/java//com/google/gson/JsonParserTest.java
[INFO] Printing com.google.gson.functional.ConcurrencyTest to /tmp/v1/gson/src/test/java//com/google/gson/functional/ConcurrencyTest.java
[INFO] Printing com.google.gson.functional.DefaultTypeAdaptersTest to /tmp/v1/gson/src/test/java//com/google/gson/functional/DefaultTypeAdaptersTest.java
[INFO] Printing com.google.gson.functional.ArrayTest to /tmp/v1/gson/src/test/java//com/google/gson/functional/ArrayTest.java
[INFO] Printing com.google.gson.functional.ExclusionStrategyFunctionalTest to /tmp/v1/gson/src/test/java//com/google/gson/functional/ExclusionStrategyFunctionalTest.java
[INFO] Printing com.google.gson.functional.JsonTreeTest to /tmp/v1/gson/src/test/java//com/google/gson/functional/JsonTreeTest.java
[INFO] Printing com.google.gson.functional.MoreSpecificTypeSerializationTest to /tmp/v1/gson/src/test/java//com/google/gson/functional/MoreSpecificTypeSerializationTest.java
[INFO] Printing com.google.gson.functional.TypeVariableTest to /tmp/v1/gson/src/test/java//com/google/gson/functional/TypeVariableTest.java
[INFO] Printing com.google.gson.functional.MapTest to /tmp/v1/gson/src/test/java//com/google/gson/functional/MapTest.java
[INFO] Printing com.google.gson.functional.ExposeFieldsTest to /tmp/v1/gson/src/test/java//com/google/gson/functional/ExposeFieldsTest.java
[INFO] Printing com.google.gson.JsonPrimitiveTest to /tmp/v1/gson/src/test/java//com/google/gson/JsonPrimitiveTest.java
[INFO] Printing com.google.gson.functional.ObjectTest to /tmp/v1/gson/src/test/java//com/google/gson/functional/ObjectTest.java
[INFO] Printing com.google.gson.functional.PrettyPrintingTest to /tmp/v1/gson/src/test/java//com/google/gson/functional/PrettyPrintingTest.java
[INFO] Printing com.google.gson.functional.EscapingTest to /tmp/v1/gson/src/test/java//com/google/gson/functional/EscapingTest.java
[INFO] Printing com.google.gson.functional.CollectionTest to /tmp/v1/gson/src/test/java//com/google/gson/functional/CollectionTest.java
[INFO] Printing com.google.gson.functional.MapAsArrayTypeAdapterTest to /tmp/v1/gson/src/test/java//com/google/gson/functional/MapAsArrayTypeAdapterTest.java
[INFO] Printing com.google.gson.LongSerializationPolicyTest to /tmp/v1/gson/src/test/java//com/google/gson/LongSerializationPolicyTest.java
[INFO] Injecting JUnit-Jjoules in /tmp/v1/gson/pom.xml
[INFO] Output new POM file in /tmp/v1/gson/pom.xml
[INFO] Instrument version after commit...
[INFO] Run on /tmp/v2/gson/
[INFO] Running in NOCLASSPATH mode (doc: http://spoon.gforge.inria.fr/launcher.html).
[INFO] fr.davidson.diff.jjoules.process.junit4.JJoulesProcessor
Processing com.google.gson.functional.ArrayTest#testTopLevelArrayOfIntsSerialization
Processing com.google.gson.functional.ArrayTest#testTopLevelArrayOfIntsDeserialization
Processing com.google.gson.functional.ArrayTest#testInvalidArrayDeserialization
Processing com.google.gson.functional.ArrayTest#testArrayOfCollectionSerialization
Processing com.google.gson.functional.ArrayTest#testArrayOfCollectionDeserialization
Processing com.google.gson.functional.ArrayTest#testArrayOfPrimitivesWithCustomTypeAdapter
Processing com.google.gson.functional.ArrayTest#testArrayOfPrimitivesAsObjectsSerialization
Processing com.google.gson.functional.ArrayTest#testArrayOfObjectsWithoutTypeInfoDeserialization
Processing com.google.gson.functional.ArrayTest#testArrayWithoutTypeInfoDeserialization
Processing com.google.gson.functional.ArrayTest#testObjectArrayWithNonPrimitivesSerialization
Processing com.google.gson.functional.ArrayTest#testMultiDimenstionalObjectArraysSerialization
Processing com.google.gson.functional.ArrayTest#testMixingTypesInObjectArraySerialization
Processing com.google.gson.functional.CollectionTest#testTopLevelCollectionOfIntegersSerialization
Processing com.google.gson.functional.CollectionTest#testTopLevelCollectionOfIntegersDeserialization
Processing com.google.gson.functional.CollectionTest#testTopLevelListOfIntegerCollectionsDeserialization
Processing com.google.gson.functional.CollectionTest#testCollectionOfBagOfPrimitivesSerialization
Processing com.google.gson.functional.CollectionTest#testRawCollectionOfIntegersSerialization
Processing com.google.gson.functional.CollectionTest#testRawCollectionSerialization
Processing com.google.gson.functional.CollectionTest#testRawCollectionDeserializationNotAlllowed
Processing com.google.gson.functional.CollectionTest#testRawCollectionOfBagOfPrimitivesNotAllowed
Processing com.google.gson.functional.CollectionTest#testWildcardPrimitiveCollectionSerilaization
Processing com.google.gson.functional.CollectionTest#testWildcardPrimitiveCollectionDeserilaization
Processing com.google.gson.functional.CollectionTest#testWildcardCollectionField
Processing com.google.gson.functional.CollectionTest#testFieldIsArrayList
Processing com.google.gson.functional.CollectionTest#testSetSerialization
Processing com.google.gson.functional.CollectionTest#testSetDeserialization
Processing com.google.gson.functional.ConcurrencyTest#testSingleThreadSerialization
Processing com.google.gson.functional.ConcurrencyTest#testSingleThreadDeserialization
Processing com.google.gson.functional.ConcurrencyTest#testMultiThreadSerialization
Processing com.google.gson.functional.ConcurrencyTest#testMultiThreadDeserialization
Processing com.google.gson.functional.CustomDeserializerTest#testCustomDeserializerReturnsNullForTopLevelPrimitives
Processing com.google.gson.functional.CustomDeserializerTest#testCustomDeserializerReturnsNullForPrimitiveFields
Processing com.google.gson.functional.CustomTypeAdaptersTest#testCustomSerializers
Processing com.google.gson.functional.CustomTypeAdaptersTest#testCustomDeserializers
Processing com.google.gson.functional.CustomTypeAdaptersTest#testCustomNestedSerializers
Processing com.google.gson.functional.CustomTypeAdaptersTest#testCustomNestedDeserializers
Processing com.google.gson.functional.CustomTypeAdaptersTest#testCustomTypeAdapterDoesNotAppliesToSubClasses
Processing com.google.gson.functional.CustomTypeAdaptersTest#testCustomTypeAdapterAppliesToSubClassesSerializedAsBaseClass
Processing com.google.gson.functional.CustomTypeAdaptersTest#testCustomSerializerForLong
Processing com.google.gson.functional.CustomTypeAdaptersTest#testCustomDeserializerForLong
Processing com.google.gson.functional.DefaultTypeAdaptersTest#testBigDecimalFieldSerialization
Processing com.google.gson.functional.DefaultTypeAdaptersTest#testBigDecimalFieldDeserialization
Processing com.google.gson.functional.DefaultTypeAdaptersTest#testBigIntegerFieldSerialization
Processing com.google.gson.functional.DefaultTypeAdaptersTest#testBigIntegerFieldDeserialization
Processing com.google.gson.functional.DefaultTypeAdaptersTest#testBitSetSerialization
Processing com.google.gson.functional.DefaultTypeAdaptersTest#testBitSetDeserialization
Processing com.google.gson.functional.DefaultTypeAdaptersTest#testDefaultCalendarSerialization
Processing com.google.gson.functional.DefaultTypeAdaptersTest#testDefaultCalendarDeserialization
Processing com.google.gson.functional.DefaultTypeAdaptersTest#testDefaultGregorianCalendarSerialization
Processing com.google.gson.functional.DefaultTypeAdaptersTest#testDefaultGregorianCalendarDeserialization
Processing com.google.gson.functional.EscapingTest#testEscapingObjectFields
Processing com.google.gson.functional.EscapingTest#testGsonAcceptsEscapedAndNonEscapedJsonDeserialization
Processing com.google.gson.functional.EscapingTest#testGsonDoubleDeserialization
Processing com.google.gson.functional.ExclusionStrategyFunctionalTest#testExclusionStrategySerialization
Processing com.google.gson.functional.ExclusionStrategyFunctionalTest#testExclusionStrategyDeserialization
Processing com.google.gson.functional.ExclusionStrategyFunctionalTest#testExclusionStrategyWithMode
Processing com.google.gson.functional.ExposeFieldsTest#testNullExposeFieldSerialization
Processing com.google.gson.functional.ExposeFieldsTest#testArrayWithOneNullExposeFieldObjectSerialization
Processing com.google.gson.functional.ExposeFieldsTest#testExposeAnnotationSerialization
Processing com.google.gson.functional.ExposeFieldsTest#testExposeAnnotationDeserialization
Processing com.google.gson.functional.ExposeFieldsTest#testNoExposedFieldDeserialization
Processing com.google.gson.functional.InheritanceTest#testSubClassSerialization
Processing com.google.gson.functional.InheritanceTest#testSubClassDeserialization
Processing com.google.gson.functional.InheritanceTest#testSubInterfacesOfCollectionSerialization
Processing com.google.gson.functional.InheritanceTest#testSubInterfacesOfCollectionDeserialization
Processing com.google.gson.functional.JsonParserTest#testDeserializingCustomTree
Processing com.google.gson.functional.JsonParserTest#testBadFieldTypeForDeserializingCustomTree
Processing com.google.gson.functional.JsonParserTest#testChangingCustomTreeAndDeserializing
Processing com.google.gson.functional.JsonTreeTest#testToJsonTree
Processing com.google.gson.functional.JsonTreeTest#testToJsonTreeObjectType
Processing com.google.gson.functional.JsonTreeTest#testJsonTreeToString
Processing com.google.gson.functional.MapAsArrayTypeAdapterTest#testSerializeComplexMapWithTypeAdapter
Processing com.google.gson.functional.MapAsArrayTypeAdapterTest#testTwoTypesCollapseToOneSerialize
Processing com.google.gson.functional.MapAsArrayTypeAdapterTest#testTwoTypesCollapseToOneDeserialize
Processing com.google.gson.functional.MapAsArrayTypeAdapterTest#testMultipleEnableComplexKeyRegistrationHasNoEffect
Processing com.google.gson.functional.MapTest#testMapSerialization
Processing com.google.gson.functional.MapTest#testMapDeserialization
Processing com.google.gson.functional.MapTest#testRawMapSerialization
Processing com.google.gson.functional.MapTest#testMapSerializationWithNullKey
Processing com.google.gson.functional.MapTest#testMapDeserializationWithNullKey
Processing com.google.gson.functional.MapTest#testParameterizedMapSubclassDeserialization
Processing com.google.gson.functional.MapTest#testMapSubclassDeserialization
Processing com.google.gson.functional.MapTest#testCustomSerializerForSpecificMapType
Processing com.google.gson.functional.MapTest#testMapDeserializationWithWildcardValues
Processing com.google.gson.functional.MapTest#testSerializeMaps
Processing com.google.gson.functional.MapTest#testInterfaceTypeMapWithSerializer
Processing com.google.gson.functional.MapTest#testGeneralMapField
Processing com.google.gson.functional.MoreSpecificTypeSerializationTest#testSubclassFields
Processing com.google.gson.functional.MoreSpecificTypeSerializationTest#testListOfSubclassFields
Processing com.google.gson.functional.MoreSpecificTypeSerializationTest#testMapOfSubclassFields
Processing com.google.gson.functional.NamingPolicyTest#testGsonWithSerializedNameFieldNamingPolicySerialization
Processing com.google.gson.functional.NamingPolicyTest#testGsonWithSerializedNameFieldNamingPolicyDeserialization
Processing com.google.gson.functional.NamingPolicyTest#testGsonDuplicateNameUsingSerializedNameFieldNamingPolicySerialization
Processing com.google.gson.functional.NamingPolicyTest#testDeprecatedNamingStrategy
Processing com.google.gson.functional.NamingPolicyTest#testComplexFieldNameStrategy
Processing com.google.gson.functional.ObjectTest#testJsonInSingleQuotesDeserialization
Processing com.google.gson.functional.ObjectTest#testJsonInMixedQuotesDeserialization
Processing com.google.gson.functional.ObjectTest#testBagOfPrimitivesSerialization
Processing com.google.gson.functional.ObjectTest#testBagOfPrimitivesDeserialization
Processing com.google.gson.functional.ObjectTest#testBagOfPrimitiveWrappersSerialization
Processing com.google.gson.functional.ObjectTest#testBagOfPrimitiveWrappersDeserialization
Processing com.google.gson.functional.ObjectTest#testClassWithTransientFieldsSerialization
Processing com.google.gson.functional.ObjectTest#testClassWithTransientFieldsDeserialization
Processing com.google.gson.functional.ObjectTest#testClassWithTransientFieldsDeserializationTransientFieldsPassedInJsonAreIgnored
Processing com.google.gson.functional.ObjectTest#testNestedSerialization
Processing com.google.gson.functional.ObjectTest#testNestedDeserialization
Processing com.google.gson.functional.ObjectTest#testNullFieldsSerialization
Processing com.google.gson.functional.ObjectTest#testNullFieldsDeserialization
Processing com.google.gson.functional.ObjectTest#testArrayOfObjectsSerialization
Processing com.google.gson.functional.ObjectTest#testArrayOfObjectsDeserialization
Processing com.google.gson.functional.ObjectTest#testArrayOfArraysSerialization
Processing com.google.gson.functional.ObjectTest#testArrayOfArraysDeserialization
Processing com.google.gson.functional.ObjectTest#testArrayOfObjectsAsFields
Processing com.google.gson.functional.ObjectTest#testPrimitiveArrayInAnObjectDeserialization
Processing com.google.gson.functional.ObjectTest#testPrivateNoArgConstructorDeserialization
Processing com.google.gson.functional.ObjectTest#testPrimitiveArrayFieldSerialization
Processing com.google.gson.functional.ObjectTest#testInnerClassSerialization
Processing com.google.gson.functional.ObjectTest#testInnerClassDeserialization
Processing com.google.gson.functional.ObjectTest#testObjectFieldNamesWithoutQuotesDeserialization
Processing com.google.gson.functional.ObjectTest#testStringFieldWithNumberValueDeserialization
Processing com.google.gson.functional.ParameterizedTypesTest#testParameterizedTypesSerialization
Processing com.google.gson.functional.ParameterizedTypesTest#testParameterizedTypeDeserialization
Processing com.google.gson.functional.ParameterizedTypesTest#testTypesWithMultipleParametersSerialization
Processing com.google.gson.functional.ParameterizedTypesTest#testTypesWithMultipleParametersDeserialization
Processing com.google.gson.functional.ParameterizedTypesTest#testParameterizedTypeWithCustomSerializer
Processing com.google.gson.functional.ParameterizedTypesTest#testParameterizedTypesWithWriterSerialization
Processing com.google.gson.functional.ParameterizedTypesTest#testParameterizedTypeWithReaderDeserialization
Processing com.google.gson.functional.ParameterizedTypesTest#testVariableTypeFieldsAndGenericArraysSerialization
Processing com.google.gson.functional.ParameterizedTypesTest#testVariableTypeFieldsAndGenericArraysDeserialization
Processing com.google.gson.functional.ParameterizedTypesTest#testVariableTypeDeserialization
Processing com.google.gson.functional.ParameterizedTypesTest#testVariableTypeArrayDeserialization
Processing com.google.gson.functional.ParameterizedTypesTest#testParameterizedTypeWithVariableTypeDeserialization
Processing com.google.gson.functional.ParameterizedTypesTest#testParameterizedTypeGenericArraysSerialization
Processing com.google.gson.functional.ParameterizedTypesTest#testParameterizedTypeGenericArraysDeserialization
Processing com.google.gson.functional.ParameterizedTypesTest#testDeepParameterizedTypeSerialization
Processing com.google.gson.functional.ParameterizedTypesTest#testDeepParameterizedTypeDeserialization
Processing com.google.gson.functional.PrettyPrintingTest#testPrettyPrintList
Processing com.google.gson.functional.PrettyPrintingTest#testPrettyPrintArrayOfObjects
Processing com.google.gson.functional.PrettyPrintingTest#testPrettyPrintArrayOfPrimitives
Processing com.google.gson.functional.PrettyPrintingTest#testPrettyPrintArrayOfPrimitiveArrays
Processing com.google.gson.functional.PrettyPrintingTest#testPrettyPrintListOfPrimitiveArrays
Processing com.google.gson.functional.PrettyPrintingTest#testMap
Processing com.google.gson.functional.PrettyPrintingTest#testEmptyMapField
Processing com.google.gson.functional.PrettyPrintingTest#testMultipleArrays
Processing com.google.gson.functional.PrimitiveTest#testPrimitiveIntegerAutoboxedSerialization
Processing com.google.gson.functional.PrimitiveTest#testPrimitiveIntegerAutoboxedDeserialization
Processing com.google.gson.functional.PrimitiveTest#testPrimitiveIntegerAutoboxedInASingleElementArraySerialization
Processing com.google.gson.functional.PrimitiveTest#testPrimitiveIntegerAutoboxedInASingleElementArrayDeserialization
Processing com.google.gson.functional.PrimitiveTest#testReallyLongValuesSerialization
Processing com.google.gson.functional.PrimitiveTest#testReallyLongValuesDeserialization
Processing com.google.gson.functional.PrimitiveTest#testPrimitiveLongAutoboxedSerialization
Processing com.google.gson.functional.PrimitiveTest#testPrimitiveLongAutoboxedDeserialization
Processing com.google.gson.functional.PrimitiveTest#testPrimitiveLongAutoboxedInASingleElementArraySerialization
Processing com.google.gson.functional.PrimitiveTest#testPrimitiveLongAutoboxedInASingleElementArrayDeserialization
Processing com.google.gson.functional.PrimitiveTest#testNumberSerialization
Processing com.google.gson.functional.PrimitiveTest#testNumberDeserialization
Processing com.google.gson.functional.PrimitiveTest#testPrimitiveDoubleAutoboxedSerialization
Processing com.google.gson.functional.PrimitiveTest#testPrimitiveDoubleAutoboxedDeserialization
Processing com.google.gson.functional.PrimitiveTest#testPrimitiveDoubleAutoboxedInASingleElementArraySerialization
Processing com.google.gson.functional.PrimitiveTest#testDoubleAsStringRepresentationDeserialization
Processing com.google.gson.functional.PrimitiveTest#testDoubleNoFractAsStringRepresentationDeserialization
Processing com.google.gson.functional.PrimitiveTest#testLargeDoubleDeserialization
Processing com.google.gson.functional.PrimitiveTest#testPrimitiveDoubleAutoboxedInASingleElementArrayDeserialization
Processing com.google.gson.functional.PrimitiveTest#testBigDecimalSerialization
Processing com.google.gson.functional.PrimitiveTest#testBigDecimalDeserialization
Processing com.google.gson.functional.PrimitiveTest#testBigDecimalInASingleElementArraySerialization
Processing com.google.gson.functional.PrimitiveTest#testBigDecimalInASingleElementArrayDeserialization
Processing com.google.gson.functional.PrimitiveTest#testSmallValueForBigDecimalSerialization
Processing com.google.gson.functional.PrimitiveTest#testSmallValueForBigDecimalDeserialization
Processing com.google.gson.functional.PrimitiveTest#testBigDecimalPreservePrecisionSerialization
Processing com.google.gson.functional.PrimitiveTest#testBigDecimalPreservePrecisionDeserialization
Processing com.google.gson.functional.PrimitiveTest#testBigDecimalAsStringRepresentationDeserialization
Processing com.google.gson.functional.PrimitiveTest#testBigDecimalNoFractAsStringRepresentationDeserialization
Processing com.google.gson.functional.PrimitiveTest#testBigIntegerSerialization
Processing com.google.gson.functional.PrimitiveTest#testBigIntegerDeserialization
Processing com.google.gson.functional.PrimitiveTest#testBigIntegerInASingleElementArraySerialization
Processing com.google.gson.functional.PrimitiveTest#testBigIntegerInASingleElementArrayDeserialization
Processing com.google.gson.functional.PrimitiveTest#testSmallValueForBigIntegerSerialization
Processing com.google.gson.functional.PrimitiveTest#testSmallValueForBigIntegerDeserialization
Processing com.google.gson.functional.PrimitiveTest#testBadValueForBigIntegerDeserialization
Processing com.google.gson.functional.PrimitiveTest#testOverridingDefaultPrimitiveSerialization
Processing com.google.gson.functional.PrimitiveTest#testDoubleNaNSerialization
Processing com.google.gson.functional.PrimitiveTest#testDoubleNaNDeserialization
Processing com.google.gson.functional.PrimitiveTest#testFloatNaNSerialization
Processing com.google.gson.functional.PrimitiveTest#testFloatNaNDeserialization
Processing com.google.gson.functional.PrimitiveTest#testBigDecimalNaNDeserializationNotSupported
Processing com.google.gson.functional.PrimitiveTest#testDoubleInfinitySerialization
Processing com.google.gson.functional.PrimitiveTest#testDoubleInfinityDeserialization
Processing com.google.gson.functional.PrimitiveTest#testFloatInfinitySerialization
Processing com.google.gson.functional.PrimitiveTest#testFloatInfinityDeserialization
Processing com.google.gson.functional.PrimitiveTest#testBigDecimalInfinityDeserializationNotSupported
Processing com.google.gson.functional.PrimitiveTest#testNegativeInfinitySerialization
Processing com.google.gson.functional.PrimitiveTest#testNegativeInfinityDeserialization
Processing com.google.gson.functional.PrimitiveTest#testNegativeInfinityFloatSerialization
Processing com.google.gson.functional.PrimitiveTest#testNegativeInfinityFloatDeserialization
Processing com.google.gson.functional.PrimitiveTest#testBigDecimalNegativeInfinityDeserializationNotSupported
Processing com.google.gson.functional.PrimitiveTest#testLongAsStringSerialization
Processing com.google.gson.functional.PrimitiveTest#testDeserializePrimitiveWrapperAsObjectField
Processing com.google.gson.functional.PrimitiveTest#testPrimitiveClassLiteral
Processing com.google.gson.functional.PrimitiveTest#testDeserializeJsonObjectAsLongPrimitive
Processing com.google.gson.functional.PrimitiveTest#testDeserializeJsonArrayAsLongWrapper
Processing com.google.gson.functional.PrimitiveTest#testDeserializeJsonArrayAsInt
Processing com.google.gson.functional.PrimitiveTest#testDeserializeJsonObjectAsShortPrimitive
Processing com.google.gson.functional.PrimitiveTest#testDeserializeJsonArrayAsDoublePrimitive
Processing com.google.gson.functional.PrimitiveTest#testDeserializeJsonObjectAsDoubleWrapper
Processing com.google.gson.functional.PrimitiveTest#testDeserializeJsonObjectAsFloatPrimitive
Processing com.google.gson.functional.PrimitiveTest#testDeserializeJsonArrayAsFloatWrapper
Processing com.google.gson.functional.PrimitiveTest#testDeserializeJsonObjectAsBytePrimitive
Processing com.google.gson.functional.PrimitiveTest#testDeserializeJsonArrayAsByteWrapper
Processing com.google.gson.functional.PrimitiveTest#testDeserializeJsonObjectAsBooleanPrimitive
Processing com.google.gson.functional.PrimitiveTest#testDeserializeJsonArrayAsBooleanWrapper
Processing com.google.gson.functional.PrimitiveTest#testDeserializeJsonArrayAsBigDecimal
Processing com.google.gson.functional.PrimitiveTest#testDeserializeJsonObjectAsBigDecimal
Processing com.google.gson.functional.PrimitiveTest#testDeserializeJsonArrayAsBigInteger
Processing com.google.gson.functional.PrimitiveTest#testDeserializeJsonObjectAsBigInteger
Processing com.google.gson.functional.PrimitiveTest#testDeserializeJsonArrayAsNumber
Processing com.google.gson.functional.PrimitiveTest#testDeserializeJsonObjectAsNumber
Processing com.google.gson.functional.PrintFormattingTest#testCompactFormattingLeavesNoWhiteSpace
Processing com.google.gson.functional.ReadersWritersTest#testWriterForSerialization
Processing com.google.gson.functional.ReadersWritersTest#testReaderForDeserialization
Processing com.google.gson.functional.ReadersWritersTest#testReadWriteTwoObjects
Processing com.google.gson.functional.SecurityTest#testNonExecutableJsonSerialization
Processing com.google.gson.functional.SecurityTest#testNonExecutableJsonDeserialization
Processing com.google.gson.functional.SecurityTest#testJsonWithNonExectuableTokenWithConfiguredGsonDeserialization
Processing com.google.gson.functional.TypeHierarchyAdapterTest#testTypeHierarchy
Processing com.google.gson.functional.TypeVariableTest#testAdvancedTypeVariables
Processing com.google.gson.functional.TypeVariableTest#testTypeVariablesViaTypeParameter
Processing com.google.gson.functional.UncategorizedTest#testInvalidJsonDeserializationFails
Processing com.google.gson.functional.UncategorizedTest#testStaticFieldsAreNotSerialized
Processing com.google.gson.functional.UncategorizedTest#testGsonInstanceReusableForSerializationAndDeserialization
Processing com.google.gson.functional.UncategorizedTest#testTrailingWhitespace
Processing com.google.gson.functional.VersioningTest#testVersionedUntilSerialization
Processing com.google.gson.functional.VersioningTest#testVersionedUntilDeserialization
Processing com.google.gson.functional.VersioningTest#testVersionedClassesSerialization
Processing com.google.gson.functional.VersioningTest#testVersionedClassesDeserialization
Processing com.google.gson.functional.VersioningTest#testIgnoreLaterVersionClassDeserialization
Processing com.google.gson.functional.VersioningTest#testVersionedGsonWithUnversionedClassesSerialization
Processing com.google.gson.functional.VersioningTest#testVersionedGsonWithUnversionedClassesDeserialization
Processing com.google.gson.functional.VersioningTest#testVersionedGsonMixingSinceAndUntilSerialization
Processing com.google.gson.functional.VersioningTest#testVersionedGsonMixingSinceAndUntilDeserialization
Processing com.google.gson.GsonTypeAdapterTest#testDefaultTypeAdapterThrowsParseException
Processing com.google.gson.GsonTypeAdapterTest#testTypeAdapterThrowsException
Processing com.google.gson.GsonTypeAdapterTest#testTypeAdapterProperlyConvertsTypes
Processing com.google.gson.JsonDeserializerExceptionWrapperTest#testWrappedExceptionPropagation
Processing com.google.gson.JsonParserTest#testParseString
Processing com.google.gson.JsonParserTest#testParseMixedArray
Processing com.google.gson.JsonParserTest#testParseReader
Processing com.google.gson.JsonParserTest#testReadWriteTwoObjects
Processing com.google.gson.JsonPrimitiveTest#testBoolean
Processing com.google.gson.JsonPrimitiveTest#testStringsAndChar
Processing com.google.gson.JsonPrimitiveTest#testByteEqualsShort
Processing com.google.gson.JsonPrimitiveTest#testByteEqualsInteger
Processing com.google.gson.JsonPrimitiveTest#testByteEqualsLong
Processing com.google.gson.JsonPrimitiveTest#testByteEqualsBigInteger
Processing com.google.gson.JsonPrimitiveTest#testShortEqualsInteger
Processing com.google.gson.JsonPrimitiveTest#testShortEqualsLong
Processing com.google.gson.JsonPrimitiveTest#testShortEqualsBigInteger
Processing com.google.gson.JsonPrimitiveTest#testIntegerEqualsLong
Processing com.google.gson.JsonPrimitiveTest#testIntegerEqualsBigInteger
Processing com.google.gson.JsonPrimitiveTest#testLongEqualsBigInteger
Processing com.google.gson.JsonPrimitiveTest#testFloatEqualsDouble
Processing com.google.gson.JsonPrimitiveTest#testFloatEqualsBigDecimal
Processing com.google.gson.JsonPrimitiveTest#testDoubleEqualsBigDecimal
Processing com.google.gson.JsonPrimitiveTest#testValidJsonOnToString
Processing com.google.gson.JsonPrimitiveTest#testEquals
Processing com.google.gson.JsonPrimitiveTest#testEqualsAcrossTypes
Processing com.google.gson.LongSerializationPolicyTest#testDefaultLongSerialization
Processing com.google.gson.LongSerializationPolicyTest#testStringLongSerialization
Processing com.google.gson.MixedStreamTest#testWriteMixedStreamed
Processing com.google.gson.MixedStreamTest#testReadMixedStreamed
Processing com.google.gson.MixedStreamTest#testReaderDoesNotMutateState
Processing com.google.gson.MixedStreamTest#testWriteDoesNotMutateState
Processing com.google.gson.MixedStreamTest#testWriteLenient
[INFO] Printing com.google.gson.functional.CustomTypeAdaptersTest to /tmp/v2/gson//src/test/java//com/google/gson/functional/CustomTypeAdaptersTest.java
[INFO] Printing com.google.gson.functional.CustomTypeAdaptersTest to /tmp/v2/gson//src/test/java//com/google/gson/functional/CustomTypeAdaptersTest.java
[INFO] Printing com.google.gson.MixedStreamTest to /tmp/v2/gson//src/test/java//com/google/gson/MixedStreamTest.java
[INFO] Printing com.google.gson.MixedStreamTest to /tmp/v2/gson//src/test/java//com/google/gson/MixedStreamTest.java
[INFO] Printing com.google.gson.functional.UncategorizedTest to /tmp/v2/gson//src/test/java//com/google/gson/functional/UncategorizedTest.java
[INFO] Printing com.google.gson.functional.UncategorizedTest to /tmp/v2/gson//src/test/java//com/google/gson/functional/UncategorizedTest.java
[INFO] Printing com.google.gson.functional.TypeHierarchyAdapterTest to /tmp/v2/gson//src/test/java//com/google/gson/functional/TypeHierarchyAdapterTest.java
[INFO] Printing com.google.gson.functional.ParameterizedTypesTest to /tmp/v2/gson//src/test/java//com/google/gson/functional/ParameterizedTypesTest.java
[INFO] Printing com.google.gson.functional.ParameterizedTypesTest to /tmp/v2/gson//src/test/java//com/google/gson/functional/ParameterizedTypesTest.java
[INFO] Printing com.google.gson.JsonDeserializerExceptionWrapperTest to /tmp/v2/gson//src/test/java//com/google/gson/JsonDeserializerExceptionWrapperTest.java
[INFO] Printing com.google.gson.functional.DefaultTypeAdaptersTest to /tmp/v2/gson//src/test/java//com/google/gson/functional/DefaultTypeAdaptersTest.java
[INFO] Printing com.google.gson.functional.DefaultTypeAdaptersTest to /tmp/v2/gson//src/test/java//com/google/gson/functional/DefaultTypeAdaptersTest.java
[INFO] Printing com.google.gson.functional.ExclusionStrategyFunctionalTest to /tmp/v2/gson//src/test/java//com/google/gson/functional/ExclusionStrategyFunctionalTest.java
[INFO] Printing com.google.gson.functional.JsonTreeTest to /tmp/v2/gson//src/test/java//com/google/gson/functional/JsonTreeTest.java
[INFO] Printing com.google.gson.functional.ExclusionStrategyFunctionalTest to /tmp/v2/gson//src/test/java//com/google/gson/functional/ExclusionStrategyFunctionalTest.java
[INFO] Printing com.google.gson.functional.JsonTreeTest to /tmp/v2/gson//src/test/java//com/google/gson/functional/JsonTreeTest.java
[INFO] Printing com.google.gson.functional.ExposeFieldsTest to /tmp/v2/gson//src/test/java//com/google/gson/functional/ExposeFieldsTest.java
[INFO] Printing com.google.gson.JsonPrimitiveTest to /tmp/v2/gson//src/test/java//com/google/gson/JsonPrimitiveTest.java
[INFO] Printing com.google.gson.functional.ExposeFieldsTest to /tmp/v2/gson//src/test/java//com/google/gson/functional/ExposeFieldsTest.java
[INFO] Printing com.google.gson.JsonPrimitiveTest to /tmp/v2/gson//src/test/java//com/google/gson/JsonPrimitiveTest.java
[INFO] Printing com.google.gson.functional.EscapingTest to /tmp/v2/gson//src/test/java//com/google/gson/functional/EscapingTest.java
[INFO] Printing com.google.gson.functional.EscapingTest to /tmp/v2/gson//src/test/java//com/google/gson/functional/EscapingTest.java
[INFO] Printing com.google.gson.functional.CollectionTest to /tmp/v2/gson//src/test/java//com/google/gson/functional/CollectionTest.java
[INFO] Printing com.google.gson.functional.CollectionTest to /tmp/v2/gson//src/test/java//com/google/gson/functional/CollectionTest.java
[INFO] Printing com.google.gson.functional.MapAsArrayTypeAdapterTest to /tmp/v2/gson//src/test/java//com/google/gson/functional/MapAsArrayTypeAdapterTest.java
[INFO] Printing com.google.gson.functional.MapAsArrayTypeAdapterTest to /tmp/v2/gson//src/test/java//com/google/gson/functional/MapAsArrayTypeAdapterTest.java
[INFO] Printing com.google.gson.functional.PrimitiveTest to /tmp/v2/gson//src/test/java//com/google/gson/functional/PrimitiveTest.java
[INFO] Printing com.google.gson.functional.PrimitiveTest to /tmp/v2/gson//src/test/java//com/google/gson/functional/PrimitiveTest.java
[INFO] Printing com.google.gson.functional.ReadersWritersTest to /tmp/v2/gson//src/test/java//com/google/gson/functional/ReadersWritersTest.java
[INFO] Printing com.google.gson.functional.ReadersWritersTest to /tmp/v2/gson//src/test/java//com/google/gson/functional/ReadersWritersTest.java
[INFO] Printing com.google.gson.functional.PrintFormattingTest to /tmp/v2/gson//src/test/java//com/google/gson/functional/PrintFormattingTest.java
[INFO] Printing com.google.gson.functional.CustomDeserializerTest to /tmp/v2/gson//src/test/java//com/google/gson/functional/CustomDeserializerTest.java
[INFO] Printing com.google.gson.functional.CustomDeserializerTest to /tmp/v2/gson//src/test/java//com/google/gson/functional/CustomDeserializerTest.java
[INFO] Printing com.google.gson.functional.NamingPolicyTest to /tmp/v2/gson//src/test/java//com/google/gson/functional/NamingPolicyTest.java
[INFO] Printing com.google.gson.functional.NamingPolicyTest to /tmp/v2/gson//src/test/java//com/google/gson/functional/NamingPolicyTest.java
[INFO] Printing com.google.gson.functional.InheritanceTest to /tmp/v2/gson//src/test/java//com/google/gson/functional/InheritanceTest.java
[INFO] Printing com.google.gson.functional.VersioningTest to /tmp/v2/gson//src/test/java//com/google/gson/functional/VersioningTest.java
[INFO] Printing com.google.gson.functional.InheritanceTest to /tmp/v2/gson//src/test/java//com/google/gson/functional/InheritanceTest.java
[INFO] Printing com.google.gson.functional.VersioningTest to /tmp/v2/gson//src/test/java//com/google/gson/functional/VersioningTest.java
[INFO] Printing com.google.gson.GsonTypeAdapterTest to /tmp/v2/gson//src/test/java//com/google/gson/GsonTypeAdapterTest.java
[INFO] Printing com.google.gson.GsonTypeAdapterTest to /tmp/v2/gson//src/test/java//com/google/gson/GsonTypeAdapterTest.java
[INFO] Printing com.google.gson.functional.SecurityTest to /tmp/v2/gson//src/test/java//com/google/gson/functional/SecurityTest.java
[INFO] Printing com.google.gson.functional.SecurityTest to /tmp/v2/gson//src/test/java//com/google/gson/functional/SecurityTest.java
[INFO] Printing com.google.gson.functional.JsonParserTest to /tmp/v2/gson//src/test/java//com/google/gson/functional/JsonParserTest.java
[INFO] Printing com.google.gson.JsonParserTest to /tmp/v2/gson//src/test/java//com/google/gson/JsonParserTest.java
[INFO] Printing com.google.gson.functional.JsonParserTest to /tmp/v2/gson//src/test/java//com/google/gson/functional/JsonParserTest.java
[INFO] Printing com.google.gson.JsonParserTest to /tmp/v2/gson//src/test/java//com/google/gson/JsonParserTest.java
[INFO] Printing com.google.gson.functional.ConcurrencyTest to /tmp/v2/gson//src/test/java//com/google/gson/functional/ConcurrencyTest.java
[INFO] Printing com.google.gson.functional.ConcurrencyTest to /tmp/v2/gson//src/test/java//com/google/gson/functional/ConcurrencyTest.java
[INFO] Printing com.google.gson.functional.ArrayTest to /tmp/v2/gson//src/test/java//com/google/gson/functional/ArrayTest.java
[INFO] Printing com.google.gson.functional.ArrayTest to /tmp/v2/gson//src/test/java//com/google/gson/functional/ArrayTest.java
[INFO] Printing com.google.gson.functional.MoreSpecificTypeSerializationTest to /tmp/v2/gson//src/test/java//com/google/gson/functional/MoreSpecificTypeSerializationTest.java
[INFO] Printing com.google.gson.functional.MoreSpecificTypeSerializationTest to /tmp/v2/gson//src/test/java//com/google/gson/functional/MoreSpecificTypeSerializationTest.java
[INFO] Printing com.google.gson.functional.TypeVariableTest to /tmp/v2/gson//src/test/java//com/google/gson/functional/TypeVariableTest.java
[INFO] Printing com.google.gson.functional.TypeVariableTest to /tmp/v2/gson//src/test/java//com/google/gson/functional/TypeVariableTest.java
[INFO] Printing com.google.gson.functional.MapTest to /tmp/v2/gson//src/test/java//com/google/gson/functional/MapTest.java
[INFO] Printing com.google.gson.functional.MapTest to /tmp/v2/gson//src/test/java//com/google/gson/functional/MapTest.java
[INFO] Printing com.google.gson.functional.ObjectTest to /tmp/v2/gson//src/test/java//com/google/gson/functional/ObjectTest.java
[INFO] Printing com.google.gson.functional.ObjectTest to /tmp/v2/gson//src/test/java//com/google/gson/functional/ObjectTest.java
[INFO] Printing com.google.gson.functional.PrettyPrintingTest to /tmp/v2/gson//src/test/java//com/google/gson/functional/PrettyPrintingTest.java
[INFO] Printing com.google.gson.functional.PrettyPrintingTest to /tmp/v2/gson//src/test/java//com/google/gson/functional/PrettyPrintingTest.java
[INFO] Printing com.google.gson.LongSerializationPolicyTest to /tmp/v2/gson//src/test/java//com/google/gson/LongSerializationPolicyTest.java
[INFO] Printing com.google.gson.LongSerializationPolicyTest to /tmp/v2/gson//src/test/java//com/google/gson/LongSerializationPolicyTest.java
[INFO] Injecting JUnit-Jjoules in /tmp/v2/gson//pom.xml
[INFO] Output new POM file in /tmp/v2/gson//pom.xml
[INFO] ------------------------------------------------------------------------
[INFO] BUILD SUCCESS
[INFO] ------------------------------------------------------------------------
[INFO] Total time:  13.918 s
[INFO] Finished at: 2021-01-08T05:40:46+01:00
[INFO] ------------------------------------------------------------------------
