[INFO] Scanning for projects...
[INFO] 
[INFO] ---------------------< com.google.code.gson:gson >----------------------
[INFO] Building Gson 2.0-SNAPSHOT
[INFO] --------------------------------[ jar ]---------------------------------
[INFO] 
[INFO] --- maven-clean-plugin:2.5:clean (default-clean) @ gson ---
[INFO] Deleting /tmp/v1/gson/target
[INFO] 
[INFO] --- cobertura-maven-plugin:2.4:clean (clean) @ gson ---
[INFO] 
[INFO] --- maven-enforcer-plugin:1.0-beta-1:enforce (enforce-maven) @ gson ---
[INFO] 
[INFO] --- maven-resources-plugin:2.6:resources (default-resources) @ gson ---
[INFO] Using 'UTF-8' encoding to copy filtered resources.
[INFO] skip non existing resourceDirectory /tmp/v1/gson/src/main/resources
[INFO] 
[INFO] --- maven-compiler-plugin:2.3.2:compile (default-compile) @ gson ---
[INFO] Compiling 93 source files to /tmp/v1/gson/target/classes
[INFO] 
[INFO] --- maven-resources-plugin:2.6:testResources (default-testResources) @ gson ---
[INFO] Using 'UTF-8' encoding to copy filtered resources.
[INFO] skip non existing resourceDirectory /tmp/v1/gson/src/test/resources
[INFO] 
[INFO] --- maven-compiler-plugin:2.3.2:testCompile (default-testCompile) @ gson ---
[INFO] Compiling 85 source files to /tmp/v1/gson/target/test-classes
[INFO] 
[INFO] --- maven-surefire-plugin:2.12.4:test (default-test) @ gson ---
[INFO] Tests are skipped.
[INFO] 
[INFO] --- maven-dependency-plugin:2.8:build-classpath (default-cli) @ gson ---
[INFO] Skipped writing classpath file '/tmp/v1/gson/classpath'.  No changes found.
[INFO] 
[INFO] --- diff-jjoules:0.0.1-SNAPSHOT:instrument (default-cli) @ gson ---
[INFO] Running on:
[INFO] /tmp/v1/gson
[INFO] /tmp/v2/gson/
[INFO] Enable JUnit4 mode
[INFO] Configuration{pathToFirstVersion='/tmp/v1/gson', pathToSecondVersion='/tmp/v2/gson/', pathToTestListAsCSV='/tmp/v1/gson/testsThatExecuteTheChange.csv', classpath=[/home/spino/.m2/repository/junit/junit/3.8.2/junit-3.8.2.jar], junit4=true}
[INFO] com.google.gson.functional.CollectionTest:[testRawCollectionSerialization, testWildcardCollectionField, testCollectionOfBagOfPrimitivesSerialization]
com.google.gson.internal.bind.JsonElementReaderTest:[testStrings, testNumbers, testNulls, testArray, testNumbersFromStrings, testWrongType, testLenientNansAndInfinities, testNestedArrays, testStrictNansAndInfinities, testEmptyArray, testStringsFromNumbers, testEarlyClose, testBooleans, testSkipValue]
com.google.gson.functional.ParameterizedTypesTest:[testParameterizedTypeWithCustomSerializer, testTypesWithMultipleParametersSerialization]
com.google.gson.functional.NullObjectAndFieldTest:[testCustomSerializationOfNulls]
com.google.gson.functional.EscapingTest:[testGsonDoubleDeserialization, testGsonAcceptsEscapedAndNonEscapedJsonDeserialization, testEscapingObjectFields]
com.google.gson.functional.UncategorizedTest:[testGsonInstanceReusableForSerializationAndDeserialization, testStaticFieldsAreNotSerialized]
com.google.gson.DefaultInetAddressTypeAdapterTest:[testInetAddressSerializationAndDeserialization]
com.google.gson.functional.CustomSerializerTest:[testSubClassSerializerInvokedForBaseClassFieldsHoldingSubClassInstances, testBaseClassSerializerInvokedForBaseClassFieldsHoldingSubClassInstances, testBaseClassSerializerInvokedForBaseClassFields, testSubClassSerializerInvokedForBaseClassFieldsHoldingArrayOfSubClassInstances]
com.google.gson.functional.InheritanceTest:[testSubClassSerialization, testSubInterfacesOfCollectionSerialization]
com.google.gson.functional.PrettyPrintingTest:[testPrettyPrintArrayOfObjects, testPrettyPrintList]
com.google.gson.functional.JsonTreeTest:[testToJsonTreeObjectType, testToJsonTree, testJsonTreeToString]
com.google.gson.functional.ObjectTest:[testArrayOfObjectsAsFields, testBagOfPrimitivesSerialization, testBagOfPrimitiveWrappersSerialization, testDateAsMapObjectField, testNullFieldsSerialization, testJsonObjectSerialization, testArrayOfArraysSerialization, testArrayOfObjectsSerialization, testNestedSerialization]
com.google.gson.functional.PrimitiveCharacterTest:[testPrimitiveCharacterAutoboxedSerialization]
com.google.gson.functional.SecurityTest:[testNonExecutableJsonSerialization]
com.google.gson.functional.VersioningTest:[testVersionedGsonWithUnversionedClassesSerialization]
com.google.gson.JsonParserTest:[testParseMixedArray, testReadWriteTwoObjects, testParseUnquotedStringArrayFails]
com.google.gson.functional.PrintFormattingTest:[testJsonObjectWithNullValues, testJsonObjectWithNullValuesSerialized, testCompactFormattingLeavesNoWhiteSpace]
com.google.gson.internal.bind.JsonElementWriterTest:[testSerializeNullsTrue, testObject, testNestedObject, testSerializeNullsFalse]
com.google.gson.GsonTypeAdapterTest:[testDefaultTypeAdapterThrowsParseException]
com.google.gson.functional.CustomTypeAdaptersTest:[testCustomTypeAdapterDoesNotAppliesToSubClasses, testCustomTypeAdapterAppliesToSubClassesSerializedAsBaseClass, testCustomSerializers, testEnsureCustomSerializerNotInvokedForNullValues]
com.google.gson.functional.TypeVariableTest:[testBasicTypeVariables, testAdvancedTypeVariables, testTypeVariablesViaTypeParameter]
com.google.gson.functional.TypeHierarchyAdapterTest:[testTypeHierarchy]
com.google.gson.functional.EnumTest:[testTopLevelEnumSerialization, testEnumSubclass, testTopLevelEnumDeserialization, testClassWithEnumFieldDeserialization, testEnumSubclassAsParameterizedType, testCollectionOfEnumsDeserialization, testCollectionOfEnumsSerialization, testClassWithEnumFieldSerialization]
com.google.gson.functional.ReadersWritersTest:[testWriterForSerialization, testReadWriteTwoObjects]
com.google.gson.JsonObjectTest:[testPropertyWithQuotes, testWritePropertyWithEmptyStringName]
com.google.gson.functional.ArrayTest:[testObjectArrayWithNonPrimitivesSerialization]
com.google.gson.functional.MapTest:[testWriteMapsWithEmptyStringKey, testInterfaceTypeMapWithSerializer]
com.google.gson.functional.MapAsArrayTypeAdapterTest:[testMultipleEnableComplexKeyRegistrationHasNoEffect, testSerializeComplexMapWithTypeAdapter, testMapWithTypeVariableSerialization]
com.google.gson.functional.PrimitiveTest:[testDeserializeJsonObjectAsBigInteger, testPrimitiveBooleanAutoboxedInASingleElementArraySerialization, testByteDeserialization, testDeserializingNonZeroDecimalPointValuesAsIntegerFails, testBigIntegerDeserialization, testValueVeryCloseToZeroIsZero, testDeserializeJsonObjectAsBytePrimitive, testDeserializeJsonObjectAsBigDecimal, testBigDecimalNoFractAsStringRepresentationDeserialization, testBigDecimalNegativeInfinityDeserializationNotSupported, testDeserializingBigIntegerAsBigDecimal, testBigDecimalDeserialization, testBadValueForBigIntegerDeserialization, testBigDecimalPreservePrecisionDeserialization, testSmallValueForBigDecimalDeserialization, testDeserializeJsonArrayAsBigInteger, testDeserializeJsonArrayAsByteWrapper, testDeserializingBigDecimalAsBigIntegerFails, testPrimitiveBooleanAutoboxedSerialization, testBigDecimalInfinityDeserializationNotSupported, testBigDecimalNaNDeserializationNotSupported, testSmallValueForBigIntegerDeserialization, testBigDecimalAsStringRepresentationDeserialization, testDeserializeJsonArrayAsBigDecimal]
com.google.gson.functional.DefaultTypeAdaptersTest:[testDefaultDateSerialization, testJsonArrayDeerialization, testStringBufferSerialization, testDefaultJavaSqlDateSerialization, testBadValueForBigDecimalDeserialization, testStringBufferDeserialization, testBitSetDeserialization, testLocaleSerializationWithLanguageCountryVariant, testUrlDeserialization, testUuidDeserialization, testLocaleSerializationWithLanguageCountry, testDefaultJavaSqlTimestampDeserialization, testDefaultJavaSqlDateDeserialization, testBitSetSerialization, testJsonObjectSerialization, testBigIntegerFieldDeserialization, testDefaultDateDeserialization, testUuidSerialization, testLocaleSerializationWithLanguage, testDefaultCalendarSerialization, testDefaultGregorianCalendarDeserialization, testDefaultDateSerializationUsingBuilder, testDefaultJavaSqlTimestampSerialization, testDefaultJavaSqlTimeDeserialization, testDefaultGregorianCalendarSerialization, testDefaultCalendarDeserialization, testBigDecimalFieldDeserialization, testDefaultDateDeserializationUsingBuilder, testDefaultJavaSqlTimeSerialization, testStringBuilderSerialization]
[INFO] Instrument version before commit...
[INFO] Run on /tmp/v1/gson
[INFO] Running in NOCLASSPATH mode (doc: http://spoon.gforge.inria.fr/launcher.html).
[INFO] fr.davidson.diff.jjoules.process.junit4.JJoulesProcessor
Processing com.google.gson.functional.ArrayTest#testObjectArrayWithNonPrimitivesSerialization
Processing com.google.gson.functional.CollectionTest#testCollectionOfBagOfPrimitivesSerialization
Processing com.google.gson.functional.CollectionTest#testRawCollectionSerialization
Processing com.google.gson.functional.CollectionTest#testWildcardCollectionField
Processing com.google.gson.functional.CustomSerializerTest#testBaseClassSerializerInvokedForBaseClassFields
Processing com.google.gson.functional.CustomSerializerTest#testSubClassSerializerInvokedForBaseClassFieldsHoldingSubClassInstances
Processing com.google.gson.functional.CustomSerializerTest#testSubClassSerializerInvokedForBaseClassFieldsHoldingArrayOfSubClassInstances
Processing com.google.gson.functional.CustomSerializerTest#testBaseClassSerializerInvokedForBaseClassFieldsHoldingSubClassInstances
Processing com.google.gson.functional.CustomTypeAdaptersTest#testCustomSerializers
Processing com.google.gson.functional.CustomTypeAdaptersTest#testCustomTypeAdapterDoesNotAppliesToSubClasses
Processing com.google.gson.functional.CustomTypeAdaptersTest#testCustomTypeAdapterAppliesToSubClassesSerializedAsBaseClass
Processing com.google.gson.functional.CustomTypeAdaptersTest#testEnsureCustomSerializerNotInvokedForNullValues
Processing com.google.gson.functional.DefaultTypeAdaptersTest#testUrlDeserialization
Processing com.google.gson.functional.DefaultTypeAdaptersTest#testUuidSerialization
Processing com.google.gson.functional.DefaultTypeAdaptersTest#testUuidDeserialization
Processing com.google.gson.functional.DefaultTypeAdaptersTest#testLocaleSerializationWithLanguage
Processing com.google.gson.functional.DefaultTypeAdaptersTest#testLocaleSerializationWithLanguageCountry
Processing com.google.gson.functional.DefaultTypeAdaptersTest#testLocaleSerializationWithLanguageCountryVariant
Processing com.google.gson.functional.DefaultTypeAdaptersTest#testBigDecimalFieldDeserialization
Processing com.google.gson.functional.DefaultTypeAdaptersTest#testBadValueForBigDecimalDeserialization
Processing com.google.gson.functional.DefaultTypeAdaptersTest#testBigIntegerFieldDeserialization
Processing com.google.gson.functional.DefaultTypeAdaptersTest#testBitSetSerialization
Processing com.google.gson.functional.DefaultTypeAdaptersTest#testBitSetDeserialization
Processing com.google.gson.functional.DefaultTypeAdaptersTest#testDefaultDateSerialization
Processing com.google.gson.functional.DefaultTypeAdaptersTest#testDefaultDateDeserialization
Processing com.google.gson.functional.DefaultTypeAdaptersTest#testDefaultJavaSqlDateSerialization
Processing com.google.gson.functional.DefaultTypeAdaptersTest#testDefaultJavaSqlDateDeserialization
Processing com.google.gson.functional.DefaultTypeAdaptersTest#testDefaultJavaSqlTimestampSerialization
Processing com.google.gson.functional.DefaultTypeAdaptersTest#testDefaultJavaSqlTimestampDeserialization
Processing com.google.gson.functional.DefaultTypeAdaptersTest#testDefaultJavaSqlTimeSerialization
Processing com.google.gson.functional.DefaultTypeAdaptersTest#testDefaultJavaSqlTimeDeserialization
Processing com.google.gson.functional.DefaultTypeAdaptersTest#testDefaultDateSerializationUsingBuilder
Processing com.google.gson.functional.DefaultTypeAdaptersTest#testDefaultDateDeserializationUsingBuilder
Processing com.google.gson.functional.DefaultTypeAdaptersTest#testDefaultCalendarSerialization
Processing com.google.gson.functional.DefaultTypeAdaptersTest#testDefaultCalendarDeserialization
Processing com.google.gson.functional.DefaultTypeAdaptersTest#testDefaultGregorianCalendarSerialization
Processing com.google.gson.functional.DefaultTypeAdaptersTest#testDefaultGregorianCalendarDeserialization
Processing com.google.gson.functional.DefaultTypeAdaptersTest#testJsonArrayDeerialization
Processing com.google.gson.functional.DefaultTypeAdaptersTest#testJsonObjectSerialization
Processing com.google.gson.functional.DefaultTypeAdaptersTest#testStringBuilderSerialization
Processing com.google.gson.functional.DefaultTypeAdaptersTest#testStringBufferSerialization
Processing com.google.gson.functional.DefaultTypeAdaptersTest#testStringBufferDeserialization
Processing com.google.gson.functional.EnumTest#testTopLevelEnumSerialization
Processing com.google.gson.functional.EnumTest#testTopLevelEnumDeserialization
Processing com.google.gson.functional.EnumTest#testCollectionOfEnumsSerialization
Processing com.google.gson.functional.EnumTest#testCollectionOfEnumsDeserialization
Processing com.google.gson.functional.EnumTest#testClassWithEnumFieldSerialization
Processing com.google.gson.functional.EnumTest#testClassWithEnumFieldDeserialization
Processing com.google.gson.functional.EnumTest#testEnumSubclass
Processing com.google.gson.functional.EnumTest#testEnumSubclassAsParameterizedType
Processing com.google.gson.functional.EscapingTest#testEscapingObjectFields
Processing com.google.gson.functional.EscapingTest#testGsonAcceptsEscapedAndNonEscapedJsonDeserialization
Processing com.google.gson.functional.EscapingTest#testGsonDoubleDeserialization
Processing com.google.gson.functional.InheritanceTest#testSubClassSerialization
Processing com.google.gson.functional.InheritanceTest#testSubInterfacesOfCollectionSerialization
Processing com.google.gson.functional.JsonTreeTest#testToJsonTree
Processing com.google.gson.functional.JsonTreeTest#testToJsonTreeObjectType
Processing com.google.gson.functional.JsonTreeTest#testJsonTreeToString
Processing com.google.gson.functional.MapAsArrayTypeAdapterTest#testSerializeComplexMapWithTypeAdapter
Processing com.google.gson.functional.MapAsArrayTypeAdapterTest#testMultipleEnableComplexKeyRegistrationHasNoEffect
Processing com.google.gson.functional.MapAsArrayTypeAdapterTest#testMapWithTypeVariableSerialization
Processing com.google.gson.functional.MapTest#testWriteMapsWithEmptyStringKey
Processing com.google.gson.functional.MapTest#testInterfaceTypeMapWithSerializer
Processing com.google.gson.functional.NullObjectAndFieldTest#testCustomSerializationOfNulls
Processing com.google.gson.functional.ObjectTest#testBagOfPrimitivesSerialization
Processing com.google.gson.functional.ObjectTest#testBagOfPrimitiveWrappersSerialization
Processing com.google.gson.functional.ObjectTest#testNestedSerialization
Processing com.google.gson.functional.ObjectTest#testNullFieldsSerialization
Processing com.google.gson.functional.ObjectTest#testArrayOfObjectsSerialization
Processing com.google.gson.functional.ObjectTest#testArrayOfArraysSerialization
Processing com.google.gson.functional.ObjectTest#testArrayOfObjectsAsFields
Processing com.google.gson.functional.ObjectTest#testJsonObjectSerialization
Processing com.google.gson.functional.ObjectTest#testDateAsMapObjectField
Processing com.google.gson.functional.ParameterizedTypesTest#testTypesWithMultipleParametersSerialization
Processing com.google.gson.functional.ParameterizedTypesTest#testParameterizedTypeWithCustomSerializer
Processing com.google.gson.functional.PrettyPrintingTest#testPrettyPrintList
Processing com.google.gson.functional.PrettyPrintingTest#testPrettyPrintArrayOfObjects
Processing com.google.gson.functional.PrimitiveCharacterTest#testPrimitiveCharacterAutoboxedSerialization
Processing com.google.gson.functional.PrimitiveTest#testByteDeserialization
Processing com.google.gson.functional.PrimitiveTest#testPrimitiveBooleanAutoboxedSerialization
Processing com.google.gson.functional.PrimitiveTest#testPrimitiveBooleanAutoboxedInASingleElementArraySerialization
Processing com.google.gson.functional.PrimitiveTest#testBigDecimalDeserialization
Processing com.google.gson.functional.PrimitiveTest#testSmallValueForBigDecimalDeserialization
Processing com.google.gson.functional.PrimitiveTest#testBigDecimalPreservePrecisionDeserialization
Processing com.google.gson.functional.PrimitiveTest#testBigDecimalAsStringRepresentationDeserialization
Processing com.google.gson.functional.PrimitiveTest#testBigDecimalNoFractAsStringRepresentationDeserialization
Processing com.google.gson.functional.PrimitiveTest#testBigIntegerDeserialization
Processing com.google.gson.functional.PrimitiveTest#testSmallValueForBigIntegerDeserialization
Processing com.google.gson.functional.PrimitiveTest#testBadValueForBigIntegerDeserialization
Processing com.google.gson.functional.PrimitiveTest#testBigDecimalNaNDeserializationNotSupported
Processing com.google.gson.functional.PrimitiveTest#testBigDecimalInfinityDeserializationNotSupported
Processing com.google.gson.functional.PrimitiveTest#testBigDecimalNegativeInfinityDeserializationNotSupported
Processing com.google.gson.functional.PrimitiveTest#testDeserializeJsonObjectAsBytePrimitive
Processing com.google.gson.functional.PrimitiveTest#testDeserializeJsonArrayAsByteWrapper
Processing com.google.gson.functional.PrimitiveTest#testDeserializeJsonArrayAsBigDecimal
Processing com.google.gson.functional.PrimitiveTest#testDeserializeJsonObjectAsBigDecimal
Processing com.google.gson.functional.PrimitiveTest#testDeserializeJsonArrayAsBigInteger
Processing com.google.gson.functional.PrimitiveTest#testDeserializeJsonObjectAsBigInteger
Processing com.google.gson.functional.PrimitiveTest#testDeserializingNonZeroDecimalPointValuesAsIntegerFails
Processing com.google.gson.functional.PrimitiveTest#testValueVeryCloseToZeroIsZero
Processing com.google.gson.functional.PrimitiveTest#testDeserializingBigDecimalAsBigIntegerFails
Processing com.google.gson.functional.PrimitiveTest#testDeserializingBigIntegerAsBigDecimal
Processing com.google.gson.functional.PrintFormattingTest#testCompactFormattingLeavesNoWhiteSpace
Processing com.google.gson.functional.PrintFormattingTest#testJsonObjectWithNullValues
Processing com.google.gson.functional.PrintFormattingTest#testJsonObjectWithNullValuesSerialized
Processing com.google.gson.functional.ReadersWritersTest#testWriterForSerialization
Processing com.google.gson.functional.ReadersWritersTest#testReadWriteTwoObjects
Processing com.google.gson.functional.SecurityTest#testNonExecutableJsonSerialization
Processing com.google.gson.functional.TypeHierarchyAdapterTest#testTypeHierarchy
Processing com.google.gson.functional.TypeVariableTest#testAdvancedTypeVariables
Processing com.google.gson.functional.TypeVariableTest#testTypeVariablesViaTypeParameter
Processing com.google.gson.functional.TypeVariableTest#testBasicTypeVariables
Processing com.google.gson.functional.UncategorizedTest#testStaticFieldsAreNotSerialized
Processing com.google.gson.functional.UncategorizedTest#testGsonInstanceReusableForSerializationAndDeserialization
Processing com.google.gson.functional.VersioningTest#testVersionedGsonWithUnversionedClassesSerialization
Processing com.google.gson.internal.bind.JsonElementReaderTest#testNumbers
Processing com.google.gson.internal.bind.JsonElementReaderTest#testLenientNansAndInfinities
Processing com.google.gson.internal.bind.JsonElementReaderTest#testStrictNansAndInfinities
Processing com.google.gson.internal.bind.JsonElementReaderTest#testNumbersFromStrings
Processing com.google.gson.internal.bind.JsonElementReaderTest#testStringsFromNumbers
Processing com.google.gson.internal.bind.JsonElementReaderTest#testBooleans
Processing com.google.gson.internal.bind.JsonElementReaderTest#testNulls
Processing com.google.gson.internal.bind.JsonElementReaderTest#testStrings
Processing com.google.gson.internal.bind.JsonElementReaderTest#testArray
Processing com.google.gson.internal.bind.JsonElementReaderTest#testEmptyArray
Processing com.google.gson.internal.bind.JsonElementReaderTest#testNestedArrays
Processing com.google.gson.internal.bind.JsonElementReaderTest#testSkipValue
Processing com.google.gson.internal.bind.JsonElementReaderTest#testWrongType
Processing com.google.gson.internal.bind.JsonElementReaderTest#testEarlyClose
Processing com.google.gson.internal.bind.JsonElementWriterTest#testObject
Processing com.google.gson.internal.bind.JsonElementWriterTest#testNestedObject
Processing com.google.gson.internal.bind.JsonElementWriterTest#testSerializeNullsFalse
Processing com.google.gson.internal.bind.JsonElementWriterTest#testSerializeNullsTrue
Processing com.google.gson.DefaultInetAddressTypeAdapterTest#testInetAddressSerializationAndDeserialization
Processing com.google.gson.GsonTypeAdapterTest#testDefaultTypeAdapterThrowsParseException
Processing com.google.gson.JsonObjectTest#testPropertyWithQuotes
Processing com.google.gson.JsonObjectTest#testWritePropertyWithEmptyStringName
Processing com.google.gson.JsonParserTest#testParseUnquotedStringArrayFails
Processing com.google.gson.JsonParserTest#testParseMixedArray
Processing com.google.gson.JsonParserTest#testReadWriteTwoObjects
[INFO] Printing com.google.gson.functional.CustomSerializerTest to /tmp/v1/gson/src/test/java//com/google/gson/functional/CustomSerializerTest.java
[INFO] Printing com.google.gson.functional.PrimitiveTest to /tmp/v1/gson/src/test/java//com/google/gson/functional/PrimitiveTest.java
[INFO] Printing com.google.gson.functional.ReadersWritersTest to /tmp/v1/gson/src/test/java//com/google/gson/functional/ReadersWritersTest.java
[INFO] Printing com.google.gson.internal.bind.JsonElementWriterTest to /tmp/v1/gson/src/test/java//com/google/gson/internal/bind/JsonElementWriterTest.java
[INFO] Printing com.google.gson.functional.CustomTypeAdaptersTest to /tmp/v1/gson/src/test/java//com/google/gson/functional/CustomTypeAdaptersTest.java
[INFO] Printing com.google.gson.functional.PrintFormattingTest to /tmp/v1/gson/src/test/java//com/google/gson/functional/PrintFormattingTest.java
[INFO] Printing com.google.gson.functional.InheritanceTest to /tmp/v1/gson/src/test/java//com/google/gson/functional/InheritanceTest.java
[INFO] Printing com.google.gson.functional.VersioningTest to /tmp/v1/gson/src/test/java//com/google/gson/functional/VersioningTest.java
[INFO] Printing com.google.gson.GsonTypeAdapterTest to /tmp/v1/gson/src/test/java//com/google/gson/GsonTypeAdapterTest.java
[INFO] Printing com.google.gson.functional.NullObjectAndFieldTest to /tmp/v1/gson/src/test/java//com/google/gson/functional/NullObjectAndFieldTest.java
[INFO] Printing com.google.gson.functional.PrimitiveCharacterTest to /tmp/v1/gson/src/test/java//com/google/gson/functional/PrimitiveCharacterTest.java
[INFO] Printing com.google.gson.functional.UncategorizedTest to /tmp/v1/gson/src/test/java//com/google/gson/functional/UncategorizedTest.java
[INFO] Printing com.google.gson.functional.TypeHierarchyAdapterTest to /tmp/v1/gson/src/test/java//com/google/gson/functional/TypeHierarchyAdapterTest.java
[INFO] Printing com.google.gson.functional.ParameterizedTypesTest to /tmp/v1/gson/src/test/java//com/google/gson/functional/ParameterizedTypesTest.java
[INFO] Printing com.google.gson.functional.SecurityTest to /tmp/v1/gson/src/test/java//com/google/gson/functional/SecurityTest.java
[INFO] Printing com.google.gson.JsonParserTest to /tmp/v1/gson/src/test/java//com/google/gson/JsonParserTest.java
[INFO] Printing com.google.gson.internal.bind.JsonElementReaderTest to /tmp/v1/gson/src/test/java//com/google/gson/internal/bind/JsonElementReaderTest.java
[INFO] Printing com.google.gson.functional.DefaultTypeAdaptersTest to /tmp/v1/gson/src/test/java//com/google/gson/functional/DefaultTypeAdaptersTest.java
[INFO] Printing com.google.gson.functional.ArrayTest to /tmp/v1/gson/src/test/java//com/google/gson/functional/ArrayTest.java
[INFO] Printing com.google.gson.DefaultInetAddressTypeAdapterTest to /tmp/v1/gson/src/test/java//com/google/gson/DefaultInetAddressTypeAdapterTest.java
[INFO] Printing com.google.gson.functional.JsonTreeTest to /tmp/v1/gson/src/test/java//com/google/gson/functional/JsonTreeTest.java
[INFO] Printing com.google.gson.JsonObjectTest to /tmp/v1/gson/src/test/java//com/google/gson/JsonObjectTest.java
[INFO] Printing com.google.gson.functional.TypeVariableTest to /tmp/v1/gson/src/test/java//com/google/gson/functional/TypeVariableTest.java
[INFO] Printing com.google.gson.functional.MapTest to /tmp/v1/gson/src/test/java//com/google/gson/functional/MapTest.java
[INFO] Printing com.google.gson.functional.EnumTest to /tmp/v1/gson/src/test/java//com/google/gson/functional/EnumTest.java
[INFO] Printing com.google.gson.functional.ObjectTest to /tmp/v1/gson/src/test/java//com/google/gson/functional/ObjectTest.java
[INFO] Printing com.google.gson.functional.PrettyPrintingTest to /tmp/v1/gson/src/test/java//com/google/gson/functional/PrettyPrintingTest.java
[INFO] Printing com.google.gson.functional.EscapingTest to /tmp/v1/gson/src/test/java//com/google/gson/functional/EscapingTest.java
[INFO] Printing com.google.gson.functional.CollectionTest to /tmp/v1/gson/src/test/java//com/google/gson/functional/CollectionTest.java
[INFO] Printing com.google.gson.functional.MapAsArrayTypeAdapterTest to /tmp/v1/gson/src/test/java//com/google/gson/functional/MapAsArrayTypeAdapterTest.java
[INFO] Injecting JUnit-Jjoules in /tmp/v1/gson/pom.xml
[INFO] Output new POM file in /tmp/v1/gson/pom.xml
[INFO] Instrument version after commit...
[INFO] Run on /tmp/v2/gson/
[INFO] Running in NOCLASSPATH mode (doc: http://spoon.gforge.inria.fr/launcher.html).
[INFO] fr.davidson.diff.jjoules.process.junit4.JJoulesProcessor
Processing com.google.gson.functional.ArrayTest#testObjectArrayWithNonPrimitivesSerialization
Processing com.google.gson.functional.CollectionTest#testCollectionOfBagOfPrimitivesSerialization
Processing com.google.gson.functional.CollectionTest#testRawCollectionSerialization
Processing com.google.gson.functional.CollectionTest#testWildcardCollectionField
Processing com.google.gson.functional.CustomSerializerTest#testBaseClassSerializerInvokedForBaseClassFields
Processing com.google.gson.functional.CustomSerializerTest#testSubClassSerializerInvokedForBaseClassFieldsHoldingSubClassInstances
Processing com.google.gson.functional.CustomSerializerTest#testSubClassSerializerInvokedForBaseClassFieldsHoldingArrayOfSubClassInstances
Processing com.google.gson.functional.CustomSerializerTest#testBaseClassSerializerInvokedForBaseClassFieldsHoldingSubClassInstances
Processing com.google.gson.functional.CustomTypeAdaptersTest#testCustomSerializers
Processing com.google.gson.functional.CustomTypeAdaptersTest#testCustomTypeAdapterDoesNotAppliesToSubClasses
Processing com.google.gson.functional.CustomTypeAdaptersTest#testCustomTypeAdapterAppliesToSubClassesSerializedAsBaseClass
Processing com.google.gson.functional.CustomTypeAdaptersTest#testEnsureCustomSerializerNotInvokedForNullValues
Processing com.google.gson.functional.DefaultTypeAdaptersTest#testUrlDeserialization
Processing com.google.gson.functional.DefaultTypeAdaptersTest#testUuidSerialization
Processing com.google.gson.functional.DefaultTypeAdaptersTest#testUuidDeserialization
Processing com.google.gson.functional.DefaultTypeAdaptersTest#testLocaleSerializationWithLanguage
Processing com.google.gson.functional.DefaultTypeAdaptersTest#testLocaleSerializationWithLanguageCountry
Processing com.google.gson.functional.DefaultTypeAdaptersTest#testLocaleSerializationWithLanguageCountryVariant
Processing com.google.gson.functional.DefaultTypeAdaptersTest#testBigDecimalFieldDeserialization
Processing com.google.gson.functional.DefaultTypeAdaptersTest#testBadValueForBigDecimalDeserialization
Processing com.google.gson.functional.DefaultTypeAdaptersTest#testBigIntegerFieldDeserialization
Processing com.google.gson.functional.DefaultTypeAdaptersTest#testBitSetSerialization
Processing com.google.gson.functional.DefaultTypeAdaptersTest#testBitSetDeserialization
Processing com.google.gson.functional.DefaultTypeAdaptersTest#testDefaultDateSerialization
Processing com.google.gson.functional.DefaultTypeAdaptersTest#testDefaultDateDeserialization
Processing com.google.gson.functional.DefaultTypeAdaptersTest#testDefaultJavaSqlDateSerialization
Processing com.google.gson.functional.DefaultTypeAdaptersTest#testDefaultJavaSqlDateDeserialization
Processing com.google.gson.functional.DefaultTypeAdaptersTest#testDefaultJavaSqlTimestampSerialization
Processing com.google.gson.functional.DefaultTypeAdaptersTest#testDefaultJavaSqlTimestampDeserialization
Processing com.google.gson.functional.DefaultTypeAdaptersTest#testDefaultJavaSqlTimeSerialization
Processing com.google.gson.functional.DefaultTypeAdaptersTest#testDefaultJavaSqlTimeDeserialization
Processing com.google.gson.functional.DefaultTypeAdaptersTest#testDefaultDateSerializationUsingBuilder
Processing com.google.gson.functional.DefaultTypeAdaptersTest#testDefaultDateDeserializationUsingBuilder
Processing com.google.gson.functional.DefaultTypeAdaptersTest#testDefaultCalendarSerialization
Processing com.google.gson.functional.DefaultTypeAdaptersTest#testDefaultCalendarDeserialization
Processing com.google.gson.functional.DefaultTypeAdaptersTest#testDefaultGregorianCalendarSerialization
Processing com.google.gson.functional.DefaultTypeAdaptersTest#testDefaultGregorianCalendarDeserialization
Processing com.google.gson.functional.DefaultTypeAdaptersTest#testJsonArrayDeerialization
Processing com.google.gson.functional.DefaultTypeAdaptersTest#testJsonObjectSerialization
Processing com.google.gson.functional.DefaultTypeAdaptersTest#testStringBuilderSerialization
Processing com.google.gson.functional.DefaultTypeAdaptersTest#testStringBufferSerialization
Processing com.google.gson.functional.DefaultTypeAdaptersTest#testStringBufferDeserialization
Processing com.google.gson.functional.EnumTest#testTopLevelEnumSerialization
Processing com.google.gson.functional.EnumTest#testTopLevelEnumDeserialization
Processing com.google.gson.functional.EnumTest#testCollectionOfEnumsSerialization
Processing com.google.gson.functional.EnumTest#testCollectionOfEnumsDeserialization
Processing com.google.gson.functional.EnumTest#testClassWithEnumFieldSerialization
Processing com.google.gson.functional.EnumTest#testClassWithEnumFieldDeserialization
Processing com.google.gson.functional.EnumTest#testEnumSubclass
Processing com.google.gson.functional.EnumTest#testEnumSubclassAsParameterizedType
Processing com.google.gson.functional.EscapingTest#testEscapingObjectFields
Processing com.google.gson.functional.EscapingTest#testGsonAcceptsEscapedAndNonEscapedJsonDeserialization
Processing com.google.gson.functional.EscapingTest#testGsonDoubleDeserialization
Processing com.google.gson.functional.InheritanceTest#testSubClassSerialization
Processing com.google.gson.functional.InheritanceTest#testSubInterfacesOfCollectionSerialization
Processing com.google.gson.functional.JsonTreeTest#testToJsonTree
Processing com.google.gson.functional.JsonTreeTest#testToJsonTreeObjectType
Processing com.google.gson.functional.JsonTreeTest#testJsonTreeToString
Processing com.google.gson.functional.MapAsArrayTypeAdapterTest#testSerializeComplexMapWithTypeAdapter
Processing com.google.gson.functional.MapAsArrayTypeAdapterTest#testMultipleEnableComplexKeyRegistrationHasNoEffect
Processing com.google.gson.functional.MapAsArrayTypeAdapterTest#testMapWithTypeVariableSerialization
Processing com.google.gson.functional.MapTest#testWriteMapsWithEmptyStringKey
Processing com.google.gson.functional.MapTest#testInterfaceTypeMapWithSerializer
Processing com.google.gson.functional.NullObjectAndFieldTest#testCustomSerializationOfNulls
Processing com.google.gson.functional.ObjectTest#testBagOfPrimitivesSerialization
Processing com.google.gson.functional.ObjectTest#testBagOfPrimitiveWrappersSerialization
Processing com.google.gson.functional.ObjectTest#testNestedSerialization
Processing com.google.gson.functional.ObjectTest#testNullFieldsSerialization
Processing com.google.gson.functional.ObjectTest#testArrayOfObjectsSerialization
Processing com.google.gson.functional.ObjectTest#testArrayOfArraysSerialization
Processing com.google.gson.functional.ObjectTest#testArrayOfObjectsAsFields
Processing com.google.gson.functional.ObjectTest#testJsonObjectSerialization
Processing com.google.gson.functional.ObjectTest#testDateAsMapObjectField
Processing com.google.gson.functional.ParameterizedTypesTest#testTypesWithMultipleParametersSerialization
Processing com.google.gson.functional.ParameterizedTypesTest#testParameterizedTypeWithCustomSerializer
Processing com.google.gson.functional.PrettyPrintingTest#testPrettyPrintList
Processing com.google.gson.functional.PrettyPrintingTest#testPrettyPrintArrayOfObjects
Processing com.google.gson.functional.PrimitiveCharacterTest#testPrimitiveCharacterAutoboxedSerialization
Processing com.google.gson.functional.PrimitiveTest#testByteDeserialization
Processing com.google.gson.functional.PrimitiveTest#testPrimitiveBooleanAutoboxedSerialization
Processing com.google.gson.functional.PrimitiveTest#testPrimitiveBooleanAutoboxedInASingleElementArraySerialization
Processing com.google.gson.functional.PrimitiveTest#testBigDecimalDeserialization
Processing com.google.gson.functional.PrimitiveTest#testSmallValueForBigDecimalDeserialization
Processing com.google.gson.functional.PrimitiveTest#testBigDecimalPreservePrecisionDeserialization
Processing com.google.gson.functional.PrimitiveTest#testBigDecimalAsStringRepresentationDeserialization
Processing com.google.gson.functional.PrimitiveTest#testBigDecimalNoFractAsStringRepresentationDeserialization
Processing com.google.gson.functional.PrimitiveTest#testBigIntegerDeserialization
Processing com.google.gson.functional.PrimitiveTest#testSmallValueForBigIntegerDeserialization
Processing com.google.gson.functional.PrimitiveTest#testBadValueForBigIntegerDeserialization
Processing com.google.gson.functional.PrimitiveTest#testBigDecimalNaNDeserializationNotSupported
Processing com.google.gson.functional.PrimitiveTest#testBigDecimalInfinityDeserializationNotSupported
Processing com.google.gson.functional.PrimitiveTest#testBigDecimalNegativeInfinityDeserializationNotSupported
Processing com.google.gson.functional.PrimitiveTest#testDeserializeJsonObjectAsBytePrimitive
Processing com.google.gson.functional.PrimitiveTest#testDeserializeJsonArrayAsByteWrapper
Processing com.google.gson.functional.PrimitiveTest#testDeserializeJsonArrayAsBigDecimal
Processing com.google.gson.functional.PrimitiveTest#testDeserializeJsonObjectAsBigDecimal
Processing com.google.gson.functional.PrimitiveTest#testDeserializeJsonArrayAsBigInteger
Processing com.google.gson.functional.PrimitiveTest#testDeserializeJsonObjectAsBigInteger
Processing com.google.gson.functional.PrimitiveTest#testDeserializingNonZeroDecimalPointValuesAsIntegerFails
Processing com.google.gson.functional.PrimitiveTest#testValueVeryCloseToZeroIsZero
Processing com.google.gson.functional.PrimitiveTest#testDeserializingBigDecimalAsBigIntegerFails
Processing com.google.gson.functional.PrimitiveTest#testDeserializingBigIntegerAsBigDecimal
Processing com.google.gson.functional.PrintFormattingTest#testCompactFormattingLeavesNoWhiteSpace
Processing com.google.gson.functional.PrintFormattingTest#testJsonObjectWithNullValues
Processing com.google.gson.functional.PrintFormattingTest#testJsonObjectWithNullValuesSerialized
Processing com.google.gson.functional.ReadersWritersTest#testWriterForSerialization
Processing com.google.gson.functional.ReadersWritersTest#testReadWriteTwoObjects
Processing com.google.gson.functional.SecurityTest#testNonExecutableJsonSerialization
Processing com.google.gson.functional.TypeHierarchyAdapterTest#testTypeHierarchy
Processing com.google.gson.functional.TypeVariableTest#testAdvancedTypeVariables
Processing com.google.gson.functional.TypeVariableTest#testTypeVariablesViaTypeParameter
Processing com.google.gson.functional.TypeVariableTest#testBasicTypeVariables
Processing com.google.gson.functional.UncategorizedTest#testStaticFieldsAreNotSerialized
Processing com.google.gson.functional.UncategorizedTest#testGsonInstanceReusableForSerializationAndDeserialization
Processing com.google.gson.functional.VersioningTest#testVersionedGsonWithUnversionedClassesSerialization
Processing com.google.gson.internal.bind.JsonElementReaderTest#testNumbers
Processing com.google.gson.internal.bind.JsonElementReaderTest#testLenientNansAndInfinities
Processing com.google.gson.internal.bind.JsonElementReaderTest#testStrictNansAndInfinities
Processing com.google.gson.internal.bind.JsonElementReaderTest#testNumbersFromStrings
Processing com.google.gson.internal.bind.JsonElementReaderTest#testStringsFromNumbers
Processing com.google.gson.internal.bind.JsonElementReaderTest#testBooleans
Processing com.google.gson.internal.bind.JsonElementReaderTest#testNulls
Processing com.google.gson.internal.bind.JsonElementReaderTest#testStrings
Processing com.google.gson.internal.bind.JsonElementReaderTest#testArray
Processing com.google.gson.internal.bind.JsonElementReaderTest#testEmptyArray
Processing com.google.gson.internal.bind.JsonElementReaderTest#testNestedArrays
Processing com.google.gson.internal.bind.JsonElementReaderTest#testSkipValue
Processing com.google.gson.internal.bind.JsonElementReaderTest#testWrongType
Processing com.google.gson.internal.bind.JsonElementReaderTest#testEarlyClose
Processing com.google.gson.internal.bind.JsonElementWriterTest#testObject
Processing com.google.gson.internal.bind.JsonElementWriterTest#testNestedObject
Processing com.google.gson.internal.bind.JsonElementWriterTest#testSerializeNullsFalse
Processing com.google.gson.internal.bind.JsonElementWriterTest#testSerializeNullsTrue
Processing com.google.gson.DefaultInetAddressTypeAdapterTest#testInetAddressSerializationAndDeserialization
Processing com.google.gson.GsonTypeAdapterTest#testDefaultTypeAdapterThrowsParseException
Processing com.google.gson.JsonObjectTest#testPropertyWithQuotes
Processing com.google.gson.JsonObjectTest#testWritePropertyWithEmptyStringName
Processing com.google.gson.JsonParserTest#testParseUnquotedStringArrayFails
Processing com.google.gson.JsonParserTest#testParseMixedArray
Processing com.google.gson.JsonParserTest#testReadWriteTwoObjects
[INFO] Printing com.google.gson.functional.CustomTypeAdaptersTest to /tmp/v2/gson//src/test/java//com/google/gson/functional/CustomTypeAdaptersTest.java
[INFO] Printing com.google.gson.functional.CustomTypeAdaptersTest to /tmp/v2/gson//src/test/java//com/google/gson/functional/CustomTypeAdaptersTest.java
[INFO] Printing com.google.gson.functional.NullObjectAndFieldTest to /tmp/v2/gson//src/test/java//com/google/gson/functional/NullObjectAndFieldTest.java
[INFO] Printing com.google.gson.functional.UncategorizedTest to /tmp/v2/gson//src/test/java//com/google/gson/functional/UncategorizedTest.java
[INFO] Printing com.google.gson.functional.UncategorizedTest to /tmp/v2/gson//src/test/java//com/google/gson/functional/UncategorizedTest.java
[INFO] Printing com.google.gson.functional.TypeHierarchyAdapterTest to /tmp/v2/gson//src/test/java//com/google/gson/functional/TypeHierarchyAdapterTest.java
[INFO] Printing com.google.gson.functional.ParameterizedTypesTest to /tmp/v2/gson//src/test/java//com/google/gson/functional/ParameterizedTypesTest.java
[INFO] Printing com.google.gson.functional.ParameterizedTypesTest to /tmp/v2/gson//src/test/java//com/google/gson/functional/ParameterizedTypesTest.java
[INFO] Printing com.google.gson.functional.DefaultTypeAdaptersTest to /tmp/v2/gson//src/test/java//com/google/gson/functional/DefaultTypeAdaptersTest.java
[INFO] Printing com.google.gson.functional.DefaultTypeAdaptersTest to /tmp/v2/gson//src/test/java//com/google/gson/functional/DefaultTypeAdaptersTest.java
[INFO] Printing com.google.gson.functional.JsonTreeTest to /tmp/v2/gson//src/test/java//com/google/gson/functional/JsonTreeTest.java
[INFO] Printing com.google.gson.JsonObjectTest to /tmp/v2/gson//src/test/java//com/google/gson/JsonObjectTest.java
[INFO] Printing com.google.gson.functional.JsonTreeTest to /tmp/v2/gson//src/test/java//com/google/gson/functional/JsonTreeTest.java
[INFO] Printing com.google.gson.JsonObjectTest to /tmp/v2/gson//src/test/java//com/google/gson/JsonObjectTest.java
[INFO] Printing com.google.gson.functional.EnumTest to /tmp/v2/gson//src/test/java//com/google/gson/functional/EnumTest.java
[INFO] Printing com.google.gson.functional.EnumTest to /tmp/v2/gson//src/test/java//com/google/gson/functional/EnumTest.java
[INFO] Printing com.google.gson.functional.EscapingTest to /tmp/v2/gson//src/test/java//com/google/gson/functional/EscapingTest.java
[INFO] Printing com.google.gson.functional.EscapingTest to /tmp/v2/gson//src/test/java//com/google/gson/functional/EscapingTest.java
[INFO] Printing com.google.gson.functional.CollectionTest to /tmp/v2/gson//src/test/java//com/google/gson/functional/CollectionTest.java
[INFO] Printing com.google.gson.functional.CollectionTest to /tmp/v2/gson//src/test/java//com/google/gson/functional/CollectionTest.java
[INFO] Printing com.google.gson.functional.MapAsArrayTypeAdapterTest to /tmp/v2/gson//src/test/java//com/google/gson/functional/MapAsArrayTypeAdapterTest.java
[INFO] Printing com.google.gson.functional.MapAsArrayTypeAdapterTest to /tmp/v2/gson//src/test/java//com/google/gson/functional/MapAsArrayTypeAdapterTest.java
[INFO] Printing com.google.gson.functional.CustomSerializerTest to /tmp/v2/gson//src/test/java//com/google/gson/functional/CustomSerializerTest.java
[INFO] Printing com.google.gson.functional.PrimitiveTest to /tmp/v2/gson//src/test/java//com/google/gson/functional/PrimitiveTest.java
[INFO] Printing com.google.gson.functional.CustomSerializerTest to /tmp/v2/gson//src/test/java//com/google/gson/functional/CustomSerializerTest.java
[INFO] Printing com.google.gson.functional.PrimitiveTest to /tmp/v2/gson//src/test/java//com/google/gson/functional/PrimitiveTest.java
[INFO] Printing com.google.gson.functional.ReadersWritersTest to /tmp/v2/gson//src/test/java//com/google/gson/functional/ReadersWritersTest.java
[INFO] Printing com.google.gson.internal.bind.JsonElementWriterTest to /tmp/v2/gson//src/test/java//com/google/gson/internal/bind/JsonElementWriterTest.java
[INFO] Printing com.google.gson.functional.ReadersWritersTest to /tmp/v2/gson//src/test/java//com/google/gson/functional/ReadersWritersTest.java
[INFO] Printing com.google.gson.internal.bind.JsonElementWriterTest to /tmp/v2/gson//src/test/java//com/google/gson/internal/bind/JsonElementWriterTest.java
[INFO] Printing com.google.gson.functional.PrintFormattingTest to /tmp/v2/gson//src/test/java//com/google/gson/functional/PrintFormattingTest.java
[INFO] Printing com.google.gson.functional.PrintFormattingTest to /tmp/v2/gson//src/test/java//com/google/gson/functional/PrintFormattingTest.java
[INFO] Printing com.google.gson.functional.InheritanceTest to /tmp/v2/gson//src/test/java//com/google/gson/functional/InheritanceTest.java
[INFO] Printing com.google.gson.functional.VersioningTest to /tmp/v2/gson//src/test/java//com/google/gson/functional/VersioningTest.java
[INFO] Printing com.google.gson.functional.InheritanceTest to /tmp/v2/gson//src/test/java//com/google/gson/functional/InheritanceTest.java
[INFO] Printing com.google.gson.GsonTypeAdapterTest to /tmp/v2/gson//src/test/java//com/google/gson/GsonTypeAdapterTest.java
[INFO] Printing com.google.gson.functional.PrimitiveCharacterTest to /tmp/v2/gson//src/test/java//com/google/gson/functional/PrimitiveCharacterTest.java
[INFO] Printing com.google.gson.functional.SecurityTest to /tmp/v2/gson//src/test/java//com/google/gson/functional/SecurityTest.java
[INFO] Printing com.google.gson.JsonParserTest to /tmp/v2/gson//src/test/java//com/google/gson/JsonParserTest.java
[INFO] Printing com.google.gson.JsonParserTest to /tmp/v2/gson//src/test/java//com/google/gson/JsonParserTest.java
[INFO] Printing com.google.gson.internal.bind.JsonElementReaderTest to /tmp/v2/gson//src/test/java//com/google/gson/internal/bind/JsonElementReaderTest.java
[INFO] Printing com.google.gson.internal.bind.JsonElementReaderTest to /tmp/v2/gson//src/test/java//com/google/gson/internal/bind/JsonElementReaderTest.java
[INFO] Printing com.google.gson.functional.ArrayTest to /tmp/v2/gson//src/test/java//com/google/gson/functional/ArrayTest.java
[INFO] Printing com.google.gson.DefaultInetAddressTypeAdapterTest to /tmp/v2/gson//src/test/java//com/google/gson/DefaultInetAddressTypeAdapterTest.java
[INFO] Printing com.google.gson.functional.TypeVariableTest to /tmp/v2/gson//src/test/java//com/google/gson/functional/TypeVariableTest.java
[INFO] Printing com.google.gson.functional.TypeVariableTest to /tmp/v2/gson//src/test/java//com/google/gson/functional/TypeVariableTest.java
[INFO] Printing com.google.gson.functional.MapTest to /tmp/v2/gson//src/test/java//com/google/gson/functional/MapTest.java
[INFO] Printing com.google.gson.functional.MapTest to /tmp/v2/gson//src/test/java//com/google/gson/functional/MapTest.java
[INFO] Printing com.google.gson.functional.ObjectTest to /tmp/v2/gson//src/test/java//com/google/gson/functional/ObjectTest.java
[INFO] Printing com.google.gson.functional.ObjectTest to /tmp/v2/gson//src/test/java//com/google/gson/functional/ObjectTest.java
[INFO] Printing com.google.gson.functional.PrettyPrintingTest to /tmp/v2/gson//src/test/java//com/google/gson/functional/PrettyPrintingTest.java
[INFO] Printing com.google.gson.functional.PrettyPrintingTest to /tmp/v2/gson//src/test/java//com/google/gson/functional/PrettyPrintingTest.java
[INFO] Injecting JUnit-Jjoules in /tmp/v2/gson//pom.xml
[INFO] Output new POM file in /tmp/v2/gson//pom.xml
[INFO] ------------------------------------------------------------------------
[INFO] BUILD SUCCESS
[INFO] ------------------------------------------------------------------------
[INFO] Total time:  14.395 s
[INFO] Finished at: 2021-01-06T16:05:59+01:00
[INFO] ------------------------------------------------------------------------
