[INFO] Scanning for projects...
[INFO] 
[INFO] ---------------------< com.google.code.gson:gson >----------------------
[INFO] Building Gson 2.6.3-SNAPSHOT
[INFO] --------------------------------[ jar ]---------------------------------
[INFO] 
[INFO] --- maven-clean-plugin:2.5:clean (default-clean) @ gson ---
[INFO] Deleting /tmp/v1/gson/target
[INFO] 
[INFO] --- maven-enforcer-plugin:1.0:enforce (enforce-maven) @ gson ---
[INFO] 
[INFO] --- maven-resources-plugin:2.6:resources (default-resources) @ gson ---
[INFO] Using 'UTF-8' encoding to copy filtered resources.
[INFO] skip non existing resourceDirectory /tmp/v1/gson/src/main/resources
[INFO] 
[INFO] --- maven-compiler-plugin:3.0:compile (default-compile) @ gson ---
[INFO] Changes detected - recompiling the module!
[INFO] Compiling 67 source files to /tmp/v1/gson/target/classes
[WARNING] /tmp/v1/gson/src/main/java/com/google/gson/internal/ConstructorConstructor.java: /tmp/v1/gson/src/main/java/com/google/gson/internal/ConstructorConstructor.java uses or overrides a deprecated API.
[WARNING] /tmp/v1/gson/src/main/java/com/google/gson/internal/ConstructorConstructor.java: Recompile with -Xlint:deprecation for details.
[INFO] 
[INFO] --- bnd-maven-plugin:3.1.0:bnd-process (default) @ gson ---
[INFO] 
[INFO] --- maven-resources-plugin:2.6:testResources (default-testResources) @ gson ---
[INFO] Using 'UTF-8' encoding to copy filtered resources.
[INFO] skip non existing resourceDirectory /tmp/v1/gson/src/test/resources
[INFO] 
[INFO] --- maven-compiler-plugin:3.0:testCompile (default-testCompile) @ gson ---
[INFO] Changes detected - recompiling the module!
[INFO] Compiling 92 source files to /tmp/v1/gson/target/test-classes
[WARNING] /tmp/v1/gson/src/test/java/com/google/gson/functional/MapAsArrayTypeAdapterTest.java: Some input files use or override a deprecated API.
[WARNING] /tmp/v1/gson/src/test/java/com/google/gson/functional/MapAsArrayTypeAdapterTest.java: Recompile with -Xlint:deprecation for details.
[INFO] 
[INFO] --- maven-surefire-plugin:2.12.4:test (default-test) @ gson ---
[INFO] Tests are skipped.
[INFO] 
[INFO] --- maven-dependency-plugin:2.8:build-classpath (default-cli) @ gson ---
[INFO] Skipped writing classpath file '/tmp/v1/gson/classpath'.  No changes found.
[INFO] 
[INFO] --- diff-jjoules:0.0.1-SNAPSHOT:class-instrument (default-cli) @ gson ---
[INFO] Downloading from gradle-repo: https://repo.gradle.org/gradle/libs-releases-local/org/eclipse/platform/org.eclipse.core.resources/maven-metadata.xml
[INFO] Downloading from gforge.inria.fr-release: http://maven.inria.fr/artifactory/spoon-public-snapshot/org/eclipse/platform/org.eclipse.core.resources/maven-metadata.xml
[INFO] Downloading from sonatype-nexus-snapshots: https://oss.sonatype.org/content/repositories/snapshots/org/eclipse/platform/org.eclipse.core.resources/maven-metadata.xml
[INFO] Downloading from maven.inria.fr-snapshot: http://maven.inria.fr/artifactory/spoon-public-snapshot/org/eclipse/platform/org.eclipse.core.resources/maven-metadata.xml
[INFO] Downloading from gradle-repo: https://repo.gradle.org/gradle/libs-releases-local/org/eclipse/platform/org.eclipse.core.expressions/maven-metadata.xml
[INFO] Downloading from sonatype-nexus-snapshots: https://oss.sonatype.org/content/repositories/snapshots/org/eclipse/platform/org.eclipse.core.expressions/maven-metadata.xml
[INFO] Downloading from maven.inria.fr-snapshot: http://maven.inria.fr/artifactory/spoon-public-snapshot/org/eclipse/platform/org.eclipse.core.expressions/maven-metadata.xml
[INFO] Downloading from gforge.inria.fr-release: http://maven.inria.fr/artifactory/spoon-public-snapshot/org/eclipse/platform/org.eclipse.core.expressions/maven-metadata.xml
[INFO] Downloading from gradle-repo: https://repo.gradle.org/gradle/libs-releases-local/org/eclipse/platform/org.eclipse.core.runtime/maven-metadata.xml
[INFO] Downloading from sonatype-nexus-snapshots: https://oss.sonatype.org/content/repositories/snapshots/org/eclipse/platform/org.eclipse.core.runtime/maven-metadata.xml
[INFO] Downloading from gforge.inria.fr-release: http://maven.inria.fr/artifactory/spoon-public-snapshot/org/eclipse/platform/org.eclipse.core.runtime/maven-metadata.xml
[INFO] Downloading from maven.inria.fr-snapshot: http://maven.inria.fr/artifactory/spoon-public-snapshot/org/eclipse/platform/org.eclipse.core.runtime/maven-metadata.xml
[INFO] Downloading from gradle-repo: https://repo.gradle.org/gradle/libs-releases-local/org/eclipse/platform/org.eclipse.osgi/maven-metadata.xml
[INFO] Downloading from sonatype-nexus-snapshots: https://oss.sonatype.org/content/repositories/snapshots/org/eclipse/platform/org.eclipse.osgi/maven-metadata.xml
[INFO] Downloading from gforge.inria.fr-release: http://maven.inria.fr/artifactory/spoon-public-snapshot/org/eclipse/platform/org.eclipse.osgi/maven-metadata.xml
[INFO] Downloading from maven.inria.fr-snapshot: http://maven.inria.fr/artifactory/spoon-public-snapshot/org/eclipse/platform/org.eclipse.osgi/maven-metadata.xml
[INFO] Downloading from gradle-repo: https://repo.gradle.org/gradle/libs-releases-local/org/eclipse/platform/org.eclipse.equinox.common/maven-metadata.xml
[INFO] Downloading from sonatype-nexus-snapshots: https://oss.sonatype.org/content/repositories/snapshots/org/eclipse/platform/org.eclipse.equinox.common/maven-metadata.xml
[INFO] Downloading from gforge.inria.fr-release: http://maven.inria.fr/artifactory/spoon-public-snapshot/org/eclipse/platform/org.eclipse.equinox.common/maven-metadata.xml
[INFO] Downloading from maven.inria.fr-snapshot: http://maven.inria.fr/artifactory/spoon-public-snapshot/org/eclipse/platform/org.eclipse.equinox.common/maven-metadata.xml
[INFO] Downloading from maven.inria.fr-snapshot: http://maven.inria.fr/artifactory/spoon-public-snapshot/org/eclipse/platform/org.eclipse.core.jobs/maven-metadata.xml
[INFO] Downloading from gforge.inria.fr-release: http://maven.inria.fr/artifactory/spoon-public-snapshot/org/eclipse/platform/org.eclipse.core.jobs/maven-metadata.xml
[INFO] Downloading from sonatype-nexus-snapshots: https://oss.sonatype.org/content/repositories/snapshots/org/eclipse/platform/org.eclipse.core.jobs/maven-metadata.xml
[INFO] Downloading from gradle-repo: https://repo.gradle.org/gradle/libs-releases-local/org/eclipse/platform/org.eclipse.core.jobs/maven-metadata.xml
[INFO] Downloading from gforge.inria.fr-release: http://maven.inria.fr/artifactory/spoon-public-snapshot/org/eclipse/platform/org.eclipse.equinox.registry/maven-metadata.xml
[INFO] Downloading from gradle-repo: https://repo.gradle.org/gradle/libs-releases-local/org/eclipse/platform/org.eclipse.equinox.registry/maven-metadata.xml
[INFO] Downloading from sonatype-nexus-snapshots: https://oss.sonatype.org/content/repositories/snapshots/org/eclipse/platform/org.eclipse.equinox.registry/maven-metadata.xml
[INFO] Downloading from maven.inria.fr-snapshot: http://maven.inria.fr/artifactory/spoon-public-snapshot/org/eclipse/platform/org.eclipse.equinox.registry/maven-metadata.xml
[INFO] Downloading from sonatype-nexus-snapshots: https://oss.sonatype.org/content/repositories/snapshots/org/eclipse/platform/org.eclipse.equinox.preferences/maven-metadata.xml
[INFO] Downloading from maven.inria.fr-snapshot: http://maven.inria.fr/artifactory/spoon-public-snapshot/org/eclipse/platform/org.eclipse.equinox.preferences/maven-metadata.xml
[INFO] Downloading from gradle-repo: https://repo.gradle.org/gradle/libs-releases-local/org/eclipse/platform/org.eclipse.equinox.preferences/maven-metadata.xml
[INFO] Downloading from gforge.inria.fr-release: http://maven.inria.fr/artifactory/spoon-public-snapshot/org/eclipse/platform/org.eclipse.equinox.preferences/maven-metadata.xml
[INFO] Downloading from gradle-repo: https://repo.gradle.org/gradle/libs-releases-local/org/eclipse/platform/org.eclipse.core.contenttype/maven-metadata.xml
[INFO] Downloading from maven.inria.fr-snapshot: http://maven.inria.fr/artifactory/spoon-public-snapshot/org/eclipse/platform/org.eclipse.core.contenttype/maven-metadata.xml
[INFO] Downloading from gforge.inria.fr-release: http://maven.inria.fr/artifactory/spoon-public-snapshot/org/eclipse/platform/org.eclipse.core.contenttype/maven-metadata.xml
[INFO] Downloading from sonatype-nexus-snapshots: https://oss.sonatype.org/content/repositories/snapshots/org/eclipse/platform/org.eclipse.core.contenttype/maven-metadata.xml
[INFO] Downloading from gforge.inria.fr-release: http://maven.inria.fr/artifactory/spoon-public-snapshot/org/eclipse/platform/org.eclipse.equinox.app/maven-metadata.xml
[INFO] Downloading from sonatype-nexus-snapshots: https://oss.sonatype.org/content/repositories/snapshots/org/eclipse/platform/org.eclipse.equinox.app/maven-metadata.xml
[INFO] Downloading from gradle-repo: https://repo.gradle.org/gradle/libs-releases-local/org/eclipse/platform/org.eclipse.equinox.app/maven-metadata.xml
[INFO] Downloading from maven.inria.fr-snapshot: http://maven.inria.fr/artifactory/spoon-public-snapshot/org/eclipse/platform/org.eclipse.equinox.app/maven-metadata.xml
[INFO] Downloading from gforge.inria.fr-release: http://maven.inria.fr/artifactory/spoon-public-snapshot/org/eclipse/platform/org.eclipse.core.filesystem/maven-metadata.xml
[INFO] Downloading from gradle-repo: https://repo.gradle.org/gradle/libs-releases-local/org/eclipse/platform/org.eclipse.core.filesystem/maven-metadata.xml
[INFO] Downloading from sonatype-nexus-snapshots: https://oss.sonatype.org/content/repositories/snapshots/org/eclipse/platform/org.eclipse.core.filesystem/maven-metadata.xml
[INFO] Downloading from maven.inria.fr-snapshot: http://maven.inria.fr/artifactory/spoon-public-snapshot/org/eclipse/platform/org.eclipse.core.filesystem/maven-metadata.xml
[INFO] Downloading from maven.inria.fr-snapshot: http://maven.inria.fr/artifactory/spoon-public-snapshot/org/eclipse/platform/org.eclipse.text/maven-metadata.xml
[INFO] Downloading from gradle-repo: https://repo.gradle.org/gradle/libs-releases-local/org/eclipse/platform/org.eclipse.text/maven-metadata.xml
[INFO] Downloading from sonatype-nexus-snapshots: https://oss.sonatype.org/content/repositories/snapshots/org/eclipse/platform/org.eclipse.text/maven-metadata.xml
[INFO] Downloading from gforge.inria.fr-release: http://maven.inria.fr/artifactory/spoon-public-snapshot/org/eclipse/platform/org.eclipse.text/maven-metadata.xml
[INFO] Downloading from gradle-repo: https://repo.gradle.org/gradle/libs-releases-local/org/eclipse/platform/org.eclipse.core.commands/maven-metadata.xml
[INFO] Downloading from sonatype-nexus-snapshots: https://oss.sonatype.org/content/repositories/snapshots/org/eclipse/platform/org.eclipse.core.commands/maven-metadata.xml
[INFO] Downloading from maven.inria.fr-snapshot: http://maven.inria.fr/artifactory/spoon-public-snapshot/org/eclipse/platform/org.eclipse.core.commands/maven-metadata.xml
[INFO] Downloading from gforge.inria.fr-release: http://maven.inria.fr/artifactory/spoon-public-snapshot/org/eclipse/platform/org.eclipse.core.commands/maven-metadata.xml
[INFO] Running on:
[INFO] /tmp/v1/gson
[INFO] /tmp/v2/gson/
[INFO] Enable JUnit4 mode
[INFO] Configuration{pathToFirstVersion='/tmp/v1/gson', pathToSecondVersion='/tmp/v2/gson/', pathToTestListAsCSV='/tmp/v1/gson/testsThatExecuteTheChange.csv'}
[INFO] com.google.gson.functional.CollectionTest:[testWildcardCollectionField, testSetDeserialization]
com.google.gson.functional.SerializedNameTest:[testMultipleNamesDeserializedCorrectly, testMultipleNamesInTheSameString]
com.google.gson.functional.ExposeFieldsTest:[testExposedInterfaceFieldDeserialization, testExposeAnnotationDeserialization]
com.google.gson.functional.CustomTypeAdaptersTest:[testEnsureCustomDeserializerNotInvokedForNullValues]
com.google.gson.functional.RuntimeTypeAdapterFactoryFunctionalTest:[testSubclassesAutomaticallySerialzed]
com.google.gson.functional.NamingPolicyTest:[testGsonWithLowerCaseDashPolicyDeserialiation, testComplexFieldNameStrategy, testGsonWithNonDefaultFieldNamingPolicyDeserialiation, testGsonWithLowerCaseUnderscorePolicyDeserialiation, testGsonWithUpperCamelCaseSpacesPolicyDeserialiation]
com.google.gson.functional.InheritanceTest:[testSubInterfacesOfCollectionDeserialization, testSubClassDeserialization]
com.google.gson.functional.CustomDeserializerTest:[testCustomDeserializerReturnsNull]
com.google.gson.functional.InstanceCreatorTest:[testInstanceCreatorReturnsSubTypeForField]
com.google.gson.functional.JsonAdapterAnnotationOnFieldsTest:[testFieldAnnotationTakesPrecedenceOverClassAnnotation, testClassAnnotationAdapterFactoryTakesPrecedenceOverDefault, testJsonAdapterWrappedInNullSafeAsRequested, testRegisteredTypeAdapterTakesPrecedenceOverClassAnnotationAdapter, testFieldAnnotationTakesPrecedenceOverRegisteredTypeAdapter, testClassAnnotationAdapterTakesPrecedenceOverDefault, testJsonAdapterInvokedOnlyForAnnotatedFields]
com.google.gson.functional.ObjectTest:[testBagOfPrimitiveWrappersDeserialization]
com.google.gson.functional.StreamingTypeAdaptersTest:[testFromJsonTree, testDeserialize]
com.google.gson.internal.UnsafeAllocatorInstantiationTest:[testInterfaceInstantiation, testAbstractClassInstantiation, testConcreteClassInstantiation]
com.google.gson.functional.MapTest:[testComplexKeysDeserialization]
com.google.gson.regression.JsonAdapterNullSafeTest:[testNullSafeBugDeserialize]
com.google.gson.functional.DefaultTypeAdaptersTest:[testBadValueForBigDecimalDeserialization, testBigIntegerFieldDeserialization, testBigDecimalFieldDeserialization]
[INFO] Instrument version before commit...
[INFO] Run on /tmp/v1/gson
[INFO] Running in NOCLASSPATH mode (doc: http://spoon.gforge.inria.fr/launcher.html).
[INFO] fr.davidson.diff.jjoules.class_instrumentation.process.JJoulesProcessor
Processing com.google.gson.functional.CollectionTest#testWildcardCollectionField
Processing com.google.gson.functional.CollectionTest#testSetDeserialization
Processing com.google.gson.functional.CustomDeserializerTest#testCustomDeserializerReturnsNull
Processing com.google.gson.functional.CustomTypeAdaptersTest#testEnsureCustomDeserializerNotInvokedForNullValues
Processing com.google.gson.functional.DefaultTypeAdaptersTest#testBigDecimalFieldDeserialization
Processing com.google.gson.functional.DefaultTypeAdaptersTest#testBadValueForBigDecimalDeserialization
Processing com.google.gson.functional.DefaultTypeAdaptersTest#testBigIntegerFieldDeserialization
Processing com.google.gson.functional.ExposeFieldsTest#testExposeAnnotationDeserialization
Processing com.google.gson.functional.ExposeFieldsTest#testExposedInterfaceFieldDeserialization
Processing com.google.gson.functional.InheritanceTest#testSubClassDeserialization
Processing com.google.gson.functional.InheritanceTest#testSubInterfacesOfCollectionDeserialization
Processing com.google.gson.functional.InstanceCreatorTest#testInstanceCreatorReturnsSubTypeForField
Processing com.google.gson.functional.JsonAdapterAnnotationOnFieldsTest#testClassAnnotationAdapterTakesPrecedenceOverDefault
Processing com.google.gson.functional.JsonAdapterAnnotationOnFieldsTest#testClassAnnotationAdapterFactoryTakesPrecedenceOverDefault
Processing com.google.gson.functional.JsonAdapterAnnotationOnFieldsTest#testRegisteredTypeAdapterTakesPrecedenceOverClassAnnotationAdapter
Processing com.google.gson.functional.JsonAdapterAnnotationOnFieldsTest#testFieldAnnotationTakesPrecedenceOverRegisteredTypeAdapter
Processing com.google.gson.functional.JsonAdapterAnnotationOnFieldsTest#testFieldAnnotationTakesPrecedenceOverClassAnnotation
Processing com.google.gson.functional.JsonAdapterAnnotationOnFieldsTest#testJsonAdapterInvokedOnlyForAnnotatedFields
Processing com.google.gson.functional.JsonAdapterAnnotationOnFieldsTest#testJsonAdapterWrappedInNullSafeAsRequested
Processing com.google.gson.functional.MapTest#testComplexKeysDeserialization
Processing com.google.gson.functional.NamingPolicyTest#testGsonWithNonDefaultFieldNamingPolicyDeserialiation
Processing com.google.gson.functional.NamingPolicyTest#testGsonWithLowerCaseDashPolicyDeserialiation
Processing com.google.gson.functional.NamingPolicyTest#testGsonWithLowerCaseUnderscorePolicyDeserialiation
Processing com.google.gson.functional.NamingPolicyTest#testGsonWithUpperCamelCaseSpacesPolicyDeserialiation
Processing com.google.gson.functional.NamingPolicyTest#testComplexFieldNameStrategy
Processing com.google.gson.functional.ObjectTest#testBagOfPrimitiveWrappersDeserialization
Processing com.google.gson.functional.RuntimeTypeAdapterFactoryFunctionalTest#testSubclassesAutomaticallySerialzed
Processing com.google.gson.functional.SerializedNameTest#testMultipleNamesDeserializedCorrectly
Processing com.google.gson.functional.SerializedNameTest#testMultipleNamesInTheSameString
Processing com.google.gson.functional.StreamingTypeAdaptersTest#testDeserialize
Processing com.google.gson.functional.StreamingTypeAdaptersTest#testFromJsonTree
Processing com.google.gson.regression.JsonAdapterNullSafeTest#testNullSafeBugDeserialize
[INFO] Processing Done...
[INFO] Printing com.google.gson.functional.SerializedNameTest_testMultipleNamesDeserializedCorrectly to /tmp/v1/gson/src/test/java//com/google/gson/functional/SerializedNameTest_testMultipleNamesDeserializedCorrectly.java
[INFO] Printing com.google.gson.functional.NamingPolicyTest_testGsonWithLowerCaseUnderscorePolicyDeserialiation to /tmp/v1/gson/src/test/java//com/google/gson/functional/NamingPolicyTest_testGsonWithLowerCaseUnderscorePolicyDeserialiation.java
[INFO] Printing com.google.gson.functional.CollectionTest_testWildcardCollectionField to /tmp/v1/gson/src/test/java//com/google/gson/functional/CollectionTest_testWildcardCollectionField.java
[INFO] Printing com.google.gson.functional.ExposeFieldsTest_testExposeAnnotationDeserialization to /tmp/v1/gson/src/test/java//com/google/gson/functional/ExposeFieldsTest_testExposeAnnotationDeserialization.java
[INFO] Printing com.google.gson.functional.StreamingTypeAdaptersTest_testFromJsonTree to /tmp/v1/gson/src/test/java//com/google/gson/functional/StreamingTypeAdaptersTest_testFromJsonTree.java
[INFO] Printing com.google.gson.functional.JsonAdapterAnnotationOnFieldsTest_testRegisteredTypeAdapterTakesPrecedenceOverClassAnnotationAdapter to /tmp/v1/gson/src/test/java//com/google/gson/functional/JsonAdapterAnnotationOnFieldsTest_testRegisteredTypeAdapterTakesPrecedenceOverClassAnnotationAdapter.java
[INFO] Printing com.google.gson.functional.CollectionTest_testSetDeserialization to /tmp/v1/gson/src/test/java//com/google/gson/functional/CollectionTest_testSetDeserialization.java
[INFO] Printing com.google.gson.functional.CustomTypeAdaptersTest_testEnsureCustomDeserializerNotInvokedForNullValues to /tmp/v1/gson/src/test/java//com/google/gson/functional/CustomTypeAdaptersTest_testEnsureCustomDeserializerNotInvokedForNullValues.java
[INFO] Printing com.google.gson.functional.InheritanceTest_testSubInterfacesOfCollectionDeserialization to /tmp/v1/gson/src/test/java//com/google/gson/functional/InheritanceTest_testSubInterfacesOfCollectionDeserialization.java
[INFO] Printing com.google.gson.functional.NamingPolicyTest_testGsonWithLowerCaseDashPolicyDeserialiation to /tmp/v1/gson/src/test/java//com/google/gson/functional/NamingPolicyTest_testGsonWithLowerCaseDashPolicyDeserialiation.java
[INFO] Printing com.google.gson.functional.JsonAdapterAnnotationOnFieldsTest_testClassAnnotationAdapterFactoryTakesPrecedenceOverDefault to /tmp/v1/gson/src/test/java//com/google/gson/functional/JsonAdapterAnnotationOnFieldsTest_testClassAnnotationAdapterFactoryTakesPrecedenceOverDefault.java
[INFO] Printing com.google.gson.functional.ExposeFieldsTest_testExposedInterfaceFieldDeserialization to /tmp/v1/gson/src/test/java//com/google/gson/functional/ExposeFieldsTest_testExposedInterfaceFieldDeserialization.java
[INFO] Printing com.google.gson.functional.StreamingTypeAdaptersTest_testDeserialize to /tmp/v1/gson/src/test/java//com/google/gson/functional/StreamingTypeAdaptersTest_testDeserialize.java
[INFO] Printing com.google.gson.functional.JsonAdapterAnnotationOnFieldsTest_testFieldAnnotationTakesPrecedenceOverRegisteredTypeAdapter to /tmp/v1/gson/src/test/java//com/google/gson/functional/JsonAdapterAnnotationOnFieldsTest_testFieldAnnotationTakesPrecedenceOverRegisteredTypeAdapter.java
[INFO] Printing com.google.gson.functional.DefaultTypeAdaptersTest_testBadValueForBigDecimalDeserialization to /tmp/v1/gson/src/test/java//com/google/gson/functional/DefaultTypeAdaptersTest_testBadValueForBigDecimalDeserialization.java
[INFO] Printing com.google.gson.functional.NamingPolicyTest_testGsonWithUpperCamelCaseSpacesPolicyDeserialiation to /tmp/v1/gson/src/test/java//com/google/gson/functional/NamingPolicyTest_testGsonWithUpperCamelCaseSpacesPolicyDeserialiation.java
[INFO] Printing com.google.gson.functional.MapTest_testComplexKeysDeserialization to /tmp/v1/gson/src/test/java//com/google/gson/functional/MapTest_testComplexKeysDeserialization.java
[INFO] Printing com.google.gson.regression.JsonAdapterNullSafeTest_testNullSafeBugDeserialize to /tmp/v1/gson/src/test/java//com/google/gson/regression/JsonAdapterNullSafeTest_testNullSafeBugDeserialize.java
[INFO] Printing com.google.gson.functional.JsonAdapterAnnotationOnFieldsTest_testJsonAdapterWrappedInNullSafeAsRequested to /tmp/v1/gson/src/test/java//com/google/gson/functional/JsonAdapterAnnotationOnFieldsTest_testJsonAdapterWrappedInNullSafeAsRequested.java
[INFO] Printing com.google.gson.functional.SerializedNameTest_testMultipleNamesInTheSameString to /tmp/v1/gson/src/test/java//com/google/gson/functional/SerializedNameTest_testMultipleNamesInTheSameString.java
[INFO] Printing com.google.gson.functional.InheritanceTest_testSubClassDeserialization to /tmp/v1/gson/src/test/java//com/google/gson/functional/InheritanceTest_testSubClassDeserialization.java
[INFO] Printing com.google.gson.functional.DefaultTypeAdaptersTest_testBigDecimalFieldDeserialization to /tmp/v1/gson/src/test/java//com/google/gson/functional/DefaultTypeAdaptersTest_testBigDecimalFieldDeserialization.java
[INFO] Printing com.google.gson.functional.ObjectTest_testBagOfPrimitiveWrappersDeserialization to /tmp/v1/gson/src/test/java//com/google/gson/functional/ObjectTest_testBagOfPrimitiveWrappersDeserialization.java
[INFO] Printing com.google.gson.functional.RuntimeTypeAdapterFactoryFunctionalTest_testSubclassesAutomaticallySerialzed to /tmp/v1/gson/src/test/java//com/google/gson/functional/RuntimeTypeAdapterFactoryFunctionalTest_testSubclassesAutomaticallySerialzed.java
[INFO] Printing com.google.gson.functional.DefaultTypeAdaptersTest_testBigIntegerFieldDeserialization to /tmp/v1/gson/src/test/java//com/google/gson/functional/DefaultTypeAdaptersTest_testBigIntegerFieldDeserialization.java
[INFO] Printing com.google.gson.functional.InstanceCreatorTest_testInstanceCreatorReturnsSubTypeForField to /tmp/v1/gson/src/test/java//com/google/gson/functional/InstanceCreatorTest_testInstanceCreatorReturnsSubTypeForField.java
[INFO] Printing com.google.gson.functional.JsonAdapterAnnotationOnFieldsTest_testJsonAdapterInvokedOnlyForAnnotatedFields to /tmp/v1/gson/src/test/java//com/google/gson/functional/JsonAdapterAnnotationOnFieldsTest_testJsonAdapterInvokedOnlyForAnnotatedFields.java
[INFO] Printing com.google.gson.functional.JsonAdapterAnnotationOnFieldsTest_testClassAnnotationAdapterTakesPrecedenceOverDefault to /tmp/v1/gson/src/test/java//com/google/gson/functional/JsonAdapterAnnotationOnFieldsTest_testClassAnnotationAdapterTakesPrecedenceOverDefault.java
[INFO] Printing com.google.gson.functional.JsonAdapterAnnotationOnFieldsTest_testFieldAnnotationTakesPrecedenceOverClassAnnotation to /tmp/v1/gson/src/test/java//com/google/gson/functional/JsonAdapterAnnotationOnFieldsTest_testFieldAnnotationTakesPrecedenceOverClassAnnotation.java
[INFO] Printing com.google.gson.functional.CustomDeserializerTest_testCustomDeserializerReturnsNull to /tmp/v1/gson/src/test/java//com/google/gson/functional/CustomDeserializerTest_testCustomDeserializerReturnsNull.java
[INFO] Printing com.google.gson.functional.NamingPolicyTest_testComplexFieldNameStrategy to /tmp/v1/gson/src/test/java//com/google/gson/functional/NamingPolicyTest_testComplexFieldNameStrategy.java
[INFO] Printing com.google.gson.functional.NamingPolicyTest_testGsonWithNonDefaultFieldNamingPolicyDeserialiation to /tmp/v1/gson/src/test/java//com/google/gson/functional/NamingPolicyTest_testGsonWithNonDefaultFieldNamingPolicyDeserialiation.java
[INFO] Injecting JUnit-Jjoules in /tmp/v1/gson/pom.xml
[INFO] Output new POM file in /tmp/v1/gson/pom.xml
[INFO] Instrument version after commit...
[INFO] Run on /tmp/v2/gson/
[INFO] Running in NOCLASSPATH mode (doc: http://spoon.gforge.inria.fr/launcher.html).
[INFO] fr.davidson.diff.jjoules.class_instrumentation.process.JJoulesProcessor
Processing com.google.gson.functional.CollectionTest#testWildcardCollectionField
Processing com.google.gson.functional.CollectionTest#testSetDeserialization
Processing com.google.gson.functional.CustomDeserializerTest#testCustomDeserializerReturnsNull
Processing com.google.gson.functional.CustomTypeAdaptersTest#testEnsureCustomDeserializerNotInvokedForNullValues
Processing com.google.gson.functional.DefaultTypeAdaptersTest#testBigDecimalFieldDeserialization
Processing com.google.gson.functional.DefaultTypeAdaptersTest#testBadValueForBigDecimalDeserialization
Processing com.google.gson.functional.DefaultTypeAdaptersTest#testBigIntegerFieldDeserialization
Processing com.google.gson.functional.ExposeFieldsTest#testExposeAnnotationDeserialization
Processing com.google.gson.functional.ExposeFieldsTest#testExposedInterfaceFieldDeserialization
Processing com.google.gson.functional.InheritanceTest#testSubClassDeserialization
Processing com.google.gson.functional.InheritanceTest#testSubInterfacesOfCollectionDeserialization
Processing com.google.gson.functional.InstanceCreatorTest#testInstanceCreatorReturnsSubTypeForField
Processing com.google.gson.functional.JsonAdapterAnnotationOnFieldsTest#testClassAnnotationAdapterTakesPrecedenceOverDefault
Processing com.google.gson.functional.JsonAdapterAnnotationOnFieldsTest#testClassAnnotationAdapterFactoryTakesPrecedenceOverDefault
Processing com.google.gson.functional.JsonAdapterAnnotationOnFieldsTest#testRegisteredTypeAdapterTakesPrecedenceOverClassAnnotationAdapter
Processing com.google.gson.functional.JsonAdapterAnnotationOnFieldsTest#testFieldAnnotationTakesPrecedenceOverRegisteredTypeAdapter
Processing com.google.gson.functional.JsonAdapterAnnotationOnFieldsTest#testFieldAnnotationTakesPrecedenceOverClassAnnotation
Processing com.google.gson.functional.JsonAdapterAnnotationOnFieldsTest#testJsonAdapterInvokedOnlyForAnnotatedFields
Processing com.google.gson.functional.JsonAdapterAnnotationOnFieldsTest#testJsonAdapterWrappedInNullSafeAsRequested
Processing com.google.gson.functional.MapTest#testComplexKeysDeserialization
Processing com.google.gson.functional.NamingPolicyTest#testGsonWithNonDefaultFieldNamingPolicyDeserialiation
Processing com.google.gson.functional.NamingPolicyTest#testGsonWithLowerCaseDashPolicyDeserialiation
Processing com.google.gson.functional.NamingPolicyTest#testGsonWithLowerCaseUnderscorePolicyDeserialiation
Processing com.google.gson.functional.NamingPolicyTest#testGsonWithUpperCamelCaseSpacesPolicyDeserialiation
Processing com.google.gson.functional.NamingPolicyTest#testComplexFieldNameStrategy
Processing com.google.gson.functional.ObjectTest#testBagOfPrimitiveWrappersDeserialization
Processing com.google.gson.functional.RuntimeTypeAdapterFactoryFunctionalTest#testSubclassesAutomaticallySerialzed
Processing com.google.gson.functional.SerializedNameTest#testMultipleNamesDeserializedCorrectly
Processing com.google.gson.functional.SerializedNameTest#testMultipleNamesInTheSameString
Processing com.google.gson.functional.StreamingTypeAdaptersTest#testDeserialize
Processing com.google.gson.functional.StreamingTypeAdaptersTest#testFromJsonTree
Processing com.google.gson.internal.UnsafeAllocatorInstantiationTest#testInterfaceInstantiation
Processing com.google.gson.internal.UnsafeAllocatorInstantiationTest#testAbstractClassInstantiation
Processing com.google.gson.internal.UnsafeAllocatorInstantiationTest#testConcreteClassInstantiation
Processing com.google.gson.regression.JsonAdapterNullSafeTest#testNullSafeBugDeserialize
[INFO] Processing Done...
[INFO] Printing com.google.gson.functional.SerializedNameTest_testMultipleNamesDeserializedCorrectly to /tmp/v2/gson//src/test/java//com/google/gson/functional/SerializedNameTest_testMultipleNamesDeserializedCorrectly.java
[INFO] Printing com.google.gson.functional.NamingPolicyTest_testGsonWithLowerCaseUnderscorePolicyDeserialiation to /tmp/v2/gson//src/test/java//com/google/gson/functional/NamingPolicyTest_testGsonWithLowerCaseUnderscorePolicyDeserialiation.java
[INFO] Printing com.google.gson.functional.CollectionTest_testWildcardCollectionField to /tmp/v2/gson//src/test/java//com/google/gson/functional/CollectionTest_testWildcardCollectionField.java
[INFO] Printing com.google.gson.functional.ExposeFieldsTest_testExposeAnnotationDeserialization to /tmp/v2/gson//src/test/java//com/google/gson/functional/ExposeFieldsTest_testExposeAnnotationDeserialization.java
[INFO] Printing com.google.gson.functional.StreamingTypeAdaptersTest_testFromJsonTree to /tmp/v2/gson//src/test/java//com/google/gson/functional/StreamingTypeAdaptersTest_testFromJsonTree.java
[INFO] Printing com.google.gson.functional.JsonAdapterAnnotationOnFieldsTest_testRegisteredTypeAdapterTakesPrecedenceOverClassAnnotationAdapter to /tmp/v2/gson//src/test/java//com/google/gson/functional/JsonAdapterAnnotationOnFieldsTest_testRegisteredTypeAdapterTakesPrecedenceOverClassAnnotationAdapter.java
[INFO] Printing com.google.gson.functional.CollectionTest_testSetDeserialization to /tmp/v2/gson//src/test/java//com/google/gson/functional/CollectionTest_testSetDeserialization.java
[INFO] Printing com.google.gson.functional.CustomTypeAdaptersTest_testEnsureCustomDeserializerNotInvokedForNullValues to /tmp/v2/gson//src/test/java//com/google/gson/functional/CustomTypeAdaptersTest_testEnsureCustomDeserializerNotInvokedForNullValues.java
[INFO] Printing com.google.gson.functional.InheritanceTest_testSubInterfacesOfCollectionDeserialization to /tmp/v2/gson//src/test/java//com/google/gson/functional/InheritanceTest_testSubInterfacesOfCollectionDeserialization.java
[INFO] Printing com.google.gson.functional.NamingPolicyTest_testGsonWithLowerCaseDashPolicyDeserialiation to /tmp/v2/gson//src/test/java//com/google/gson/functional/NamingPolicyTest_testGsonWithLowerCaseDashPolicyDeserialiation.java
[INFO] Printing com.google.gson.functional.JsonAdapterAnnotationOnFieldsTest_testClassAnnotationAdapterFactoryTakesPrecedenceOverDefault to /tmp/v2/gson//src/test/java//com/google/gson/functional/JsonAdapterAnnotationOnFieldsTest_testClassAnnotationAdapterFactoryTakesPrecedenceOverDefault.java
[INFO] Printing com.google.gson.internal.UnsafeAllocatorInstantiationTest_testAbstractClassInstantiation to /tmp/v2/gson//src/test/java//com/google/gson/internal/UnsafeAllocatorInstantiationTest_testAbstractClassInstantiation.java
[INFO] Printing com.google.gson.functional.ExposeFieldsTest_testExposedInterfaceFieldDeserialization to /tmp/v2/gson//src/test/java//com/google/gson/functional/ExposeFieldsTest_testExposedInterfaceFieldDeserialization.java
[INFO] Printing com.google.gson.functional.StreamingTypeAdaptersTest_testDeserialize to /tmp/v2/gson//src/test/java//com/google/gson/functional/StreamingTypeAdaptersTest_testDeserialize.java
[INFO] Printing com.google.gson.functional.JsonAdapterAnnotationOnFieldsTest_testFieldAnnotationTakesPrecedenceOverRegisteredTypeAdapter to /tmp/v2/gson//src/test/java//com/google/gson/functional/JsonAdapterAnnotationOnFieldsTest_testFieldAnnotationTakesPrecedenceOverRegisteredTypeAdapter.java
[INFO] Printing com.google.gson.functional.DefaultTypeAdaptersTest_testBadValueForBigDecimalDeserialization to /tmp/v2/gson//src/test/java//com/google/gson/functional/DefaultTypeAdaptersTest_testBadValueForBigDecimalDeserialization.java
[INFO] Printing com.google.gson.functional.NamingPolicyTest_testGsonWithUpperCamelCaseSpacesPolicyDeserialiation to /tmp/v2/gson//src/test/java//com/google/gson/functional/NamingPolicyTest_testGsonWithUpperCamelCaseSpacesPolicyDeserialiation.java
[INFO] Printing com.google.gson.functional.MapTest_testComplexKeysDeserialization to /tmp/v2/gson//src/test/java//com/google/gson/functional/MapTest_testComplexKeysDeserialization.java
[INFO] Printing com.google.gson.regression.JsonAdapterNullSafeTest_testNullSafeBugDeserialize to /tmp/v2/gson//src/test/java//com/google/gson/regression/JsonAdapterNullSafeTest_testNullSafeBugDeserialize.java
[INFO] Printing com.google.gson.functional.JsonAdapterAnnotationOnFieldsTest_testJsonAdapterWrappedInNullSafeAsRequested to /tmp/v2/gson//src/test/java//com/google/gson/functional/JsonAdapterAnnotationOnFieldsTest_testJsonAdapterWrappedInNullSafeAsRequested.java
[INFO] Printing com.google.gson.functional.SerializedNameTest_testMultipleNamesInTheSameString to /tmp/v2/gson//src/test/java//com/google/gson/functional/SerializedNameTest_testMultipleNamesInTheSameString.java
[INFO] Printing com.google.gson.internal.UnsafeAllocatorInstantiationTest_testInterfaceInstantiation to /tmp/v2/gson//src/test/java//com/google/gson/internal/UnsafeAllocatorInstantiationTest_testInterfaceInstantiation.java
[INFO] Printing com.google.gson.functional.InheritanceTest_testSubClassDeserialization to /tmp/v2/gson//src/test/java//com/google/gson/functional/InheritanceTest_testSubClassDeserialization.java
[INFO] Printing com.google.gson.functional.DefaultTypeAdaptersTest_testBigDecimalFieldDeserialization to /tmp/v2/gson//src/test/java//com/google/gson/functional/DefaultTypeAdaptersTest_testBigDecimalFieldDeserialization.java
[INFO] Printing com.google.gson.functional.ObjectTest_testBagOfPrimitiveWrappersDeserialization to /tmp/v2/gson//src/test/java//com/google/gson/functional/ObjectTest_testBagOfPrimitiveWrappersDeserialization.java
[INFO] Printing com.google.gson.functional.RuntimeTypeAdapterFactoryFunctionalTest_testSubclassesAutomaticallySerialzed to /tmp/v2/gson//src/test/java//com/google/gson/functional/RuntimeTypeAdapterFactoryFunctionalTest_testSubclassesAutomaticallySerialzed.java
[INFO] Printing com.google.gson.functional.DefaultTypeAdaptersTest_testBigIntegerFieldDeserialization to /tmp/v2/gson//src/test/java//com/google/gson/functional/DefaultTypeAdaptersTest_testBigIntegerFieldDeserialization.java
[INFO] Printing com.google.gson.functional.InstanceCreatorTest_testInstanceCreatorReturnsSubTypeForField to /tmp/v2/gson//src/test/java//com/google/gson/functional/InstanceCreatorTest_testInstanceCreatorReturnsSubTypeForField.java
[INFO] Printing com.google.gson.functional.JsonAdapterAnnotationOnFieldsTest_testJsonAdapterInvokedOnlyForAnnotatedFields to /tmp/v2/gson//src/test/java//com/google/gson/functional/JsonAdapterAnnotationOnFieldsTest_testJsonAdapterInvokedOnlyForAnnotatedFields.java
[INFO] Printing com.google.gson.internal.UnsafeAllocatorInstantiationTest_testConcreteClassInstantiation to /tmp/v2/gson//src/test/java//com/google/gson/internal/UnsafeAllocatorInstantiationTest_testConcreteClassInstantiation.java
[INFO] Printing com.google.gson.functional.JsonAdapterAnnotationOnFieldsTest_testClassAnnotationAdapterTakesPrecedenceOverDefault to /tmp/v2/gson//src/test/java//com/google/gson/functional/JsonAdapterAnnotationOnFieldsTest_testClassAnnotationAdapterTakesPrecedenceOverDefault.java
[INFO] Printing com.google.gson.functional.JsonAdapterAnnotationOnFieldsTest_testFieldAnnotationTakesPrecedenceOverClassAnnotation to /tmp/v2/gson//src/test/java//com/google/gson/functional/JsonAdapterAnnotationOnFieldsTest_testFieldAnnotationTakesPrecedenceOverClassAnnotation.java
[INFO] Printing com.google.gson.functional.CustomDeserializerTest_testCustomDeserializerReturnsNull to /tmp/v2/gson//src/test/java//com/google/gson/functional/CustomDeserializerTest_testCustomDeserializerReturnsNull.java
[INFO] Printing com.google.gson.functional.NamingPolicyTest_testComplexFieldNameStrategy to /tmp/v2/gson//src/test/java//com/google/gson/functional/NamingPolicyTest_testComplexFieldNameStrategy.java
[INFO] Printing com.google.gson.functional.NamingPolicyTest_testGsonWithNonDefaultFieldNamingPolicyDeserialiation to /tmp/v2/gson//src/test/java//com/google/gson/functional/NamingPolicyTest_testGsonWithNonDefaultFieldNamingPolicyDeserialiation.java
[INFO] Injecting JUnit-Jjoules in /tmp/v2/gson//pom.xml
[INFO] Output new POM file in /tmp/v2/gson//pom.xml
[INFO] ------------------------------------------------------------------------
[INFO] BUILD SUCCESS
[INFO] ------------------------------------------------------------------------
[INFO] Total time:  28.802 s
[INFO] Finished at: 2021-01-21T00:00:58+01:00
[INFO] ------------------------------------------------------------------------
