[INFO] Scanning for projects...
[INFO] 
[INFO] ---------------------< com.google.code.gson:gson >----------------------
[INFO] Building Gson 2.2.3-SNAPSHOT
[INFO] --------------------------------[ jar ]---------------------------------
[INFO] 
[INFO] --- maven-clean-plugin:2.5:clean (default-clean) @ gson ---
[INFO] Deleting /tmp/v1/gson/target
[INFO] 
[INFO] --- maven-enforcer-plugin:1.0:enforce (enforce-maven) @ gson ---
[INFO] 
[INFO] --- maven-resources-plugin:2.6:resources (default-resources) @ gson ---
[INFO] Using 'UTF-8' encoding to copy filtered resources.
[INFO] skip non existing resourceDirectory /tmp/v1/gson/src/main/resources
[INFO] 
[INFO] --- maven-compiler-plugin:2.5.1:compile (default-compile) @ gson ---
[INFO] Compiling 64 source files to /tmp/v1/gson/target/classes
[INFO] 
[INFO] --- maven-resources-plugin:2.6:testResources (default-testResources) @ gson ---
[INFO] Using 'UTF-8' encoding to copy filtered resources.
[INFO] skip non existing resourceDirectory /tmp/v1/gson/src/test/resources
[INFO] 
[INFO] --- maven-compiler-plugin:2.5.1:testCompile (default-testCompile) @ gson ---
[INFO] Compiling 78 source files to /tmp/v1/gson/target/test-classes
[INFO] 
[INFO] --- maven-surefire-plugin:2.12.4:test (default-test) @ gson ---
[INFO] Tests are skipped.
[INFO] 
[INFO] --- maven-dependency-plugin:2.8:build-classpath (default-cli) @ gson ---
[INFO] Skipped writing classpath file '/tmp/v1/gson/classpath'.  No changes found.
[INFO] 
[INFO] --- diff-jjoules:0.0.1-SNAPSHOT:instrument (default-cli) @ gson ---
[INFO] Running on:
[INFO] /tmp/v1/gson
[INFO] /tmp/v2/gson/
[INFO] Enable JUnit4 mode
[INFO] Configuration{pathToFirstVersion='/tmp/v1/gson', pathToSecondVersion='/tmp/v2/gson/', pathToTestListAsCSV='/tmp/v1/gson/testsThatExecuteTheChange.csv', classpath=[/home/spino/.m2/repository/junit/junit/3.8.2/junit-3.8.2.jar], junit4=true}
[INFO] com.google.gson.functional.CollectionTest:[testWildcardCollectionField, testFieldIsArrayList]
com.google.gson.functional.ParameterizedTypesTest:[testParameterizedTypeGenericArraysDeserialization, testVariableTypeFieldsAndGenericArraysDeserialization, testVariableTypeDeserialization, testParameterizedTypeWithVariableTypeDeserialization, testVariableTypeArrayDeserialization]
com.google.gson.functional.CustomTypeAdaptersTest:[testRegisterHierarchyAdapterForDate]
com.google.gson.functional.StringTest:[testEscapingQuotesInStringSerialization, testSingleQuoteInStringSerialization]
com.google.gson.functional.EscapingTest:[testEscapingQuotesInStringArray, testGsonDoubleDeserialization, testGsonAcceptsEscapedAndNonEscapedJsonDeserialization, testEscapingObjectFields]
com.google.gson.functional.NamingPolicyTest:[testComplexFieldNameStrategy]
com.google.gson.functional.TypeVariableTest:[testBasicTypeVariables, testAdvancedTypeVariables, testTypeVariablesViaTypeParameter]
com.google.gson.functional.UncategorizedTest:[testGsonInstanceReusableForSerializationAndDeserialization]
com.google.gson.DefaultInetAddressTypeAdapterTest:[testInetAddressSerializationAndDeserialization]
com.google.gson.functional.DelegateTypeAdapterTest:[testDelegateInvoked, testDelegateInvokedOnStrings]
com.google.gson.functional.EnumTest:[testEnumSubclass, testEnumSubclassAsParameterizedType, testEnumSubclassWithRegisteredTypeAdapter, testEnumCaseMapping]
com.google.gson.functional.TypeHierarchyAdapterTest:[testRegisterSuperTypeFirst, testTypeHierarchy]
com.google.gson.functional.ReadersWritersTest:[testReadWriteTwoStrings, testReadWriteTwoObjects]
com.google.gson.functional.CustomDeserializerTest:[testDefaultConstructorNotCalledOnField, testDefaultConstructorNotCalledOnObject]
com.google.gson.functional.ObjectTest:[testSingletonLists]
com.google.gson.functional.StreamingTypeAdaptersTest:[testNullSafe]
com.google.gson.functional.TypeAdapterPrecedenceTest:[testStreamingHierarchicalFollowedByNonstreaming, testStreamingHierarchicalFollowedByNonstreamingHierarchical, testNonstreamingHierarchicalFollowedByNonstreaming, testNonstreamingFollowedByNonstreaming, testStreamingFollowedByStreaming, testSerializeNonstreamingTypeAdapterFollowedByStreamingTypeAdapter, testStreamingFollowedByNonstreaming, testStreamingFollowedByNonstreamingHierarchical]
com.google.gson.functional.MapAsArrayTypeAdapterTest:[testMultipleEnableComplexKeyRegistrationHasNoEffect, testSerializeComplexMapWithTypeAdapter]
com.google.gson.functional.PrimitiveTest:[testQuotedStringSerializationAndDeserialization]
com.google.gson.OverrideCoreTypeAdaptersTest:[testOverrideStringAdapter, testOverrideWrapperBooleanAdapter, testOverridePrimitiveBooleanAdapter]
com.google.gson.JsonParserTest:[testParseMixedArray, testReadWriteTwoObjects]
com.google.gson.GsonTypeAdapterTest:[testTypeAdapterDoesNotAffectNonAdaptedTypes, testTypeAdapterThrowsException, testTypeAdapterProperlyConvertsTypes]
com.google.gson.functional.DefaultTypeAdaptersTest:[testBitSetDeserialization, testTimestampSerialization, testOverrideBigIntegerTypeAdapter, testSqlDateSerialization, testOverrideBigDecimalTypeAdapter, testDateSerializationInCollection, testNullSerialization, testDateDeserializationWithPattern, testDefaultDateDeserializationUsingBuilder]
[INFO] Instrument version before commit...
[INFO] Run on /tmp/v1/gson
[INFO] Running in NOCLASSPATH mode (doc: http://spoon.gforge.inria.fr/launcher.html).
[INFO] fr.davidson.diff.jjoules.process.junit4.JJoulesProcessor
Processing com.google.gson.functional.CollectionTest#testWildcardCollectionField
Processing com.google.gson.functional.CollectionTest#testFieldIsArrayList
Processing com.google.gson.functional.CustomDeserializerTest#testDefaultConstructorNotCalledOnObject
Processing com.google.gson.functional.CustomDeserializerTest#testDefaultConstructorNotCalledOnField
Processing com.google.gson.functional.CustomTypeAdaptersTest#testRegisterHierarchyAdapterForDate
Processing com.google.gson.functional.DefaultTypeAdaptersTest#testNullSerialization
Processing com.google.gson.functional.DefaultTypeAdaptersTest#testOverrideBigIntegerTypeAdapter
Processing com.google.gson.functional.DefaultTypeAdaptersTest#testOverrideBigDecimalTypeAdapter
Processing com.google.gson.functional.DefaultTypeAdaptersTest#testBitSetDeserialization
Processing com.google.gson.functional.DefaultTypeAdaptersTest#testDefaultDateDeserializationUsingBuilder
Processing com.google.gson.functional.DefaultTypeAdaptersTest#testDateDeserializationWithPattern
Processing com.google.gson.functional.DefaultTypeAdaptersTest#testDateSerializationInCollection
Processing com.google.gson.functional.DefaultTypeAdaptersTest#testTimestampSerialization
Processing com.google.gson.functional.DefaultTypeAdaptersTest#testSqlDateSerialization
Processing com.google.gson.functional.DelegateTypeAdapterTest#testDelegateInvoked
Processing com.google.gson.functional.DelegateTypeAdapterTest#testDelegateInvokedOnStrings
Processing com.google.gson.functional.EnumTest#testEnumSubclass
Processing com.google.gson.functional.EnumTest#testEnumSubclassWithRegisteredTypeAdapter
Processing com.google.gson.functional.EnumTest#testEnumSubclassAsParameterizedType
Processing com.google.gson.functional.EnumTest#testEnumCaseMapping
Processing com.google.gson.functional.EscapingTest#testEscapingQuotesInStringArray
Processing com.google.gson.functional.EscapingTest#testEscapingObjectFields
Processing com.google.gson.functional.EscapingTest#testGsonAcceptsEscapedAndNonEscapedJsonDeserialization
Processing com.google.gson.functional.EscapingTest#testGsonDoubleDeserialization
Processing com.google.gson.functional.MapAsArrayTypeAdapterTest#testSerializeComplexMapWithTypeAdapter
Processing com.google.gson.functional.MapAsArrayTypeAdapterTest#testMultipleEnableComplexKeyRegistrationHasNoEffect
Processing com.google.gson.functional.NamingPolicyTest#testComplexFieldNameStrategy
Processing com.google.gson.functional.ObjectTest#testSingletonLists
Processing com.google.gson.functional.ParameterizedTypesTest#testVariableTypeFieldsAndGenericArraysDeserialization
Processing com.google.gson.functional.ParameterizedTypesTest#testVariableTypeDeserialization
Processing com.google.gson.functional.ParameterizedTypesTest#testVariableTypeArrayDeserialization
Processing com.google.gson.functional.ParameterizedTypesTest#testParameterizedTypeWithVariableTypeDeserialization
Processing com.google.gson.functional.ParameterizedTypesTest#testParameterizedTypeGenericArraysDeserialization
Processing com.google.gson.functional.PrimitiveTest#testQuotedStringSerializationAndDeserialization
Processing com.google.gson.functional.ReadersWritersTest#testReadWriteTwoStrings
Processing com.google.gson.functional.ReadersWritersTest#testReadWriteTwoObjects
Processing com.google.gson.functional.StreamingTypeAdaptersTest#testNullSafe
Processing com.google.gson.functional.StringTest#testSingleQuoteInStringSerialization
Processing com.google.gson.functional.StringTest#testEscapingQuotesInStringSerialization
Processing com.google.gson.functional.TypeAdapterPrecedenceTest#testNonstreamingFollowedByNonstreaming
Processing com.google.gson.functional.TypeAdapterPrecedenceTest#testStreamingFollowedByStreaming
Processing com.google.gson.functional.TypeAdapterPrecedenceTest#testSerializeNonstreamingTypeAdapterFollowedByStreamingTypeAdapter
Processing com.google.gson.functional.TypeAdapterPrecedenceTest#testStreamingFollowedByNonstreaming
Processing com.google.gson.functional.TypeAdapterPrecedenceTest#testStreamingHierarchicalFollowedByNonstreaming
Processing com.google.gson.functional.TypeAdapterPrecedenceTest#testStreamingFollowedByNonstreamingHierarchical
Processing com.google.gson.functional.TypeAdapterPrecedenceTest#testStreamingHierarchicalFollowedByNonstreamingHierarchical
Processing com.google.gson.functional.TypeAdapterPrecedenceTest#testNonstreamingHierarchicalFollowedByNonstreaming
Processing com.google.gson.functional.TypeHierarchyAdapterTest#testTypeHierarchy
Processing com.google.gson.functional.TypeHierarchyAdapterTest#testRegisterSuperTypeFirst
Processing com.google.gson.functional.TypeVariableTest#testAdvancedTypeVariables
Processing com.google.gson.functional.TypeVariableTest#testTypeVariablesViaTypeParameter
Processing com.google.gson.functional.TypeVariableTest#testBasicTypeVariables
Processing com.google.gson.functional.UncategorizedTest#testGsonInstanceReusableForSerializationAndDeserialization
Processing com.google.gson.DefaultInetAddressTypeAdapterTest#testInetAddressSerializationAndDeserialization
Processing com.google.gson.GsonTypeAdapterTest#testTypeAdapterThrowsException
Processing com.google.gson.GsonTypeAdapterTest#testTypeAdapterProperlyConvertsTypes
Processing com.google.gson.GsonTypeAdapterTest#testTypeAdapterDoesNotAffectNonAdaptedTypes
Processing com.google.gson.JsonParserTest#testParseMixedArray
Processing com.google.gson.JsonParserTest#testReadWriteTwoObjects
Processing com.google.gson.OverrideCoreTypeAdaptersTest#testOverrideWrapperBooleanAdapter
Processing com.google.gson.OverrideCoreTypeAdaptersTest#testOverridePrimitiveBooleanAdapter
Processing com.google.gson.OverrideCoreTypeAdaptersTest#testOverrideStringAdapter
[INFO] Printing com.google.gson.functional.TypeHierarchyAdapterTest to /tmp/v1/gson/src/test/java//com/google/gson/functional/TypeHierarchyAdapterTest.java
[INFO] Printing com.google.gson.functional.ParameterizedTypesTest to /tmp/v1/gson/src/test/java//com/google/gson/functional/ParameterizedTypesTest.java
[INFO] Printing com.google.gson.functional.PrimitiveTest to /tmp/v1/gson/src/test/java//com/google/gson/functional/PrimitiveTest.java
[INFO] Printing com.google.gson.functional.ReadersWritersTest to /tmp/v1/gson/src/test/java//com/google/gson/functional/ReadersWritersTest.java
[INFO] Printing com.google.gson.OverrideCoreTypeAdaptersTest to /tmp/v1/gson/src/test/java//com/google/gson/OverrideCoreTypeAdaptersTest.java
[INFO] Printing com.google.gson.functional.CustomTypeAdaptersTest to /tmp/v1/gson/src/test/java//com/google/gson/functional/CustomTypeAdaptersTest.java
[INFO] Printing com.google.gson.JsonParserTest to /tmp/v1/gson/src/test/java//com/google/gson/JsonParserTest.java
[INFO] Printing com.google.gson.functional.CustomDeserializerTest to /tmp/v1/gson/src/test/java//com/google/gson/functional/CustomDeserializerTest.java
[INFO] Printing com.google.gson.functional.NamingPolicyTest to /tmp/v1/gson/src/test/java//com/google/gson/functional/NamingPolicyTest.java
[INFO] Printing com.google.gson.functional.StringTest to /tmp/v1/gson/src/test/java//com/google/gson/functional/StringTest.java
[INFO] Printing com.google.gson.functional.DefaultTypeAdaptersTest to /tmp/v1/gson/src/test/java//com/google/gson/functional/DefaultTypeAdaptersTest.java
[INFO] Printing com.google.gson.functional.DelegateTypeAdapterTest to /tmp/v1/gson/src/test/java//com/google/gson/functional/DelegateTypeAdapterTest.java
[INFO] Printing com.google.gson.DefaultInetAddressTypeAdapterTest to /tmp/v1/gson/src/test/java//com/google/gson/DefaultInetAddressTypeAdapterTest.java
[INFO] Printing com.google.gson.functional.StreamingTypeAdaptersTest to /tmp/v1/gson/src/test/java//com/google/gson/functional/StreamingTypeAdaptersTest.java
[INFO] Printing com.google.gson.GsonTypeAdapterTest to /tmp/v1/gson/src/test/java//com/google/gson/GsonTypeAdapterTest.java
[INFO] Printing com.google.gson.functional.TypeAdapterPrecedenceTest to /tmp/v1/gson/src/test/java//com/google/gson/functional/TypeAdapterPrecedenceTest.java
[INFO] Printing com.google.gson.functional.TypeVariableTest to /tmp/v1/gson/src/test/java//com/google/gson/functional/TypeVariableTest.java
[INFO] Printing com.google.gson.functional.EnumTest to /tmp/v1/gson/src/test/java//com/google/gson/functional/EnumTest.java
[INFO] Printing com.google.gson.functional.ObjectTest to /tmp/v1/gson/src/test/java//com/google/gson/functional/ObjectTest.java
[INFO] Printing com.google.gson.functional.EscapingTest to /tmp/v1/gson/src/test/java//com/google/gson/functional/EscapingTest.java
[INFO] Printing com.google.gson.functional.UncategorizedTest to /tmp/v1/gson/src/test/java//com/google/gson/functional/UncategorizedTest.java
[INFO] Printing com.google.gson.functional.CollectionTest to /tmp/v1/gson/src/test/java//com/google/gson/functional/CollectionTest.java
[INFO] Printing com.google.gson.functional.MapAsArrayTypeAdapterTest to /tmp/v1/gson/src/test/java//com/google/gson/functional/MapAsArrayTypeAdapterTest.java
[INFO] Injecting JUnit-Jjoules in /tmp/v1/gson/pom.xml
[INFO] Output new POM file in /tmp/v1/gson/pom.xml
[INFO] Instrument version after commit...
[INFO] Run on /tmp/v2/gson/
[INFO] Running in NOCLASSPATH mode (doc: http://spoon.gforge.inria.fr/launcher.html).
[INFO] fr.davidson.diff.jjoules.process.junit4.JJoulesProcessor
Processing com.google.gson.functional.CollectionTest#testWildcardCollectionField
Processing com.google.gson.functional.CollectionTest#testFieldIsArrayList
Processing com.google.gson.functional.CustomDeserializerTest#testDefaultConstructorNotCalledOnObject
Processing com.google.gson.functional.CustomDeserializerTest#testDefaultConstructorNotCalledOnField
Processing com.google.gson.functional.CustomTypeAdaptersTest#testRegisterHierarchyAdapterForDate
Processing com.google.gson.functional.DefaultTypeAdaptersTest#testNullSerialization
Processing com.google.gson.functional.DefaultTypeAdaptersTest#testOverrideBigIntegerTypeAdapter
Processing com.google.gson.functional.DefaultTypeAdaptersTest#testOverrideBigDecimalTypeAdapter
Processing com.google.gson.functional.DefaultTypeAdaptersTest#testBitSetDeserialization
Processing com.google.gson.functional.DefaultTypeAdaptersTest#testDefaultDateDeserializationUsingBuilder
Processing com.google.gson.functional.DefaultTypeAdaptersTest#testDateDeserializationWithPattern
Processing com.google.gson.functional.DefaultTypeAdaptersTest#testDateSerializationInCollection
Processing com.google.gson.functional.DefaultTypeAdaptersTest#testTimestampSerialization
Processing com.google.gson.functional.DefaultTypeAdaptersTest#testSqlDateSerialization
Processing com.google.gson.functional.DelegateTypeAdapterTest#testDelegateInvoked
Processing com.google.gson.functional.DelegateTypeAdapterTest#testDelegateInvokedOnStrings
Processing com.google.gson.functional.EnumTest#testEnumSubclass
Processing com.google.gson.functional.EnumTest#testEnumSubclassWithRegisteredTypeAdapter
Processing com.google.gson.functional.EnumTest#testEnumSubclassAsParameterizedType
Processing com.google.gson.functional.EnumTest#testEnumCaseMapping
Processing com.google.gson.functional.EscapingTest#testEscapingQuotesInStringArray
Processing com.google.gson.functional.EscapingTest#testEscapingObjectFields
Processing com.google.gson.functional.EscapingTest#testGsonAcceptsEscapedAndNonEscapedJsonDeserialization
Processing com.google.gson.functional.EscapingTest#testGsonDoubleDeserialization
Processing com.google.gson.functional.MapAsArrayTypeAdapterTest#testSerializeComplexMapWithTypeAdapter
Processing com.google.gson.functional.MapAsArrayTypeAdapterTest#testMultipleEnableComplexKeyRegistrationHasNoEffect
Processing com.google.gson.functional.NamingPolicyTest#testComplexFieldNameStrategy
Processing com.google.gson.functional.ObjectTest#testSingletonLists
Processing com.google.gson.functional.ParameterizedTypesTest#testVariableTypeFieldsAndGenericArraysDeserialization
Processing com.google.gson.functional.ParameterizedTypesTest#testVariableTypeDeserialization
Processing com.google.gson.functional.ParameterizedTypesTest#testVariableTypeArrayDeserialization
Processing com.google.gson.functional.ParameterizedTypesTest#testParameterizedTypeWithVariableTypeDeserialization
Processing com.google.gson.functional.ParameterizedTypesTest#testParameterizedTypeGenericArraysDeserialization
Processing com.google.gson.functional.PrimitiveTest#testQuotedStringSerializationAndDeserialization
Processing com.google.gson.functional.ReadersWritersTest#testReadWriteTwoStrings
Processing com.google.gson.functional.ReadersWritersTest#testReadWriteTwoObjects
Processing com.google.gson.functional.StreamingTypeAdaptersTest#testNullSafe
Processing com.google.gson.functional.StringTest#testSingleQuoteInStringSerialization
Processing com.google.gson.functional.StringTest#testEscapingQuotesInStringSerialization
Processing com.google.gson.functional.TypeAdapterPrecedenceTest#testNonstreamingFollowedByNonstreaming
Processing com.google.gson.functional.TypeAdapterPrecedenceTest#testStreamingFollowedByStreaming
Processing com.google.gson.functional.TypeAdapterPrecedenceTest#testSerializeNonstreamingTypeAdapterFollowedByStreamingTypeAdapter
Processing com.google.gson.functional.TypeAdapterPrecedenceTest#testStreamingFollowedByNonstreaming
Processing com.google.gson.functional.TypeAdapterPrecedenceTest#testStreamingHierarchicalFollowedByNonstreaming
Processing com.google.gson.functional.TypeAdapterPrecedenceTest#testStreamingFollowedByNonstreamingHierarchical
Processing com.google.gson.functional.TypeAdapterPrecedenceTest#testStreamingHierarchicalFollowedByNonstreamingHierarchical
Processing com.google.gson.functional.TypeAdapterPrecedenceTest#testNonstreamingHierarchicalFollowedByNonstreaming
Processing com.google.gson.functional.TypeHierarchyAdapterTest#testTypeHierarchy
Processing com.google.gson.functional.TypeHierarchyAdapterTest#testRegisterSuperTypeFirst
Processing com.google.gson.functional.TypeVariableTest#testAdvancedTypeVariables
Processing com.google.gson.functional.TypeVariableTest#testTypeVariablesViaTypeParameter
Processing com.google.gson.functional.TypeVariableTest#testBasicTypeVariables
Processing com.google.gson.functional.UncategorizedTest#testGsonInstanceReusableForSerializationAndDeserialization
Processing com.google.gson.DefaultInetAddressTypeAdapterTest#testInetAddressSerializationAndDeserialization
Processing com.google.gson.GsonTypeAdapterTest#testTypeAdapterThrowsException
Processing com.google.gson.GsonTypeAdapterTest#testTypeAdapterProperlyConvertsTypes
Processing com.google.gson.GsonTypeAdapterTest#testTypeAdapterDoesNotAffectNonAdaptedTypes
Processing com.google.gson.JsonParserTest#testParseMixedArray
Processing com.google.gson.JsonParserTest#testReadWriteTwoObjects
Processing com.google.gson.OverrideCoreTypeAdaptersTest#testOverrideWrapperBooleanAdapter
Processing com.google.gson.OverrideCoreTypeAdaptersTest#testOverridePrimitiveBooleanAdapter
Processing com.google.gson.OverrideCoreTypeAdaptersTest#testOverrideStringAdapter
[INFO] Printing com.google.gson.functional.PrimitiveTest to /tmp/v2/gson//src/test/java//com/google/gson/functional/PrimitiveTest.java
[INFO] Printing com.google.gson.functional.ReadersWritersTest to /tmp/v2/gson//src/test/java//com/google/gson/functional/ReadersWritersTest.java
[INFO] Printing com.google.gson.functional.ReadersWritersTest to /tmp/v2/gson//src/test/java//com/google/gson/functional/ReadersWritersTest.java
[INFO] Printing com.google.gson.OverrideCoreTypeAdaptersTest to /tmp/v2/gson//src/test/java//com/google/gson/OverrideCoreTypeAdaptersTest.java
[INFO] Printing com.google.gson.OverrideCoreTypeAdaptersTest to /tmp/v2/gson//src/test/java//com/google/gson/OverrideCoreTypeAdaptersTest.java
[INFO] Printing com.google.gson.functional.CustomTypeAdaptersTest to /tmp/v2/gson//src/test/java//com/google/gson/functional/CustomTypeAdaptersTest.java
[INFO] Printing com.google.gson.functional.CustomDeserializerTest to /tmp/v2/gson//src/test/java//com/google/gson/functional/CustomDeserializerTest.java
[INFO] Printing com.google.gson.functional.CustomDeserializerTest to /tmp/v2/gson//src/test/java//com/google/gson/functional/CustomDeserializerTest.java
[INFO] Printing com.google.gson.functional.NamingPolicyTest to /tmp/v2/gson//src/test/java//com/google/gson/functional/NamingPolicyTest.java
[INFO] Printing com.google.gson.functional.StreamingTypeAdaptersTest to /tmp/v2/gson//src/test/java//com/google/gson/functional/StreamingTypeAdaptersTest.java
[INFO] Printing com.google.gson.GsonTypeAdapterTest to /tmp/v2/gson//src/test/java//com/google/gson/GsonTypeAdapterTest.java
[INFO] Printing com.google.gson.GsonTypeAdapterTest to /tmp/v2/gson//src/test/java//com/google/gson/GsonTypeAdapterTest.java
[INFO] Printing com.google.gson.functional.UncategorizedTest to /tmp/v2/gson//src/test/java//com/google/gson/functional/UncategorizedTest.java
[INFO] Printing com.google.gson.functional.TypeHierarchyAdapterTest to /tmp/v2/gson//src/test/java//com/google/gson/functional/TypeHierarchyAdapterTest.java
[INFO] Printing com.google.gson.functional.TypeHierarchyAdapterTest to /tmp/v2/gson//src/test/java//com/google/gson/functional/TypeHierarchyAdapterTest.java
[INFO] Printing com.google.gson.functional.ParameterizedTypesTest to /tmp/v2/gson//src/test/java//com/google/gson/functional/ParameterizedTypesTest.java
[INFO] Printing com.google.gson.functional.ParameterizedTypesTest to /tmp/v2/gson//src/test/java//com/google/gson/functional/ParameterizedTypesTest.java
[INFO] Printing com.google.gson.JsonParserTest to /tmp/v2/gson//src/test/java//com/google/gson/JsonParserTest.java
[INFO] Printing com.google.gson.JsonParserTest to /tmp/v2/gson//src/test/java//com/google/gson/JsonParserTest.java
[INFO] Printing com.google.gson.functional.StringTest to /tmp/v2/gson//src/test/java//com/google/gson/functional/StringTest.java
[INFO] Printing com.google.gson.functional.StringTest to /tmp/v2/gson//src/test/java//com/google/gson/functional/StringTest.java
[INFO] Printing com.google.gson.functional.DefaultTypeAdaptersTest to /tmp/v2/gson//src/test/java//com/google/gson/functional/DefaultTypeAdaptersTest.java
[INFO] Printing com.google.gson.functional.DefaultTypeAdaptersTest to /tmp/v2/gson//src/test/java//com/google/gson/functional/DefaultTypeAdaptersTest.java
[INFO] Printing com.google.gson.functional.DelegateTypeAdapterTest to /tmp/v2/gson//src/test/java//com/google/gson/functional/DelegateTypeAdapterTest.java
[INFO] Printing com.google.gson.functional.DelegateTypeAdapterTest to /tmp/v2/gson//src/test/java//com/google/gson/functional/DelegateTypeAdapterTest.java
[INFO] Printing com.google.gson.DefaultInetAddressTypeAdapterTest to /tmp/v2/gson//src/test/java//com/google/gson/DefaultInetAddressTypeAdapterTest.java
[INFO] Printing com.google.gson.functional.TypeAdapterPrecedenceTest to /tmp/v2/gson//src/test/java//com/google/gson/functional/TypeAdapterPrecedenceTest.java
[INFO] Printing com.google.gson.functional.TypeVariableTest to /tmp/v2/gson//src/test/java//com/google/gson/functional/TypeVariableTest.java
[INFO] Printing com.google.gson.functional.TypeAdapterPrecedenceTest to /tmp/v2/gson//src/test/java//com/google/gson/functional/TypeAdapterPrecedenceTest.java
[INFO] Printing com.google.gson.functional.TypeVariableTest to /tmp/v2/gson//src/test/java//com/google/gson/functional/TypeVariableTest.java
[INFO] Printing com.google.gson.functional.EnumTest to /tmp/v2/gson//src/test/java//com/google/gson/functional/EnumTest.java
[INFO] Printing com.google.gson.functional.EnumTest to /tmp/v2/gson//src/test/java//com/google/gson/functional/EnumTest.java
[INFO] Printing com.google.gson.functional.ObjectTest to /tmp/v2/gson//src/test/java//com/google/gson/functional/ObjectTest.java
[INFO] Printing com.google.gson.functional.EscapingTest to /tmp/v2/gson//src/test/java//com/google/gson/functional/EscapingTest.java
[INFO] Printing com.google.gson.functional.EscapingTest to /tmp/v2/gson//src/test/java//com/google/gson/functional/EscapingTest.java
[INFO] Printing com.google.gson.functional.CollectionTest to /tmp/v2/gson//src/test/java//com/google/gson/functional/CollectionTest.java
[INFO] Printing com.google.gson.functional.CollectionTest to /tmp/v2/gson//src/test/java//com/google/gson/functional/CollectionTest.java
[INFO] Printing com.google.gson.functional.MapAsArrayTypeAdapterTest to /tmp/v2/gson//src/test/java//com/google/gson/functional/MapAsArrayTypeAdapterTest.java
[INFO] Printing com.google.gson.functional.MapAsArrayTypeAdapterTest to /tmp/v2/gson//src/test/java//com/google/gson/functional/MapAsArrayTypeAdapterTest.java
[INFO] Injecting JUnit-Jjoules in /tmp/v2/gson//pom.xml
[INFO] Output new POM file in /tmp/v2/gson//pom.xml
[INFO] ------------------------------------------------------------------------
[INFO] BUILD SUCCESS
[INFO] ------------------------------------------------------------------------
[INFO] Total time:  12.628 s
[INFO] Finished at: 2021-01-05T13:18:39+01:00
[INFO] ------------------------------------------------------------------------
