[INFO] Scanning for projects...
[INFO] 
[INFO] -----------------------< commons-io:commons-io >------------------------
[INFO] Building Commons IO 2.5-SNAPSHOT
[INFO] --------------------------------[ jar ]---------------------------------
[INFO] 
[INFO] --- maven-clean-plugin:2.5:clean (default-clean) @ commons-io ---
[INFO] Deleting /tmp/v1/target
[INFO] 
[INFO] --- maven-antrun-plugin:1.7:run (javadoc.resources) @ commons-io ---
[INFO] Executing tasks

main:
     [copy] Copying 2 files to /tmp/v1/target/apidocs/META-INF
[INFO] Executed tasks
[INFO] 
[INFO] --- maven-remote-resources-plugin:1.4:process (default) @ commons-io ---
[INFO] 
[INFO] --- buildnumber-maven-plugin:1.2:create (default) @ commons-io ---
[INFO] Checking for local modifications: skipped.
[INFO] Updating project files from SCM: skipped.
[INFO] Executing: /bin/sh -c cd /tmp/v1 && svn --non-interactive info
[INFO] Working directory: /tmp/v1
[INFO] Storing buildNumber: ?????? at timestamp: 1610554859755
[INFO] Executing: /bin/sh -c cd /tmp/v1 && svn --non-interactive info
[INFO] Working directory: /tmp/v1
[INFO] Storing buildScmBranch: UNKNOWN_BRANCH
[INFO] 
[INFO] --- maven-resources-plugin:2.6:resources (default-resources) @ commons-io ---
[INFO] Using 'iso-8859-1' encoding to copy filtered resources.
[INFO] skip non existing resourceDirectory /tmp/v1/src/main/resources
[INFO] Copying 2 resources to META-INF
[INFO] 
[INFO] --- maven-compiler-plugin:3.0:compile (default-compile) @ commons-io ---
[INFO] Changes detected - recompiling the module!
[INFO] Compiling 103 source files to /tmp/v1/target/classes
[WARNING] /tmp/v1/src/main/java/org/apache/commons/io/input/ClassLoaderObjectInputStream.java: Some input files use or override a deprecated API.
[WARNING] /tmp/v1/src/main/java/org/apache/commons/io/input/ClassLoaderObjectInputStream.java: Recompile with -Xlint:deprecation for details.
[INFO] 
[INFO] --- maven-bundle-plugin:2.3.7:manifest (bundle-manifest) @ commons-io ---
[INFO] 
[INFO] --- maven-resources-plugin:2.6:testResources (default-testResources) @ commons-io ---
[INFO] Using 'iso-8859-1' encoding to copy filtered resources.
[INFO] Copying 15 resources
[INFO] Copying 2 resources to META-INF
[INFO] 
[INFO] --- maven-compiler-plugin:3.0:testCompile (default-testCompile) @ commons-io ---
[INFO] Changes detected - recompiling the module!
[INFO] Compiling 95 source files to /tmp/v1/target/test-classes
[INFO] 
[INFO] --- maven-surefire-plugin:2.13:test (default-test) @ commons-io ---
[INFO] Tests are skipped.
[INFO] 
[INFO] --- maven-dependency-plugin:2.8:build-classpath (default-cli) @ commons-io ---
[INFO] Skipped writing classpath file '/tmp/v1/classpath'.  No changes found.
[INFO] 
[INFO] --- diff-jjoules:0.0.1-SNAPSHOT:instrument (default-cli) @ commons-io ---
[INFO] Running on:
[INFO] /tmp/v1
[INFO] /tmp/v2/
[INFO] Enable JUnit4 mode
[INFO] Configuration{pathToFirstVersion='/tmp/v1', pathToSecondVersion='/tmp/v2/', pathToTestListAsCSV='/tmp/v1/testsThatExecuteTheChange.csv', classpath=[/home/spino/.m2/repository/junit/junit/4.11/junit-4.11.jar, /home/spino/.m2/repository/org/hamcrest/hamcrest-core/1.3/hamcrest-core-1.3.jar], junit4=true}
[INFO] org.apache.commons.io.input.ReversedLinesFileReaderTestSimple:[testUnsupportedEncodingBig5, testUnsupportedEncodingUTF16]
org.apache.commons.io.input.ReversedLinesFileReaderTestParamBlockSize:[testUTF8FileWindowsBreaksSmallBlockSize2VerifyBlockSpanningNewLines, testUTF16LEFile, testUnsupportedEncodingBig5, testEmptyFile, testUTF16BEFile, testUTF8FileWindowsBreaks, testUTF8FileCRBreaks, testShiftJISFile, testUTF8File, testUnsupportedEncodingUTF16]
org.apache.commons.io.FileUtilsTestCase:[testDecodeUrlEncodingUtf8, testToFileUtf8, testDecodeUrlLenient, testToFile2, testToFile4, testToFile5, testDecodeUrl]
org.apache.commons.io.input.ReversedLinesFileReaderTestParamFile:[testDataIntegrityWithBufferedReader]
[INFO] Instrument version before commit...
[INFO] Run on /tmp/v1
[INFO] Running in NOCLASSPATH mode (doc: http://spoon.gforge.inria.fr/launcher.html).
[INFO] fr.davidson.diff.jjoules.process.junit4.JJoulesProcessor
Processing org.apache.commons.io.input.ReversedLinesFileReaderTestParamBlockSize#testUTF8FileWindowsBreaks
Processing org.apache.commons.io.input.ReversedLinesFileReaderTestParamBlockSize#testUTF8FileCRBreaks
Processing org.apache.commons.io.input.ReversedLinesFileReaderTestParamBlockSize#testUTF8File
Processing org.apache.commons.io.input.ReversedLinesFileReaderTestParamBlockSize#testEmptyFile
Processing org.apache.commons.io.input.ReversedLinesFileReaderTestParamBlockSize#testUTF16BEFile
Processing org.apache.commons.io.input.ReversedLinesFileReaderTestParamBlockSize#testUTF16LEFile
Processing org.apache.commons.io.input.ReversedLinesFileReaderTestParamBlockSize#testShiftJISFile
Processing org.apache.commons.io.input.ReversedLinesFileReaderTestParamBlockSize#testUTF8FileWindowsBreaksSmallBlockSize2VerifyBlockSpanningNewLines
Processing org.apache.commons.io.input.ReversedLinesFileReaderTestParamBlockSize#testUnsupportedEncodingUTF16
Processing org.apache.commons.io.input.ReversedLinesFileReaderTestParamBlockSize#testUnsupportedEncodingBig5
Processing org.apache.commons.io.input.ReversedLinesFileReaderTestParamFile#testDataIntegrityWithBufferedReader
Processing org.apache.commons.io.input.ReversedLinesFileReaderTestSimple#testUnsupportedEncodingUTF16
Processing org.apache.commons.io.input.ReversedLinesFileReaderTestSimple#testUnsupportedEncodingBig5
Processing org.apache.commons.io.FileUtilsTestCase#testToFile2
Processing org.apache.commons.io.FileUtilsTestCase#testToFile4
Processing org.apache.commons.io.FileUtilsTestCase#testToFile5
Processing org.apache.commons.io.FileUtilsTestCase#testToFileUtf8
Processing org.apache.commons.io.FileUtilsTestCase#testDecodeUrl
Processing org.apache.commons.io.FileUtilsTestCase#testDecodeUrlLenient
Processing org.apache.commons.io.FileUtilsTestCase#testDecodeUrlEncodingUtf8
[INFO] Printing org.apache.commons.io.input.ReversedLinesFileReaderTestParamFile to /tmp/v1/src/test/java//org/apache/commons/io/input/ReversedLinesFileReaderTestParamFile.java
[INFO] Printing org.apache.commons.io.input.ReversedLinesFileReaderTestParamBlockSize to /tmp/v1/src/test/java//org/apache/commons/io/input/ReversedLinesFileReaderTestParamBlockSize.java
[INFO] Printing org.apache.commons.io.input.ReversedLinesFileReaderTestSimple to /tmp/v1/src/test/java//org/apache/commons/io/input/ReversedLinesFileReaderTestSimple.java
[INFO] Printing org.apache.commons.io.FileUtilsTestCase to /tmp/v1/src/test/java//org/apache/commons/io/FileUtilsTestCase.java
[INFO] Injecting JUnit-Jjoules in /tmp/v1/pom.xml
[INFO] Output new POM file in /tmp/v1/pom.xml
[INFO] Instrument version after commit...
[INFO] Run on /tmp/v2/
[INFO] Running in NOCLASSPATH mode (doc: http://spoon.gforge.inria.fr/launcher.html).
[INFO] fr.davidson.diff.jjoules.process.junit4.JJoulesProcessor
Processing org.apache.commons.io.input.ReversedLinesFileReaderTestParamBlockSize#testUTF8FileWindowsBreaks
Processing org.apache.commons.io.input.ReversedLinesFileReaderTestParamBlockSize#testUTF8FileCRBreaks
Processing org.apache.commons.io.input.ReversedLinesFileReaderTestParamBlockSize#testUTF8File
Processing org.apache.commons.io.input.ReversedLinesFileReaderTestParamBlockSize#testEmptyFile
Processing org.apache.commons.io.input.ReversedLinesFileReaderTestParamBlockSize#testUTF16BEFile
Processing org.apache.commons.io.input.ReversedLinesFileReaderTestParamBlockSize#testUTF16LEFile
Processing org.apache.commons.io.input.ReversedLinesFileReaderTestParamBlockSize#testShiftJISFile
Processing org.apache.commons.io.input.ReversedLinesFileReaderTestParamBlockSize#testUTF8FileWindowsBreaksSmallBlockSize2VerifyBlockSpanningNewLines
Processing org.apache.commons.io.input.ReversedLinesFileReaderTestParamBlockSize#testUnsupportedEncodingUTF16
Processing org.apache.commons.io.input.ReversedLinesFileReaderTestParamBlockSize#testUnsupportedEncodingBig5
Processing org.apache.commons.io.input.ReversedLinesFileReaderTestParamFile#testDataIntegrityWithBufferedReader
Processing org.apache.commons.io.input.ReversedLinesFileReaderTestSimple#testUnsupportedEncodingUTF16
Processing org.apache.commons.io.input.ReversedLinesFileReaderTestSimple#testUnsupportedEncodingBig5
Processing org.apache.commons.io.FileUtilsTestCase#testToFile2
Processing org.apache.commons.io.FileUtilsTestCase#testToFile4
Processing org.apache.commons.io.FileUtilsTestCase#testToFile5
Processing org.apache.commons.io.FileUtilsTestCase#testToFileUtf8
Processing org.apache.commons.io.FileUtilsTestCase#testDecodeUrl
Processing org.apache.commons.io.FileUtilsTestCase#testDecodeUrlLenient
Processing org.apache.commons.io.FileUtilsTestCase#testDecodeUrlEncodingUtf8
[INFO] Printing org.apache.commons.io.input.ReversedLinesFileReaderTestParamFile to /tmp/v2//src/test/java//org/apache/commons/io/input/ReversedLinesFileReaderTestParamFile.java
[INFO] Printing org.apache.commons.io.input.ReversedLinesFileReaderTestParamBlockSize to /tmp/v2//src/test/java//org/apache/commons/io/input/ReversedLinesFileReaderTestParamBlockSize.java
[INFO] Printing org.apache.commons.io.input.ReversedLinesFileReaderTestParamBlockSize to /tmp/v2//src/test/java//org/apache/commons/io/input/ReversedLinesFileReaderTestParamBlockSize.java
[INFO] Printing org.apache.commons.io.input.ReversedLinesFileReaderTestSimple to /tmp/v2//src/test/java//org/apache/commons/io/input/ReversedLinesFileReaderTestSimple.java
[INFO] Printing org.apache.commons.io.input.ReversedLinesFileReaderTestSimple to /tmp/v2//src/test/java//org/apache/commons/io/input/ReversedLinesFileReaderTestSimple.java
[INFO] Printing org.apache.commons.io.FileUtilsTestCase to /tmp/v2//src/test/java//org/apache/commons/io/FileUtilsTestCase.java
[INFO] Printing org.apache.commons.io.FileUtilsTestCase to /tmp/v2//src/test/java//org/apache/commons/io/FileUtilsTestCase.java
[INFO] Injecting JUnit-Jjoules in /tmp/v2//pom.xml
[INFO] Output new POM file in /tmp/v2//pom.xml
[INFO] ------------------------------------------------------------------------
[INFO] BUILD SUCCESS
[INFO] ------------------------------------------------------------------------
[INFO] Total time:  12.925 s
[INFO] Finished at: 2021-01-13T17:21:11+01:00
[INFO] ------------------------------------------------------------------------
